[2024-02-26T15:48:36.381+0000] {processor.py:161} INFO - Started process (PID=381) to work on /home/airflow/.local/lib/python3.11/site-packages/airflow/example_dags/plugins/event_listener.py
[2024-02-26T15:48:36.383+0000] {processor.py:830} INFO - Processing file /home/airflow/.local/lib/python3.11/site-packages/airflow/example_dags/plugins/event_listener.py for tasks to queue
[2024-02-26T15:48:36.385+0000] {logging_mixin.py:188} INFO - [2024-02-26T15:48:36.384+0000] {dagbag.py:540} INFO - Filling up the DagBag from /home/airflow/.local/lib/python3.11/site-packages/airflow/example_dags/plugins/event_listener.py
[2024-02-26T15:48:36.389+0000] {processor.py:842} WARNING - No viable dags retrieved from /home/airflow/.local/lib/python3.11/site-packages/airflow/example_dags/plugins/event_listener.py
[2024-02-26T15:48:36.408+0000] {processor.py:183} INFO - Processing /home/airflow/.local/lib/python3.11/site-packages/airflow/example_dags/plugins/event_listener.py took 0.030 seconds
[2024-02-26T15:49:07.411+0000] {processor.py:161} INFO - Started process (PID=626) to work on /home/airflow/.local/lib/python3.11/site-packages/airflow/example_dags/plugins/event_listener.py
[2024-02-26T15:49:07.413+0000] {processor.py:830} INFO - Processing file /home/airflow/.local/lib/python3.11/site-packages/airflow/example_dags/plugins/event_listener.py for tasks to queue
[2024-02-26T15:49:07.415+0000] {logging_mixin.py:188} INFO - [2024-02-26T15:49:07.414+0000] {dagbag.py:540} INFO - Filling up the DagBag from /home/airflow/.local/lib/python3.11/site-packages/airflow/example_dags/plugins/event_listener.py
[2024-02-26T15:49:07.417+0000] {processor.py:842} WARNING - No viable dags retrieved from /home/airflow/.local/lib/python3.11/site-packages/airflow/example_dags/plugins/event_listener.py
[2024-02-26T15:49:07.435+0000] {processor.py:183} INFO - Processing /home/airflow/.local/lib/python3.11/site-packages/airflow/example_dags/plugins/event_listener.py took 0.028 seconds
[2024-02-26T15:49:38.080+0000] {processor.py:161} INFO - Started process (PID=875) to work on /home/airflow/.local/lib/python3.11/site-packages/airflow/example_dags/plugins/event_listener.py
[2024-02-26T15:49:38.082+0000] {processor.py:830} INFO - Processing file /home/airflow/.local/lib/python3.11/site-packages/airflow/example_dags/plugins/event_listener.py for tasks to queue
[2024-02-26T15:49:38.083+0000] {logging_mixin.py:188} INFO - [2024-02-26T15:49:38.083+0000] {dagbag.py:540} INFO - Filling up the DagBag from /home/airflow/.local/lib/python3.11/site-packages/airflow/example_dags/plugins/event_listener.py
[2024-02-26T15:49:38.087+0000] {processor.py:842} WARNING - No viable dags retrieved from /home/airflow/.local/lib/python3.11/site-packages/airflow/example_dags/plugins/event_listener.py
[2024-02-26T15:49:38.102+0000] {processor.py:183} INFO - Processing /home/airflow/.local/lib/python3.11/site-packages/airflow/example_dags/plugins/event_listener.py took 0.024 seconds
[2024-02-26T15:50:08.911+0000] {processor.py:161} INFO - Started process (PID=1123) to work on /home/airflow/.local/lib/python3.11/site-packages/airflow/example_dags/plugins/event_listener.py
[2024-02-26T15:50:08.914+0000] {processor.py:830} INFO - Processing file /home/airflow/.local/lib/python3.11/site-packages/airflow/example_dags/plugins/event_listener.py for tasks to queue
[2024-02-26T15:50:08.916+0000] {logging_mixin.py:188} INFO - [2024-02-26T15:50:08.916+0000] {dagbag.py:540} INFO - Filling up the DagBag from /home/airflow/.local/lib/python3.11/site-packages/airflow/example_dags/plugins/event_listener.py
[2024-02-26T15:50:08.919+0000] {processor.py:842} WARNING - No viable dags retrieved from /home/airflow/.local/lib/python3.11/site-packages/airflow/example_dags/plugins/event_listener.py
[2024-02-26T15:50:08.934+0000] {processor.py:183} INFO - Processing /home/airflow/.local/lib/python3.11/site-packages/airflow/example_dags/plugins/event_listener.py took 0.027 seconds
[2024-02-26T15:50:39.106+0000] {processor.py:161} INFO - Started process (PID=1367) to work on /home/airflow/.local/lib/python3.11/site-packages/airflow/example_dags/plugins/event_listener.py
[2024-02-26T15:50:39.109+0000] {processor.py:830} INFO - Processing file /home/airflow/.local/lib/python3.11/site-packages/airflow/example_dags/plugins/event_listener.py for tasks to queue
[2024-02-26T15:50:39.111+0000] {logging_mixin.py:188} INFO - [2024-02-26T15:50:39.110+0000] {dagbag.py:540} INFO - Filling up the DagBag from /home/airflow/.local/lib/python3.11/site-packages/airflow/example_dags/plugins/event_listener.py
[2024-02-26T15:50:39.114+0000] {processor.py:842} WARNING - No viable dags retrieved from /home/airflow/.local/lib/python3.11/site-packages/airflow/example_dags/plugins/event_listener.py
[2024-02-26T15:50:39.127+0000] {processor.py:183} INFO - Processing /home/airflow/.local/lib/python3.11/site-packages/airflow/example_dags/plugins/event_listener.py took 0.024 seconds
[2024-02-26T15:51:09.859+0000] {processor.py:161} INFO - Started process (PID=1614) to work on /home/airflow/.local/lib/python3.11/site-packages/airflow/example_dags/plugins/event_listener.py
[2024-02-26T15:51:09.862+0000] {processor.py:830} INFO - Processing file /home/airflow/.local/lib/python3.11/site-packages/airflow/example_dags/plugins/event_listener.py for tasks to queue
[2024-02-26T15:51:09.863+0000] {logging_mixin.py:188} INFO - [2024-02-26T15:51:09.863+0000] {dagbag.py:540} INFO - Filling up the DagBag from /home/airflow/.local/lib/python3.11/site-packages/airflow/example_dags/plugins/event_listener.py
[2024-02-26T15:51:09.866+0000] {processor.py:842} WARNING - No viable dags retrieved from /home/airflow/.local/lib/python3.11/site-packages/airflow/example_dags/plugins/event_listener.py
[2024-02-26T15:51:09.881+0000] {processor.py:183} INFO - Processing /home/airflow/.local/lib/python3.11/site-packages/airflow/example_dags/plugins/event_listener.py took 0.026 seconds
[2024-02-26T15:51:40.730+0000] {processor.py:161} INFO - Started process (PID=1861) to work on /home/airflow/.local/lib/python3.11/site-packages/airflow/example_dags/plugins/event_listener.py
[2024-02-26T15:51:40.732+0000] {processor.py:830} INFO - Processing file /home/airflow/.local/lib/python3.11/site-packages/airflow/example_dags/plugins/event_listener.py for tasks to queue
[2024-02-26T15:51:40.734+0000] {logging_mixin.py:188} INFO - [2024-02-26T15:51:40.733+0000] {dagbag.py:540} INFO - Filling up the DagBag from /home/airflow/.local/lib/python3.11/site-packages/airflow/example_dags/plugins/event_listener.py
[2024-02-26T15:51:40.736+0000] {processor.py:842} WARNING - No viable dags retrieved from /home/airflow/.local/lib/python3.11/site-packages/airflow/example_dags/plugins/event_listener.py
[2024-02-26T15:51:40.750+0000] {processor.py:183} INFO - Processing /home/airflow/.local/lib/python3.11/site-packages/airflow/example_dags/plugins/event_listener.py took 0.023 seconds
[2024-02-26T15:52:12.042+0000] {processor.py:161} INFO - Started process (PID=2161) to work on /home/airflow/.local/lib/python3.11/site-packages/airflow/example_dags/plugins/event_listener.py
[2024-02-26T15:52:12.046+0000] {processor.py:830} INFO - Processing file /home/airflow/.local/lib/python3.11/site-packages/airflow/example_dags/plugins/event_listener.py for tasks to queue
[2024-02-26T15:52:12.048+0000] {logging_mixin.py:188} INFO - [2024-02-26T15:52:12.047+0000] {dagbag.py:540} INFO - Filling up the DagBag from /home/airflow/.local/lib/python3.11/site-packages/airflow/example_dags/plugins/event_listener.py
[2024-02-26T15:52:12.051+0000] {processor.py:842} WARNING - No viable dags retrieved from /home/airflow/.local/lib/python3.11/site-packages/airflow/example_dags/plugins/event_listener.py
[2024-02-26T15:52:12.074+0000] {processor.py:183} INFO - Processing /home/airflow/.local/lib/python3.11/site-packages/airflow/example_dags/plugins/event_listener.py took 0.037 seconds
[2024-02-26T15:52:43.097+0000] {processor.py:161} INFO - Started process (PID=2429) to work on /home/airflow/.local/lib/python3.11/site-packages/airflow/example_dags/plugins/event_listener.py
[2024-02-26T15:52:43.098+0000] {processor.py:830} INFO - Processing file /home/airflow/.local/lib/python3.11/site-packages/airflow/example_dags/plugins/event_listener.py for tasks to queue
[2024-02-26T15:52:43.101+0000] {logging_mixin.py:188} INFO - [2024-02-26T15:52:43.101+0000] {dagbag.py:540} INFO - Filling up the DagBag from /home/airflow/.local/lib/python3.11/site-packages/airflow/example_dags/plugins/event_listener.py
[2024-02-26T15:52:43.103+0000] {processor.py:842} WARNING - No viable dags retrieved from /home/airflow/.local/lib/python3.11/site-packages/airflow/example_dags/plugins/event_listener.py
[2024-02-26T15:52:43.118+0000] {processor.py:183} INFO - Processing /home/airflow/.local/lib/python3.11/site-packages/airflow/example_dags/plugins/event_listener.py took 0.025 seconds
[2024-02-26T15:53:13.871+0000] {processor.py:161} INFO - Started process (PID=2676) to work on /home/airflow/.local/lib/python3.11/site-packages/airflow/example_dags/plugins/event_listener.py
[2024-02-26T15:53:13.873+0000] {processor.py:830} INFO - Processing file /home/airflow/.local/lib/python3.11/site-packages/airflow/example_dags/plugins/event_listener.py for tasks to queue
[2024-02-26T15:53:13.875+0000] {logging_mixin.py:188} INFO - [2024-02-26T15:53:13.874+0000] {dagbag.py:540} INFO - Filling up the DagBag from /home/airflow/.local/lib/python3.11/site-packages/airflow/example_dags/plugins/event_listener.py
[2024-02-26T15:53:13.877+0000] {processor.py:842} WARNING - No viable dags retrieved from /home/airflow/.local/lib/python3.11/site-packages/airflow/example_dags/plugins/event_listener.py
[2024-02-26T15:53:13.891+0000] {processor.py:183} INFO - Processing /home/airflow/.local/lib/python3.11/site-packages/airflow/example_dags/plugins/event_listener.py took 0.024 seconds
[2024-02-26T15:53:44.675+0000] {processor.py:161} INFO - Started process (PID=2923) to work on /home/airflow/.local/lib/python3.11/site-packages/airflow/example_dags/plugins/event_listener.py
[2024-02-26T15:53:44.676+0000] {processor.py:830} INFO - Processing file /home/airflow/.local/lib/python3.11/site-packages/airflow/example_dags/plugins/event_listener.py for tasks to queue
[2024-02-26T15:53:44.678+0000] {logging_mixin.py:188} INFO - [2024-02-26T15:53:44.678+0000] {dagbag.py:540} INFO - Filling up the DagBag from /home/airflow/.local/lib/python3.11/site-packages/airflow/example_dags/plugins/event_listener.py
[2024-02-26T15:53:44.681+0000] {processor.py:842} WARNING - No viable dags retrieved from /home/airflow/.local/lib/python3.11/site-packages/airflow/example_dags/plugins/event_listener.py
[2024-02-26T15:53:44.696+0000] {processor.py:183} INFO - Processing /home/airflow/.local/lib/python3.11/site-packages/airflow/example_dags/plugins/event_listener.py took 0.024 seconds
[2024-02-26T15:54:15.472+0000] {processor.py:161} INFO - Started process (PID=3170) to work on /home/airflow/.local/lib/python3.11/site-packages/airflow/example_dags/plugins/event_listener.py
[2024-02-26T15:54:15.474+0000] {processor.py:830} INFO - Processing file /home/airflow/.local/lib/python3.11/site-packages/airflow/example_dags/plugins/event_listener.py for tasks to queue
[2024-02-26T15:54:15.475+0000] {logging_mixin.py:188} INFO - [2024-02-26T15:54:15.475+0000] {dagbag.py:540} INFO - Filling up the DagBag from /home/airflow/.local/lib/python3.11/site-packages/airflow/example_dags/plugins/event_listener.py
[2024-02-26T15:54:15.478+0000] {processor.py:842} WARNING - No viable dags retrieved from /home/airflow/.local/lib/python3.11/site-packages/airflow/example_dags/plugins/event_listener.py
[2024-02-26T15:54:15.493+0000] {processor.py:183} INFO - Processing /home/airflow/.local/lib/python3.11/site-packages/airflow/example_dags/plugins/event_listener.py took 0.024 seconds
[2024-02-26T15:54:46.414+0000] {processor.py:161} INFO - Started process (PID=3417) to work on /home/airflow/.local/lib/python3.11/site-packages/airflow/example_dags/plugins/event_listener.py
[2024-02-26T15:54:46.416+0000] {processor.py:830} INFO - Processing file /home/airflow/.local/lib/python3.11/site-packages/airflow/example_dags/plugins/event_listener.py for tasks to queue
[2024-02-26T15:54:46.417+0000] {logging_mixin.py:188} INFO - [2024-02-26T15:54:46.417+0000] {dagbag.py:540} INFO - Filling up the DagBag from /home/airflow/.local/lib/python3.11/site-packages/airflow/example_dags/plugins/event_listener.py
[2024-02-26T15:54:46.423+0000] {processor.py:842} WARNING - No viable dags retrieved from /home/airflow/.local/lib/python3.11/site-packages/airflow/example_dags/plugins/event_listener.py
[2024-02-26T15:54:46.437+0000] {processor.py:183} INFO - Processing /home/airflow/.local/lib/python3.11/site-packages/airflow/example_dags/plugins/event_listener.py took 0.027 seconds
[2024-02-26T15:55:17.273+0000] {processor.py:161} INFO - Started process (PID=3661) to work on /home/airflow/.local/lib/python3.11/site-packages/airflow/example_dags/plugins/event_listener.py
[2024-02-26T15:55:17.275+0000] {processor.py:830} INFO - Processing file /home/airflow/.local/lib/python3.11/site-packages/airflow/example_dags/plugins/event_listener.py for tasks to queue
[2024-02-26T15:55:17.276+0000] {logging_mixin.py:188} INFO - [2024-02-26T15:55:17.276+0000] {dagbag.py:540} INFO - Filling up the DagBag from /home/airflow/.local/lib/python3.11/site-packages/airflow/example_dags/plugins/event_listener.py
[2024-02-26T15:55:17.279+0000] {processor.py:842} WARNING - No viable dags retrieved from /home/airflow/.local/lib/python3.11/site-packages/airflow/example_dags/plugins/event_listener.py
[2024-02-26T15:55:17.292+0000] {processor.py:183} INFO - Processing /home/airflow/.local/lib/python3.11/site-packages/airflow/example_dags/plugins/event_listener.py took 0.022 seconds
[2024-02-26T15:55:47.477+0000] {processor.py:161} INFO - Started process (PID=3905) to work on /home/airflow/.local/lib/python3.11/site-packages/airflow/example_dags/plugins/event_listener.py
[2024-02-26T15:55:47.479+0000] {processor.py:830} INFO - Processing file /home/airflow/.local/lib/python3.11/site-packages/airflow/example_dags/plugins/event_listener.py for tasks to queue
[2024-02-26T15:55:47.481+0000] {logging_mixin.py:188} INFO - [2024-02-26T15:55:47.480+0000] {dagbag.py:540} INFO - Filling up the DagBag from /home/airflow/.local/lib/python3.11/site-packages/airflow/example_dags/plugins/event_listener.py
[2024-02-26T15:55:47.483+0000] {processor.py:842} WARNING - No viable dags retrieved from /home/airflow/.local/lib/python3.11/site-packages/airflow/example_dags/plugins/event_listener.py
[2024-02-26T15:55:47.497+0000] {processor.py:183} INFO - Processing /home/airflow/.local/lib/python3.11/site-packages/airflow/example_dags/plugins/event_listener.py took 0.023 seconds
[2024-02-26T15:56:17.721+0000] {processor.py:161} INFO - Started process (PID=4157) to work on /home/airflow/.local/lib/python3.11/site-packages/airflow/example_dags/plugins/event_listener.py
[2024-02-26T15:56:17.723+0000] {processor.py:830} INFO - Processing file /home/airflow/.local/lib/python3.11/site-packages/airflow/example_dags/plugins/event_listener.py for tasks to queue
[2024-02-26T15:56:17.725+0000] {logging_mixin.py:188} INFO - [2024-02-26T15:56:17.725+0000] {dagbag.py:540} INFO - Filling up the DagBag from /home/airflow/.local/lib/python3.11/site-packages/airflow/example_dags/plugins/event_listener.py
[2024-02-26T15:56:17.727+0000] {processor.py:842} WARNING - No viable dags retrieved from /home/airflow/.local/lib/python3.11/site-packages/airflow/example_dags/plugins/event_listener.py
[2024-02-26T15:56:17.742+0000] {processor.py:183} INFO - Processing /home/airflow/.local/lib/python3.11/site-packages/airflow/example_dags/plugins/event_listener.py took 0.023 seconds
[2024-02-26T15:56:48.329+0000] {processor.py:161} INFO - Started process (PID=4405) to work on /home/airflow/.local/lib/python3.11/site-packages/airflow/example_dags/plugins/event_listener.py
[2024-02-26T15:56:48.332+0000] {processor.py:830} INFO - Processing file /home/airflow/.local/lib/python3.11/site-packages/airflow/example_dags/plugins/event_listener.py for tasks to queue
[2024-02-26T15:56:48.334+0000] {logging_mixin.py:188} INFO - [2024-02-26T15:56:48.334+0000] {dagbag.py:540} INFO - Filling up the DagBag from /home/airflow/.local/lib/python3.11/site-packages/airflow/example_dags/plugins/event_listener.py
[2024-02-26T15:56:48.341+0000] {processor.py:842} WARNING - No viable dags retrieved from /home/airflow/.local/lib/python3.11/site-packages/airflow/example_dags/plugins/event_listener.py
[2024-02-26T15:56:48.374+0000] {processor.py:183} INFO - Processing /home/airflow/.local/lib/python3.11/site-packages/airflow/example_dags/plugins/event_listener.py took 0.048 seconds
[2024-02-26T15:57:18.509+0000] {processor.py:161} INFO - Started process (PID=4652) to work on /home/airflow/.local/lib/python3.11/site-packages/airflow/example_dags/plugins/event_listener.py
[2024-02-26T15:57:18.513+0000] {processor.py:830} INFO - Processing file /home/airflow/.local/lib/python3.11/site-packages/airflow/example_dags/plugins/event_listener.py for tasks to queue
[2024-02-26T15:57:18.515+0000] {logging_mixin.py:188} INFO - [2024-02-26T15:57:18.515+0000] {dagbag.py:540} INFO - Filling up the DagBag from /home/airflow/.local/lib/python3.11/site-packages/airflow/example_dags/plugins/event_listener.py
[2024-02-26T15:57:18.520+0000] {processor.py:842} WARNING - No viable dags retrieved from /home/airflow/.local/lib/python3.11/site-packages/airflow/example_dags/plugins/event_listener.py
[2024-02-26T15:57:18.544+0000] {processor.py:183} INFO - Processing /home/airflow/.local/lib/python3.11/site-packages/airflow/example_dags/plugins/event_listener.py took 0.043 seconds
[2024-02-26T15:57:48.755+0000] {processor.py:161} INFO - Started process (PID=4899) to work on /home/airflow/.local/lib/python3.11/site-packages/airflow/example_dags/plugins/event_listener.py
[2024-02-26T15:57:48.757+0000] {processor.py:830} INFO - Processing file /home/airflow/.local/lib/python3.11/site-packages/airflow/example_dags/plugins/event_listener.py for tasks to queue
[2024-02-26T15:57:48.759+0000] {logging_mixin.py:188} INFO - [2024-02-26T15:57:48.758+0000] {dagbag.py:540} INFO - Filling up the DagBag from /home/airflow/.local/lib/python3.11/site-packages/airflow/example_dags/plugins/event_listener.py
[2024-02-26T15:57:48.761+0000] {processor.py:842} WARNING - No viable dags retrieved from /home/airflow/.local/lib/python3.11/site-packages/airflow/example_dags/plugins/event_listener.py
[2024-02-26T15:57:48.780+0000] {processor.py:183} INFO - Processing /home/airflow/.local/lib/python3.11/site-packages/airflow/example_dags/plugins/event_listener.py took 0.029 seconds
[2024-02-26T15:58:19.047+0000] {processor.py:161} INFO - Started process (PID=5146) to work on /home/airflow/.local/lib/python3.11/site-packages/airflow/example_dags/plugins/event_listener.py
[2024-02-26T15:58:19.050+0000] {processor.py:830} INFO - Processing file /home/airflow/.local/lib/python3.11/site-packages/airflow/example_dags/plugins/event_listener.py for tasks to queue
[2024-02-26T15:58:19.052+0000] {logging_mixin.py:188} INFO - [2024-02-26T15:58:19.051+0000] {dagbag.py:540} INFO - Filling up the DagBag from /home/airflow/.local/lib/python3.11/site-packages/airflow/example_dags/plugins/event_listener.py
[2024-02-26T15:58:19.055+0000] {processor.py:842} WARNING - No viable dags retrieved from /home/airflow/.local/lib/python3.11/site-packages/airflow/example_dags/plugins/event_listener.py
[2024-02-26T15:58:19.071+0000] {processor.py:183} INFO - Processing /home/airflow/.local/lib/python3.11/site-packages/airflow/example_dags/plugins/event_listener.py took 0.028 seconds
[2024-02-26T15:58:49.397+0000] {processor.py:161} INFO - Started process (PID=5394) to work on /home/airflow/.local/lib/python3.11/site-packages/airflow/example_dags/plugins/event_listener.py
[2024-02-26T15:58:49.399+0000] {processor.py:830} INFO - Processing file /home/airflow/.local/lib/python3.11/site-packages/airflow/example_dags/plugins/event_listener.py for tasks to queue
[2024-02-26T15:58:49.400+0000] {logging_mixin.py:188} INFO - [2024-02-26T15:58:49.400+0000] {dagbag.py:540} INFO - Filling up the DagBag from /home/airflow/.local/lib/python3.11/site-packages/airflow/example_dags/plugins/event_listener.py
[2024-02-26T15:58:49.403+0000] {processor.py:842} WARNING - No viable dags retrieved from /home/airflow/.local/lib/python3.11/site-packages/airflow/example_dags/plugins/event_listener.py
[2024-02-26T15:58:49.422+0000] {processor.py:183} INFO - Processing /home/airflow/.local/lib/python3.11/site-packages/airflow/example_dags/plugins/event_listener.py took 0.029 seconds
[2024-02-26T15:59:19.555+0000] {processor.py:161} INFO - Started process (PID=5642) to work on /home/airflow/.local/lib/python3.11/site-packages/airflow/example_dags/plugins/event_listener.py
[2024-02-26T15:59:19.557+0000] {processor.py:830} INFO - Processing file /home/airflow/.local/lib/python3.11/site-packages/airflow/example_dags/plugins/event_listener.py for tasks to queue
[2024-02-26T15:59:19.558+0000] {logging_mixin.py:188} INFO - [2024-02-26T15:59:19.558+0000] {dagbag.py:540} INFO - Filling up the DagBag from /home/airflow/.local/lib/python3.11/site-packages/airflow/example_dags/plugins/event_listener.py
[2024-02-26T15:59:19.561+0000] {processor.py:842} WARNING - No viable dags retrieved from /home/airflow/.local/lib/python3.11/site-packages/airflow/example_dags/plugins/event_listener.py
[2024-02-26T15:59:19.575+0000] {processor.py:183} INFO - Processing /home/airflow/.local/lib/python3.11/site-packages/airflow/example_dags/plugins/event_listener.py took 0.024 seconds
[2024-02-26T15:59:50.494+0000] {processor.py:161} INFO - Started process (PID=5889) to work on /home/airflow/.local/lib/python3.11/site-packages/airflow/example_dags/plugins/event_listener.py
[2024-02-26T15:59:50.496+0000] {processor.py:830} INFO - Processing file /home/airflow/.local/lib/python3.11/site-packages/airflow/example_dags/plugins/event_listener.py for tasks to queue
[2024-02-26T15:59:50.498+0000] {logging_mixin.py:188} INFO - [2024-02-26T15:59:50.497+0000] {dagbag.py:540} INFO - Filling up the DagBag from /home/airflow/.local/lib/python3.11/site-packages/airflow/example_dags/plugins/event_listener.py
[2024-02-26T15:59:50.500+0000] {processor.py:842} WARNING - No viable dags retrieved from /home/airflow/.local/lib/python3.11/site-packages/airflow/example_dags/plugins/event_listener.py
[2024-02-26T15:59:50.515+0000] {processor.py:183} INFO - Processing /home/airflow/.local/lib/python3.11/site-packages/airflow/example_dags/plugins/event_listener.py took 0.024 seconds
[2024-02-26T16:00:21.336+0000] {processor.py:161} INFO - Started process (PID=6136) to work on /home/airflow/.local/lib/python3.11/site-packages/airflow/example_dags/plugins/event_listener.py
[2024-02-26T16:00:21.338+0000] {processor.py:830} INFO - Processing file /home/airflow/.local/lib/python3.11/site-packages/airflow/example_dags/plugins/event_listener.py for tasks to queue
[2024-02-26T16:00:21.339+0000] {logging_mixin.py:188} INFO - [2024-02-26T16:00:21.339+0000] {dagbag.py:540} INFO - Filling up the DagBag from /home/airflow/.local/lib/python3.11/site-packages/airflow/example_dags/plugins/event_listener.py
[2024-02-26T16:00:21.342+0000] {processor.py:842} WARNING - No viable dags retrieved from /home/airflow/.local/lib/python3.11/site-packages/airflow/example_dags/plugins/event_listener.py
[2024-02-26T16:00:21.356+0000] {processor.py:183} INFO - Processing /home/airflow/.local/lib/python3.11/site-packages/airflow/example_dags/plugins/event_listener.py took 0.025 seconds
[2024-02-26T16:00:52.168+0000] {processor.py:161} INFO - Started process (PID=6382) to work on /home/airflow/.local/lib/python3.11/site-packages/airflow/example_dags/plugins/event_listener.py
[2024-02-26T16:00:52.170+0000] {processor.py:830} INFO - Processing file /home/airflow/.local/lib/python3.11/site-packages/airflow/example_dags/plugins/event_listener.py for tasks to queue
[2024-02-26T16:00:52.172+0000] {logging_mixin.py:188} INFO - [2024-02-26T16:00:52.171+0000] {dagbag.py:540} INFO - Filling up the DagBag from /home/airflow/.local/lib/python3.11/site-packages/airflow/example_dags/plugins/event_listener.py
[2024-02-26T16:00:52.175+0000] {processor.py:842} WARNING - No viable dags retrieved from /home/airflow/.local/lib/python3.11/site-packages/airflow/example_dags/plugins/event_listener.py
[2024-02-26T16:00:52.192+0000] {processor.py:183} INFO - Processing /home/airflow/.local/lib/python3.11/site-packages/airflow/example_dags/plugins/event_listener.py took 0.029 seconds
[2024-02-26T16:01:23.021+0000] {processor.py:161} INFO - Started process (PID=6627) to work on /home/airflow/.local/lib/python3.11/site-packages/airflow/example_dags/plugins/event_listener.py
[2024-02-26T16:01:23.023+0000] {processor.py:830} INFO - Processing file /home/airflow/.local/lib/python3.11/site-packages/airflow/example_dags/plugins/event_listener.py for tasks to queue
[2024-02-26T16:01:23.025+0000] {logging_mixin.py:188} INFO - [2024-02-26T16:01:23.024+0000] {dagbag.py:540} INFO - Filling up the DagBag from /home/airflow/.local/lib/python3.11/site-packages/airflow/example_dags/plugins/event_listener.py
[2024-02-26T16:01:23.029+0000] {processor.py:842} WARNING - No viable dags retrieved from /home/airflow/.local/lib/python3.11/site-packages/airflow/example_dags/plugins/event_listener.py
[2024-02-26T16:01:23.051+0000] {processor.py:183} INFO - Processing /home/airflow/.local/lib/python3.11/site-packages/airflow/example_dags/plugins/event_listener.py took 0.034 seconds
[2024-02-26T16:01:53.160+0000] {processor.py:161} INFO - Started process (PID=6871) to work on /home/airflow/.local/lib/python3.11/site-packages/airflow/example_dags/plugins/event_listener.py
[2024-02-26T16:01:53.161+0000] {processor.py:830} INFO - Processing file /home/airflow/.local/lib/python3.11/site-packages/airflow/example_dags/plugins/event_listener.py for tasks to queue
[2024-02-26T16:01:53.162+0000] {logging_mixin.py:188} INFO - [2024-02-26T16:01:53.162+0000] {dagbag.py:540} INFO - Filling up the DagBag from /home/airflow/.local/lib/python3.11/site-packages/airflow/example_dags/plugins/event_listener.py
[2024-02-26T16:01:53.167+0000] {processor.py:842} WARNING - No viable dags retrieved from /home/airflow/.local/lib/python3.11/site-packages/airflow/example_dags/plugins/event_listener.py
[2024-02-26T16:01:53.181+0000] {processor.py:183} INFO - Processing /home/airflow/.local/lib/python3.11/site-packages/airflow/example_dags/plugins/event_listener.py took 0.024 seconds
[2024-02-26T16:02:23.573+0000] {processor.py:161} INFO - Started process (PID=7123) to work on /home/airflow/.local/lib/python3.11/site-packages/airflow/example_dags/plugins/event_listener.py
[2024-02-26T16:02:23.576+0000] {processor.py:830} INFO - Processing file /home/airflow/.local/lib/python3.11/site-packages/airflow/example_dags/plugins/event_listener.py for tasks to queue
[2024-02-26T16:02:23.578+0000] {logging_mixin.py:188} INFO - [2024-02-26T16:02:23.577+0000] {dagbag.py:540} INFO - Filling up the DagBag from /home/airflow/.local/lib/python3.11/site-packages/airflow/example_dags/plugins/event_listener.py
[2024-02-26T16:02:23.581+0000] {processor.py:842} WARNING - No viable dags retrieved from /home/airflow/.local/lib/python3.11/site-packages/airflow/example_dags/plugins/event_listener.py
[2024-02-26T16:02:23.599+0000] {processor.py:183} INFO - Processing /home/airflow/.local/lib/python3.11/site-packages/airflow/example_dags/plugins/event_listener.py took 0.033 seconds
[2024-02-26T16:02:54.565+0000] {processor.py:161} INFO - Started process (PID=7370) to work on /home/airflow/.local/lib/python3.11/site-packages/airflow/example_dags/plugins/event_listener.py
[2024-02-26T16:02:54.568+0000] {processor.py:830} INFO - Processing file /home/airflow/.local/lib/python3.11/site-packages/airflow/example_dags/plugins/event_listener.py for tasks to queue
[2024-02-26T16:02:54.570+0000] {logging_mixin.py:188} INFO - [2024-02-26T16:02:54.569+0000] {dagbag.py:540} INFO - Filling up the DagBag from /home/airflow/.local/lib/python3.11/site-packages/airflow/example_dags/plugins/event_listener.py
[2024-02-26T16:02:54.573+0000] {processor.py:842} WARNING - No viable dags retrieved from /home/airflow/.local/lib/python3.11/site-packages/airflow/example_dags/plugins/event_listener.py
[2024-02-26T16:02:54.589+0000] {processor.py:183} INFO - Processing /home/airflow/.local/lib/python3.11/site-packages/airflow/example_dags/plugins/event_listener.py took 0.027 seconds
[2024-02-26T16:03:24.832+0000] {processor.py:161} INFO - Started process (PID=7617) to work on /home/airflow/.local/lib/python3.11/site-packages/airflow/example_dags/plugins/event_listener.py
[2024-02-26T16:03:24.836+0000] {processor.py:830} INFO - Processing file /home/airflow/.local/lib/python3.11/site-packages/airflow/example_dags/plugins/event_listener.py for tasks to queue
[2024-02-26T16:03:24.837+0000] {logging_mixin.py:188} INFO - [2024-02-26T16:03:24.837+0000] {dagbag.py:540} INFO - Filling up the DagBag from /home/airflow/.local/lib/python3.11/site-packages/airflow/example_dags/plugins/event_listener.py
[2024-02-26T16:03:24.840+0000] {processor.py:842} WARNING - No viable dags retrieved from /home/airflow/.local/lib/python3.11/site-packages/airflow/example_dags/plugins/event_listener.py
[2024-02-26T16:03:24.856+0000] {processor.py:183} INFO - Processing /home/airflow/.local/lib/python3.11/site-packages/airflow/example_dags/plugins/event_listener.py took 0.027 seconds
[2024-02-26T16:03:55.669+0000] {processor.py:161} INFO - Started process (PID=7863) to work on /home/airflow/.local/lib/python3.11/site-packages/airflow/example_dags/plugins/event_listener.py
[2024-02-26T16:03:55.671+0000] {processor.py:830} INFO - Processing file /home/airflow/.local/lib/python3.11/site-packages/airflow/example_dags/plugins/event_listener.py for tasks to queue
[2024-02-26T16:03:55.672+0000] {logging_mixin.py:188} INFO - [2024-02-26T16:03:55.672+0000] {dagbag.py:540} INFO - Filling up the DagBag from /home/airflow/.local/lib/python3.11/site-packages/airflow/example_dags/plugins/event_listener.py
[2024-02-26T16:03:55.675+0000] {processor.py:842} WARNING - No viable dags retrieved from /home/airflow/.local/lib/python3.11/site-packages/airflow/example_dags/plugins/event_listener.py
[2024-02-26T16:03:55.689+0000] {processor.py:183} INFO - Processing /home/airflow/.local/lib/python3.11/site-packages/airflow/example_dags/plugins/event_listener.py took 0.023 seconds
[2024-02-26T16:04:26.518+0000] {processor.py:161} INFO - Started process (PID=8112) to work on /home/airflow/.local/lib/python3.11/site-packages/airflow/example_dags/plugins/event_listener.py
[2024-02-26T16:04:26.519+0000] {processor.py:830} INFO - Processing file /home/airflow/.local/lib/python3.11/site-packages/airflow/example_dags/plugins/event_listener.py for tasks to queue
[2024-02-26T16:04:26.521+0000] {logging_mixin.py:188} INFO - [2024-02-26T16:04:26.520+0000] {dagbag.py:540} INFO - Filling up the DagBag from /home/airflow/.local/lib/python3.11/site-packages/airflow/example_dags/plugins/event_listener.py
[2024-02-26T16:04:26.523+0000] {processor.py:842} WARNING - No viable dags retrieved from /home/airflow/.local/lib/python3.11/site-packages/airflow/example_dags/plugins/event_listener.py
[2024-02-26T16:04:26.538+0000] {processor.py:183} INFO - Processing /home/airflow/.local/lib/python3.11/site-packages/airflow/example_dags/plugins/event_listener.py took 0.024 seconds
[2024-02-26T16:04:57.322+0000] {processor.py:161} INFO - Started process (PID=8359) to work on /home/airflow/.local/lib/python3.11/site-packages/airflow/example_dags/plugins/event_listener.py
[2024-02-26T16:04:57.324+0000] {processor.py:830} INFO - Processing file /home/airflow/.local/lib/python3.11/site-packages/airflow/example_dags/plugins/event_listener.py for tasks to queue
[2024-02-26T16:04:57.325+0000] {logging_mixin.py:188} INFO - [2024-02-26T16:04:57.325+0000] {dagbag.py:540} INFO - Filling up the DagBag from /home/airflow/.local/lib/python3.11/site-packages/airflow/example_dags/plugins/event_listener.py
[2024-02-26T16:04:57.328+0000] {processor.py:842} WARNING - No viable dags retrieved from /home/airflow/.local/lib/python3.11/site-packages/airflow/example_dags/plugins/event_listener.py
[2024-02-26T16:04:57.343+0000] {processor.py:183} INFO - Processing /home/airflow/.local/lib/python3.11/site-packages/airflow/example_dags/plugins/event_listener.py took 0.024 seconds
[2024-02-26T16:05:28.109+0000] {processor.py:161} INFO - Started process (PID=8612) to work on /home/airflow/.local/lib/python3.11/site-packages/airflow/example_dags/plugins/event_listener.py
[2024-02-26T16:05:28.114+0000] {processor.py:830} INFO - Processing file /home/airflow/.local/lib/python3.11/site-packages/airflow/example_dags/plugins/event_listener.py for tasks to queue
[2024-02-26T16:05:28.116+0000] {logging_mixin.py:188} INFO - [2024-02-26T16:05:28.115+0000] {dagbag.py:540} INFO - Filling up the DagBag from /home/airflow/.local/lib/python3.11/site-packages/airflow/example_dags/plugins/event_listener.py
[2024-02-26T16:05:28.118+0000] {processor.py:842} WARNING - No viable dags retrieved from /home/airflow/.local/lib/python3.11/site-packages/airflow/example_dags/plugins/event_listener.py
[2024-02-26T16:05:28.133+0000] {processor.py:183} INFO - Processing /home/airflow/.local/lib/python3.11/site-packages/airflow/example_dags/plugins/event_listener.py took 0.027 seconds
[2024-02-26T16:05:58.846+0000] {processor.py:161} INFO - Started process (PID=8857) to work on /home/airflow/.local/lib/python3.11/site-packages/airflow/example_dags/plugins/event_listener.py
[2024-02-26T16:05:58.848+0000] {processor.py:830} INFO - Processing file /home/airflow/.local/lib/python3.11/site-packages/airflow/example_dags/plugins/event_listener.py for tasks to queue
[2024-02-26T16:05:58.849+0000] {logging_mixin.py:188} INFO - [2024-02-26T16:05:58.849+0000] {dagbag.py:540} INFO - Filling up the DagBag from /home/airflow/.local/lib/python3.11/site-packages/airflow/example_dags/plugins/event_listener.py
[2024-02-26T16:05:58.853+0000] {processor.py:842} WARNING - No viable dags retrieved from /home/airflow/.local/lib/python3.11/site-packages/airflow/example_dags/plugins/event_listener.py
[2024-02-26T16:05:58.867+0000] {processor.py:183} INFO - Processing /home/airflow/.local/lib/python3.11/site-packages/airflow/example_dags/plugins/event_listener.py took 0.025 seconds
[2024-02-26T16:06:29.671+0000] {processor.py:161} INFO - Started process (PID=9104) to work on /home/airflow/.local/lib/python3.11/site-packages/airflow/example_dags/plugins/event_listener.py
[2024-02-26T16:06:29.672+0000] {processor.py:830} INFO - Processing file /home/airflow/.local/lib/python3.11/site-packages/airflow/example_dags/plugins/event_listener.py for tasks to queue
[2024-02-26T16:06:29.674+0000] {logging_mixin.py:188} INFO - [2024-02-26T16:06:29.673+0000] {dagbag.py:540} INFO - Filling up the DagBag from /home/airflow/.local/lib/python3.11/site-packages/airflow/example_dags/plugins/event_listener.py
[2024-02-26T16:06:29.677+0000] {processor.py:842} WARNING - No viable dags retrieved from /home/airflow/.local/lib/python3.11/site-packages/airflow/example_dags/plugins/event_listener.py
[2024-02-26T16:06:29.692+0000] {processor.py:183} INFO - Processing /home/airflow/.local/lib/python3.11/site-packages/airflow/example_dags/plugins/event_listener.py took 0.024 seconds
[2024-02-26T16:07:00.626+0000] {processor.py:161} INFO - Started process (PID=9353) to work on /home/airflow/.local/lib/python3.11/site-packages/airflow/example_dags/plugins/event_listener.py
[2024-02-26T16:07:00.630+0000] {processor.py:830} INFO - Processing file /home/airflow/.local/lib/python3.11/site-packages/airflow/example_dags/plugins/event_listener.py for tasks to queue
[2024-02-26T16:07:00.631+0000] {logging_mixin.py:188} INFO - [2024-02-26T16:07:00.631+0000] {dagbag.py:540} INFO - Filling up the DagBag from /home/airflow/.local/lib/python3.11/site-packages/airflow/example_dags/plugins/event_listener.py
[2024-02-26T16:07:00.634+0000] {processor.py:842} WARNING - No viable dags retrieved from /home/airflow/.local/lib/python3.11/site-packages/airflow/example_dags/plugins/event_listener.py
[2024-02-26T16:07:00.649+0000] {processor.py:183} INFO - Processing /home/airflow/.local/lib/python3.11/site-packages/airflow/example_dags/plugins/event_listener.py took 0.026 seconds
[2024-02-26T16:07:30.820+0000] {processor.py:161} INFO - Started process (PID=9600) to work on /home/airflow/.local/lib/python3.11/site-packages/airflow/example_dags/plugins/event_listener.py
[2024-02-26T16:07:30.822+0000] {processor.py:830} INFO - Processing file /home/airflow/.local/lib/python3.11/site-packages/airflow/example_dags/plugins/event_listener.py for tasks to queue
[2024-02-26T16:07:30.826+0000] {logging_mixin.py:188} INFO - [2024-02-26T16:07:30.826+0000] {dagbag.py:540} INFO - Filling up the DagBag from /home/airflow/.local/lib/python3.11/site-packages/airflow/example_dags/plugins/event_listener.py
[2024-02-26T16:07:30.829+0000] {processor.py:842} WARNING - No viable dags retrieved from /home/airflow/.local/lib/python3.11/site-packages/airflow/example_dags/plugins/event_listener.py
[2024-02-26T16:07:30.844+0000] {processor.py:183} INFO - Processing /home/airflow/.local/lib/python3.11/site-packages/airflow/example_dags/plugins/event_listener.py took 0.027 seconds
[2024-02-26T16:08:01.069+0000] {processor.py:161} INFO - Started process (PID=9847) to work on /home/airflow/.local/lib/python3.11/site-packages/airflow/example_dags/plugins/event_listener.py
[2024-02-26T16:08:01.072+0000] {processor.py:830} INFO - Processing file /home/airflow/.local/lib/python3.11/site-packages/airflow/example_dags/plugins/event_listener.py for tasks to queue
[2024-02-26T16:08:01.074+0000] {logging_mixin.py:188} INFO - [2024-02-26T16:08:01.073+0000] {dagbag.py:540} INFO - Filling up the DagBag from /home/airflow/.local/lib/python3.11/site-packages/airflow/example_dags/plugins/event_listener.py
[2024-02-26T16:08:01.076+0000] {processor.py:842} WARNING - No viable dags retrieved from /home/airflow/.local/lib/python3.11/site-packages/airflow/example_dags/plugins/event_listener.py
[2024-02-26T16:08:01.090+0000] {processor.py:183} INFO - Processing /home/airflow/.local/lib/python3.11/site-packages/airflow/example_dags/plugins/event_listener.py took 0.025 seconds
[2024-02-26T16:08:31.210+0000] {processor.py:161} INFO - Started process (PID=10094) to work on /home/airflow/.local/lib/python3.11/site-packages/airflow/example_dags/plugins/event_listener.py
[2024-02-26T16:08:31.212+0000] {processor.py:830} INFO - Processing file /home/airflow/.local/lib/python3.11/site-packages/airflow/example_dags/plugins/event_listener.py for tasks to queue
[2024-02-26T16:08:31.215+0000] {logging_mixin.py:188} INFO - [2024-02-26T16:08:31.214+0000] {dagbag.py:540} INFO - Filling up the DagBag from /home/airflow/.local/lib/python3.11/site-packages/airflow/example_dags/plugins/event_listener.py
[2024-02-26T16:08:31.217+0000] {processor.py:842} WARNING - No viable dags retrieved from /home/airflow/.local/lib/python3.11/site-packages/airflow/example_dags/plugins/event_listener.py
[2024-02-26T16:08:31.232+0000] {processor.py:183} INFO - Processing /home/airflow/.local/lib/python3.11/site-packages/airflow/example_dags/plugins/event_listener.py took 0.025 seconds
[2024-02-26T16:09:01.657+0000] {processor.py:161} INFO - Started process (PID=10341) to work on /home/airflow/.local/lib/python3.11/site-packages/airflow/example_dags/plugins/event_listener.py
[2024-02-26T16:09:01.659+0000] {processor.py:830} INFO - Processing file /home/airflow/.local/lib/python3.11/site-packages/airflow/example_dags/plugins/event_listener.py for tasks to queue
[2024-02-26T16:09:01.660+0000] {logging_mixin.py:188} INFO - [2024-02-26T16:09:01.660+0000] {dagbag.py:540} INFO - Filling up the DagBag from /home/airflow/.local/lib/python3.11/site-packages/airflow/example_dags/plugins/event_listener.py
[2024-02-26T16:09:01.663+0000] {processor.py:842} WARNING - No viable dags retrieved from /home/airflow/.local/lib/python3.11/site-packages/airflow/example_dags/plugins/event_listener.py
[2024-02-26T16:09:01.678+0000] {processor.py:183} INFO - Processing /home/airflow/.local/lib/python3.11/site-packages/airflow/example_dags/plugins/event_listener.py took 0.024 seconds
[2024-02-26T16:09:31.836+0000] {processor.py:161} INFO - Started process (PID=10588) to work on /home/airflow/.local/lib/python3.11/site-packages/airflow/example_dags/plugins/event_listener.py
[2024-02-26T16:09:31.837+0000] {processor.py:830} INFO - Processing file /home/airflow/.local/lib/python3.11/site-packages/airflow/example_dags/plugins/event_listener.py for tasks to queue
[2024-02-26T16:09:31.842+0000] {logging_mixin.py:188} INFO - [2024-02-26T16:09:31.842+0000] {dagbag.py:540} INFO - Filling up the DagBag from /home/airflow/.local/lib/python3.11/site-packages/airflow/example_dags/plugins/event_listener.py
[2024-02-26T16:09:31.845+0000] {processor.py:842} WARNING - No viable dags retrieved from /home/airflow/.local/lib/python3.11/site-packages/airflow/example_dags/plugins/event_listener.py
[2024-02-26T16:09:31.862+0000] {processor.py:183} INFO - Processing /home/airflow/.local/lib/python3.11/site-packages/airflow/example_dags/plugins/event_listener.py took 0.030 seconds
[2024-02-26T16:10:02.910+0000] {processor.py:161} INFO - Started process (PID=10833) to work on /home/airflow/.local/lib/python3.11/site-packages/airflow/example_dags/plugins/event_listener.py
[2024-02-26T16:10:02.913+0000] {processor.py:830} INFO - Processing file /home/airflow/.local/lib/python3.11/site-packages/airflow/example_dags/plugins/event_listener.py for tasks to queue
[2024-02-26T16:10:02.916+0000] {logging_mixin.py:188} INFO - [2024-02-26T16:10:02.915+0000] {dagbag.py:540} INFO - Filling up the DagBag from /home/airflow/.local/lib/python3.11/site-packages/airflow/example_dags/plugins/event_listener.py
[2024-02-26T16:10:02.919+0000] {processor.py:842} WARNING - No viable dags retrieved from /home/airflow/.local/lib/python3.11/site-packages/airflow/example_dags/plugins/event_listener.py
[2024-02-26T16:10:02.934+0000] {processor.py:183} INFO - Processing /home/airflow/.local/lib/python3.11/site-packages/airflow/example_dags/plugins/event_listener.py took 0.026 seconds
[2024-02-26T16:10:33.207+0000] {processor.py:161} INFO - Started process (PID=11082) to work on /home/airflow/.local/lib/python3.11/site-packages/airflow/example_dags/plugins/event_listener.py
[2024-02-26T16:10:33.209+0000] {processor.py:830} INFO - Processing file /home/airflow/.local/lib/python3.11/site-packages/airflow/example_dags/plugins/event_listener.py for tasks to queue
[2024-02-26T16:10:33.211+0000] {logging_mixin.py:188} INFO - [2024-02-26T16:10:33.210+0000] {dagbag.py:540} INFO - Filling up the DagBag from /home/airflow/.local/lib/python3.11/site-packages/airflow/example_dags/plugins/event_listener.py
[2024-02-26T16:10:33.213+0000] {processor.py:842} WARNING - No viable dags retrieved from /home/airflow/.local/lib/python3.11/site-packages/airflow/example_dags/plugins/event_listener.py
[2024-02-26T16:10:33.228+0000] {processor.py:183} INFO - Processing /home/airflow/.local/lib/python3.11/site-packages/airflow/example_dags/plugins/event_listener.py took 0.023 seconds
[2024-02-26T16:11:03.630+0000] {processor.py:161} INFO - Started process (PID=11329) to work on /home/airflow/.local/lib/python3.11/site-packages/airflow/example_dags/plugins/event_listener.py
[2024-02-26T16:11:03.633+0000] {processor.py:830} INFO - Processing file /home/airflow/.local/lib/python3.11/site-packages/airflow/example_dags/plugins/event_listener.py for tasks to queue
[2024-02-26T16:11:03.635+0000] {logging_mixin.py:188} INFO - [2024-02-26T16:11:03.635+0000] {dagbag.py:540} INFO - Filling up the DagBag from /home/airflow/.local/lib/python3.11/site-packages/airflow/example_dags/plugins/event_listener.py
[2024-02-26T16:11:03.638+0000] {processor.py:842} WARNING - No viable dags retrieved from /home/airflow/.local/lib/python3.11/site-packages/airflow/example_dags/plugins/event_listener.py
[2024-02-26T16:11:03.653+0000] {processor.py:183} INFO - Processing /home/airflow/.local/lib/python3.11/site-packages/airflow/example_dags/plugins/event_listener.py took 0.026 seconds
[2024-02-26T16:11:33.839+0000] {processor.py:161} INFO - Started process (PID=11576) to work on /home/airflow/.local/lib/python3.11/site-packages/airflow/example_dags/plugins/event_listener.py
[2024-02-26T16:11:33.841+0000] {processor.py:830} INFO - Processing file /home/airflow/.local/lib/python3.11/site-packages/airflow/example_dags/plugins/event_listener.py for tasks to queue
[2024-02-26T16:11:33.843+0000] {logging_mixin.py:188} INFO - [2024-02-26T16:11:33.842+0000] {dagbag.py:540} INFO - Filling up the DagBag from /home/airflow/.local/lib/python3.11/site-packages/airflow/example_dags/plugins/event_listener.py
[2024-02-26T16:11:33.848+0000] {processor.py:842} WARNING - No viable dags retrieved from /home/airflow/.local/lib/python3.11/site-packages/airflow/example_dags/plugins/event_listener.py
[2024-02-26T16:11:33.863+0000] {processor.py:183} INFO - Processing /home/airflow/.local/lib/python3.11/site-packages/airflow/example_dags/plugins/event_listener.py took 0.027 seconds
[2024-02-26T16:12:04.908+0000] {processor.py:161} INFO - Started process (PID=11823) to work on /home/airflow/.local/lib/python3.11/site-packages/airflow/example_dags/plugins/event_listener.py
[2024-02-26T16:12:04.910+0000] {processor.py:830} INFO - Processing file /home/airflow/.local/lib/python3.11/site-packages/airflow/example_dags/plugins/event_listener.py for tasks to queue
[2024-02-26T16:12:04.911+0000] {logging_mixin.py:188} INFO - [2024-02-26T16:12:04.911+0000] {dagbag.py:540} INFO - Filling up the DagBag from /home/airflow/.local/lib/python3.11/site-packages/airflow/example_dags/plugins/event_listener.py
[2024-02-26T16:12:04.914+0000] {processor.py:842} WARNING - No viable dags retrieved from /home/airflow/.local/lib/python3.11/site-packages/airflow/example_dags/plugins/event_listener.py
[2024-02-26T16:12:04.928+0000] {processor.py:183} INFO - Processing /home/airflow/.local/lib/python3.11/site-packages/airflow/example_dags/plugins/event_listener.py took 0.024 seconds
[2024-02-26T16:12:35.090+0000] {processor.py:161} INFO - Started process (PID=12071) to work on /home/airflow/.local/lib/python3.11/site-packages/airflow/example_dags/plugins/event_listener.py
[2024-02-26T16:12:35.092+0000] {processor.py:830} INFO - Processing file /home/airflow/.local/lib/python3.11/site-packages/airflow/example_dags/plugins/event_listener.py for tasks to queue
[2024-02-26T16:12:35.093+0000] {logging_mixin.py:188} INFO - [2024-02-26T16:12:35.093+0000] {dagbag.py:540} INFO - Filling up the DagBag from /home/airflow/.local/lib/python3.11/site-packages/airflow/example_dags/plugins/event_listener.py
[2024-02-26T16:12:35.096+0000] {processor.py:842} WARNING - No viable dags retrieved from /home/airflow/.local/lib/python3.11/site-packages/airflow/example_dags/plugins/event_listener.py
[2024-02-26T16:12:35.111+0000] {processor.py:183} INFO - Processing /home/airflow/.local/lib/python3.11/site-packages/airflow/example_dags/plugins/event_listener.py took 0.024 seconds
[2024-02-26T16:13:05.221+0000] {processor.py:161} INFO - Started process (PID=12318) to work on /home/airflow/.local/lib/python3.11/site-packages/airflow/example_dags/plugins/event_listener.py
[2024-02-26T16:13:05.222+0000] {processor.py:830} INFO - Processing file /home/airflow/.local/lib/python3.11/site-packages/airflow/example_dags/plugins/event_listener.py for tasks to queue
[2024-02-26T16:13:05.224+0000] {logging_mixin.py:188} INFO - [2024-02-26T16:13:05.223+0000] {dagbag.py:540} INFO - Filling up the DagBag from /home/airflow/.local/lib/python3.11/site-packages/airflow/example_dags/plugins/event_listener.py
[2024-02-26T16:13:05.226+0000] {processor.py:842} WARNING - No viable dags retrieved from /home/airflow/.local/lib/python3.11/site-packages/airflow/example_dags/plugins/event_listener.py
[2024-02-26T16:13:05.241+0000] {processor.py:183} INFO - Processing /home/airflow/.local/lib/python3.11/site-packages/airflow/example_dags/plugins/event_listener.py took 0.024 seconds
[2024-02-26T16:13:35.415+0000] {processor.py:161} INFO - Started process (PID=12566) to work on /home/airflow/.local/lib/python3.11/site-packages/airflow/example_dags/plugins/event_listener.py
[2024-02-26T16:13:35.420+0000] {processor.py:830} INFO - Processing file /home/airflow/.local/lib/python3.11/site-packages/airflow/example_dags/plugins/event_listener.py for tasks to queue
[2024-02-26T16:13:35.421+0000] {logging_mixin.py:188} INFO - [2024-02-26T16:13:35.421+0000] {dagbag.py:540} INFO - Filling up the DagBag from /home/airflow/.local/lib/python3.11/site-packages/airflow/example_dags/plugins/event_listener.py
[2024-02-26T16:13:35.426+0000] {processor.py:842} WARNING - No viable dags retrieved from /home/airflow/.local/lib/python3.11/site-packages/airflow/example_dags/plugins/event_listener.py
[2024-02-26T16:13:35.440+0000] {processor.py:183} INFO - Processing /home/airflow/.local/lib/python3.11/site-packages/airflow/example_dags/plugins/event_listener.py took 0.028 seconds
[2024-02-26T16:14:05.914+0000] {processor.py:161} INFO - Started process (PID=12812) to work on /home/airflow/.local/lib/python3.11/site-packages/airflow/example_dags/plugins/event_listener.py
[2024-02-26T16:14:05.919+0000] {processor.py:830} INFO - Processing file /home/airflow/.local/lib/python3.11/site-packages/airflow/example_dags/plugins/event_listener.py for tasks to queue
[2024-02-26T16:14:05.920+0000] {logging_mixin.py:188} INFO - [2024-02-26T16:14:05.920+0000] {dagbag.py:540} INFO - Filling up the DagBag from /home/airflow/.local/lib/python3.11/site-packages/airflow/example_dags/plugins/event_listener.py
[2024-02-26T16:14:05.924+0000] {processor.py:842} WARNING - No viable dags retrieved from /home/airflow/.local/lib/python3.11/site-packages/airflow/example_dags/plugins/event_listener.py
[2024-02-26T16:14:05.939+0000] {processor.py:183} INFO - Processing /home/airflow/.local/lib/python3.11/site-packages/airflow/example_dags/plugins/event_listener.py took 0.032 seconds
[2024-02-26T16:14:36.091+0000] {processor.py:161} INFO - Started process (PID=13059) to work on /home/airflow/.local/lib/python3.11/site-packages/airflow/example_dags/plugins/event_listener.py
[2024-02-26T16:14:36.096+0000] {processor.py:830} INFO - Processing file /home/airflow/.local/lib/python3.11/site-packages/airflow/example_dags/plugins/event_listener.py for tasks to queue
[2024-02-26T16:14:36.098+0000] {logging_mixin.py:188} INFO - [2024-02-26T16:14:36.097+0000] {dagbag.py:540} INFO - Filling up the DagBag from /home/airflow/.local/lib/python3.11/site-packages/airflow/example_dags/plugins/event_listener.py
[2024-02-26T16:14:36.101+0000] {processor.py:842} WARNING - No viable dags retrieved from /home/airflow/.local/lib/python3.11/site-packages/airflow/example_dags/plugins/event_listener.py
[2024-02-26T16:14:36.116+0000] {processor.py:183} INFO - Processing /home/airflow/.local/lib/python3.11/site-packages/airflow/example_dags/plugins/event_listener.py took 0.028 seconds
