[2024-02-26T15:48:36.450+0000] {processor.py:161} INFO - Started process (PID=389) to work on /home/airflow/.local/lib/python3.11/site-packages/airflow/example_dags/plugins/listener_plugin.py
[2024-02-26T15:48:36.452+0000] {processor.py:830} INFO - Processing file /home/airflow/.local/lib/python3.11/site-packages/airflow/example_dags/plugins/listener_plugin.py for tasks to queue
[2024-02-26T15:48:36.455+0000] {logging_mixin.py:188} INFO - [2024-02-26T15:48:36.454+0000] {dagbag.py:540} INFO - Filling up the DagBag from /home/airflow/.local/lib/python3.11/site-packages/airflow/example_dags/plugins/listener_plugin.py
[2024-02-26T15:48:36.459+0000] {processor.py:842} WARNING - No viable dags retrieved from /home/airflow/.local/lib/python3.11/site-packages/airflow/example_dags/plugins/listener_plugin.py
[2024-02-26T15:48:36.475+0000] {processor.py:183} INFO - Processing /home/airflow/.local/lib/python3.11/site-packages/airflow/example_dags/plugins/listener_plugin.py took 0.031 seconds
[2024-02-26T15:49:07.439+0000] {processor.py:161} INFO - Started process (PID=631) to work on /home/airflow/.local/lib/python3.11/site-packages/airflow/example_dags/plugins/listener_plugin.py
[2024-02-26T15:49:07.442+0000] {processor.py:830} INFO - Processing file /home/airflow/.local/lib/python3.11/site-packages/airflow/example_dags/plugins/listener_plugin.py for tasks to queue
[2024-02-26T15:49:07.444+0000] {logging_mixin.py:188} INFO - [2024-02-26T15:49:07.443+0000] {dagbag.py:540} INFO - Filling up the DagBag from /home/airflow/.local/lib/python3.11/site-packages/airflow/example_dags/plugins/listener_plugin.py
[2024-02-26T15:49:07.447+0000] {processor.py:842} WARNING - No viable dags retrieved from /home/airflow/.local/lib/python3.11/site-packages/airflow/example_dags/plugins/listener_plugin.py
[2024-02-26T15:49:07.462+0000] {processor.py:183} INFO - Processing /home/airflow/.local/lib/python3.11/site-packages/airflow/example_dags/plugins/listener_plugin.py took 0.026 seconds
[2024-02-26T15:49:38.131+0000] {processor.py:161} INFO - Started process (PID=880) to work on /home/airflow/.local/lib/python3.11/site-packages/airflow/example_dags/plugins/listener_plugin.py
[2024-02-26T15:49:38.133+0000] {processor.py:830} INFO - Processing file /home/airflow/.local/lib/python3.11/site-packages/airflow/example_dags/plugins/listener_plugin.py for tasks to queue
[2024-02-26T15:49:38.135+0000] {logging_mixin.py:188} INFO - [2024-02-26T15:49:38.134+0000] {dagbag.py:540} INFO - Filling up the DagBag from /home/airflow/.local/lib/python3.11/site-packages/airflow/example_dags/plugins/listener_plugin.py
[2024-02-26T15:49:38.137+0000] {processor.py:842} WARNING - No viable dags retrieved from /home/airflow/.local/lib/python3.11/site-packages/airflow/example_dags/plugins/listener_plugin.py
[2024-02-26T15:49:38.153+0000] {processor.py:183} INFO - Processing /home/airflow/.local/lib/python3.11/site-packages/airflow/example_dags/plugins/listener_plugin.py took 0.025 seconds
[2024-02-26T15:50:08.919+0000] {processor.py:161} INFO - Started process (PID=1126) to work on /home/airflow/.local/lib/python3.11/site-packages/airflow/example_dags/plugins/listener_plugin.py
[2024-02-26T15:50:08.921+0000] {processor.py:830} INFO - Processing file /home/airflow/.local/lib/python3.11/site-packages/airflow/example_dags/plugins/listener_plugin.py for tasks to queue
[2024-02-26T15:50:08.922+0000] {logging_mixin.py:188} INFO - [2024-02-26T15:50:08.921+0000] {dagbag.py:540} INFO - Filling up the DagBag from /home/airflow/.local/lib/python3.11/site-packages/airflow/example_dags/plugins/listener_plugin.py
[2024-02-26T15:50:08.925+0000] {processor.py:842} WARNING - No viable dags retrieved from /home/airflow/.local/lib/python3.11/site-packages/airflow/example_dags/plugins/listener_plugin.py
[2024-02-26T15:50:08.944+0000] {processor.py:183} INFO - Processing /home/airflow/.local/lib/python3.11/site-packages/airflow/example_dags/plugins/listener_plugin.py took 0.028 seconds
[2024-02-26T15:50:39.160+0000] {processor.py:161} INFO - Started process (PID=1372) to work on /home/airflow/.local/lib/python3.11/site-packages/airflow/example_dags/plugins/listener_plugin.py
[2024-02-26T15:50:39.164+0000] {processor.py:830} INFO - Processing file /home/airflow/.local/lib/python3.11/site-packages/airflow/example_dags/plugins/listener_plugin.py for tasks to queue
[2024-02-26T15:50:39.165+0000] {logging_mixin.py:188} INFO - [2024-02-26T15:50:39.165+0000] {dagbag.py:540} INFO - Filling up the DagBag from /home/airflow/.local/lib/python3.11/site-packages/airflow/example_dags/plugins/listener_plugin.py
[2024-02-26T15:50:39.169+0000] {processor.py:842} WARNING - No viable dags retrieved from /home/airflow/.local/lib/python3.11/site-packages/airflow/example_dags/plugins/listener_plugin.py
[2024-02-26T15:50:39.184+0000] {processor.py:183} INFO - Processing /home/airflow/.local/lib/python3.11/site-packages/airflow/example_dags/plugins/listener_plugin.py took 0.027 seconds
[2024-02-26T15:51:09.916+0000] {processor.py:161} INFO - Started process (PID=1619) to work on /home/airflow/.local/lib/python3.11/site-packages/airflow/example_dags/plugins/listener_plugin.py
[2024-02-26T15:51:09.920+0000] {processor.py:830} INFO - Processing file /home/airflow/.local/lib/python3.11/site-packages/airflow/example_dags/plugins/listener_plugin.py for tasks to queue
[2024-02-26T15:51:09.923+0000] {logging_mixin.py:188} INFO - [2024-02-26T15:51:09.922+0000] {dagbag.py:540} INFO - Filling up the DagBag from /home/airflow/.local/lib/python3.11/site-packages/airflow/example_dags/plugins/listener_plugin.py
[2024-02-26T15:51:09.926+0000] {processor.py:842} WARNING - No viable dags retrieved from /home/airflow/.local/lib/python3.11/site-packages/airflow/example_dags/plugins/listener_plugin.py
[2024-02-26T15:51:09.945+0000] {processor.py:183} INFO - Processing /home/airflow/.local/lib/python3.11/site-packages/airflow/example_dags/plugins/listener_plugin.py took 0.033 seconds
[2024-02-26T15:51:40.808+0000] {processor.py:161} INFO - Started process (PID=1871) to work on /home/airflow/.local/lib/python3.11/site-packages/airflow/example_dags/plugins/listener_plugin.py
[2024-02-26T15:51:40.810+0000] {processor.py:830} INFO - Processing file /home/airflow/.local/lib/python3.11/site-packages/airflow/example_dags/plugins/listener_plugin.py for tasks to queue
[2024-02-26T15:51:40.811+0000] {logging_mixin.py:188} INFO - [2024-02-26T15:51:40.811+0000] {dagbag.py:540} INFO - Filling up the DagBag from /home/airflow/.local/lib/python3.11/site-packages/airflow/example_dags/plugins/listener_plugin.py
[2024-02-26T15:51:40.814+0000] {processor.py:842} WARNING - No viable dags retrieved from /home/airflow/.local/lib/python3.11/site-packages/airflow/example_dags/plugins/listener_plugin.py
[2024-02-26T15:51:40.828+0000] {processor.py:183} INFO - Processing /home/airflow/.local/lib/python3.11/site-packages/airflow/example_dags/plugins/listener_plugin.py took 0.023 seconds
[2024-02-26T15:52:12.201+0000] {processor.py:161} INFO - Started process (PID=2174) to work on /home/airflow/.local/lib/python3.11/site-packages/airflow/example_dags/plugins/listener_plugin.py
[2024-02-26T15:52:12.204+0000] {processor.py:830} INFO - Processing file /home/airflow/.local/lib/python3.11/site-packages/airflow/example_dags/plugins/listener_plugin.py for tasks to queue
[2024-02-26T15:52:12.205+0000] {logging_mixin.py:188} INFO - [2024-02-26T15:52:12.205+0000] {dagbag.py:540} INFO - Filling up the DagBag from /home/airflow/.local/lib/python3.11/site-packages/airflow/example_dags/plugins/listener_plugin.py
[2024-02-26T15:52:12.209+0000] {processor.py:842} WARNING - No viable dags retrieved from /home/airflow/.local/lib/python3.11/site-packages/airflow/example_dags/plugins/listener_plugin.py
[2024-02-26T15:52:12.234+0000] {processor.py:183} INFO - Processing /home/airflow/.local/lib/python3.11/site-packages/airflow/example_dags/plugins/listener_plugin.py took 0.036 seconds
[2024-02-26T15:52:43.151+0000] {processor.py:161} INFO - Started process (PID=2437) to work on /home/airflow/.local/lib/python3.11/site-packages/airflow/example_dags/plugins/listener_plugin.py
[2024-02-26T15:52:43.153+0000] {processor.py:830} INFO - Processing file /home/airflow/.local/lib/python3.11/site-packages/airflow/example_dags/plugins/listener_plugin.py for tasks to queue
[2024-02-26T15:52:43.155+0000] {logging_mixin.py:188} INFO - [2024-02-26T15:52:43.154+0000] {dagbag.py:540} INFO - Filling up the DagBag from /home/airflow/.local/lib/python3.11/site-packages/airflow/example_dags/plugins/listener_plugin.py
[2024-02-26T15:52:43.158+0000] {processor.py:842} WARNING - No viable dags retrieved from /home/airflow/.local/lib/python3.11/site-packages/airflow/example_dags/plugins/listener_plugin.py
[2024-02-26T15:52:43.173+0000] {processor.py:183} INFO - Processing /home/airflow/.local/lib/python3.11/site-packages/airflow/example_dags/plugins/listener_plugin.py took 0.025 seconds
[2024-02-26T15:53:13.923+0000] {processor.py:161} INFO - Started process (PID=2685) to work on /home/airflow/.local/lib/python3.11/site-packages/airflow/example_dags/plugins/listener_plugin.py
[2024-02-26T15:53:13.928+0000] {processor.py:830} INFO - Processing file /home/airflow/.local/lib/python3.11/site-packages/airflow/example_dags/plugins/listener_plugin.py for tasks to queue
[2024-02-26T15:53:13.929+0000] {logging_mixin.py:188} INFO - [2024-02-26T15:53:13.929+0000] {dagbag.py:540} INFO - Filling up the DagBag from /home/airflow/.local/lib/python3.11/site-packages/airflow/example_dags/plugins/listener_plugin.py
[2024-02-26T15:53:13.932+0000] {processor.py:842} WARNING - No viable dags retrieved from /home/airflow/.local/lib/python3.11/site-packages/airflow/example_dags/plugins/listener_plugin.py
[2024-02-26T15:53:13.947+0000] {processor.py:183} INFO - Processing /home/airflow/.local/lib/python3.11/site-packages/airflow/example_dags/plugins/listener_plugin.py took 0.028 seconds
[2024-02-26T15:53:44.726+0000] {processor.py:161} INFO - Started process (PID=2932) to work on /home/airflow/.local/lib/python3.11/site-packages/airflow/example_dags/plugins/listener_plugin.py
[2024-02-26T15:53:44.728+0000] {processor.py:830} INFO - Processing file /home/airflow/.local/lib/python3.11/site-packages/airflow/example_dags/plugins/listener_plugin.py for tasks to queue
[2024-02-26T15:53:44.730+0000] {logging_mixin.py:188} INFO - [2024-02-26T15:53:44.729+0000] {dagbag.py:540} INFO - Filling up the DagBag from /home/airflow/.local/lib/python3.11/site-packages/airflow/example_dags/plugins/listener_plugin.py
[2024-02-26T15:53:44.732+0000] {processor.py:842} WARNING - No viable dags retrieved from /home/airflow/.local/lib/python3.11/site-packages/airflow/example_dags/plugins/listener_plugin.py
[2024-02-26T15:53:44.746+0000] {processor.py:183} INFO - Processing /home/airflow/.local/lib/python3.11/site-packages/airflow/example_dags/plugins/listener_plugin.py took 0.023 seconds
[2024-02-26T15:54:15.523+0000] {processor.py:161} INFO - Started process (PID=3179) to work on /home/airflow/.local/lib/python3.11/site-packages/airflow/example_dags/plugins/listener_plugin.py
[2024-02-26T15:54:15.525+0000] {processor.py:830} INFO - Processing file /home/airflow/.local/lib/python3.11/site-packages/airflow/example_dags/plugins/listener_plugin.py for tasks to queue
[2024-02-26T15:54:15.526+0000] {logging_mixin.py:188} INFO - [2024-02-26T15:54:15.526+0000] {dagbag.py:540} INFO - Filling up the DagBag from /home/airflow/.local/lib/python3.11/site-packages/airflow/example_dags/plugins/listener_plugin.py
[2024-02-26T15:54:15.529+0000] {processor.py:842} WARNING - No viable dags retrieved from /home/airflow/.local/lib/python3.11/site-packages/airflow/example_dags/plugins/listener_plugin.py
[2024-02-26T15:54:15.543+0000] {processor.py:183} INFO - Processing /home/airflow/.local/lib/python3.11/site-packages/airflow/example_dags/plugins/listener_plugin.py took 0.023 seconds
[2024-02-26T15:54:46.468+0000] {processor.py:161} INFO - Started process (PID=3426) to work on /home/airflow/.local/lib/python3.11/site-packages/airflow/example_dags/plugins/listener_plugin.py
[2024-02-26T15:54:46.469+0000] {processor.py:830} INFO - Processing file /home/airflow/.local/lib/python3.11/site-packages/airflow/example_dags/plugins/listener_plugin.py for tasks to queue
[2024-02-26T15:54:46.472+0000] {logging_mixin.py:188} INFO - [2024-02-26T15:54:46.471+0000] {dagbag.py:540} INFO - Filling up the DagBag from /home/airflow/.local/lib/python3.11/site-packages/airflow/example_dags/plugins/listener_plugin.py
[2024-02-26T15:54:46.475+0000] {processor.py:842} WARNING - No viable dags retrieved from /home/airflow/.local/lib/python3.11/site-packages/airflow/example_dags/plugins/listener_plugin.py
[2024-02-26T15:54:46.489+0000] {processor.py:183} INFO - Processing /home/airflow/.local/lib/python3.11/site-packages/airflow/example_dags/plugins/listener_plugin.py took 0.024 seconds
[2024-02-26T15:55:17.363+0000] {processor.py:161} INFO - Started process (PID=3671) to work on /home/airflow/.local/lib/python3.11/site-packages/airflow/example_dags/plugins/listener_plugin.py
[2024-02-26T15:55:17.365+0000] {processor.py:830} INFO - Processing file /home/airflow/.local/lib/python3.11/site-packages/airflow/example_dags/plugins/listener_plugin.py for tasks to queue
[2024-02-26T15:55:17.367+0000] {logging_mixin.py:188} INFO - [2024-02-26T15:55:17.366+0000] {dagbag.py:540} INFO - Filling up the DagBag from /home/airflow/.local/lib/python3.11/site-packages/airflow/example_dags/plugins/listener_plugin.py
[2024-02-26T15:55:17.369+0000] {processor.py:842} WARNING - No viable dags retrieved from /home/airflow/.local/lib/python3.11/site-packages/airflow/example_dags/plugins/listener_plugin.py
[2024-02-26T15:55:17.383+0000] {processor.py:183} INFO - Processing /home/airflow/.local/lib/python3.11/site-packages/airflow/example_dags/plugins/listener_plugin.py took 0.023 seconds
[2024-02-26T15:55:47.535+0000] {processor.py:161} INFO - Started process (PID=3913) to work on /home/airflow/.local/lib/python3.11/site-packages/airflow/example_dags/plugins/listener_plugin.py
[2024-02-26T15:55:47.537+0000] {processor.py:830} INFO - Processing file /home/airflow/.local/lib/python3.11/site-packages/airflow/example_dags/plugins/listener_plugin.py for tasks to queue
[2024-02-26T15:55:47.538+0000] {logging_mixin.py:188} INFO - [2024-02-26T15:55:47.538+0000] {dagbag.py:540} INFO - Filling up the DagBag from /home/airflow/.local/lib/python3.11/site-packages/airflow/example_dags/plugins/listener_plugin.py
[2024-02-26T15:55:47.541+0000] {processor.py:842} WARNING - No viable dags retrieved from /home/airflow/.local/lib/python3.11/site-packages/airflow/example_dags/plugins/listener_plugin.py
[2024-02-26T15:55:47.555+0000] {processor.py:183} INFO - Processing /home/airflow/.local/lib/python3.11/site-packages/airflow/example_dags/plugins/listener_plugin.py took 0.023 seconds
[2024-02-26T15:56:17.723+0000] {processor.py:161} INFO - Started process (PID=4160) to work on /home/airflow/.local/lib/python3.11/site-packages/airflow/example_dags/plugins/listener_plugin.py
[2024-02-26T15:56:17.725+0000] {processor.py:830} INFO - Processing file /home/airflow/.local/lib/python3.11/site-packages/airflow/example_dags/plugins/listener_plugin.py for tasks to queue
[2024-02-26T15:56:17.726+0000] {logging_mixin.py:188} INFO - [2024-02-26T15:56:17.726+0000] {dagbag.py:540} INFO - Filling up the DagBag from /home/airflow/.local/lib/python3.11/site-packages/airflow/example_dags/plugins/listener_plugin.py
[2024-02-26T15:56:17.729+0000] {processor.py:842} WARNING - No viable dags retrieved from /home/airflow/.local/lib/python3.11/site-packages/airflow/example_dags/plugins/listener_plugin.py
[2024-02-26T15:56:17.742+0000] {processor.py:183} INFO - Processing /home/airflow/.local/lib/python3.11/site-packages/airflow/example_dags/plugins/listener_plugin.py took 0.021 seconds
[2024-02-26T15:56:48.340+0000] {processor.py:161} INFO - Started process (PID=4408) to work on /home/airflow/.local/lib/python3.11/site-packages/airflow/example_dags/plugins/listener_plugin.py
[2024-02-26T15:56:48.343+0000] {processor.py:830} INFO - Processing file /home/airflow/.local/lib/python3.11/site-packages/airflow/example_dags/plugins/listener_plugin.py for tasks to queue
[2024-02-26T15:56:48.346+0000] {logging_mixin.py:188} INFO - [2024-02-26T15:56:48.345+0000] {dagbag.py:540} INFO - Filling up the DagBag from /home/airflow/.local/lib/python3.11/site-packages/airflow/example_dags/plugins/listener_plugin.py
[2024-02-26T15:56:48.361+0000] {processor.py:842} WARNING - No viable dags retrieved from /home/airflow/.local/lib/python3.11/site-packages/airflow/example_dags/plugins/listener_plugin.py
[2024-02-26T15:56:48.391+0000] {processor.py:183} INFO - Processing /home/airflow/.local/lib/python3.11/site-packages/airflow/example_dags/plugins/listener_plugin.py took 0.057 seconds
[2024-02-26T15:57:18.515+0000] {processor.py:161} INFO - Started process (PID=4655) to work on /home/airflow/.local/lib/python3.11/site-packages/airflow/example_dags/plugins/listener_plugin.py
[2024-02-26T15:57:18.517+0000] {processor.py:830} INFO - Processing file /home/airflow/.local/lib/python3.11/site-packages/airflow/example_dags/plugins/listener_plugin.py for tasks to queue
[2024-02-26T15:57:18.520+0000] {logging_mixin.py:188} INFO - [2024-02-26T15:57:18.519+0000] {dagbag.py:540} INFO - Filling up the DagBag from /home/airflow/.local/lib/python3.11/site-packages/airflow/example_dags/plugins/listener_plugin.py
[2024-02-26T15:57:18.524+0000] {processor.py:842} WARNING - No viable dags retrieved from /home/airflow/.local/lib/python3.11/site-packages/airflow/example_dags/plugins/listener_plugin.py
[2024-02-26T15:57:18.546+0000] {processor.py:183} INFO - Processing /home/airflow/.local/lib/python3.11/site-packages/airflow/example_dags/plugins/listener_plugin.py took 0.036 seconds
[2024-02-26T15:57:48.758+0000] {processor.py:161} INFO - Started process (PID=4902) to work on /home/airflow/.local/lib/python3.11/site-packages/airflow/example_dags/plugins/listener_plugin.py
[2024-02-26T15:57:48.760+0000] {processor.py:830} INFO - Processing file /home/airflow/.local/lib/python3.11/site-packages/airflow/example_dags/plugins/listener_plugin.py for tasks to queue
[2024-02-26T15:57:48.761+0000] {logging_mixin.py:188} INFO - [2024-02-26T15:57:48.761+0000] {dagbag.py:540} INFO - Filling up the DagBag from /home/airflow/.local/lib/python3.11/site-packages/airflow/example_dags/plugins/listener_plugin.py
[2024-02-26T15:57:48.765+0000] {processor.py:842} WARNING - No viable dags retrieved from /home/airflow/.local/lib/python3.11/site-packages/airflow/example_dags/plugins/listener_plugin.py
[2024-02-26T15:57:48.783+0000] {processor.py:183} INFO - Processing /home/airflow/.local/lib/python3.11/site-packages/airflow/example_dags/plugins/listener_plugin.py took 0.028 seconds
[2024-02-26T15:58:19.054+0000] {processor.py:161} INFO - Started process (PID=5149) to work on /home/airflow/.local/lib/python3.11/site-packages/airflow/example_dags/plugins/listener_plugin.py
[2024-02-26T15:58:19.056+0000] {processor.py:830} INFO - Processing file /home/airflow/.local/lib/python3.11/site-packages/airflow/example_dags/plugins/listener_plugin.py for tasks to queue
[2024-02-26T15:58:19.058+0000] {logging_mixin.py:188} INFO - [2024-02-26T15:58:19.057+0000] {dagbag.py:540} INFO - Filling up the DagBag from /home/airflow/.local/lib/python3.11/site-packages/airflow/example_dags/plugins/listener_plugin.py
[2024-02-26T15:58:19.061+0000] {processor.py:842} WARNING - No viable dags retrieved from /home/airflow/.local/lib/python3.11/site-packages/airflow/example_dags/plugins/listener_plugin.py
[2024-02-26T15:58:19.078+0000] {processor.py:183} INFO - Processing /home/airflow/.local/lib/python3.11/site-packages/airflow/example_dags/plugins/listener_plugin.py took 0.027 seconds
[2024-02-26T15:58:49.401+0000] {processor.py:161} INFO - Started process (PID=5397) to work on /home/airflow/.local/lib/python3.11/site-packages/airflow/example_dags/plugins/listener_plugin.py
[2024-02-26T15:58:49.402+0000] {processor.py:830} INFO - Processing file /home/airflow/.local/lib/python3.11/site-packages/airflow/example_dags/plugins/listener_plugin.py for tasks to queue
[2024-02-26T15:58:49.406+0000] {logging_mixin.py:188} INFO - [2024-02-26T15:58:49.404+0000] {dagbag.py:540} INFO - Filling up the DagBag from /home/airflow/.local/lib/python3.11/site-packages/airflow/example_dags/plugins/listener_plugin.py
[2024-02-26T15:58:49.410+0000] {processor.py:842} WARNING - No viable dags retrieved from /home/airflow/.local/lib/python3.11/site-packages/airflow/example_dags/plugins/listener_plugin.py
[2024-02-26T15:58:49.428+0000] {processor.py:183} INFO - Processing /home/airflow/.local/lib/python3.11/site-packages/airflow/example_dags/plugins/listener_plugin.py took 0.031 seconds
[2024-02-26T15:59:19.558+0000] {processor.py:161} INFO - Started process (PID=5645) to work on /home/airflow/.local/lib/python3.11/site-packages/airflow/example_dags/plugins/listener_plugin.py
[2024-02-26T15:59:19.559+0000] {processor.py:830} INFO - Processing file /home/airflow/.local/lib/python3.11/site-packages/airflow/example_dags/plugins/listener_plugin.py for tasks to queue
[2024-02-26T15:59:19.561+0000] {logging_mixin.py:188} INFO - [2024-02-26T15:59:19.560+0000] {dagbag.py:540} INFO - Filling up the DagBag from /home/airflow/.local/lib/python3.11/site-packages/airflow/example_dags/plugins/listener_plugin.py
[2024-02-26T15:59:19.563+0000] {processor.py:842} WARNING - No viable dags retrieved from /home/airflow/.local/lib/python3.11/site-packages/airflow/example_dags/plugins/listener_plugin.py
[2024-02-26T15:59:19.576+0000] {processor.py:183} INFO - Processing /home/airflow/.local/lib/python3.11/site-packages/airflow/example_dags/plugins/listener_plugin.py took 0.021 seconds
[2024-02-26T15:59:50.500+0000] {processor.py:161} INFO - Started process (PID=5892) to work on /home/airflow/.local/lib/python3.11/site-packages/airflow/example_dags/plugins/listener_plugin.py
[2024-02-26T15:59:50.502+0000] {processor.py:830} INFO - Processing file /home/airflow/.local/lib/python3.11/site-packages/airflow/example_dags/plugins/listener_plugin.py for tasks to queue
[2024-02-26T15:59:50.503+0000] {logging_mixin.py:188} INFO - [2024-02-26T15:59:50.503+0000] {dagbag.py:540} INFO - Filling up the DagBag from /home/airflow/.local/lib/python3.11/site-packages/airflow/example_dags/plugins/listener_plugin.py
[2024-02-26T15:59:50.506+0000] {processor.py:842} WARNING - No viable dags retrieved from /home/airflow/.local/lib/python3.11/site-packages/airflow/example_dags/plugins/listener_plugin.py
[2024-02-26T15:59:50.521+0000] {processor.py:183} INFO - Processing /home/airflow/.local/lib/python3.11/site-packages/airflow/example_dags/plugins/listener_plugin.py took 0.024 seconds
[2024-02-26T16:00:21.338+0000] {processor.py:161} INFO - Started process (PID=6139) to work on /home/airflow/.local/lib/python3.11/site-packages/airflow/example_dags/plugins/listener_plugin.py
[2024-02-26T16:00:21.339+0000] {processor.py:830} INFO - Processing file /home/airflow/.local/lib/python3.11/site-packages/airflow/example_dags/plugins/listener_plugin.py for tasks to queue
[2024-02-26T16:00:21.341+0000] {logging_mixin.py:188} INFO - [2024-02-26T16:00:21.340+0000] {dagbag.py:540} INFO - Filling up the DagBag from /home/airflow/.local/lib/python3.11/site-packages/airflow/example_dags/plugins/listener_plugin.py
[2024-02-26T16:00:21.344+0000] {processor.py:842} WARNING - No viable dags retrieved from /home/airflow/.local/lib/python3.11/site-packages/airflow/example_dags/plugins/listener_plugin.py
[2024-02-26T16:00:21.358+0000] {processor.py:183} INFO - Processing /home/airflow/.local/lib/python3.11/site-packages/airflow/example_dags/plugins/listener_plugin.py took 0.023 seconds
[2024-02-26T16:00:52.175+0000] {processor.py:161} INFO - Started process (PID=6385) to work on /home/airflow/.local/lib/python3.11/site-packages/airflow/example_dags/plugins/listener_plugin.py
[2024-02-26T16:00:52.176+0000] {processor.py:830} INFO - Processing file /home/airflow/.local/lib/python3.11/site-packages/airflow/example_dags/plugins/listener_plugin.py for tasks to queue
[2024-02-26T16:00:52.177+0000] {logging_mixin.py:188} INFO - [2024-02-26T16:00:52.177+0000] {dagbag.py:540} INFO - Filling up the DagBag from /home/airflow/.local/lib/python3.11/site-packages/airflow/example_dags/plugins/listener_plugin.py
[2024-02-26T16:00:52.180+0000] {processor.py:842} WARNING - No viable dags retrieved from /home/airflow/.local/lib/python3.11/site-packages/airflow/example_dags/plugins/listener_plugin.py
[2024-02-26T16:00:52.196+0000] {processor.py:183} INFO - Processing /home/airflow/.local/lib/python3.11/site-packages/airflow/example_dags/plugins/listener_plugin.py took 0.024 seconds
[2024-02-26T16:01:23.085+0000] {processor.py:161} INFO - Started process (PID=6632) to work on /home/airflow/.local/lib/python3.11/site-packages/airflow/example_dags/plugins/listener_plugin.py
[2024-02-26T16:01:23.087+0000] {processor.py:830} INFO - Processing file /home/airflow/.local/lib/python3.11/site-packages/airflow/example_dags/plugins/listener_plugin.py for tasks to queue
[2024-02-26T16:01:23.091+0000] {logging_mixin.py:188} INFO - [2024-02-26T16:01:23.090+0000] {dagbag.py:540} INFO - Filling up the DagBag from /home/airflow/.local/lib/python3.11/site-packages/airflow/example_dags/plugins/listener_plugin.py
[2024-02-26T16:01:23.097+0000] {processor.py:842} WARNING - No viable dags retrieved from /home/airflow/.local/lib/python3.11/site-packages/airflow/example_dags/plugins/listener_plugin.py
[2024-02-26T16:01:23.118+0000] {processor.py:183} INFO - Processing /home/airflow/.local/lib/python3.11/site-packages/airflow/example_dags/plugins/listener_plugin.py took 0.037 seconds
[2024-02-26T16:01:53.216+0000] {processor.py:161} INFO - Started process (PID=6879) to work on /home/airflow/.local/lib/python3.11/site-packages/airflow/example_dags/plugins/listener_plugin.py
[2024-02-26T16:01:53.217+0000] {processor.py:830} INFO - Processing file /home/airflow/.local/lib/python3.11/site-packages/airflow/example_dags/plugins/listener_plugin.py for tasks to queue
[2024-02-26T16:01:53.219+0000] {logging_mixin.py:188} INFO - [2024-02-26T16:01:53.218+0000] {dagbag.py:540} INFO - Filling up the DagBag from /home/airflow/.local/lib/python3.11/site-packages/airflow/example_dags/plugins/listener_plugin.py
[2024-02-26T16:01:53.221+0000] {processor.py:842} WARNING - No viable dags retrieved from /home/airflow/.local/lib/python3.11/site-packages/airflow/example_dags/plugins/listener_plugin.py
[2024-02-26T16:01:53.238+0000] {processor.py:183} INFO - Processing /home/airflow/.local/lib/python3.11/site-packages/airflow/example_dags/plugins/listener_plugin.py took 0.025 seconds
[2024-02-26T16:02:23.575+0000] {processor.py:161} INFO - Started process (PID=7126) to work on /home/airflow/.local/lib/python3.11/site-packages/airflow/example_dags/plugins/listener_plugin.py
[2024-02-26T16:02:23.577+0000] {processor.py:830} INFO - Processing file /home/airflow/.local/lib/python3.11/site-packages/airflow/example_dags/plugins/listener_plugin.py for tasks to queue
[2024-02-26T16:02:23.579+0000] {logging_mixin.py:188} INFO - [2024-02-26T16:02:23.578+0000] {dagbag.py:540} INFO - Filling up the DagBag from /home/airflow/.local/lib/python3.11/site-packages/airflow/example_dags/plugins/listener_plugin.py
[2024-02-26T16:02:23.581+0000] {processor.py:842} WARNING - No viable dags retrieved from /home/airflow/.local/lib/python3.11/site-packages/airflow/example_dags/plugins/listener_plugin.py
[2024-02-26T16:02:23.603+0000] {processor.py:183} INFO - Processing /home/airflow/.local/lib/python3.11/site-packages/airflow/example_dags/plugins/listener_plugin.py took 0.031 seconds
[2024-02-26T16:02:54.573+0000] {processor.py:161} INFO - Started process (PID=7373) to work on /home/airflow/.local/lib/python3.11/site-packages/airflow/example_dags/plugins/listener_plugin.py
[2024-02-26T16:02:54.574+0000] {processor.py:830} INFO - Processing file /home/airflow/.local/lib/python3.11/site-packages/airflow/example_dags/plugins/listener_plugin.py for tasks to queue
[2024-02-26T16:02:54.576+0000] {logging_mixin.py:188} INFO - [2024-02-26T16:02:54.575+0000] {dagbag.py:540} INFO - Filling up the DagBag from /home/airflow/.local/lib/python3.11/site-packages/airflow/example_dags/plugins/listener_plugin.py
[2024-02-26T16:02:54.579+0000] {processor.py:842} WARNING - No viable dags retrieved from /home/airflow/.local/lib/python3.11/site-packages/airflow/example_dags/plugins/listener_plugin.py
[2024-02-26T16:02:54.596+0000] {processor.py:183} INFO - Processing /home/airflow/.local/lib/python3.11/site-packages/airflow/example_dags/plugins/listener_plugin.py took 0.026 seconds
[2024-02-26T16:03:24.840+0000] {processor.py:161} INFO - Started process (PID=7620) to work on /home/airflow/.local/lib/python3.11/site-packages/airflow/example_dags/plugins/listener_plugin.py
[2024-02-26T16:03:24.842+0000] {processor.py:830} INFO - Processing file /home/airflow/.local/lib/python3.11/site-packages/airflow/example_dags/plugins/listener_plugin.py for tasks to queue
[2024-02-26T16:03:24.843+0000] {logging_mixin.py:188} INFO - [2024-02-26T16:03:24.843+0000] {dagbag.py:540} INFO - Filling up the DagBag from /home/airflow/.local/lib/python3.11/site-packages/airflow/example_dags/plugins/listener_plugin.py
[2024-02-26T16:03:24.846+0000] {processor.py:842} WARNING - No viable dags retrieved from /home/airflow/.local/lib/python3.11/site-packages/airflow/example_dags/plugins/listener_plugin.py
[2024-02-26T16:03:24.861+0000] {processor.py:183} INFO - Processing /home/airflow/.local/lib/python3.11/site-packages/airflow/example_dags/plugins/listener_plugin.py took 0.024 seconds
[2024-02-26T16:03:55.727+0000] {processor.py:161} INFO - Started process (PID=7868) to work on /home/airflow/.local/lib/python3.11/site-packages/airflow/example_dags/plugins/listener_plugin.py
[2024-02-26T16:03:55.729+0000] {processor.py:830} INFO - Processing file /home/airflow/.local/lib/python3.11/site-packages/airflow/example_dags/plugins/listener_plugin.py for tasks to queue
[2024-02-26T16:03:55.731+0000] {logging_mixin.py:188} INFO - [2024-02-26T16:03:55.731+0000] {dagbag.py:540} INFO - Filling up the DagBag from /home/airflow/.local/lib/python3.11/site-packages/airflow/example_dags/plugins/listener_plugin.py
[2024-02-26T16:03:55.735+0000] {processor.py:842} WARNING - No viable dags retrieved from /home/airflow/.local/lib/python3.11/site-packages/airflow/example_dags/plugins/listener_plugin.py
[2024-02-26T16:03:55.749+0000] {processor.py:183} INFO - Processing /home/airflow/.local/lib/python3.11/site-packages/airflow/example_dags/plugins/listener_plugin.py took 0.025 seconds
[2024-02-26T16:04:26.523+0000] {processor.py:161} INFO - Started process (PID=8115) to work on /home/airflow/.local/lib/python3.11/site-packages/airflow/example_dags/plugins/listener_plugin.py
[2024-02-26T16:04:26.525+0000] {processor.py:830} INFO - Processing file /home/airflow/.local/lib/python3.11/site-packages/airflow/example_dags/plugins/listener_plugin.py for tasks to queue
[2024-02-26T16:04:26.527+0000] {logging_mixin.py:188} INFO - [2024-02-26T16:04:26.526+0000] {dagbag.py:540} INFO - Filling up the DagBag from /home/airflow/.local/lib/python3.11/site-packages/airflow/example_dags/plugins/listener_plugin.py
[2024-02-26T16:04:26.530+0000] {processor.py:842} WARNING - No viable dags retrieved from /home/airflow/.local/lib/python3.11/site-packages/airflow/example_dags/plugins/listener_plugin.py
[2024-02-26T16:04:26.547+0000] {processor.py:183} INFO - Processing /home/airflow/.local/lib/python3.11/site-packages/airflow/example_dags/plugins/listener_plugin.py took 0.027 seconds
[2024-02-26T16:04:57.325+0000] {processor.py:161} INFO - Started process (PID=8362) to work on /home/airflow/.local/lib/python3.11/site-packages/airflow/example_dags/plugins/listener_plugin.py
[2024-02-26T16:04:57.327+0000] {processor.py:830} INFO - Processing file /home/airflow/.local/lib/python3.11/site-packages/airflow/example_dags/plugins/listener_plugin.py for tasks to queue
[2024-02-26T16:04:57.328+0000] {logging_mixin.py:188} INFO - [2024-02-26T16:04:57.328+0000] {dagbag.py:540} INFO - Filling up the DagBag from /home/airflow/.local/lib/python3.11/site-packages/airflow/example_dags/plugins/listener_plugin.py
[2024-02-26T16:04:57.331+0000] {processor.py:842} WARNING - No viable dags retrieved from /home/airflow/.local/lib/python3.11/site-packages/airflow/example_dags/plugins/listener_plugin.py
[2024-02-26T16:04:57.345+0000] {processor.py:183} INFO - Processing /home/airflow/.local/lib/python3.11/site-packages/airflow/example_dags/plugins/listener_plugin.py took 0.023 seconds
[2024-02-26T16:05:28.119+0000] {processor.py:161} INFO - Started process (PID=8615) to work on /home/airflow/.local/lib/python3.11/site-packages/airflow/example_dags/plugins/listener_plugin.py
[2024-02-26T16:05:28.120+0000] {processor.py:830} INFO - Processing file /home/airflow/.local/lib/python3.11/site-packages/airflow/example_dags/plugins/listener_plugin.py for tasks to queue
[2024-02-26T16:05:28.122+0000] {logging_mixin.py:188} INFO - [2024-02-26T16:05:28.121+0000] {dagbag.py:540} INFO - Filling up the DagBag from /home/airflow/.local/lib/python3.11/site-packages/airflow/example_dags/plugins/listener_plugin.py
[2024-02-26T16:05:28.125+0000] {processor.py:842} WARNING - No viable dags retrieved from /home/airflow/.local/lib/python3.11/site-packages/airflow/example_dags/plugins/listener_plugin.py
[2024-02-26T16:05:28.140+0000] {processor.py:183} INFO - Processing /home/airflow/.local/lib/python3.11/site-packages/airflow/example_dags/plugins/listener_plugin.py took 0.024 seconds
[2024-02-26T16:05:58.897+0000] {processor.py:161} INFO - Started process (PID=8862) to work on /home/airflow/.local/lib/python3.11/site-packages/airflow/example_dags/plugins/listener_plugin.py
[2024-02-26T16:05:58.898+0000] {processor.py:830} INFO - Processing file /home/airflow/.local/lib/python3.11/site-packages/airflow/example_dags/plugins/listener_plugin.py for tasks to queue
[2024-02-26T16:05:58.900+0000] {logging_mixin.py:188} INFO - [2024-02-26T16:05:58.900+0000] {dagbag.py:540} INFO - Filling up the DagBag from /home/airflow/.local/lib/python3.11/site-packages/airflow/example_dags/plugins/listener_plugin.py
[2024-02-26T16:05:58.904+0000] {processor.py:842} WARNING - No viable dags retrieved from /home/airflow/.local/lib/python3.11/site-packages/airflow/example_dags/plugins/listener_plugin.py
[2024-02-26T16:05:58.921+0000] {processor.py:183} INFO - Processing /home/airflow/.local/lib/python3.11/site-packages/airflow/example_dags/plugins/listener_plugin.py took 0.027 seconds
[2024-02-26T16:06:29.722+0000] {processor.py:161} INFO - Started process (PID=9109) to work on /home/airflow/.local/lib/python3.11/site-packages/airflow/example_dags/plugins/listener_plugin.py
[2024-02-26T16:06:29.727+0000] {processor.py:830} INFO - Processing file /home/airflow/.local/lib/python3.11/site-packages/airflow/example_dags/plugins/listener_plugin.py for tasks to queue
[2024-02-26T16:06:29.728+0000] {logging_mixin.py:188} INFO - [2024-02-26T16:06:29.728+0000] {dagbag.py:540} INFO - Filling up the DagBag from /home/airflow/.local/lib/python3.11/site-packages/airflow/example_dags/plugins/listener_plugin.py
[2024-02-26T16:06:29.732+0000] {processor.py:842} WARNING - No viable dags retrieved from /home/airflow/.local/lib/python3.11/site-packages/airflow/example_dags/plugins/listener_plugin.py
[2024-02-26T16:06:29.747+0000] {processor.py:183} INFO - Processing /home/airflow/.local/lib/python3.11/site-packages/airflow/example_dags/plugins/listener_plugin.py took 0.028 seconds
[2024-02-26T16:07:00.633+0000] {processor.py:161} INFO - Started process (PID=9356) to work on /home/airflow/.local/lib/python3.11/site-packages/airflow/example_dags/plugins/listener_plugin.py
[2024-02-26T16:07:00.635+0000] {processor.py:830} INFO - Processing file /home/airflow/.local/lib/python3.11/site-packages/airflow/example_dags/plugins/listener_plugin.py for tasks to queue
[2024-02-26T16:07:00.636+0000] {logging_mixin.py:188} INFO - [2024-02-26T16:07:00.636+0000] {dagbag.py:540} INFO - Filling up the DagBag from /home/airflow/.local/lib/python3.11/site-packages/airflow/example_dags/plugins/listener_plugin.py
[2024-02-26T16:07:00.639+0000] {processor.py:842} WARNING - No viable dags retrieved from /home/airflow/.local/lib/python3.11/site-packages/airflow/example_dags/plugins/listener_plugin.py
[2024-02-26T16:07:00.654+0000] {processor.py:183} INFO - Processing /home/airflow/.local/lib/python3.11/site-packages/airflow/example_dags/plugins/listener_plugin.py took 0.024 seconds
[2024-02-26T16:07:30.828+0000] {processor.py:161} INFO - Started process (PID=9603) to work on /home/airflow/.local/lib/python3.11/site-packages/airflow/example_dags/plugins/listener_plugin.py
[2024-02-26T16:07:30.832+0000] {processor.py:830} INFO - Processing file /home/airflow/.local/lib/python3.11/site-packages/airflow/example_dags/plugins/listener_plugin.py for tasks to queue
[2024-02-26T16:07:30.833+0000] {logging_mixin.py:188} INFO - [2024-02-26T16:07:30.833+0000] {dagbag.py:540} INFO - Filling up the DagBag from /home/airflow/.local/lib/python3.11/site-packages/airflow/example_dags/plugins/listener_plugin.py
[2024-02-26T16:07:30.836+0000] {processor.py:842} WARNING - No viable dags retrieved from /home/airflow/.local/lib/python3.11/site-packages/airflow/example_dags/plugins/listener_plugin.py
[2024-02-26T16:07:30.852+0000] {processor.py:183} INFO - Processing /home/airflow/.local/lib/python3.11/site-packages/airflow/example_dags/plugins/listener_plugin.py took 0.028 seconds
[2024-02-26T16:08:01.069+0000] {processor.py:161} INFO - Started process (PID=9850) to work on /home/airflow/.local/lib/python3.11/site-packages/airflow/example_dags/plugins/listener_plugin.py
[2024-02-26T16:08:01.072+0000] {processor.py:830} INFO - Processing file /home/airflow/.local/lib/python3.11/site-packages/airflow/example_dags/plugins/listener_plugin.py for tasks to queue
[2024-02-26T16:08:01.074+0000] {logging_mixin.py:188} INFO - [2024-02-26T16:08:01.073+0000] {dagbag.py:540} INFO - Filling up the DagBag from /home/airflow/.local/lib/python3.11/site-packages/airflow/example_dags/plugins/listener_plugin.py
[2024-02-26T16:08:01.076+0000] {processor.py:842} WARNING - No viable dags retrieved from /home/airflow/.local/lib/python3.11/site-packages/airflow/example_dags/plugins/listener_plugin.py
[2024-02-26T16:08:01.091+0000] {processor.py:183} INFO - Processing /home/airflow/.local/lib/python3.11/site-packages/airflow/example_dags/plugins/listener_plugin.py took 0.025 seconds
[2024-02-26T16:08:31.218+0000] {processor.py:161} INFO - Started process (PID=10097) to work on /home/airflow/.local/lib/python3.11/site-packages/airflow/example_dags/plugins/listener_plugin.py
[2024-02-26T16:08:31.220+0000] {processor.py:830} INFO - Processing file /home/airflow/.local/lib/python3.11/site-packages/airflow/example_dags/plugins/listener_plugin.py for tasks to queue
[2024-02-26T16:08:31.222+0000] {logging_mixin.py:188} INFO - [2024-02-26T16:08:31.221+0000] {dagbag.py:540} INFO - Filling up the DagBag from /home/airflow/.local/lib/python3.11/site-packages/airflow/example_dags/plugins/listener_plugin.py
[2024-02-26T16:08:31.225+0000] {processor.py:842} WARNING - No viable dags retrieved from /home/airflow/.local/lib/python3.11/site-packages/airflow/example_dags/plugins/listener_plugin.py
[2024-02-26T16:08:31.240+0000] {processor.py:183} INFO - Processing /home/airflow/.local/lib/python3.11/site-packages/airflow/example_dags/plugins/listener_plugin.py took 0.024 seconds
[2024-02-26T16:09:01.665+0000] {processor.py:161} INFO - Started process (PID=10344) to work on /home/airflow/.local/lib/python3.11/site-packages/airflow/example_dags/plugins/listener_plugin.py
[2024-02-26T16:09:01.666+0000] {processor.py:830} INFO - Processing file /home/airflow/.local/lib/python3.11/site-packages/airflow/example_dags/plugins/listener_plugin.py for tasks to queue
[2024-02-26T16:09:01.668+0000] {logging_mixin.py:188} INFO - [2024-02-26T16:09:01.667+0000] {dagbag.py:540} INFO - Filling up the DagBag from /home/airflow/.local/lib/python3.11/site-packages/airflow/example_dags/plugins/listener_plugin.py
[2024-02-26T16:09:01.674+0000] {processor.py:842} WARNING - No viable dags retrieved from /home/airflow/.local/lib/python3.11/site-packages/airflow/example_dags/plugins/listener_plugin.py
[2024-02-26T16:09:01.691+0000] {processor.py:183} INFO - Processing /home/airflow/.local/lib/python3.11/site-packages/airflow/example_dags/plugins/listener_plugin.py took 0.029 seconds
[2024-02-26T16:09:31.840+0000] {processor.py:161} INFO - Started process (PID=10591) to work on /home/airflow/.local/lib/python3.11/site-packages/airflow/example_dags/plugins/listener_plugin.py
[2024-02-26T16:09:31.843+0000] {processor.py:830} INFO - Processing file /home/airflow/.local/lib/python3.11/site-packages/airflow/example_dags/plugins/listener_plugin.py for tasks to queue
[2024-02-26T16:09:31.845+0000] {logging_mixin.py:188} INFO - [2024-02-26T16:09:31.845+0000] {dagbag.py:540} INFO - Filling up the DagBag from /home/airflow/.local/lib/python3.11/site-packages/airflow/example_dags/plugins/listener_plugin.py
[2024-02-26T16:09:31.852+0000] {processor.py:842} WARNING - No viable dags retrieved from /home/airflow/.local/lib/python3.11/site-packages/airflow/example_dags/plugins/listener_plugin.py
[2024-02-26T16:09:31.865+0000] {processor.py:183} INFO - Processing /home/airflow/.local/lib/python3.11/site-packages/airflow/example_dags/plugins/listener_plugin.py took 0.028 seconds
[2024-02-26T16:10:02.967+0000] {processor.py:161} INFO - Started process (PID=10838) to work on /home/airflow/.local/lib/python3.11/site-packages/airflow/example_dags/plugins/listener_plugin.py
[2024-02-26T16:10:02.970+0000] {processor.py:830} INFO - Processing file /home/airflow/.local/lib/python3.11/site-packages/airflow/example_dags/plugins/listener_plugin.py for tasks to queue
[2024-02-26T16:10:02.972+0000] {logging_mixin.py:188} INFO - [2024-02-26T16:10:02.972+0000] {dagbag.py:540} INFO - Filling up the DagBag from /home/airflow/.local/lib/python3.11/site-packages/airflow/example_dags/plugins/listener_plugin.py
[2024-02-26T16:10:02.975+0000] {processor.py:842} WARNING - No viable dags retrieved from /home/airflow/.local/lib/python3.11/site-packages/airflow/example_dags/plugins/listener_plugin.py
[2024-02-26T16:10:02.991+0000] {processor.py:183} INFO - Processing /home/airflow/.local/lib/python3.11/site-packages/airflow/example_dags/plugins/listener_plugin.py took 0.028 seconds
[2024-02-26T16:10:33.262+0000] {processor.py:161} INFO - Started process (PID=11087) to work on /home/airflow/.local/lib/python3.11/site-packages/airflow/example_dags/plugins/listener_plugin.py
[2024-02-26T16:10:33.264+0000] {processor.py:830} INFO - Processing file /home/airflow/.local/lib/python3.11/site-packages/airflow/example_dags/plugins/listener_plugin.py for tasks to queue
[2024-02-26T16:10:33.265+0000] {logging_mixin.py:188} INFO - [2024-02-26T16:10:33.265+0000] {dagbag.py:540} INFO - Filling up the DagBag from /home/airflow/.local/lib/python3.11/site-packages/airflow/example_dags/plugins/listener_plugin.py
[2024-02-26T16:10:33.271+0000] {processor.py:842} WARNING - No viable dags retrieved from /home/airflow/.local/lib/python3.11/site-packages/airflow/example_dags/plugins/listener_plugin.py
[2024-02-26T16:10:33.286+0000] {processor.py:183} INFO - Processing /home/airflow/.local/lib/python3.11/site-packages/airflow/example_dags/plugins/listener_plugin.py took 0.028 seconds
[2024-02-26T16:11:03.638+0000] {processor.py:161} INFO - Started process (PID=11332) to work on /home/airflow/.local/lib/python3.11/site-packages/airflow/example_dags/plugins/listener_plugin.py
[2024-02-26T16:11:03.640+0000] {processor.py:830} INFO - Processing file /home/airflow/.local/lib/python3.11/site-packages/airflow/example_dags/plugins/listener_plugin.py for tasks to queue
[2024-02-26T16:11:03.641+0000] {logging_mixin.py:188} INFO - [2024-02-26T16:11:03.641+0000] {dagbag.py:540} INFO - Filling up the DagBag from /home/airflow/.local/lib/python3.11/site-packages/airflow/example_dags/plugins/listener_plugin.py
[2024-02-26T16:11:03.644+0000] {processor.py:842} WARNING - No viable dags retrieved from /home/airflow/.local/lib/python3.11/site-packages/airflow/example_dags/plugins/listener_plugin.py
[2024-02-26T16:11:03.659+0000] {processor.py:183} INFO - Processing /home/airflow/.local/lib/python3.11/site-packages/airflow/example_dags/plugins/listener_plugin.py took 0.024 seconds
[2024-02-26T16:11:33.841+0000] {processor.py:161} INFO - Started process (PID=11579) to work on /home/airflow/.local/lib/python3.11/site-packages/airflow/example_dags/plugins/listener_plugin.py
[2024-02-26T16:11:33.842+0000] {processor.py:830} INFO - Processing file /home/airflow/.local/lib/python3.11/site-packages/airflow/example_dags/plugins/listener_plugin.py for tasks to queue
[2024-02-26T16:11:33.846+0000] {logging_mixin.py:188} INFO - [2024-02-26T16:11:33.846+0000] {dagbag.py:540} INFO - Filling up the DagBag from /home/airflow/.local/lib/python3.11/site-packages/airflow/example_dags/plugins/listener_plugin.py
[2024-02-26T16:11:33.849+0000] {processor.py:842} WARNING - No viable dags retrieved from /home/airflow/.local/lib/python3.11/site-packages/airflow/example_dags/plugins/listener_plugin.py
[2024-02-26T16:11:33.863+0000] {processor.py:183} INFO - Processing /home/airflow/.local/lib/python3.11/site-packages/airflow/example_dags/plugins/listener_plugin.py took 0.025 seconds
[2024-02-26T16:12:04.911+0000] {processor.py:161} INFO - Started process (PID=11826) to work on /home/airflow/.local/lib/python3.11/site-packages/airflow/example_dags/plugins/listener_plugin.py
[2024-02-26T16:12:04.912+0000] {processor.py:830} INFO - Processing file /home/airflow/.local/lib/python3.11/site-packages/airflow/example_dags/plugins/listener_plugin.py for tasks to queue
[2024-02-26T16:12:04.914+0000] {logging_mixin.py:188} INFO - [2024-02-26T16:12:04.913+0000] {dagbag.py:540} INFO - Filling up the DagBag from /home/airflow/.local/lib/python3.11/site-packages/airflow/example_dags/plugins/listener_plugin.py
[2024-02-26T16:12:04.917+0000] {processor.py:842} WARNING - No viable dags retrieved from /home/airflow/.local/lib/python3.11/site-packages/airflow/example_dags/plugins/listener_plugin.py
[2024-02-26T16:12:04.931+0000] {processor.py:183} INFO - Processing /home/airflow/.local/lib/python3.11/site-packages/airflow/example_dags/plugins/listener_plugin.py took 0.023 seconds
[2024-02-26T16:12:35.099+0000] {processor.py:161} INFO - Started process (PID=12074) to work on /home/airflow/.local/lib/python3.11/site-packages/airflow/example_dags/plugins/listener_plugin.py
[2024-02-26T16:12:35.101+0000] {processor.py:830} INFO - Processing file /home/airflow/.local/lib/python3.11/site-packages/airflow/example_dags/plugins/listener_plugin.py for tasks to queue
[2024-02-26T16:12:35.103+0000] {logging_mixin.py:188} INFO - [2024-02-26T16:12:35.102+0000] {dagbag.py:540} INFO - Filling up the DagBag from /home/airflow/.local/lib/python3.11/site-packages/airflow/example_dags/plugins/listener_plugin.py
[2024-02-26T16:12:35.106+0000] {processor.py:842} WARNING - No viable dags retrieved from /home/airflow/.local/lib/python3.11/site-packages/airflow/example_dags/plugins/listener_plugin.py
[2024-02-26T16:12:35.123+0000] {processor.py:183} INFO - Processing /home/airflow/.local/lib/python3.11/site-packages/airflow/example_dags/plugins/listener_plugin.py took 0.027 seconds
[2024-02-26T16:13:05.226+0000] {processor.py:161} INFO - Started process (PID=12321) to work on /home/airflow/.local/lib/python3.11/site-packages/airflow/example_dags/plugins/listener_plugin.py
[2024-02-26T16:13:05.228+0000] {processor.py:830} INFO - Processing file /home/airflow/.local/lib/python3.11/site-packages/airflow/example_dags/plugins/listener_plugin.py for tasks to queue
[2024-02-26T16:13:05.229+0000] {logging_mixin.py:188} INFO - [2024-02-26T16:13:05.229+0000] {dagbag.py:540} INFO - Filling up the DagBag from /home/airflow/.local/lib/python3.11/site-packages/airflow/example_dags/plugins/listener_plugin.py
[2024-02-26T16:13:05.233+0000] {processor.py:842} WARNING - No viable dags retrieved from /home/airflow/.local/lib/python3.11/site-packages/airflow/example_dags/plugins/listener_plugin.py
[2024-02-26T16:13:05.247+0000] {processor.py:183} INFO - Processing /home/airflow/.local/lib/python3.11/site-packages/airflow/example_dags/plugins/listener_plugin.py took 0.026 seconds
[2024-02-26T16:13:35.424+0000] {processor.py:161} INFO - Started process (PID=12569) to work on /home/airflow/.local/lib/python3.11/site-packages/airflow/example_dags/plugins/listener_plugin.py
[2024-02-26T16:13:35.426+0000] {processor.py:830} INFO - Processing file /home/airflow/.local/lib/python3.11/site-packages/airflow/example_dags/plugins/listener_plugin.py for tasks to queue
[2024-02-26T16:13:35.428+0000] {logging_mixin.py:188} INFO - [2024-02-26T16:13:35.428+0000] {dagbag.py:540} INFO - Filling up the DagBag from /home/airflow/.local/lib/python3.11/site-packages/airflow/example_dags/plugins/listener_plugin.py
[2024-02-26T16:13:35.432+0000] {processor.py:842} WARNING - No viable dags retrieved from /home/airflow/.local/lib/python3.11/site-packages/airflow/example_dags/plugins/listener_plugin.py
[2024-02-26T16:13:35.446+0000] {processor.py:183} INFO - Processing /home/airflow/.local/lib/python3.11/site-packages/airflow/example_dags/plugins/listener_plugin.py took 0.025 seconds
[2024-02-26T16:14:05.917+0000] {processor.py:161} INFO - Started process (PID=12815) to work on /home/airflow/.local/lib/python3.11/site-packages/airflow/example_dags/plugins/listener_plugin.py
[2024-02-26T16:14:05.919+0000] {processor.py:830} INFO - Processing file /home/airflow/.local/lib/python3.11/site-packages/airflow/example_dags/plugins/listener_plugin.py for tasks to queue
[2024-02-26T16:14:05.921+0000] {logging_mixin.py:188} INFO - [2024-02-26T16:14:05.920+0000] {dagbag.py:540} INFO - Filling up the DagBag from /home/airflow/.local/lib/python3.11/site-packages/airflow/example_dags/plugins/listener_plugin.py
[2024-02-26T16:14:05.924+0000] {processor.py:842} WARNING - No viable dags retrieved from /home/airflow/.local/lib/python3.11/site-packages/airflow/example_dags/plugins/listener_plugin.py
[2024-02-26T16:14:05.939+0000] {processor.py:183} INFO - Processing /home/airflow/.local/lib/python3.11/site-packages/airflow/example_dags/plugins/listener_plugin.py took 0.025 seconds
[2024-02-26T16:14:36.099+0000] {processor.py:161} INFO - Started process (PID=13062) to work on /home/airflow/.local/lib/python3.11/site-packages/airflow/example_dags/plugins/listener_plugin.py
[2024-02-26T16:14:36.102+0000] {processor.py:830} INFO - Processing file /home/airflow/.local/lib/python3.11/site-packages/airflow/example_dags/plugins/listener_plugin.py for tasks to queue
[2024-02-26T16:14:36.103+0000] {logging_mixin.py:188} INFO - [2024-02-26T16:14:36.103+0000] {dagbag.py:540} INFO - Filling up the DagBag from /home/airflow/.local/lib/python3.11/site-packages/airflow/example_dags/plugins/listener_plugin.py
[2024-02-26T16:14:36.106+0000] {processor.py:842} WARNING - No viable dags retrieved from /home/airflow/.local/lib/python3.11/site-packages/airflow/example_dags/plugins/listener_plugin.py
[2024-02-26T16:14:36.121+0000] {processor.py:183} INFO - Processing /home/airflow/.local/lib/python3.11/site-packages/airflow/example_dags/plugins/listener_plugin.py took 0.025 seconds
