[2024-02-26T15:48:36.181+0000] {processor.py:161} INFO - Started process (PID=361) to work on /home/airflow/.local/lib/python3.11/site-packages/airflow/example_dags/example_time_delta_sensor_async.py
[2024-02-26T15:48:36.183+0000] {processor.py:830} INFO - Processing file /home/airflow/.local/lib/python3.11/site-packages/airflow/example_dags/example_time_delta_sensor_async.py for tasks to queue
[2024-02-26T15:48:36.184+0000] {logging_mixin.py:188} INFO - [2024-02-26T15:48:36.184+0000] {dagbag.py:540} INFO - Filling up the DagBag from /home/airflow/.local/lib/python3.11/site-packages/airflow/example_dags/example_time_delta_sensor_async.py
[2024-02-26T15:48:36.191+0000] {processor.py:840} INFO - DAG(s) 'example_time_delta_sensor_async' retrieved from /home/airflow/.local/lib/python3.11/site-packages/airflow/example_dags/example_time_delta_sensor_async.py
[2024-02-26T15:48:36.204+0000] {logging_mixin.py:188} INFO - [2024-02-26T15:48:36.204+0000] {dag.py:3047} INFO - Sync 1 DAGs
[2024-02-26T15:48:36.217+0000] {logging_mixin.py:188} INFO - [2024-02-26T15:48:36.217+0000] {dag.py:3834} INFO - Setting next_dagrun for example_time_delta_sensor_async to None, run_after=None
[2024-02-26T15:48:36.230+0000] {processor.py:183} INFO - Processing /home/airflow/.local/lib/python3.11/site-packages/airflow/example_dags/example_time_delta_sensor_async.py took 0.053 seconds
[2024-02-26T15:49:07.160+0000] {processor.py:161} INFO - Started process (PID=608) to work on /home/airflow/.local/lib/python3.11/site-packages/airflow/example_dags/example_time_delta_sensor_async.py
[2024-02-26T15:49:07.162+0000] {processor.py:830} INFO - Processing file /home/airflow/.local/lib/python3.11/site-packages/airflow/example_dags/example_time_delta_sensor_async.py for tasks to queue
[2024-02-26T15:49:07.164+0000] {logging_mixin.py:188} INFO - [2024-02-26T15:49:07.163+0000] {dagbag.py:540} INFO - Filling up the DagBag from /home/airflow/.local/lib/python3.11/site-packages/airflow/example_dags/example_time_delta_sensor_async.py
[2024-02-26T15:49:07.170+0000] {processor.py:840} INFO - DAG(s) 'example_time_delta_sensor_async' retrieved from /home/airflow/.local/lib/python3.11/site-packages/airflow/example_dags/example_time_delta_sensor_async.py
[2024-02-26T15:49:07.233+0000] {logging_mixin.py:188} INFO - [2024-02-26T15:49:07.233+0000] {dag.py:3047} INFO - Sync 1 DAGs
[2024-02-26T15:49:07.239+0000] {logging_mixin.py:188} INFO - [2024-02-26T15:49:07.239+0000] {dag.py:3834} INFO - Setting next_dagrun for example_time_delta_sensor_async to None, run_after=None
[2024-02-26T15:49:07.251+0000] {processor.py:183} INFO - Processing /home/airflow/.local/lib/python3.11/site-packages/airflow/example_dags/example_time_delta_sensor_async.py took 0.096 seconds
[2024-02-26T15:49:37.792+0000] {processor.py:161} INFO - Started process (PID=853) to work on /home/airflow/.local/lib/python3.11/site-packages/airflow/example_dags/example_time_delta_sensor_async.py
[2024-02-26T15:49:37.794+0000] {processor.py:830} INFO - Processing file /home/airflow/.local/lib/python3.11/site-packages/airflow/example_dags/example_time_delta_sensor_async.py for tasks to queue
[2024-02-26T15:49:37.795+0000] {logging_mixin.py:188} INFO - [2024-02-26T15:49:37.795+0000] {dagbag.py:540} INFO - Filling up the DagBag from /home/airflow/.local/lib/python3.11/site-packages/airflow/example_dags/example_time_delta_sensor_async.py
[2024-02-26T15:49:37.800+0000] {processor.py:840} INFO - DAG(s) 'example_time_delta_sensor_async' retrieved from /home/airflow/.local/lib/python3.11/site-packages/airflow/example_dags/example_time_delta_sensor_async.py
[2024-02-26T15:49:37.819+0000] {logging_mixin.py:188} INFO - [2024-02-26T15:49:37.819+0000] {dag.py:3047} INFO - Sync 1 DAGs
[2024-02-26T15:49:37.827+0000] {logging_mixin.py:188} INFO - [2024-02-26T15:49:37.827+0000] {dag.py:3834} INFO - Setting next_dagrun for example_time_delta_sensor_async to None, run_after=None
[2024-02-26T15:49:37.838+0000] {processor.py:183} INFO - Processing /home/airflow/.local/lib/python3.11/site-packages/airflow/example_dags/example_time_delta_sensor_async.py took 0.048 seconds
[2024-02-26T15:50:08.658+0000] {processor.py:161} INFO - Started process (PID=1103) to work on /home/airflow/.local/lib/python3.11/site-packages/airflow/example_dags/example_time_delta_sensor_async.py
[2024-02-26T15:50:08.660+0000] {processor.py:830} INFO - Processing file /home/airflow/.local/lib/python3.11/site-packages/airflow/example_dags/example_time_delta_sensor_async.py for tasks to queue
[2024-02-26T15:50:08.662+0000] {logging_mixin.py:188} INFO - [2024-02-26T15:50:08.661+0000] {dagbag.py:540} INFO - Filling up the DagBag from /home/airflow/.local/lib/python3.11/site-packages/airflow/example_dags/example_time_delta_sensor_async.py
[2024-02-26T15:50:08.666+0000] {processor.py:840} INFO - DAG(s) 'example_time_delta_sensor_async' retrieved from /home/airflow/.local/lib/python3.11/site-packages/airflow/example_dags/example_time_delta_sensor_async.py
[2024-02-26T15:50:08.686+0000] {logging_mixin.py:188} INFO - [2024-02-26T15:50:08.685+0000] {dag.py:3047} INFO - Sync 1 DAGs
[2024-02-26T15:50:08.694+0000] {logging_mixin.py:188} INFO - [2024-02-26T15:50:08.694+0000] {dag.py:3834} INFO - Setting next_dagrun for example_time_delta_sensor_async to None, run_after=None
[2024-02-26T15:50:08.704+0000] {processor.py:183} INFO - Processing /home/airflow/.local/lib/python3.11/site-packages/airflow/example_dags/example_time_delta_sensor_async.py took 0.049 seconds
[2024-02-26T15:50:38.923+0000] {processor.py:161} INFO - Started process (PID=1347) to work on /home/airflow/.local/lib/python3.11/site-packages/airflow/example_dags/example_time_delta_sensor_async.py
[2024-02-26T15:50:38.925+0000] {processor.py:830} INFO - Processing file /home/airflow/.local/lib/python3.11/site-packages/airflow/example_dags/example_time_delta_sensor_async.py for tasks to queue
[2024-02-26T15:50:38.928+0000] {logging_mixin.py:188} INFO - [2024-02-26T15:50:38.927+0000] {dagbag.py:540} INFO - Filling up the DagBag from /home/airflow/.local/lib/python3.11/site-packages/airflow/example_dags/example_time_delta_sensor_async.py
[2024-02-26T15:50:38.933+0000] {processor.py:840} INFO - DAG(s) 'example_time_delta_sensor_async' retrieved from /home/airflow/.local/lib/python3.11/site-packages/airflow/example_dags/example_time_delta_sensor_async.py
[2024-02-26T15:50:38.952+0000] {logging_mixin.py:188} INFO - [2024-02-26T15:50:38.952+0000] {dag.py:3047} INFO - Sync 1 DAGs
[2024-02-26T15:50:38.960+0000] {logging_mixin.py:188} INFO - [2024-02-26T15:50:38.959+0000] {dag.py:3834} INFO - Setting next_dagrun for example_time_delta_sensor_async to None, run_after=None
[2024-02-26T15:50:38.972+0000] {processor.py:183} INFO - Processing /home/airflow/.local/lib/python3.11/site-packages/airflow/example_dags/example_time_delta_sensor_async.py took 0.052 seconds
[2024-02-26T15:51:09.653+0000] {processor.py:161} INFO - Started process (PID=1594) to work on /home/airflow/.local/lib/python3.11/site-packages/airflow/example_dags/example_time_delta_sensor_async.py
[2024-02-26T15:51:09.655+0000] {processor.py:830} INFO - Processing file /home/airflow/.local/lib/python3.11/site-packages/airflow/example_dags/example_time_delta_sensor_async.py for tasks to queue
[2024-02-26T15:51:09.657+0000] {logging_mixin.py:188} INFO - [2024-02-26T15:51:09.656+0000] {dagbag.py:540} INFO - Filling up the DagBag from /home/airflow/.local/lib/python3.11/site-packages/airflow/example_dags/example_time_delta_sensor_async.py
[2024-02-26T15:51:09.663+0000] {processor.py:840} INFO - DAG(s) 'example_time_delta_sensor_async' retrieved from /home/airflow/.local/lib/python3.11/site-packages/airflow/example_dags/example_time_delta_sensor_async.py
[2024-02-26T15:51:09.685+0000] {logging_mixin.py:188} INFO - [2024-02-26T15:51:09.685+0000] {dag.py:3047} INFO - Sync 1 DAGs
[2024-02-26T15:51:09.695+0000] {logging_mixin.py:188} INFO - [2024-02-26T15:51:09.695+0000] {dag.py:3834} INFO - Setting next_dagrun for example_time_delta_sensor_async to None, run_after=None
[2024-02-26T15:51:09.710+0000] {processor.py:183} INFO - Processing /home/airflow/.local/lib/python3.11/site-packages/airflow/example_dags/example_time_delta_sensor_async.py took 0.060 seconds
[2024-02-26T15:51:40.522+0000] {processor.py:161} INFO - Started process (PID=1841) to work on /home/airflow/.local/lib/python3.11/site-packages/airflow/example_dags/example_time_delta_sensor_async.py
[2024-02-26T15:51:40.527+0000] {processor.py:830} INFO - Processing file /home/airflow/.local/lib/python3.11/site-packages/airflow/example_dags/example_time_delta_sensor_async.py for tasks to queue
[2024-02-26T15:51:40.528+0000] {logging_mixin.py:188} INFO - [2024-02-26T15:51:40.528+0000] {dagbag.py:540} INFO - Filling up the DagBag from /home/airflow/.local/lib/python3.11/site-packages/airflow/example_dags/example_time_delta_sensor_async.py
[2024-02-26T15:51:40.536+0000] {processor.py:840} INFO - DAG(s) 'example_time_delta_sensor_async' retrieved from /home/airflow/.local/lib/python3.11/site-packages/airflow/example_dags/example_time_delta_sensor_async.py
[2024-02-26T15:51:40.570+0000] {logging_mixin.py:188} INFO - [2024-02-26T15:51:40.570+0000] {dag.py:3047} INFO - Sync 1 DAGs
[2024-02-26T15:51:40.580+0000] {logging_mixin.py:188} INFO - [2024-02-26T15:51:40.580+0000] {dag.py:3834} INFO - Setting next_dagrun for example_time_delta_sensor_async to None, run_after=None
[2024-02-26T15:51:40.593+0000] {processor.py:183} INFO - Processing /home/airflow/.local/lib/python3.11/site-packages/airflow/example_dags/example_time_delta_sensor_async.py took 0.074 seconds
[2024-02-26T15:52:11.531+0000] {processor.py:161} INFO - Started process (PID=2141) to work on /home/airflow/.local/lib/python3.11/site-packages/airflow/example_dags/example_time_delta_sensor_async.py
[2024-02-26T15:52:11.535+0000] {processor.py:830} INFO - Processing file /home/airflow/.local/lib/python3.11/site-packages/airflow/example_dags/example_time_delta_sensor_async.py for tasks to queue
[2024-02-26T15:52:11.537+0000] {logging_mixin.py:188} INFO - [2024-02-26T15:52:11.537+0000] {dagbag.py:540} INFO - Filling up the DagBag from /home/airflow/.local/lib/python3.11/site-packages/airflow/example_dags/example_time_delta_sensor_async.py
[2024-02-26T15:52:11.550+0000] {processor.py:840} INFO - DAG(s) 'example_time_delta_sensor_async' retrieved from /home/airflow/.local/lib/python3.11/site-packages/airflow/example_dags/example_time_delta_sensor_async.py
[2024-02-26T15:52:11.602+0000] {logging_mixin.py:188} INFO - [2024-02-26T15:52:11.601+0000] {dag.py:3047} INFO - Sync 1 DAGs
[2024-02-26T15:52:11.625+0000] {logging_mixin.py:188} INFO - [2024-02-26T15:52:11.625+0000] {dag.py:3834} INFO - Setting next_dagrun for example_time_delta_sensor_async to None, run_after=None
[2024-02-26T15:52:11.657+0000] {processor.py:183} INFO - Processing /home/airflow/.local/lib/python3.11/site-packages/airflow/example_dags/example_time_delta_sensor_async.py took 0.130 seconds
[2024-02-26T15:52:41.808+0000] {processor.py:161} INFO - Started process (PID=2407) to work on /home/airflow/.local/lib/python3.11/site-packages/airflow/example_dags/example_time_delta_sensor_async.py
[2024-02-26T15:52:41.809+0000] {processor.py:830} INFO - Processing file /home/airflow/.local/lib/python3.11/site-packages/airflow/example_dags/example_time_delta_sensor_async.py for tasks to queue
[2024-02-26T15:52:41.811+0000] {logging_mixin.py:188} INFO - [2024-02-26T15:52:41.810+0000] {dagbag.py:540} INFO - Filling up the DagBag from /home/airflow/.local/lib/python3.11/site-packages/airflow/example_dags/example_time_delta_sensor_async.py
[2024-02-26T15:52:41.815+0000] {processor.py:840} INFO - DAG(s) 'example_time_delta_sensor_async' retrieved from /home/airflow/.local/lib/python3.11/site-packages/airflow/example_dags/example_time_delta_sensor_async.py
[2024-02-26T15:52:41.835+0000] {logging_mixin.py:188} INFO - [2024-02-26T15:52:41.835+0000] {dag.py:3047} INFO - Sync 1 DAGs
[2024-02-26T15:52:41.843+0000] {logging_mixin.py:188} INFO - [2024-02-26T15:52:41.843+0000] {dag.py:3834} INFO - Setting next_dagrun for example_time_delta_sensor_async to None, run_after=None
[2024-02-26T15:52:41.856+0000] {processor.py:183} INFO - Processing /home/airflow/.local/lib/python3.11/site-packages/airflow/example_dags/example_time_delta_sensor_async.py took 0.051 seconds
[2024-02-26T15:53:12.587+0000] {processor.py:161} INFO - Started process (PID=2654) to work on /home/airflow/.local/lib/python3.11/site-packages/airflow/example_dags/example_time_delta_sensor_async.py
[2024-02-26T15:53:12.589+0000] {processor.py:830} INFO - Processing file /home/airflow/.local/lib/python3.11/site-packages/airflow/example_dags/example_time_delta_sensor_async.py for tasks to queue
[2024-02-26T15:53:12.591+0000] {logging_mixin.py:188} INFO - [2024-02-26T15:53:12.590+0000] {dagbag.py:540} INFO - Filling up the DagBag from /home/airflow/.local/lib/python3.11/site-packages/airflow/example_dags/example_time_delta_sensor_async.py
[2024-02-26T15:53:12.595+0000] {processor.py:840} INFO - DAG(s) 'example_time_delta_sensor_async' retrieved from /home/airflow/.local/lib/python3.11/site-packages/airflow/example_dags/example_time_delta_sensor_async.py
[2024-02-26T15:53:12.616+0000] {logging_mixin.py:188} INFO - [2024-02-26T15:53:12.615+0000] {dag.py:3047} INFO - Sync 1 DAGs
[2024-02-26T15:53:12.624+0000] {logging_mixin.py:188} INFO - [2024-02-26T15:53:12.624+0000] {dag.py:3834} INFO - Setting next_dagrun for example_time_delta_sensor_async to None, run_after=None
[2024-02-26T15:53:12.636+0000] {processor.py:183} INFO - Processing /home/airflow/.local/lib/python3.11/site-packages/airflow/example_dags/example_time_delta_sensor_async.py took 0.052 seconds
[2024-02-26T15:53:43.446+0000] {processor.py:161} INFO - Started process (PID=2903) to work on /home/airflow/.local/lib/python3.11/site-packages/airflow/example_dags/example_time_delta_sensor_async.py
[2024-02-26T15:53:43.447+0000] {processor.py:830} INFO - Processing file /home/airflow/.local/lib/python3.11/site-packages/airflow/example_dags/example_time_delta_sensor_async.py for tasks to queue
[2024-02-26T15:53:43.449+0000] {logging_mixin.py:188} INFO - [2024-02-26T15:53:43.448+0000] {dagbag.py:540} INFO - Filling up the DagBag from /home/airflow/.local/lib/python3.11/site-packages/airflow/example_dags/example_time_delta_sensor_async.py
[2024-02-26T15:53:43.453+0000] {processor.py:840} INFO - DAG(s) 'example_time_delta_sensor_async' retrieved from /home/airflow/.local/lib/python3.11/site-packages/airflow/example_dags/example_time_delta_sensor_async.py
[2024-02-26T15:53:43.472+0000] {logging_mixin.py:188} INFO - [2024-02-26T15:53:43.472+0000] {dag.py:3047} INFO - Sync 1 DAGs
[2024-02-26T15:53:43.480+0000] {logging_mixin.py:188} INFO - [2024-02-26T15:53:43.480+0000] {dag.py:3834} INFO - Setting next_dagrun for example_time_delta_sensor_async to None, run_after=None
[2024-02-26T15:53:43.490+0000] {processor.py:183} INFO - Processing /home/airflow/.local/lib/python3.11/site-packages/airflow/example_dags/example_time_delta_sensor_async.py took 0.048 seconds
[2024-02-26T15:54:14.172+0000] {processor.py:161} INFO - Started process (PID=3148) to work on /home/airflow/.local/lib/python3.11/site-packages/airflow/example_dags/example_time_delta_sensor_async.py
[2024-02-26T15:54:14.174+0000] {processor.py:830} INFO - Processing file /home/airflow/.local/lib/python3.11/site-packages/airflow/example_dags/example_time_delta_sensor_async.py for tasks to queue
[2024-02-26T15:54:14.175+0000] {logging_mixin.py:188} INFO - [2024-02-26T15:54:14.175+0000] {dagbag.py:540} INFO - Filling up the DagBag from /home/airflow/.local/lib/python3.11/site-packages/airflow/example_dags/example_time_delta_sensor_async.py
[2024-02-26T15:54:14.180+0000] {processor.py:840} INFO - DAG(s) 'example_time_delta_sensor_async' retrieved from /home/airflow/.local/lib/python3.11/site-packages/airflow/example_dags/example_time_delta_sensor_async.py
[2024-02-26T15:54:14.200+0000] {logging_mixin.py:188} INFO - [2024-02-26T15:54:14.200+0000] {dag.py:3047} INFO - Sync 1 DAGs
[2024-02-26T15:54:14.209+0000] {logging_mixin.py:188} INFO - [2024-02-26T15:54:14.209+0000] {dag.py:3834} INFO - Setting next_dagrun for example_time_delta_sensor_async to None, run_after=None
[2024-02-26T15:54:14.221+0000] {processor.py:183} INFO - Processing /home/airflow/.local/lib/python3.11/site-packages/airflow/example_dags/example_time_delta_sensor_async.py took 0.052 seconds
[2024-02-26T15:54:45.192+0000] {processor.py:161} INFO - Started process (PID=3397) to work on /home/airflow/.local/lib/python3.11/site-packages/airflow/example_dags/example_time_delta_sensor_async.py
[2024-02-26T15:54:45.194+0000] {processor.py:830} INFO - Processing file /home/airflow/.local/lib/python3.11/site-packages/airflow/example_dags/example_time_delta_sensor_async.py for tasks to queue
[2024-02-26T15:54:45.195+0000] {logging_mixin.py:188} INFO - [2024-02-26T15:54:45.195+0000] {dagbag.py:540} INFO - Filling up the DagBag from /home/airflow/.local/lib/python3.11/site-packages/airflow/example_dags/example_time_delta_sensor_async.py
[2024-02-26T15:54:45.200+0000] {processor.py:840} INFO - DAG(s) 'example_time_delta_sensor_async' retrieved from /home/airflow/.local/lib/python3.11/site-packages/airflow/example_dags/example_time_delta_sensor_async.py
[2024-02-26T15:54:45.219+0000] {logging_mixin.py:188} INFO - [2024-02-26T15:54:45.218+0000] {dag.py:3047} INFO - Sync 1 DAGs
[2024-02-26T15:54:45.227+0000] {logging_mixin.py:188} INFO - [2024-02-26T15:54:45.227+0000] {dag.py:3834} INFO - Setting next_dagrun for example_time_delta_sensor_async to None, run_after=None
[2024-02-26T15:54:45.237+0000] {processor.py:183} INFO - Processing /home/airflow/.local/lib/python3.11/site-packages/airflow/example_dags/example_time_delta_sensor_async.py took 0.048 seconds
[2024-02-26T15:55:16.051+0000] {processor.py:161} INFO - Started process (PID=3641) to work on /home/airflow/.local/lib/python3.11/site-packages/airflow/example_dags/example_time_delta_sensor_async.py
[2024-02-26T15:55:16.053+0000] {processor.py:830} INFO - Processing file /home/airflow/.local/lib/python3.11/site-packages/airflow/example_dags/example_time_delta_sensor_async.py for tasks to queue
[2024-02-26T15:55:16.055+0000] {logging_mixin.py:188} INFO - [2024-02-26T15:55:16.054+0000] {dagbag.py:540} INFO - Filling up the DagBag from /home/airflow/.local/lib/python3.11/site-packages/airflow/example_dags/example_time_delta_sensor_async.py
[2024-02-26T15:55:16.060+0000] {processor.py:840} INFO - DAG(s) 'example_time_delta_sensor_async' retrieved from /home/airflow/.local/lib/python3.11/site-packages/airflow/example_dags/example_time_delta_sensor_async.py
[2024-02-26T15:55:16.080+0000] {logging_mixin.py:188} INFO - [2024-02-26T15:55:16.079+0000] {dag.py:3047} INFO - Sync 1 DAGs
[2024-02-26T15:55:16.088+0000] {logging_mixin.py:188} INFO - [2024-02-26T15:55:16.088+0000] {dag.py:3834} INFO - Setting next_dagrun for example_time_delta_sensor_async to None, run_after=None
[2024-02-26T15:55:16.101+0000] {processor.py:183} INFO - Processing /home/airflow/.local/lib/python3.11/site-packages/airflow/example_dags/example_time_delta_sensor_async.py took 0.052 seconds
[2024-02-26T15:55:46.296+0000] {processor.py:161} INFO - Started process (PID=3888) to work on /home/airflow/.local/lib/python3.11/site-packages/airflow/example_dags/example_time_delta_sensor_async.py
[2024-02-26T15:55:46.298+0000] {processor.py:830} INFO - Processing file /home/airflow/.local/lib/python3.11/site-packages/airflow/example_dags/example_time_delta_sensor_async.py for tasks to queue
[2024-02-26T15:55:46.300+0000] {logging_mixin.py:188} INFO - [2024-02-26T15:55:46.300+0000] {dagbag.py:540} INFO - Filling up the DagBag from /home/airflow/.local/lib/python3.11/site-packages/airflow/example_dags/example_time_delta_sensor_async.py
[2024-02-26T15:55:46.306+0000] {processor.py:840} INFO - DAG(s) 'example_time_delta_sensor_async' retrieved from /home/airflow/.local/lib/python3.11/site-packages/airflow/example_dags/example_time_delta_sensor_async.py
[2024-02-26T15:55:46.330+0000] {logging_mixin.py:188} INFO - [2024-02-26T15:55:46.330+0000] {dag.py:3047} INFO - Sync 1 DAGs
[2024-02-26T15:55:46.340+0000] {logging_mixin.py:188} INFO - [2024-02-26T15:55:46.340+0000] {dag.py:3834} INFO - Setting next_dagrun for example_time_delta_sensor_async to None, run_after=None
[2024-02-26T15:55:46.356+0000] {processor.py:183} INFO - Processing /home/airflow/.local/lib/python3.11/site-packages/airflow/example_dags/example_time_delta_sensor_async.py took 0.063 seconds
[2024-02-26T15:56:16.416+0000] {processor.py:161} INFO - Started process (PID=4137) to work on /home/airflow/.local/lib/python3.11/site-packages/airflow/example_dags/example_time_delta_sensor_async.py
[2024-02-26T15:56:16.419+0000] {processor.py:830} INFO - Processing file /home/airflow/.local/lib/python3.11/site-packages/airflow/example_dags/example_time_delta_sensor_async.py for tasks to queue
[2024-02-26T15:56:16.420+0000] {logging_mixin.py:188} INFO - [2024-02-26T15:56:16.420+0000] {dagbag.py:540} INFO - Filling up the DagBag from /home/airflow/.local/lib/python3.11/site-packages/airflow/example_dags/example_time_delta_sensor_async.py
[2024-02-26T15:56:16.425+0000] {processor.py:840} INFO - DAG(s) 'example_time_delta_sensor_async' retrieved from /home/airflow/.local/lib/python3.11/site-packages/airflow/example_dags/example_time_delta_sensor_async.py
[2024-02-26T15:56:16.442+0000] {logging_mixin.py:188} INFO - [2024-02-26T15:56:16.442+0000] {dag.py:3047} INFO - Sync 1 DAGs
[2024-02-26T15:56:16.450+0000] {logging_mixin.py:188} INFO - [2024-02-26T15:56:16.450+0000] {dag.py:3834} INFO - Setting next_dagrun for example_time_delta_sensor_async to None, run_after=None
[2024-02-26T15:56:16.460+0000] {processor.py:183} INFO - Processing /home/airflow/.local/lib/python3.11/site-packages/airflow/example_dags/example_time_delta_sensor_async.py took 0.048 seconds
[2024-02-26T15:56:46.872+0000] {processor.py:161} INFO - Started process (PID=4383) to work on /home/airflow/.local/lib/python3.11/site-packages/airflow/example_dags/example_time_delta_sensor_async.py
[2024-02-26T15:56:46.874+0000] {processor.py:830} INFO - Processing file /home/airflow/.local/lib/python3.11/site-packages/airflow/example_dags/example_time_delta_sensor_async.py for tasks to queue
[2024-02-26T15:56:46.876+0000] {logging_mixin.py:188} INFO - [2024-02-26T15:56:46.876+0000] {dagbag.py:540} INFO - Filling up the DagBag from /home/airflow/.local/lib/python3.11/site-packages/airflow/example_dags/example_time_delta_sensor_async.py
[2024-02-26T15:56:46.881+0000] {processor.py:840} INFO - DAG(s) 'example_time_delta_sensor_async' retrieved from /home/airflow/.local/lib/python3.11/site-packages/airflow/example_dags/example_time_delta_sensor_async.py
[2024-02-26T15:56:46.902+0000] {logging_mixin.py:188} INFO - [2024-02-26T15:56:46.902+0000] {dag.py:3047} INFO - Sync 1 DAGs
[2024-02-26T15:56:46.912+0000] {logging_mixin.py:188} INFO - [2024-02-26T15:56:46.912+0000] {dag.py:3834} INFO - Setting next_dagrun for example_time_delta_sensor_async to None, run_after=None
[2024-02-26T15:56:46.925+0000] {processor.py:183} INFO - Processing /home/airflow/.local/lib/python3.11/site-packages/airflow/example_dags/example_time_delta_sensor_async.py took 0.056 seconds
[2024-02-26T15:57:17.203+0000] {processor.py:161} INFO - Started process (PID=4630) to work on /home/airflow/.local/lib/python3.11/site-packages/airflow/example_dags/example_time_delta_sensor_async.py
[2024-02-26T15:57:17.205+0000] {processor.py:830} INFO - Processing file /home/airflow/.local/lib/python3.11/site-packages/airflow/example_dags/example_time_delta_sensor_async.py for tasks to queue
[2024-02-26T15:57:17.207+0000] {logging_mixin.py:188} INFO - [2024-02-26T15:57:17.207+0000] {dagbag.py:540} INFO - Filling up the DagBag from /home/airflow/.local/lib/python3.11/site-packages/airflow/example_dags/example_time_delta_sensor_async.py
[2024-02-26T15:57:17.214+0000] {processor.py:840} INFO - DAG(s) 'example_time_delta_sensor_async' retrieved from /home/airflow/.local/lib/python3.11/site-packages/airflow/example_dags/example_time_delta_sensor_async.py
[2024-02-26T15:57:17.242+0000] {logging_mixin.py:188} INFO - [2024-02-26T15:57:17.242+0000] {dag.py:3047} INFO - Sync 1 DAGs
[2024-02-26T15:57:17.255+0000] {logging_mixin.py:188} INFO - [2024-02-26T15:57:17.254+0000] {dag.py:3834} INFO - Setting next_dagrun for example_time_delta_sensor_async to None, run_after=None
[2024-02-26T15:57:17.267+0000] {processor.py:183} INFO - Processing /home/airflow/.local/lib/python3.11/site-packages/airflow/example_dags/example_time_delta_sensor_async.py took 0.066 seconds
[2024-02-26T15:57:47.469+0000] {processor.py:161} INFO - Started process (PID=4877) to work on /home/airflow/.local/lib/python3.11/site-packages/airflow/example_dags/example_time_delta_sensor_async.py
[2024-02-26T15:57:47.475+0000] {processor.py:830} INFO - Processing file /home/airflow/.local/lib/python3.11/site-packages/airflow/example_dags/example_time_delta_sensor_async.py for tasks to queue
[2024-02-26T15:57:47.478+0000] {logging_mixin.py:188} INFO - [2024-02-26T15:57:47.478+0000] {dagbag.py:540} INFO - Filling up the DagBag from /home/airflow/.local/lib/python3.11/site-packages/airflow/example_dags/example_time_delta_sensor_async.py
[2024-02-26T15:57:47.485+0000] {processor.py:840} INFO - DAG(s) 'example_time_delta_sensor_async' retrieved from /home/airflow/.local/lib/python3.11/site-packages/airflow/example_dags/example_time_delta_sensor_async.py
[2024-02-26T15:57:47.508+0000] {logging_mixin.py:188} INFO - [2024-02-26T15:57:47.507+0000] {dag.py:3047} INFO - Sync 1 DAGs
[2024-02-26T15:57:47.517+0000] {logging_mixin.py:188} INFO - [2024-02-26T15:57:47.517+0000] {dag.py:3834} INFO - Setting next_dagrun for example_time_delta_sensor_async to None, run_after=None
[2024-02-26T15:57:47.528+0000] {processor.py:183} INFO - Processing /home/airflow/.local/lib/python3.11/site-packages/airflow/example_dags/example_time_delta_sensor_async.py took 0.062 seconds
[2024-02-26T15:58:17.754+0000] {processor.py:161} INFO - Started process (PID=5124) to work on /home/airflow/.local/lib/python3.11/site-packages/airflow/example_dags/example_time_delta_sensor_async.py
[2024-02-26T15:58:17.756+0000] {processor.py:830} INFO - Processing file /home/airflow/.local/lib/python3.11/site-packages/airflow/example_dags/example_time_delta_sensor_async.py for tasks to queue
[2024-02-26T15:58:17.757+0000] {logging_mixin.py:188} INFO - [2024-02-26T15:58:17.757+0000] {dagbag.py:540} INFO - Filling up the DagBag from /home/airflow/.local/lib/python3.11/site-packages/airflow/example_dags/example_time_delta_sensor_async.py
[2024-02-26T15:58:17.762+0000] {processor.py:840} INFO - DAG(s) 'example_time_delta_sensor_async' retrieved from /home/airflow/.local/lib/python3.11/site-packages/airflow/example_dags/example_time_delta_sensor_async.py
[2024-02-26T15:58:17.789+0000] {logging_mixin.py:188} INFO - [2024-02-26T15:58:17.789+0000] {dag.py:3047} INFO - Sync 1 DAGs
[2024-02-26T15:58:17.798+0000] {logging_mixin.py:188} INFO - [2024-02-26T15:58:17.798+0000] {dag.py:3834} INFO - Setting next_dagrun for example_time_delta_sensor_async to None, run_after=None
[2024-02-26T15:58:17.810+0000] {processor.py:183} INFO - Processing /home/airflow/.local/lib/python3.11/site-packages/airflow/example_dags/example_time_delta_sensor_async.py took 0.060 seconds
[2024-02-26T15:58:48.095+0000] {processor.py:161} INFO - Started process (PID=5372) to work on /home/airflow/.local/lib/python3.11/site-packages/airflow/example_dags/example_time_delta_sensor_async.py
[2024-02-26T15:58:48.098+0000] {processor.py:830} INFO - Processing file /home/airflow/.local/lib/python3.11/site-packages/airflow/example_dags/example_time_delta_sensor_async.py for tasks to queue
[2024-02-26T15:58:48.100+0000] {logging_mixin.py:188} INFO - [2024-02-26T15:58:48.099+0000] {dagbag.py:540} INFO - Filling up the DagBag from /home/airflow/.local/lib/python3.11/site-packages/airflow/example_dags/example_time_delta_sensor_async.py
[2024-02-26T15:58:48.108+0000] {processor.py:840} INFO - DAG(s) 'example_time_delta_sensor_async' retrieved from /home/airflow/.local/lib/python3.11/site-packages/airflow/example_dags/example_time_delta_sensor_async.py
[2024-02-26T15:58:48.135+0000] {logging_mixin.py:188} INFO - [2024-02-26T15:58:48.135+0000] {dag.py:3047} INFO - Sync 1 DAGs
[2024-02-26T15:58:48.148+0000] {logging_mixin.py:188} INFO - [2024-02-26T15:58:48.148+0000] {dag.py:3834} INFO - Setting next_dagrun for example_time_delta_sensor_async to None, run_after=None
[2024-02-26T15:58:48.161+0000] {processor.py:183} INFO - Processing /home/airflow/.local/lib/python3.11/site-packages/airflow/example_dags/example_time_delta_sensor_async.py took 0.069 seconds
[2024-02-26T15:59:18.266+0000] {processor.py:161} INFO - Started process (PID=5622) to work on /home/airflow/.local/lib/python3.11/site-packages/airflow/example_dags/example_time_delta_sensor_async.py
[2024-02-26T15:59:18.267+0000] {processor.py:830} INFO - Processing file /home/airflow/.local/lib/python3.11/site-packages/airflow/example_dags/example_time_delta_sensor_async.py for tasks to queue
[2024-02-26T15:59:18.269+0000] {logging_mixin.py:188} INFO - [2024-02-26T15:59:18.268+0000] {dagbag.py:540} INFO - Filling up the DagBag from /home/airflow/.local/lib/python3.11/site-packages/airflow/example_dags/example_time_delta_sensor_async.py
[2024-02-26T15:59:18.273+0000] {processor.py:840} INFO - DAG(s) 'example_time_delta_sensor_async' retrieved from /home/airflow/.local/lib/python3.11/site-packages/airflow/example_dags/example_time_delta_sensor_async.py
[2024-02-26T15:59:18.292+0000] {logging_mixin.py:188} INFO - [2024-02-26T15:59:18.292+0000] {dag.py:3047} INFO - Sync 1 DAGs
[2024-02-26T15:59:18.299+0000] {logging_mixin.py:188} INFO - [2024-02-26T15:59:18.299+0000] {dag.py:3834} INFO - Setting next_dagrun for example_time_delta_sensor_async to None, run_after=None
[2024-02-26T15:59:18.309+0000] {processor.py:183} INFO - Processing /home/airflow/.local/lib/python3.11/site-packages/airflow/example_dags/example_time_delta_sensor_async.py took 0.047 seconds
[2024-02-26T15:59:49.237+0000] {processor.py:161} INFO - Started process (PID=5867) to work on /home/airflow/.local/lib/python3.11/site-packages/airflow/example_dags/example_time_delta_sensor_async.py
[2024-02-26T15:59:49.239+0000] {processor.py:830} INFO - Processing file /home/airflow/.local/lib/python3.11/site-packages/airflow/example_dags/example_time_delta_sensor_async.py for tasks to queue
[2024-02-26T15:59:49.240+0000] {logging_mixin.py:188} INFO - [2024-02-26T15:59:49.240+0000] {dagbag.py:540} INFO - Filling up the DagBag from /home/airflow/.local/lib/python3.11/site-packages/airflow/example_dags/example_time_delta_sensor_async.py
[2024-02-26T15:59:49.245+0000] {processor.py:840} INFO - DAG(s) 'example_time_delta_sensor_async' retrieved from /home/airflow/.local/lib/python3.11/site-packages/airflow/example_dags/example_time_delta_sensor_async.py
[2024-02-26T15:59:49.265+0000] {logging_mixin.py:188} INFO - [2024-02-26T15:59:49.264+0000] {dag.py:3047} INFO - Sync 1 DAGs
[2024-02-26T15:59:49.273+0000] {logging_mixin.py:188} INFO - [2024-02-26T15:59:49.273+0000] {dag.py:3834} INFO - Setting next_dagrun for example_time_delta_sensor_async to None, run_after=None
[2024-02-26T15:59:49.283+0000] {processor.py:183} INFO - Processing /home/airflow/.local/lib/python3.11/site-packages/airflow/example_dags/example_time_delta_sensor_async.py took 0.049 seconds
[2024-02-26T16:00:20.079+0000] {processor.py:161} INFO - Started process (PID=6114) to work on /home/airflow/.local/lib/python3.11/site-packages/airflow/example_dags/example_time_delta_sensor_async.py
[2024-02-26T16:00:20.081+0000] {processor.py:830} INFO - Processing file /home/airflow/.local/lib/python3.11/site-packages/airflow/example_dags/example_time_delta_sensor_async.py for tasks to queue
[2024-02-26T16:00:20.082+0000] {logging_mixin.py:188} INFO - [2024-02-26T16:00:20.082+0000] {dagbag.py:540} INFO - Filling up the DagBag from /home/airflow/.local/lib/python3.11/site-packages/airflow/example_dags/example_time_delta_sensor_async.py
[2024-02-26T16:00:20.087+0000] {processor.py:840} INFO - DAG(s) 'example_time_delta_sensor_async' retrieved from /home/airflow/.local/lib/python3.11/site-packages/airflow/example_dags/example_time_delta_sensor_async.py
[2024-02-26T16:00:20.106+0000] {logging_mixin.py:188} INFO - [2024-02-26T16:00:20.106+0000] {dag.py:3047} INFO - Sync 1 DAGs
[2024-02-26T16:00:20.114+0000] {logging_mixin.py:188} INFO - [2024-02-26T16:00:20.114+0000] {dag.py:3834} INFO - Setting next_dagrun for example_time_delta_sensor_async to None, run_after=None
[2024-02-26T16:00:20.125+0000] {processor.py:183} INFO - Processing /home/airflow/.local/lib/python3.11/site-packages/airflow/example_dags/example_time_delta_sensor_async.py took 0.049 seconds
[2024-02-26T16:00:50.912+0000] {processor.py:161} INFO - Started process (PID=6360) to work on /home/airflow/.local/lib/python3.11/site-packages/airflow/example_dags/example_time_delta_sensor_async.py
[2024-02-26T16:00:50.915+0000] {processor.py:830} INFO - Processing file /home/airflow/.local/lib/python3.11/site-packages/airflow/example_dags/example_time_delta_sensor_async.py for tasks to queue
[2024-02-26T16:00:50.917+0000] {logging_mixin.py:188} INFO - [2024-02-26T16:00:50.916+0000] {dagbag.py:540} INFO - Filling up the DagBag from /home/airflow/.local/lib/python3.11/site-packages/airflow/example_dags/example_time_delta_sensor_async.py
[2024-02-26T16:00:50.921+0000] {processor.py:840} INFO - DAG(s) 'example_time_delta_sensor_async' retrieved from /home/airflow/.local/lib/python3.11/site-packages/airflow/example_dags/example_time_delta_sensor_async.py
[2024-02-26T16:00:50.941+0000] {logging_mixin.py:188} INFO - [2024-02-26T16:00:50.941+0000] {dag.py:3047} INFO - Sync 1 DAGs
[2024-02-26T16:00:50.950+0000] {logging_mixin.py:188} INFO - [2024-02-26T16:00:50.949+0000] {dag.py:3834} INFO - Setting next_dagrun for example_time_delta_sensor_async to None, run_after=None
[2024-02-26T16:00:50.960+0000] {processor.py:183} INFO - Processing /home/airflow/.local/lib/python3.11/site-packages/airflow/example_dags/example_time_delta_sensor_async.py took 0.051 seconds
[2024-02-26T16:01:21.848+0000] {processor.py:161} INFO - Started process (PID=6609) to work on /home/airflow/.local/lib/python3.11/site-packages/airflow/example_dags/example_time_delta_sensor_async.py
[2024-02-26T16:01:21.850+0000] {processor.py:830} INFO - Processing file /home/airflow/.local/lib/python3.11/site-packages/airflow/example_dags/example_time_delta_sensor_async.py for tasks to queue
[2024-02-26T16:01:21.851+0000] {logging_mixin.py:188} INFO - [2024-02-26T16:01:21.851+0000] {dagbag.py:540} INFO - Filling up the DagBag from /home/airflow/.local/lib/python3.11/site-packages/airflow/example_dags/example_time_delta_sensor_async.py
[2024-02-26T16:01:21.856+0000] {processor.py:840} INFO - DAG(s) 'example_time_delta_sensor_async' retrieved from /home/airflow/.local/lib/python3.11/site-packages/airflow/example_dags/example_time_delta_sensor_async.py
[2024-02-26T16:01:21.876+0000] {logging_mixin.py:188} INFO - [2024-02-26T16:01:21.875+0000] {dag.py:3047} INFO - Sync 1 DAGs
[2024-02-26T16:01:21.885+0000] {logging_mixin.py:188} INFO - [2024-02-26T16:01:21.885+0000] {dag.py:3834} INFO - Setting next_dagrun for example_time_delta_sensor_async to None, run_after=None
[2024-02-26T16:01:21.895+0000] {processor.py:183} INFO - Processing /home/airflow/.local/lib/python3.11/site-packages/airflow/example_dags/example_time_delta_sensor_async.py took 0.050 seconds
[2024-02-26T16:01:52.010+0000] {processor.py:161} INFO - Started process (PID=6856) to work on /home/airflow/.local/lib/python3.11/site-packages/airflow/example_dags/example_time_delta_sensor_async.py
[2024-02-26T16:01:52.012+0000] {processor.py:830} INFO - Processing file /home/airflow/.local/lib/python3.11/site-packages/airflow/example_dags/example_time_delta_sensor_async.py for tasks to queue
[2024-02-26T16:01:52.014+0000] {logging_mixin.py:188} INFO - [2024-02-26T16:01:52.013+0000] {dagbag.py:540} INFO - Filling up the DagBag from /home/airflow/.local/lib/python3.11/site-packages/airflow/example_dags/example_time_delta_sensor_async.py
[2024-02-26T16:01:52.018+0000] {processor.py:840} INFO - DAG(s) 'example_time_delta_sensor_async' retrieved from /home/airflow/.local/lib/python3.11/site-packages/airflow/example_dags/example_time_delta_sensor_async.py
[2024-02-26T16:01:52.036+0000] {logging_mixin.py:188} INFO - [2024-02-26T16:01:52.036+0000] {dag.py:3047} INFO - Sync 1 DAGs
[2024-02-26T16:01:52.044+0000] {logging_mixin.py:188} INFO - [2024-02-26T16:01:52.044+0000] {dag.py:3834} INFO - Setting next_dagrun for example_time_delta_sensor_async to None, run_after=None
[2024-02-26T16:01:52.058+0000] {processor.py:183} INFO - Processing /home/airflow/.local/lib/python3.11/site-packages/airflow/example_dags/example_time_delta_sensor_async.py took 0.051 seconds
[2024-02-26T16:02:22.259+0000] {processor.py:161} INFO - Started process (PID=7101) to work on /home/airflow/.local/lib/python3.11/site-packages/airflow/example_dags/example_time_delta_sensor_async.py
[2024-02-26T16:02:22.261+0000] {processor.py:830} INFO - Processing file /home/airflow/.local/lib/python3.11/site-packages/airflow/example_dags/example_time_delta_sensor_async.py for tasks to queue
[2024-02-26T16:02:22.263+0000] {logging_mixin.py:188} INFO - [2024-02-26T16:02:22.262+0000] {dagbag.py:540} INFO - Filling up the DagBag from /home/airflow/.local/lib/python3.11/site-packages/airflow/example_dags/example_time_delta_sensor_async.py
[2024-02-26T16:02:22.267+0000] {processor.py:840} INFO - DAG(s) 'example_time_delta_sensor_async' retrieved from /home/airflow/.local/lib/python3.11/site-packages/airflow/example_dags/example_time_delta_sensor_async.py
[2024-02-26T16:02:22.290+0000] {logging_mixin.py:188} INFO - [2024-02-26T16:02:22.290+0000] {dag.py:3047} INFO - Sync 1 DAGs
[2024-02-26T16:02:22.299+0000] {logging_mixin.py:188} INFO - [2024-02-26T16:02:22.299+0000] {dag.py:3834} INFO - Setting next_dagrun for example_time_delta_sensor_async to None, run_after=None
[2024-02-26T16:02:22.314+0000] {processor.py:183} INFO - Processing /home/airflow/.local/lib/python3.11/site-packages/airflow/example_dags/example_time_delta_sensor_async.py took 0.058 seconds
[2024-02-26T16:02:53.271+0000] {processor.py:161} INFO - Started process (PID=7348) to work on /home/airflow/.local/lib/python3.11/site-packages/airflow/example_dags/example_time_delta_sensor_async.py
[2024-02-26T16:02:53.273+0000] {processor.py:830} INFO - Processing file /home/airflow/.local/lib/python3.11/site-packages/airflow/example_dags/example_time_delta_sensor_async.py for tasks to queue
[2024-02-26T16:02:53.277+0000] {logging_mixin.py:188} INFO - [2024-02-26T16:02:53.277+0000] {dagbag.py:540} INFO - Filling up the DagBag from /home/airflow/.local/lib/python3.11/site-packages/airflow/example_dags/example_time_delta_sensor_async.py
[2024-02-26T16:02:53.281+0000] {processor.py:840} INFO - DAG(s) 'example_time_delta_sensor_async' retrieved from /home/airflow/.local/lib/python3.11/site-packages/airflow/example_dags/example_time_delta_sensor_async.py
[2024-02-26T16:02:53.301+0000] {logging_mixin.py:188} INFO - [2024-02-26T16:02:53.301+0000] {dag.py:3047} INFO - Sync 1 DAGs
[2024-02-26T16:02:53.310+0000] {logging_mixin.py:188} INFO - [2024-02-26T16:02:53.310+0000] {dag.py:3834} INFO - Setting next_dagrun for example_time_delta_sensor_async to None, run_after=None
[2024-02-26T16:02:53.322+0000] {processor.py:183} INFO - Processing /home/airflow/.local/lib/python3.11/site-packages/airflow/example_dags/example_time_delta_sensor_async.py took 0.054 seconds
[2024-02-26T16:03:23.504+0000] {processor.py:161} INFO - Started process (PID=7595) to work on /home/airflow/.local/lib/python3.11/site-packages/airflow/example_dags/example_time_delta_sensor_async.py
[2024-02-26T16:03:23.506+0000] {processor.py:830} INFO - Processing file /home/airflow/.local/lib/python3.11/site-packages/airflow/example_dags/example_time_delta_sensor_async.py for tasks to queue
[2024-02-26T16:03:23.508+0000] {logging_mixin.py:188} INFO - [2024-02-26T16:03:23.507+0000] {dagbag.py:540} INFO - Filling up the DagBag from /home/airflow/.local/lib/python3.11/site-packages/airflow/example_dags/example_time_delta_sensor_async.py
[2024-02-26T16:03:23.515+0000] {processor.py:840} INFO - DAG(s) 'example_time_delta_sensor_async' retrieved from /home/airflow/.local/lib/python3.11/site-packages/airflow/example_dags/example_time_delta_sensor_async.py
[2024-02-26T16:03:23.539+0000] {logging_mixin.py:188} INFO - [2024-02-26T16:03:23.538+0000] {dag.py:3047} INFO - Sync 1 DAGs
[2024-02-26T16:03:23.549+0000] {logging_mixin.py:188} INFO - [2024-02-26T16:03:23.549+0000] {dag.py:3834} INFO - Setting next_dagrun for example_time_delta_sensor_async to None, run_after=None
[2024-02-26T16:03:23.562+0000] {processor.py:183} INFO - Processing /home/airflow/.local/lib/python3.11/site-packages/airflow/example_dags/example_time_delta_sensor_async.py took 0.062 seconds
[2024-02-26T16:03:54.541+0000] {processor.py:161} INFO - Started process (PID=7843) to work on /home/airflow/.local/lib/python3.11/site-packages/airflow/example_dags/example_time_delta_sensor_async.py
[2024-02-26T16:03:54.543+0000] {processor.py:830} INFO - Processing file /home/airflow/.local/lib/python3.11/site-packages/airflow/example_dags/example_time_delta_sensor_async.py for tasks to queue
[2024-02-26T16:03:54.544+0000] {logging_mixin.py:188} INFO - [2024-02-26T16:03:54.544+0000] {dagbag.py:540} INFO - Filling up the DagBag from /home/airflow/.local/lib/python3.11/site-packages/airflow/example_dags/example_time_delta_sensor_async.py
[2024-02-26T16:03:54.548+0000] {processor.py:840} INFO - DAG(s) 'example_time_delta_sensor_async' retrieved from /home/airflow/.local/lib/python3.11/site-packages/airflow/example_dags/example_time_delta_sensor_async.py
[2024-02-26T16:03:54.567+0000] {logging_mixin.py:188} INFO - [2024-02-26T16:03:54.567+0000] {dag.py:3047} INFO - Sync 1 DAGs
[2024-02-26T16:03:54.577+0000] {logging_mixin.py:188} INFO - [2024-02-26T16:03:54.576+0000] {dag.py:3834} INFO - Setting next_dagrun for example_time_delta_sensor_async to None, run_after=None
[2024-02-26T16:03:54.588+0000] {processor.py:183} INFO - Processing /home/airflow/.local/lib/python3.11/site-packages/airflow/example_dags/example_time_delta_sensor_async.py took 0.049 seconds
[2024-02-26T16:04:25.285+0000] {processor.py:161} INFO - Started process (PID=8092) to work on /home/airflow/.local/lib/python3.11/site-packages/airflow/example_dags/example_time_delta_sensor_async.py
[2024-02-26T16:04:25.287+0000] {processor.py:830} INFO - Processing file /home/airflow/.local/lib/python3.11/site-packages/airflow/example_dags/example_time_delta_sensor_async.py for tasks to queue
[2024-02-26T16:04:25.289+0000] {logging_mixin.py:188} INFO - [2024-02-26T16:04:25.288+0000] {dagbag.py:540} INFO - Filling up the DagBag from /home/airflow/.local/lib/python3.11/site-packages/airflow/example_dags/example_time_delta_sensor_async.py
[2024-02-26T16:04:25.293+0000] {processor.py:840} INFO - DAG(s) 'example_time_delta_sensor_async' retrieved from /home/airflow/.local/lib/python3.11/site-packages/airflow/example_dags/example_time_delta_sensor_async.py
[2024-02-26T16:04:25.313+0000] {logging_mixin.py:188} INFO - [2024-02-26T16:04:25.312+0000] {dag.py:3047} INFO - Sync 1 DAGs
[2024-02-26T16:04:25.321+0000] {logging_mixin.py:188} INFO - [2024-02-26T16:04:25.321+0000] {dag.py:3834} INFO - Setting next_dagrun for example_time_delta_sensor_async to None, run_after=None
[2024-02-26T16:04:25.332+0000] {processor.py:183} INFO - Processing /home/airflow/.local/lib/python3.11/site-packages/airflow/example_dags/example_time_delta_sensor_async.py took 0.049 seconds
[2024-02-26T16:04:56.089+0000] {processor.py:161} INFO - Started process (PID=8339) to work on /home/airflow/.local/lib/python3.11/site-packages/airflow/example_dags/example_time_delta_sensor_async.py
[2024-02-26T16:04:56.090+0000] {processor.py:830} INFO - Processing file /home/airflow/.local/lib/python3.11/site-packages/airflow/example_dags/example_time_delta_sensor_async.py for tasks to queue
[2024-02-26T16:04:56.092+0000] {logging_mixin.py:188} INFO - [2024-02-26T16:04:56.091+0000] {dagbag.py:540} INFO - Filling up the DagBag from /home/airflow/.local/lib/python3.11/site-packages/airflow/example_dags/example_time_delta_sensor_async.py
[2024-02-26T16:04:56.096+0000] {processor.py:840} INFO - DAG(s) 'example_time_delta_sensor_async' retrieved from /home/airflow/.local/lib/python3.11/site-packages/airflow/example_dags/example_time_delta_sensor_async.py
[2024-02-26T16:04:56.114+0000] {logging_mixin.py:188} INFO - [2024-02-26T16:04:56.114+0000] {dag.py:3047} INFO - Sync 1 DAGs
[2024-02-26T16:04:56.123+0000] {logging_mixin.py:188} INFO - [2024-02-26T16:04:56.122+0000] {dag.py:3834} INFO - Setting next_dagrun for example_time_delta_sensor_async to None, run_after=None
[2024-02-26T16:04:56.134+0000] {processor.py:183} INFO - Processing /home/airflow/.local/lib/python3.11/site-packages/airflow/example_dags/example_time_delta_sensor_async.py took 0.049 seconds
[2024-02-26T16:05:26.898+0000] {processor.py:161} INFO - Started process (PID=8586) to work on /home/airflow/.local/lib/python3.11/site-packages/airflow/example_dags/example_time_delta_sensor_async.py
[2024-02-26T16:05:26.900+0000] {processor.py:830} INFO - Processing file /home/airflow/.local/lib/python3.11/site-packages/airflow/example_dags/example_time_delta_sensor_async.py for tasks to queue
[2024-02-26T16:05:26.902+0000] {logging_mixin.py:188} INFO - [2024-02-26T16:05:26.902+0000] {dagbag.py:540} INFO - Filling up the DagBag from /home/airflow/.local/lib/python3.11/site-packages/airflow/example_dags/example_time_delta_sensor_async.py
[2024-02-26T16:05:26.906+0000] {processor.py:840} INFO - DAG(s) 'example_time_delta_sensor_async' retrieved from /home/airflow/.local/lib/python3.11/site-packages/airflow/example_dags/example_time_delta_sensor_async.py
[2024-02-26T16:05:26.926+0000] {logging_mixin.py:188} INFO - [2024-02-26T16:05:26.926+0000] {dag.py:3047} INFO - Sync 1 DAGs
[2024-02-26T16:05:26.934+0000] {logging_mixin.py:188} INFO - [2024-02-26T16:05:26.934+0000] {dag.py:3834} INFO - Setting next_dagrun for example_time_delta_sensor_async to None, run_after=None
[2024-02-26T16:05:26.947+0000] {processor.py:183} INFO - Processing /home/airflow/.local/lib/python3.11/site-packages/airflow/example_dags/example_time_delta_sensor_async.py took 0.052 seconds
[2024-02-26T16:05:57.607+0000] {processor.py:161} INFO - Started process (PID=8833) to work on /home/airflow/.local/lib/python3.11/site-packages/airflow/example_dags/example_time_delta_sensor_async.py
[2024-02-26T16:05:57.608+0000] {processor.py:830} INFO - Processing file /home/airflow/.local/lib/python3.11/site-packages/airflow/example_dags/example_time_delta_sensor_async.py for tasks to queue
[2024-02-26T16:05:57.610+0000] {logging_mixin.py:188} INFO - [2024-02-26T16:05:57.610+0000] {dagbag.py:540} INFO - Filling up the DagBag from /home/airflow/.local/lib/python3.11/site-packages/airflow/example_dags/example_time_delta_sensor_async.py
[2024-02-26T16:05:57.625+0000] {processor.py:840} INFO - DAG(s) 'example_time_delta_sensor_async' retrieved from /home/airflow/.local/lib/python3.11/site-packages/airflow/example_dags/example_time_delta_sensor_async.py
[2024-02-26T16:05:57.658+0000] {logging_mixin.py:188} INFO - [2024-02-26T16:05:57.657+0000] {dag.py:3047} INFO - Sync 1 DAGs
[2024-02-26T16:05:57.668+0000] {logging_mixin.py:188} INFO - [2024-02-26T16:05:57.668+0000] {dag.py:3834} INFO - Setting next_dagrun for example_time_delta_sensor_async to None, run_after=None
[2024-02-26T16:05:57.680+0000] {processor.py:183} INFO - Processing /home/airflow/.local/lib/python3.11/site-packages/airflow/example_dags/example_time_delta_sensor_async.py took 0.076 seconds
[2024-02-26T16:06:28.504+0000] {processor.py:161} INFO - Started process (PID=9086) to work on /home/airflow/.local/lib/python3.11/site-packages/airflow/example_dags/example_time_delta_sensor_async.py
[2024-02-26T16:06:28.506+0000] {processor.py:830} INFO - Processing file /home/airflow/.local/lib/python3.11/site-packages/airflow/example_dags/example_time_delta_sensor_async.py for tasks to queue
[2024-02-26T16:06:28.508+0000] {logging_mixin.py:188} INFO - [2024-02-26T16:06:28.508+0000] {dagbag.py:540} INFO - Filling up the DagBag from /home/airflow/.local/lib/python3.11/site-packages/airflow/example_dags/example_time_delta_sensor_async.py
[2024-02-26T16:06:28.512+0000] {processor.py:840} INFO - DAG(s) 'example_time_delta_sensor_async' retrieved from /home/airflow/.local/lib/python3.11/site-packages/airflow/example_dags/example_time_delta_sensor_async.py
[2024-02-26T16:06:28.531+0000] {logging_mixin.py:188} INFO - [2024-02-26T16:06:28.531+0000] {dag.py:3047} INFO - Sync 1 DAGs
[2024-02-26T16:06:28.540+0000] {logging_mixin.py:188} INFO - [2024-02-26T16:06:28.540+0000] {dag.py:3834} INFO - Setting next_dagrun for example_time_delta_sensor_async to None, run_after=None
[2024-02-26T16:06:28.550+0000] {processor.py:183} INFO - Processing /home/airflow/.local/lib/python3.11/site-packages/airflow/example_dags/example_time_delta_sensor_async.py took 0.049 seconds
[2024-02-26T16:06:59.373+0000] {processor.py:161} INFO - Started process (PID=9333) to work on /home/airflow/.local/lib/python3.11/site-packages/airflow/example_dags/example_time_delta_sensor_async.py
[2024-02-26T16:06:59.375+0000] {processor.py:830} INFO - Processing file /home/airflow/.local/lib/python3.11/site-packages/airflow/example_dags/example_time_delta_sensor_async.py for tasks to queue
[2024-02-26T16:06:59.379+0000] {logging_mixin.py:188} INFO - [2024-02-26T16:06:59.378+0000] {dagbag.py:540} INFO - Filling up the DagBag from /home/airflow/.local/lib/python3.11/site-packages/airflow/example_dags/example_time_delta_sensor_async.py
[2024-02-26T16:06:59.383+0000] {processor.py:840} INFO - DAG(s) 'example_time_delta_sensor_async' retrieved from /home/airflow/.local/lib/python3.11/site-packages/airflow/example_dags/example_time_delta_sensor_async.py
[2024-02-26T16:06:59.403+0000] {logging_mixin.py:188} INFO - [2024-02-26T16:06:59.402+0000] {dag.py:3047} INFO - Sync 1 DAGs
[2024-02-26T16:06:59.411+0000] {logging_mixin.py:188} INFO - [2024-02-26T16:06:59.411+0000] {dag.py:3834} INFO - Setting next_dagrun for example_time_delta_sensor_async to None, run_after=None
[2024-02-26T16:06:59.421+0000] {processor.py:183} INFO - Processing /home/airflow/.local/lib/python3.11/site-packages/airflow/example_dags/example_time_delta_sensor_async.py took 0.051 seconds
[2024-02-26T16:07:29.535+0000] {processor.py:161} INFO - Started process (PID=9578) to work on /home/airflow/.local/lib/python3.11/site-packages/airflow/example_dags/example_time_delta_sensor_async.py
[2024-02-26T16:07:29.538+0000] {processor.py:830} INFO - Processing file /home/airflow/.local/lib/python3.11/site-packages/airflow/example_dags/example_time_delta_sensor_async.py for tasks to queue
[2024-02-26T16:07:29.540+0000] {logging_mixin.py:188} INFO - [2024-02-26T16:07:29.539+0000] {dagbag.py:540} INFO - Filling up the DagBag from /home/airflow/.local/lib/python3.11/site-packages/airflow/example_dags/example_time_delta_sensor_async.py
[2024-02-26T16:07:29.546+0000] {processor.py:840} INFO - DAG(s) 'example_time_delta_sensor_async' retrieved from /home/airflow/.local/lib/python3.11/site-packages/airflow/example_dags/example_time_delta_sensor_async.py
[2024-02-26T16:07:29.572+0000] {logging_mixin.py:188} INFO - [2024-02-26T16:07:29.572+0000] {dag.py:3047} INFO - Sync 1 DAGs
[2024-02-26T16:07:29.583+0000] {logging_mixin.py:188} INFO - [2024-02-26T16:07:29.583+0000] {dag.py:3834} INFO - Setting next_dagrun for example_time_delta_sensor_async to None, run_after=None
[2024-02-26T16:07:29.596+0000] {processor.py:183} INFO - Processing /home/airflow/.local/lib/python3.11/site-packages/airflow/example_dags/example_time_delta_sensor_async.py took 0.065 seconds
[2024-02-26T16:07:59.837+0000] {processor.py:161} INFO - Started process (PID=9827) to work on /home/airflow/.local/lib/python3.11/site-packages/airflow/example_dags/example_time_delta_sensor_async.py
[2024-02-26T16:07:59.839+0000] {processor.py:830} INFO - Processing file /home/airflow/.local/lib/python3.11/site-packages/airflow/example_dags/example_time_delta_sensor_async.py for tasks to queue
[2024-02-26T16:07:59.840+0000] {logging_mixin.py:188} INFO - [2024-02-26T16:07:59.840+0000] {dagbag.py:540} INFO - Filling up the DagBag from /home/airflow/.local/lib/python3.11/site-packages/airflow/example_dags/example_time_delta_sensor_async.py
[2024-02-26T16:07:59.844+0000] {processor.py:840} INFO - DAG(s) 'example_time_delta_sensor_async' retrieved from /home/airflow/.local/lib/python3.11/site-packages/airflow/example_dags/example_time_delta_sensor_async.py
[2024-02-26T16:07:59.863+0000] {logging_mixin.py:188} INFO - [2024-02-26T16:07:59.863+0000] {dag.py:3047} INFO - Sync 1 DAGs
[2024-02-26T16:07:59.872+0000] {logging_mixin.py:188} INFO - [2024-02-26T16:07:59.871+0000] {dag.py:3834} INFO - Setting next_dagrun for example_time_delta_sensor_async to None, run_after=None
[2024-02-26T16:07:59.881+0000] {processor.py:183} INFO - Processing /home/airflow/.local/lib/python3.11/site-packages/airflow/example_dags/example_time_delta_sensor_async.py took 0.047 seconds
[2024-02-26T16:08:29.982+0000] {processor.py:161} INFO - Started process (PID=10074) to work on /home/airflow/.local/lib/python3.11/site-packages/airflow/example_dags/example_time_delta_sensor_async.py
[2024-02-26T16:08:29.984+0000] {processor.py:830} INFO - Processing file /home/airflow/.local/lib/python3.11/site-packages/airflow/example_dags/example_time_delta_sensor_async.py for tasks to queue
[2024-02-26T16:08:29.986+0000] {logging_mixin.py:188} INFO - [2024-02-26T16:08:29.985+0000] {dagbag.py:540} INFO - Filling up the DagBag from /home/airflow/.local/lib/python3.11/site-packages/airflow/example_dags/example_time_delta_sensor_async.py
[2024-02-26T16:08:29.992+0000] {processor.py:840} INFO - DAG(s) 'example_time_delta_sensor_async' retrieved from /home/airflow/.local/lib/python3.11/site-packages/airflow/example_dags/example_time_delta_sensor_async.py
[2024-02-26T16:08:30.013+0000] {logging_mixin.py:188} INFO - [2024-02-26T16:08:30.013+0000] {dag.py:3047} INFO - Sync 1 DAGs
[2024-02-26T16:08:30.022+0000] {logging_mixin.py:188} INFO - [2024-02-26T16:08:30.022+0000] {dag.py:3834} INFO - Setting next_dagrun for example_time_delta_sensor_async to None, run_after=None
[2024-02-26T16:08:30.033+0000] {processor.py:183} INFO - Processing /home/airflow/.local/lib/python3.11/site-packages/airflow/example_dags/example_time_delta_sensor_async.py took 0.054 seconds
[2024-02-26T16:09:00.436+0000] {processor.py:161} INFO - Started process (PID=10321) to work on /home/airflow/.local/lib/python3.11/site-packages/airflow/example_dags/example_time_delta_sensor_async.py
[2024-02-26T16:09:00.438+0000] {processor.py:830} INFO - Processing file /home/airflow/.local/lib/python3.11/site-packages/airflow/example_dags/example_time_delta_sensor_async.py for tasks to queue
[2024-02-26T16:09:00.439+0000] {logging_mixin.py:188} INFO - [2024-02-26T16:09:00.439+0000] {dagbag.py:540} INFO - Filling up the DagBag from /home/airflow/.local/lib/python3.11/site-packages/airflow/example_dags/example_time_delta_sensor_async.py
[2024-02-26T16:09:00.444+0000] {processor.py:840} INFO - DAG(s) 'example_time_delta_sensor_async' retrieved from /home/airflow/.local/lib/python3.11/site-packages/airflow/example_dags/example_time_delta_sensor_async.py
[2024-02-26T16:09:00.462+0000] {logging_mixin.py:188} INFO - [2024-02-26T16:09:00.462+0000] {dag.py:3047} INFO - Sync 1 DAGs
[2024-02-26T16:09:00.471+0000] {logging_mixin.py:188} INFO - [2024-02-26T16:09:00.470+0000] {dag.py:3834} INFO - Setting next_dagrun for example_time_delta_sensor_async to None, run_after=None
[2024-02-26T16:09:00.481+0000] {processor.py:183} INFO - Processing /home/airflow/.local/lib/python3.11/site-packages/airflow/example_dags/example_time_delta_sensor_async.py took 0.048 seconds
[2024-02-26T16:09:30.541+0000] {processor.py:161} INFO - Started process (PID=10566) to work on /home/airflow/.local/lib/python3.11/site-packages/airflow/example_dags/example_time_delta_sensor_async.py
[2024-02-26T16:09:30.543+0000] {processor.py:830} INFO - Processing file /home/airflow/.local/lib/python3.11/site-packages/airflow/example_dags/example_time_delta_sensor_async.py for tasks to queue
[2024-02-26T16:09:30.544+0000] {logging_mixin.py:188} INFO - [2024-02-26T16:09:30.544+0000] {dagbag.py:540} INFO - Filling up the DagBag from /home/airflow/.local/lib/python3.11/site-packages/airflow/example_dags/example_time_delta_sensor_async.py
[2024-02-26T16:09:30.549+0000] {processor.py:840} INFO - DAG(s) 'example_time_delta_sensor_async' retrieved from /home/airflow/.local/lib/python3.11/site-packages/airflow/example_dags/example_time_delta_sensor_async.py
[2024-02-26T16:09:30.569+0000] {logging_mixin.py:188} INFO - [2024-02-26T16:09:30.569+0000] {dag.py:3047} INFO - Sync 1 DAGs
[2024-02-26T16:09:30.580+0000] {logging_mixin.py:188} INFO - [2024-02-26T16:09:30.579+0000] {dag.py:3834} INFO - Setting next_dagrun for example_time_delta_sensor_async to None, run_after=None
[2024-02-26T16:09:30.592+0000] {processor.py:183} INFO - Processing /home/airflow/.local/lib/python3.11/site-packages/airflow/example_dags/example_time_delta_sensor_async.py took 0.054 seconds
[2024-02-26T16:10:00.660+0000] {processor.py:161} INFO - Started process (PID=10813) to work on /home/airflow/.local/lib/python3.11/site-packages/airflow/example_dags/example_time_delta_sensor_async.py
[2024-02-26T16:10:00.661+0000] {processor.py:830} INFO - Processing file /home/airflow/.local/lib/python3.11/site-packages/airflow/example_dags/example_time_delta_sensor_async.py for tasks to queue
[2024-02-26T16:10:00.663+0000] {logging_mixin.py:188} INFO - [2024-02-26T16:10:00.662+0000] {dagbag.py:540} INFO - Filling up the DagBag from /home/airflow/.local/lib/python3.11/site-packages/airflow/example_dags/example_time_delta_sensor_async.py
[2024-02-26T16:10:00.667+0000] {processor.py:840} INFO - DAG(s) 'example_time_delta_sensor_async' retrieved from /home/airflow/.local/lib/python3.11/site-packages/airflow/example_dags/example_time_delta_sensor_async.py
[2024-02-26T16:10:00.688+0000] {logging_mixin.py:188} INFO - [2024-02-26T16:10:00.688+0000] {dag.py:3047} INFO - Sync 1 DAGs
[2024-02-26T16:10:00.697+0000] {logging_mixin.py:188} INFO - [2024-02-26T16:10:00.697+0000] {dag.py:3834} INFO - Setting next_dagrun for example_time_delta_sensor_async to None, run_after=None
[2024-02-26T16:10:00.710+0000] {processor.py:183} INFO - Processing /home/airflow/.local/lib/python3.11/site-packages/airflow/example_dags/example_time_delta_sensor_async.py took 0.054 seconds
[2024-02-26T16:10:30.898+0000] {processor.py:161} INFO - Started process (PID=11060) to work on /home/airflow/.local/lib/python3.11/site-packages/airflow/example_dags/example_time_delta_sensor_async.py
[2024-02-26T16:10:30.900+0000] {processor.py:830} INFO - Processing file /home/airflow/.local/lib/python3.11/site-packages/airflow/example_dags/example_time_delta_sensor_async.py for tasks to queue
[2024-02-26T16:10:30.902+0000] {logging_mixin.py:188} INFO - [2024-02-26T16:10:30.902+0000] {dagbag.py:540} INFO - Filling up the DagBag from /home/airflow/.local/lib/python3.11/site-packages/airflow/example_dags/example_time_delta_sensor_async.py
[2024-02-26T16:10:30.908+0000] {processor.py:840} INFO - DAG(s) 'example_time_delta_sensor_async' retrieved from /home/airflow/.local/lib/python3.11/site-packages/airflow/example_dags/example_time_delta_sensor_async.py
[2024-02-26T16:10:30.928+0000] {logging_mixin.py:188} INFO - [2024-02-26T16:10:30.928+0000] {dag.py:3047} INFO - Sync 1 DAGs
[2024-02-26T16:10:30.938+0000] {logging_mixin.py:188} INFO - [2024-02-26T16:10:30.938+0000] {dag.py:3834} INFO - Setting next_dagrun for example_time_delta_sensor_async to None, run_after=None
[2024-02-26T16:10:30.953+0000] {processor.py:183} INFO - Processing /home/airflow/.local/lib/python3.11/site-packages/airflow/example_dags/example_time_delta_sensor_async.py took 0.057 seconds
[2024-02-26T16:11:01.383+0000] {processor.py:161} INFO - Started process (PID=11309) to work on /home/airflow/.local/lib/python3.11/site-packages/airflow/example_dags/example_time_delta_sensor_async.py
[2024-02-26T16:11:01.385+0000] {processor.py:830} INFO - Processing file /home/airflow/.local/lib/python3.11/site-packages/airflow/example_dags/example_time_delta_sensor_async.py for tasks to queue
[2024-02-26T16:11:01.386+0000] {logging_mixin.py:188} INFO - [2024-02-26T16:11:01.386+0000] {dagbag.py:540} INFO - Filling up the DagBag from /home/airflow/.local/lib/python3.11/site-packages/airflow/example_dags/example_time_delta_sensor_async.py
[2024-02-26T16:11:01.390+0000] {processor.py:840} INFO - DAG(s) 'example_time_delta_sensor_async' retrieved from /home/airflow/.local/lib/python3.11/site-packages/airflow/example_dags/example_time_delta_sensor_async.py
[2024-02-26T16:11:01.414+0000] {logging_mixin.py:188} INFO - [2024-02-26T16:11:01.414+0000] {dag.py:3047} INFO - Sync 1 DAGs
[2024-02-26T16:11:01.423+0000] {logging_mixin.py:188} INFO - [2024-02-26T16:11:01.423+0000] {dag.py:3834} INFO - Setting next_dagrun for example_time_delta_sensor_async to None, run_after=None
[2024-02-26T16:11:01.435+0000] {processor.py:183} INFO - Processing /home/airflow/.local/lib/python3.11/site-packages/airflow/example_dags/example_time_delta_sensor_async.py took 0.055 seconds
[2024-02-26T16:11:31.515+0000] {processor.py:161} INFO - Started process (PID=11556) to work on /home/airflow/.local/lib/python3.11/site-packages/airflow/example_dags/example_time_delta_sensor_async.py
[2024-02-26T16:11:31.517+0000] {processor.py:830} INFO - Processing file /home/airflow/.local/lib/python3.11/site-packages/airflow/example_dags/example_time_delta_sensor_async.py for tasks to queue
[2024-02-26T16:11:31.518+0000] {logging_mixin.py:188} INFO - [2024-02-26T16:11:31.518+0000] {dagbag.py:540} INFO - Filling up the DagBag from /home/airflow/.local/lib/python3.11/site-packages/airflow/example_dags/example_time_delta_sensor_async.py
[2024-02-26T16:11:31.523+0000] {processor.py:840} INFO - DAG(s) 'example_time_delta_sensor_async' retrieved from /home/airflow/.local/lib/python3.11/site-packages/airflow/example_dags/example_time_delta_sensor_async.py
[2024-02-26T16:11:31.544+0000] {logging_mixin.py:188} INFO - [2024-02-26T16:11:31.544+0000] {dag.py:3047} INFO - Sync 1 DAGs
[2024-02-26T16:11:31.553+0000] {logging_mixin.py:188} INFO - [2024-02-26T16:11:31.552+0000] {dag.py:3834} INFO - Setting next_dagrun for example_time_delta_sensor_async to None, run_after=None
[2024-02-26T16:11:31.565+0000] {processor.py:183} INFO - Processing /home/airflow/.local/lib/python3.11/site-packages/airflow/example_dags/example_time_delta_sensor_async.py took 0.053 seconds
[2024-02-26T16:12:01.638+0000] {processor.py:161} INFO - Started process (PID=11803) to work on /home/airflow/.local/lib/python3.11/site-packages/airflow/example_dags/example_time_delta_sensor_async.py
[2024-02-26T16:12:01.640+0000] {processor.py:830} INFO - Processing file /home/airflow/.local/lib/python3.11/site-packages/airflow/example_dags/example_time_delta_sensor_async.py for tasks to queue
[2024-02-26T16:12:01.641+0000] {logging_mixin.py:188} INFO - [2024-02-26T16:12:01.640+0000] {dagbag.py:540} INFO - Filling up the DagBag from /home/airflow/.local/lib/python3.11/site-packages/airflow/example_dags/example_time_delta_sensor_async.py
[2024-02-26T16:12:01.645+0000] {processor.py:840} INFO - DAG(s) 'example_time_delta_sensor_async' retrieved from /home/airflow/.local/lib/python3.11/site-packages/airflow/example_dags/example_time_delta_sensor_async.py
[2024-02-26T16:12:01.663+0000] {logging_mixin.py:188} INFO - [2024-02-26T16:12:01.663+0000] {dag.py:3047} INFO - Sync 1 DAGs
[2024-02-26T16:12:01.671+0000] {logging_mixin.py:188} INFO - [2024-02-26T16:12:01.671+0000] {dag.py:3834} INFO - Setting next_dagrun for example_time_delta_sensor_async to None, run_after=None
[2024-02-26T16:12:01.681+0000] {processor.py:183} INFO - Processing /home/airflow/.local/lib/python3.11/site-packages/airflow/example_dags/example_time_delta_sensor_async.py took 0.046 seconds
[2024-02-26T16:12:31.826+0000] {processor.py:161} INFO - Started process (PID=12051) to work on /home/airflow/.local/lib/python3.11/site-packages/airflow/example_dags/example_time_delta_sensor_async.py
[2024-02-26T16:12:31.828+0000] {processor.py:830} INFO - Processing file /home/airflow/.local/lib/python3.11/site-packages/airflow/example_dags/example_time_delta_sensor_async.py for tasks to queue
[2024-02-26T16:12:31.829+0000] {logging_mixin.py:188} INFO - [2024-02-26T16:12:31.829+0000] {dagbag.py:540} INFO - Filling up the DagBag from /home/airflow/.local/lib/python3.11/site-packages/airflow/example_dags/example_time_delta_sensor_async.py
[2024-02-26T16:12:31.833+0000] {processor.py:840} INFO - DAG(s) 'example_time_delta_sensor_async' retrieved from /home/airflow/.local/lib/python3.11/site-packages/airflow/example_dags/example_time_delta_sensor_async.py
[2024-02-26T16:12:31.853+0000] {logging_mixin.py:188} INFO - [2024-02-26T16:12:31.852+0000] {dag.py:3047} INFO - Sync 1 DAGs
[2024-02-26T16:12:31.860+0000] {logging_mixin.py:188} INFO - [2024-02-26T16:12:31.860+0000] {dag.py:3834} INFO - Setting next_dagrun for example_time_delta_sensor_async to None, run_after=None
[2024-02-26T16:12:31.870+0000] {processor.py:183} INFO - Processing /home/airflow/.local/lib/python3.11/site-packages/airflow/example_dags/example_time_delta_sensor_async.py took 0.047 seconds
[2024-02-26T16:13:01.971+0000] {processor.py:161} INFO - Started process (PID=12296) to work on /home/airflow/.local/lib/python3.11/site-packages/airflow/example_dags/example_time_delta_sensor_async.py
[2024-02-26T16:13:01.973+0000] {processor.py:830} INFO - Processing file /home/airflow/.local/lib/python3.11/site-packages/airflow/example_dags/example_time_delta_sensor_async.py for tasks to queue
[2024-02-26T16:13:01.974+0000] {logging_mixin.py:188} INFO - [2024-02-26T16:13:01.974+0000] {dagbag.py:540} INFO - Filling up the DagBag from /home/airflow/.local/lib/python3.11/site-packages/airflow/example_dags/example_time_delta_sensor_async.py
[2024-02-26T16:13:01.979+0000] {processor.py:840} INFO - DAG(s) 'example_time_delta_sensor_async' retrieved from /home/airflow/.local/lib/python3.11/site-packages/airflow/example_dags/example_time_delta_sensor_async.py
[2024-02-26T16:13:02.000+0000] {logging_mixin.py:188} INFO - [2024-02-26T16:13:02.000+0000] {dag.py:3047} INFO - Sync 1 DAGs
[2024-02-26T16:13:02.009+0000] {logging_mixin.py:188} INFO - [2024-02-26T16:13:02.009+0000] {dag.py:3834} INFO - Setting next_dagrun for example_time_delta_sensor_async to None, run_after=None
[2024-02-26T16:13:02.021+0000] {processor.py:183} INFO - Processing /home/airflow/.local/lib/python3.11/site-packages/airflow/example_dags/example_time_delta_sensor_async.py took 0.054 seconds
[2024-02-26T16:13:32.142+0000] {processor.py:161} INFO - Started process (PID=12546) to work on /home/airflow/.local/lib/python3.11/site-packages/airflow/example_dags/example_time_delta_sensor_async.py
[2024-02-26T16:13:32.143+0000] {processor.py:830} INFO - Processing file /home/airflow/.local/lib/python3.11/site-packages/airflow/example_dags/example_time_delta_sensor_async.py for tasks to queue
[2024-02-26T16:13:32.146+0000] {logging_mixin.py:188} INFO - [2024-02-26T16:13:32.146+0000] {dagbag.py:540} INFO - Filling up the DagBag from /home/airflow/.local/lib/python3.11/site-packages/airflow/example_dags/example_time_delta_sensor_async.py
[2024-02-26T16:13:32.151+0000] {processor.py:840} INFO - DAG(s) 'example_time_delta_sensor_async' retrieved from /home/airflow/.local/lib/python3.11/site-packages/airflow/example_dags/example_time_delta_sensor_async.py
[2024-02-26T16:13:32.169+0000] {logging_mixin.py:188} INFO - [2024-02-26T16:13:32.169+0000] {dag.py:3047} INFO - Sync 1 DAGs
[2024-02-26T16:13:32.178+0000] {logging_mixin.py:188} INFO - [2024-02-26T16:13:32.178+0000] {dag.py:3834} INFO - Setting next_dagrun for example_time_delta_sensor_async to None, run_after=None
[2024-02-26T16:13:32.189+0000] {processor.py:183} INFO - Processing /home/airflow/.local/lib/python3.11/site-packages/airflow/example_dags/example_time_delta_sensor_async.py took 0.050 seconds
[2024-02-26T16:14:02.639+0000] {processor.py:161} INFO - Started process (PID=12792) to work on /home/airflow/.local/lib/python3.11/site-packages/airflow/example_dags/example_time_delta_sensor_async.py
[2024-02-26T16:14:02.641+0000] {processor.py:830} INFO - Processing file /home/airflow/.local/lib/python3.11/site-packages/airflow/example_dags/example_time_delta_sensor_async.py for tasks to queue
[2024-02-26T16:14:02.642+0000] {logging_mixin.py:188} INFO - [2024-02-26T16:14:02.642+0000] {dagbag.py:540} INFO - Filling up the DagBag from /home/airflow/.local/lib/python3.11/site-packages/airflow/example_dags/example_time_delta_sensor_async.py
[2024-02-26T16:14:02.647+0000] {processor.py:840} INFO - DAG(s) 'example_time_delta_sensor_async' retrieved from /home/airflow/.local/lib/python3.11/site-packages/airflow/example_dags/example_time_delta_sensor_async.py
[2024-02-26T16:14:02.667+0000] {logging_mixin.py:188} INFO - [2024-02-26T16:14:02.667+0000] {dag.py:3047} INFO - Sync 1 DAGs
[2024-02-26T16:14:02.675+0000] {logging_mixin.py:188} INFO - [2024-02-26T16:14:02.675+0000] {dag.py:3834} INFO - Setting next_dagrun for example_time_delta_sensor_async to None, run_after=None
[2024-02-26T16:14:02.687+0000] {processor.py:183} INFO - Processing /home/airflow/.local/lib/python3.11/site-packages/airflow/example_dags/example_time_delta_sensor_async.py took 0.051 seconds
[2024-02-26T16:14:32.852+0000] {processor.py:161} INFO - Started process (PID=13039) to work on /home/airflow/.local/lib/python3.11/site-packages/airflow/example_dags/example_time_delta_sensor_async.py
[2024-02-26T16:14:32.853+0000] {processor.py:830} INFO - Processing file /home/airflow/.local/lib/python3.11/site-packages/airflow/example_dags/example_time_delta_sensor_async.py for tasks to queue
[2024-02-26T16:14:32.855+0000] {logging_mixin.py:188} INFO - [2024-02-26T16:14:32.854+0000] {dagbag.py:540} INFO - Filling up the DagBag from /home/airflow/.local/lib/python3.11/site-packages/airflow/example_dags/example_time_delta_sensor_async.py
[2024-02-26T16:14:32.859+0000] {processor.py:840} INFO - DAG(s) 'example_time_delta_sensor_async' retrieved from /home/airflow/.local/lib/python3.11/site-packages/airflow/example_dags/example_time_delta_sensor_async.py
[2024-02-26T16:14:32.877+0000] {logging_mixin.py:188} INFO - [2024-02-26T16:14:32.877+0000] {dag.py:3047} INFO - Sync 1 DAGs
[2024-02-26T16:14:32.885+0000] {logging_mixin.py:188} INFO - [2024-02-26T16:14:32.885+0000] {dag.py:3834} INFO - Setting next_dagrun for example_time_delta_sensor_async to None, run_after=None
[2024-02-26T16:14:32.895+0000] {processor.py:183} INFO - Processing /home/airflow/.local/lib/python3.11/site-packages/airflow/example_dags/example_time_delta_sensor_async.py took 0.046 seconds
