[2024-02-26T15:48:34.913+0000] {processor.py:161} INFO - Started process (PID=304) to work on /home/airflow/.local/lib/python3.11/site-packages/airflow/example_dags/example_branch_labels.py
[2024-02-26T15:48:34.914+0000] {processor.py:830} INFO - Processing file /home/airflow/.local/lib/python3.11/site-packages/airflow/example_dags/example_branch_labels.py for tasks to queue
[2024-02-26T15:48:34.916+0000] {logging_mixin.py:188} INFO - [2024-02-26T15:48:34.915+0000] {dagbag.py:540} INFO - Filling up the DagBag from /home/airflow/.local/lib/python3.11/site-packages/airflow/example_dags/example_branch_labels.py
[2024-02-26T15:48:34.923+0000] {processor.py:840} INFO - DAG(s) 'example_branch_labels' retrieved from /home/airflow/.local/lib/python3.11/site-packages/airflow/example_dags/example_branch_labels.py
[2024-02-26T15:48:34.947+0000] {logging_mixin.py:188} INFO - [2024-02-26T15:48:34.947+0000] {dag.py:3047} INFO - Sync 1 DAGs
[2024-02-26T15:48:34.978+0000] {logging_mixin.py:188} INFO - [2024-02-26T15:48:34.977+0000] {dag.py:3834} INFO - Setting next_dagrun for example_branch_labels to 2024-02-25 00:00:00+00:00, run_after=2024-02-26 00:00:00+00:00
[2024-02-26T15:48:35.117+0000] {processor.py:183} INFO - Processing /home/airflow/.local/lib/python3.11/site-packages/airflow/example_dags/example_branch_labels.py took 0.208 seconds
[2024-02-26T15:49:05.184+0000] {processor.py:161} INFO - Started process (PID=553) to work on /home/airflow/.local/lib/python3.11/site-packages/airflow/example_dags/example_branch_labels.py
[2024-02-26T15:49:05.185+0000] {processor.py:830} INFO - Processing file /home/airflow/.local/lib/python3.11/site-packages/airflow/example_dags/example_branch_labels.py for tasks to queue
[2024-02-26T15:49:05.187+0000] {logging_mixin.py:188} INFO - [2024-02-26T15:49:05.186+0000] {dagbag.py:540} INFO - Filling up the DagBag from /home/airflow/.local/lib/python3.11/site-packages/airflow/example_dags/example_branch_labels.py
[2024-02-26T15:49:05.193+0000] {processor.py:840} INFO - DAG(s) 'example_branch_labels' retrieved from /home/airflow/.local/lib/python3.11/site-packages/airflow/example_dags/example_branch_labels.py
[2024-02-26T15:49:05.255+0000] {logging_mixin.py:188} INFO - [2024-02-26T15:49:05.255+0000] {dag.py:3047} INFO - Sync 1 DAGs
[2024-02-26T15:49:05.268+0000] {logging_mixin.py:188} INFO - [2024-02-26T15:49:05.267+0000] {dag.py:3834} INFO - Setting next_dagrun for example_branch_labels to 2024-02-25 00:00:00+00:00, run_after=2024-02-26 00:00:00+00:00
[2024-02-26T15:49:05.280+0000] {processor.py:183} INFO - Processing /home/airflow/.local/lib/python3.11/site-packages/airflow/example_dags/example_branch_labels.py took 0.099 seconds
[2024-02-26T15:49:35.312+0000] {processor.py:161} INFO - Started process (PID=800) to work on /home/airflow/.local/lib/python3.11/site-packages/airflow/example_dags/example_branch_labels.py
[2024-02-26T15:49:35.313+0000] {processor.py:830} INFO - Processing file /home/airflow/.local/lib/python3.11/site-packages/airflow/example_dags/example_branch_labels.py for tasks to queue
[2024-02-26T15:49:35.314+0000] {logging_mixin.py:188} INFO - [2024-02-26T15:49:35.314+0000] {dagbag.py:540} INFO - Filling up the DagBag from /home/airflow/.local/lib/python3.11/site-packages/airflow/example_dags/example_branch_labels.py
[2024-02-26T15:49:35.320+0000] {processor.py:840} INFO - DAG(s) 'example_branch_labels' retrieved from /home/airflow/.local/lib/python3.11/site-packages/airflow/example_dags/example_branch_labels.py
[2024-02-26T15:49:35.339+0000] {logging_mixin.py:188} INFO - [2024-02-26T15:49:35.339+0000] {dag.py:3047} INFO - Sync 1 DAGs
[2024-02-26T15:49:35.352+0000] {logging_mixin.py:188} INFO - [2024-02-26T15:49:35.352+0000] {dag.py:3834} INFO - Setting next_dagrun for example_branch_labels to 2024-02-25 00:00:00+00:00, run_after=2024-02-26 00:00:00+00:00
[2024-02-26T15:49:35.363+0000] {processor.py:183} INFO - Processing /home/airflow/.local/lib/python3.11/site-packages/airflow/example_dags/example_branch_labels.py took 0.054 seconds
[2024-02-26T15:50:05.980+0000] {processor.py:161} INFO - Started process (PID=1046) to work on /home/airflow/.local/lib/python3.11/site-packages/airflow/example_dags/example_branch_labels.py
[2024-02-26T15:50:05.983+0000] {processor.py:830} INFO - Processing file /home/airflow/.local/lib/python3.11/site-packages/airflow/example_dags/example_branch_labels.py for tasks to queue
[2024-02-26T15:50:05.984+0000] {logging_mixin.py:188} INFO - [2024-02-26T15:50:05.984+0000] {dagbag.py:540} INFO - Filling up the DagBag from /home/airflow/.local/lib/python3.11/site-packages/airflow/example_dags/example_branch_labels.py
[2024-02-26T15:50:05.991+0000] {processor.py:840} INFO - DAG(s) 'example_branch_labels' retrieved from /home/airflow/.local/lib/python3.11/site-packages/airflow/example_dags/example_branch_labels.py
[2024-02-26T15:50:06.010+0000] {logging_mixin.py:188} INFO - [2024-02-26T15:50:06.010+0000] {dag.py:3047} INFO - Sync 1 DAGs
[2024-02-26T15:50:06.024+0000] {logging_mixin.py:188} INFO - [2024-02-26T15:50:06.024+0000] {dag.py:3834} INFO - Setting next_dagrun for example_branch_labels to 2024-02-25 00:00:00+00:00, run_after=2024-02-26 00:00:00+00:00
[2024-02-26T15:50:06.038+0000] {processor.py:183} INFO - Processing /home/airflow/.local/lib/python3.11/site-packages/airflow/example_dags/example_branch_labels.py took 0.060 seconds
[2024-02-26T15:50:37.390+0000] {processor.py:161} INFO - Started process (PID=1294) to work on /home/airflow/.local/lib/python3.11/site-packages/airflow/example_dags/example_branch_labels.py
[2024-02-26T15:50:37.392+0000] {processor.py:830} INFO - Processing file /home/airflow/.local/lib/python3.11/site-packages/airflow/example_dags/example_branch_labels.py for tasks to queue
[2024-02-26T15:50:37.394+0000] {logging_mixin.py:188} INFO - [2024-02-26T15:50:37.394+0000] {dagbag.py:540} INFO - Filling up the DagBag from /home/airflow/.local/lib/python3.11/site-packages/airflow/example_dags/example_branch_labels.py
[2024-02-26T15:50:37.403+0000] {processor.py:840} INFO - DAG(s) 'example_branch_labels' retrieved from /home/airflow/.local/lib/python3.11/site-packages/airflow/example_dags/example_branch_labels.py
[2024-02-26T15:50:37.424+0000] {logging_mixin.py:188} INFO - [2024-02-26T15:50:37.424+0000] {dag.py:3047} INFO - Sync 1 DAGs
[2024-02-26T15:50:37.439+0000] {logging_mixin.py:188} INFO - [2024-02-26T15:50:37.439+0000] {dag.py:3834} INFO - Setting next_dagrun for example_branch_labels to 2024-02-25 00:00:00+00:00, run_after=2024-02-26 00:00:00+00:00
[2024-02-26T15:50:37.451+0000] {processor.py:183} INFO - Processing /home/airflow/.local/lib/python3.11/site-packages/airflow/example_dags/example_branch_labels.py took 0.063 seconds
[2024-02-26T15:51:08.106+0000] {processor.py:161} INFO - Started process (PID=1539) to work on /home/airflow/.local/lib/python3.11/site-packages/airflow/example_dags/example_branch_labels.py
[2024-02-26T15:51:08.108+0000] {processor.py:830} INFO - Processing file /home/airflow/.local/lib/python3.11/site-packages/airflow/example_dags/example_branch_labels.py for tasks to queue
[2024-02-26T15:51:08.110+0000] {logging_mixin.py:188} INFO - [2024-02-26T15:51:08.110+0000] {dagbag.py:540} INFO - Filling up the DagBag from /home/airflow/.local/lib/python3.11/site-packages/airflow/example_dags/example_branch_labels.py
[2024-02-26T15:51:08.118+0000] {processor.py:840} INFO - DAG(s) 'example_branch_labels' retrieved from /home/airflow/.local/lib/python3.11/site-packages/airflow/example_dags/example_branch_labels.py
[2024-02-26T15:51:08.138+0000] {logging_mixin.py:188} INFO - [2024-02-26T15:51:08.138+0000] {dag.py:3047} INFO - Sync 1 DAGs
[2024-02-26T15:51:08.154+0000] {logging_mixin.py:188} INFO - [2024-02-26T15:51:08.154+0000] {dag.py:3834} INFO - Setting next_dagrun for example_branch_labels to 2024-02-25 00:00:00+00:00, run_after=2024-02-26 00:00:00+00:00
[2024-02-26T15:51:08.167+0000] {processor.py:183} INFO - Processing /home/airflow/.local/lib/python3.11/site-packages/airflow/example_dags/example_branch_labels.py took 0.064 seconds
[2024-02-26T15:51:39.011+0000] {processor.py:161} INFO - Started process (PID=1786) to work on /home/airflow/.local/lib/python3.11/site-packages/airflow/example_dags/example_branch_labels.py
[2024-02-26T15:51:39.015+0000] {processor.py:830} INFO - Processing file /home/airflow/.local/lib/python3.11/site-packages/airflow/example_dags/example_branch_labels.py for tasks to queue
[2024-02-26T15:51:39.018+0000] {logging_mixin.py:188} INFO - [2024-02-26T15:51:39.017+0000] {dagbag.py:540} INFO - Filling up the DagBag from /home/airflow/.local/lib/python3.11/site-packages/airflow/example_dags/example_branch_labels.py
[2024-02-26T15:51:39.026+0000] {processor.py:840} INFO - DAG(s) 'example_branch_labels' retrieved from /home/airflow/.local/lib/python3.11/site-packages/airflow/example_dags/example_branch_labels.py
[2024-02-26T15:51:39.050+0000] {logging_mixin.py:188} INFO - [2024-02-26T15:51:39.050+0000] {dag.py:3047} INFO - Sync 1 DAGs
[2024-02-26T15:51:39.065+0000] {logging_mixin.py:188} INFO - [2024-02-26T15:51:39.064+0000] {dag.py:3834} INFO - Setting next_dagrun for example_branch_labels to 2024-02-25 00:00:00+00:00, run_after=2024-02-26 00:00:00+00:00
[2024-02-26T15:51:39.079+0000] {processor.py:183} INFO - Processing /home/airflow/.local/lib/python3.11/site-packages/airflow/example_dags/example_branch_labels.py took 0.074 seconds
[2024-02-26T15:52:09.884+0000] {processor.py:161} INFO - Started process (PID=2081) to work on /home/airflow/.local/lib/python3.11/site-packages/airflow/example_dags/example_branch_labels.py
[2024-02-26T15:52:09.888+0000] {processor.py:830} INFO - Processing file /home/airflow/.local/lib/python3.11/site-packages/airflow/example_dags/example_branch_labels.py for tasks to queue
[2024-02-26T15:52:09.890+0000] {logging_mixin.py:188} INFO - [2024-02-26T15:52:09.890+0000] {dagbag.py:540} INFO - Filling up the DagBag from /home/airflow/.local/lib/python3.11/site-packages/airflow/example_dags/example_branch_labels.py
[2024-02-26T15:52:09.898+0000] {processor.py:840} INFO - DAG(s) 'example_branch_labels' retrieved from /home/airflow/.local/lib/python3.11/site-packages/airflow/example_dags/example_branch_labels.py
[2024-02-26T15:52:09.920+0000] {logging_mixin.py:188} INFO - [2024-02-26T15:52:09.919+0000] {dag.py:3047} INFO - Sync 1 DAGs
[2024-02-26T15:52:09.936+0000] {logging_mixin.py:188} INFO - [2024-02-26T15:52:09.936+0000] {dag.py:3834} INFO - Setting next_dagrun for example_branch_labels to 2024-02-25 00:00:00+00:00, run_after=2024-02-26 00:00:00+00:00
[2024-02-26T15:52:09.948+0000] {processor.py:183} INFO - Processing /home/airflow/.local/lib/python3.11/site-packages/airflow/example_dags/example_branch_labels.py took 0.067 seconds
[2024-02-26T15:52:40.295+0000] {processor.py:161} INFO - Started process (PID=2352) to work on /home/airflow/.local/lib/python3.11/site-packages/airflow/example_dags/example_branch_labels.py
[2024-02-26T15:52:40.297+0000] {processor.py:830} INFO - Processing file /home/airflow/.local/lib/python3.11/site-packages/airflow/example_dags/example_branch_labels.py for tasks to queue
[2024-02-26T15:52:40.299+0000] {logging_mixin.py:188} INFO - [2024-02-26T15:52:40.298+0000] {dagbag.py:540} INFO - Filling up the DagBag from /home/airflow/.local/lib/python3.11/site-packages/airflow/example_dags/example_branch_labels.py
[2024-02-26T15:52:40.305+0000] {processor.py:840} INFO - DAG(s) 'example_branch_labels' retrieved from /home/airflow/.local/lib/python3.11/site-packages/airflow/example_dags/example_branch_labels.py
[2024-02-26T15:52:40.326+0000] {logging_mixin.py:188} INFO - [2024-02-26T15:52:40.326+0000] {dag.py:3047} INFO - Sync 1 DAGs
[2024-02-26T15:52:40.342+0000] {logging_mixin.py:188} INFO - [2024-02-26T15:52:40.342+0000] {dag.py:3834} INFO - Setting next_dagrun for example_branch_labels to 2024-02-25 00:00:00+00:00, run_after=2024-02-26 00:00:00+00:00
[2024-02-26T15:52:40.356+0000] {processor.py:183} INFO - Processing /home/airflow/.local/lib/python3.11/site-packages/airflow/example_dags/example_branch_labels.py took 0.065 seconds
[2024-02-26T15:53:11.046+0000] {processor.py:161} INFO - Started process (PID=2599) to work on /home/airflow/.local/lib/python3.11/site-packages/airflow/example_dags/example_branch_labels.py
[2024-02-26T15:53:11.049+0000] {processor.py:830} INFO - Processing file /home/airflow/.local/lib/python3.11/site-packages/airflow/example_dags/example_branch_labels.py for tasks to queue
[2024-02-26T15:53:11.051+0000] {logging_mixin.py:188} INFO - [2024-02-26T15:53:11.050+0000] {dagbag.py:540} INFO - Filling up the DagBag from /home/airflow/.local/lib/python3.11/site-packages/airflow/example_dags/example_branch_labels.py
[2024-02-26T15:53:11.057+0000] {processor.py:840} INFO - DAG(s) 'example_branch_labels' retrieved from /home/airflow/.local/lib/python3.11/site-packages/airflow/example_dags/example_branch_labels.py
[2024-02-26T15:53:11.077+0000] {logging_mixin.py:188} INFO - [2024-02-26T15:53:11.077+0000] {dag.py:3047} INFO - Sync 1 DAGs
[2024-02-26T15:53:11.092+0000] {logging_mixin.py:188} INFO - [2024-02-26T15:53:11.091+0000] {dag.py:3834} INFO - Setting next_dagrun for example_branch_labels to 2024-02-25 00:00:00+00:00, run_after=2024-02-26 00:00:00+00:00
[2024-02-26T15:53:11.104+0000] {processor.py:183} INFO - Processing /home/airflow/.local/lib/python3.11/site-packages/airflow/example_dags/example_branch_labels.py took 0.061 seconds
[2024-02-26T15:53:41.869+0000] {processor.py:161} INFO - Started process (PID=2846) to work on /home/airflow/.local/lib/python3.11/site-packages/airflow/example_dags/example_branch_labels.py
[2024-02-26T15:53:41.871+0000] {processor.py:830} INFO - Processing file /home/airflow/.local/lib/python3.11/site-packages/airflow/example_dags/example_branch_labels.py for tasks to queue
[2024-02-26T15:53:41.872+0000] {logging_mixin.py:188} INFO - [2024-02-26T15:53:41.872+0000] {dagbag.py:540} INFO - Filling up the DagBag from /home/airflow/.local/lib/python3.11/site-packages/airflow/example_dags/example_branch_labels.py
[2024-02-26T15:53:41.879+0000] {processor.py:840} INFO - DAG(s) 'example_branch_labels' retrieved from /home/airflow/.local/lib/python3.11/site-packages/airflow/example_dags/example_branch_labels.py
[2024-02-26T15:53:41.899+0000] {logging_mixin.py:188} INFO - [2024-02-26T15:53:41.899+0000] {dag.py:3047} INFO - Sync 1 DAGs
[2024-02-26T15:53:41.914+0000] {logging_mixin.py:188} INFO - [2024-02-26T15:53:41.914+0000] {dag.py:3834} INFO - Setting next_dagrun for example_branch_labels to 2024-02-25 00:00:00+00:00, run_after=2024-02-26 00:00:00+00:00
[2024-02-26T15:53:41.926+0000] {processor.py:183} INFO - Processing /home/airflow/.local/lib/python3.11/site-packages/airflow/example_dags/example_branch_labels.py took 0.060 seconds
[2024-02-26T15:54:12.644+0000] {processor.py:161} INFO - Started process (PID=3093) to work on /home/airflow/.local/lib/python3.11/site-packages/airflow/example_dags/example_branch_labels.py
[2024-02-26T15:54:12.646+0000] {processor.py:830} INFO - Processing file /home/airflow/.local/lib/python3.11/site-packages/airflow/example_dags/example_branch_labels.py for tasks to queue
[2024-02-26T15:54:12.647+0000] {logging_mixin.py:188} INFO - [2024-02-26T15:54:12.647+0000] {dagbag.py:540} INFO - Filling up the DagBag from /home/airflow/.local/lib/python3.11/site-packages/airflow/example_dags/example_branch_labels.py
[2024-02-26T15:54:12.654+0000] {processor.py:840} INFO - DAG(s) 'example_branch_labels' retrieved from /home/airflow/.local/lib/python3.11/site-packages/airflow/example_dags/example_branch_labels.py
[2024-02-26T15:54:12.675+0000] {logging_mixin.py:188} INFO - [2024-02-26T15:54:12.675+0000] {dag.py:3047} INFO - Sync 1 DAGs
[2024-02-26T15:54:12.691+0000] {logging_mixin.py:188} INFO - [2024-02-26T15:54:12.691+0000] {dag.py:3834} INFO - Setting next_dagrun for example_branch_labels to 2024-02-25 00:00:00+00:00, run_after=2024-02-26 00:00:00+00:00
[2024-02-26T15:54:12.702+0000] {processor.py:183} INFO - Processing /home/airflow/.local/lib/python3.11/site-packages/airflow/example_dags/example_branch_labels.py took 0.061 seconds
[2024-02-26T15:54:43.609+0000] {processor.py:161} INFO - Started process (PID=3342) to work on /home/airflow/.local/lib/python3.11/site-packages/airflow/example_dags/example_branch_labels.py
[2024-02-26T15:54:43.611+0000] {processor.py:830} INFO - Processing file /home/airflow/.local/lib/python3.11/site-packages/airflow/example_dags/example_branch_labels.py for tasks to queue
[2024-02-26T15:54:43.614+0000] {logging_mixin.py:188} INFO - [2024-02-26T15:54:43.614+0000] {dagbag.py:540} INFO - Filling up the DagBag from /home/airflow/.local/lib/python3.11/site-packages/airflow/example_dags/example_branch_labels.py
[2024-02-26T15:54:43.621+0000] {processor.py:840} INFO - DAG(s) 'example_branch_labels' retrieved from /home/airflow/.local/lib/python3.11/site-packages/airflow/example_dags/example_branch_labels.py
[2024-02-26T15:54:43.640+0000] {logging_mixin.py:188} INFO - [2024-02-26T15:54:43.640+0000] {dag.py:3047} INFO - Sync 1 DAGs
[2024-02-26T15:54:43.655+0000] {logging_mixin.py:188} INFO - [2024-02-26T15:54:43.654+0000] {dag.py:3834} INFO - Setting next_dagrun for example_branch_labels to 2024-02-25 00:00:00+00:00, run_after=2024-02-26 00:00:00+00:00
[2024-02-26T15:54:43.666+0000] {processor.py:183} INFO - Processing /home/airflow/.local/lib/python3.11/site-packages/airflow/example_dags/example_branch_labels.py took 0.059 seconds
[2024-02-26T15:55:14.506+0000] {processor.py:161} INFO - Started process (PID=3586) to work on /home/airflow/.local/lib/python3.11/site-packages/airflow/example_dags/example_branch_labels.py
[2024-02-26T15:55:14.508+0000] {processor.py:830} INFO - Processing file /home/airflow/.local/lib/python3.11/site-packages/airflow/example_dags/example_branch_labels.py for tasks to queue
[2024-02-26T15:55:14.510+0000] {logging_mixin.py:188} INFO - [2024-02-26T15:55:14.510+0000] {dagbag.py:540} INFO - Filling up the DagBag from /home/airflow/.local/lib/python3.11/site-packages/airflow/example_dags/example_branch_labels.py
[2024-02-26T15:55:14.516+0000] {processor.py:840} INFO - DAG(s) 'example_branch_labels' retrieved from /home/airflow/.local/lib/python3.11/site-packages/airflow/example_dags/example_branch_labels.py
[2024-02-26T15:55:14.536+0000] {logging_mixin.py:188} INFO - [2024-02-26T15:55:14.536+0000] {dag.py:3047} INFO - Sync 1 DAGs
[2024-02-26T15:55:14.552+0000] {logging_mixin.py:188} INFO - [2024-02-26T15:55:14.552+0000] {dag.py:3834} INFO - Setting next_dagrun for example_branch_labels to 2024-02-25 00:00:00+00:00, run_after=2024-02-26 00:00:00+00:00
[2024-02-26T15:55:14.564+0000] {processor.py:183} INFO - Processing /home/airflow/.local/lib/python3.11/site-packages/airflow/example_dags/example_branch_labels.py took 0.061 seconds
[2024-02-26T15:55:45.578+0000] {processor.py:161} INFO - Started process (PID=3833) to work on /home/airflow/.local/lib/python3.11/site-packages/airflow/example_dags/example_branch_labels.py
[2024-02-26T15:55:45.580+0000] {processor.py:830} INFO - Processing file /home/airflow/.local/lib/python3.11/site-packages/airflow/example_dags/example_branch_labels.py for tasks to queue
[2024-02-26T15:55:45.582+0000] {logging_mixin.py:188} INFO - [2024-02-26T15:55:45.582+0000] {dagbag.py:540} INFO - Filling up the DagBag from /home/airflow/.local/lib/python3.11/site-packages/airflow/example_dags/example_branch_labels.py
[2024-02-26T15:55:45.592+0000] {processor.py:840} INFO - DAG(s) 'example_branch_labels' retrieved from /home/airflow/.local/lib/python3.11/site-packages/airflow/example_dags/example_branch_labels.py
[2024-02-26T15:55:45.616+0000] {logging_mixin.py:188} INFO - [2024-02-26T15:55:45.616+0000] {dag.py:3047} INFO - Sync 1 DAGs
[2024-02-26T15:55:45.630+0000] {logging_mixin.py:188} INFO - [2024-02-26T15:55:45.630+0000] {dag.py:3834} INFO - Setting next_dagrun for example_branch_labels to 2024-02-25 00:00:00+00:00, run_after=2024-02-26 00:00:00+00:00
[2024-02-26T15:55:45.646+0000] {processor.py:183} INFO - Processing /home/airflow/.local/lib/python3.11/site-packages/airflow/example_dags/example_branch_labels.py took 0.072 seconds
[2024-02-26T15:56:15.735+0000] {processor.py:161} INFO - Started process (PID=4080) to work on /home/airflow/.local/lib/python3.11/site-packages/airflow/example_dags/example_branch_labels.py
[2024-02-26T15:56:15.737+0000] {processor.py:830} INFO - Processing file /home/airflow/.local/lib/python3.11/site-packages/airflow/example_dags/example_branch_labels.py for tasks to queue
[2024-02-26T15:56:15.739+0000] {logging_mixin.py:188} INFO - [2024-02-26T15:56:15.739+0000] {dagbag.py:540} INFO - Filling up the DagBag from /home/airflow/.local/lib/python3.11/site-packages/airflow/example_dags/example_branch_labels.py
[2024-02-26T15:56:15.745+0000] {processor.py:840} INFO - DAG(s) 'example_branch_labels' retrieved from /home/airflow/.local/lib/python3.11/site-packages/airflow/example_dags/example_branch_labels.py
[2024-02-26T15:56:15.766+0000] {logging_mixin.py:188} INFO - [2024-02-26T15:56:15.766+0000] {dag.py:3047} INFO - Sync 1 DAGs
[2024-02-26T15:56:15.782+0000] {logging_mixin.py:188} INFO - [2024-02-26T15:56:15.781+0000] {dag.py:3834} INFO - Setting next_dagrun for example_branch_labels to 2024-02-25 00:00:00+00:00, run_after=2024-02-26 00:00:00+00:00
[2024-02-26T15:56:15.794+0000] {processor.py:183} INFO - Processing /home/airflow/.local/lib/python3.11/site-packages/airflow/example_dags/example_branch_labels.py took 0.062 seconds
[2024-02-26T15:56:46.196+0000] {processor.py:161} INFO - Started process (PID=4328) to work on /home/airflow/.local/lib/python3.11/site-packages/airflow/example_dags/example_branch_labels.py
[2024-02-26T15:56:46.198+0000] {processor.py:830} INFO - Processing file /home/airflow/.local/lib/python3.11/site-packages/airflow/example_dags/example_branch_labels.py for tasks to queue
[2024-02-26T15:56:46.200+0000] {logging_mixin.py:188} INFO - [2024-02-26T15:56:46.200+0000] {dagbag.py:540} INFO - Filling up the DagBag from /home/airflow/.local/lib/python3.11/site-packages/airflow/example_dags/example_branch_labels.py
[2024-02-26T15:56:46.208+0000] {processor.py:840} INFO - DAG(s) 'example_branch_labels' retrieved from /home/airflow/.local/lib/python3.11/site-packages/airflow/example_dags/example_branch_labels.py
[2024-02-26T15:56:46.232+0000] {logging_mixin.py:188} INFO - [2024-02-26T15:56:46.232+0000] {dag.py:3047} INFO - Sync 1 DAGs
[2024-02-26T15:56:46.249+0000] {logging_mixin.py:188} INFO - [2024-02-26T15:56:46.249+0000] {dag.py:3834} INFO - Setting next_dagrun for example_branch_labels to 2024-02-25 00:00:00+00:00, run_after=2024-02-26 00:00:00+00:00
[2024-02-26T15:56:46.278+0000] {processor.py:183} INFO - Processing /home/airflow/.local/lib/python3.11/site-packages/airflow/example_dags/example_branch_labels.py took 0.085 seconds
[2024-02-26T15:57:16.526+0000] {processor.py:161} INFO - Started process (PID=4575) to work on /home/airflow/.local/lib/python3.11/site-packages/airflow/example_dags/example_branch_labels.py
[2024-02-26T15:57:16.528+0000] {processor.py:830} INFO - Processing file /home/airflow/.local/lib/python3.11/site-packages/airflow/example_dags/example_branch_labels.py for tasks to queue
[2024-02-26T15:57:16.530+0000] {logging_mixin.py:188} INFO - [2024-02-26T15:57:16.529+0000] {dagbag.py:540} INFO - Filling up the DagBag from /home/airflow/.local/lib/python3.11/site-packages/airflow/example_dags/example_branch_labels.py
[2024-02-26T15:57:16.537+0000] {processor.py:840} INFO - DAG(s) 'example_branch_labels' retrieved from /home/airflow/.local/lib/python3.11/site-packages/airflow/example_dags/example_branch_labels.py
[2024-02-26T15:57:16.559+0000] {logging_mixin.py:188} INFO - [2024-02-26T15:57:16.559+0000] {dag.py:3047} INFO - Sync 1 DAGs
[2024-02-26T15:57:16.577+0000] {logging_mixin.py:188} INFO - [2024-02-26T15:57:16.577+0000] {dag.py:3834} INFO - Setting next_dagrun for example_branch_labels to 2024-02-25 00:00:00+00:00, run_after=2024-02-26 00:00:00+00:00
[2024-02-26T15:57:16.591+0000] {processor.py:183} INFO - Processing /home/airflow/.local/lib/python3.11/site-packages/airflow/example_dags/example_branch_labels.py took 0.068 seconds
[2024-02-26T15:57:46.863+0000] {processor.py:161} INFO - Started process (PID=4822) to work on /home/airflow/.local/lib/python3.11/site-packages/airflow/example_dags/example_branch_labels.py
[2024-02-26T15:57:46.866+0000] {processor.py:830} INFO - Processing file /home/airflow/.local/lib/python3.11/site-packages/airflow/example_dags/example_branch_labels.py for tasks to queue
[2024-02-26T15:57:46.868+0000] {logging_mixin.py:188} INFO - [2024-02-26T15:57:46.868+0000] {dagbag.py:540} INFO - Filling up the DagBag from /home/airflow/.local/lib/python3.11/site-packages/airflow/example_dags/example_branch_labels.py
[2024-02-26T15:57:46.876+0000] {processor.py:840} INFO - DAG(s) 'example_branch_labels' retrieved from /home/airflow/.local/lib/python3.11/site-packages/airflow/example_dags/example_branch_labels.py
[2024-02-26T15:57:46.898+0000] {logging_mixin.py:188} INFO - [2024-02-26T15:57:46.898+0000] {dag.py:3047} INFO - Sync 1 DAGs
[2024-02-26T15:57:46.916+0000] {logging_mixin.py:188} INFO - [2024-02-26T15:57:46.916+0000] {dag.py:3834} INFO - Setting next_dagrun for example_branch_labels to 2024-02-25 00:00:00+00:00, run_after=2024-02-26 00:00:00+00:00
[2024-02-26T15:57:46.930+0000] {processor.py:183} INFO - Processing /home/airflow/.local/lib/python3.11/site-packages/airflow/example_dags/example_branch_labels.py took 0.070 seconds
[2024-02-26T15:58:17.159+0000] {processor.py:161} INFO - Started process (PID=5069) to work on /home/airflow/.local/lib/python3.11/site-packages/airflow/example_dags/example_branch_labels.py
[2024-02-26T15:58:17.161+0000] {processor.py:830} INFO - Processing file /home/airflow/.local/lib/python3.11/site-packages/airflow/example_dags/example_branch_labels.py for tasks to queue
[2024-02-26T15:58:17.163+0000] {logging_mixin.py:188} INFO - [2024-02-26T15:58:17.162+0000] {dagbag.py:540} INFO - Filling up the DagBag from /home/airflow/.local/lib/python3.11/site-packages/airflow/example_dags/example_branch_labels.py
[2024-02-26T15:58:17.170+0000] {processor.py:840} INFO - DAG(s) 'example_branch_labels' retrieved from /home/airflow/.local/lib/python3.11/site-packages/airflow/example_dags/example_branch_labels.py
[2024-02-26T15:58:17.196+0000] {logging_mixin.py:188} INFO - [2024-02-26T15:58:17.196+0000] {dag.py:3047} INFO - Sync 1 DAGs
[2024-02-26T15:58:17.215+0000] {logging_mixin.py:188} INFO - [2024-02-26T15:58:17.215+0000] {dag.py:3834} INFO - Setting next_dagrun for example_branch_labels to 2024-02-25 00:00:00+00:00, run_after=2024-02-26 00:00:00+00:00
[2024-02-26T15:58:17.227+0000] {processor.py:183} INFO - Processing /home/airflow/.local/lib/python3.11/site-packages/airflow/example_dags/example_branch_labels.py took 0.072 seconds
[2024-02-26T15:58:47.493+0000] {processor.py:161} INFO - Started process (PID=5317) to work on /home/airflow/.local/lib/python3.11/site-packages/airflow/example_dags/example_branch_labels.py
[2024-02-26T15:58:47.495+0000] {processor.py:830} INFO - Processing file /home/airflow/.local/lib/python3.11/site-packages/airflow/example_dags/example_branch_labels.py for tasks to queue
[2024-02-26T15:58:47.496+0000] {logging_mixin.py:188} INFO - [2024-02-26T15:58:47.496+0000] {dagbag.py:540} INFO - Filling up the DagBag from /home/airflow/.local/lib/python3.11/site-packages/airflow/example_dags/example_branch_labels.py
[2024-02-26T15:58:47.503+0000] {processor.py:840} INFO - DAG(s) 'example_branch_labels' retrieved from /home/airflow/.local/lib/python3.11/site-packages/airflow/example_dags/example_branch_labels.py
[2024-02-26T15:58:47.526+0000] {logging_mixin.py:188} INFO - [2024-02-26T15:58:47.526+0000] {dag.py:3047} INFO - Sync 1 DAGs
[2024-02-26T15:58:47.543+0000] {logging_mixin.py:188} INFO - [2024-02-26T15:58:47.543+0000] {dag.py:3834} INFO - Setting next_dagrun for example_branch_labels to 2024-02-25 00:00:00+00:00, run_after=2024-02-26 00:00:00+00:00
[2024-02-26T15:58:47.555+0000] {processor.py:183} INFO - Processing /home/airflow/.local/lib/python3.11/site-packages/airflow/example_dags/example_branch_labels.py took 0.065 seconds
[2024-02-26T15:59:17.680+0000] {processor.py:161} INFO - Started process (PID=5565) to work on /home/airflow/.local/lib/python3.11/site-packages/airflow/example_dags/example_branch_labels.py
[2024-02-26T15:59:17.681+0000] {processor.py:830} INFO - Processing file /home/airflow/.local/lib/python3.11/site-packages/airflow/example_dags/example_branch_labels.py for tasks to queue
[2024-02-26T15:59:17.684+0000] {logging_mixin.py:188} INFO - [2024-02-26T15:59:17.684+0000] {dagbag.py:540} INFO - Filling up the DagBag from /home/airflow/.local/lib/python3.11/site-packages/airflow/example_dags/example_branch_labels.py
[2024-02-26T15:59:17.691+0000] {processor.py:840} INFO - DAG(s) 'example_branch_labels' retrieved from /home/airflow/.local/lib/python3.11/site-packages/airflow/example_dags/example_branch_labels.py
[2024-02-26T15:59:17.711+0000] {logging_mixin.py:188} INFO - [2024-02-26T15:59:17.711+0000] {dag.py:3047} INFO - Sync 1 DAGs
[2024-02-26T15:59:17.727+0000] {logging_mixin.py:188} INFO - [2024-02-26T15:59:17.727+0000] {dag.py:3834} INFO - Setting next_dagrun for example_branch_labels to 2024-02-25 00:00:00+00:00, run_after=2024-02-26 00:00:00+00:00
[2024-02-26T15:59:17.739+0000] {processor.py:183} INFO - Processing /home/airflow/.local/lib/python3.11/site-packages/airflow/example_dags/example_branch_labels.py took 0.062 seconds
[2024-02-26T15:59:48.693+0000] {processor.py:161} INFO - Started process (PID=5812) to work on /home/airflow/.local/lib/python3.11/site-packages/airflow/example_dags/example_branch_labels.py
[2024-02-26T15:59:48.695+0000] {processor.py:830} INFO - Processing file /home/airflow/.local/lib/python3.11/site-packages/airflow/example_dags/example_branch_labels.py for tasks to queue
[2024-02-26T15:59:48.696+0000] {logging_mixin.py:188} INFO - [2024-02-26T15:59:48.696+0000] {dagbag.py:540} INFO - Filling up the DagBag from /home/airflow/.local/lib/python3.11/site-packages/airflow/example_dags/example_branch_labels.py
[2024-02-26T15:59:48.702+0000] {processor.py:840} INFO - DAG(s) 'example_branch_labels' retrieved from /home/airflow/.local/lib/python3.11/site-packages/airflow/example_dags/example_branch_labels.py
[2024-02-26T15:59:48.725+0000] {logging_mixin.py:188} INFO - [2024-02-26T15:59:48.724+0000] {dag.py:3047} INFO - Sync 1 DAGs
[2024-02-26T15:59:48.739+0000] {logging_mixin.py:188} INFO - [2024-02-26T15:59:48.739+0000] {dag.py:3834} INFO - Setting next_dagrun for example_branch_labels to 2024-02-25 00:00:00+00:00, run_after=2024-02-26 00:00:00+00:00
[2024-02-26T15:59:48.752+0000] {processor.py:183} INFO - Processing /home/airflow/.local/lib/python3.11/site-packages/airflow/example_dags/example_branch_labels.py took 0.063 seconds
[2024-02-26T16:00:19.551+0000] {processor.py:161} INFO - Started process (PID=6059) to work on /home/airflow/.local/lib/python3.11/site-packages/airflow/example_dags/example_branch_labels.py
[2024-02-26T16:00:19.553+0000] {processor.py:830} INFO - Processing file /home/airflow/.local/lib/python3.11/site-packages/airflow/example_dags/example_branch_labels.py for tasks to queue
[2024-02-26T16:00:19.555+0000] {logging_mixin.py:188} INFO - [2024-02-26T16:00:19.554+0000] {dagbag.py:540} INFO - Filling up the DagBag from /home/airflow/.local/lib/python3.11/site-packages/airflow/example_dags/example_branch_labels.py
[2024-02-26T16:00:19.562+0000] {processor.py:840} INFO - DAG(s) 'example_branch_labels' retrieved from /home/airflow/.local/lib/python3.11/site-packages/airflow/example_dags/example_branch_labels.py
[2024-02-26T16:00:19.583+0000] {logging_mixin.py:188} INFO - [2024-02-26T16:00:19.583+0000] {dag.py:3047} INFO - Sync 1 DAGs
[2024-02-26T16:00:19.599+0000] {logging_mixin.py:188} INFO - [2024-02-26T16:00:19.599+0000] {dag.py:3834} INFO - Setting next_dagrun for example_branch_labels to 2024-02-25 00:00:00+00:00, run_after=2024-02-26 00:00:00+00:00
[2024-02-26T16:00:19.613+0000] {processor.py:183} INFO - Processing /home/airflow/.local/lib/python3.11/site-packages/airflow/example_dags/example_branch_labels.py took 0.064 seconds
[2024-02-26T16:00:50.403+0000] {processor.py:161} INFO - Started process (PID=6305) to work on /home/airflow/.local/lib/python3.11/site-packages/airflow/example_dags/example_branch_labels.py
[2024-02-26T16:00:50.404+0000] {processor.py:830} INFO - Processing file /home/airflow/.local/lib/python3.11/site-packages/airflow/example_dags/example_branch_labels.py for tasks to queue
[2024-02-26T16:00:50.406+0000] {logging_mixin.py:188} INFO - [2024-02-26T16:00:50.406+0000] {dagbag.py:540} INFO - Filling up the DagBag from /home/airflow/.local/lib/python3.11/site-packages/airflow/example_dags/example_branch_labels.py
[2024-02-26T16:00:50.414+0000] {processor.py:840} INFO - DAG(s) 'example_branch_labels' retrieved from /home/airflow/.local/lib/python3.11/site-packages/airflow/example_dags/example_branch_labels.py
[2024-02-26T16:00:50.434+0000] {logging_mixin.py:188} INFO - [2024-02-26T16:00:50.434+0000] {dag.py:3047} INFO - Sync 1 DAGs
[2024-02-26T16:00:50.451+0000] {logging_mixin.py:188} INFO - [2024-02-26T16:00:50.451+0000] {dag.py:3834} INFO - Setting next_dagrun for example_branch_labels to 2024-02-25 00:00:00+00:00, run_after=2024-02-26 00:00:00+00:00
[2024-02-26T16:00:50.464+0000] {processor.py:183} INFO - Processing /home/airflow/.local/lib/python3.11/site-packages/airflow/example_dags/example_branch_labels.py took 0.064 seconds
[2024-02-26T16:01:21.207+0000] {processor.py:161} INFO - Started process (PID=6554) to work on /home/airflow/.local/lib/python3.11/site-packages/airflow/example_dags/example_branch_labels.py
[2024-02-26T16:01:21.209+0000] {processor.py:830} INFO - Processing file /home/airflow/.local/lib/python3.11/site-packages/airflow/example_dags/example_branch_labels.py for tasks to queue
[2024-02-26T16:01:21.210+0000] {logging_mixin.py:188} INFO - [2024-02-26T16:01:21.210+0000] {dagbag.py:540} INFO - Filling up the DagBag from /home/airflow/.local/lib/python3.11/site-packages/airflow/example_dags/example_branch_labels.py
[2024-02-26T16:01:21.219+0000] {processor.py:840} INFO - DAG(s) 'example_branch_labels' retrieved from /home/airflow/.local/lib/python3.11/site-packages/airflow/example_dags/example_branch_labels.py
[2024-02-26T16:01:21.239+0000] {logging_mixin.py:188} INFO - [2024-02-26T16:01:21.239+0000] {dag.py:3047} INFO - Sync 1 DAGs
[2024-02-26T16:01:21.254+0000] {logging_mixin.py:188} INFO - [2024-02-26T16:01:21.254+0000] {dag.py:3834} INFO - Setting next_dagrun for example_branch_labels to 2024-02-25 00:00:00+00:00, run_after=2024-02-26 00:00:00+00:00
[2024-02-26T16:01:21.265+0000] {processor.py:183} INFO - Processing /home/airflow/.local/lib/python3.11/site-packages/airflow/example_dags/example_branch_labels.py took 0.061 seconds
[2024-02-26T16:01:51.328+0000] {processor.py:161} INFO - Started process (PID=6799) to work on /home/airflow/.local/lib/python3.11/site-packages/airflow/example_dags/example_branch_labels.py
[2024-02-26T16:01:51.330+0000] {processor.py:830} INFO - Processing file /home/airflow/.local/lib/python3.11/site-packages/airflow/example_dags/example_branch_labels.py for tasks to queue
[2024-02-26T16:01:51.331+0000] {logging_mixin.py:188} INFO - [2024-02-26T16:01:51.331+0000] {dagbag.py:540} INFO - Filling up the DagBag from /home/airflow/.local/lib/python3.11/site-packages/airflow/example_dags/example_branch_labels.py
[2024-02-26T16:01:51.338+0000] {processor.py:840} INFO - DAG(s) 'example_branch_labels' retrieved from /home/airflow/.local/lib/python3.11/site-packages/airflow/example_dags/example_branch_labels.py
[2024-02-26T16:01:51.359+0000] {logging_mixin.py:188} INFO - [2024-02-26T16:01:51.359+0000] {dag.py:3047} INFO - Sync 1 DAGs
[2024-02-26T16:01:51.374+0000] {logging_mixin.py:188} INFO - [2024-02-26T16:01:51.374+0000] {dag.py:3834} INFO - Setting next_dagrun for example_branch_labels to 2024-02-25 00:00:00+00:00, run_after=2024-02-26 00:00:00+00:00
[2024-02-26T16:01:51.388+0000] {processor.py:183} INFO - Processing /home/airflow/.local/lib/python3.11/site-packages/airflow/example_dags/example_branch_labels.py took 0.062 seconds
[2024-02-26T16:02:21.594+0000] {processor.py:161} INFO - Started process (PID=7048) to work on /home/airflow/.local/lib/python3.11/site-packages/airflow/example_dags/example_branch_labels.py
[2024-02-26T16:02:21.598+0000] {processor.py:830} INFO - Processing file /home/airflow/.local/lib/python3.11/site-packages/airflow/example_dags/example_branch_labels.py for tasks to queue
[2024-02-26T16:02:21.600+0000] {logging_mixin.py:188} INFO - [2024-02-26T16:02:21.599+0000] {dagbag.py:540} INFO - Filling up the DagBag from /home/airflow/.local/lib/python3.11/site-packages/airflow/example_dags/example_branch_labels.py
[2024-02-26T16:02:21.609+0000] {processor.py:840} INFO - DAG(s) 'example_branch_labels' retrieved from /home/airflow/.local/lib/python3.11/site-packages/airflow/example_dags/example_branch_labels.py
[2024-02-26T16:02:21.632+0000] {logging_mixin.py:188} INFO - [2024-02-26T16:02:21.632+0000] {dag.py:3047} INFO - Sync 1 DAGs
[2024-02-26T16:02:21.652+0000] {logging_mixin.py:188} INFO - [2024-02-26T16:02:21.652+0000] {dag.py:3834} INFO - Setting next_dagrun for example_branch_labels to 2024-02-25 00:00:00+00:00, run_after=2024-02-26 00:00:00+00:00
[2024-02-26T16:02:21.667+0000] {processor.py:183} INFO - Processing /home/airflow/.local/lib/python3.11/site-packages/airflow/example_dags/example_branch_labels.py took 0.077 seconds
[2024-02-26T16:02:51.721+0000] {processor.py:161} INFO - Started process (PID=7295) to work on /home/airflow/.local/lib/python3.11/site-packages/airflow/example_dags/example_branch_labels.py
[2024-02-26T16:02:51.723+0000] {processor.py:830} INFO - Processing file /home/airflow/.local/lib/python3.11/site-packages/airflow/example_dags/example_branch_labels.py for tasks to queue
[2024-02-26T16:02:51.724+0000] {logging_mixin.py:188} INFO - [2024-02-26T16:02:51.724+0000] {dagbag.py:540} INFO - Filling up the DagBag from /home/airflow/.local/lib/python3.11/site-packages/airflow/example_dags/example_branch_labels.py
[2024-02-26T16:02:51.731+0000] {processor.py:840} INFO - DAG(s) 'example_branch_labels' retrieved from /home/airflow/.local/lib/python3.11/site-packages/airflow/example_dags/example_branch_labels.py
[2024-02-26T16:02:51.752+0000] {logging_mixin.py:188} INFO - [2024-02-26T16:02:51.752+0000] {dag.py:3047} INFO - Sync 1 DAGs
[2024-02-26T16:02:51.772+0000] {logging_mixin.py:188} INFO - [2024-02-26T16:02:51.772+0000] {dag.py:3834} INFO - Setting next_dagrun for example_branch_labels to 2024-02-25 00:00:00+00:00, run_after=2024-02-26 00:00:00+00:00
[2024-02-26T16:02:51.785+0000] {processor.py:183} INFO - Processing /home/airflow/.local/lib/python3.11/site-packages/airflow/example_dags/example_branch_labels.py took 0.068 seconds
[2024-02-26T16:03:22.819+0000] {processor.py:161} INFO - Started process (PID=7540) to work on /home/airflow/.local/lib/python3.11/site-packages/airflow/example_dags/example_branch_labels.py
[2024-02-26T16:03:22.821+0000] {processor.py:830} INFO - Processing file /home/airflow/.local/lib/python3.11/site-packages/airflow/example_dags/example_branch_labels.py for tasks to queue
[2024-02-26T16:03:22.822+0000] {logging_mixin.py:188} INFO - [2024-02-26T16:03:22.822+0000] {dagbag.py:540} INFO - Filling up the DagBag from /home/airflow/.local/lib/python3.11/site-packages/airflow/example_dags/example_branch_labels.py
[2024-02-26T16:03:22.828+0000] {processor.py:840} INFO - DAG(s) 'example_branch_labels' retrieved from /home/airflow/.local/lib/python3.11/site-packages/airflow/example_dags/example_branch_labels.py
[2024-02-26T16:03:22.849+0000] {logging_mixin.py:188} INFO - [2024-02-26T16:03:22.849+0000] {dag.py:3047} INFO - Sync 1 DAGs
[2024-02-26T16:03:22.865+0000] {logging_mixin.py:188} INFO - [2024-02-26T16:03:22.865+0000] {dag.py:3834} INFO - Setting next_dagrun for example_branch_labels to 2024-02-25 00:00:00+00:00, run_after=2024-02-26 00:00:00+00:00
[2024-02-26T16:03:22.878+0000] {processor.py:183} INFO - Processing /home/airflow/.local/lib/python3.11/site-packages/airflow/example_dags/example_branch_labels.py took 0.062 seconds
[2024-02-26T16:03:53.051+0000] {processor.py:161} INFO - Started process (PID=7790) to work on /home/airflow/.local/lib/python3.11/site-packages/airflow/example_dags/example_branch_labels.py
[2024-02-26T16:03:53.053+0000] {processor.py:830} INFO - Processing file /home/airflow/.local/lib/python3.11/site-packages/airflow/example_dags/example_branch_labels.py for tasks to queue
[2024-02-26T16:03:53.054+0000] {logging_mixin.py:188} INFO - [2024-02-26T16:03:53.054+0000] {dagbag.py:540} INFO - Filling up the DagBag from /home/airflow/.local/lib/python3.11/site-packages/airflow/example_dags/example_branch_labels.py
[2024-02-26T16:03:53.063+0000] {processor.py:840} INFO - DAG(s) 'example_branch_labels' retrieved from /home/airflow/.local/lib/python3.11/site-packages/airflow/example_dags/example_branch_labels.py
[2024-02-26T16:03:53.082+0000] {logging_mixin.py:188} INFO - [2024-02-26T16:03:53.082+0000] {dag.py:3047} INFO - Sync 1 DAGs
[2024-02-26T16:03:53.097+0000] {logging_mixin.py:188} INFO - [2024-02-26T16:03:53.097+0000] {dag.py:3834} INFO - Setting next_dagrun for example_branch_labels to 2024-02-25 00:00:00+00:00, run_after=2024-02-26 00:00:00+00:00
[2024-02-26T16:03:53.108+0000] {processor.py:183} INFO - Processing /home/airflow/.local/lib/python3.11/site-packages/airflow/example_dags/example_branch_labels.py took 0.059 seconds
[2024-02-26T16:04:23.705+0000] {processor.py:161} INFO - Started process (PID=8035) to work on /home/airflow/.local/lib/python3.11/site-packages/airflow/example_dags/example_branch_labels.py
[2024-02-26T16:04:23.707+0000] {processor.py:830} INFO - Processing file /home/airflow/.local/lib/python3.11/site-packages/airflow/example_dags/example_branch_labels.py for tasks to queue
[2024-02-26T16:04:23.708+0000] {logging_mixin.py:188} INFO - [2024-02-26T16:04:23.708+0000] {dagbag.py:540} INFO - Filling up the DagBag from /home/airflow/.local/lib/python3.11/site-packages/airflow/example_dags/example_branch_labels.py
[2024-02-26T16:04:23.715+0000] {processor.py:840} INFO - DAG(s) 'example_branch_labels' retrieved from /home/airflow/.local/lib/python3.11/site-packages/airflow/example_dags/example_branch_labels.py
[2024-02-26T16:04:23.737+0000] {logging_mixin.py:188} INFO - [2024-02-26T16:04:23.737+0000] {dag.py:3047} INFO - Sync 1 DAGs
[2024-02-26T16:04:23.753+0000] {logging_mixin.py:188} INFO - [2024-02-26T16:04:23.753+0000] {dag.py:3834} INFO - Setting next_dagrun for example_branch_labels to 2024-02-25 00:00:00+00:00, run_after=2024-02-26 00:00:00+00:00
[2024-02-26T16:04:23.766+0000] {processor.py:183} INFO - Processing /home/airflow/.local/lib/python3.11/site-packages/airflow/example_dags/example_branch_labels.py took 0.064 seconds
[2024-02-26T16:04:54.538+0000] {processor.py:161} INFO - Started process (PID=8282) to work on /home/airflow/.local/lib/python3.11/site-packages/airflow/example_dags/example_branch_labels.py
[2024-02-26T16:04:54.539+0000] {processor.py:830} INFO - Processing file /home/airflow/.local/lib/python3.11/site-packages/airflow/example_dags/example_branch_labels.py for tasks to queue
[2024-02-26T16:04:54.541+0000] {logging_mixin.py:188} INFO - [2024-02-26T16:04:54.541+0000] {dagbag.py:540} INFO - Filling up the DagBag from /home/airflow/.local/lib/python3.11/site-packages/airflow/example_dags/example_branch_labels.py
[2024-02-26T16:04:54.548+0000] {processor.py:840} INFO - DAG(s) 'example_branch_labels' retrieved from /home/airflow/.local/lib/python3.11/site-packages/airflow/example_dags/example_branch_labels.py
[2024-02-26T16:04:54.569+0000] {logging_mixin.py:188} INFO - [2024-02-26T16:04:54.569+0000] {dag.py:3047} INFO - Sync 1 DAGs
[2024-02-26T16:04:54.587+0000] {logging_mixin.py:188} INFO - [2024-02-26T16:04:54.587+0000] {dag.py:3834} INFO - Setting next_dagrun for example_branch_labels to 2024-02-25 00:00:00+00:00, run_after=2024-02-26 00:00:00+00:00
[2024-02-26T16:04:54.600+0000] {processor.py:183} INFO - Processing /home/airflow/.local/lib/python3.11/site-packages/airflow/example_dags/example_branch_labels.py took 0.065 seconds
[2024-02-26T16:05:25.291+0000] {processor.py:161} INFO - Started process (PID=8529) to work on /home/airflow/.local/lib/python3.11/site-packages/airflow/example_dags/example_branch_labels.py
[2024-02-26T16:05:25.293+0000] {processor.py:830} INFO - Processing file /home/airflow/.local/lib/python3.11/site-packages/airflow/example_dags/example_branch_labels.py for tasks to queue
[2024-02-26T16:05:25.296+0000] {logging_mixin.py:188} INFO - [2024-02-26T16:05:25.296+0000] {dagbag.py:540} INFO - Filling up the DagBag from /home/airflow/.local/lib/python3.11/site-packages/airflow/example_dags/example_branch_labels.py
[2024-02-26T16:05:25.304+0000] {processor.py:840} INFO - DAG(s) 'example_branch_labels' retrieved from /home/airflow/.local/lib/python3.11/site-packages/airflow/example_dags/example_branch_labels.py
[2024-02-26T16:05:25.325+0000] {logging_mixin.py:188} INFO - [2024-02-26T16:05:25.325+0000] {dag.py:3047} INFO - Sync 1 DAGs
[2024-02-26T16:05:25.341+0000] {logging_mixin.py:188} INFO - [2024-02-26T16:05:25.341+0000] {dag.py:3834} INFO - Setting next_dagrun for example_branch_labels to 2024-02-25 00:00:00+00:00, run_after=2024-02-26 00:00:00+00:00
[2024-02-26T16:05:25.358+0000] {processor.py:183} INFO - Processing /home/airflow/.local/lib/python3.11/site-packages/airflow/example_dags/example_branch_labels.py took 0.070 seconds
[2024-02-26T16:05:56.008+0000] {processor.py:161} INFO - Started process (PID=8776) to work on /home/airflow/.local/lib/python3.11/site-packages/airflow/example_dags/example_branch_labels.py
[2024-02-26T16:05:56.010+0000] {processor.py:830} INFO - Processing file /home/airflow/.local/lib/python3.11/site-packages/airflow/example_dags/example_branch_labels.py for tasks to queue
[2024-02-26T16:05:56.012+0000] {logging_mixin.py:188} INFO - [2024-02-26T16:05:56.011+0000] {dagbag.py:540} INFO - Filling up the DagBag from /home/airflow/.local/lib/python3.11/site-packages/airflow/example_dags/example_branch_labels.py
[2024-02-26T16:05:56.018+0000] {processor.py:840} INFO - DAG(s) 'example_branch_labels' retrieved from /home/airflow/.local/lib/python3.11/site-packages/airflow/example_dags/example_branch_labels.py
[2024-02-26T16:05:56.038+0000] {logging_mixin.py:188} INFO - [2024-02-26T16:05:56.038+0000] {dag.py:3047} INFO - Sync 1 DAGs
[2024-02-26T16:05:56.052+0000] {logging_mixin.py:188} INFO - [2024-02-26T16:05:56.052+0000] {dag.py:3834} INFO - Setting next_dagrun for example_branch_labels to 2024-02-25 00:00:00+00:00, run_after=2024-02-26 00:00:00+00:00
[2024-02-26T16:05:56.065+0000] {processor.py:183} INFO - Processing /home/airflow/.local/lib/python3.11/site-packages/airflow/example_dags/example_branch_labels.py took 0.060 seconds
[2024-02-26T16:06:26.900+0000] {processor.py:161} INFO - Started process (PID=9023) to work on /home/airflow/.local/lib/python3.11/site-packages/airflow/example_dags/example_branch_labels.py
[2024-02-26T16:06:26.902+0000] {processor.py:830} INFO - Processing file /home/airflow/.local/lib/python3.11/site-packages/airflow/example_dags/example_branch_labels.py for tasks to queue
[2024-02-26T16:06:26.906+0000] {logging_mixin.py:188} INFO - [2024-02-26T16:06:26.906+0000] {dagbag.py:540} INFO - Filling up the DagBag from /home/airflow/.local/lib/python3.11/site-packages/airflow/example_dags/example_branch_labels.py
[2024-02-26T16:06:26.913+0000] {processor.py:840} INFO - DAG(s) 'example_branch_labels' retrieved from /home/airflow/.local/lib/python3.11/site-packages/airflow/example_dags/example_branch_labels.py
[2024-02-26T16:06:26.934+0000] {logging_mixin.py:188} INFO - [2024-02-26T16:06:26.934+0000] {dag.py:3047} INFO - Sync 1 DAGs
[2024-02-26T16:06:26.951+0000] {logging_mixin.py:188} INFO - [2024-02-26T16:06:26.951+0000] {dag.py:3834} INFO - Setting next_dagrun for example_branch_labels to 2024-02-25 00:00:00+00:00, run_after=2024-02-26 00:00:00+00:00
[2024-02-26T16:06:26.964+0000] {processor.py:183} INFO - Processing /home/airflow/.local/lib/python3.11/site-packages/airflow/example_dags/example_branch_labels.py took 0.067 seconds
[2024-02-26T16:06:57.774+0000] {processor.py:161} INFO - Started process (PID=9270) to work on /home/airflow/.local/lib/python3.11/site-packages/airflow/example_dags/example_branch_labels.py
[2024-02-26T16:06:57.778+0000] {processor.py:830} INFO - Processing file /home/airflow/.local/lib/python3.11/site-packages/airflow/example_dags/example_branch_labels.py for tasks to queue
[2024-02-26T16:06:57.779+0000] {logging_mixin.py:188} INFO - [2024-02-26T16:06:57.779+0000] {dagbag.py:540} INFO - Filling up the DagBag from /home/airflow/.local/lib/python3.11/site-packages/airflow/example_dags/example_branch_labels.py
[2024-02-26T16:06:57.790+0000] {processor.py:840} INFO - DAG(s) 'example_branch_labels' retrieved from /home/airflow/.local/lib/python3.11/site-packages/airflow/example_dags/example_branch_labels.py
[2024-02-26T16:06:57.814+0000] {logging_mixin.py:188} INFO - [2024-02-26T16:06:57.814+0000] {dag.py:3047} INFO - Sync 1 DAGs
[2024-02-26T16:06:57.832+0000] {logging_mixin.py:188} INFO - [2024-02-26T16:06:57.832+0000] {dag.py:3834} INFO - Setting next_dagrun for example_branch_labels to 2024-02-25 00:00:00+00:00, run_after=2024-02-26 00:00:00+00:00
[2024-02-26T16:06:57.849+0000] {processor.py:183} INFO - Processing /home/airflow/.local/lib/python3.11/site-packages/airflow/example_dags/example_branch_labels.py took 0.079 seconds
[2024-02-26T16:07:27.992+0000] {processor.py:161} INFO - Started process (PID=9523) to work on /home/airflow/.local/lib/python3.11/site-packages/airflow/example_dags/example_branch_labels.py
[2024-02-26T16:07:27.994+0000] {processor.py:830} INFO - Processing file /home/airflow/.local/lib/python3.11/site-packages/airflow/example_dags/example_branch_labels.py for tasks to queue
[2024-02-26T16:07:27.997+0000] {logging_mixin.py:188} INFO - [2024-02-26T16:07:27.996+0000] {dagbag.py:540} INFO - Filling up the DagBag from /home/airflow/.local/lib/python3.11/site-packages/airflow/example_dags/example_branch_labels.py
[2024-02-26T16:07:28.003+0000] {processor.py:840} INFO - DAG(s) 'example_branch_labels' retrieved from /home/airflow/.local/lib/python3.11/site-packages/airflow/example_dags/example_branch_labels.py
[2024-02-26T16:07:28.026+0000] {logging_mixin.py:188} INFO - [2024-02-26T16:07:28.026+0000] {dag.py:3047} INFO - Sync 1 DAGs
[2024-02-26T16:07:28.042+0000] {logging_mixin.py:188} INFO - [2024-02-26T16:07:28.041+0000] {dag.py:3834} INFO - Setting next_dagrun for example_branch_labels to 2024-02-25 00:00:00+00:00, run_after=2024-02-26 00:00:00+00:00
[2024-02-26T16:07:28.052+0000] {processor.py:183} INFO - Processing /home/airflow/.local/lib/python3.11/site-packages/airflow/example_dags/example_branch_labels.py took 0.064 seconds
[2024-02-26T16:07:58.175+0000] {processor.py:161} INFO - Started process (PID=9770) to work on /home/airflow/.local/lib/python3.11/site-packages/airflow/example_dags/example_branch_labels.py
[2024-02-26T16:07:58.177+0000] {processor.py:830} INFO - Processing file /home/airflow/.local/lib/python3.11/site-packages/airflow/example_dags/example_branch_labels.py for tasks to queue
[2024-02-26T16:07:58.178+0000] {logging_mixin.py:188} INFO - [2024-02-26T16:07:58.178+0000] {dagbag.py:540} INFO - Filling up the DagBag from /home/airflow/.local/lib/python3.11/site-packages/airflow/example_dags/example_branch_labels.py
[2024-02-26T16:07:58.184+0000] {processor.py:840} INFO - DAG(s) 'example_branch_labels' retrieved from /home/airflow/.local/lib/python3.11/site-packages/airflow/example_dags/example_branch_labels.py
[2024-02-26T16:07:58.203+0000] {logging_mixin.py:188} INFO - [2024-02-26T16:07:58.203+0000] {dag.py:3047} INFO - Sync 1 DAGs
[2024-02-26T16:07:58.217+0000] {logging_mixin.py:188} INFO - [2024-02-26T16:07:58.217+0000] {dag.py:3834} INFO - Setting next_dagrun for example_branch_labels to 2024-02-25 00:00:00+00:00, run_after=2024-02-26 00:00:00+00:00
[2024-02-26T16:07:58.227+0000] {processor.py:183} INFO - Processing /home/airflow/.local/lib/python3.11/site-packages/airflow/example_dags/example_branch_labels.py took 0.055 seconds
[2024-02-26T16:08:29.280+0000] {processor.py:161} INFO - Started process (PID=10017) to work on /home/airflow/.local/lib/python3.11/site-packages/airflow/example_dags/example_branch_labels.py
[2024-02-26T16:08:29.283+0000] {processor.py:830} INFO - Processing file /home/airflow/.local/lib/python3.11/site-packages/airflow/example_dags/example_branch_labels.py for tasks to queue
[2024-02-26T16:08:29.284+0000] {logging_mixin.py:188} INFO - [2024-02-26T16:08:29.284+0000] {dagbag.py:540} INFO - Filling up the DagBag from /home/airflow/.local/lib/python3.11/site-packages/airflow/example_dags/example_branch_labels.py
[2024-02-26T16:08:29.290+0000] {processor.py:840} INFO - DAG(s) 'example_branch_labels' retrieved from /home/airflow/.local/lib/python3.11/site-packages/airflow/example_dags/example_branch_labels.py
[2024-02-26T16:08:29.311+0000] {logging_mixin.py:188} INFO - [2024-02-26T16:08:29.311+0000] {dag.py:3047} INFO - Sync 1 DAGs
[2024-02-26T16:08:29.325+0000] {logging_mixin.py:188} INFO - [2024-02-26T16:08:29.325+0000] {dag.py:3834} INFO - Setting next_dagrun for example_branch_labels to 2024-02-25 00:00:00+00:00, run_after=2024-02-26 00:00:00+00:00
[2024-02-26T16:08:29.337+0000] {processor.py:183} INFO - Processing /home/airflow/.local/lib/python3.11/site-packages/airflow/example_dags/example_branch_labels.py took 0.060 seconds
[2024-02-26T16:08:59.722+0000] {processor.py:161} INFO - Started process (PID=10264) to work on /home/airflow/.local/lib/python3.11/site-packages/airflow/example_dags/example_branch_labels.py
[2024-02-26T16:08:59.724+0000] {processor.py:830} INFO - Processing file /home/airflow/.local/lib/python3.11/site-packages/airflow/example_dags/example_branch_labels.py for tasks to queue
[2024-02-26T16:08:59.725+0000] {logging_mixin.py:188} INFO - [2024-02-26T16:08:59.725+0000] {dagbag.py:540} INFO - Filling up the DagBag from /home/airflow/.local/lib/python3.11/site-packages/airflow/example_dags/example_branch_labels.py
[2024-02-26T16:08:59.735+0000] {processor.py:840} INFO - DAG(s) 'example_branch_labels' retrieved from /home/airflow/.local/lib/python3.11/site-packages/airflow/example_dags/example_branch_labels.py
[2024-02-26T16:08:59.756+0000] {logging_mixin.py:188} INFO - [2024-02-26T16:08:59.756+0000] {dag.py:3047} INFO - Sync 1 DAGs
[2024-02-26T16:08:59.773+0000] {logging_mixin.py:188} INFO - [2024-02-26T16:08:59.772+0000] {dag.py:3834} INFO - Setting next_dagrun for example_branch_labels to 2024-02-25 00:00:00+00:00, run_after=2024-02-26 00:00:00+00:00
[2024-02-26T16:08:59.784+0000] {processor.py:183} INFO - Processing /home/airflow/.local/lib/python3.11/site-packages/airflow/example_dags/example_branch_labels.py took 0.066 seconds
[2024-02-26T16:09:29.884+0000] {processor.py:161} INFO - Started process (PID=10511) to work on /home/airflow/.local/lib/python3.11/site-packages/airflow/example_dags/example_branch_labels.py
[2024-02-26T16:09:29.886+0000] {processor.py:830} INFO - Processing file /home/airflow/.local/lib/python3.11/site-packages/airflow/example_dags/example_branch_labels.py for tasks to queue
[2024-02-26T16:09:29.888+0000] {logging_mixin.py:188} INFO - [2024-02-26T16:09:29.888+0000] {dagbag.py:540} INFO - Filling up the DagBag from /home/airflow/.local/lib/python3.11/site-packages/airflow/example_dags/example_branch_labels.py
[2024-02-26T16:09:29.896+0000] {processor.py:840} INFO - DAG(s) 'example_branch_labels' retrieved from /home/airflow/.local/lib/python3.11/site-packages/airflow/example_dags/example_branch_labels.py
[2024-02-26T16:09:29.916+0000] {logging_mixin.py:188} INFO - [2024-02-26T16:09:29.916+0000] {dag.py:3047} INFO - Sync 1 DAGs
[2024-02-26T16:09:29.932+0000] {logging_mixin.py:188} INFO - [2024-02-26T16:09:29.932+0000] {dag.py:3834} INFO - Setting next_dagrun for example_branch_labels to 2024-02-25 00:00:00+00:00, run_after=2024-02-26 00:00:00+00:00
[2024-02-26T16:09:29.944+0000] {processor.py:183} INFO - Processing /home/airflow/.local/lib/python3.11/site-packages/airflow/example_dags/example_branch_labels.py took 0.063 seconds
[2024-02-26T16:09:59.988+0000] {processor.py:161} INFO - Started process (PID=10753) to work on /home/airflow/.local/lib/python3.11/site-packages/airflow/example_dags/example_branch_labels.py
[2024-02-26T16:09:59.989+0000] {processor.py:830} INFO - Processing file /home/airflow/.local/lib/python3.11/site-packages/airflow/example_dags/example_branch_labels.py for tasks to queue
[2024-02-26T16:09:59.995+0000] {logging_mixin.py:188} INFO - [2024-02-26T16:09:59.994+0000] {dagbag.py:540} INFO - Filling up the DagBag from /home/airflow/.local/lib/python3.11/site-packages/airflow/example_dags/example_branch_labels.py
[2024-02-26T16:10:00.002+0000] {processor.py:840} INFO - DAG(s) 'example_branch_labels' retrieved from /home/airflow/.local/lib/python3.11/site-packages/airflow/example_dags/example_branch_labels.py
[2024-02-26T16:10:00.023+0000] {logging_mixin.py:188} INFO - [2024-02-26T16:10:00.023+0000] {dag.py:3047} INFO - Sync 1 DAGs
[2024-02-26T16:10:00.037+0000] {logging_mixin.py:188} INFO - [2024-02-26T16:10:00.037+0000] {dag.py:3834} INFO - Setting next_dagrun for example_branch_labels to 2024-02-25 00:00:00+00:00, run_after=2024-02-26 00:00:00+00:00
[2024-02-26T16:10:00.047+0000] {processor.py:183} INFO - Processing /home/airflow/.local/lib/python3.11/site-packages/airflow/example_dags/example_branch_labels.py took 0.062 seconds
[2024-02-26T16:10:30.127+0000] {processor.py:161} INFO - Started process (PID=11000) to work on /home/airflow/.local/lib/python3.11/site-packages/airflow/example_dags/example_branch_labels.py
[2024-02-26T16:10:30.132+0000] {processor.py:830} INFO - Processing file /home/airflow/.local/lib/python3.11/site-packages/airflow/example_dags/example_branch_labels.py for tasks to queue
[2024-02-26T16:10:30.134+0000] {logging_mixin.py:188} INFO - [2024-02-26T16:10:30.134+0000] {dagbag.py:540} INFO - Filling up the DagBag from /home/airflow/.local/lib/python3.11/site-packages/airflow/example_dags/example_branch_labels.py
[2024-02-26T16:10:30.143+0000] {processor.py:840} INFO - DAG(s) 'example_branch_labels' retrieved from /home/airflow/.local/lib/python3.11/site-packages/airflow/example_dags/example_branch_labels.py
[2024-02-26T16:10:30.163+0000] {logging_mixin.py:188} INFO - [2024-02-26T16:10:30.163+0000] {dag.py:3047} INFO - Sync 1 DAGs
[2024-02-26T16:10:30.178+0000] {logging_mixin.py:188} INFO - [2024-02-26T16:10:30.178+0000] {dag.py:3834} INFO - Setting next_dagrun for example_branch_labels to 2024-02-25 00:00:00+00:00, run_after=2024-02-26 00:00:00+00:00
[2024-02-26T16:10:30.194+0000] {processor.py:183} INFO - Processing /home/airflow/.local/lib/python3.11/site-packages/airflow/example_dags/example_branch_labels.py took 0.070 seconds
[2024-02-26T16:11:00.627+0000] {processor.py:161} INFO - Started process (PID=11252) to work on /home/airflow/.local/lib/python3.11/site-packages/airflow/example_dags/example_branch_labels.py
[2024-02-26T16:11:00.628+0000] {processor.py:830} INFO - Processing file /home/airflow/.local/lib/python3.11/site-packages/airflow/example_dags/example_branch_labels.py for tasks to queue
[2024-02-26T16:11:00.630+0000] {logging_mixin.py:188} INFO - [2024-02-26T16:11:00.629+0000] {dagbag.py:540} INFO - Filling up the DagBag from /home/airflow/.local/lib/python3.11/site-packages/airflow/example_dags/example_branch_labels.py
[2024-02-26T16:11:00.637+0000] {processor.py:840} INFO - DAG(s) 'example_branch_labels' retrieved from /home/airflow/.local/lib/python3.11/site-packages/airflow/example_dags/example_branch_labels.py
[2024-02-26T16:11:00.656+0000] {logging_mixin.py:188} INFO - [2024-02-26T16:11:00.656+0000] {dag.py:3047} INFO - Sync 1 DAGs
[2024-02-26T16:11:00.673+0000] {logging_mixin.py:188} INFO - [2024-02-26T16:11:00.673+0000] {dag.py:3834} INFO - Setting next_dagrun for example_branch_labels to 2024-02-25 00:00:00+00:00, run_after=2024-02-26 00:00:00+00:00
[2024-02-26T16:11:00.685+0000] {processor.py:183} INFO - Processing /home/airflow/.local/lib/python3.11/site-packages/airflow/example_dags/example_branch_labels.py took 0.062 seconds
[2024-02-26T16:11:30.775+0000] {processor.py:161} INFO - Started process (PID=11499) to work on /home/airflow/.local/lib/python3.11/site-packages/airflow/example_dags/example_branch_labels.py
[2024-02-26T16:11:30.776+0000] {processor.py:830} INFO - Processing file /home/airflow/.local/lib/python3.11/site-packages/airflow/example_dags/example_branch_labels.py for tasks to queue
[2024-02-26T16:11:30.778+0000] {logging_mixin.py:188} INFO - [2024-02-26T16:11:30.778+0000] {dagbag.py:540} INFO - Filling up the DagBag from /home/airflow/.local/lib/python3.11/site-packages/airflow/example_dags/example_branch_labels.py
[2024-02-26T16:11:30.785+0000] {processor.py:840} INFO - DAG(s) 'example_branch_labels' retrieved from /home/airflow/.local/lib/python3.11/site-packages/airflow/example_dags/example_branch_labels.py
[2024-02-26T16:11:30.806+0000] {logging_mixin.py:188} INFO - [2024-02-26T16:11:30.806+0000] {dag.py:3047} INFO - Sync 1 DAGs
[2024-02-26T16:11:30.821+0000] {logging_mixin.py:188} INFO - [2024-02-26T16:11:30.821+0000] {dag.py:3834} INFO - Setting next_dagrun for example_branch_labels to 2024-02-25 00:00:00+00:00, run_after=2024-02-26 00:00:00+00:00
[2024-02-26T16:11:30.835+0000] {processor.py:183} INFO - Processing /home/airflow/.local/lib/python3.11/site-packages/airflow/example_dags/example_branch_labels.py took 0.064 seconds
[2024-02-26T16:12:00.935+0000] {processor.py:161} INFO - Started process (PID=11743) to work on /home/airflow/.local/lib/python3.11/site-packages/airflow/example_dags/example_branch_labels.py
[2024-02-26T16:12:00.937+0000] {processor.py:830} INFO - Processing file /home/airflow/.local/lib/python3.11/site-packages/airflow/example_dags/example_branch_labels.py for tasks to queue
[2024-02-26T16:12:00.938+0000] {logging_mixin.py:188} INFO - [2024-02-26T16:12:00.938+0000] {dagbag.py:540} INFO - Filling up the DagBag from /home/airflow/.local/lib/python3.11/site-packages/airflow/example_dags/example_branch_labels.py
[2024-02-26T16:12:00.944+0000] {processor.py:840} INFO - DAG(s) 'example_branch_labels' retrieved from /home/airflow/.local/lib/python3.11/site-packages/airflow/example_dags/example_branch_labels.py
[2024-02-26T16:12:00.964+0000] {logging_mixin.py:188} INFO - [2024-02-26T16:12:00.964+0000] {dag.py:3047} INFO - Sync 1 DAGs
[2024-02-26T16:12:00.977+0000] {logging_mixin.py:188} INFO - [2024-02-26T16:12:00.977+0000] {dag.py:3834} INFO - Setting next_dagrun for example_branch_labels to 2024-02-25 00:00:00+00:00, run_after=2024-02-26 00:00:00+00:00
[2024-02-26T16:12:00.987+0000] {processor.py:183} INFO - Processing /home/airflow/.local/lib/python3.11/site-packages/airflow/example_dags/example_branch_labels.py took 0.054 seconds
[2024-02-26T16:12:31.062+0000] {processor.py:161} INFO - Started process (PID=11991) to work on /home/airflow/.local/lib/python3.11/site-packages/airflow/example_dags/example_branch_labels.py
[2024-02-26T16:12:31.064+0000] {processor.py:830} INFO - Processing file /home/airflow/.local/lib/python3.11/site-packages/airflow/example_dags/example_branch_labels.py for tasks to queue
[2024-02-26T16:12:31.069+0000] {logging_mixin.py:188} INFO - [2024-02-26T16:12:31.069+0000] {dagbag.py:540} INFO - Filling up the DagBag from /home/airflow/.local/lib/python3.11/site-packages/airflow/example_dags/example_branch_labels.py
[2024-02-26T16:12:31.075+0000] {processor.py:840} INFO - DAG(s) 'example_branch_labels' retrieved from /home/airflow/.local/lib/python3.11/site-packages/airflow/example_dags/example_branch_labels.py
[2024-02-26T16:12:31.093+0000] {logging_mixin.py:188} INFO - [2024-02-26T16:12:31.093+0000] {dag.py:3047} INFO - Sync 1 DAGs
[2024-02-26T16:12:31.106+0000] {logging_mixin.py:188} INFO - [2024-02-26T16:12:31.106+0000] {dag.py:3834} INFO - Setting next_dagrun for example_branch_labels to 2024-02-25 00:00:00+00:00, run_after=2024-02-26 00:00:00+00:00
[2024-02-26T16:12:31.117+0000] {processor.py:183} INFO - Processing /home/airflow/.local/lib/python3.11/site-packages/airflow/example_dags/example_branch_labels.py took 0.058 seconds
[2024-02-26T16:13:01.187+0000] {processor.py:161} INFO - Started process (PID=12236) to work on /home/airflow/.local/lib/python3.11/site-packages/airflow/example_dags/example_branch_labels.py
[2024-02-26T16:13:01.192+0000] {processor.py:830} INFO - Processing file /home/airflow/.local/lib/python3.11/site-packages/airflow/example_dags/example_branch_labels.py for tasks to queue
[2024-02-26T16:13:01.196+0000] {logging_mixin.py:188} INFO - [2024-02-26T16:13:01.196+0000] {dagbag.py:540} INFO - Filling up the DagBag from /home/airflow/.local/lib/python3.11/site-packages/airflow/example_dags/example_branch_labels.py
[2024-02-26T16:13:01.204+0000] {processor.py:840} INFO - DAG(s) 'example_branch_labels' retrieved from /home/airflow/.local/lib/python3.11/site-packages/airflow/example_dags/example_branch_labels.py
[2024-02-26T16:13:01.225+0000] {logging_mixin.py:188} INFO - [2024-02-26T16:13:01.225+0000] {dag.py:3047} INFO - Sync 1 DAGs
[2024-02-26T16:13:01.240+0000] {logging_mixin.py:188} INFO - [2024-02-26T16:13:01.239+0000] {dag.py:3834} INFO - Setting next_dagrun for example_branch_labels to 2024-02-25 00:00:00+00:00, run_after=2024-02-26 00:00:00+00:00
[2024-02-26T16:13:01.252+0000] {processor.py:183} INFO - Processing /home/airflow/.local/lib/python3.11/site-packages/airflow/example_dags/example_branch_labels.py took 0.069 seconds
[2024-02-26T16:13:31.303+0000] {processor.py:161} INFO - Started process (PID=12484) to work on /home/airflow/.local/lib/python3.11/site-packages/airflow/example_dags/example_branch_labels.py
[2024-02-26T16:13:31.305+0000] {processor.py:830} INFO - Processing file /home/airflow/.local/lib/python3.11/site-packages/airflow/example_dags/example_branch_labels.py for tasks to queue
[2024-02-26T16:13:31.306+0000] {logging_mixin.py:188} INFO - [2024-02-26T16:13:31.306+0000] {dagbag.py:540} INFO - Filling up the DagBag from /home/airflow/.local/lib/python3.11/site-packages/airflow/example_dags/example_branch_labels.py
[2024-02-26T16:13:31.314+0000] {processor.py:840} INFO - DAG(s) 'example_branch_labels' retrieved from /home/airflow/.local/lib/python3.11/site-packages/airflow/example_dags/example_branch_labels.py
[2024-02-26T16:13:31.334+0000] {logging_mixin.py:188} INFO - [2024-02-26T16:13:31.334+0000] {dag.py:3047} INFO - Sync 1 DAGs
[2024-02-26T16:13:31.348+0000] {logging_mixin.py:188} INFO - [2024-02-26T16:13:31.348+0000] {dag.py:3834} INFO - Setting next_dagrun for example_branch_labels to 2024-02-25 00:00:00+00:00, run_after=2024-02-26 00:00:00+00:00
[2024-02-26T16:13:31.359+0000] {processor.py:183} INFO - Processing /home/airflow/.local/lib/python3.11/site-packages/airflow/example_dags/example_branch_labels.py took 0.059 seconds
[2024-02-26T16:14:01.974+0000] {processor.py:161} INFO - Started process (PID=12735) to work on /home/airflow/.local/lib/python3.11/site-packages/airflow/example_dags/example_branch_labels.py
[2024-02-26T16:14:01.976+0000] {processor.py:830} INFO - Processing file /home/airflow/.local/lib/python3.11/site-packages/airflow/example_dags/example_branch_labels.py for tasks to queue
[2024-02-26T16:14:01.977+0000] {logging_mixin.py:188} INFO - [2024-02-26T16:14:01.977+0000] {dagbag.py:540} INFO - Filling up the DagBag from /home/airflow/.local/lib/python3.11/site-packages/airflow/example_dags/example_branch_labels.py
[2024-02-26T16:14:01.985+0000] {processor.py:840} INFO - DAG(s) 'example_branch_labels' retrieved from /home/airflow/.local/lib/python3.11/site-packages/airflow/example_dags/example_branch_labels.py
[2024-02-26T16:14:02.007+0000] {logging_mixin.py:188} INFO - [2024-02-26T16:14:02.007+0000] {dag.py:3047} INFO - Sync 1 DAGs
[2024-02-26T16:14:02.026+0000] {logging_mixin.py:188} INFO - [2024-02-26T16:14:02.026+0000] {dag.py:3834} INFO - Setting next_dagrun for example_branch_labels to 2024-02-25 00:00:00+00:00, run_after=2024-02-26 00:00:00+00:00
[2024-02-26T16:14:02.039+0000] {processor.py:183} INFO - Processing /home/airflow/.local/lib/python3.11/site-packages/airflow/example_dags/example_branch_labels.py took 0.069 seconds
[2024-02-26T16:14:32.156+0000] {processor.py:161} INFO - Started process (PID=12982) to work on /home/airflow/.local/lib/python3.11/site-packages/airflow/example_dags/example_branch_labels.py
[2024-02-26T16:14:32.160+0000] {processor.py:830} INFO - Processing file /home/airflow/.local/lib/python3.11/site-packages/airflow/example_dags/example_branch_labels.py for tasks to queue
[2024-02-26T16:14:32.161+0000] {logging_mixin.py:188} INFO - [2024-02-26T16:14:32.161+0000] {dagbag.py:540} INFO - Filling up the DagBag from /home/airflow/.local/lib/python3.11/site-packages/airflow/example_dags/example_branch_labels.py
[2024-02-26T16:14:32.167+0000] {processor.py:840} INFO - DAG(s) 'example_branch_labels' retrieved from /home/airflow/.local/lib/python3.11/site-packages/airflow/example_dags/example_branch_labels.py
[2024-02-26T16:14:32.188+0000] {logging_mixin.py:188} INFO - [2024-02-26T16:14:32.188+0000] {dag.py:3047} INFO - Sync 1 DAGs
[2024-02-26T16:14:32.203+0000] {logging_mixin.py:188} INFO - [2024-02-26T16:14:32.203+0000] {dag.py:3834} INFO - Setting next_dagrun for example_branch_labels to 2024-02-25 00:00:00+00:00, run_after=2024-02-26 00:00:00+00:00
[2024-02-26T16:14:32.214+0000] {processor.py:183} INFO - Processing /home/airflow/.local/lib/python3.11/site-packages/airflow/example_dags/example_branch_labels.py took 0.061 seconds
