[2024-02-26T15:48:32.806+0000] {processor.py:161} INFO - Started process (PID=184) to work on /home/airflow/.local/lib/python3.11/site-packages/airflow/example_dags/example_branch_python_dop_operator_3.py
[2024-02-26T15:48:32.808+0000] {processor.py:830} INFO - Processing file /home/airflow/.local/lib/python3.11/site-packages/airflow/example_dags/example_branch_python_dop_operator_3.py for tasks to queue
[2024-02-26T15:48:32.811+0000] {logging_mixin.py:188} INFO - [2024-02-26T15:48:32.810+0000] {dagbag.py:540} INFO - Filling up the DagBag from /home/airflow/.local/lib/python3.11/site-packages/airflow/example_dags/example_branch_python_dop_operator_3.py
[2024-02-26T15:48:32.822+0000] {processor.py:840} INFO - DAG(s) 'example_branch_dop_operator_v3' retrieved from /home/airflow/.local/lib/python3.11/site-packages/airflow/example_dags/example_branch_python_dop_operator_3.py
[2024-02-26T15:48:32.842+0000] {logging_mixin.py:188} INFO - [2024-02-26T15:48:32.842+0000] {dag.py:3047} INFO - Sync 1 DAGs
[2024-02-26T15:48:32.865+0000] {logging_mixin.py:188} INFO - [2024-02-26T15:48:32.865+0000] {dag.py:3834} INFO - Setting next_dagrun for example_branch_dop_operator_v3 to 2024-02-26 15:47:00+00:00, run_after=2024-02-26 15:48:00+00:00
[2024-02-26T15:48:32.881+0000] {processor.py:183} INFO - Processing /home/airflow/.local/lib/python3.11/site-packages/airflow/example_dags/example_branch_python_dop_operator_3.py took 0.079 seconds
[2024-02-26T15:49:03.181+0000] {processor.py:161} INFO - Started process (PID=431) to work on /home/airflow/.local/lib/python3.11/site-packages/airflow/example_dags/example_branch_python_dop_operator_3.py
[2024-02-26T15:49:03.183+0000] {processor.py:830} INFO - Processing file /home/airflow/.local/lib/python3.11/site-packages/airflow/example_dags/example_branch_python_dop_operator_3.py for tasks to queue
[2024-02-26T15:49:03.185+0000] {logging_mixin.py:188} INFO - [2024-02-26T15:49:03.184+0000] {dagbag.py:540} INFO - Filling up the DagBag from /home/airflow/.local/lib/python3.11/site-packages/airflow/example_dags/example_branch_python_dop_operator_3.py
[2024-02-26T15:49:03.192+0000] {processor.py:840} INFO - DAG(s) 'example_branch_dop_operator_v3' retrieved from /home/airflow/.local/lib/python3.11/site-packages/airflow/example_dags/example_branch_python_dop_operator_3.py
[2024-02-26T15:49:03.254+0000] {logging_mixin.py:188} INFO - [2024-02-26T15:49:03.254+0000] {dag.py:3047} INFO - Sync 1 DAGs
[2024-02-26T15:49:03.269+0000] {logging_mixin.py:188} INFO - [2024-02-26T15:49:03.269+0000] {dag.py:3834} INFO - Setting next_dagrun for example_branch_dop_operator_v3 to 2024-02-26 15:48:00+00:00, run_after=2024-02-26 15:49:00+00:00
[2024-02-26T15:49:03.282+0000] {processor.py:183} INFO - Processing /home/airflow/.local/lib/python3.11/site-packages/airflow/example_dags/example_branch_python_dop_operator_3.py took 0.104 seconds
[2024-02-26T15:49:34.061+0000] {processor.py:161} INFO - Started process (PID=678) to work on /home/airflow/.local/lib/python3.11/site-packages/airflow/example_dags/example_branch_python_dop_operator_3.py
[2024-02-26T15:49:34.062+0000] {processor.py:830} INFO - Processing file /home/airflow/.local/lib/python3.11/site-packages/airflow/example_dags/example_branch_python_dop_operator_3.py for tasks to queue
[2024-02-26T15:49:34.063+0000] {logging_mixin.py:188} INFO - [2024-02-26T15:49:34.063+0000] {dagbag.py:540} INFO - Filling up the DagBag from /home/airflow/.local/lib/python3.11/site-packages/airflow/example_dags/example_branch_python_dop_operator_3.py
[2024-02-26T15:49:34.070+0000] {processor.py:840} INFO - DAG(s) 'example_branch_dop_operator_v3' retrieved from /home/airflow/.local/lib/python3.11/site-packages/airflow/example_dags/example_branch_python_dop_operator_3.py
[2024-02-26T15:49:34.088+0000] {logging_mixin.py:188} INFO - [2024-02-26T15:49:34.088+0000] {dag.py:3047} INFO - Sync 1 DAGs
[2024-02-26T15:49:34.105+0000] {logging_mixin.py:188} INFO - [2024-02-26T15:49:34.105+0000] {dag.py:3834} INFO - Setting next_dagrun for example_branch_dop_operator_v3 to 2024-02-26 15:48:00+00:00, run_after=2024-02-26 15:49:00+00:00
[2024-02-26T15:49:34.118+0000] {processor.py:183} INFO - Processing /home/airflow/.local/lib/python3.11/site-packages/airflow/example_dags/example_branch_python_dop_operator_3.py took 0.060 seconds
[2024-02-26T15:50:04.697+0000] {processor.py:161} INFO - Started process (PID=926) to work on /home/airflow/.local/lib/python3.11/site-packages/airflow/example_dags/example_branch_python_dop_operator_3.py
[2024-02-26T15:50:04.699+0000] {processor.py:830} INFO - Processing file /home/airflow/.local/lib/python3.11/site-packages/airflow/example_dags/example_branch_python_dop_operator_3.py for tasks to queue
[2024-02-26T15:50:04.701+0000] {logging_mixin.py:188} INFO - [2024-02-26T15:50:04.700+0000] {dagbag.py:540} INFO - Filling up the DagBag from /home/airflow/.local/lib/python3.11/site-packages/airflow/example_dags/example_branch_python_dop_operator_3.py
[2024-02-26T15:50:04.708+0000] {processor.py:840} INFO - DAG(s) 'example_branch_dop_operator_v3' retrieved from /home/airflow/.local/lib/python3.11/site-packages/airflow/example_dags/example_branch_python_dop_operator_3.py
[2024-02-26T15:50:04.726+0000] {logging_mixin.py:188} INFO - [2024-02-26T15:50:04.726+0000] {dag.py:3047} INFO - Sync 1 DAGs
[2024-02-26T15:50:04.741+0000] {logging_mixin.py:188} INFO - [2024-02-26T15:50:04.741+0000] {dag.py:3834} INFO - Setting next_dagrun for example_branch_dop_operator_v3 to 2024-02-26 15:49:00+00:00, run_after=2024-02-26 15:50:00+00:00
[2024-02-26T15:50:04.754+0000] {processor.py:183} INFO - Processing /home/airflow/.local/lib/python3.11/site-packages/airflow/example_dags/example_branch_python_dop_operator_3.py took 0.059 seconds
[2024-02-26T15:50:35.592+0000] {processor.py:161} INFO - Started process (PID=1172) to work on /home/airflow/.local/lib/python3.11/site-packages/airflow/example_dags/example_branch_python_dop_operator_3.py
[2024-02-26T15:50:35.595+0000] {processor.py:830} INFO - Processing file /home/airflow/.local/lib/python3.11/site-packages/airflow/example_dags/example_branch_python_dop_operator_3.py for tasks to queue
[2024-02-26T15:50:35.597+0000] {logging_mixin.py:188} INFO - [2024-02-26T15:50:35.596+0000] {dagbag.py:540} INFO - Filling up the DagBag from /home/airflow/.local/lib/python3.11/site-packages/airflow/example_dags/example_branch_python_dop_operator_3.py
[2024-02-26T15:50:35.604+0000] {processor.py:840} INFO - DAG(s) 'example_branch_dop_operator_v3' retrieved from /home/airflow/.local/lib/python3.11/site-packages/airflow/example_dags/example_branch_python_dop_operator_3.py
[2024-02-26T15:50:35.623+0000] {logging_mixin.py:188} INFO - [2024-02-26T15:50:35.623+0000] {dag.py:3047} INFO - Sync 1 DAGs
[2024-02-26T15:50:35.653+0000] {logging_mixin.py:188} INFO - [2024-02-26T15:50:35.653+0000] {dag.py:3834} INFO - Setting next_dagrun for example_branch_dop_operator_v3 to 2024-02-26 15:49:00+00:00, run_after=2024-02-26 15:50:00+00:00
[2024-02-26T15:50:35.683+0000] {processor.py:183} INFO - Processing /home/airflow/.local/lib/python3.11/site-packages/airflow/example_dags/example_branch_python_dop_operator_3.py took 0.094 seconds
[2024-02-26T15:51:05.774+0000] {processor.py:161} INFO - Started process (PID=1419) to work on /home/airflow/.local/lib/python3.11/site-packages/airflow/example_dags/example_branch_python_dop_operator_3.py
[2024-02-26T15:51:05.777+0000] {processor.py:830} INFO - Processing file /home/airflow/.local/lib/python3.11/site-packages/airflow/example_dags/example_branch_python_dop_operator_3.py for tasks to queue
[2024-02-26T15:51:05.778+0000] {logging_mixin.py:188} INFO - [2024-02-26T15:51:05.778+0000] {dagbag.py:540} INFO - Filling up the DagBag from /home/airflow/.local/lib/python3.11/site-packages/airflow/example_dags/example_branch_python_dop_operator_3.py
[2024-02-26T15:51:05.785+0000] {processor.py:840} INFO - DAG(s) 'example_branch_dop_operator_v3' retrieved from /home/airflow/.local/lib/python3.11/site-packages/airflow/example_dags/example_branch_python_dop_operator_3.py
[2024-02-26T15:51:05.805+0000] {logging_mixin.py:188} INFO - [2024-02-26T15:51:05.805+0000] {dag.py:3047} INFO - Sync 1 DAGs
[2024-02-26T15:51:05.824+0000] {logging_mixin.py:188} INFO - [2024-02-26T15:51:05.824+0000] {dag.py:3834} INFO - Setting next_dagrun for example_branch_dop_operator_v3 to 2024-02-26 15:50:00+00:00, run_after=2024-02-26 15:51:00+00:00
[2024-02-26T15:51:05.839+0000] {processor.py:183} INFO - Processing /home/airflow/.local/lib/python3.11/site-packages/airflow/example_dags/example_branch_python_dop_operator_3.py took 0.068 seconds
[2024-02-26T15:51:36.530+0000] {processor.py:161} INFO - Started process (PID=1666) to work on /home/airflow/.local/lib/python3.11/site-packages/airflow/example_dags/example_branch_python_dop_operator_3.py
[2024-02-26T15:51:36.532+0000] {processor.py:830} INFO - Processing file /home/airflow/.local/lib/python3.11/site-packages/airflow/example_dags/example_branch_python_dop_operator_3.py for tasks to queue
[2024-02-26T15:51:36.534+0000] {logging_mixin.py:188} INFO - [2024-02-26T15:51:36.534+0000] {dagbag.py:540} INFO - Filling up the DagBag from /home/airflow/.local/lib/python3.11/site-packages/airflow/example_dags/example_branch_python_dop_operator_3.py
[2024-02-26T15:51:36.541+0000] {processor.py:840} INFO - DAG(s) 'example_branch_dop_operator_v3' retrieved from /home/airflow/.local/lib/python3.11/site-packages/airflow/example_dags/example_branch_python_dop_operator_3.py
[2024-02-26T15:51:36.567+0000] {logging_mixin.py:188} INFO - [2024-02-26T15:51:36.567+0000] {dag.py:3047} INFO - Sync 1 DAGs
[2024-02-26T15:51:36.588+0000] {logging_mixin.py:188} INFO - [2024-02-26T15:51:36.588+0000] {dag.py:3834} INFO - Setting next_dagrun for example_branch_dop_operator_v3 to 2024-02-26 15:50:00+00:00, run_after=2024-02-26 15:51:00+00:00
[2024-02-26T15:51:36.602+0000] {processor.py:183} INFO - Processing /home/airflow/.local/lib/python3.11/site-packages/airflow/example_dags/example_branch_python_dop_operator_3.py took 0.075 seconds
[2024-02-26T15:52:07.416+0000] {processor.py:161} INFO - Started process (PID=1961) to work on /home/airflow/.local/lib/python3.11/site-packages/airflow/example_dags/example_branch_python_dop_operator_3.py
[2024-02-26T15:52:07.418+0000] {processor.py:830} INFO - Processing file /home/airflow/.local/lib/python3.11/site-packages/airflow/example_dags/example_branch_python_dop_operator_3.py for tasks to queue
[2024-02-26T15:52:07.420+0000] {logging_mixin.py:188} INFO - [2024-02-26T15:52:07.419+0000] {dagbag.py:540} INFO - Filling up the DagBag from /home/airflow/.local/lib/python3.11/site-packages/airflow/example_dags/example_branch_python_dop_operator_3.py
[2024-02-26T15:52:07.427+0000] {processor.py:840} INFO - DAG(s) 'example_branch_dop_operator_v3' retrieved from /home/airflow/.local/lib/python3.11/site-packages/airflow/example_dags/example_branch_python_dop_operator_3.py
[2024-02-26T15:52:07.446+0000] {logging_mixin.py:188} INFO - [2024-02-26T15:52:07.446+0000] {dag.py:3047} INFO - Sync 1 DAGs
[2024-02-26T15:52:07.463+0000] {logging_mixin.py:188} INFO - [2024-02-26T15:52:07.463+0000] {dag.py:3834} INFO - Setting next_dagrun for example_branch_dop_operator_v3 to 2024-02-26 15:51:00+00:00, run_after=2024-02-26 15:52:00+00:00
[2024-02-26T15:52:07.476+0000] {processor.py:183} INFO - Processing /home/airflow/.local/lib/python3.11/site-packages/airflow/example_dags/example_branch_python_dop_operator_3.py took 0.063 seconds
[2024-02-26T15:52:37.998+0000] {processor.py:161} INFO - Started process (PID=2232) to work on /home/airflow/.local/lib/python3.11/site-packages/airflow/example_dags/example_branch_python_dop_operator_3.py
[2024-02-26T15:52:38.000+0000] {processor.py:830} INFO - Processing file /home/airflow/.local/lib/python3.11/site-packages/airflow/example_dags/example_branch_python_dop_operator_3.py for tasks to queue
[2024-02-26T15:52:38.001+0000] {logging_mixin.py:188} INFO - [2024-02-26T15:52:38.001+0000] {dagbag.py:540} INFO - Filling up the DagBag from /home/airflow/.local/lib/python3.11/site-packages/airflow/example_dags/example_branch_python_dop_operator_3.py
[2024-02-26T15:52:38.009+0000] {processor.py:840} INFO - DAG(s) 'example_branch_dop_operator_v3' retrieved from /home/airflow/.local/lib/python3.11/site-packages/airflow/example_dags/example_branch_python_dop_operator_3.py
[2024-02-26T15:52:38.034+0000] {logging_mixin.py:188} INFO - [2024-02-26T15:52:38.033+0000] {dag.py:3047} INFO - Sync 1 DAGs
[2024-02-26T15:52:38.052+0000] {logging_mixin.py:188} INFO - [2024-02-26T15:52:38.052+0000] {dag.py:3834} INFO - Setting next_dagrun for example_branch_dop_operator_v3 to 2024-02-26 15:51:00+00:00, run_after=2024-02-26 15:52:00+00:00
[2024-02-26T15:52:38.062+0000] {processor.py:183} INFO - Processing /home/airflow/.local/lib/python3.11/site-packages/airflow/example_dags/example_branch_python_dop_operator_3.py took 0.067 seconds
[2024-02-26T15:53:08.833+0000] {processor.py:161} INFO - Started process (PID=2481) to work on /home/airflow/.local/lib/python3.11/site-packages/airflow/example_dags/example_branch_python_dop_operator_3.py
[2024-02-26T15:53:08.834+0000] {processor.py:830} INFO - Processing file /home/airflow/.local/lib/python3.11/site-packages/airflow/example_dags/example_branch_python_dop_operator_3.py for tasks to queue
[2024-02-26T15:53:08.836+0000] {logging_mixin.py:188} INFO - [2024-02-26T15:53:08.835+0000] {dagbag.py:540} INFO - Filling up the DagBag from /home/airflow/.local/lib/python3.11/site-packages/airflow/example_dags/example_branch_python_dop_operator_3.py
[2024-02-26T15:53:08.843+0000] {processor.py:840} INFO - DAG(s) 'example_branch_dop_operator_v3' retrieved from /home/airflow/.local/lib/python3.11/site-packages/airflow/example_dags/example_branch_python_dop_operator_3.py
[2024-02-26T15:53:08.861+0000] {logging_mixin.py:188} INFO - [2024-02-26T15:53:08.861+0000] {dag.py:3047} INFO - Sync 1 DAGs
[2024-02-26T15:53:08.876+0000] {logging_mixin.py:188} INFO - [2024-02-26T15:53:08.876+0000] {dag.py:3834} INFO - Setting next_dagrun for example_branch_dop_operator_v3 to 2024-02-26 15:52:00+00:00, run_after=2024-02-26 15:53:00+00:00
[2024-02-26T15:53:08.888+0000] {processor.py:183} INFO - Processing /home/airflow/.local/lib/python3.11/site-packages/airflow/example_dags/example_branch_python_dop_operator_3.py took 0.058 seconds
[2024-02-26T15:53:39.598+0000] {processor.py:161} INFO - Started process (PID=2726) to work on /home/airflow/.local/lib/python3.11/site-packages/airflow/example_dags/example_branch_python_dop_operator_3.py
[2024-02-26T15:53:39.600+0000] {processor.py:830} INFO - Processing file /home/airflow/.local/lib/python3.11/site-packages/airflow/example_dags/example_branch_python_dop_operator_3.py for tasks to queue
[2024-02-26T15:53:39.601+0000] {logging_mixin.py:188} INFO - [2024-02-26T15:53:39.601+0000] {dagbag.py:540} INFO - Filling up the DagBag from /home/airflow/.local/lib/python3.11/site-packages/airflow/example_dags/example_branch_python_dop_operator_3.py
[2024-02-26T15:53:39.608+0000] {processor.py:840} INFO - DAG(s) 'example_branch_dop_operator_v3' retrieved from /home/airflow/.local/lib/python3.11/site-packages/airflow/example_dags/example_branch_python_dop_operator_3.py
[2024-02-26T15:53:39.627+0000] {logging_mixin.py:188} INFO - [2024-02-26T15:53:39.627+0000] {dag.py:3047} INFO - Sync 1 DAGs
[2024-02-26T15:53:39.643+0000] {logging_mixin.py:188} INFO - [2024-02-26T15:53:39.643+0000] {dag.py:3834} INFO - Setting next_dagrun for example_branch_dop_operator_v3 to 2024-02-26 15:52:00+00:00, run_after=2024-02-26 15:53:00+00:00
[2024-02-26T15:53:39.658+0000] {processor.py:183} INFO - Processing /home/airflow/.local/lib/python3.11/site-packages/airflow/example_dags/example_branch_python_dop_operator_3.py took 0.063 seconds
[2024-02-26T15:54:10.365+0000] {processor.py:161} INFO - Started process (PID=2973) to work on /home/airflow/.local/lib/python3.11/site-packages/airflow/example_dags/example_branch_python_dop_operator_3.py
[2024-02-26T15:54:10.369+0000] {processor.py:830} INFO - Processing file /home/airflow/.local/lib/python3.11/site-packages/airflow/example_dags/example_branch_python_dop_operator_3.py for tasks to queue
[2024-02-26T15:54:10.370+0000] {logging_mixin.py:188} INFO - [2024-02-26T15:54:10.370+0000] {dagbag.py:540} INFO - Filling up the DagBag from /home/airflow/.local/lib/python3.11/site-packages/airflow/example_dags/example_branch_python_dop_operator_3.py
[2024-02-26T15:54:10.378+0000] {processor.py:840} INFO - DAG(s) 'example_branch_dop_operator_v3' retrieved from /home/airflow/.local/lib/python3.11/site-packages/airflow/example_dags/example_branch_python_dop_operator_3.py
[2024-02-26T15:54:10.397+0000] {logging_mixin.py:188} INFO - [2024-02-26T15:54:10.397+0000] {dag.py:3047} INFO - Sync 1 DAGs
[2024-02-26T15:54:10.414+0000] {logging_mixin.py:188} INFO - [2024-02-26T15:54:10.414+0000] {dag.py:3834} INFO - Setting next_dagrun for example_branch_dop_operator_v3 to 2024-02-26 15:53:00+00:00, run_after=2024-02-26 15:54:00+00:00
[2024-02-26T15:54:10.425+0000] {processor.py:183} INFO - Processing /home/airflow/.local/lib/python3.11/site-packages/airflow/example_dags/example_branch_python_dop_operator_3.py took 0.063 seconds
[2024-02-26T15:54:41.157+0000] {processor.py:161} INFO - Started process (PID=3220) to work on /home/airflow/.local/lib/python3.11/site-packages/airflow/example_dags/example_branch_python_dop_operator_3.py
[2024-02-26T15:54:41.159+0000] {processor.py:830} INFO - Processing file /home/airflow/.local/lib/python3.11/site-packages/airflow/example_dags/example_branch_python_dop_operator_3.py for tasks to queue
[2024-02-26T15:54:41.161+0000] {logging_mixin.py:188} INFO - [2024-02-26T15:54:41.161+0000] {dagbag.py:540} INFO - Filling up the DagBag from /home/airflow/.local/lib/python3.11/site-packages/airflow/example_dags/example_branch_python_dop_operator_3.py
[2024-02-26T15:54:41.168+0000] {processor.py:840} INFO - DAG(s) 'example_branch_dop_operator_v3' retrieved from /home/airflow/.local/lib/python3.11/site-packages/airflow/example_dags/example_branch_python_dop_operator_3.py
[2024-02-26T15:54:41.189+0000] {logging_mixin.py:188} INFO - [2024-02-26T15:54:41.189+0000] {dag.py:3047} INFO - Sync 1 DAGs
[2024-02-26T15:54:41.208+0000] {logging_mixin.py:188} INFO - [2024-02-26T15:54:41.208+0000] {dag.py:3834} INFO - Setting next_dagrun for example_branch_dop_operator_v3 to 2024-02-26 15:53:00+00:00, run_after=2024-02-26 15:54:00+00:00
[2024-02-26T15:54:41.218+0000] {processor.py:183} INFO - Processing /home/airflow/.local/lib/python3.11/site-packages/airflow/example_dags/example_branch_python_dop_operator_3.py took 0.064 seconds
[2024-02-26T15:55:12.064+0000] {processor.py:161} INFO - Started process (PID=3466) to work on /home/airflow/.local/lib/python3.11/site-packages/airflow/example_dags/example_branch_python_dop_operator_3.py
[2024-02-26T15:55:12.066+0000] {processor.py:830} INFO - Processing file /home/airflow/.local/lib/python3.11/site-packages/airflow/example_dags/example_branch_python_dop_operator_3.py for tasks to queue
[2024-02-26T15:55:12.068+0000] {logging_mixin.py:188} INFO - [2024-02-26T15:55:12.067+0000] {dagbag.py:540} INFO - Filling up the DagBag from /home/airflow/.local/lib/python3.11/site-packages/airflow/example_dags/example_branch_python_dop_operator_3.py
[2024-02-26T15:55:12.077+0000] {processor.py:840} INFO - DAG(s) 'example_branch_dop_operator_v3' retrieved from /home/airflow/.local/lib/python3.11/site-packages/airflow/example_dags/example_branch_python_dop_operator_3.py
[2024-02-26T15:55:12.097+0000] {logging_mixin.py:188} INFO - [2024-02-26T15:55:12.097+0000] {dag.py:3047} INFO - Sync 1 DAGs
[2024-02-26T15:55:12.116+0000] {logging_mixin.py:188} INFO - [2024-02-26T15:55:12.116+0000] {dag.py:3834} INFO - Setting next_dagrun for example_branch_dop_operator_v3 to 2024-02-26 15:54:00+00:00, run_after=2024-02-26 15:55:00+00:00
[2024-02-26T15:55:12.127+0000] {processor.py:183} INFO - Processing /home/airflow/.local/lib/python3.11/site-packages/airflow/example_dags/example_branch_python_dop_operator_3.py took 0.066 seconds
[2024-02-26T15:55:43.081+0000] {processor.py:161} INFO - Started process (PID=3713) to work on /home/airflow/.local/lib/python3.11/site-packages/airflow/example_dags/example_branch_python_dop_operator_3.py
[2024-02-26T15:55:43.084+0000] {processor.py:830} INFO - Processing file /home/airflow/.local/lib/python3.11/site-packages/airflow/example_dags/example_branch_python_dop_operator_3.py for tasks to queue
[2024-02-26T15:55:43.086+0000] {logging_mixin.py:188} INFO - [2024-02-26T15:55:43.085+0000] {dagbag.py:540} INFO - Filling up the DagBag from /home/airflow/.local/lib/python3.11/site-packages/airflow/example_dags/example_branch_python_dop_operator_3.py
[2024-02-26T15:55:43.101+0000] {processor.py:840} INFO - DAG(s) 'example_branch_dop_operator_v3' retrieved from /home/airflow/.local/lib/python3.11/site-packages/airflow/example_dags/example_branch_python_dop_operator_3.py
[2024-02-26T15:55:43.134+0000] {logging_mixin.py:188} INFO - [2024-02-26T15:55:43.134+0000] {dag.py:3047} INFO - Sync 1 DAGs
[2024-02-26T15:55:43.158+0000] {logging_mixin.py:188} INFO - [2024-02-26T15:55:43.158+0000] {dag.py:3834} INFO - Setting next_dagrun for example_branch_dop_operator_v3 to 2024-02-26 15:54:00+00:00, run_after=2024-02-26 15:55:00+00:00
[2024-02-26T15:55:43.186+0000] {processor.py:183} INFO - Processing /home/airflow/.local/lib/python3.11/site-packages/airflow/example_dags/example_branch_python_dop_operator_3.py took 0.108 seconds
[2024-02-26T15:56:13.341+0000] {processor.py:161} INFO - Started process (PID=3960) to work on /home/airflow/.local/lib/python3.11/site-packages/airflow/example_dags/example_branch_python_dop_operator_3.py
[2024-02-26T15:56:13.344+0000] {processor.py:830} INFO - Processing file /home/airflow/.local/lib/python3.11/site-packages/airflow/example_dags/example_branch_python_dop_operator_3.py for tasks to queue
[2024-02-26T15:56:13.345+0000] {logging_mixin.py:188} INFO - [2024-02-26T15:56:13.345+0000] {dagbag.py:540} INFO - Filling up the DagBag from /home/airflow/.local/lib/python3.11/site-packages/airflow/example_dags/example_branch_python_dop_operator_3.py
[2024-02-26T15:56:13.353+0000] {processor.py:840} INFO - DAG(s) 'example_branch_dop_operator_v3' retrieved from /home/airflow/.local/lib/python3.11/site-packages/airflow/example_dags/example_branch_python_dop_operator_3.py
[2024-02-26T15:56:13.380+0000] {logging_mixin.py:188} INFO - [2024-02-26T15:56:13.380+0000] {dag.py:3047} INFO - Sync 1 DAGs
[2024-02-26T15:56:13.402+0000] {logging_mixin.py:188} INFO - [2024-02-26T15:56:13.402+0000] {dag.py:3834} INFO - Setting next_dagrun for example_branch_dop_operator_v3 to 2024-02-26 15:55:00+00:00, run_after=2024-02-26 15:56:00+00:00
[2024-02-26T15:56:13.417+0000] {processor.py:183} INFO - Processing /home/airflow/.local/lib/python3.11/site-packages/airflow/example_dags/example_branch_python_dop_operator_3.py took 0.079 seconds
[2024-02-26T15:56:43.606+0000] {processor.py:161} INFO - Started process (PID=4208) to work on /home/airflow/.local/lib/python3.11/site-packages/airflow/example_dags/example_branch_python_dop_operator_3.py
[2024-02-26T15:56:43.608+0000] {processor.py:830} INFO - Processing file /home/airflow/.local/lib/python3.11/site-packages/airflow/example_dags/example_branch_python_dop_operator_3.py for tasks to queue
[2024-02-26T15:56:43.609+0000] {logging_mixin.py:188} INFO - [2024-02-26T15:56:43.609+0000] {dagbag.py:540} INFO - Filling up the DagBag from /home/airflow/.local/lib/python3.11/site-packages/airflow/example_dags/example_branch_python_dop_operator_3.py
[2024-02-26T15:56:43.617+0000] {processor.py:840} INFO - DAG(s) 'example_branch_dop_operator_v3' retrieved from /home/airflow/.local/lib/python3.11/site-packages/airflow/example_dags/example_branch_python_dop_operator_3.py
[2024-02-26T15:56:43.637+0000] {logging_mixin.py:188} INFO - [2024-02-26T15:56:43.637+0000] {dag.py:3047} INFO - Sync 1 DAGs
[2024-02-26T15:56:43.654+0000] {logging_mixin.py:188} INFO - [2024-02-26T15:56:43.654+0000] {dag.py:3834} INFO - Setting next_dagrun for example_branch_dop_operator_v3 to 2024-02-26 15:55:00+00:00, run_after=2024-02-26 15:56:00+00:00
[2024-02-26T15:56:43.668+0000] {processor.py:183} INFO - Processing /home/airflow/.local/lib/python3.11/site-packages/airflow/example_dags/example_branch_python_dop_operator_3.py took 0.066 seconds
[2024-02-26T15:57:14.080+0000] {processor.py:161} INFO - Started process (PID=4455) to work on /home/airflow/.local/lib/python3.11/site-packages/airflow/example_dags/example_branch_python_dop_operator_3.py
[2024-02-26T15:57:14.085+0000] {processor.py:830} INFO - Processing file /home/airflow/.local/lib/python3.11/site-packages/airflow/example_dags/example_branch_python_dop_operator_3.py for tasks to queue
[2024-02-26T15:57:14.087+0000] {logging_mixin.py:188} INFO - [2024-02-26T15:57:14.087+0000] {dagbag.py:540} INFO - Filling up the DagBag from /home/airflow/.local/lib/python3.11/site-packages/airflow/example_dags/example_branch_python_dop_operator_3.py
[2024-02-26T15:57:14.095+0000] {processor.py:840} INFO - DAG(s) 'example_branch_dop_operator_v3' retrieved from /home/airflow/.local/lib/python3.11/site-packages/airflow/example_dags/example_branch_python_dop_operator_3.py
[2024-02-26T15:57:14.117+0000] {logging_mixin.py:188} INFO - [2024-02-26T15:57:14.117+0000] {dag.py:3047} INFO - Sync 1 DAGs
[2024-02-26T15:57:14.134+0000] {logging_mixin.py:188} INFO - [2024-02-26T15:57:14.134+0000] {dag.py:3834} INFO - Setting next_dagrun for example_branch_dop_operator_v3 to 2024-02-26 15:56:00+00:00, run_after=2024-02-26 15:57:00+00:00
[2024-02-26T15:57:14.145+0000] {processor.py:183} INFO - Processing /home/airflow/.local/lib/python3.11/site-packages/airflow/example_dags/example_branch_python_dop_operator_3.py took 0.069 seconds
[2024-02-26T15:57:44.282+0000] {processor.py:161} INFO - Started process (PID=4702) to work on /home/airflow/.local/lib/python3.11/site-packages/airflow/example_dags/example_branch_python_dop_operator_3.py
[2024-02-26T15:57:44.287+0000] {processor.py:830} INFO - Processing file /home/airflow/.local/lib/python3.11/site-packages/airflow/example_dags/example_branch_python_dop_operator_3.py for tasks to queue
[2024-02-26T15:57:44.289+0000] {logging_mixin.py:188} INFO - [2024-02-26T15:57:44.289+0000] {dagbag.py:540} INFO - Filling up the DagBag from /home/airflow/.local/lib/python3.11/site-packages/airflow/example_dags/example_branch_python_dop_operator_3.py
[2024-02-26T15:57:44.297+0000] {processor.py:840} INFO - DAG(s) 'example_branch_dop_operator_v3' retrieved from /home/airflow/.local/lib/python3.11/site-packages/airflow/example_dags/example_branch_python_dop_operator_3.py
[2024-02-26T15:57:44.322+0000] {logging_mixin.py:188} INFO - [2024-02-26T15:57:44.322+0000] {dag.py:3047} INFO - Sync 1 DAGs
[2024-02-26T15:57:44.338+0000] {logging_mixin.py:188} INFO - [2024-02-26T15:57:44.338+0000] {dag.py:3834} INFO - Setting next_dagrun for example_branch_dop_operator_v3 to 2024-02-26 15:56:00+00:00, run_after=2024-02-26 15:57:00+00:00
[2024-02-26T15:57:44.352+0000] {processor.py:183} INFO - Processing /home/airflow/.local/lib/python3.11/site-packages/airflow/example_dags/example_branch_python_dop_operator_3.py took 0.074 seconds
[2024-02-26T15:58:14.489+0000] {processor.py:161} INFO - Started process (PID=4949) to work on /home/airflow/.local/lib/python3.11/site-packages/airflow/example_dags/example_branch_python_dop_operator_3.py
[2024-02-26T15:58:14.491+0000] {processor.py:830} INFO - Processing file /home/airflow/.local/lib/python3.11/site-packages/airflow/example_dags/example_branch_python_dop_operator_3.py for tasks to queue
[2024-02-26T15:58:14.493+0000] {logging_mixin.py:188} INFO - [2024-02-26T15:58:14.492+0000] {dagbag.py:540} INFO - Filling up the DagBag from /home/airflow/.local/lib/python3.11/site-packages/airflow/example_dags/example_branch_python_dop_operator_3.py
[2024-02-26T15:58:14.501+0000] {processor.py:840} INFO - DAG(s) 'example_branch_dop_operator_v3' retrieved from /home/airflow/.local/lib/python3.11/site-packages/airflow/example_dags/example_branch_python_dop_operator_3.py
[2024-02-26T15:58:14.522+0000] {logging_mixin.py:188} INFO - [2024-02-26T15:58:14.522+0000] {dag.py:3047} INFO - Sync 1 DAGs
[2024-02-26T15:58:14.537+0000] {logging_mixin.py:188} INFO - [2024-02-26T15:58:14.537+0000] {dag.py:3834} INFO - Setting next_dagrun for example_branch_dop_operator_v3 to 2024-02-26 15:57:00+00:00, run_after=2024-02-26 15:58:00+00:00
[2024-02-26T15:58:14.549+0000] {processor.py:183} INFO - Processing /home/airflow/.local/lib/python3.11/site-packages/airflow/example_dags/example_branch_python_dop_operator_3.py took 0.065 seconds
[2024-02-26T15:58:44.704+0000] {processor.py:161} INFO - Started process (PID=5197) to work on /home/airflow/.local/lib/python3.11/site-packages/airflow/example_dags/example_branch_python_dop_operator_3.py
[2024-02-26T15:58:44.707+0000] {processor.py:830} INFO - Processing file /home/airflow/.local/lib/python3.11/site-packages/airflow/example_dags/example_branch_python_dop_operator_3.py for tasks to queue
[2024-02-26T15:58:44.710+0000] {logging_mixin.py:188} INFO - [2024-02-26T15:58:44.709+0000] {dagbag.py:540} INFO - Filling up the DagBag from /home/airflow/.local/lib/python3.11/site-packages/airflow/example_dags/example_branch_python_dop_operator_3.py
[2024-02-26T15:58:44.717+0000] {processor.py:840} INFO - DAG(s) 'example_branch_dop_operator_v3' retrieved from /home/airflow/.local/lib/python3.11/site-packages/airflow/example_dags/example_branch_python_dop_operator_3.py
[2024-02-26T15:58:44.740+0000] {logging_mixin.py:188} INFO - [2024-02-26T15:58:44.740+0000] {dag.py:3047} INFO - Sync 1 DAGs
[2024-02-26T15:58:44.758+0000] {logging_mixin.py:188} INFO - [2024-02-26T15:58:44.758+0000] {dag.py:3834} INFO - Setting next_dagrun for example_branch_dop_operator_v3 to 2024-02-26 15:57:00+00:00, run_after=2024-02-26 15:58:00+00:00
[2024-02-26T15:58:44.773+0000] {processor.py:183} INFO - Processing /home/airflow/.local/lib/python3.11/site-packages/airflow/example_dags/example_branch_python_dop_operator_3.py took 0.072 seconds
[2024-02-26T15:59:15.068+0000] {processor.py:161} INFO - Started process (PID=5445) to work on /home/airflow/.local/lib/python3.11/site-packages/airflow/example_dags/example_branch_python_dop_operator_3.py
[2024-02-26T15:59:15.070+0000] {processor.py:830} INFO - Processing file /home/airflow/.local/lib/python3.11/site-packages/airflow/example_dags/example_branch_python_dop_operator_3.py for tasks to queue
[2024-02-26T15:59:15.075+0000] {logging_mixin.py:188} INFO - [2024-02-26T15:59:15.075+0000] {dagbag.py:540} INFO - Filling up the DagBag from /home/airflow/.local/lib/python3.11/site-packages/airflow/example_dags/example_branch_python_dop_operator_3.py
[2024-02-26T15:59:15.084+0000] {processor.py:840} INFO - DAG(s) 'example_branch_dop_operator_v3' retrieved from /home/airflow/.local/lib/python3.11/site-packages/airflow/example_dags/example_branch_python_dop_operator_3.py
[2024-02-26T15:59:15.106+0000] {logging_mixin.py:188} INFO - [2024-02-26T15:59:15.106+0000] {dag.py:3047} INFO - Sync 1 DAGs
[2024-02-26T15:59:15.122+0000] {logging_mixin.py:188} INFO - [2024-02-26T15:59:15.122+0000] {dag.py:3834} INFO - Setting next_dagrun for example_branch_dop_operator_v3 to 2024-02-26 15:58:00+00:00, run_after=2024-02-26 15:59:00+00:00
[2024-02-26T15:59:15.135+0000] {processor.py:183} INFO - Processing /home/airflow/.local/lib/python3.11/site-packages/airflow/example_dags/example_branch_python_dop_operator_3.py took 0.070 seconds
[2024-02-26T15:59:45.388+0000] {processor.py:161} INFO - Started process (PID=5692) to work on /home/airflow/.local/lib/python3.11/site-packages/airflow/example_dags/example_branch_python_dop_operator_3.py
[2024-02-26T15:59:45.390+0000] {processor.py:830} INFO - Processing file /home/airflow/.local/lib/python3.11/site-packages/airflow/example_dags/example_branch_python_dop_operator_3.py for tasks to queue
[2024-02-26T15:59:45.392+0000] {logging_mixin.py:188} INFO - [2024-02-26T15:59:45.391+0000] {dagbag.py:540} INFO - Filling up the DagBag from /home/airflow/.local/lib/python3.11/site-packages/airflow/example_dags/example_branch_python_dop_operator_3.py
[2024-02-26T15:59:45.399+0000] {processor.py:840} INFO - DAG(s) 'example_branch_dop_operator_v3' retrieved from /home/airflow/.local/lib/python3.11/site-packages/airflow/example_dags/example_branch_python_dop_operator_3.py
[2024-02-26T15:59:45.422+0000] {logging_mixin.py:188} INFO - [2024-02-26T15:59:45.422+0000] {dag.py:3047} INFO - Sync 1 DAGs
[2024-02-26T15:59:45.439+0000] {logging_mixin.py:188} INFO - [2024-02-26T15:59:45.439+0000] {dag.py:3834} INFO - Setting next_dagrun for example_branch_dop_operator_v3 to 2024-02-26 15:58:00+00:00, run_after=2024-02-26 15:59:00+00:00
[2024-02-26T15:59:45.449+0000] {processor.py:183} INFO - Processing /home/airflow/.local/lib/python3.11/site-packages/airflow/example_dags/example_branch_python_dop_operator_3.py took 0.064 seconds
[2024-02-26T16:00:16.160+0000] {processor.py:161} INFO - Started process (PID=5939) to work on /home/airflow/.local/lib/python3.11/site-packages/airflow/example_dags/example_branch_python_dop_operator_3.py
[2024-02-26T16:00:16.162+0000] {processor.py:830} INFO - Processing file /home/airflow/.local/lib/python3.11/site-packages/airflow/example_dags/example_branch_python_dop_operator_3.py for tasks to queue
[2024-02-26T16:00:16.164+0000] {logging_mixin.py:188} INFO - [2024-02-26T16:00:16.163+0000] {dagbag.py:540} INFO - Filling up the DagBag from /home/airflow/.local/lib/python3.11/site-packages/airflow/example_dags/example_branch_python_dop_operator_3.py
[2024-02-26T16:00:16.172+0000] {processor.py:840} INFO - DAG(s) 'example_branch_dop_operator_v3' retrieved from /home/airflow/.local/lib/python3.11/site-packages/airflow/example_dags/example_branch_python_dop_operator_3.py
[2024-02-26T16:00:16.191+0000] {logging_mixin.py:188} INFO - [2024-02-26T16:00:16.191+0000] {dag.py:3047} INFO - Sync 1 DAGs
[2024-02-26T16:00:16.210+0000] {logging_mixin.py:188} INFO - [2024-02-26T16:00:16.210+0000] {dag.py:3834} INFO - Setting next_dagrun for example_branch_dop_operator_v3 to 2024-02-26 15:59:00+00:00, run_after=2024-02-26 16:00:00+00:00
[2024-02-26T16:00:16.220+0000] {processor.py:183} INFO - Processing /home/airflow/.local/lib/python3.11/site-packages/airflow/example_dags/example_branch_python_dop_operator_3.py took 0.063 seconds
[2024-02-26T16:00:47.010+0000] {processor.py:161} INFO - Started process (PID=6185) to work on /home/airflow/.local/lib/python3.11/site-packages/airflow/example_dags/example_branch_python_dop_operator_3.py
[2024-02-26T16:00:47.012+0000] {processor.py:830} INFO - Processing file /home/airflow/.local/lib/python3.11/site-packages/airflow/example_dags/example_branch_python_dop_operator_3.py for tasks to queue
[2024-02-26T16:00:47.013+0000] {logging_mixin.py:188} INFO - [2024-02-26T16:00:47.013+0000] {dagbag.py:540} INFO - Filling up the DagBag from /home/airflow/.local/lib/python3.11/site-packages/airflow/example_dags/example_branch_python_dop_operator_3.py
[2024-02-26T16:00:47.021+0000] {processor.py:840} INFO - DAG(s) 'example_branch_dop_operator_v3' retrieved from /home/airflow/.local/lib/python3.11/site-packages/airflow/example_dags/example_branch_python_dop_operator_3.py
[2024-02-26T16:00:47.040+0000] {logging_mixin.py:188} INFO - [2024-02-26T16:00:47.040+0000] {dag.py:3047} INFO - Sync 1 DAGs
[2024-02-26T16:00:47.056+0000] {logging_mixin.py:188} INFO - [2024-02-26T16:00:47.056+0000] {dag.py:3834} INFO - Setting next_dagrun for example_branch_dop_operator_v3 to 2024-02-26 15:59:00+00:00, run_after=2024-02-26 16:00:00+00:00
[2024-02-26T16:00:47.068+0000] {processor.py:183} INFO - Processing /home/airflow/.local/lib/python3.11/site-packages/airflow/example_dags/example_branch_python_dop_operator_3.py took 0.061 seconds
[2024-02-26T16:01:17.793+0000] {processor.py:161} INFO - Started process (PID=6432) to work on /home/airflow/.local/lib/python3.11/site-packages/airflow/example_dags/example_branch_python_dop_operator_3.py
[2024-02-26T16:01:17.795+0000] {processor.py:830} INFO - Processing file /home/airflow/.local/lib/python3.11/site-packages/airflow/example_dags/example_branch_python_dop_operator_3.py for tasks to queue
[2024-02-26T16:01:17.799+0000] {logging_mixin.py:188} INFO - [2024-02-26T16:01:17.799+0000] {dagbag.py:540} INFO - Filling up the DagBag from /home/airflow/.local/lib/python3.11/site-packages/airflow/example_dags/example_branch_python_dop_operator_3.py
[2024-02-26T16:01:17.806+0000] {processor.py:840} INFO - DAG(s) 'example_branch_dop_operator_v3' retrieved from /home/airflow/.local/lib/python3.11/site-packages/airflow/example_dags/example_branch_python_dop_operator_3.py
[2024-02-26T16:01:17.827+0000] {logging_mixin.py:188} INFO - [2024-02-26T16:01:17.826+0000] {dag.py:3047} INFO - Sync 1 DAGs
[2024-02-26T16:01:17.842+0000] {logging_mixin.py:188} INFO - [2024-02-26T16:01:17.842+0000] {dag.py:3834} INFO - Setting next_dagrun for example_branch_dop_operator_v3 to 2024-02-26 16:00:00+00:00, run_after=2024-02-26 16:01:00+00:00
[2024-02-26T16:01:17.854+0000] {processor.py:183} INFO - Processing /home/airflow/.local/lib/python3.11/site-packages/airflow/example_dags/example_branch_python_dop_operator_3.py took 0.065 seconds
[2024-02-26T16:01:47.967+0000] {processor.py:161} INFO - Started process (PID=6679) to work on /home/airflow/.local/lib/python3.11/site-packages/airflow/example_dags/example_branch_python_dop_operator_3.py
[2024-02-26T16:01:47.969+0000] {processor.py:830} INFO - Processing file /home/airflow/.local/lib/python3.11/site-packages/airflow/example_dags/example_branch_python_dop_operator_3.py for tasks to queue
[2024-02-26T16:01:47.970+0000] {logging_mixin.py:188} INFO - [2024-02-26T16:01:47.970+0000] {dagbag.py:540} INFO - Filling up the DagBag from /home/airflow/.local/lib/python3.11/site-packages/airflow/example_dags/example_branch_python_dop_operator_3.py
[2024-02-26T16:01:47.978+0000] {processor.py:840} INFO - DAG(s) 'example_branch_dop_operator_v3' retrieved from /home/airflow/.local/lib/python3.11/site-packages/airflow/example_dags/example_branch_python_dop_operator_3.py
[2024-02-26T16:01:47.996+0000] {logging_mixin.py:188} INFO - [2024-02-26T16:01:47.996+0000] {dag.py:3047} INFO - Sync 1 DAGs
[2024-02-26T16:01:48.013+0000] {logging_mixin.py:188} INFO - [2024-02-26T16:01:48.012+0000] {dag.py:3834} INFO - Setting next_dagrun for example_branch_dop_operator_v3 to 2024-02-26 16:00:00+00:00, run_after=2024-02-26 16:01:00+00:00
[2024-02-26T16:01:48.024+0000] {processor.py:183} INFO - Processing /home/airflow/.local/lib/python3.11/site-packages/airflow/example_dags/example_branch_python_dop_operator_3.py took 0.060 seconds
[2024-02-26T16:02:18.914+0000] {processor.py:161} INFO - Started process (PID=6926) to work on /home/airflow/.local/lib/python3.11/site-packages/airflow/example_dags/example_branch_python_dop_operator_3.py
[2024-02-26T16:02:18.916+0000] {processor.py:830} INFO - Processing file /home/airflow/.local/lib/python3.11/site-packages/airflow/example_dags/example_branch_python_dop_operator_3.py for tasks to queue
[2024-02-26T16:02:18.919+0000] {logging_mixin.py:188} INFO - [2024-02-26T16:02:18.918+0000] {dagbag.py:540} INFO - Filling up the DagBag from /home/airflow/.local/lib/python3.11/site-packages/airflow/example_dags/example_branch_python_dop_operator_3.py
[2024-02-26T16:02:18.927+0000] {processor.py:840} INFO - DAG(s) 'example_branch_dop_operator_v3' retrieved from /home/airflow/.local/lib/python3.11/site-packages/airflow/example_dags/example_branch_python_dop_operator_3.py
[2024-02-26T16:02:18.949+0000] {logging_mixin.py:188} INFO - [2024-02-26T16:02:18.949+0000] {dag.py:3047} INFO - Sync 1 DAGs
[2024-02-26T16:02:18.969+0000] {logging_mixin.py:188} INFO - [2024-02-26T16:02:18.969+0000] {dag.py:3834} INFO - Setting next_dagrun for example_branch_dop_operator_v3 to 2024-02-26 16:01:00+00:00, run_after=2024-02-26 16:02:00+00:00
[2024-02-26T16:02:18.986+0000] {processor.py:183} INFO - Processing /home/airflow/.local/lib/python3.11/site-packages/airflow/example_dags/example_branch_python_dop_operator_3.py took 0.075 seconds
[2024-02-26T16:02:49.207+0000] {processor.py:161} INFO - Started process (PID=7173) to work on /home/airflow/.local/lib/python3.11/site-packages/airflow/example_dags/example_branch_python_dop_operator_3.py
[2024-02-26T16:02:49.209+0000] {processor.py:830} INFO - Processing file /home/airflow/.local/lib/python3.11/site-packages/airflow/example_dags/example_branch_python_dop_operator_3.py for tasks to queue
[2024-02-26T16:02:49.211+0000] {logging_mixin.py:188} INFO - [2024-02-26T16:02:49.210+0000] {dagbag.py:540} INFO - Filling up the DagBag from /home/airflow/.local/lib/python3.11/site-packages/airflow/example_dags/example_branch_python_dop_operator_3.py
[2024-02-26T16:02:49.219+0000] {processor.py:840} INFO - DAG(s) 'example_branch_dop_operator_v3' retrieved from /home/airflow/.local/lib/python3.11/site-packages/airflow/example_dags/example_branch_python_dop_operator_3.py
[2024-02-26T16:02:49.240+0000] {logging_mixin.py:188} INFO - [2024-02-26T16:02:49.240+0000] {dag.py:3047} INFO - Sync 1 DAGs
[2024-02-26T16:02:49.259+0000] {logging_mixin.py:188} INFO - [2024-02-26T16:02:49.259+0000] {dag.py:3834} INFO - Setting next_dagrun for example_branch_dop_operator_v3 to 2024-02-26 16:01:00+00:00, run_after=2024-02-26 16:02:00+00:00
[2024-02-26T16:02:49.270+0000] {processor.py:183} INFO - Processing /home/airflow/.local/lib/python3.11/site-packages/airflow/example_dags/example_branch_python_dop_operator_3.py took 0.066 seconds
[2024-02-26T16:03:19.392+0000] {processor.py:161} INFO - Started process (PID=7420) to work on /home/airflow/.local/lib/python3.11/site-packages/airflow/example_dags/example_branch_python_dop_operator_3.py
[2024-02-26T16:03:19.394+0000] {processor.py:830} INFO - Processing file /home/airflow/.local/lib/python3.11/site-packages/airflow/example_dags/example_branch_python_dop_operator_3.py for tasks to queue
[2024-02-26T16:03:19.396+0000] {logging_mixin.py:188} INFO - [2024-02-26T16:03:19.395+0000] {dagbag.py:540} INFO - Filling up the DagBag from /home/airflow/.local/lib/python3.11/site-packages/airflow/example_dags/example_branch_python_dop_operator_3.py
[2024-02-26T16:03:19.403+0000] {processor.py:840} INFO - DAG(s) 'example_branch_dop_operator_v3' retrieved from /home/airflow/.local/lib/python3.11/site-packages/airflow/example_dags/example_branch_python_dop_operator_3.py
[2024-02-26T16:03:19.422+0000] {logging_mixin.py:188} INFO - [2024-02-26T16:03:19.422+0000] {dag.py:3047} INFO - Sync 1 DAGs
[2024-02-26T16:03:19.437+0000] {logging_mixin.py:188} INFO - [2024-02-26T16:03:19.437+0000] {dag.py:3834} INFO - Setting next_dagrun for example_branch_dop_operator_v3 to 2024-02-26 16:02:00+00:00, run_after=2024-02-26 16:03:00+00:00
[2024-02-26T16:03:19.449+0000] {processor.py:183} INFO - Processing /home/airflow/.local/lib/python3.11/site-packages/airflow/example_dags/example_branch_python_dop_operator_3.py took 0.059 seconds
[2024-02-26T16:03:49.639+0000] {processor.py:161} INFO - Started process (PID=7668) to work on /home/airflow/.local/lib/python3.11/site-packages/airflow/example_dags/example_branch_python_dop_operator_3.py
[2024-02-26T16:03:49.641+0000] {processor.py:830} INFO - Processing file /home/airflow/.local/lib/python3.11/site-packages/airflow/example_dags/example_branch_python_dop_operator_3.py for tasks to queue
[2024-02-26T16:03:49.643+0000] {logging_mixin.py:188} INFO - [2024-02-26T16:03:49.642+0000] {dagbag.py:540} INFO - Filling up the DagBag from /home/airflow/.local/lib/python3.11/site-packages/airflow/example_dags/example_branch_python_dop_operator_3.py
[2024-02-26T16:03:49.650+0000] {processor.py:840} INFO - DAG(s) 'example_branch_dop_operator_v3' retrieved from /home/airflow/.local/lib/python3.11/site-packages/airflow/example_dags/example_branch_python_dop_operator_3.py
[2024-02-26T16:03:49.669+0000] {logging_mixin.py:188} INFO - [2024-02-26T16:03:49.669+0000] {dag.py:3047} INFO - Sync 1 DAGs
[2024-02-26T16:03:49.685+0000] {logging_mixin.py:188} INFO - [2024-02-26T16:03:49.685+0000] {dag.py:3834} INFO - Setting next_dagrun for example_branch_dop_operator_v3 to 2024-02-26 16:02:00+00:00, run_after=2024-02-26 16:03:00+00:00
[2024-02-26T16:03:49.699+0000] {processor.py:183} INFO - Processing /home/airflow/.local/lib/python3.11/site-packages/airflow/example_dags/example_branch_python_dop_operator_3.py took 0.063 seconds
[2024-02-26T16:04:20.336+0000] {processor.py:161} INFO - Started process (PID=7915) to work on /home/airflow/.local/lib/python3.11/site-packages/airflow/example_dags/example_branch_python_dop_operator_3.py
[2024-02-26T16:04:20.337+0000] {processor.py:830} INFO - Processing file /home/airflow/.local/lib/python3.11/site-packages/airflow/example_dags/example_branch_python_dop_operator_3.py for tasks to queue
[2024-02-26T16:04:20.340+0000] {logging_mixin.py:188} INFO - [2024-02-26T16:04:20.340+0000] {dagbag.py:540} INFO - Filling up the DagBag from /home/airflow/.local/lib/python3.11/site-packages/airflow/example_dags/example_branch_python_dop_operator_3.py
[2024-02-26T16:04:20.348+0000] {processor.py:840} INFO - DAG(s) 'example_branch_dop_operator_v3' retrieved from /home/airflow/.local/lib/python3.11/site-packages/airflow/example_dags/example_branch_python_dop_operator_3.py
[2024-02-26T16:04:20.367+0000] {logging_mixin.py:188} INFO - [2024-02-26T16:04:20.367+0000] {dag.py:3047} INFO - Sync 1 DAGs
[2024-02-26T16:04:20.385+0000] {logging_mixin.py:188} INFO - [2024-02-26T16:04:20.385+0000] {dag.py:3834} INFO - Setting next_dagrun for example_branch_dop_operator_v3 to 2024-02-26 16:03:00+00:00, run_after=2024-02-26 16:04:00+00:00
[2024-02-26T16:04:20.397+0000] {processor.py:183} INFO - Processing /home/airflow/.local/lib/python3.11/site-packages/airflow/example_dags/example_branch_python_dop_operator_3.py took 0.064 seconds
[2024-02-26T16:04:51.141+0000] {processor.py:161} INFO - Started process (PID=8162) to work on /home/airflow/.local/lib/python3.11/site-packages/airflow/example_dags/example_branch_python_dop_operator_3.py
[2024-02-26T16:04:51.142+0000] {processor.py:830} INFO - Processing file /home/airflow/.local/lib/python3.11/site-packages/airflow/example_dags/example_branch_python_dop_operator_3.py for tasks to queue
[2024-02-26T16:04:51.144+0000] {logging_mixin.py:188} INFO - [2024-02-26T16:04:51.144+0000] {dagbag.py:540} INFO - Filling up the DagBag from /home/airflow/.local/lib/python3.11/site-packages/airflow/example_dags/example_branch_python_dop_operator_3.py
[2024-02-26T16:04:51.151+0000] {processor.py:840} INFO - DAG(s) 'example_branch_dop_operator_v3' retrieved from /home/airflow/.local/lib/python3.11/site-packages/airflow/example_dags/example_branch_python_dop_operator_3.py
[2024-02-26T16:04:51.171+0000] {logging_mixin.py:188} INFO - [2024-02-26T16:04:51.171+0000] {dag.py:3047} INFO - Sync 1 DAGs
[2024-02-26T16:04:51.187+0000] {logging_mixin.py:188} INFO - [2024-02-26T16:04:51.187+0000] {dag.py:3834} INFO - Setting next_dagrun for example_branch_dop_operator_v3 to 2024-02-26 16:03:00+00:00, run_after=2024-02-26 16:04:00+00:00
[2024-02-26T16:04:51.200+0000] {processor.py:183} INFO - Processing /home/airflow/.local/lib/python3.11/site-packages/airflow/example_dags/example_branch_python_dop_operator_3.py took 0.062 seconds
[2024-02-26T16:05:21.958+0000] {processor.py:161} INFO - Started process (PID=8409) to work on /home/airflow/.local/lib/python3.11/site-packages/airflow/example_dags/example_branch_python_dop_operator_3.py
[2024-02-26T16:05:21.960+0000] {processor.py:830} INFO - Processing file /home/airflow/.local/lib/python3.11/site-packages/airflow/example_dags/example_branch_python_dop_operator_3.py for tasks to queue
[2024-02-26T16:05:21.961+0000] {logging_mixin.py:188} INFO - [2024-02-26T16:05:21.961+0000] {dagbag.py:540} INFO - Filling up the DagBag from /home/airflow/.local/lib/python3.11/site-packages/airflow/example_dags/example_branch_python_dop_operator_3.py
[2024-02-26T16:05:21.969+0000] {processor.py:840} INFO - DAG(s) 'example_branch_dop_operator_v3' retrieved from /home/airflow/.local/lib/python3.11/site-packages/airflow/example_dags/example_branch_python_dop_operator_3.py
[2024-02-26T16:05:21.988+0000] {logging_mixin.py:188} INFO - [2024-02-26T16:05:21.988+0000] {dag.py:3047} INFO - Sync 1 DAGs
[2024-02-26T16:05:22.006+0000] {logging_mixin.py:188} INFO - [2024-02-26T16:05:22.005+0000] {dag.py:3834} INFO - Setting next_dagrun for example_branch_dop_operator_v3 to 2024-02-26 16:04:00+00:00, run_after=2024-02-26 16:05:00+00:00
[2024-02-26T16:05:22.017+0000] {processor.py:183} INFO - Processing /home/airflow/.local/lib/python3.11/site-packages/airflow/example_dags/example_branch_python_dop_operator_3.py took 0.062 seconds
[2024-02-26T16:05:52.681+0000] {processor.py:161} INFO - Started process (PID=8656) to work on /home/airflow/.local/lib/python3.11/site-packages/airflow/example_dags/example_branch_python_dop_operator_3.py
[2024-02-26T16:05:52.684+0000] {processor.py:830} INFO - Processing file /home/airflow/.local/lib/python3.11/site-packages/airflow/example_dags/example_branch_python_dop_operator_3.py for tasks to queue
[2024-02-26T16:05:52.685+0000] {logging_mixin.py:188} INFO - [2024-02-26T16:05:52.684+0000] {dagbag.py:540} INFO - Filling up the DagBag from /home/airflow/.local/lib/python3.11/site-packages/airflow/example_dags/example_branch_python_dop_operator_3.py
[2024-02-26T16:05:52.692+0000] {processor.py:840} INFO - DAG(s) 'example_branch_dop_operator_v3' retrieved from /home/airflow/.local/lib/python3.11/site-packages/airflow/example_dags/example_branch_python_dop_operator_3.py
[2024-02-26T16:05:52.712+0000] {logging_mixin.py:188} INFO - [2024-02-26T16:05:52.712+0000] {dag.py:3047} INFO - Sync 1 DAGs
[2024-02-26T16:05:52.729+0000] {logging_mixin.py:188} INFO - [2024-02-26T16:05:52.728+0000] {dag.py:3834} INFO - Setting next_dagrun for example_branch_dop_operator_v3 to 2024-02-26 16:04:00+00:00, run_after=2024-02-26 16:05:00+00:00
[2024-02-26T16:05:52.742+0000] {processor.py:183} INFO - Processing /home/airflow/.local/lib/python3.11/site-packages/airflow/example_dags/example_branch_python_dop_operator_3.py took 0.064 seconds
[2024-02-26T16:06:23.527+0000] {processor.py:161} INFO - Started process (PID=8903) to work on /home/airflow/.local/lib/python3.11/site-packages/airflow/example_dags/example_branch_python_dop_operator_3.py
[2024-02-26T16:06:23.528+0000] {processor.py:830} INFO - Processing file /home/airflow/.local/lib/python3.11/site-packages/airflow/example_dags/example_branch_python_dop_operator_3.py for tasks to queue
[2024-02-26T16:06:23.530+0000] {logging_mixin.py:188} INFO - [2024-02-26T16:06:23.529+0000] {dagbag.py:540} INFO - Filling up the DagBag from /home/airflow/.local/lib/python3.11/site-packages/airflow/example_dags/example_branch_python_dop_operator_3.py
[2024-02-26T16:06:23.538+0000] {processor.py:840} INFO - DAG(s) 'example_branch_dop_operator_v3' retrieved from /home/airflow/.local/lib/python3.11/site-packages/airflow/example_dags/example_branch_python_dop_operator_3.py
[2024-02-26T16:06:23.561+0000] {logging_mixin.py:188} INFO - [2024-02-26T16:06:23.561+0000] {dag.py:3047} INFO - Sync 1 DAGs
[2024-02-26T16:06:23.581+0000] {logging_mixin.py:188} INFO - [2024-02-26T16:06:23.581+0000] {dag.py:3834} INFO - Setting next_dagrun for example_branch_dop_operator_v3 to 2024-02-26 16:05:00+00:00, run_after=2024-02-26 16:06:00+00:00
[2024-02-26T16:06:23.596+0000] {processor.py:183} INFO - Processing /home/airflow/.local/lib/python3.11/site-packages/airflow/example_dags/example_branch_python_dop_operator_3.py took 0.073 seconds
[2024-02-26T16:06:54.295+0000] {processor.py:161} INFO - Started process (PID=9150) to work on /home/airflow/.local/lib/python3.11/site-packages/airflow/example_dags/example_branch_python_dop_operator_3.py
[2024-02-26T16:06:54.296+0000] {processor.py:830} INFO - Processing file /home/airflow/.local/lib/python3.11/site-packages/airflow/example_dags/example_branch_python_dop_operator_3.py for tasks to queue
[2024-02-26T16:06:54.298+0000] {logging_mixin.py:188} INFO - [2024-02-26T16:06:54.297+0000] {dagbag.py:540} INFO - Filling up the DagBag from /home/airflow/.local/lib/python3.11/site-packages/airflow/example_dags/example_branch_python_dop_operator_3.py
[2024-02-26T16:06:54.305+0000] {processor.py:840} INFO - DAG(s) 'example_branch_dop_operator_v3' retrieved from /home/airflow/.local/lib/python3.11/site-packages/airflow/example_dags/example_branch_python_dop_operator_3.py
[2024-02-26T16:06:54.324+0000] {logging_mixin.py:188} INFO - [2024-02-26T16:06:54.324+0000] {dag.py:3047} INFO - Sync 1 DAGs
[2024-02-26T16:06:54.341+0000] {logging_mixin.py:188} INFO - [2024-02-26T16:06:54.341+0000] {dag.py:3834} INFO - Setting next_dagrun for example_branch_dop_operator_v3 to 2024-02-26 16:05:00+00:00, run_after=2024-02-26 16:06:00+00:00
[2024-02-26T16:06:54.354+0000] {processor.py:183} INFO - Processing /home/airflow/.local/lib/python3.11/site-packages/airflow/example_dags/example_branch_python_dop_operator_3.py took 0.062 seconds
[2024-02-26T16:07:24.489+0000] {processor.py:161} INFO - Started process (PID=9397) to work on /home/airflow/.local/lib/python3.11/site-packages/airflow/example_dags/example_branch_python_dop_operator_3.py
[2024-02-26T16:07:24.491+0000] {processor.py:830} INFO - Processing file /home/airflow/.local/lib/python3.11/site-packages/airflow/example_dags/example_branch_python_dop_operator_3.py for tasks to queue
[2024-02-26T16:07:24.492+0000] {logging_mixin.py:188} INFO - [2024-02-26T16:07:24.492+0000] {dagbag.py:540} INFO - Filling up the DagBag from /home/airflow/.local/lib/python3.11/site-packages/airflow/example_dags/example_branch_python_dop_operator_3.py
[2024-02-26T16:07:24.500+0000] {processor.py:840} INFO - DAG(s) 'example_branch_dop_operator_v3' retrieved from /home/airflow/.local/lib/python3.11/site-packages/airflow/example_dags/example_branch_python_dop_operator_3.py
[2024-02-26T16:07:24.518+0000] {logging_mixin.py:188} INFO - [2024-02-26T16:07:24.518+0000] {dag.py:3047} INFO - Sync 1 DAGs
[2024-02-26T16:07:24.533+0000] {logging_mixin.py:188} INFO - [2024-02-26T16:07:24.533+0000] {dag.py:3834} INFO - Setting next_dagrun for example_branch_dop_operator_v3 to 2024-02-26 16:06:00+00:00, run_after=2024-02-26 16:07:00+00:00
[2024-02-26T16:07:24.545+0000] {processor.py:183} INFO - Processing /home/airflow/.local/lib/python3.11/site-packages/airflow/example_dags/example_branch_python_dop_operator_3.py took 0.059 seconds
[2024-02-26T16:07:54.697+0000] {processor.py:161} INFO - Started process (PID=9644) to work on /home/airflow/.local/lib/python3.11/site-packages/airflow/example_dags/example_branch_python_dop_operator_3.py
[2024-02-26T16:07:54.699+0000] {processor.py:830} INFO - Processing file /home/airflow/.local/lib/python3.11/site-packages/airflow/example_dags/example_branch_python_dop_operator_3.py for tasks to queue
[2024-02-26T16:07:54.700+0000] {logging_mixin.py:188} INFO - [2024-02-26T16:07:54.700+0000] {dagbag.py:540} INFO - Filling up the DagBag from /home/airflow/.local/lib/python3.11/site-packages/airflow/example_dags/example_branch_python_dop_operator_3.py
[2024-02-26T16:07:54.708+0000] {processor.py:840} INFO - DAG(s) 'example_branch_dop_operator_v3' retrieved from /home/airflow/.local/lib/python3.11/site-packages/airflow/example_dags/example_branch_python_dop_operator_3.py
[2024-02-26T16:07:54.726+0000] {logging_mixin.py:188} INFO - [2024-02-26T16:07:54.726+0000] {dag.py:3047} INFO - Sync 1 DAGs
[2024-02-26T16:07:54.741+0000] {logging_mixin.py:188} INFO - [2024-02-26T16:07:54.740+0000] {dag.py:3834} INFO - Setting next_dagrun for example_branch_dop_operator_v3 to 2024-02-26 16:06:00+00:00, run_after=2024-02-26 16:07:00+00:00
[2024-02-26T16:07:54.751+0000] {processor.py:183} INFO - Processing /home/airflow/.local/lib/python3.11/site-packages/airflow/example_dags/example_branch_python_dop_operator_3.py took 0.057 seconds
[2024-02-26T16:08:24.976+0000] {processor.py:161} INFO - Started process (PID=9891) to work on /home/airflow/.local/lib/python3.11/site-packages/airflow/example_dags/example_branch_python_dop_operator_3.py
[2024-02-26T16:08:24.978+0000] {processor.py:830} INFO - Processing file /home/airflow/.local/lib/python3.11/site-packages/airflow/example_dags/example_branch_python_dop_operator_3.py for tasks to queue
[2024-02-26T16:08:24.979+0000] {logging_mixin.py:188} INFO - [2024-02-26T16:08:24.979+0000] {dagbag.py:540} INFO - Filling up the DagBag from /home/airflow/.local/lib/python3.11/site-packages/airflow/example_dags/example_branch_python_dop_operator_3.py
[2024-02-26T16:08:24.987+0000] {processor.py:840} INFO - DAG(s) 'example_branch_dop_operator_v3' retrieved from /home/airflow/.local/lib/python3.11/site-packages/airflow/example_dags/example_branch_python_dop_operator_3.py
[2024-02-26T16:08:25.006+0000] {logging_mixin.py:188} INFO - [2024-02-26T16:08:25.006+0000] {dag.py:3047} INFO - Sync 1 DAGs
[2024-02-26T16:08:25.022+0000] {logging_mixin.py:188} INFO - [2024-02-26T16:08:25.022+0000] {dag.py:3834} INFO - Setting next_dagrun for example_branch_dop_operator_v3 to 2024-02-26 16:07:00+00:00, run_after=2024-02-26 16:08:00+00:00
[2024-02-26T16:08:25.034+0000] {processor.py:183} INFO - Processing /home/airflow/.local/lib/python3.11/site-packages/airflow/example_dags/example_branch_python_dop_operator_3.py took 0.061 seconds
[2024-02-26T16:08:55.124+0000] {processor.py:161} INFO - Started process (PID=10140) to work on /home/airflow/.local/lib/python3.11/site-packages/airflow/example_dags/example_branch_python_dop_operator_3.py
[2024-02-26T16:08:55.126+0000] {processor.py:830} INFO - Processing file /home/airflow/.local/lib/python3.11/site-packages/airflow/example_dags/example_branch_python_dop_operator_3.py for tasks to queue
[2024-02-26T16:08:55.127+0000] {logging_mixin.py:188} INFO - [2024-02-26T16:08:55.127+0000] {dagbag.py:540} INFO - Filling up the DagBag from /home/airflow/.local/lib/python3.11/site-packages/airflow/example_dags/example_branch_python_dop_operator_3.py
[2024-02-26T16:08:55.133+0000] {processor.py:840} INFO - DAG(s) 'example_branch_dop_operator_v3' retrieved from /home/airflow/.local/lib/python3.11/site-packages/airflow/example_dags/example_branch_python_dop_operator_3.py
[2024-02-26T16:08:55.151+0000] {logging_mixin.py:188} INFO - [2024-02-26T16:08:55.151+0000] {dag.py:3047} INFO - Sync 1 DAGs
[2024-02-26T16:08:55.166+0000] {logging_mixin.py:188} INFO - [2024-02-26T16:08:55.166+0000] {dag.py:3834} INFO - Setting next_dagrun for example_branch_dop_operator_v3 to 2024-02-26 16:07:00+00:00, run_after=2024-02-26 16:08:00+00:00
[2024-02-26T16:08:55.176+0000] {processor.py:183} INFO - Processing /home/airflow/.local/lib/python3.11/site-packages/airflow/example_dags/example_branch_python_dop_operator_3.py took 0.055 seconds
[2024-02-26T16:09:25.319+0000] {processor.py:161} INFO - Started process (PID=10385) to work on /home/airflow/.local/lib/python3.11/site-packages/airflow/example_dags/example_branch_python_dop_operator_3.py
[2024-02-26T16:09:25.321+0000] {processor.py:830} INFO - Processing file /home/airflow/.local/lib/python3.11/site-packages/airflow/example_dags/example_branch_python_dop_operator_3.py for tasks to queue
[2024-02-26T16:09:25.323+0000] {logging_mixin.py:188} INFO - [2024-02-26T16:09:25.322+0000] {dagbag.py:540} INFO - Filling up the DagBag from /home/airflow/.local/lib/python3.11/site-packages/airflow/example_dags/example_branch_python_dop_operator_3.py
[2024-02-26T16:09:25.330+0000] {processor.py:840} INFO - DAG(s) 'example_branch_dop_operator_v3' retrieved from /home/airflow/.local/lib/python3.11/site-packages/airflow/example_dags/example_branch_python_dop_operator_3.py
[2024-02-26T16:09:25.349+0000] {logging_mixin.py:188} INFO - [2024-02-26T16:09:25.349+0000] {dag.py:3047} INFO - Sync 1 DAGs
[2024-02-26T16:09:25.365+0000] {logging_mixin.py:188} INFO - [2024-02-26T16:09:25.365+0000] {dag.py:3834} INFO - Setting next_dagrun for example_branch_dop_operator_v3 to 2024-02-26 16:08:00+00:00, run_after=2024-02-26 16:09:00+00:00
[2024-02-26T16:09:25.380+0000] {processor.py:183} INFO - Processing /home/airflow/.local/lib/python3.11/site-packages/airflow/example_dags/example_branch_python_dop_operator_3.py took 0.064 seconds
[2024-02-26T16:09:55.494+0000] {processor.py:161} INFO - Started process (PID=10632) to work on /home/airflow/.local/lib/python3.11/site-packages/airflow/example_dags/example_branch_python_dop_operator_3.py
[2024-02-26T16:09:55.496+0000] {processor.py:830} INFO - Processing file /home/airflow/.local/lib/python3.11/site-packages/airflow/example_dags/example_branch_python_dop_operator_3.py for tasks to queue
[2024-02-26T16:09:55.497+0000] {logging_mixin.py:188} INFO - [2024-02-26T16:09:55.497+0000] {dagbag.py:540} INFO - Filling up the DagBag from /home/airflow/.local/lib/python3.11/site-packages/airflow/example_dags/example_branch_python_dop_operator_3.py
[2024-02-26T16:09:55.509+0000] {processor.py:840} INFO - DAG(s) 'example_branch_dop_operator_v3' retrieved from /home/airflow/.local/lib/python3.11/site-packages/airflow/example_dags/example_branch_python_dop_operator_3.py
[2024-02-26T16:09:55.531+0000] {logging_mixin.py:188} INFO - [2024-02-26T16:09:55.531+0000] {dag.py:3047} INFO - Sync 1 DAGs
[2024-02-26T16:09:55.550+0000] {logging_mixin.py:188} INFO - [2024-02-26T16:09:55.550+0000] {dag.py:3834} INFO - Setting next_dagrun for example_branch_dop_operator_v3 to 2024-02-26 16:08:00+00:00, run_after=2024-02-26 16:09:00+00:00
[2024-02-26T16:09:55.568+0000] {processor.py:183} INFO - Processing /home/airflow/.local/lib/python3.11/site-packages/airflow/example_dags/example_branch_python_dop_operator_3.py took 0.078 seconds
[2024-02-26T16:10:25.742+0000] {processor.py:161} INFO - Started process (PID=10879) to work on /home/airflow/.local/lib/python3.11/site-packages/airflow/example_dags/example_branch_python_dop_operator_3.py
[2024-02-26T16:10:25.743+0000] {processor.py:830} INFO - Processing file /home/airflow/.local/lib/python3.11/site-packages/airflow/example_dags/example_branch_python_dop_operator_3.py for tasks to queue
[2024-02-26T16:10:25.745+0000] {logging_mixin.py:188} INFO - [2024-02-26T16:10:25.744+0000] {dagbag.py:540} INFO - Filling up the DagBag from /home/airflow/.local/lib/python3.11/site-packages/airflow/example_dags/example_branch_python_dop_operator_3.py
[2024-02-26T16:10:25.752+0000] {processor.py:840} INFO - DAG(s) 'example_branch_dop_operator_v3' retrieved from /home/airflow/.local/lib/python3.11/site-packages/airflow/example_dags/example_branch_python_dop_operator_3.py
[2024-02-26T16:10:25.773+0000] {logging_mixin.py:188} INFO - [2024-02-26T16:10:25.773+0000] {dag.py:3047} INFO - Sync 1 DAGs
[2024-02-26T16:10:25.792+0000] {logging_mixin.py:188} INFO - [2024-02-26T16:10:25.792+0000] {dag.py:3834} INFO - Setting next_dagrun for example_branch_dop_operator_v3 to 2024-02-26 16:09:00+00:00, run_after=2024-02-26 16:10:00+00:00
[2024-02-26T16:10:25.803+0000] {processor.py:183} INFO - Processing /home/airflow/.local/lib/python3.11/site-packages/airflow/example_dags/example_branch_python_dop_operator_3.py took 0.064 seconds
[2024-02-26T16:10:56.004+0000] {processor.py:161} INFO - Started process (PID=11126) to work on /home/airflow/.local/lib/python3.11/site-packages/airflow/example_dags/example_branch_python_dop_operator_3.py
[2024-02-26T16:10:56.006+0000] {processor.py:830} INFO - Processing file /home/airflow/.local/lib/python3.11/site-packages/airflow/example_dags/example_branch_python_dop_operator_3.py for tasks to queue
[2024-02-26T16:10:56.008+0000] {logging_mixin.py:188} INFO - [2024-02-26T16:10:56.008+0000] {dagbag.py:540} INFO - Filling up the DagBag from /home/airflow/.local/lib/python3.11/site-packages/airflow/example_dags/example_branch_python_dop_operator_3.py
[2024-02-26T16:10:56.015+0000] {processor.py:840} INFO - DAG(s) 'example_branch_dop_operator_v3' retrieved from /home/airflow/.local/lib/python3.11/site-packages/airflow/example_dags/example_branch_python_dop_operator_3.py
[2024-02-26T16:10:56.035+0000] {logging_mixin.py:188} INFO - [2024-02-26T16:10:56.034+0000] {dag.py:3047} INFO - Sync 1 DAGs
[2024-02-26T16:10:56.052+0000] {logging_mixin.py:188} INFO - [2024-02-26T16:10:56.052+0000] {dag.py:3834} INFO - Setting next_dagrun for example_branch_dop_operator_v3 to 2024-02-26 16:09:00+00:00, run_after=2024-02-26 16:10:00+00:00
[2024-02-26T16:10:56.065+0000] {processor.py:183} INFO - Processing /home/airflow/.local/lib/python3.11/site-packages/airflow/example_dags/example_branch_python_dop_operator_3.py took 0.064 seconds
[2024-02-26T16:11:26.242+0000] {processor.py:161} INFO - Started process (PID=11373) to work on /home/airflow/.local/lib/python3.11/site-packages/airflow/example_dags/example_branch_python_dop_operator_3.py
[2024-02-26T16:11:26.244+0000] {processor.py:830} INFO - Processing file /home/airflow/.local/lib/python3.11/site-packages/airflow/example_dags/example_branch_python_dop_operator_3.py for tasks to queue
[2024-02-26T16:11:26.245+0000] {logging_mixin.py:188} INFO - [2024-02-26T16:11:26.245+0000] {dagbag.py:540} INFO - Filling up the DagBag from /home/airflow/.local/lib/python3.11/site-packages/airflow/example_dags/example_branch_python_dop_operator_3.py
[2024-02-26T16:11:26.253+0000] {processor.py:840} INFO - DAG(s) 'example_branch_dop_operator_v3' retrieved from /home/airflow/.local/lib/python3.11/site-packages/airflow/example_dags/example_branch_python_dop_operator_3.py
[2024-02-26T16:11:26.274+0000] {logging_mixin.py:188} INFO - [2024-02-26T16:11:26.274+0000] {dag.py:3047} INFO - Sync 1 DAGs
[2024-02-26T16:11:26.292+0000] {logging_mixin.py:188} INFO - [2024-02-26T16:11:26.292+0000] {dag.py:3834} INFO - Setting next_dagrun for example_branch_dop_operator_v3 to 2024-02-26 16:10:00+00:00, run_after=2024-02-26 16:11:00+00:00
[2024-02-26T16:11:26.302+0000] {processor.py:183} INFO - Processing /home/airflow/.local/lib/python3.11/site-packages/airflow/example_dags/example_branch_python_dop_operator_3.py took 0.064 seconds
[2024-02-26T16:11:56.491+0000] {processor.py:161} INFO - Started process (PID=11620) to work on /home/airflow/.local/lib/python3.11/site-packages/airflow/example_dags/example_branch_python_dop_operator_3.py
[2024-02-26T16:11:56.493+0000] {processor.py:830} INFO - Processing file /home/airflow/.local/lib/python3.11/site-packages/airflow/example_dags/example_branch_python_dop_operator_3.py for tasks to queue
[2024-02-26T16:11:56.494+0000] {logging_mixin.py:188} INFO - [2024-02-26T16:11:56.494+0000] {dagbag.py:540} INFO - Filling up the DagBag from /home/airflow/.local/lib/python3.11/site-packages/airflow/example_dags/example_branch_python_dop_operator_3.py
[2024-02-26T16:11:56.502+0000] {processor.py:840} INFO - DAG(s) 'example_branch_dop_operator_v3' retrieved from /home/airflow/.local/lib/python3.11/site-packages/airflow/example_dags/example_branch_python_dop_operator_3.py
[2024-02-26T16:11:56.521+0000] {logging_mixin.py:188} INFO - [2024-02-26T16:11:56.521+0000] {dag.py:3047} INFO - Sync 1 DAGs
[2024-02-26T16:11:56.539+0000] {logging_mixin.py:188} INFO - [2024-02-26T16:11:56.539+0000] {dag.py:3834} INFO - Setting next_dagrun for example_branch_dop_operator_v3 to 2024-02-26 16:10:00+00:00, run_after=2024-02-26 16:11:00+00:00
[2024-02-26T16:11:56.552+0000] {processor.py:183} INFO - Processing /home/airflow/.local/lib/python3.11/site-packages/airflow/example_dags/example_branch_python_dop_operator_3.py took 0.063 seconds
[2024-02-26T16:12:26.695+0000] {processor.py:161} INFO - Started process (PID=11867) to work on /home/airflow/.local/lib/python3.11/site-packages/airflow/example_dags/example_branch_python_dop_operator_3.py
[2024-02-26T16:12:26.697+0000] {processor.py:830} INFO - Processing file /home/airflow/.local/lib/python3.11/site-packages/airflow/example_dags/example_branch_python_dop_operator_3.py for tasks to queue
[2024-02-26T16:12:26.698+0000] {logging_mixin.py:188} INFO - [2024-02-26T16:12:26.698+0000] {dagbag.py:540} INFO - Filling up the DagBag from /home/airflow/.local/lib/python3.11/site-packages/airflow/example_dags/example_branch_python_dop_operator_3.py
[2024-02-26T16:12:26.710+0000] {processor.py:840} INFO - DAG(s) 'example_branch_dop_operator_v3' retrieved from /home/airflow/.local/lib/python3.11/site-packages/airflow/example_dags/example_branch_python_dop_operator_3.py
[2024-02-26T16:12:26.729+0000] {logging_mixin.py:188} INFO - [2024-02-26T16:12:26.729+0000] {dag.py:3047} INFO - Sync 1 DAGs
[2024-02-26T16:12:26.748+0000] {logging_mixin.py:188} INFO - [2024-02-26T16:12:26.748+0000] {dag.py:3834} INFO - Setting next_dagrun for example_branch_dop_operator_v3 to 2024-02-26 16:11:00+00:00, run_after=2024-02-26 16:12:00+00:00
[2024-02-26T16:12:26.759+0000] {processor.py:183} INFO - Processing /home/airflow/.local/lib/python3.11/site-packages/airflow/example_dags/example_branch_python_dop_operator_3.py took 0.067 seconds
[2024-02-26T16:12:56.882+0000] {processor.py:161} INFO - Started process (PID=12115) to work on /home/airflow/.local/lib/python3.11/site-packages/airflow/example_dags/example_branch_python_dop_operator_3.py
[2024-02-26T16:12:56.883+0000] {processor.py:830} INFO - Processing file /home/airflow/.local/lib/python3.11/site-packages/airflow/example_dags/example_branch_python_dop_operator_3.py for tasks to queue
[2024-02-26T16:12:56.885+0000] {logging_mixin.py:188} INFO - [2024-02-26T16:12:56.884+0000] {dagbag.py:540} INFO - Filling up the DagBag from /home/airflow/.local/lib/python3.11/site-packages/airflow/example_dags/example_branch_python_dop_operator_3.py
[2024-02-26T16:12:56.893+0000] {processor.py:840} INFO - DAG(s) 'example_branch_dop_operator_v3' retrieved from /home/airflow/.local/lib/python3.11/site-packages/airflow/example_dags/example_branch_python_dop_operator_3.py
[2024-02-26T16:12:56.912+0000] {logging_mixin.py:188} INFO - [2024-02-26T16:12:56.912+0000] {dag.py:3047} INFO - Sync 1 DAGs
[2024-02-26T16:12:56.928+0000] {logging_mixin.py:188} INFO - [2024-02-26T16:12:56.928+0000] {dag.py:3834} INFO - Setting next_dagrun for example_branch_dop_operator_v3 to 2024-02-26 16:11:00+00:00, run_after=2024-02-26 16:12:00+00:00
[2024-02-26T16:12:56.940+0000] {processor.py:183} INFO - Processing /home/airflow/.local/lib/python3.11/site-packages/airflow/example_dags/example_branch_python_dop_operator_3.py took 0.062 seconds
[2024-02-26T16:13:27.119+0000] {processor.py:161} INFO - Started process (PID=12362) to work on /home/airflow/.local/lib/python3.11/site-packages/airflow/example_dags/example_branch_python_dop_operator_3.py
[2024-02-26T16:13:27.121+0000] {processor.py:830} INFO - Processing file /home/airflow/.local/lib/python3.11/site-packages/airflow/example_dags/example_branch_python_dop_operator_3.py for tasks to queue
[2024-02-26T16:13:27.123+0000] {logging_mixin.py:188} INFO - [2024-02-26T16:13:27.122+0000] {dagbag.py:540} INFO - Filling up the DagBag from /home/airflow/.local/lib/python3.11/site-packages/airflow/example_dags/example_branch_python_dop_operator_3.py
[2024-02-26T16:13:27.130+0000] {processor.py:840} INFO - DAG(s) 'example_branch_dop_operator_v3' retrieved from /home/airflow/.local/lib/python3.11/site-packages/airflow/example_dags/example_branch_python_dop_operator_3.py
[2024-02-26T16:13:27.148+0000] {logging_mixin.py:188} INFO - [2024-02-26T16:13:27.148+0000] {dag.py:3047} INFO - Sync 1 DAGs
[2024-02-26T16:13:27.163+0000] {logging_mixin.py:188} INFO - [2024-02-26T16:13:27.163+0000] {dag.py:3834} INFO - Setting next_dagrun for example_branch_dop_operator_v3 to 2024-02-26 16:12:00+00:00, run_after=2024-02-26 16:13:00+00:00
[2024-02-26T16:13:27.174+0000] {processor.py:183} INFO - Processing /home/airflow/.local/lib/python3.11/site-packages/airflow/example_dags/example_branch_python_dop_operator_3.py took 0.058 seconds
[2024-02-26T16:13:57.252+0000] {processor.py:161} INFO - Started process (PID=12610) to work on /home/airflow/.local/lib/python3.11/site-packages/airflow/example_dags/example_branch_python_dop_operator_3.py
[2024-02-26T16:13:57.253+0000] {processor.py:830} INFO - Processing file /home/airflow/.local/lib/python3.11/site-packages/airflow/example_dags/example_branch_python_dop_operator_3.py for tasks to queue
[2024-02-26T16:13:57.255+0000] {logging_mixin.py:188} INFO - [2024-02-26T16:13:57.254+0000] {dagbag.py:540} INFO - Filling up the DagBag from /home/airflow/.local/lib/python3.11/site-packages/airflow/example_dags/example_branch_python_dop_operator_3.py
[2024-02-26T16:13:57.263+0000] {processor.py:840} INFO - DAG(s) 'example_branch_dop_operator_v3' retrieved from /home/airflow/.local/lib/python3.11/site-packages/airflow/example_dags/example_branch_python_dop_operator_3.py
[2024-02-26T16:13:57.283+0000] {logging_mixin.py:188} INFO - [2024-02-26T16:13:57.283+0000] {dag.py:3047} INFO - Sync 1 DAGs
[2024-02-26T16:13:57.298+0000] {logging_mixin.py:188} INFO - [2024-02-26T16:13:57.298+0000] {dag.py:3834} INFO - Setting next_dagrun for example_branch_dop_operator_v3 to 2024-02-26 16:12:00+00:00, run_after=2024-02-26 16:13:00+00:00
[2024-02-26T16:13:57.308+0000] {processor.py:183} INFO - Processing /home/airflow/.local/lib/python3.11/site-packages/airflow/example_dags/example_branch_python_dop_operator_3.py took 0.060 seconds
[2024-02-26T16:14:27.532+0000] {processor.py:161} INFO - Started process (PID=12856) to work on /home/airflow/.local/lib/python3.11/site-packages/airflow/example_dags/example_branch_python_dop_operator_3.py
[2024-02-26T16:14:27.535+0000] {processor.py:830} INFO - Processing file /home/airflow/.local/lib/python3.11/site-packages/airflow/example_dags/example_branch_python_dop_operator_3.py for tasks to queue
[2024-02-26T16:14:27.536+0000] {logging_mixin.py:188} INFO - [2024-02-26T16:14:27.536+0000] {dagbag.py:540} INFO - Filling up the DagBag from /home/airflow/.local/lib/python3.11/site-packages/airflow/example_dags/example_branch_python_dop_operator_3.py
[2024-02-26T16:14:27.545+0000] {processor.py:840} INFO - DAG(s) 'example_branch_dop_operator_v3' retrieved from /home/airflow/.local/lib/python3.11/site-packages/airflow/example_dags/example_branch_python_dop_operator_3.py
[2024-02-26T16:14:27.565+0000] {logging_mixin.py:188} INFO - [2024-02-26T16:14:27.565+0000] {dag.py:3047} INFO - Sync 1 DAGs
[2024-02-26T16:14:27.582+0000] {logging_mixin.py:188} INFO - [2024-02-26T16:14:27.582+0000] {dag.py:3834} INFO - Setting next_dagrun for example_branch_dop_operator_v3 to 2024-02-26 16:13:00+00:00, run_after=2024-02-26 16:14:00+00:00
[2024-02-26T16:14:27.594+0000] {processor.py:183} INFO - Processing /home/airflow/.local/lib/python3.11/site-packages/airflow/example_dags/example_branch_python_dop_operator_3.py took 0.066 seconds
