[2024-02-26T15:48:33.300+0000] {processor.py:161} INFO - Started process (PID=224) to work on /home/airflow/.local/lib/python3.11/site-packages/airflow/example_dags/example_latest_only_with_trigger.py
[2024-02-26T15:48:33.304+0000] {processor.py:830} INFO - Processing file /home/airflow/.local/lib/python3.11/site-packages/airflow/example_dags/example_latest_only_with_trigger.py for tasks to queue
[2024-02-26T15:48:33.306+0000] {logging_mixin.py:188} INFO - [2024-02-26T15:48:33.305+0000] {dagbag.py:540} INFO - Filling up the DagBag from /home/airflow/.local/lib/python3.11/site-packages/airflow/example_dags/example_latest_only_with_trigger.py
[2024-02-26T15:48:33.313+0000] {processor.py:840} INFO - DAG(s) 'latest_only_with_trigger' retrieved from /home/airflow/.local/lib/python3.11/site-packages/airflow/example_dags/example_latest_only_with_trigger.py
[2024-02-26T15:48:33.330+0000] {logging_mixin.py:188} INFO - [2024-02-26T15:48:33.329+0000] {dag.py:3047} INFO - Sync 1 DAGs
[2024-02-26T15:48:33.352+0000] {logging_mixin.py:188} INFO - [2024-02-26T15:48:33.352+0000] {dag.py:3834} INFO - Setting next_dagrun for latest_only_with_trigger to 2024-02-26 08:00:00+00:00, run_after=2024-02-26 12:00:00+00:00
[2024-02-26T15:48:33.384+0000] {processor.py:183} INFO - Processing /home/airflow/.local/lib/python3.11/site-packages/airflow/example_dags/example_latest_only_with_trigger.py took 0.087 seconds
[2024-02-26T15:49:03.735+0000] {processor.py:161} INFO - Started process (PID=471) to work on /home/airflow/.local/lib/python3.11/site-packages/airflow/example_dags/example_latest_only_with_trigger.py
[2024-02-26T15:49:03.737+0000] {processor.py:830} INFO - Processing file /home/airflow/.local/lib/python3.11/site-packages/airflow/example_dags/example_latest_only_with_trigger.py for tasks to queue
[2024-02-26T15:49:03.739+0000] {logging_mixin.py:188} INFO - [2024-02-26T15:49:03.738+0000] {dagbag.py:540} INFO - Filling up the DagBag from /home/airflow/.local/lib/python3.11/site-packages/airflow/example_dags/example_latest_only_with_trigger.py
[2024-02-26T15:49:03.744+0000] {processor.py:840} INFO - DAG(s) 'latest_only_with_trigger' retrieved from /home/airflow/.local/lib/python3.11/site-packages/airflow/example_dags/example_latest_only_with_trigger.py
[2024-02-26T15:49:03.808+0000] {logging_mixin.py:188} INFO - [2024-02-26T15:49:03.807+0000] {dag.py:3047} INFO - Sync 1 DAGs
[2024-02-26T15:49:03.819+0000] {logging_mixin.py:188} INFO - [2024-02-26T15:49:03.819+0000] {dag.py:3834} INFO - Setting next_dagrun for latest_only_with_trigger to 2024-02-26 08:00:00+00:00, run_after=2024-02-26 12:00:00+00:00
[2024-02-26T15:49:03.832+0000] {processor.py:183} INFO - Processing /home/airflow/.local/lib/python3.11/site-packages/airflow/example_dags/example_latest_only_with_trigger.py took 0.100 seconds
[2024-02-26T15:49:34.434+0000] {processor.py:161} INFO - Started process (PID=718) to work on /home/airflow/.local/lib/python3.11/site-packages/airflow/example_dags/example_latest_only_with_trigger.py
[2024-02-26T15:49:34.435+0000] {processor.py:830} INFO - Processing file /home/airflow/.local/lib/python3.11/site-packages/airflow/example_dags/example_latest_only_with_trigger.py for tasks to queue
[2024-02-26T15:49:34.437+0000] {logging_mixin.py:188} INFO - [2024-02-26T15:49:34.436+0000] {dagbag.py:540} INFO - Filling up the DagBag from /home/airflow/.local/lib/python3.11/site-packages/airflow/example_dags/example_latest_only_with_trigger.py
[2024-02-26T15:49:34.442+0000] {processor.py:840} INFO - DAG(s) 'latest_only_with_trigger' retrieved from /home/airflow/.local/lib/python3.11/site-packages/airflow/example_dags/example_latest_only_with_trigger.py
[2024-02-26T15:49:34.461+0000] {logging_mixin.py:188} INFO - [2024-02-26T15:49:34.461+0000] {dag.py:3047} INFO - Sync 1 DAGs
[2024-02-26T15:49:34.474+0000] {logging_mixin.py:188} INFO - [2024-02-26T15:49:34.474+0000] {dag.py:3834} INFO - Setting next_dagrun for latest_only_with_trigger to 2024-02-26 08:00:00+00:00, run_after=2024-02-26 12:00:00+00:00
[2024-02-26T15:49:34.487+0000] {processor.py:183} INFO - Processing /home/airflow/.local/lib/python3.11/site-packages/airflow/example_dags/example_latest_only_with_trigger.py took 0.056 seconds
[2024-02-26T15:50:05.154+0000] {processor.py:161} INFO - Started process (PID=966) to work on /home/airflow/.local/lib/python3.11/site-packages/airflow/example_dags/example_latest_only_with_trigger.py
[2024-02-26T15:50:05.155+0000] {processor.py:830} INFO - Processing file /home/airflow/.local/lib/python3.11/site-packages/airflow/example_dags/example_latest_only_with_trigger.py for tasks to queue
[2024-02-26T15:50:05.157+0000] {logging_mixin.py:188} INFO - [2024-02-26T15:50:05.156+0000] {dagbag.py:540} INFO - Filling up the DagBag from /home/airflow/.local/lib/python3.11/site-packages/airflow/example_dags/example_latest_only_with_trigger.py
[2024-02-26T15:50:05.162+0000] {processor.py:840} INFO - DAG(s) 'latest_only_with_trigger' retrieved from /home/airflow/.local/lib/python3.11/site-packages/airflow/example_dags/example_latest_only_with_trigger.py
[2024-02-26T15:50:05.181+0000] {logging_mixin.py:188} INFO - [2024-02-26T15:50:05.180+0000] {dag.py:3047} INFO - Sync 1 DAGs
[2024-02-26T15:50:05.195+0000] {logging_mixin.py:188} INFO - [2024-02-26T15:50:05.195+0000] {dag.py:3834} INFO - Setting next_dagrun for latest_only_with_trigger to 2024-02-26 08:00:00+00:00, run_after=2024-02-26 12:00:00+00:00
[2024-02-26T15:50:05.206+0000] {processor.py:183} INFO - Processing /home/airflow/.local/lib/python3.11/site-packages/airflow/example_dags/example_latest_only_with_trigger.py took 0.055 seconds
[2024-02-26T15:50:36.238+0000] {processor.py:161} INFO - Started process (PID=1212) to work on /home/airflow/.local/lib/python3.11/site-packages/airflow/example_dags/example_latest_only_with_trigger.py
[2024-02-26T15:50:36.241+0000] {processor.py:830} INFO - Processing file /home/airflow/.local/lib/python3.11/site-packages/airflow/example_dags/example_latest_only_with_trigger.py for tasks to queue
[2024-02-26T15:50:36.243+0000] {logging_mixin.py:188} INFO - [2024-02-26T15:50:36.243+0000] {dagbag.py:540} INFO - Filling up the DagBag from /home/airflow/.local/lib/python3.11/site-packages/airflow/example_dags/example_latest_only_with_trigger.py
[2024-02-26T15:50:36.258+0000] {processor.py:840} INFO - DAG(s) 'latest_only_with_trigger' retrieved from /home/airflow/.local/lib/python3.11/site-packages/airflow/example_dags/example_latest_only_with_trigger.py
[2024-02-26T15:50:36.300+0000] {logging_mixin.py:188} INFO - [2024-02-26T15:50:36.300+0000] {dag.py:3047} INFO - Sync 1 DAGs
[2024-02-26T15:50:36.326+0000] {logging_mixin.py:188} INFO - [2024-02-26T15:50:36.326+0000] {dag.py:3834} INFO - Setting next_dagrun for latest_only_with_trigger to 2024-02-26 08:00:00+00:00, run_after=2024-02-26 12:00:00+00:00
[2024-02-26T15:50:36.347+0000] {processor.py:183} INFO - Processing /home/airflow/.local/lib/python3.11/site-packages/airflow/example_dags/example_latest_only_with_trigger.py took 0.113 seconds
[2024-02-26T15:51:07.291+0000] {processor.py:161} INFO - Started process (PID=1461) to work on /home/airflow/.local/lib/python3.11/site-packages/airflow/example_dags/example_latest_only_with_trigger.py
[2024-02-26T15:51:07.293+0000] {processor.py:830} INFO - Processing file /home/airflow/.local/lib/python3.11/site-packages/airflow/example_dags/example_latest_only_with_trigger.py for tasks to queue
[2024-02-26T15:51:07.296+0000] {logging_mixin.py:188} INFO - [2024-02-26T15:51:07.295+0000] {dagbag.py:540} INFO - Filling up the DagBag from /home/airflow/.local/lib/python3.11/site-packages/airflow/example_dags/example_latest_only_with_trigger.py
[2024-02-26T15:51:07.301+0000] {processor.py:840} INFO - DAG(s) 'latest_only_with_trigger' retrieved from /home/airflow/.local/lib/python3.11/site-packages/airflow/example_dags/example_latest_only_with_trigger.py
[2024-02-26T15:51:07.320+0000] {logging_mixin.py:188} INFO - [2024-02-26T15:51:07.320+0000] {dag.py:3047} INFO - Sync 1 DAGs
[2024-02-26T15:51:07.333+0000] {logging_mixin.py:188} INFO - [2024-02-26T15:51:07.333+0000] {dag.py:3834} INFO - Setting next_dagrun for latest_only_with_trigger to 2024-02-26 08:00:00+00:00, run_after=2024-02-26 12:00:00+00:00
[2024-02-26T15:51:07.344+0000] {processor.py:183} INFO - Processing /home/airflow/.local/lib/python3.11/site-packages/airflow/example_dags/example_latest_only_with_trigger.py took 0.056 seconds
[2024-02-26T15:51:38.055+0000] {processor.py:161} INFO - Started process (PID=1706) to work on /home/airflow/.local/lib/python3.11/site-packages/airflow/example_dags/example_latest_only_with_trigger.py
[2024-02-26T15:51:38.057+0000] {processor.py:830} INFO - Processing file /home/airflow/.local/lib/python3.11/site-packages/airflow/example_dags/example_latest_only_with_trigger.py for tasks to queue
[2024-02-26T15:51:38.058+0000] {logging_mixin.py:188} INFO - [2024-02-26T15:51:38.057+0000] {dagbag.py:540} INFO - Filling up the DagBag from /home/airflow/.local/lib/python3.11/site-packages/airflow/example_dags/example_latest_only_with_trigger.py
[2024-02-26T15:51:38.064+0000] {processor.py:840} INFO - DAG(s) 'latest_only_with_trigger' retrieved from /home/airflow/.local/lib/python3.11/site-packages/airflow/example_dags/example_latest_only_with_trigger.py
[2024-02-26T15:51:38.084+0000] {logging_mixin.py:188} INFO - [2024-02-26T15:51:38.084+0000] {dag.py:3047} INFO - Sync 1 DAGs
[2024-02-26T15:51:38.099+0000] {logging_mixin.py:188} INFO - [2024-02-26T15:51:38.098+0000] {dag.py:3834} INFO - Setting next_dagrun for latest_only_with_trigger to 2024-02-26 08:00:00+00:00, run_after=2024-02-26 12:00:00+00:00
[2024-02-26T15:51:38.113+0000] {processor.py:183} INFO - Processing /home/airflow/.local/lib/python3.11/site-packages/airflow/example_dags/example_latest_only_with_trigger.py took 0.061 seconds
[2024-02-26T15:52:08.920+0000] {processor.py:161} INFO - Started process (PID=2001) to work on /home/airflow/.local/lib/python3.11/site-packages/airflow/example_dags/example_latest_only_with_trigger.py
[2024-02-26T15:52:08.922+0000] {processor.py:830} INFO - Processing file /home/airflow/.local/lib/python3.11/site-packages/airflow/example_dags/example_latest_only_with_trigger.py for tasks to queue
[2024-02-26T15:52:08.924+0000] {logging_mixin.py:188} INFO - [2024-02-26T15:52:08.924+0000] {dagbag.py:540} INFO - Filling up the DagBag from /home/airflow/.local/lib/python3.11/site-packages/airflow/example_dags/example_latest_only_with_trigger.py
[2024-02-26T15:52:08.931+0000] {processor.py:840} INFO - DAG(s) 'latest_only_with_trigger' retrieved from /home/airflow/.local/lib/python3.11/site-packages/airflow/example_dags/example_latest_only_with_trigger.py
[2024-02-26T15:52:08.952+0000] {logging_mixin.py:188} INFO - [2024-02-26T15:52:08.952+0000] {dag.py:3047} INFO - Sync 1 DAGs
[2024-02-26T15:52:08.967+0000] {logging_mixin.py:188} INFO - [2024-02-26T15:52:08.967+0000] {dag.py:3834} INFO - Setting next_dagrun for latest_only_with_trigger to 2024-02-26 08:00:00+00:00, run_after=2024-02-26 12:00:00+00:00
[2024-02-26T15:52:08.979+0000] {processor.py:183} INFO - Processing /home/airflow/.local/lib/python3.11/site-packages/airflow/example_dags/example_latest_only_with_trigger.py took 0.062 seconds
[2024-02-26T15:52:39.433+0000] {processor.py:161} INFO - Started process (PID=2272) to work on /home/airflow/.local/lib/python3.11/site-packages/airflow/example_dags/example_latest_only_with_trigger.py
[2024-02-26T15:52:39.435+0000] {processor.py:830} INFO - Processing file /home/airflow/.local/lib/python3.11/site-packages/airflow/example_dags/example_latest_only_with_trigger.py for tasks to queue
[2024-02-26T15:52:39.438+0000] {logging_mixin.py:188} INFO - [2024-02-26T15:52:39.437+0000] {dagbag.py:540} INFO - Filling up the DagBag from /home/airflow/.local/lib/python3.11/site-packages/airflow/example_dags/example_latest_only_with_trigger.py
[2024-02-26T15:52:39.465+0000] {processor.py:840} INFO - DAG(s) 'latest_only_with_trigger' retrieved from /home/airflow/.local/lib/python3.11/site-packages/airflow/example_dags/example_latest_only_with_trigger.py
[2024-02-26T15:52:39.490+0000] {logging_mixin.py:188} INFO - [2024-02-26T15:52:39.490+0000] {dag.py:3047} INFO - Sync 1 DAGs
[2024-02-26T15:52:39.506+0000] {logging_mixin.py:188} INFO - [2024-02-26T15:52:39.506+0000] {dag.py:3834} INFO - Setting next_dagrun for latest_only_with_trigger to 2024-02-26 08:00:00+00:00, run_after=2024-02-26 12:00:00+00:00
[2024-02-26T15:52:39.520+0000] {processor.py:183} INFO - Processing /home/airflow/.local/lib/python3.11/site-packages/airflow/example_dags/example_latest_only_with_trigger.py took 0.090 seconds
[2024-02-26T15:53:10.272+0000] {processor.py:161} INFO - Started process (PID=2521) to work on /home/airflow/.local/lib/python3.11/site-packages/airflow/example_dags/example_latest_only_with_trigger.py
[2024-02-26T15:53:10.274+0000] {processor.py:830} INFO - Processing file /home/airflow/.local/lib/python3.11/site-packages/airflow/example_dags/example_latest_only_with_trigger.py for tasks to queue
[2024-02-26T15:53:10.276+0000] {logging_mixin.py:188} INFO - [2024-02-26T15:53:10.275+0000] {dagbag.py:540} INFO - Filling up the DagBag from /home/airflow/.local/lib/python3.11/site-packages/airflow/example_dags/example_latest_only_with_trigger.py
[2024-02-26T15:53:10.283+0000] {processor.py:840} INFO - DAG(s) 'latest_only_with_trigger' retrieved from /home/airflow/.local/lib/python3.11/site-packages/airflow/example_dags/example_latest_only_with_trigger.py
[2024-02-26T15:53:10.303+0000] {logging_mixin.py:188} INFO - [2024-02-26T15:53:10.303+0000] {dag.py:3047} INFO - Sync 1 DAGs
[2024-02-26T15:53:10.318+0000] {logging_mixin.py:188} INFO - [2024-02-26T15:53:10.317+0000] {dag.py:3834} INFO - Setting next_dagrun for latest_only_with_trigger to 2024-02-26 08:00:00+00:00, run_after=2024-02-26 12:00:00+00:00
[2024-02-26T15:53:10.328+0000] {processor.py:183} INFO - Processing /home/airflow/.local/lib/python3.11/site-packages/airflow/example_dags/example_latest_only_with_trigger.py took 0.059 seconds
[2024-02-26T15:53:41.100+0000] {processor.py:161} INFO - Started process (PID=2768) to work on /home/airflow/.local/lib/python3.11/site-packages/airflow/example_dags/example_latest_only_with_trigger.py
[2024-02-26T15:53:41.102+0000] {processor.py:830} INFO - Processing file /home/airflow/.local/lib/python3.11/site-packages/airflow/example_dags/example_latest_only_with_trigger.py for tasks to queue
[2024-02-26T15:53:41.103+0000] {logging_mixin.py:188} INFO - [2024-02-26T15:53:41.103+0000] {dagbag.py:540} INFO - Filling up the DagBag from /home/airflow/.local/lib/python3.11/site-packages/airflow/example_dags/example_latest_only_with_trigger.py
[2024-02-26T15:53:41.109+0000] {processor.py:840} INFO - DAG(s) 'latest_only_with_trigger' retrieved from /home/airflow/.local/lib/python3.11/site-packages/airflow/example_dags/example_latest_only_with_trigger.py
[2024-02-26T15:53:41.131+0000] {logging_mixin.py:188} INFO - [2024-02-26T15:53:41.131+0000] {dag.py:3047} INFO - Sync 1 DAGs
[2024-02-26T15:53:41.146+0000] {logging_mixin.py:188} INFO - [2024-02-26T15:53:41.146+0000] {dag.py:3834} INFO - Setting next_dagrun for latest_only_with_trigger to 2024-02-26 08:00:00+00:00, run_after=2024-02-26 12:00:00+00:00
[2024-02-26T15:53:41.158+0000] {processor.py:183} INFO - Processing /home/airflow/.local/lib/python3.11/site-packages/airflow/example_dags/example_latest_only_with_trigger.py took 0.061 seconds
[2024-02-26T15:54:11.865+0000] {processor.py:161} INFO - Started process (PID=3013) to work on /home/airflow/.local/lib/python3.11/site-packages/airflow/example_dags/example_latest_only_with_trigger.py
[2024-02-26T15:54:11.867+0000] {processor.py:830} INFO - Processing file /home/airflow/.local/lib/python3.11/site-packages/airflow/example_dags/example_latest_only_with_trigger.py for tasks to queue
[2024-02-26T15:54:11.868+0000] {logging_mixin.py:188} INFO - [2024-02-26T15:54:11.868+0000] {dagbag.py:540} INFO - Filling up the DagBag from /home/airflow/.local/lib/python3.11/site-packages/airflow/example_dags/example_latest_only_with_trigger.py
[2024-02-26T15:54:11.874+0000] {processor.py:840} INFO - DAG(s) 'latest_only_with_trigger' retrieved from /home/airflow/.local/lib/python3.11/site-packages/airflow/example_dags/example_latest_only_with_trigger.py
[2024-02-26T15:54:11.896+0000] {logging_mixin.py:188} INFO - [2024-02-26T15:54:11.896+0000] {dag.py:3047} INFO - Sync 1 DAGs
[2024-02-26T15:54:11.911+0000] {logging_mixin.py:188} INFO - [2024-02-26T15:54:11.911+0000] {dag.py:3834} INFO - Setting next_dagrun for latest_only_with_trigger to 2024-02-26 08:00:00+00:00, run_after=2024-02-26 12:00:00+00:00
[2024-02-26T15:54:11.923+0000] {processor.py:183} INFO - Processing /home/airflow/.local/lib/python3.11/site-packages/airflow/example_dags/example_latest_only_with_trigger.py took 0.061 seconds
[2024-02-26T15:54:42.645+0000] {processor.py:161} INFO - Started process (PID=3262) to work on /home/airflow/.local/lib/python3.11/site-packages/airflow/example_dags/example_latest_only_with_trigger.py
[2024-02-26T15:54:42.647+0000] {processor.py:830} INFO - Processing file /home/airflow/.local/lib/python3.11/site-packages/airflow/example_dags/example_latest_only_with_trigger.py for tasks to queue
[2024-02-26T15:54:42.648+0000] {logging_mixin.py:188} INFO - [2024-02-26T15:54:42.648+0000] {dagbag.py:540} INFO - Filling up the DagBag from /home/airflow/.local/lib/python3.11/site-packages/airflow/example_dags/example_latest_only_with_trigger.py
[2024-02-26T15:54:42.653+0000] {processor.py:840} INFO - DAG(s) 'latest_only_with_trigger' retrieved from /home/airflow/.local/lib/python3.11/site-packages/airflow/example_dags/example_latest_only_with_trigger.py
[2024-02-26T15:54:42.673+0000] {logging_mixin.py:188} INFO - [2024-02-26T15:54:42.672+0000] {dag.py:3047} INFO - Sync 1 DAGs
[2024-02-26T15:54:42.685+0000] {logging_mixin.py:188} INFO - [2024-02-26T15:54:42.685+0000] {dag.py:3834} INFO - Setting next_dagrun for latest_only_with_trigger to 2024-02-26 08:00:00+00:00, run_after=2024-02-26 12:00:00+00:00
[2024-02-26T15:54:42.695+0000] {processor.py:183} INFO - Processing /home/airflow/.local/lib/python3.11/site-packages/airflow/example_dags/example_latest_only_with_trigger.py took 0.052 seconds
[2024-02-26T15:55:13.555+0000] {processor.py:161} INFO - Started process (PID=3506) to work on /home/airflow/.local/lib/python3.11/site-packages/airflow/example_dags/example_latest_only_with_trigger.py
[2024-02-26T15:55:13.557+0000] {processor.py:830} INFO - Processing file /home/airflow/.local/lib/python3.11/site-packages/airflow/example_dags/example_latest_only_with_trigger.py for tasks to queue
[2024-02-26T15:55:13.559+0000] {logging_mixin.py:188} INFO - [2024-02-26T15:55:13.558+0000] {dagbag.py:540} INFO - Filling up the DagBag from /home/airflow/.local/lib/python3.11/site-packages/airflow/example_dags/example_latest_only_with_trigger.py
[2024-02-26T15:55:13.564+0000] {processor.py:840} INFO - DAG(s) 'latest_only_with_trigger' retrieved from /home/airflow/.local/lib/python3.11/site-packages/airflow/example_dags/example_latest_only_with_trigger.py
[2024-02-26T15:55:13.587+0000] {logging_mixin.py:188} INFO - [2024-02-26T15:55:13.586+0000] {dag.py:3047} INFO - Sync 1 DAGs
[2024-02-26T15:55:13.601+0000] {logging_mixin.py:188} INFO - [2024-02-26T15:55:13.601+0000] {dag.py:3834} INFO - Setting next_dagrun for latest_only_with_trigger to 2024-02-26 08:00:00+00:00, run_after=2024-02-26 12:00:00+00:00
[2024-02-26T15:55:13.617+0000] {processor.py:183} INFO - Processing /home/airflow/.local/lib/python3.11/site-packages/airflow/example_dags/example_latest_only_with_trigger.py took 0.065 seconds
[2024-02-26T15:55:44.594+0000] {processor.py:161} INFO - Started process (PID=3753) to work on /home/airflow/.local/lib/python3.11/site-packages/airflow/example_dags/example_latest_only_with_trigger.py
[2024-02-26T15:55:44.598+0000] {processor.py:830} INFO - Processing file /home/airflow/.local/lib/python3.11/site-packages/airflow/example_dags/example_latest_only_with_trigger.py for tasks to queue
[2024-02-26T15:55:44.602+0000] {logging_mixin.py:188} INFO - [2024-02-26T15:55:44.601+0000] {dagbag.py:540} INFO - Filling up the DagBag from /home/airflow/.local/lib/python3.11/site-packages/airflow/example_dags/example_latest_only_with_trigger.py
[2024-02-26T15:55:44.611+0000] {processor.py:840} INFO - DAG(s) 'latest_only_with_trigger' retrieved from /home/airflow/.local/lib/python3.11/site-packages/airflow/example_dags/example_latest_only_with_trigger.py
[2024-02-26T15:55:44.638+0000] {logging_mixin.py:188} INFO - [2024-02-26T15:55:44.637+0000] {dag.py:3047} INFO - Sync 1 DAGs
[2024-02-26T15:55:44.664+0000] {logging_mixin.py:188} INFO - [2024-02-26T15:55:44.664+0000] {dag.py:3834} INFO - Setting next_dagrun for latest_only_with_trigger to 2024-02-26 08:00:00+00:00, run_after=2024-02-26 12:00:00+00:00
[2024-02-26T15:55:44.683+0000] {processor.py:183} INFO - Processing /home/airflow/.local/lib/python3.11/site-packages/airflow/example_dags/example_latest_only_with_trigger.py took 0.093 seconds
[2024-02-26T15:56:14.931+0000] {processor.py:161} INFO - Started process (PID=4002) to work on /home/airflow/.local/lib/python3.11/site-packages/airflow/example_dags/example_latest_only_with_trigger.py
[2024-02-26T15:56:14.934+0000] {processor.py:830} INFO - Processing file /home/airflow/.local/lib/python3.11/site-packages/airflow/example_dags/example_latest_only_with_trigger.py for tasks to queue
[2024-02-26T15:56:14.936+0000] {logging_mixin.py:188} INFO - [2024-02-26T15:56:14.935+0000] {dagbag.py:540} INFO - Filling up the DagBag from /home/airflow/.local/lib/python3.11/site-packages/airflow/example_dags/example_latest_only_with_trigger.py
[2024-02-26T15:56:14.941+0000] {processor.py:840} INFO - DAG(s) 'latest_only_with_trigger' retrieved from /home/airflow/.local/lib/python3.11/site-packages/airflow/example_dags/example_latest_only_with_trigger.py
[2024-02-26T15:56:14.967+0000] {logging_mixin.py:188} INFO - [2024-02-26T15:56:14.966+0000] {dag.py:3047} INFO - Sync 1 DAGs
[2024-02-26T15:56:14.983+0000] {logging_mixin.py:188} INFO - [2024-02-26T15:56:14.983+0000] {dag.py:3834} INFO - Setting next_dagrun for latest_only_with_trigger to 2024-02-26 08:00:00+00:00, run_after=2024-02-26 12:00:00+00:00
[2024-02-26T15:56:14.996+0000] {processor.py:183} INFO - Processing /home/airflow/.local/lib/python3.11/site-packages/airflow/example_dags/example_latest_only_with_trigger.py took 0.069 seconds
[2024-02-26T15:56:45.157+0000] {processor.py:161} INFO - Started process (PID=4248) to work on /home/airflow/.local/lib/python3.11/site-packages/airflow/example_dags/example_latest_only_with_trigger.py
[2024-02-26T15:56:45.159+0000] {processor.py:830} INFO - Processing file /home/airflow/.local/lib/python3.11/site-packages/airflow/example_dags/example_latest_only_with_trigger.py for tasks to queue
[2024-02-26T15:56:45.160+0000] {logging_mixin.py:188} INFO - [2024-02-26T15:56:45.160+0000] {dagbag.py:540} INFO - Filling up the DagBag from /home/airflow/.local/lib/python3.11/site-packages/airflow/example_dags/example_latest_only_with_trigger.py
[2024-02-26T15:56:45.166+0000] {processor.py:840} INFO - DAG(s) 'latest_only_with_trigger' retrieved from /home/airflow/.local/lib/python3.11/site-packages/airflow/example_dags/example_latest_only_with_trigger.py
[2024-02-26T15:56:45.188+0000] {logging_mixin.py:188} INFO - [2024-02-26T15:56:45.188+0000] {dag.py:3047} INFO - Sync 1 DAGs
[2024-02-26T15:56:45.205+0000] {logging_mixin.py:188} INFO - [2024-02-26T15:56:45.205+0000] {dag.py:3834} INFO - Setting next_dagrun for latest_only_with_trigger to 2024-02-26 08:00:00+00:00, run_after=2024-02-26 12:00:00+00:00
[2024-02-26T15:56:45.225+0000] {processor.py:183} INFO - Processing /home/airflow/.local/lib/python3.11/site-packages/airflow/example_dags/example_latest_only_with_trigger.py took 0.071 seconds
[2024-02-26T15:57:15.571+0000] {processor.py:161} INFO - Started process (PID=4495) to work on /home/airflow/.local/lib/python3.11/site-packages/airflow/example_dags/example_latest_only_with_trigger.py
[2024-02-26T15:57:15.573+0000] {processor.py:830} INFO - Processing file /home/airflow/.local/lib/python3.11/site-packages/airflow/example_dags/example_latest_only_with_trigger.py for tasks to queue
[2024-02-26T15:57:15.577+0000] {logging_mixin.py:188} INFO - [2024-02-26T15:57:15.577+0000] {dagbag.py:540} INFO - Filling up the DagBag from /home/airflow/.local/lib/python3.11/site-packages/airflow/example_dags/example_latest_only_with_trigger.py
[2024-02-26T15:57:15.583+0000] {processor.py:840} INFO - DAG(s) 'latest_only_with_trigger' retrieved from /home/airflow/.local/lib/python3.11/site-packages/airflow/example_dags/example_latest_only_with_trigger.py
[2024-02-26T15:57:15.603+0000] {logging_mixin.py:188} INFO - [2024-02-26T15:57:15.603+0000] {dag.py:3047} INFO - Sync 1 DAGs
[2024-02-26T15:57:15.617+0000] {logging_mixin.py:188} INFO - [2024-02-26T15:57:15.617+0000] {dag.py:3834} INFO - Setting next_dagrun for latest_only_with_trigger to 2024-02-26 08:00:00+00:00, run_after=2024-02-26 12:00:00+00:00
[2024-02-26T15:57:15.627+0000] {processor.py:183} INFO - Processing /home/airflow/.local/lib/python3.11/site-packages/airflow/example_dags/example_latest_only_with_trigger.py took 0.059 seconds
[2024-02-26T15:57:45.821+0000] {processor.py:161} INFO - Started process (PID=4742) to work on /home/airflow/.local/lib/python3.11/site-packages/airflow/example_dags/example_latest_only_with_trigger.py
[2024-02-26T15:57:45.823+0000] {processor.py:830} INFO - Processing file /home/airflow/.local/lib/python3.11/site-packages/airflow/example_dags/example_latest_only_with_trigger.py for tasks to queue
[2024-02-26T15:57:45.825+0000] {logging_mixin.py:188} INFO - [2024-02-26T15:57:45.825+0000] {dagbag.py:540} INFO - Filling up the DagBag from /home/airflow/.local/lib/python3.11/site-packages/airflow/example_dags/example_latest_only_with_trigger.py
[2024-02-26T15:57:45.831+0000] {processor.py:840} INFO - DAG(s) 'latest_only_with_trigger' retrieved from /home/airflow/.local/lib/python3.11/site-packages/airflow/example_dags/example_latest_only_with_trigger.py
[2024-02-26T15:57:45.855+0000] {logging_mixin.py:188} INFO - [2024-02-26T15:57:45.855+0000] {dag.py:3047} INFO - Sync 1 DAGs
[2024-02-26T15:57:45.869+0000] {logging_mixin.py:188} INFO - [2024-02-26T15:57:45.869+0000] {dag.py:3834} INFO - Setting next_dagrun for latest_only_with_trigger to 2024-02-26 08:00:00+00:00, run_after=2024-02-26 12:00:00+00:00
[2024-02-26T15:57:45.885+0000] {processor.py:183} INFO - Processing /home/airflow/.local/lib/python3.11/site-packages/airflow/example_dags/example_latest_only_with_trigger.py took 0.067 seconds
[2024-02-26T15:58:16.002+0000] {processor.py:161} INFO - Started process (PID=4989) to work on /home/airflow/.local/lib/python3.11/site-packages/airflow/example_dags/example_latest_only_with_trigger.py
[2024-02-26T15:58:16.005+0000] {processor.py:830} INFO - Processing file /home/airflow/.local/lib/python3.11/site-packages/airflow/example_dags/example_latest_only_with_trigger.py for tasks to queue
[2024-02-26T15:58:16.007+0000] {logging_mixin.py:188} INFO - [2024-02-26T15:58:16.007+0000] {dagbag.py:540} INFO - Filling up the DagBag from /home/airflow/.local/lib/python3.11/site-packages/airflow/example_dags/example_latest_only_with_trigger.py
[2024-02-26T15:58:16.014+0000] {processor.py:840} INFO - DAG(s) 'latest_only_with_trigger' retrieved from /home/airflow/.local/lib/python3.11/site-packages/airflow/example_dags/example_latest_only_with_trigger.py
[2024-02-26T15:58:16.034+0000] {logging_mixin.py:188} INFO - [2024-02-26T15:58:16.034+0000] {dag.py:3047} INFO - Sync 1 DAGs
[2024-02-26T15:58:16.052+0000] {logging_mixin.py:188} INFO - [2024-02-26T15:58:16.052+0000] {dag.py:3834} INFO - Setting next_dagrun for latest_only_with_trigger to 2024-02-26 08:00:00+00:00, run_after=2024-02-26 12:00:00+00:00
[2024-02-26T15:58:16.063+0000] {processor.py:183} INFO - Processing /home/airflow/.local/lib/python3.11/site-packages/airflow/example_dags/example_latest_only_with_trigger.py took 0.064 seconds
[2024-02-26T15:58:46.334+0000] {processor.py:161} INFO - Started process (PID=5237) to work on /home/airflow/.local/lib/python3.11/site-packages/airflow/example_dags/example_latest_only_with_trigger.py
[2024-02-26T15:58:46.336+0000] {processor.py:830} INFO - Processing file /home/airflow/.local/lib/python3.11/site-packages/airflow/example_dags/example_latest_only_with_trigger.py for tasks to queue
[2024-02-26T15:58:46.341+0000] {logging_mixin.py:188} INFO - [2024-02-26T15:58:46.341+0000] {dagbag.py:540} INFO - Filling up the DagBag from /home/airflow/.local/lib/python3.11/site-packages/airflow/example_dags/example_latest_only_with_trigger.py
[2024-02-26T15:58:46.348+0000] {processor.py:840} INFO - DAG(s) 'latest_only_with_trigger' retrieved from /home/airflow/.local/lib/python3.11/site-packages/airflow/example_dags/example_latest_only_with_trigger.py
[2024-02-26T15:58:46.369+0000] {logging_mixin.py:188} INFO - [2024-02-26T15:58:46.369+0000] {dag.py:3047} INFO - Sync 1 DAGs
[2024-02-26T15:58:46.385+0000] {logging_mixin.py:188} INFO - [2024-02-26T15:58:46.385+0000] {dag.py:3834} INFO - Setting next_dagrun for latest_only_with_trigger to 2024-02-26 08:00:00+00:00, run_after=2024-02-26 12:00:00+00:00
[2024-02-26T15:58:46.398+0000] {processor.py:183} INFO - Processing /home/airflow/.local/lib/python3.11/site-packages/airflow/example_dags/example_latest_only_with_trigger.py took 0.067 seconds
[2024-02-26T15:59:16.505+0000] {processor.py:161} INFO - Started process (PID=5485) to work on /home/airflow/.local/lib/python3.11/site-packages/airflow/example_dags/example_latest_only_with_trigger.py
[2024-02-26T15:59:16.513+0000] {processor.py:830} INFO - Processing file /home/airflow/.local/lib/python3.11/site-packages/airflow/example_dags/example_latest_only_with_trigger.py for tasks to queue
[2024-02-26T15:59:16.515+0000] {logging_mixin.py:188} INFO - [2024-02-26T15:59:16.514+0000] {dagbag.py:540} INFO - Filling up the DagBag from /home/airflow/.local/lib/python3.11/site-packages/airflow/example_dags/example_latest_only_with_trigger.py
[2024-02-26T15:59:16.522+0000] {processor.py:840} INFO - DAG(s) 'latest_only_with_trigger' retrieved from /home/airflow/.local/lib/python3.11/site-packages/airflow/example_dags/example_latest_only_with_trigger.py
[2024-02-26T15:59:16.541+0000] {logging_mixin.py:188} INFO - [2024-02-26T15:59:16.541+0000] {dag.py:3047} INFO - Sync 1 DAGs
[2024-02-26T15:59:16.558+0000] {logging_mixin.py:188} INFO - [2024-02-26T15:59:16.558+0000] {dag.py:3834} INFO - Setting next_dagrun for latest_only_with_trigger to 2024-02-26 08:00:00+00:00, run_after=2024-02-26 12:00:00+00:00
[2024-02-26T15:59:16.569+0000] {processor.py:183} INFO - Processing /home/airflow/.local/lib/python3.11/site-packages/airflow/example_dags/example_latest_only_with_trigger.py took 0.067 seconds
[2024-02-26T15:59:46.819+0000] {processor.py:161} INFO - Started process (PID=5732) to work on /home/airflow/.local/lib/python3.11/site-packages/airflow/example_dags/example_latest_only_with_trigger.py
[2024-02-26T15:59:46.821+0000] {processor.py:830} INFO - Processing file /home/airflow/.local/lib/python3.11/site-packages/airflow/example_dags/example_latest_only_with_trigger.py for tasks to queue
[2024-02-26T15:59:46.822+0000] {logging_mixin.py:188} INFO - [2024-02-26T15:59:46.822+0000] {dagbag.py:540} INFO - Filling up the DagBag from /home/airflow/.local/lib/python3.11/site-packages/airflow/example_dags/example_latest_only_with_trigger.py
[2024-02-26T15:59:46.828+0000] {processor.py:840} INFO - DAG(s) 'latest_only_with_trigger' retrieved from /home/airflow/.local/lib/python3.11/site-packages/airflow/example_dags/example_latest_only_with_trigger.py
[2024-02-26T15:59:46.846+0000] {logging_mixin.py:188} INFO - [2024-02-26T15:59:46.846+0000] {dag.py:3047} INFO - Sync 1 DAGs
[2024-02-26T15:59:46.860+0000] {logging_mixin.py:188} INFO - [2024-02-26T15:59:46.860+0000] {dag.py:3834} INFO - Setting next_dagrun for latest_only_with_trigger to 2024-02-26 08:00:00+00:00, run_after=2024-02-26 12:00:00+00:00
[2024-02-26T15:59:46.878+0000] {processor.py:183} INFO - Processing /home/airflow/.local/lib/python3.11/site-packages/airflow/example_dags/example_latest_only_with_trigger.py took 0.063 seconds
[2024-02-26T16:00:17.657+0000] {processor.py:161} INFO - Started process (PID=5979) to work on /home/airflow/.local/lib/python3.11/site-packages/airflow/example_dags/example_latest_only_with_trigger.py
[2024-02-26T16:00:17.659+0000] {processor.py:830} INFO - Processing file /home/airflow/.local/lib/python3.11/site-packages/airflow/example_dags/example_latest_only_with_trigger.py for tasks to queue
[2024-02-26T16:00:17.661+0000] {logging_mixin.py:188} INFO - [2024-02-26T16:00:17.661+0000] {dagbag.py:540} INFO - Filling up the DagBag from /home/airflow/.local/lib/python3.11/site-packages/airflow/example_dags/example_latest_only_with_trigger.py
[2024-02-26T16:00:17.667+0000] {processor.py:840} INFO - DAG(s) 'latest_only_with_trigger' retrieved from /home/airflow/.local/lib/python3.11/site-packages/airflow/example_dags/example_latest_only_with_trigger.py
[2024-02-26T16:00:17.685+0000] {logging_mixin.py:188} INFO - [2024-02-26T16:00:17.685+0000] {dag.py:3047} INFO - Sync 1 DAGs
[2024-02-26T16:00:17.700+0000] {logging_mixin.py:188} INFO - [2024-02-26T16:00:17.700+0000] {dag.py:3834} INFO - Setting next_dagrun for latest_only_with_trigger to 2024-02-26 12:00:00+00:00, run_after=2024-02-26 16:00:00+00:00
[2024-02-26T16:00:17.711+0000] {processor.py:183} INFO - Processing /home/airflow/.local/lib/python3.11/site-packages/airflow/example_dags/example_latest_only_with_trigger.py took 0.057 seconds
[2024-02-26T16:00:48.500+0000] {processor.py:161} INFO - Started process (PID=6225) to work on /home/airflow/.local/lib/python3.11/site-packages/airflow/example_dags/example_latest_only_with_trigger.py
[2024-02-26T16:00:48.501+0000] {processor.py:830} INFO - Processing file /home/airflow/.local/lib/python3.11/site-packages/airflow/example_dags/example_latest_only_with_trigger.py for tasks to queue
[2024-02-26T16:00:48.505+0000] {logging_mixin.py:188} INFO - [2024-02-26T16:00:48.505+0000] {dagbag.py:540} INFO - Filling up the DagBag from /home/airflow/.local/lib/python3.11/site-packages/airflow/example_dags/example_latest_only_with_trigger.py
[2024-02-26T16:00:48.512+0000] {processor.py:840} INFO - DAG(s) 'latest_only_with_trigger' retrieved from /home/airflow/.local/lib/python3.11/site-packages/airflow/example_dags/example_latest_only_with_trigger.py
[2024-02-26T16:00:48.531+0000] {logging_mixin.py:188} INFO - [2024-02-26T16:00:48.531+0000] {dag.py:3047} INFO - Sync 1 DAGs
[2024-02-26T16:00:48.545+0000] {logging_mixin.py:188} INFO - [2024-02-26T16:00:48.545+0000] {dag.py:3834} INFO - Setting next_dagrun for latest_only_with_trigger to 2024-02-26 12:00:00+00:00, run_after=2024-02-26 16:00:00+00:00
[2024-02-26T16:00:48.556+0000] {processor.py:183} INFO - Processing /home/airflow/.local/lib/python3.11/site-packages/airflow/example_dags/example_latest_only_with_trigger.py took 0.059 seconds
[2024-02-26T16:01:19.303+0000] {processor.py:161} INFO - Started process (PID=6474) to work on /home/airflow/.local/lib/python3.11/site-packages/airflow/example_dags/example_latest_only_with_trigger.py
[2024-02-26T16:01:19.305+0000] {processor.py:830} INFO - Processing file /home/airflow/.local/lib/python3.11/site-packages/airflow/example_dags/example_latest_only_with_trigger.py for tasks to queue
[2024-02-26T16:01:19.306+0000] {logging_mixin.py:188} INFO - [2024-02-26T16:01:19.306+0000] {dagbag.py:540} INFO - Filling up the DagBag from /home/airflow/.local/lib/python3.11/site-packages/airflow/example_dags/example_latest_only_with_trigger.py
[2024-02-26T16:01:19.312+0000] {processor.py:840} INFO - DAG(s) 'latest_only_with_trigger' retrieved from /home/airflow/.local/lib/python3.11/site-packages/airflow/example_dags/example_latest_only_with_trigger.py
[2024-02-26T16:01:19.332+0000] {logging_mixin.py:188} INFO - [2024-02-26T16:01:19.332+0000] {dag.py:3047} INFO - Sync 1 DAGs
[2024-02-26T16:01:19.346+0000] {logging_mixin.py:188} INFO - [2024-02-26T16:01:19.346+0000] {dag.py:3834} INFO - Setting next_dagrun for latest_only_with_trigger to 2024-02-26 12:00:00+00:00, run_after=2024-02-26 16:00:00+00:00
[2024-02-26T16:01:19.359+0000] {processor.py:183} INFO - Processing /home/airflow/.local/lib/python3.11/site-packages/airflow/example_dags/example_latest_only_with_trigger.py took 0.058 seconds
[2024-02-26T16:01:49.445+0000] {processor.py:161} INFO - Started process (PID=6719) to work on /home/airflow/.local/lib/python3.11/site-packages/airflow/example_dags/example_latest_only_with_trigger.py
[2024-02-26T16:01:49.447+0000] {processor.py:830} INFO - Processing file /home/airflow/.local/lib/python3.11/site-packages/airflow/example_dags/example_latest_only_with_trigger.py for tasks to queue
[2024-02-26T16:01:49.449+0000] {logging_mixin.py:188} INFO - [2024-02-26T16:01:49.449+0000] {dagbag.py:540} INFO - Filling up the DagBag from /home/airflow/.local/lib/python3.11/site-packages/airflow/example_dags/example_latest_only_with_trigger.py
[2024-02-26T16:01:49.455+0000] {processor.py:840} INFO - DAG(s) 'latest_only_with_trigger' retrieved from /home/airflow/.local/lib/python3.11/site-packages/airflow/example_dags/example_latest_only_with_trigger.py
[2024-02-26T16:01:49.475+0000] {logging_mixin.py:188} INFO - [2024-02-26T16:01:49.475+0000] {dag.py:3047} INFO - Sync 1 DAGs
[2024-02-26T16:01:49.489+0000] {logging_mixin.py:188} INFO - [2024-02-26T16:01:49.489+0000] {dag.py:3834} INFO - Setting next_dagrun for latest_only_with_trigger to 2024-02-26 12:00:00+00:00, run_after=2024-02-26 16:00:00+00:00
[2024-02-26T16:01:49.504+0000] {processor.py:183} INFO - Processing /home/airflow/.local/lib/python3.11/site-packages/airflow/example_dags/example_latest_only_with_trigger.py took 0.061 seconds
[2024-02-26T16:02:20.500+0000] {processor.py:161} INFO - Started process (PID=6966) to work on /home/airflow/.local/lib/python3.11/site-packages/airflow/example_dags/example_latest_only_with_trigger.py
[2024-02-26T16:02:20.502+0000] {processor.py:830} INFO - Processing file /home/airflow/.local/lib/python3.11/site-packages/airflow/example_dags/example_latest_only_with_trigger.py for tasks to queue
[2024-02-26T16:02:20.504+0000] {logging_mixin.py:188} INFO - [2024-02-26T16:02:20.504+0000] {dagbag.py:540} INFO - Filling up the DagBag from /home/airflow/.local/lib/python3.11/site-packages/airflow/example_dags/example_latest_only_with_trigger.py
[2024-02-26T16:02:20.509+0000] {processor.py:840} INFO - DAG(s) 'latest_only_with_trigger' retrieved from /home/airflow/.local/lib/python3.11/site-packages/airflow/example_dags/example_latest_only_with_trigger.py
[2024-02-26T16:02:20.530+0000] {logging_mixin.py:188} INFO - [2024-02-26T16:02:20.530+0000] {dag.py:3047} INFO - Sync 1 DAGs
[2024-02-26T16:02:20.547+0000] {logging_mixin.py:188} INFO - [2024-02-26T16:02:20.547+0000] {dag.py:3834} INFO - Setting next_dagrun for latest_only_with_trigger to 2024-02-26 12:00:00+00:00, run_after=2024-02-26 16:00:00+00:00
[2024-02-26T16:02:20.561+0000] {processor.py:183} INFO - Processing /home/airflow/.local/lib/python3.11/site-packages/airflow/example_dags/example_latest_only_with_trigger.py took 0.064 seconds
[2024-02-26T16:02:50.731+0000] {processor.py:161} INFO - Started process (PID=7213) to work on /home/airflow/.local/lib/python3.11/site-packages/airflow/example_dags/example_latest_only_with_trigger.py
[2024-02-26T16:02:50.733+0000] {processor.py:830} INFO - Processing file /home/airflow/.local/lib/python3.11/site-packages/airflow/example_dags/example_latest_only_with_trigger.py for tasks to queue
[2024-02-26T16:02:50.734+0000] {logging_mixin.py:188} INFO - [2024-02-26T16:02:50.734+0000] {dagbag.py:540} INFO - Filling up the DagBag from /home/airflow/.local/lib/python3.11/site-packages/airflow/example_dags/example_latest_only_with_trigger.py
[2024-02-26T16:02:50.741+0000] {processor.py:840} INFO - DAG(s) 'latest_only_with_trigger' retrieved from /home/airflow/.local/lib/python3.11/site-packages/airflow/example_dags/example_latest_only_with_trigger.py
[2024-02-26T16:02:50.760+0000] {logging_mixin.py:188} INFO - [2024-02-26T16:02:50.760+0000] {dag.py:3047} INFO - Sync 1 DAGs
[2024-02-26T16:02:50.776+0000] {logging_mixin.py:188} INFO - [2024-02-26T16:02:50.776+0000] {dag.py:3834} INFO - Setting next_dagrun for latest_only_with_trigger to 2024-02-26 12:00:00+00:00, run_after=2024-02-26 16:00:00+00:00
[2024-02-26T16:02:50.790+0000] {processor.py:183} INFO - Processing /home/airflow/.local/lib/python3.11/site-packages/airflow/example_dags/example_latest_only_with_trigger.py took 0.062 seconds
[2024-02-26T16:03:20.849+0000] {processor.py:161} INFO - Started process (PID=7460) to work on /home/airflow/.local/lib/python3.11/site-packages/airflow/example_dags/example_latest_only_with_trigger.py
[2024-02-26T16:03:20.851+0000] {processor.py:830} INFO - Processing file /home/airflow/.local/lib/python3.11/site-packages/airflow/example_dags/example_latest_only_with_trigger.py for tasks to queue
[2024-02-26T16:03:20.853+0000] {logging_mixin.py:188} INFO - [2024-02-26T16:03:20.852+0000] {dagbag.py:540} INFO - Filling up the DagBag from /home/airflow/.local/lib/python3.11/site-packages/airflow/example_dags/example_latest_only_with_trigger.py
[2024-02-26T16:03:20.858+0000] {processor.py:840} INFO - DAG(s) 'latest_only_with_trigger' retrieved from /home/airflow/.local/lib/python3.11/site-packages/airflow/example_dags/example_latest_only_with_trigger.py
[2024-02-26T16:03:20.878+0000] {logging_mixin.py:188} INFO - [2024-02-26T16:03:20.877+0000] {dag.py:3047} INFO - Sync 1 DAGs
[2024-02-26T16:03:20.893+0000] {logging_mixin.py:188} INFO - [2024-02-26T16:03:20.893+0000] {dag.py:3834} INFO - Setting next_dagrun for latest_only_with_trigger to 2024-02-26 12:00:00+00:00, run_after=2024-02-26 16:00:00+00:00
[2024-02-26T16:03:20.906+0000] {processor.py:183} INFO - Processing /home/airflow/.local/lib/python3.11/site-packages/airflow/example_dags/example_latest_only_with_trigger.py took 0.061 seconds
[2024-02-26T16:03:51.144+0000] {processor.py:161} INFO - Started process (PID=7708) to work on /home/airflow/.local/lib/python3.11/site-packages/airflow/example_dags/example_latest_only_with_trigger.py
[2024-02-26T16:03:51.145+0000] {processor.py:830} INFO - Processing file /home/airflow/.local/lib/python3.11/site-packages/airflow/example_dags/example_latest_only_with_trigger.py for tasks to queue
[2024-02-26T16:03:51.146+0000] {logging_mixin.py:188} INFO - [2024-02-26T16:03:51.146+0000] {dagbag.py:540} INFO - Filling up the DagBag from /home/airflow/.local/lib/python3.11/site-packages/airflow/example_dags/example_latest_only_with_trigger.py
[2024-02-26T16:03:51.152+0000] {processor.py:840} INFO - DAG(s) 'latest_only_with_trigger' retrieved from /home/airflow/.local/lib/python3.11/site-packages/airflow/example_dags/example_latest_only_with_trigger.py
[2024-02-26T16:03:51.174+0000] {logging_mixin.py:188} INFO - [2024-02-26T16:03:51.173+0000] {dag.py:3047} INFO - Sync 1 DAGs
[2024-02-26T16:03:51.191+0000] {logging_mixin.py:188} INFO - [2024-02-26T16:03:51.191+0000] {dag.py:3834} INFO - Setting next_dagrun for latest_only_with_trigger to 2024-02-26 12:00:00+00:00, run_after=2024-02-26 16:00:00+00:00
[2024-02-26T16:03:51.204+0000] {processor.py:183} INFO - Processing /home/airflow/.local/lib/python3.11/site-packages/airflow/example_dags/example_latest_only_with_trigger.py took 0.063 seconds
[2024-02-26T16:04:21.853+0000] {processor.py:161} INFO - Started process (PID=7957) to work on /home/airflow/.local/lib/python3.11/site-packages/airflow/example_dags/example_latest_only_with_trigger.py
[2024-02-26T16:04:21.855+0000] {processor.py:830} INFO - Processing file /home/airflow/.local/lib/python3.11/site-packages/airflow/example_dags/example_latest_only_with_trigger.py for tasks to queue
[2024-02-26T16:04:21.857+0000] {logging_mixin.py:188} INFO - [2024-02-26T16:04:21.856+0000] {dagbag.py:540} INFO - Filling up the DagBag from /home/airflow/.local/lib/python3.11/site-packages/airflow/example_dags/example_latest_only_with_trigger.py
[2024-02-26T16:04:21.863+0000] {processor.py:840} INFO - DAG(s) 'latest_only_with_trigger' retrieved from /home/airflow/.local/lib/python3.11/site-packages/airflow/example_dags/example_latest_only_with_trigger.py
[2024-02-26T16:04:21.885+0000] {logging_mixin.py:188} INFO - [2024-02-26T16:04:21.885+0000] {dag.py:3047} INFO - Sync 1 DAGs
[2024-02-26T16:04:21.903+0000] {logging_mixin.py:188} INFO - [2024-02-26T16:04:21.903+0000] {dag.py:3834} INFO - Setting next_dagrun for latest_only_with_trigger to 2024-02-26 12:00:00+00:00, run_after=2024-02-26 16:00:00+00:00
[2024-02-26T16:04:21.917+0000] {processor.py:183} INFO - Processing /home/airflow/.local/lib/python3.11/site-packages/airflow/example_dags/example_latest_only_with_trigger.py took 0.067 seconds
[2024-02-26T16:04:52.646+0000] {processor.py:161} INFO - Started process (PID=8202) to work on /home/airflow/.local/lib/python3.11/site-packages/airflow/example_dags/example_latest_only_with_trigger.py
[2024-02-26T16:04:52.648+0000] {processor.py:830} INFO - Processing file /home/airflow/.local/lib/python3.11/site-packages/airflow/example_dags/example_latest_only_with_trigger.py for tasks to queue
[2024-02-26T16:04:52.653+0000] {logging_mixin.py:188} INFO - [2024-02-26T16:04:52.652+0000] {dagbag.py:540} INFO - Filling up the DagBag from /home/airflow/.local/lib/python3.11/site-packages/airflow/example_dags/example_latest_only_with_trigger.py
[2024-02-26T16:04:52.658+0000] {processor.py:840} INFO - DAG(s) 'latest_only_with_trigger' retrieved from /home/airflow/.local/lib/python3.11/site-packages/airflow/example_dags/example_latest_only_with_trigger.py
[2024-02-26T16:04:52.678+0000] {logging_mixin.py:188} INFO - [2024-02-26T16:04:52.678+0000] {dag.py:3047} INFO - Sync 1 DAGs
[2024-02-26T16:04:52.694+0000] {logging_mixin.py:188} INFO - [2024-02-26T16:04:52.694+0000] {dag.py:3834} INFO - Setting next_dagrun for latest_only_with_trigger to 2024-02-26 12:00:00+00:00, run_after=2024-02-26 16:00:00+00:00
[2024-02-26T16:04:52.707+0000] {processor.py:183} INFO - Processing /home/airflow/.local/lib/python3.11/site-packages/airflow/example_dags/example_latest_only_with_trigger.py took 0.065 seconds
[2024-02-26T16:05:23.459+0000] {processor.py:161} INFO - Started process (PID=8449) to work on /home/airflow/.local/lib/python3.11/site-packages/airflow/example_dags/example_latest_only_with_trigger.py
[2024-02-26T16:05:23.461+0000] {processor.py:830} INFO - Processing file /home/airflow/.local/lib/python3.11/site-packages/airflow/example_dags/example_latest_only_with_trigger.py for tasks to queue
[2024-02-26T16:05:23.463+0000] {logging_mixin.py:188} INFO - [2024-02-26T16:05:23.463+0000] {dagbag.py:540} INFO - Filling up the DagBag from /home/airflow/.local/lib/python3.11/site-packages/airflow/example_dags/example_latest_only_with_trigger.py
[2024-02-26T16:05:23.471+0000] {processor.py:840} INFO - DAG(s) 'latest_only_with_trigger' retrieved from /home/airflow/.local/lib/python3.11/site-packages/airflow/example_dags/example_latest_only_with_trigger.py
[2024-02-26T16:05:23.491+0000] {logging_mixin.py:188} INFO - [2024-02-26T16:05:23.491+0000] {dag.py:3047} INFO - Sync 1 DAGs
[2024-02-26T16:05:23.506+0000] {logging_mixin.py:188} INFO - [2024-02-26T16:05:23.505+0000] {dag.py:3834} INFO - Setting next_dagrun for latest_only_with_trigger to 2024-02-26 12:00:00+00:00, run_after=2024-02-26 16:00:00+00:00
[2024-02-26T16:05:23.517+0000] {processor.py:183} INFO - Processing /home/airflow/.local/lib/python3.11/site-packages/airflow/example_dags/example_latest_only_with_trigger.py took 0.061 seconds
[2024-02-26T16:05:54.188+0000] {processor.py:161} INFO - Started process (PID=8698) to work on /home/airflow/.local/lib/python3.11/site-packages/airflow/example_dags/example_latest_only_with_trigger.py
[2024-02-26T16:05:54.191+0000] {processor.py:830} INFO - Processing file /home/airflow/.local/lib/python3.11/site-packages/airflow/example_dags/example_latest_only_with_trigger.py for tasks to queue
[2024-02-26T16:05:54.192+0000] {logging_mixin.py:188} INFO - [2024-02-26T16:05:54.192+0000] {dagbag.py:540} INFO - Filling up the DagBag from /home/airflow/.local/lib/python3.11/site-packages/airflow/example_dags/example_latest_only_with_trigger.py
[2024-02-26T16:05:54.198+0000] {processor.py:840} INFO - DAG(s) 'latest_only_with_trigger' retrieved from /home/airflow/.local/lib/python3.11/site-packages/airflow/example_dags/example_latest_only_with_trigger.py
[2024-02-26T16:05:54.218+0000] {logging_mixin.py:188} INFO - [2024-02-26T16:05:54.218+0000] {dag.py:3047} INFO - Sync 1 DAGs
[2024-02-26T16:05:54.232+0000] {logging_mixin.py:188} INFO - [2024-02-26T16:05:54.232+0000] {dag.py:3834} INFO - Setting next_dagrun for latest_only_with_trigger to 2024-02-26 12:00:00+00:00, run_after=2024-02-26 16:00:00+00:00
[2024-02-26T16:05:54.245+0000] {processor.py:183} INFO - Processing /home/airflow/.local/lib/python3.11/site-packages/airflow/example_dags/example_latest_only_with_trigger.py took 0.059 seconds
[2024-02-26T16:06:25.060+0000] {processor.py:161} INFO - Started process (PID=8943) to work on /home/airflow/.local/lib/python3.11/site-packages/airflow/example_dags/example_latest_only_with_trigger.py
[2024-02-26T16:06:25.063+0000] {processor.py:830} INFO - Processing file /home/airflow/.local/lib/python3.11/site-packages/airflow/example_dags/example_latest_only_with_trigger.py for tasks to queue
[2024-02-26T16:06:25.064+0000] {logging_mixin.py:188} INFO - [2024-02-26T16:06:25.064+0000] {dagbag.py:540} INFO - Filling up the DagBag from /home/airflow/.local/lib/python3.11/site-packages/airflow/example_dags/example_latest_only_with_trigger.py
[2024-02-26T16:06:25.071+0000] {processor.py:840} INFO - DAG(s) 'latest_only_with_trigger' retrieved from /home/airflow/.local/lib/python3.11/site-packages/airflow/example_dags/example_latest_only_with_trigger.py
[2024-02-26T16:06:25.091+0000] {logging_mixin.py:188} INFO - [2024-02-26T16:06:25.091+0000] {dag.py:3047} INFO - Sync 1 DAGs
[2024-02-26T16:06:25.107+0000] {logging_mixin.py:188} INFO - [2024-02-26T16:06:25.106+0000] {dag.py:3834} INFO - Setting next_dagrun for latest_only_with_trigger to 2024-02-26 12:00:00+00:00, run_after=2024-02-26 16:00:00+00:00
[2024-02-26T16:06:25.118+0000] {processor.py:183} INFO - Processing /home/airflow/.local/lib/python3.11/site-packages/airflow/example_dags/example_latest_only_with_trigger.py took 0.061 seconds
[2024-02-26T16:06:55.837+0000] {processor.py:161} INFO - Started process (PID=9190) to work on /home/airflow/.local/lib/python3.11/site-packages/airflow/example_dags/example_latest_only_with_trigger.py
[2024-02-26T16:06:55.839+0000] {processor.py:830} INFO - Processing file /home/airflow/.local/lib/python3.11/site-packages/airflow/example_dags/example_latest_only_with_trigger.py for tasks to queue
[2024-02-26T16:06:55.840+0000] {logging_mixin.py:188} INFO - [2024-02-26T16:06:55.840+0000] {dagbag.py:540} INFO - Filling up the DagBag from /home/airflow/.local/lib/python3.11/site-packages/airflow/example_dags/example_latest_only_with_trigger.py
[2024-02-26T16:06:55.847+0000] {processor.py:840} INFO - DAG(s) 'latest_only_with_trigger' retrieved from /home/airflow/.local/lib/python3.11/site-packages/airflow/example_dags/example_latest_only_with_trigger.py
[2024-02-26T16:06:55.868+0000] {logging_mixin.py:188} INFO - [2024-02-26T16:06:55.867+0000] {dag.py:3047} INFO - Sync 1 DAGs
[2024-02-26T16:06:55.882+0000] {logging_mixin.py:188} INFO - [2024-02-26T16:06:55.882+0000] {dag.py:3834} INFO - Setting next_dagrun for latest_only_with_trigger to 2024-02-26 12:00:00+00:00, run_after=2024-02-26 16:00:00+00:00
[2024-02-26T16:06:55.894+0000] {processor.py:183} INFO - Processing /home/airflow/.local/lib/python3.11/site-packages/airflow/example_dags/example_latest_only_with_trigger.py took 0.060 seconds
[2024-02-26T16:07:25.986+0000] {processor.py:161} INFO - Started process (PID=9437) to work on /home/airflow/.local/lib/python3.11/site-packages/airflow/example_dags/example_latest_only_with_trigger.py
[2024-02-26T16:07:25.989+0000] {processor.py:830} INFO - Processing file /home/airflow/.local/lib/python3.11/site-packages/airflow/example_dags/example_latest_only_with_trigger.py for tasks to queue
[2024-02-26T16:07:25.991+0000] {logging_mixin.py:188} INFO - [2024-02-26T16:07:25.990+0000] {dagbag.py:540} INFO - Filling up the DagBag from /home/airflow/.local/lib/python3.11/site-packages/airflow/example_dags/example_latest_only_with_trigger.py
[2024-02-26T16:07:25.997+0000] {processor.py:840} INFO - DAG(s) 'latest_only_with_trigger' retrieved from /home/airflow/.local/lib/python3.11/site-packages/airflow/example_dags/example_latest_only_with_trigger.py
[2024-02-26T16:07:26.017+0000] {logging_mixin.py:188} INFO - [2024-02-26T16:07:26.017+0000] {dag.py:3047} INFO - Sync 1 DAGs
[2024-02-26T16:07:26.032+0000] {logging_mixin.py:188} INFO - [2024-02-26T16:07:26.032+0000] {dag.py:3834} INFO - Setting next_dagrun for latest_only_with_trigger to 2024-02-26 12:00:00+00:00, run_after=2024-02-26 16:00:00+00:00
[2024-02-26T16:07:26.044+0000] {processor.py:183} INFO - Processing /home/airflow/.local/lib/python3.11/site-packages/airflow/example_dags/example_latest_only_with_trigger.py took 0.061 seconds
[2024-02-26T16:07:56.193+0000] {processor.py:161} INFO - Started process (PID=9684) to work on /home/airflow/.local/lib/python3.11/site-packages/airflow/example_dags/example_latest_only_with_trigger.py
[2024-02-26T16:07:56.195+0000] {processor.py:830} INFO - Processing file /home/airflow/.local/lib/python3.11/site-packages/airflow/example_dags/example_latest_only_with_trigger.py for tasks to queue
[2024-02-26T16:07:56.197+0000] {logging_mixin.py:188} INFO - [2024-02-26T16:07:56.196+0000] {dagbag.py:540} INFO - Filling up the DagBag from /home/airflow/.local/lib/python3.11/site-packages/airflow/example_dags/example_latest_only_with_trigger.py
[2024-02-26T16:07:56.203+0000] {processor.py:840} INFO - DAG(s) 'latest_only_with_trigger' retrieved from /home/airflow/.local/lib/python3.11/site-packages/airflow/example_dags/example_latest_only_with_trigger.py
[2024-02-26T16:07:56.227+0000] {logging_mixin.py:188} INFO - [2024-02-26T16:07:56.227+0000] {dag.py:3047} INFO - Sync 1 DAGs
[2024-02-26T16:07:56.245+0000] {logging_mixin.py:188} INFO - [2024-02-26T16:07:56.245+0000] {dag.py:3834} INFO - Setting next_dagrun for latest_only_with_trigger to 2024-02-26 12:00:00+00:00, run_after=2024-02-26 16:00:00+00:00
[2024-02-26T16:07:56.257+0000] {processor.py:183} INFO - Processing /home/airflow/.local/lib/python3.11/site-packages/airflow/example_dags/example_latest_only_with_trigger.py took 0.068 seconds
[2024-02-26T16:08:26.362+0000] {processor.py:161} INFO - Started process (PID=9931) to work on /home/airflow/.local/lib/python3.11/site-packages/airflow/example_dags/example_latest_only_with_trigger.py
[2024-02-26T16:08:26.364+0000] {processor.py:830} INFO - Processing file /home/airflow/.local/lib/python3.11/site-packages/airflow/example_dags/example_latest_only_with_trigger.py for tasks to queue
[2024-02-26T16:08:26.369+0000] {logging_mixin.py:188} INFO - [2024-02-26T16:08:26.369+0000] {dagbag.py:540} INFO - Filling up the DagBag from /home/airflow/.local/lib/python3.11/site-packages/airflow/example_dags/example_latest_only_with_trigger.py
[2024-02-26T16:08:26.375+0000] {processor.py:840} INFO - DAG(s) 'latest_only_with_trigger' retrieved from /home/airflow/.local/lib/python3.11/site-packages/airflow/example_dags/example_latest_only_with_trigger.py
[2024-02-26T16:08:26.395+0000] {logging_mixin.py:188} INFO - [2024-02-26T16:08:26.395+0000] {dag.py:3047} INFO - Sync 1 DAGs
[2024-02-26T16:08:26.411+0000] {logging_mixin.py:188} INFO - [2024-02-26T16:08:26.411+0000] {dag.py:3834} INFO - Setting next_dagrun for latest_only_with_trigger to 2024-02-26 12:00:00+00:00, run_after=2024-02-26 16:00:00+00:00
[2024-02-26T16:08:26.426+0000] {processor.py:183} INFO - Processing /home/airflow/.local/lib/python3.11/site-packages/airflow/example_dags/example_latest_only_with_trigger.py took 0.068 seconds
[2024-02-26T16:08:56.658+0000] {processor.py:161} INFO - Started process (PID=10178) to work on /home/airflow/.local/lib/python3.11/site-packages/airflow/example_dags/example_latest_only_with_trigger.py
[2024-02-26T16:08:56.661+0000] {processor.py:830} INFO - Processing file /home/airflow/.local/lib/python3.11/site-packages/airflow/example_dags/example_latest_only_with_trigger.py for tasks to queue
[2024-02-26T16:08:56.663+0000] {logging_mixin.py:188} INFO - [2024-02-26T16:08:56.662+0000] {dagbag.py:540} INFO - Filling up the DagBag from /home/airflow/.local/lib/python3.11/site-packages/airflow/example_dags/example_latest_only_with_trigger.py
[2024-02-26T16:08:56.669+0000] {processor.py:840} INFO - DAG(s) 'latest_only_with_trigger' retrieved from /home/airflow/.local/lib/python3.11/site-packages/airflow/example_dags/example_latest_only_with_trigger.py
[2024-02-26T16:08:56.692+0000] {logging_mixin.py:188} INFO - [2024-02-26T16:08:56.692+0000] {dag.py:3047} INFO - Sync 1 DAGs
[2024-02-26T16:08:56.709+0000] {logging_mixin.py:188} INFO - [2024-02-26T16:08:56.709+0000] {dag.py:3834} INFO - Setting next_dagrun for latest_only_with_trigger to 2024-02-26 12:00:00+00:00, run_after=2024-02-26 16:00:00+00:00
[2024-02-26T16:08:56.727+0000] {processor.py:183} INFO - Processing /home/airflow/.local/lib/python3.11/site-packages/airflow/example_dags/example_latest_only_with_trigger.py took 0.073 seconds
[2024-02-26T16:09:26.833+0000] {processor.py:161} INFO - Started process (PID=10425) to work on /home/airflow/.local/lib/python3.11/site-packages/airflow/example_dags/example_latest_only_with_trigger.py
[2024-02-26T16:09:26.834+0000] {processor.py:830} INFO - Processing file /home/airflow/.local/lib/python3.11/site-packages/airflow/example_dags/example_latest_only_with_trigger.py for tasks to queue
[2024-02-26T16:09:26.836+0000] {logging_mixin.py:188} INFO - [2024-02-26T16:09:26.835+0000] {dagbag.py:540} INFO - Filling up the DagBag from /home/airflow/.local/lib/python3.11/site-packages/airflow/example_dags/example_latest_only_with_trigger.py
[2024-02-26T16:09:26.841+0000] {processor.py:840} INFO - DAG(s) 'latest_only_with_trigger' retrieved from /home/airflow/.local/lib/python3.11/site-packages/airflow/example_dags/example_latest_only_with_trigger.py
[2024-02-26T16:09:26.859+0000] {logging_mixin.py:188} INFO - [2024-02-26T16:09:26.859+0000] {dag.py:3047} INFO - Sync 1 DAGs
[2024-02-26T16:09:26.874+0000] {logging_mixin.py:188} INFO - [2024-02-26T16:09:26.874+0000] {dag.py:3834} INFO - Setting next_dagrun for latest_only_with_trigger to 2024-02-26 12:00:00+00:00, run_after=2024-02-26 16:00:00+00:00
[2024-02-26T16:09:26.886+0000] {processor.py:183} INFO - Processing /home/airflow/.local/lib/python3.11/site-packages/airflow/example_dags/example_latest_only_with_trigger.py took 0.057 seconds
[2024-02-26T16:09:56.987+0000] {processor.py:161} INFO - Started process (PID=10672) to work on /home/airflow/.local/lib/python3.11/site-packages/airflow/example_dags/example_latest_only_with_trigger.py
[2024-02-26T16:09:56.989+0000] {processor.py:830} INFO - Processing file /home/airflow/.local/lib/python3.11/site-packages/airflow/example_dags/example_latest_only_with_trigger.py for tasks to queue
[2024-02-26T16:09:56.990+0000] {logging_mixin.py:188} INFO - [2024-02-26T16:09:56.990+0000] {dagbag.py:540} INFO - Filling up the DagBag from /home/airflow/.local/lib/python3.11/site-packages/airflow/example_dags/example_latest_only_with_trigger.py
[2024-02-26T16:09:56.996+0000] {processor.py:840} INFO - DAG(s) 'latest_only_with_trigger' retrieved from /home/airflow/.local/lib/python3.11/site-packages/airflow/example_dags/example_latest_only_with_trigger.py
[2024-02-26T16:09:57.017+0000] {logging_mixin.py:188} INFO - [2024-02-26T16:09:57.017+0000] {dag.py:3047} INFO - Sync 1 DAGs
[2024-02-26T16:09:57.032+0000] {logging_mixin.py:188} INFO - [2024-02-26T16:09:57.032+0000] {dag.py:3834} INFO - Setting next_dagrun for latest_only_with_trigger to 2024-02-26 12:00:00+00:00, run_after=2024-02-26 16:00:00+00:00
[2024-02-26T16:09:57.047+0000] {processor.py:183} INFO - Processing /home/airflow/.local/lib/python3.11/site-packages/airflow/example_dags/example_latest_only_with_trigger.py took 0.063 seconds
[2024-02-26T16:10:27.253+0000] {processor.py:161} INFO - Started process (PID=10919) to work on /home/airflow/.local/lib/python3.11/site-packages/airflow/example_dags/example_latest_only_with_trigger.py
[2024-02-26T16:10:27.255+0000] {processor.py:830} INFO - Processing file /home/airflow/.local/lib/python3.11/site-packages/airflow/example_dags/example_latest_only_with_trigger.py for tasks to queue
[2024-02-26T16:10:27.257+0000] {logging_mixin.py:188} INFO - [2024-02-26T16:10:27.257+0000] {dagbag.py:540} INFO - Filling up the DagBag from /home/airflow/.local/lib/python3.11/site-packages/airflow/example_dags/example_latest_only_with_trigger.py
[2024-02-26T16:10:27.263+0000] {processor.py:840} INFO - DAG(s) 'latest_only_with_trigger' retrieved from /home/airflow/.local/lib/python3.11/site-packages/airflow/example_dags/example_latest_only_with_trigger.py
[2024-02-26T16:10:27.285+0000] {logging_mixin.py:188} INFO - [2024-02-26T16:10:27.285+0000] {dag.py:3047} INFO - Sync 1 DAGs
[2024-02-26T16:10:27.301+0000] {logging_mixin.py:188} INFO - [2024-02-26T16:10:27.301+0000] {dag.py:3834} INFO - Setting next_dagrun for latest_only_with_trigger to 2024-02-26 12:00:00+00:00, run_after=2024-02-26 16:00:00+00:00
[2024-02-26T16:10:27.313+0000] {processor.py:183} INFO - Processing /home/airflow/.local/lib/python3.11/site-packages/airflow/example_dags/example_latest_only_with_trigger.py took 0.063 seconds
[2024-02-26T16:10:57.457+0000] {processor.py:161} INFO - Started process (PID=11166) to work on /home/airflow/.local/lib/python3.11/site-packages/airflow/example_dags/example_latest_only_with_trigger.py
[2024-02-26T16:10:57.459+0000] {processor.py:830} INFO - Processing file /home/airflow/.local/lib/python3.11/site-packages/airflow/example_dags/example_latest_only_with_trigger.py for tasks to queue
[2024-02-26T16:10:57.460+0000] {logging_mixin.py:188} INFO - [2024-02-26T16:10:57.460+0000] {dagbag.py:540} INFO - Filling up the DagBag from /home/airflow/.local/lib/python3.11/site-packages/airflow/example_dags/example_latest_only_with_trigger.py
[2024-02-26T16:10:57.468+0000] {processor.py:840} INFO - DAG(s) 'latest_only_with_trigger' retrieved from /home/airflow/.local/lib/python3.11/site-packages/airflow/example_dags/example_latest_only_with_trigger.py
[2024-02-26T16:10:57.488+0000] {logging_mixin.py:188} INFO - [2024-02-26T16:10:57.488+0000] {dag.py:3047} INFO - Sync 1 DAGs
[2024-02-26T16:10:57.503+0000] {logging_mixin.py:188} INFO - [2024-02-26T16:10:57.503+0000] {dag.py:3834} INFO - Setting next_dagrun for latest_only_with_trigger to 2024-02-26 12:00:00+00:00, run_after=2024-02-26 16:00:00+00:00
[2024-02-26T16:10:57.518+0000] {processor.py:183} INFO - Processing /home/airflow/.local/lib/python3.11/site-packages/airflow/example_dags/example_latest_only_with_trigger.py took 0.065 seconds
[2024-02-26T16:11:27.767+0000] {processor.py:161} INFO - Started process (PID=11413) to work on /home/airflow/.local/lib/python3.11/site-packages/airflow/example_dags/example_latest_only_with_trigger.py
[2024-02-26T16:11:27.769+0000] {processor.py:830} INFO - Processing file /home/airflow/.local/lib/python3.11/site-packages/airflow/example_dags/example_latest_only_with_trigger.py for tasks to queue
[2024-02-26T16:11:27.770+0000] {logging_mixin.py:188} INFO - [2024-02-26T16:11:27.770+0000] {dagbag.py:540} INFO - Filling up the DagBag from /home/airflow/.local/lib/python3.11/site-packages/airflow/example_dags/example_latest_only_with_trigger.py
[2024-02-26T16:11:27.776+0000] {processor.py:840} INFO - DAG(s) 'latest_only_with_trigger' retrieved from /home/airflow/.local/lib/python3.11/site-packages/airflow/example_dags/example_latest_only_with_trigger.py
[2024-02-26T16:11:27.798+0000] {logging_mixin.py:188} INFO - [2024-02-26T16:11:27.797+0000] {dag.py:3047} INFO - Sync 1 DAGs
[2024-02-26T16:11:27.811+0000] {logging_mixin.py:188} INFO - [2024-02-26T16:11:27.811+0000] {dag.py:3834} INFO - Setting next_dagrun for latest_only_with_trigger to 2024-02-26 12:00:00+00:00, run_after=2024-02-26 16:00:00+00:00
[2024-02-26T16:11:27.822+0000] {processor.py:183} INFO - Processing /home/airflow/.local/lib/python3.11/site-packages/airflow/example_dags/example_latest_only_with_trigger.py took 0.058 seconds
[2024-02-26T16:11:57.991+0000] {processor.py:161} INFO - Started process (PID=11660) to work on /home/airflow/.local/lib/python3.11/site-packages/airflow/example_dags/example_latest_only_with_trigger.py
[2024-02-26T16:11:57.992+0000] {processor.py:830} INFO - Processing file /home/airflow/.local/lib/python3.11/site-packages/airflow/example_dags/example_latest_only_with_trigger.py for tasks to queue
[2024-02-26T16:11:57.995+0000] {logging_mixin.py:188} INFO - [2024-02-26T16:11:57.994+0000] {dagbag.py:540} INFO - Filling up the DagBag from /home/airflow/.local/lib/python3.11/site-packages/airflow/example_dags/example_latest_only_with_trigger.py
[2024-02-26T16:11:58.000+0000] {processor.py:840} INFO - DAG(s) 'latest_only_with_trigger' retrieved from /home/airflow/.local/lib/python3.11/site-packages/airflow/example_dags/example_latest_only_with_trigger.py
[2024-02-26T16:11:58.020+0000] {logging_mixin.py:188} INFO - [2024-02-26T16:11:58.020+0000] {dag.py:3047} INFO - Sync 1 DAGs
[2024-02-26T16:11:58.035+0000] {logging_mixin.py:188} INFO - [2024-02-26T16:11:58.035+0000] {dag.py:3834} INFO - Setting next_dagrun for latest_only_with_trigger to 2024-02-26 12:00:00+00:00, run_after=2024-02-26 16:00:00+00:00
[2024-02-26T16:11:58.045+0000] {processor.py:183} INFO - Processing /home/airflow/.local/lib/python3.11/site-packages/airflow/example_dags/example_latest_only_with_trigger.py took 0.058 seconds
[2024-02-26T16:12:28.144+0000] {processor.py:161} INFO - Started process (PID=11907) to work on /home/airflow/.local/lib/python3.11/site-packages/airflow/example_dags/example_latest_only_with_trigger.py
[2024-02-26T16:12:28.146+0000] {processor.py:830} INFO - Processing file /home/airflow/.local/lib/python3.11/site-packages/airflow/example_dags/example_latest_only_with_trigger.py for tasks to queue
[2024-02-26T16:12:28.147+0000] {logging_mixin.py:188} INFO - [2024-02-26T16:12:28.147+0000] {dagbag.py:540} INFO - Filling up the DagBag from /home/airflow/.local/lib/python3.11/site-packages/airflow/example_dags/example_latest_only_with_trigger.py
[2024-02-26T16:12:28.153+0000] {processor.py:840} INFO - DAG(s) 'latest_only_with_trigger' retrieved from /home/airflow/.local/lib/python3.11/site-packages/airflow/example_dags/example_latest_only_with_trigger.py
[2024-02-26T16:12:28.173+0000] {logging_mixin.py:188} INFO - [2024-02-26T16:12:28.172+0000] {dag.py:3047} INFO - Sync 1 DAGs
[2024-02-26T16:12:28.186+0000] {logging_mixin.py:188} INFO - [2024-02-26T16:12:28.186+0000] {dag.py:3834} INFO - Setting next_dagrun for latest_only_with_trigger to 2024-02-26 12:00:00+00:00, run_after=2024-02-26 16:00:00+00:00
[2024-02-26T16:12:28.199+0000] {processor.py:183} INFO - Processing /home/airflow/.local/lib/python3.11/site-packages/airflow/example_dags/example_latest_only_with_trigger.py took 0.059 seconds
[2024-02-26T16:12:58.394+0000] {processor.py:161} INFO - Started process (PID=12157) to work on /home/airflow/.local/lib/python3.11/site-packages/airflow/example_dags/example_latest_only_with_trigger.py
[2024-02-26T16:12:58.396+0000] {processor.py:830} INFO - Processing file /home/airflow/.local/lib/python3.11/site-packages/airflow/example_dags/example_latest_only_with_trigger.py for tasks to queue
[2024-02-26T16:12:58.398+0000] {logging_mixin.py:188} INFO - [2024-02-26T16:12:58.397+0000] {dagbag.py:540} INFO - Filling up the DagBag from /home/airflow/.local/lib/python3.11/site-packages/airflow/example_dags/example_latest_only_with_trigger.py
[2024-02-26T16:12:58.406+0000] {processor.py:840} INFO - DAG(s) 'latest_only_with_trigger' retrieved from /home/airflow/.local/lib/python3.11/site-packages/airflow/example_dags/example_latest_only_with_trigger.py
[2024-02-26T16:12:58.425+0000] {logging_mixin.py:188} INFO - [2024-02-26T16:12:58.425+0000] {dag.py:3047} INFO - Sync 1 DAGs
[2024-02-26T16:12:58.439+0000] {logging_mixin.py:188} INFO - [2024-02-26T16:12:58.438+0000] {dag.py:3834} INFO - Setting next_dagrun for latest_only_with_trigger to 2024-02-26 12:00:00+00:00, run_after=2024-02-26 16:00:00+00:00
[2024-02-26T16:12:58.455+0000] {processor.py:183} INFO - Processing /home/airflow/.local/lib/python3.11/site-packages/airflow/example_dags/example_latest_only_with_trigger.py took 0.063 seconds
[2024-02-26T16:13:28.563+0000] {processor.py:161} INFO - Started process (PID=12404) to work on /home/airflow/.local/lib/python3.11/site-packages/airflow/example_dags/example_latest_only_with_trigger.py
[2024-02-26T16:13:28.565+0000] {processor.py:830} INFO - Processing file /home/airflow/.local/lib/python3.11/site-packages/airflow/example_dags/example_latest_only_with_trigger.py for tasks to queue
[2024-02-26T16:13:28.567+0000] {logging_mixin.py:188} INFO - [2024-02-26T16:13:28.566+0000] {dagbag.py:540} INFO - Filling up the DagBag from /home/airflow/.local/lib/python3.11/site-packages/airflow/example_dags/example_latest_only_with_trigger.py
[2024-02-26T16:13:28.574+0000] {processor.py:840} INFO - DAG(s) 'latest_only_with_trigger' retrieved from /home/airflow/.local/lib/python3.11/site-packages/airflow/example_dags/example_latest_only_with_trigger.py
[2024-02-26T16:13:28.597+0000] {logging_mixin.py:188} INFO - [2024-02-26T16:13:28.596+0000] {dag.py:3047} INFO - Sync 1 DAGs
[2024-02-26T16:13:28.612+0000] {logging_mixin.py:188} INFO - [2024-02-26T16:13:28.612+0000] {dag.py:3834} INFO - Setting next_dagrun for latest_only_with_trigger to 2024-02-26 12:00:00+00:00, run_after=2024-02-26 16:00:00+00:00
[2024-02-26T16:13:28.624+0000] {processor.py:183} INFO - Processing /home/airflow/.local/lib/python3.11/site-packages/airflow/example_dags/example_latest_only_with_trigger.py took 0.063 seconds
[2024-02-26T16:13:58.824+0000] {processor.py:161} INFO - Started process (PID=12652) to work on /home/airflow/.local/lib/python3.11/site-packages/airflow/example_dags/example_latest_only_with_trigger.py
[2024-02-26T16:13:58.826+0000] {processor.py:830} INFO - Processing file /home/airflow/.local/lib/python3.11/site-packages/airflow/example_dags/example_latest_only_with_trigger.py for tasks to queue
[2024-02-26T16:13:58.832+0000] {logging_mixin.py:188} INFO - [2024-02-26T16:13:58.832+0000] {dagbag.py:540} INFO - Filling up the DagBag from /home/airflow/.local/lib/python3.11/site-packages/airflow/example_dags/example_latest_only_with_trigger.py
[2024-02-26T16:13:58.839+0000] {processor.py:840} INFO - DAG(s) 'latest_only_with_trigger' retrieved from /home/airflow/.local/lib/python3.11/site-packages/airflow/example_dags/example_latest_only_with_trigger.py
[2024-02-26T16:13:58.866+0000] {logging_mixin.py:188} INFO - [2024-02-26T16:13:58.866+0000] {dag.py:3047} INFO - Sync 1 DAGs
[2024-02-26T16:13:58.886+0000] {logging_mixin.py:188} INFO - [2024-02-26T16:13:58.886+0000] {dag.py:3834} INFO - Setting next_dagrun for latest_only_with_trigger to 2024-02-26 12:00:00+00:00, run_after=2024-02-26 16:00:00+00:00
[2024-02-26T16:13:58.900+0000] {processor.py:183} INFO - Processing /home/airflow/.local/lib/python3.11/site-packages/airflow/example_dags/example_latest_only_with_trigger.py took 0.079 seconds
[2024-02-26T16:14:29.155+0000] {processor.py:161} INFO - Started process (PID=12904) to work on /home/airflow/.local/lib/python3.11/site-packages/airflow/example_dags/example_latest_only_with_trigger.py
[2024-02-26T16:14:29.157+0000] {processor.py:830} INFO - Processing file /home/airflow/.local/lib/python3.11/site-packages/airflow/example_dags/example_latest_only_with_trigger.py for tasks to queue
[2024-02-26T16:14:29.158+0000] {logging_mixin.py:188} INFO - [2024-02-26T16:14:29.158+0000] {dagbag.py:540} INFO - Filling up the DagBag from /home/airflow/.local/lib/python3.11/site-packages/airflow/example_dags/example_latest_only_with_trigger.py
[2024-02-26T16:14:29.164+0000] {processor.py:840} INFO - DAG(s) 'latest_only_with_trigger' retrieved from /home/airflow/.local/lib/python3.11/site-packages/airflow/example_dags/example_latest_only_with_trigger.py
[2024-02-26T16:14:29.182+0000] {logging_mixin.py:188} INFO - [2024-02-26T16:14:29.182+0000] {dag.py:3047} INFO - Sync 1 DAGs
[2024-02-26T16:14:29.194+0000] {logging_mixin.py:188} INFO - [2024-02-26T16:14:29.194+0000] {dag.py:3834} INFO - Setting next_dagrun for latest_only_with_trigger to 2024-02-26 12:00:00+00:00, run_after=2024-02-26 16:00:00+00:00
[2024-02-26T16:14:29.205+0000] {processor.py:183} INFO - Processing /home/airflow/.local/lib/python3.11/site-packages/airflow/example_dags/example_latest_only_with_trigger.py took 0.052 seconds
