[2024-02-26T15:48:33.753+0000] {processor.py:161} INFO - Started process (PID=254) to work on /home/airflow/.local/lib/python3.11/site-packages/airflow/example_dags/example_xcom.py
[2024-02-26T15:48:33.755+0000] {processor.py:830} INFO - Processing file /home/airflow/.local/lib/python3.11/site-packages/airflow/example_dags/example_xcom.py for tasks to queue
[2024-02-26T15:48:33.756+0000] {logging_mixin.py:188} INFO - [2024-02-26T15:48:33.756+0000] {dagbag.py:540} INFO - Filling up the DagBag from /home/airflow/.local/lib/python3.11/site-packages/airflow/example_dags/example_xcom.py
[2024-02-26T15:48:33.766+0000] {processor.py:840} INFO - DAG(s) 'example_xcom' retrieved from /home/airflow/.local/lib/python3.11/site-packages/airflow/example_dags/example_xcom.py
[2024-02-26T15:48:33.785+0000] {logging_mixin.py:188} INFO - [2024-02-26T15:48:33.785+0000] {dag.py:3047} INFO - Sync 1 DAGs
[2024-02-26T15:48:33.805+0000] {logging_mixin.py:188} INFO - [2024-02-26T15:48:33.805+0000] {dag.py:3834} INFO - Setting next_dagrun for example_xcom to 2021-01-01 00:00:00+00:00, run_after=2021-01-01 00:00:00+00:00
[2024-02-26T15:48:33.980+0000] {processor.py:183} INFO - Processing /home/airflow/.local/lib/python3.11/site-packages/airflow/example_dags/example_xcom.py took 0.231 seconds
[2024-02-26T15:49:04.200+0000] {processor.py:161} INFO - Started process (PID=501) to work on /home/airflow/.local/lib/python3.11/site-packages/airflow/example_dags/example_xcom.py
[2024-02-26T15:49:04.202+0000] {processor.py:830} INFO - Processing file /home/airflow/.local/lib/python3.11/site-packages/airflow/example_dags/example_xcom.py for tasks to queue
[2024-02-26T15:49:04.204+0000] {logging_mixin.py:188} INFO - [2024-02-26T15:49:04.203+0000] {dagbag.py:540} INFO - Filling up the DagBag from /home/airflow/.local/lib/python3.11/site-packages/airflow/example_dags/example_xcom.py
[2024-02-26T15:49:04.213+0000] {processor.py:840} INFO - DAG(s) 'example_xcom' retrieved from /home/airflow/.local/lib/python3.11/site-packages/airflow/example_dags/example_xcom.py
[2024-02-26T15:49:04.283+0000] {logging_mixin.py:188} INFO - [2024-02-26T15:49:04.283+0000] {dag.py:3047} INFO - Sync 1 DAGs
[2024-02-26T15:49:04.296+0000] {logging_mixin.py:188} INFO - [2024-02-26T15:49:04.296+0000] {dag.py:3834} INFO - Setting next_dagrun for example_xcom to 2021-01-01 00:00:00+00:00, run_after=2021-01-01 00:00:00+00:00
[2024-02-26T15:49:04.312+0000] {processor.py:183} INFO - Processing /home/airflow/.local/lib/python3.11/site-packages/airflow/example_dags/example_xcom.py took 0.116 seconds
[2024-02-26T15:49:34.783+0000] {processor.py:161} INFO - Started process (PID=750) to work on /home/airflow/.local/lib/python3.11/site-packages/airflow/example_dags/example_xcom.py
[2024-02-26T15:49:34.784+0000] {processor.py:830} INFO - Processing file /home/airflow/.local/lib/python3.11/site-packages/airflow/example_dags/example_xcom.py for tasks to queue
[2024-02-26T15:49:34.786+0000] {logging_mixin.py:188} INFO - [2024-02-26T15:49:34.785+0000] {dagbag.py:540} INFO - Filling up the DagBag from /home/airflow/.local/lib/python3.11/site-packages/airflow/example_dags/example_xcom.py
[2024-02-26T15:49:34.792+0000] {processor.py:840} INFO - DAG(s) 'example_xcom' retrieved from /home/airflow/.local/lib/python3.11/site-packages/airflow/example_dags/example_xcom.py
[2024-02-26T15:49:34.811+0000] {logging_mixin.py:188} INFO - [2024-02-26T15:49:34.811+0000] {dag.py:3047} INFO - Sync 1 DAGs
[2024-02-26T15:49:34.824+0000] {logging_mixin.py:188} INFO - [2024-02-26T15:49:34.824+0000] {dag.py:3834} INFO - Setting next_dagrun for example_xcom to 2021-01-01 00:00:00+00:00, run_after=2021-01-01 00:00:00+00:00
[2024-02-26T15:49:34.835+0000] {processor.py:183} INFO - Processing /home/airflow/.local/lib/python3.11/site-packages/airflow/example_dags/example_xcom.py took 0.055 seconds
[2024-02-26T15:50:05.504+0000] {processor.py:161} INFO - Started process (PID=996) to work on /home/airflow/.local/lib/python3.11/site-packages/airflow/example_dags/example_xcom.py
[2024-02-26T15:50:05.505+0000] {processor.py:830} INFO - Processing file /home/airflow/.local/lib/python3.11/site-packages/airflow/example_dags/example_xcom.py for tasks to queue
[2024-02-26T15:50:05.507+0000] {logging_mixin.py:188} INFO - [2024-02-26T15:50:05.507+0000] {dagbag.py:540} INFO - Filling up the DagBag from /home/airflow/.local/lib/python3.11/site-packages/airflow/example_dags/example_xcom.py
[2024-02-26T15:50:05.515+0000] {processor.py:840} INFO - DAG(s) 'example_xcom' retrieved from /home/airflow/.local/lib/python3.11/site-packages/airflow/example_dags/example_xcom.py
[2024-02-26T15:50:05.534+0000] {logging_mixin.py:188} INFO - [2024-02-26T15:50:05.534+0000] {dag.py:3047} INFO - Sync 1 DAGs
[2024-02-26T15:50:05.549+0000] {logging_mixin.py:188} INFO - [2024-02-26T15:50:05.548+0000] {dag.py:3834} INFO - Setting next_dagrun for example_xcom to 2021-01-01 00:00:00+00:00, run_after=2021-01-01 00:00:00+00:00
[2024-02-26T15:50:05.559+0000] {processor.py:183} INFO - Processing /home/airflow/.local/lib/python3.11/site-packages/airflow/example_dags/example_xcom.py took 0.059 seconds
[2024-02-26T15:50:36.759+0000] {processor.py:161} INFO - Started process (PID=1244) to work on /home/airflow/.local/lib/python3.11/site-packages/airflow/example_dags/example_xcom.py
[2024-02-26T15:50:36.760+0000] {processor.py:830} INFO - Processing file /home/airflow/.local/lib/python3.11/site-packages/airflow/example_dags/example_xcom.py for tasks to queue
[2024-02-26T15:50:36.761+0000] {logging_mixin.py:188} INFO - [2024-02-26T15:50:36.761+0000] {dagbag.py:540} INFO - Filling up the DagBag from /home/airflow/.local/lib/python3.11/site-packages/airflow/example_dags/example_xcom.py
[2024-02-26T15:50:36.771+0000] {processor.py:840} INFO - DAG(s) 'example_xcom' retrieved from /home/airflow/.local/lib/python3.11/site-packages/airflow/example_dags/example_xcom.py
[2024-02-26T15:50:36.795+0000] {logging_mixin.py:188} INFO - [2024-02-26T15:50:36.795+0000] {dag.py:3047} INFO - Sync 1 DAGs
[2024-02-26T15:50:36.808+0000] {logging_mixin.py:188} INFO - [2024-02-26T15:50:36.808+0000] {dag.py:3834} INFO - Setting next_dagrun for example_xcom to 2021-01-01 00:00:00+00:00, run_after=2021-01-01 00:00:00+00:00
[2024-02-26T15:50:36.823+0000] {processor.py:183} INFO - Processing /home/airflow/.local/lib/python3.11/site-packages/airflow/example_dags/example_xcom.py took 0.067 seconds
[2024-02-26T15:51:07.649+0000] {processor.py:161} INFO - Started process (PID=1491) to work on /home/airflow/.local/lib/python3.11/site-packages/airflow/example_dags/example_xcom.py
[2024-02-26T15:51:07.651+0000] {processor.py:830} INFO - Processing file /home/airflow/.local/lib/python3.11/site-packages/airflow/example_dags/example_xcom.py for tasks to queue
[2024-02-26T15:51:07.652+0000] {logging_mixin.py:188} INFO - [2024-02-26T15:51:07.652+0000] {dagbag.py:540} INFO - Filling up the DagBag from /home/airflow/.local/lib/python3.11/site-packages/airflow/example_dags/example_xcom.py
[2024-02-26T15:51:07.659+0000] {processor.py:840} INFO - DAG(s) 'example_xcom' retrieved from /home/airflow/.local/lib/python3.11/site-packages/airflow/example_dags/example_xcom.py
[2024-02-26T15:51:07.677+0000] {logging_mixin.py:188} INFO - [2024-02-26T15:51:07.677+0000] {dag.py:3047} INFO - Sync 1 DAGs
[2024-02-26T15:51:07.691+0000] {logging_mixin.py:188} INFO - [2024-02-26T15:51:07.691+0000] {dag.py:3834} INFO - Setting next_dagrun for example_xcom to 2021-01-01 00:00:00+00:00, run_after=2021-01-01 00:00:00+00:00
[2024-02-26T15:51:07.702+0000] {processor.py:183} INFO - Processing /home/airflow/.local/lib/python3.11/site-packages/airflow/example_dags/example_xcom.py took 0.056 seconds
[2024-02-26T15:51:38.452+0000] {processor.py:161} INFO - Started process (PID=1736) to work on /home/airflow/.local/lib/python3.11/site-packages/airflow/example_dags/example_xcom.py
[2024-02-26T15:51:38.455+0000] {processor.py:830} INFO - Processing file /home/airflow/.local/lib/python3.11/site-packages/airflow/example_dags/example_xcom.py for tasks to queue
[2024-02-26T15:51:38.457+0000] {logging_mixin.py:188} INFO - [2024-02-26T15:51:38.457+0000] {dagbag.py:540} INFO - Filling up the DagBag from /home/airflow/.local/lib/python3.11/site-packages/airflow/example_dags/example_xcom.py
[2024-02-26T15:51:38.465+0000] {processor.py:840} INFO - DAG(s) 'example_xcom' retrieved from /home/airflow/.local/lib/python3.11/site-packages/airflow/example_dags/example_xcom.py
[2024-02-26T15:51:38.494+0000] {logging_mixin.py:188} INFO - [2024-02-26T15:51:38.494+0000] {dag.py:3047} INFO - Sync 1 DAGs
[2024-02-26T15:51:38.511+0000] {logging_mixin.py:188} INFO - [2024-02-26T15:51:38.511+0000] {dag.py:3834} INFO - Setting next_dagrun for example_xcom to 2021-01-01 00:00:00+00:00, run_after=2021-01-01 00:00:00+00:00
[2024-02-26T15:51:38.526+0000] {processor.py:183} INFO - Processing /home/airflow/.local/lib/python3.11/site-packages/airflow/example_dags/example_xcom.py took 0.077 seconds
[2024-02-26T15:52:09.207+0000] {processor.py:161} INFO - Started process (PID=2031) to work on /home/airflow/.local/lib/python3.11/site-packages/airflow/example_dags/example_xcom.py
[2024-02-26T15:52:09.208+0000] {processor.py:830} INFO - Processing file /home/airflow/.local/lib/python3.11/site-packages/airflow/example_dags/example_xcom.py for tasks to queue
[2024-02-26T15:52:09.210+0000] {logging_mixin.py:188} INFO - [2024-02-26T15:52:09.209+0000] {dagbag.py:540} INFO - Filling up the DagBag from /home/airflow/.local/lib/python3.11/site-packages/airflow/example_dags/example_xcom.py
[2024-02-26T15:52:09.217+0000] {processor.py:840} INFO - DAG(s) 'example_xcom' retrieved from /home/airflow/.local/lib/python3.11/site-packages/airflow/example_dags/example_xcom.py
[2024-02-26T15:52:09.239+0000] {logging_mixin.py:188} INFO - [2024-02-26T15:52:09.239+0000] {dag.py:3047} INFO - Sync 1 DAGs
[2024-02-26T15:52:09.259+0000] {logging_mixin.py:188} INFO - [2024-02-26T15:52:09.259+0000] {dag.py:3834} INFO - Setting next_dagrun for example_xcom to 2021-01-01 00:00:00+00:00, run_after=2021-01-01 00:00:00+00:00
[2024-02-26T15:52:09.272+0000] {processor.py:183} INFO - Processing /home/airflow/.local/lib/python3.11/site-packages/airflow/example_dags/example_xcom.py took 0.069 seconds
[2024-02-26T15:52:39.748+0000] {processor.py:161} INFO - Started process (PID=2302) to work on /home/airflow/.local/lib/python3.11/site-packages/airflow/example_dags/example_xcom.py
[2024-02-26T15:52:39.750+0000] {processor.py:830} INFO - Processing file /home/airflow/.local/lib/python3.11/site-packages/airflow/example_dags/example_xcom.py for tasks to queue
[2024-02-26T15:52:39.752+0000] {logging_mixin.py:188} INFO - [2024-02-26T15:52:39.751+0000] {dagbag.py:540} INFO - Filling up the DagBag from /home/airflow/.local/lib/python3.11/site-packages/airflow/example_dags/example_xcom.py
[2024-02-26T15:52:39.759+0000] {processor.py:840} INFO - DAG(s) 'example_xcom' retrieved from /home/airflow/.local/lib/python3.11/site-packages/airflow/example_dags/example_xcom.py
[2024-02-26T15:52:39.778+0000] {logging_mixin.py:188} INFO - [2024-02-26T15:52:39.778+0000] {dag.py:3047} INFO - Sync 1 DAGs
[2024-02-26T15:52:39.792+0000] {logging_mixin.py:188} INFO - [2024-02-26T15:52:39.792+0000] {dag.py:3834} INFO - Setting next_dagrun for example_xcom to 2021-01-01 00:00:00+00:00, run_after=2021-01-01 00:00:00+00:00
[2024-02-26T15:52:39.804+0000] {processor.py:183} INFO - Processing /home/airflow/.local/lib/python3.11/site-packages/airflow/example_dags/example_xcom.py took 0.060 seconds
[2024-02-26T15:53:10.563+0000] {processor.py:161} INFO - Started process (PID=2549) to work on /home/airflow/.local/lib/python3.11/site-packages/airflow/example_dags/example_xcom.py
[2024-02-26T15:53:10.565+0000] {processor.py:830} INFO - Processing file /home/airflow/.local/lib/python3.11/site-packages/airflow/example_dags/example_xcom.py for tasks to queue
[2024-02-26T15:53:10.567+0000] {logging_mixin.py:188} INFO - [2024-02-26T15:53:10.566+0000] {dagbag.py:540} INFO - Filling up the DagBag from /home/airflow/.local/lib/python3.11/site-packages/airflow/example_dags/example_xcom.py
[2024-02-26T15:53:10.575+0000] {processor.py:840} INFO - DAG(s) 'example_xcom' retrieved from /home/airflow/.local/lib/python3.11/site-packages/airflow/example_dags/example_xcom.py
[2024-02-26T15:53:10.596+0000] {logging_mixin.py:188} INFO - [2024-02-26T15:53:10.596+0000] {dag.py:3047} INFO - Sync 1 DAGs
[2024-02-26T15:53:10.610+0000] {logging_mixin.py:188} INFO - [2024-02-26T15:53:10.610+0000] {dag.py:3834} INFO - Setting next_dagrun for example_xcom to 2021-01-01 00:00:00+00:00, run_after=2021-01-01 00:00:00+00:00
[2024-02-26T15:53:10.623+0000] {processor.py:183} INFO - Processing /home/airflow/.local/lib/python3.11/site-packages/airflow/example_dags/example_xcom.py took 0.062 seconds
[2024-02-26T15:53:41.373+0000] {processor.py:161} INFO - Started process (PID=2796) to work on /home/airflow/.local/lib/python3.11/site-packages/airflow/example_dags/example_xcom.py
[2024-02-26T15:53:41.375+0000] {processor.py:830} INFO - Processing file /home/airflow/.local/lib/python3.11/site-packages/airflow/example_dags/example_xcom.py for tasks to queue
[2024-02-26T15:53:41.376+0000] {logging_mixin.py:188} INFO - [2024-02-26T15:53:41.376+0000] {dagbag.py:540} INFO - Filling up the DagBag from /home/airflow/.local/lib/python3.11/site-packages/airflow/example_dags/example_xcom.py
[2024-02-26T15:53:41.383+0000] {processor.py:840} INFO - DAG(s) 'example_xcom' retrieved from /home/airflow/.local/lib/python3.11/site-packages/airflow/example_dags/example_xcom.py
[2024-02-26T15:53:41.403+0000] {logging_mixin.py:188} INFO - [2024-02-26T15:53:41.403+0000] {dag.py:3047} INFO - Sync 1 DAGs
[2024-02-26T15:53:41.418+0000] {logging_mixin.py:188} INFO - [2024-02-26T15:53:41.418+0000] {dag.py:3834} INFO - Setting next_dagrun for example_xcom to 2021-01-01 00:00:00+00:00, run_after=2021-01-01 00:00:00+00:00
[2024-02-26T15:53:41.431+0000] {processor.py:183} INFO - Processing /home/airflow/.local/lib/python3.11/site-packages/airflow/example_dags/example_xcom.py took 0.061 seconds
[2024-02-26T15:54:12.140+0000] {processor.py:161} INFO - Started process (PID=3043) to work on /home/airflow/.local/lib/python3.11/site-packages/airflow/example_dags/example_xcom.py
[2024-02-26T15:54:12.142+0000] {processor.py:830} INFO - Processing file /home/airflow/.local/lib/python3.11/site-packages/airflow/example_dags/example_xcom.py for tasks to queue
[2024-02-26T15:54:12.143+0000] {logging_mixin.py:188} INFO - [2024-02-26T15:54:12.143+0000] {dagbag.py:540} INFO - Filling up the DagBag from /home/airflow/.local/lib/python3.11/site-packages/airflow/example_dags/example_xcom.py
[2024-02-26T15:54:12.150+0000] {processor.py:840} INFO - DAG(s) 'example_xcom' retrieved from /home/airflow/.local/lib/python3.11/site-packages/airflow/example_dags/example_xcom.py
[2024-02-26T15:54:12.170+0000] {logging_mixin.py:188} INFO - [2024-02-26T15:54:12.170+0000] {dag.py:3047} INFO - Sync 1 DAGs
[2024-02-26T15:54:12.185+0000] {logging_mixin.py:188} INFO - [2024-02-26T15:54:12.185+0000] {dag.py:3834} INFO - Setting next_dagrun for example_xcom to 2021-01-01 00:00:00+00:00, run_after=2021-01-01 00:00:00+00:00
[2024-02-26T15:54:12.197+0000] {processor.py:183} INFO - Processing /home/airflow/.local/lib/python3.11/site-packages/airflow/example_dags/example_xcom.py took 0.060 seconds
[2024-02-26T15:54:43.005+0000] {processor.py:161} INFO - Started process (PID=3292) to work on /home/airflow/.local/lib/python3.11/site-packages/airflow/example_dags/example_xcom.py
[2024-02-26T15:54:43.006+0000] {processor.py:830} INFO - Processing file /home/airflow/.local/lib/python3.11/site-packages/airflow/example_dags/example_xcom.py for tasks to queue
[2024-02-26T15:54:43.008+0000] {logging_mixin.py:188} INFO - [2024-02-26T15:54:43.007+0000] {dagbag.py:540} INFO - Filling up the DagBag from /home/airflow/.local/lib/python3.11/site-packages/airflow/example_dags/example_xcom.py
[2024-02-26T15:54:43.014+0000] {processor.py:840} INFO - DAG(s) 'example_xcom' retrieved from /home/airflow/.local/lib/python3.11/site-packages/airflow/example_dags/example_xcom.py
[2024-02-26T15:54:43.032+0000] {logging_mixin.py:188} INFO - [2024-02-26T15:54:43.032+0000] {dag.py:3047} INFO - Sync 1 DAGs
[2024-02-26T15:54:43.044+0000] {logging_mixin.py:188} INFO - [2024-02-26T15:54:43.044+0000] {dag.py:3834} INFO - Setting next_dagrun for example_xcom to 2021-01-01 00:00:00+00:00, run_after=2021-01-01 00:00:00+00:00
[2024-02-26T15:54:43.054+0000] {processor.py:183} INFO - Processing /home/airflow/.local/lib/python3.11/site-packages/airflow/example_dags/example_xcom.py took 0.052 seconds
[2024-02-26T15:55:13.954+0000] {processor.py:161} INFO - Started process (PID=3538) to work on /home/airflow/.local/lib/python3.11/site-packages/airflow/example_dags/example_xcom.py
[2024-02-26T15:55:13.956+0000] {processor.py:830} INFO - Processing file /home/airflow/.local/lib/python3.11/site-packages/airflow/example_dags/example_xcom.py for tasks to queue
[2024-02-26T15:55:13.957+0000] {logging_mixin.py:188} INFO - [2024-02-26T15:55:13.957+0000] {dagbag.py:540} INFO - Filling up the DagBag from /home/airflow/.local/lib/python3.11/site-packages/airflow/example_dags/example_xcom.py
[2024-02-26T15:55:13.963+0000] {processor.py:840} INFO - DAG(s) 'example_xcom' retrieved from /home/airflow/.local/lib/python3.11/site-packages/airflow/example_dags/example_xcom.py
[2024-02-26T15:55:13.984+0000] {logging_mixin.py:188} INFO - [2024-02-26T15:55:13.984+0000] {dag.py:3047} INFO - Sync 1 DAGs
[2024-02-26T15:55:14.002+0000] {logging_mixin.py:188} INFO - [2024-02-26T15:55:14.002+0000] {dag.py:3834} INFO - Setting next_dagrun for example_xcom to 2021-01-01 00:00:00+00:00, run_after=2021-01-01 00:00:00+00:00
[2024-02-26T15:55:14.013+0000] {processor.py:183} INFO - Processing /home/airflow/.local/lib/python3.11/site-packages/airflow/example_dags/example_xcom.py took 0.062 seconds
[2024-02-26T15:55:45.026+0000] {processor.py:161} INFO - Started process (PID=3785) to work on /home/airflow/.local/lib/python3.11/site-packages/airflow/example_dags/example_xcom.py
[2024-02-26T15:55:45.028+0000] {processor.py:830} INFO - Processing file /home/airflow/.local/lib/python3.11/site-packages/airflow/example_dags/example_xcom.py for tasks to queue
[2024-02-26T15:55:45.032+0000] {logging_mixin.py:188} INFO - [2024-02-26T15:55:45.032+0000] {dagbag.py:540} INFO - Filling up the DagBag from /home/airflow/.local/lib/python3.11/site-packages/airflow/example_dags/example_xcom.py
[2024-02-26T15:55:45.040+0000] {processor.py:840} INFO - DAG(s) 'example_xcom' retrieved from /home/airflow/.local/lib/python3.11/site-packages/airflow/example_dags/example_xcom.py
[2024-02-26T15:55:45.060+0000] {logging_mixin.py:188} INFO - [2024-02-26T15:55:45.060+0000] {dag.py:3047} INFO - Sync 1 DAGs
[2024-02-26T15:55:45.076+0000] {logging_mixin.py:188} INFO - [2024-02-26T15:55:45.076+0000] {dag.py:3834} INFO - Setting next_dagrun for example_xcom to 2021-01-01 00:00:00+00:00, run_after=2021-01-01 00:00:00+00:00
[2024-02-26T15:55:45.090+0000] {processor.py:183} INFO - Processing /home/airflow/.local/lib/python3.11/site-packages/airflow/example_dags/example_xcom.py took 0.067 seconds
[2024-02-26T15:56:15.231+0000] {processor.py:161} INFO - Started process (PID=4030) to work on /home/airflow/.local/lib/python3.11/site-packages/airflow/example_dags/example_xcom.py
[2024-02-26T15:56:15.234+0000] {processor.py:830} INFO - Processing file /home/airflow/.local/lib/python3.11/site-packages/airflow/example_dags/example_xcom.py for tasks to queue
[2024-02-26T15:56:15.235+0000] {logging_mixin.py:188} INFO - [2024-02-26T15:56:15.234+0000] {dagbag.py:540} INFO - Filling up the DagBag from /home/airflow/.local/lib/python3.11/site-packages/airflow/example_dags/example_xcom.py
[2024-02-26T15:56:15.241+0000] {processor.py:840} INFO - DAG(s) 'example_xcom' retrieved from /home/airflow/.local/lib/python3.11/site-packages/airflow/example_dags/example_xcom.py
[2024-02-26T15:56:15.262+0000] {logging_mixin.py:188} INFO - [2024-02-26T15:56:15.262+0000] {dag.py:3047} INFO - Sync 1 DAGs
[2024-02-26T15:56:15.277+0000] {logging_mixin.py:188} INFO - [2024-02-26T15:56:15.277+0000] {dag.py:3834} INFO - Setting next_dagrun for example_xcom to 2021-01-01 00:00:00+00:00, run_after=2021-01-01 00:00:00+00:00
[2024-02-26T15:56:15.289+0000] {processor.py:183} INFO - Processing /home/airflow/.local/lib/python3.11/site-packages/airflow/example_dags/example_xcom.py took 0.060 seconds
[2024-02-26T15:56:45.643+0000] {processor.py:161} INFO - Started process (PID=4280) to work on /home/airflow/.local/lib/python3.11/site-packages/airflow/example_dags/example_xcom.py
[2024-02-26T15:56:45.646+0000] {processor.py:830} INFO - Processing file /home/airflow/.local/lib/python3.11/site-packages/airflow/example_dags/example_xcom.py for tasks to queue
[2024-02-26T15:56:45.648+0000] {logging_mixin.py:188} INFO - [2024-02-26T15:56:45.648+0000] {dagbag.py:540} INFO - Filling up the DagBag from /home/airflow/.local/lib/python3.11/site-packages/airflow/example_dags/example_xcom.py
[2024-02-26T15:56:45.657+0000] {processor.py:840} INFO - DAG(s) 'example_xcom' retrieved from /home/airflow/.local/lib/python3.11/site-packages/airflow/example_dags/example_xcom.py
[2024-02-26T15:56:45.679+0000] {logging_mixin.py:188} INFO - [2024-02-26T15:56:45.679+0000] {dag.py:3047} INFO - Sync 1 DAGs
[2024-02-26T15:56:45.695+0000] {logging_mixin.py:188} INFO - [2024-02-26T15:56:45.695+0000] {dag.py:3834} INFO - Setting next_dagrun for example_xcom to 2021-01-01 00:00:00+00:00, run_after=2021-01-01 00:00:00+00:00
[2024-02-26T15:56:45.708+0000] {processor.py:183} INFO - Processing /home/airflow/.local/lib/python3.11/site-packages/airflow/example_dags/example_xcom.py took 0.069 seconds
[2024-02-26T15:57:15.969+0000] {processor.py:161} INFO - Started process (PID=4525) to work on /home/airflow/.local/lib/python3.11/site-packages/airflow/example_dags/example_xcom.py
[2024-02-26T15:57:15.972+0000] {processor.py:830} INFO - Processing file /home/airflow/.local/lib/python3.11/site-packages/airflow/example_dags/example_xcom.py for tasks to queue
[2024-02-26T15:57:15.974+0000] {logging_mixin.py:188} INFO - [2024-02-26T15:57:15.973+0000] {dagbag.py:540} INFO - Filling up the DagBag from /home/airflow/.local/lib/python3.11/site-packages/airflow/example_dags/example_xcom.py
[2024-02-26T15:57:15.980+0000] {processor.py:840} INFO - DAG(s) 'example_xcom' retrieved from /home/airflow/.local/lib/python3.11/site-packages/airflow/example_dags/example_xcom.py
[2024-02-26T15:57:16.005+0000] {logging_mixin.py:188} INFO - [2024-02-26T15:57:16.005+0000] {dag.py:3047} INFO - Sync 1 DAGs
[2024-02-26T15:57:16.020+0000] {logging_mixin.py:188} INFO - [2024-02-26T15:57:16.020+0000] {dag.py:3834} INFO - Setting next_dagrun for example_xcom to 2021-01-01 00:00:00+00:00, run_after=2021-01-01 00:00:00+00:00
[2024-02-26T15:57:16.033+0000] {processor.py:183} INFO - Processing /home/airflow/.local/lib/python3.11/site-packages/airflow/example_dags/example_xcom.py took 0.068 seconds
[2024-02-26T15:57:46.241+0000] {processor.py:161} INFO - Started process (PID=4772) to work on /home/airflow/.local/lib/python3.11/site-packages/airflow/example_dags/example_xcom.py
[2024-02-26T15:57:46.244+0000] {processor.py:830} INFO - Processing file /home/airflow/.local/lib/python3.11/site-packages/airflow/example_dags/example_xcom.py for tasks to queue
[2024-02-26T15:57:46.246+0000] {logging_mixin.py:188} INFO - [2024-02-26T15:57:46.245+0000] {dagbag.py:540} INFO - Filling up the DagBag from /home/airflow/.local/lib/python3.11/site-packages/airflow/example_dags/example_xcom.py
[2024-02-26T15:57:46.254+0000] {processor.py:840} INFO - DAG(s) 'example_xcom' retrieved from /home/airflow/.local/lib/python3.11/site-packages/airflow/example_dags/example_xcom.py
[2024-02-26T15:57:46.278+0000] {logging_mixin.py:188} INFO - [2024-02-26T15:57:46.278+0000] {dag.py:3047} INFO - Sync 1 DAGs
[2024-02-26T15:57:46.295+0000] {logging_mixin.py:188} INFO - [2024-02-26T15:57:46.295+0000] {dag.py:3834} INFO - Setting next_dagrun for example_xcom to 2021-01-01 00:00:00+00:00, run_after=2021-01-01 00:00:00+00:00
[2024-02-26T15:57:46.308+0000] {processor.py:183} INFO - Processing /home/airflow/.local/lib/python3.11/site-packages/airflow/example_dags/example_xcom.py took 0.072 seconds
[2024-02-26T15:58:16.526+0000] {processor.py:161} INFO - Started process (PID=5021) to work on /home/airflow/.local/lib/python3.11/site-packages/airflow/example_dags/example_xcom.py
[2024-02-26T15:58:16.530+0000] {processor.py:830} INFO - Processing file /home/airflow/.local/lib/python3.11/site-packages/airflow/example_dags/example_xcom.py for tasks to queue
[2024-02-26T15:58:16.535+0000] {logging_mixin.py:188} INFO - [2024-02-26T15:58:16.534+0000] {dagbag.py:540} INFO - Filling up the DagBag from /home/airflow/.local/lib/python3.11/site-packages/airflow/example_dags/example_xcom.py
[2024-02-26T15:58:16.544+0000] {processor.py:840} INFO - DAG(s) 'example_xcom' retrieved from /home/airflow/.local/lib/python3.11/site-packages/airflow/example_dags/example_xcom.py
[2024-02-26T15:58:16.566+0000] {logging_mixin.py:188} INFO - [2024-02-26T15:58:16.566+0000] {dag.py:3047} INFO - Sync 1 DAGs
[2024-02-26T15:58:16.583+0000] {logging_mixin.py:188} INFO - [2024-02-26T15:58:16.583+0000] {dag.py:3834} INFO - Setting next_dagrun for example_xcom to 2021-01-01 00:00:00+00:00, run_after=2021-01-01 00:00:00+00:00
[2024-02-26T15:58:16.598+0000] {processor.py:183} INFO - Processing /home/airflow/.local/lib/python3.11/site-packages/airflow/example_dags/example_xcom.py took 0.075 seconds
[2024-02-26T15:58:46.831+0000] {processor.py:161} INFO - Started process (PID=5267) to work on /home/airflow/.local/lib/python3.11/site-packages/airflow/example_dags/example_xcom.py
[2024-02-26T15:58:46.833+0000] {processor.py:830} INFO - Processing file /home/airflow/.local/lib/python3.11/site-packages/airflow/example_dags/example_xcom.py for tasks to queue
[2024-02-26T15:58:46.835+0000] {logging_mixin.py:188} INFO - [2024-02-26T15:58:46.835+0000] {dagbag.py:540} INFO - Filling up the DagBag from /home/airflow/.local/lib/python3.11/site-packages/airflow/example_dags/example_xcom.py
[2024-02-26T15:58:46.845+0000] {processor.py:840} INFO - DAG(s) 'example_xcom' retrieved from /home/airflow/.local/lib/python3.11/site-packages/airflow/example_dags/example_xcom.py
[2024-02-26T15:58:46.865+0000] {logging_mixin.py:188} INFO - [2024-02-26T15:58:46.865+0000] {dag.py:3047} INFO - Sync 1 DAGs
[2024-02-26T15:58:46.880+0000] {logging_mixin.py:188} INFO - [2024-02-26T15:58:46.880+0000] {dag.py:3834} INFO - Setting next_dagrun for example_xcom to 2021-01-01 00:00:00+00:00, run_after=2021-01-01 00:00:00+00:00
[2024-02-26T15:58:46.894+0000] {processor.py:183} INFO - Processing /home/airflow/.local/lib/python3.11/site-packages/airflow/example_dags/example_xcom.py took 0.066 seconds
[2024-02-26T15:59:16.979+0000] {processor.py:161} INFO - Started process (PID=5515) to work on /home/airflow/.local/lib/python3.11/site-packages/airflow/example_dags/example_xcom.py
[2024-02-26T15:59:16.981+0000] {processor.py:830} INFO - Processing file /home/airflow/.local/lib/python3.11/site-packages/airflow/example_dags/example_xcom.py for tasks to queue
[2024-02-26T15:59:16.983+0000] {logging_mixin.py:188} INFO - [2024-02-26T15:59:16.982+0000] {dagbag.py:540} INFO - Filling up the DagBag from /home/airflow/.local/lib/python3.11/site-packages/airflow/example_dags/example_xcom.py
[2024-02-26T15:59:16.990+0000] {processor.py:840} INFO - DAG(s) 'example_xcom' retrieved from /home/airflow/.local/lib/python3.11/site-packages/airflow/example_dags/example_xcom.py
[2024-02-26T15:59:17.010+0000] {logging_mixin.py:188} INFO - [2024-02-26T15:59:17.009+0000] {dag.py:3047} INFO - Sync 1 DAGs
[2024-02-26T15:59:17.024+0000] {logging_mixin.py:188} INFO - [2024-02-26T15:59:17.024+0000] {dag.py:3834} INFO - Setting next_dagrun for example_xcom to 2021-01-01 00:00:00+00:00, run_after=2021-01-01 00:00:00+00:00
[2024-02-26T15:59:17.035+0000] {processor.py:183} INFO - Processing /home/airflow/.local/lib/python3.11/site-packages/airflow/example_dags/example_xcom.py took 0.059 seconds
[2024-02-26T15:59:47.105+0000] {processor.py:161} INFO - Started process (PID=5762) to work on /home/airflow/.local/lib/python3.11/site-packages/airflow/example_dags/example_xcom.py
[2024-02-26T15:59:47.107+0000] {processor.py:830} INFO - Processing file /home/airflow/.local/lib/python3.11/site-packages/airflow/example_dags/example_xcom.py for tasks to queue
[2024-02-26T15:59:47.109+0000] {logging_mixin.py:188} INFO - [2024-02-26T15:59:47.108+0000] {dagbag.py:540} INFO - Filling up the DagBag from /home/airflow/.local/lib/python3.11/site-packages/airflow/example_dags/example_xcom.py
[2024-02-26T15:59:47.123+0000] {processor.py:840} INFO - DAG(s) 'example_xcom' retrieved from /home/airflow/.local/lib/python3.11/site-packages/airflow/example_dags/example_xcom.py
[2024-02-26T15:59:47.142+0000] {logging_mixin.py:188} INFO - [2024-02-26T15:59:47.142+0000] {dag.py:3047} INFO - Sync 1 DAGs
[2024-02-26T15:59:47.156+0000] {logging_mixin.py:188} INFO - [2024-02-26T15:59:47.156+0000] {dag.py:3834} INFO - Setting next_dagrun for example_xcom to 2021-01-01 00:00:00+00:00, run_after=2021-01-01 00:00:00+00:00
[2024-02-26T15:59:47.169+0000] {processor.py:183} INFO - Processing /home/airflow/.local/lib/python3.11/site-packages/airflow/example_dags/example_xcom.py took 0.066 seconds
[2024-02-26T16:00:18.014+0000] {processor.py:161} INFO - Started process (PID=6009) to work on /home/airflow/.local/lib/python3.11/site-packages/airflow/example_dags/example_xcom.py
[2024-02-26T16:00:18.016+0000] {processor.py:830} INFO - Processing file /home/airflow/.local/lib/python3.11/site-packages/airflow/example_dags/example_xcom.py for tasks to queue
[2024-02-26T16:00:18.018+0000] {logging_mixin.py:188} INFO - [2024-02-26T16:00:18.018+0000] {dagbag.py:540} INFO - Filling up the DagBag from /home/airflow/.local/lib/python3.11/site-packages/airflow/example_dags/example_xcom.py
[2024-02-26T16:00:18.026+0000] {processor.py:840} INFO - DAG(s) 'example_xcom' retrieved from /home/airflow/.local/lib/python3.11/site-packages/airflow/example_dags/example_xcom.py
[2024-02-26T16:00:18.046+0000] {logging_mixin.py:188} INFO - [2024-02-26T16:00:18.046+0000] {dag.py:3047} INFO - Sync 1 DAGs
[2024-02-26T16:00:18.060+0000] {logging_mixin.py:188} INFO - [2024-02-26T16:00:18.060+0000] {dag.py:3834} INFO - Setting next_dagrun for example_xcom to 2021-01-01 00:00:00+00:00, run_after=2021-01-01 00:00:00+00:00
[2024-02-26T16:00:18.071+0000] {processor.py:183} INFO - Processing /home/airflow/.local/lib/python3.11/site-packages/airflow/example_dags/example_xcom.py took 0.060 seconds
[2024-02-26T16:00:48.864+0000] {processor.py:161} INFO - Started process (PID=6255) to work on /home/airflow/.local/lib/python3.11/site-packages/airflow/example_dags/example_xcom.py
[2024-02-26T16:00:48.866+0000] {processor.py:830} INFO - Processing file /home/airflow/.local/lib/python3.11/site-packages/airflow/example_dags/example_xcom.py for tasks to queue
[2024-02-26T16:00:48.868+0000] {logging_mixin.py:188} INFO - [2024-02-26T16:00:48.868+0000] {dagbag.py:540} INFO - Filling up the DagBag from /home/airflow/.local/lib/python3.11/site-packages/airflow/example_dags/example_xcom.py
[2024-02-26T16:00:48.876+0000] {processor.py:840} INFO - DAG(s) 'example_xcom' retrieved from /home/airflow/.local/lib/python3.11/site-packages/airflow/example_dags/example_xcom.py
[2024-02-26T16:00:48.896+0000] {logging_mixin.py:188} INFO - [2024-02-26T16:00:48.896+0000] {dag.py:3047} INFO - Sync 1 DAGs
[2024-02-26T16:00:48.910+0000] {logging_mixin.py:188} INFO - [2024-02-26T16:00:48.910+0000] {dag.py:3834} INFO - Setting next_dagrun for example_xcom to 2021-01-01 00:00:00+00:00, run_after=2021-01-01 00:00:00+00:00
[2024-02-26T16:00:48.922+0000] {processor.py:183} INFO - Processing /home/airflow/.local/lib/python3.11/site-packages/airflow/example_dags/example_xcom.py took 0.062 seconds
[2024-02-26T16:01:19.578+0000] {processor.py:161} INFO - Started process (PID=6502) to work on /home/airflow/.local/lib/python3.11/site-packages/airflow/example_dags/example_xcom.py
[2024-02-26T16:01:19.580+0000] {processor.py:830} INFO - Processing file /home/airflow/.local/lib/python3.11/site-packages/airflow/example_dags/example_xcom.py for tasks to queue
[2024-02-26T16:01:19.581+0000] {logging_mixin.py:188} INFO - [2024-02-26T16:01:19.581+0000] {dagbag.py:540} INFO - Filling up the DagBag from /home/airflow/.local/lib/python3.11/site-packages/airflow/example_dags/example_xcom.py
[2024-02-26T16:01:19.588+0000] {processor.py:840} INFO - DAG(s) 'example_xcom' retrieved from /home/airflow/.local/lib/python3.11/site-packages/airflow/example_dags/example_xcom.py
[2024-02-26T16:01:19.609+0000] {logging_mixin.py:188} INFO - [2024-02-26T16:01:19.609+0000] {dag.py:3047} INFO - Sync 1 DAGs
[2024-02-26T16:01:19.624+0000] {logging_mixin.py:188} INFO - [2024-02-26T16:01:19.624+0000] {dag.py:3834} INFO - Setting next_dagrun for example_xcom to 2021-01-01 00:00:00+00:00, run_after=2021-01-01 00:00:00+00:00
[2024-02-26T16:01:19.638+0000] {processor.py:183} INFO - Processing /home/airflow/.local/lib/python3.11/site-packages/airflow/example_dags/example_xcom.py took 0.064 seconds
[2024-02-26T16:01:49.802+0000] {processor.py:161} INFO - Started process (PID=6751) to work on /home/airflow/.local/lib/python3.11/site-packages/airflow/example_dags/example_xcom.py
[2024-02-26T16:01:49.804+0000] {processor.py:830} INFO - Processing file /home/airflow/.local/lib/python3.11/site-packages/airflow/example_dags/example_xcom.py for tasks to queue
[2024-02-26T16:01:49.805+0000] {logging_mixin.py:188} INFO - [2024-02-26T16:01:49.805+0000] {dagbag.py:540} INFO - Filling up the DagBag from /home/airflow/.local/lib/python3.11/site-packages/airflow/example_dags/example_xcom.py
[2024-02-26T16:01:49.812+0000] {processor.py:840} INFO - DAG(s) 'example_xcom' retrieved from /home/airflow/.local/lib/python3.11/site-packages/airflow/example_dags/example_xcom.py
[2024-02-26T16:01:49.832+0000] {logging_mixin.py:188} INFO - [2024-02-26T16:01:49.832+0000] {dag.py:3047} INFO - Sync 1 DAGs
[2024-02-26T16:01:49.846+0000] {logging_mixin.py:188} INFO - [2024-02-26T16:01:49.846+0000] {dag.py:3834} INFO - Setting next_dagrun for example_xcom to 2021-01-01 00:00:00+00:00, run_after=2021-01-01 00:00:00+00:00
[2024-02-26T16:01:49.858+0000] {processor.py:183} INFO - Processing /home/airflow/.local/lib/python3.11/site-packages/airflow/example_dags/example_xcom.py took 0.059 seconds
[2024-02-26T16:02:20.930+0000] {processor.py:161} INFO - Started process (PID=6998) to work on /home/airflow/.local/lib/python3.11/site-packages/airflow/example_dags/example_xcom.py
[2024-02-26T16:02:20.932+0000] {processor.py:830} INFO - Processing file /home/airflow/.local/lib/python3.11/site-packages/airflow/example_dags/example_xcom.py for tasks to queue
[2024-02-26T16:02:20.934+0000] {logging_mixin.py:188} INFO - [2024-02-26T16:02:20.933+0000] {dagbag.py:540} INFO - Filling up the DagBag from /home/airflow/.local/lib/python3.11/site-packages/airflow/example_dags/example_xcom.py
[2024-02-26T16:02:20.942+0000] {processor.py:840} INFO - DAG(s) 'example_xcom' retrieved from /home/airflow/.local/lib/python3.11/site-packages/airflow/example_dags/example_xcom.py
[2024-02-26T16:02:20.963+0000] {logging_mixin.py:188} INFO - [2024-02-26T16:02:20.963+0000] {dag.py:3047} INFO - Sync 1 DAGs
[2024-02-26T16:02:20.978+0000] {logging_mixin.py:188} INFO - [2024-02-26T16:02:20.978+0000] {dag.py:3834} INFO - Setting next_dagrun for example_xcom to 2021-01-01 00:00:00+00:00, run_after=2021-01-01 00:00:00+00:00
[2024-02-26T16:02:20.991+0000] {processor.py:183} INFO - Processing /home/airflow/.local/lib/python3.11/site-packages/airflow/example_dags/example_xcom.py took 0.064 seconds
[2024-02-26T16:02:51.135+0000] {processor.py:161} INFO - Started process (PID=7243) to work on /home/airflow/.local/lib/python3.11/site-packages/airflow/example_dags/example_xcom.py
[2024-02-26T16:02:51.136+0000] {processor.py:830} INFO - Processing file /home/airflow/.local/lib/python3.11/site-packages/airflow/example_dags/example_xcom.py for tasks to queue
[2024-02-26T16:02:51.139+0000] {logging_mixin.py:188} INFO - [2024-02-26T16:02:51.138+0000] {dagbag.py:540} INFO - Filling up the DagBag from /home/airflow/.local/lib/python3.11/site-packages/airflow/example_dags/example_xcom.py
[2024-02-26T16:02:51.146+0000] {processor.py:840} INFO - DAG(s) 'example_xcom' retrieved from /home/airflow/.local/lib/python3.11/site-packages/airflow/example_dags/example_xcom.py
[2024-02-26T16:02:51.168+0000] {logging_mixin.py:188} INFO - [2024-02-26T16:02:51.168+0000] {dag.py:3047} INFO - Sync 1 DAGs
[2024-02-26T16:02:51.184+0000] {logging_mixin.py:188} INFO - [2024-02-26T16:02:51.184+0000] {dag.py:3834} INFO - Setting next_dagrun for example_xcom to 2021-01-01 00:00:00+00:00, run_after=2021-01-01 00:00:00+00:00
[2024-02-26T16:02:51.195+0000] {processor.py:183} INFO - Processing /home/airflow/.local/lib/python3.11/site-packages/airflow/example_dags/example_xcom.py took 0.064 seconds
[2024-02-26T16:03:21.295+0000] {processor.py:161} INFO - Started process (PID=7490) to work on /home/airflow/.local/lib/python3.11/site-packages/airflow/example_dags/example_xcom.py
[2024-02-26T16:03:21.297+0000] {processor.py:830} INFO - Processing file /home/airflow/.local/lib/python3.11/site-packages/airflow/example_dags/example_xcom.py for tasks to queue
[2024-02-26T16:03:21.299+0000] {logging_mixin.py:188} INFO - [2024-02-26T16:03:21.299+0000] {dagbag.py:540} INFO - Filling up the DagBag from /home/airflow/.local/lib/python3.11/site-packages/airflow/example_dags/example_xcom.py
[2024-02-26T16:03:21.307+0000] {processor.py:840} INFO - DAG(s) 'example_xcom' retrieved from /home/airflow/.local/lib/python3.11/site-packages/airflow/example_dags/example_xcom.py
[2024-02-26T16:03:21.327+0000] {logging_mixin.py:188} INFO - [2024-02-26T16:03:21.327+0000] {dag.py:3047} INFO - Sync 1 DAGs
[2024-02-26T16:03:21.342+0000] {logging_mixin.py:188} INFO - [2024-02-26T16:03:21.342+0000] {dag.py:3834} INFO - Setting next_dagrun for example_xcom to 2021-01-01 00:00:00+00:00, run_after=2021-01-01 00:00:00+00:00
[2024-02-26T16:03:21.353+0000] {processor.py:183} INFO - Processing /home/airflow/.local/lib/python3.11/site-packages/airflow/example_dags/example_xcom.py took 0.062 seconds
[2024-02-26T16:03:51.437+0000] {processor.py:161} INFO - Started process (PID=7738) to work on /home/airflow/.local/lib/python3.11/site-packages/airflow/example_dags/example_xcom.py
[2024-02-26T16:03:51.439+0000] {processor.py:830} INFO - Processing file /home/airflow/.local/lib/python3.11/site-packages/airflow/example_dags/example_xcom.py for tasks to queue
[2024-02-26T16:03:51.440+0000] {logging_mixin.py:188} INFO - [2024-02-26T16:03:51.440+0000] {dagbag.py:540} INFO - Filling up the DagBag from /home/airflow/.local/lib/python3.11/site-packages/airflow/example_dags/example_xcom.py
[2024-02-26T16:03:51.447+0000] {processor.py:840} INFO - DAG(s) 'example_xcom' retrieved from /home/airflow/.local/lib/python3.11/site-packages/airflow/example_dags/example_xcom.py
[2024-02-26T16:03:51.467+0000] {logging_mixin.py:188} INFO - [2024-02-26T16:03:51.467+0000] {dag.py:3047} INFO - Sync 1 DAGs
[2024-02-26T16:03:51.485+0000] {logging_mixin.py:188} INFO - [2024-02-26T16:03:51.484+0000] {dag.py:3834} INFO - Setting next_dagrun for example_xcom to 2021-01-01 00:00:00+00:00, run_after=2021-01-01 00:00:00+00:00
[2024-02-26T16:03:51.497+0000] {processor.py:183} INFO - Processing /home/airflow/.local/lib/python3.11/site-packages/airflow/example_dags/example_xcom.py took 0.063 seconds
[2024-02-26T16:04:22.161+0000] {processor.py:161} INFO - Started process (PID=7985) to work on /home/airflow/.local/lib/python3.11/site-packages/airflow/example_dags/example_xcom.py
[2024-02-26T16:04:22.164+0000] {processor.py:830} INFO - Processing file /home/airflow/.local/lib/python3.11/site-packages/airflow/example_dags/example_xcom.py for tasks to queue
[2024-02-26T16:04:22.165+0000] {logging_mixin.py:188} INFO - [2024-02-26T16:04:22.165+0000] {dagbag.py:540} INFO - Filling up the DagBag from /home/airflow/.local/lib/python3.11/site-packages/airflow/example_dags/example_xcom.py
[2024-02-26T16:04:22.172+0000] {processor.py:840} INFO - DAG(s) 'example_xcom' retrieved from /home/airflow/.local/lib/python3.11/site-packages/airflow/example_dags/example_xcom.py
[2024-02-26T16:04:22.194+0000] {logging_mixin.py:188} INFO - [2024-02-26T16:04:22.193+0000] {dag.py:3047} INFO - Sync 1 DAGs
[2024-02-26T16:04:22.209+0000] {logging_mixin.py:188} INFO - [2024-02-26T16:04:22.209+0000] {dag.py:3834} INFO - Setting next_dagrun for example_xcom to 2021-01-01 00:00:00+00:00, run_after=2021-01-01 00:00:00+00:00
[2024-02-26T16:04:22.226+0000] {processor.py:183} INFO - Processing /home/airflow/.local/lib/python3.11/site-packages/airflow/example_dags/example_xcom.py took 0.068 seconds
[2024-02-26T16:04:53.023+0000] {processor.py:161} INFO - Started process (PID=8232) to work on /home/airflow/.local/lib/python3.11/site-packages/airflow/example_dags/example_xcom.py
[2024-02-26T16:04:53.024+0000] {processor.py:830} INFO - Processing file /home/airflow/.local/lib/python3.11/site-packages/airflow/example_dags/example_xcom.py for tasks to queue
[2024-02-26T16:04:53.026+0000] {logging_mixin.py:188} INFO - [2024-02-26T16:04:53.025+0000] {dagbag.py:540} INFO - Filling up the DagBag from /home/airflow/.local/lib/python3.11/site-packages/airflow/example_dags/example_xcom.py
[2024-02-26T16:04:53.033+0000] {processor.py:840} INFO - DAG(s) 'example_xcom' retrieved from /home/airflow/.local/lib/python3.11/site-packages/airflow/example_dags/example_xcom.py
[2024-02-26T16:04:53.054+0000] {logging_mixin.py:188} INFO - [2024-02-26T16:04:53.053+0000] {dag.py:3047} INFO - Sync 1 DAGs
[2024-02-26T16:04:53.069+0000] {logging_mixin.py:188} INFO - [2024-02-26T16:04:53.068+0000] {dag.py:3834} INFO - Setting next_dagrun for example_xcom to 2021-01-01 00:00:00+00:00, run_after=2021-01-01 00:00:00+00:00
[2024-02-26T16:04:53.081+0000] {processor.py:183} INFO - Processing /home/airflow/.local/lib/python3.11/site-packages/airflow/example_dags/example_xcom.py took 0.061 seconds
[2024-02-26T16:05:23.754+0000] {processor.py:161} INFO - Started process (PID=8479) to work on /home/airflow/.local/lib/python3.11/site-packages/airflow/example_dags/example_xcom.py
[2024-02-26T16:05:23.755+0000] {processor.py:830} INFO - Processing file /home/airflow/.local/lib/python3.11/site-packages/airflow/example_dags/example_xcom.py for tasks to queue
[2024-02-26T16:05:23.757+0000] {logging_mixin.py:188} INFO - [2024-02-26T16:05:23.757+0000] {dagbag.py:540} INFO - Filling up the DagBag from /home/airflow/.local/lib/python3.11/site-packages/airflow/example_dags/example_xcom.py
[2024-02-26T16:05:23.765+0000] {processor.py:840} INFO - DAG(s) 'example_xcom' retrieved from /home/airflow/.local/lib/python3.11/site-packages/airflow/example_dags/example_xcom.py
[2024-02-26T16:05:23.785+0000] {logging_mixin.py:188} INFO - [2024-02-26T16:05:23.785+0000] {dag.py:3047} INFO - Sync 1 DAGs
[2024-02-26T16:05:23.802+0000] {logging_mixin.py:188} INFO - [2024-02-26T16:05:23.801+0000] {dag.py:3834} INFO - Setting next_dagrun for example_xcom to 2021-01-01 00:00:00+00:00, run_after=2021-01-01 00:00:00+00:00
[2024-02-26T16:05:23.817+0000] {processor.py:183} INFO - Processing /home/airflow/.local/lib/python3.11/site-packages/airflow/example_dags/example_xcom.py took 0.067 seconds
[2024-02-26T16:05:54.475+0000] {processor.py:161} INFO - Started process (PID=8726) to work on /home/airflow/.local/lib/python3.11/site-packages/airflow/example_dags/example_xcom.py
[2024-02-26T16:05:54.477+0000] {processor.py:830} INFO - Processing file /home/airflow/.local/lib/python3.11/site-packages/airflow/example_dags/example_xcom.py for tasks to queue
[2024-02-26T16:05:54.478+0000] {logging_mixin.py:188} INFO - [2024-02-26T16:05:54.478+0000] {dagbag.py:540} INFO - Filling up the DagBag from /home/airflow/.local/lib/python3.11/site-packages/airflow/example_dags/example_xcom.py
[2024-02-26T16:05:54.485+0000] {processor.py:840} INFO - DAG(s) 'example_xcom' retrieved from /home/airflow/.local/lib/python3.11/site-packages/airflow/example_dags/example_xcom.py
[2024-02-26T16:05:54.507+0000] {logging_mixin.py:188} INFO - [2024-02-26T16:05:54.507+0000] {dag.py:3047} INFO - Sync 1 DAGs
[2024-02-26T16:05:54.524+0000] {logging_mixin.py:188} INFO - [2024-02-26T16:05:54.524+0000] {dag.py:3834} INFO - Setting next_dagrun for example_xcom to 2021-01-01 00:00:00+00:00, run_after=2021-01-01 00:00:00+00:00
[2024-02-26T16:05:54.538+0000] {processor.py:183} INFO - Processing /home/airflow/.local/lib/python3.11/site-packages/airflow/example_dags/example_xcom.py took 0.066 seconds
[2024-02-26T16:06:25.346+0000] {processor.py:161} INFO - Started process (PID=8973) to work on /home/airflow/.local/lib/python3.11/site-packages/airflow/example_dags/example_xcom.py
[2024-02-26T16:06:25.351+0000] {processor.py:830} INFO - Processing file /home/airflow/.local/lib/python3.11/site-packages/airflow/example_dags/example_xcom.py for tasks to queue
[2024-02-26T16:06:25.352+0000] {logging_mixin.py:188} INFO - [2024-02-26T16:06:25.352+0000] {dagbag.py:540} INFO - Filling up the DagBag from /home/airflow/.local/lib/python3.11/site-packages/airflow/example_dags/example_xcom.py
[2024-02-26T16:06:25.359+0000] {processor.py:840} INFO - DAG(s) 'example_xcom' retrieved from /home/airflow/.local/lib/python3.11/site-packages/airflow/example_dags/example_xcom.py
[2024-02-26T16:06:25.380+0000] {logging_mixin.py:188} INFO - [2024-02-26T16:06:25.379+0000] {dag.py:3047} INFO - Sync 1 DAGs
[2024-02-26T16:06:25.395+0000] {logging_mixin.py:188} INFO - [2024-02-26T16:06:25.395+0000] {dag.py:3834} INFO - Setting next_dagrun for example_xcom to 2021-01-01 00:00:00+00:00, run_after=2021-01-01 00:00:00+00:00
[2024-02-26T16:06:25.408+0000] {processor.py:183} INFO - Processing /home/airflow/.local/lib/python3.11/site-packages/airflow/example_dags/example_xcom.py took 0.065 seconds
[2024-02-26T16:06:56.199+0000] {processor.py:161} INFO - Started process (PID=9220) to work on /home/airflow/.local/lib/python3.11/site-packages/airflow/example_dags/example_xcom.py
[2024-02-26T16:06:56.201+0000] {processor.py:830} INFO - Processing file /home/airflow/.local/lib/python3.11/site-packages/airflow/example_dags/example_xcom.py for tasks to queue
[2024-02-26T16:06:56.202+0000] {logging_mixin.py:188} INFO - [2024-02-26T16:06:56.202+0000] {dagbag.py:540} INFO - Filling up the DagBag from /home/airflow/.local/lib/python3.11/site-packages/airflow/example_dags/example_xcom.py
[2024-02-26T16:06:56.209+0000] {processor.py:840} INFO - DAG(s) 'example_xcom' retrieved from /home/airflow/.local/lib/python3.11/site-packages/airflow/example_dags/example_xcom.py
[2024-02-26T16:06:56.232+0000] {logging_mixin.py:188} INFO - [2024-02-26T16:06:56.232+0000] {dag.py:3047} INFO - Sync 1 DAGs
[2024-02-26T16:06:56.247+0000] {logging_mixin.py:188} INFO - [2024-02-26T16:06:56.247+0000] {dag.py:3834} INFO - Setting next_dagrun for example_xcom to 2021-01-01 00:00:00+00:00, run_after=2021-01-01 00:00:00+00:00
[2024-02-26T16:06:56.261+0000] {processor.py:183} INFO - Processing /home/airflow/.local/lib/python3.11/site-packages/airflow/example_dags/example_xcom.py took 0.065 seconds
[2024-02-26T16:07:26.375+0000] {processor.py:161} INFO - Started process (PID=9469) to work on /home/airflow/.local/lib/python3.11/site-packages/airflow/example_dags/example_xcom.py
[2024-02-26T16:07:26.377+0000] {processor.py:830} INFO - Processing file /home/airflow/.local/lib/python3.11/site-packages/airflow/example_dags/example_xcom.py for tasks to queue
[2024-02-26T16:07:26.378+0000] {logging_mixin.py:188} INFO - [2024-02-26T16:07:26.378+0000] {dagbag.py:540} INFO - Filling up the DagBag from /home/airflow/.local/lib/python3.11/site-packages/airflow/example_dags/example_xcom.py
[2024-02-26T16:07:26.386+0000] {processor.py:840} INFO - DAG(s) 'example_xcom' retrieved from /home/airflow/.local/lib/python3.11/site-packages/airflow/example_dags/example_xcom.py
[2024-02-26T16:07:26.405+0000] {logging_mixin.py:188} INFO - [2024-02-26T16:07:26.405+0000] {dag.py:3047} INFO - Sync 1 DAGs
[2024-02-26T16:07:26.419+0000] {logging_mixin.py:188} INFO - [2024-02-26T16:07:26.419+0000] {dag.py:3834} INFO - Setting next_dagrun for example_xcom to 2021-01-01 00:00:00+00:00, run_after=2021-01-01 00:00:00+00:00
[2024-02-26T16:07:26.430+0000] {processor.py:183} INFO - Processing /home/airflow/.local/lib/python3.11/site-packages/airflow/example_dags/example_xcom.py took 0.058 seconds
[2024-02-26T16:07:56.492+0000] {processor.py:161} INFO - Started process (PID=9714) to work on /home/airflow/.local/lib/python3.11/site-packages/airflow/example_dags/example_xcom.py
[2024-02-26T16:07:56.494+0000] {processor.py:830} INFO - Processing file /home/airflow/.local/lib/python3.11/site-packages/airflow/example_dags/example_xcom.py for tasks to queue
[2024-02-26T16:07:56.497+0000] {logging_mixin.py:188} INFO - [2024-02-26T16:07:56.496+0000] {dagbag.py:540} INFO - Filling up the DagBag from /home/airflow/.local/lib/python3.11/site-packages/airflow/example_dags/example_xcom.py
[2024-02-26T16:07:56.503+0000] {processor.py:840} INFO - DAG(s) 'example_xcom' retrieved from /home/airflow/.local/lib/python3.11/site-packages/airflow/example_dags/example_xcom.py
[2024-02-26T16:07:56.524+0000] {logging_mixin.py:188} INFO - [2024-02-26T16:07:56.524+0000] {dag.py:3047} INFO - Sync 1 DAGs
[2024-02-26T16:07:56.539+0000] {logging_mixin.py:188} INFO - [2024-02-26T16:07:56.539+0000] {dag.py:3834} INFO - Setting next_dagrun for example_xcom to 2021-01-01 00:00:00+00:00, run_after=2021-01-01 00:00:00+00:00
[2024-02-26T16:07:56.552+0000] {processor.py:183} INFO - Processing /home/airflow/.local/lib/python3.11/site-packages/airflow/example_dags/example_xcom.py took 0.063 seconds
[2024-02-26T16:08:26.745+0000] {processor.py:161} INFO - Started process (PID=9963) to work on /home/airflow/.local/lib/python3.11/site-packages/airflow/example_dags/example_xcom.py
[2024-02-26T16:08:26.747+0000] {processor.py:830} INFO - Processing file /home/airflow/.local/lib/python3.11/site-packages/airflow/example_dags/example_xcom.py for tasks to queue
[2024-02-26T16:08:26.749+0000] {logging_mixin.py:188} INFO - [2024-02-26T16:08:26.749+0000] {dagbag.py:540} INFO - Filling up the DagBag from /home/airflow/.local/lib/python3.11/site-packages/airflow/example_dags/example_xcom.py
[2024-02-26T16:08:26.760+0000] {processor.py:840} INFO - DAG(s) 'example_xcom' retrieved from /home/airflow/.local/lib/python3.11/site-packages/airflow/example_dags/example_xcom.py
[2024-02-26T16:08:26.779+0000] {logging_mixin.py:188} INFO - [2024-02-26T16:08:26.779+0000] {dag.py:3047} INFO - Sync 1 DAGs
[2024-02-26T16:08:26.794+0000] {logging_mixin.py:188} INFO - [2024-02-26T16:08:26.794+0000] {dag.py:3834} INFO - Setting next_dagrun for example_xcom to 2021-01-01 00:00:00+00:00, run_after=2021-01-01 00:00:00+00:00
[2024-02-26T16:08:26.807+0000] {processor.py:183} INFO - Processing /home/airflow/.local/lib/python3.11/site-packages/airflow/example_dags/example_xcom.py took 0.065 seconds
[2024-02-26T16:08:57.094+0000] {processor.py:161} INFO - Started process (PID=10208) to work on /home/airflow/.local/lib/python3.11/site-packages/airflow/example_dags/example_xcom.py
[2024-02-26T16:08:57.098+0000] {processor.py:830} INFO - Processing file /home/airflow/.local/lib/python3.11/site-packages/airflow/example_dags/example_xcom.py for tasks to queue
[2024-02-26T16:08:57.100+0000] {logging_mixin.py:188} INFO - [2024-02-26T16:08:57.099+0000] {dagbag.py:540} INFO - Filling up the DagBag from /home/airflow/.local/lib/python3.11/site-packages/airflow/example_dags/example_xcom.py
[2024-02-26T16:08:57.108+0000] {processor.py:840} INFO - DAG(s) 'example_xcom' retrieved from /home/airflow/.local/lib/python3.11/site-packages/airflow/example_dags/example_xcom.py
[2024-02-26T16:08:57.136+0000] {logging_mixin.py:188} INFO - [2024-02-26T16:08:57.135+0000] {dag.py:3047} INFO - Sync 1 DAGs
[2024-02-26T16:08:57.154+0000] {logging_mixin.py:188} INFO - [2024-02-26T16:08:57.154+0000] {dag.py:3834} INFO - Setting next_dagrun for example_xcom to 2021-01-01 00:00:00+00:00, run_after=2021-01-01 00:00:00+00:00
[2024-02-26T16:08:57.167+0000] {processor.py:183} INFO - Processing /home/airflow/.local/lib/python3.11/site-packages/airflow/example_dags/example_xcom.py took 0.077 seconds
[2024-02-26T16:09:27.210+0000] {processor.py:161} INFO - Started process (PID=10455) to work on /home/airflow/.local/lib/python3.11/site-packages/airflow/example_dags/example_xcom.py
[2024-02-26T16:09:27.212+0000] {processor.py:830} INFO - Processing file /home/airflow/.local/lib/python3.11/site-packages/airflow/example_dags/example_xcom.py for tasks to queue
[2024-02-26T16:09:27.214+0000] {logging_mixin.py:188} INFO - [2024-02-26T16:09:27.214+0000] {dagbag.py:540} INFO - Filling up the DagBag from /home/airflow/.local/lib/python3.11/site-packages/airflow/example_dags/example_xcom.py
[2024-02-26T16:09:27.223+0000] {processor.py:840} INFO - DAG(s) 'example_xcom' retrieved from /home/airflow/.local/lib/python3.11/site-packages/airflow/example_dags/example_xcom.py
[2024-02-26T16:09:27.244+0000] {logging_mixin.py:188} INFO - [2024-02-26T16:09:27.244+0000] {dag.py:3047} INFO - Sync 1 DAGs
[2024-02-26T16:09:27.260+0000] {logging_mixin.py:188} INFO - [2024-02-26T16:09:27.259+0000] {dag.py:3834} INFO - Setting next_dagrun for example_xcom to 2021-01-01 00:00:00+00:00, run_after=2021-01-01 00:00:00+00:00
[2024-02-26T16:09:27.271+0000] {processor.py:183} INFO - Processing /home/airflow/.local/lib/python3.11/site-packages/airflow/example_dags/example_xcom.py took 0.064 seconds
[2024-02-26T16:09:57.393+0000] {processor.py:161} INFO - Started process (PID=10702) to work on /home/airflow/.local/lib/python3.11/site-packages/airflow/example_dags/example_xcom.py
[2024-02-26T16:09:57.395+0000] {processor.py:830} INFO - Processing file /home/airflow/.local/lib/python3.11/site-packages/airflow/example_dags/example_xcom.py for tasks to queue
[2024-02-26T16:09:57.398+0000] {logging_mixin.py:188} INFO - [2024-02-26T16:09:57.398+0000] {dagbag.py:540} INFO - Filling up the DagBag from /home/airflow/.local/lib/python3.11/site-packages/airflow/example_dags/example_xcom.py
[2024-02-26T16:09:57.405+0000] {processor.py:840} INFO - DAG(s) 'example_xcom' retrieved from /home/airflow/.local/lib/python3.11/site-packages/airflow/example_dags/example_xcom.py
[2024-02-26T16:09:57.430+0000] {logging_mixin.py:188} INFO - [2024-02-26T16:09:57.430+0000] {dag.py:3047} INFO - Sync 1 DAGs
[2024-02-26T16:09:57.447+0000] {logging_mixin.py:188} INFO - [2024-02-26T16:09:57.447+0000] {dag.py:3834} INFO - Setting next_dagrun for example_xcom to 2021-01-01 00:00:00+00:00, run_after=2021-01-01 00:00:00+00:00
[2024-02-26T16:09:57.460+0000] {processor.py:183} INFO - Processing /home/airflow/.local/lib/python3.11/site-packages/airflow/example_dags/example_xcom.py took 0.070 seconds
[2024-02-26T16:10:27.648+0000] {processor.py:161} INFO - Started process (PID=10949) to work on /home/airflow/.local/lib/python3.11/site-packages/airflow/example_dags/example_xcom.py
[2024-02-26T16:10:27.650+0000] {processor.py:830} INFO - Processing file /home/airflow/.local/lib/python3.11/site-packages/airflow/example_dags/example_xcom.py for tasks to queue
[2024-02-26T16:10:27.651+0000] {logging_mixin.py:188} INFO - [2024-02-26T16:10:27.651+0000] {dagbag.py:540} INFO - Filling up the DagBag from /home/airflow/.local/lib/python3.11/site-packages/airflow/example_dags/example_xcom.py
[2024-02-26T16:10:27.659+0000] {processor.py:840} INFO - DAG(s) 'example_xcom' retrieved from /home/airflow/.local/lib/python3.11/site-packages/airflow/example_dags/example_xcom.py
[2024-02-26T16:10:27.681+0000] {logging_mixin.py:188} INFO - [2024-02-26T16:10:27.680+0000] {dag.py:3047} INFO - Sync 1 DAGs
[2024-02-26T16:10:27.697+0000] {logging_mixin.py:188} INFO - [2024-02-26T16:10:27.697+0000] {dag.py:3834} INFO - Setting next_dagrun for example_xcom to 2021-01-01 00:00:00+00:00, run_after=2021-01-01 00:00:00+00:00
[2024-02-26T16:10:27.709+0000] {processor.py:183} INFO - Processing /home/airflow/.local/lib/python3.11/site-packages/airflow/example_dags/example_xcom.py took 0.065 seconds
[2024-02-26T16:10:57.832+0000] {processor.py:161} INFO - Started process (PID=11198) to work on /home/airflow/.local/lib/python3.11/site-packages/airflow/example_dags/example_xcom.py
[2024-02-26T16:10:57.834+0000] {processor.py:830} INFO - Processing file /home/airflow/.local/lib/python3.11/site-packages/airflow/example_dags/example_xcom.py for tasks to queue
[2024-02-26T16:10:57.837+0000] {logging_mixin.py:188} INFO - [2024-02-26T16:10:57.836+0000] {dagbag.py:540} INFO - Filling up the DagBag from /home/airflow/.local/lib/python3.11/site-packages/airflow/example_dags/example_xcom.py
[2024-02-26T16:10:57.850+0000] {processor.py:840} INFO - DAG(s) 'example_xcom' retrieved from /home/airflow/.local/lib/python3.11/site-packages/airflow/example_dags/example_xcom.py
[2024-02-26T16:10:57.874+0000] {logging_mixin.py:188} INFO - [2024-02-26T16:10:57.874+0000] {dag.py:3047} INFO - Sync 1 DAGs
[2024-02-26T16:10:57.889+0000] {logging_mixin.py:188} INFO - [2024-02-26T16:10:57.888+0000] {dag.py:3834} INFO - Setting next_dagrun for example_xcom to 2021-01-01 00:00:00+00:00, run_after=2021-01-01 00:00:00+00:00
[2024-02-26T16:10:57.902+0000] {processor.py:183} INFO - Processing /home/airflow/.local/lib/python3.11/site-packages/airflow/example_dags/example_xcom.py took 0.074 seconds
[2024-02-26T16:11:28.221+0000] {processor.py:161} INFO - Started process (PID=11445) to work on /home/airflow/.local/lib/python3.11/site-packages/airflow/example_dags/example_xcom.py
[2024-02-26T16:11:28.224+0000] {processor.py:830} INFO - Processing file /home/airflow/.local/lib/python3.11/site-packages/airflow/example_dags/example_xcom.py for tasks to queue
[2024-02-26T16:11:28.226+0000] {logging_mixin.py:188} INFO - [2024-02-26T16:11:28.226+0000] {dagbag.py:540} INFO - Filling up the DagBag from /home/airflow/.local/lib/python3.11/site-packages/airflow/example_dags/example_xcom.py
[2024-02-26T16:11:28.233+0000] {processor.py:840} INFO - DAG(s) 'example_xcom' retrieved from /home/airflow/.local/lib/python3.11/site-packages/airflow/example_dags/example_xcom.py
[2024-02-26T16:11:28.253+0000] {logging_mixin.py:188} INFO - [2024-02-26T16:11:28.253+0000] {dag.py:3047} INFO - Sync 1 DAGs
[2024-02-26T16:11:28.268+0000] {logging_mixin.py:188} INFO - [2024-02-26T16:11:28.268+0000] {dag.py:3834} INFO - Setting next_dagrun for example_xcom to 2021-01-01 00:00:00+00:00, run_after=2021-01-01 00:00:00+00:00
[2024-02-26T16:11:28.279+0000] {processor.py:183} INFO - Processing /home/airflow/.local/lib/python3.11/site-packages/airflow/example_dags/example_xcom.py took 0.060 seconds
[2024-02-26T16:11:58.352+0000] {processor.py:161} INFO - Started process (PID=11690) to work on /home/airflow/.local/lib/python3.11/site-packages/airflow/example_dags/example_xcom.py
[2024-02-26T16:11:58.354+0000] {processor.py:830} INFO - Processing file /home/airflow/.local/lib/python3.11/site-packages/airflow/example_dags/example_xcom.py for tasks to queue
[2024-02-26T16:11:58.356+0000] {logging_mixin.py:188} INFO - [2024-02-26T16:11:58.356+0000] {dagbag.py:540} INFO - Filling up the DagBag from /home/airflow/.local/lib/python3.11/site-packages/airflow/example_dags/example_xcom.py
[2024-02-26T16:11:58.364+0000] {processor.py:840} INFO - DAG(s) 'example_xcom' retrieved from /home/airflow/.local/lib/python3.11/site-packages/airflow/example_dags/example_xcom.py
[2024-02-26T16:11:58.385+0000] {logging_mixin.py:188} INFO - [2024-02-26T16:11:58.385+0000] {dag.py:3047} INFO - Sync 1 DAGs
[2024-02-26T16:11:58.399+0000] {logging_mixin.py:188} INFO - [2024-02-26T16:11:58.399+0000] {dag.py:3834} INFO - Setting next_dagrun for example_xcom to 2021-01-01 00:00:00+00:00, run_after=2021-01-01 00:00:00+00:00
[2024-02-26T16:11:58.411+0000] {processor.py:183} INFO - Processing /home/airflow/.local/lib/python3.11/site-packages/airflow/example_dags/example_xcom.py took 0.062 seconds
[2024-02-26T16:12:28.492+0000] {processor.py:161} INFO - Started process (PID=11937) to work on /home/airflow/.local/lib/python3.11/site-packages/airflow/example_dags/example_xcom.py
[2024-02-26T16:12:28.494+0000] {processor.py:830} INFO - Processing file /home/airflow/.local/lib/python3.11/site-packages/airflow/example_dags/example_xcom.py for tasks to queue
[2024-02-26T16:12:28.496+0000] {logging_mixin.py:188} INFO - [2024-02-26T16:12:28.495+0000] {dagbag.py:540} INFO - Filling up the DagBag from /home/airflow/.local/lib/python3.11/site-packages/airflow/example_dags/example_xcom.py
[2024-02-26T16:12:28.504+0000] {processor.py:840} INFO - DAG(s) 'example_xcom' retrieved from /home/airflow/.local/lib/python3.11/site-packages/airflow/example_dags/example_xcom.py
[2024-02-26T16:12:28.525+0000] {logging_mixin.py:188} INFO - [2024-02-26T16:12:28.525+0000] {dag.py:3047} INFO - Sync 1 DAGs
[2024-02-26T16:12:28.540+0000] {logging_mixin.py:188} INFO - [2024-02-26T16:12:28.540+0000] {dag.py:3834} INFO - Setting next_dagrun for example_xcom to 2021-01-01 00:00:00+00:00, run_after=2021-01-01 00:00:00+00:00
[2024-02-26T16:12:28.552+0000] {processor.py:183} INFO - Processing /home/airflow/.local/lib/python3.11/site-packages/airflow/example_dags/example_xcom.py took 0.064 seconds
[2024-02-26T16:12:58.676+0000] {processor.py:161} INFO - Started process (PID=12185) to work on /home/airflow/.local/lib/python3.11/site-packages/airflow/example_dags/example_xcom.py
[2024-02-26T16:12:58.677+0000] {processor.py:830} INFO - Processing file /home/airflow/.local/lib/python3.11/site-packages/airflow/example_dags/example_xcom.py for tasks to queue
[2024-02-26T16:12:58.679+0000] {logging_mixin.py:188} INFO - [2024-02-26T16:12:58.679+0000] {dagbag.py:540} INFO - Filling up the DagBag from /home/airflow/.local/lib/python3.11/site-packages/airflow/example_dags/example_xcom.py
[2024-02-26T16:12:58.687+0000] {processor.py:840} INFO - DAG(s) 'example_xcom' retrieved from /home/airflow/.local/lib/python3.11/site-packages/airflow/example_dags/example_xcom.py
[2024-02-26T16:12:58.709+0000] {logging_mixin.py:188} INFO - [2024-02-26T16:12:58.709+0000] {dag.py:3047} INFO - Sync 1 DAGs
[2024-02-26T16:12:58.735+0000] {logging_mixin.py:188} INFO - [2024-02-26T16:12:58.735+0000] {dag.py:3834} INFO - Setting next_dagrun for example_xcom to 2021-01-01 00:00:00+00:00, run_after=2021-01-01 00:00:00+00:00
[2024-02-26T16:12:58.751+0000] {processor.py:183} INFO - Processing /home/airflow/.local/lib/python3.11/site-packages/airflow/example_dags/example_xcom.py took 0.078 seconds
[2024-02-26T16:13:28.870+0000] {processor.py:161} INFO - Started process (PID=12439) to work on /home/airflow/.local/lib/python3.11/site-packages/airflow/example_dags/example_xcom.py
[2024-02-26T16:13:28.871+0000] {processor.py:830} INFO - Processing file /home/airflow/.local/lib/python3.11/site-packages/airflow/example_dags/example_xcom.py for tasks to queue
[2024-02-26T16:13:28.873+0000] {logging_mixin.py:188} INFO - [2024-02-26T16:13:28.873+0000] {dagbag.py:540} INFO - Filling up the DagBag from /home/airflow/.local/lib/python3.11/site-packages/airflow/example_dags/example_xcom.py
[2024-02-26T16:13:28.880+0000] {processor.py:840} INFO - DAG(s) 'example_xcom' retrieved from /home/airflow/.local/lib/python3.11/site-packages/airflow/example_dags/example_xcom.py
[2024-02-26T16:13:28.901+0000] {logging_mixin.py:188} INFO - [2024-02-26T16:13:28.901+0000] {dag.py:3047} INFO - Sync 1 DAGs
[2024-02-26T16:13:28.917+0000] {logging_mixin.py:188} INFO - [2024-02-26T16:13:28.917+0000] {dag.py:3834} INFO - Setting next_dagrun for example_xcom to 2021-01-01 00:00:00+00:00, run_after=2021-01-01 00:00:00+00:00
[2024-02-26T16:13:28.928+0000] {processor.py:183} INFO - Processing /home/airflow/.local/lib/python3.11/site-packages/airflow/example_dags/example_xcom.py took 0.062 seconds
[2024-02-26T16:13:59.275+0000] {processor.py:161} INFO - Started process (PID=12687) to work on /home/airflow/.local/lib/python3.11/site-packages/airflow/example_dags/example_xcom.py
[2024-02-26T16:13:59.278+0000] {processor.py:830} INFO - Processing file /home/airflow/.local/lib/python3.11/site-packages/airflow/example_dags/example_xcom.py for tasks to queue
[2024-02-26T16:13:59.281+0000] {logging_mixin.py:188} INFO - [2024-02-26T16:13:59.280+0000] {dagbag.py:540} INFO - Filling up the DagBag from /home/airflow/.local/lib/python3.11/site-packages/airflow/example_dags/example_xcom.py
[2024-02-26T16:13:59.292+0000] {processor.py:840} INFO - DAG(s) 'example_xcom' retrieved from /home/airflow/.local/lib/python3.11/site-packages/airflow/example_dags/example_xcom.py
[2024-02-26T16:13:59.321+0000] {logging_mixin.py:188} INFO - [2024-02-26T16:13:59.320+0000] {dag.py:3047} INFO - Sync 1 DAGs
[2024-02-26T16:13:59.341+0000] {logging_mixin.py:188} INFO - [2024-02-26T16:13:59.341+0000] {dag.py:3834} INFO - Setting next_dagrun for example_xcom to 2021-01-01 00:00:00+00:00, run_after=2021-01-01 00:00:00+00:00
[2024-02-26T16:13:59.359+0000] {processor.py:183} INFO - Processing /home/airflow/.local/lib/python3.11/site-packages/airflow/example_dags/example_xcom.py took 0.089 seconds
[2024-02-26T16:14:29.518+0000] {processor.py:161} INFO - Started process (PID=12934) to work on /home/airflow/.local/lib/python3.11/site-packages/airflow/example_dags/example_xcom.py
[2024-02-26T16:14:29.520+0000] {processor.py:830} INFO - Processing file /home/airflow/.local/lib/python3.11/site-packages/airflow/example_dags/example_xcom.py for tasks to queue
[2024-02-26T16:14:29.521+0000] {logging_mixin.py:188} INFO - [2024-02-26T16:14:29.521+0000] {dagbag.py:540} INFO - Filling up the DagBag from /home/airflow/.local/lib/python3.11/site-packages/airflow/example_dags/example_xcom.py
[2024-02-26T16:14:29.529+0000] {processor.py:840} INFO - DAG(s) 'example_xcom' retrieved from /home/airflow/.local/lib/python3.11/site-packages/airflow/example_dags/example_xcom.py
[2024-02-26T16:14:29.548+0000] {logging_mixin.py:188} INFO - [2024-02-26T16:14:29.548+0000] {dag.py:3047} INFO - Sync 1 DAGs
[2024-02-26T16:14:29.560+0000] {logging_mixin.py:188} INFO - [2024-02-26T16:14:29.560+0000] {dag.py:3834} INFO - Setting next_dagrun for example_xcom to 2021-01-01 00:00:00+00:00, run_after=2021-01-01 00:00:00+00:00
[2024-02-26T16:14:29.572+0000] {processor.py:183} INFO - Processing /home/airflow/.local/lib/python3.11/site-packages/airflow/example_dags/example_xcom.py took 0.057 seconds
