[2024-02-26T15:48:34.456+0000] {processor.py:161} INFO - Started process (PID=284) to work on /home/airflow/.local/lib/python3.11/site-packages/airflow/example_dags/example_sensor_decorator.py
[2024-02-26T15:48:34.458+0000] {processor.py:830} INFO - Processing file /home/airflow/.local/lib/python3.11/site-packages/airflow/example_dags/example_sensor_decorator.py for tasks to queue
[2024-02-26T15:48:34.461+0000] {logging_mixin.py:188} INFO - [2024-02-26T15:48:34.460+0000] {dagbag.py:540} INFO - Filling up the DagBag from /home/airflow/.local/lib/python3.11/site-packages/airflow/example_dags/example_sensor_decorator.py
[2024-02-26T15:48:34.468+0000] {processor.py:840} INFO - DAG(s) 'example_sensor_decorator' retrieved from /home/airflow/.local/lib/python3.11/site-packages/airflow/example_dags/example_sensor_decorator.py
[2024-02-26T15:48:34.482+0000] {logging_mixin.py:188} INFO - [2024-02-26T15:48:34.482+0000] {dag.py:3047} INFO - Sync 1 DAGs
[2024-02-26T15:48:34.493+0000] {logging_mixin.py:188} INFO - [2024-02-26T15:48:34.492+0000] {dag.py:3834} INFO - Setting next_dagrun for example_sensor_decorator to None, run_after=None
[2024-02-26T15:48:34.507+0000] {processor.py:183} INFO - Processing /home/airflow/.local/lib/python3.11/site-packages/airflow/example_dags/example_sensor_decorator.py took 0.054 seconds
[2024-02-26T15:49:04.705+0000] {processor.py:161} INFO - Started process (PID=531) to work on /home/airflow/.local/lib/python3.11/site-packages/airflow/example_dags/example_sensor_decorator.py
[2024-02-26T15:49:04.707+0000] {processor.py:830} INFO - Processing file /home/airflow/.local/lib/python3.11/site-packages/airflow/example_dags/example_sensor_decorator.py for tasks to queue
[2024-02-26T15:49:04.708+0000] {logging_mixin.py:188} INFO - [2024-02-26T15:49:04.708+0000] {dagbag.py:540} INFO - Filling up the DagBag from /home/airflow/.local/lib/python3.11/site-packages/airflow/example_dags/example_sensor_decorator.py
[2024-02-26T15:49:04.715+0000] {processor.py:840} INFO - DAG(s) 'example_sensor_decorator' retrieved from /home/airflow/.local/lib/python3.11/site-packages/airflow/example_dags/example_sensor_decorator.py
[2024-02-26T15:49:04.787+0000] {logging_mixin.py:188} INFO - [2024-02-26T15:49:04.787+0000] {dag.py:3047} INFO - Sync 1 DAGs
[2024-02-26T15:49:04.795+0000] {logging_mixin.py:188} INFO - [2024-02-26T15:49:04.795+0000] {dag.py:3834} INFO - Setting next_dagrun for example_sensor_decorator to None, run_after=None
[2024-02-26T15:49:04.807+0000] {processor.py:183} INFO - Processing /home/airflow/.local/lib/python3.11/site-packages/airflow/example_dags/example_sensor_decorator.py took 0.106 seconds
[2024-02-26T15:49:35.072+0000] {processor.py:161} INFO - Started process (PID=778) to work on /home/airflow/.local/lib/python3.11/site-packages/airflow/example_dags/example_sensor_decorator.py
[2024-02-26T15:49:35.074+0000] {processor.py:830} INFO - Processing file /home/airflow/.local/lib/python3.11/site-packages/airflow/example_dags/example_sensor_decorator.py for tasks to queue
[2024-02-26T15:49:35.076+0000] {logging_mixin.py:188} INFO - [2024-02-26T15:49:35.076+0000] {dagbag.py:540} INFO - Filling up the DagBag from /home/airflow/.local/lib/python3.11/site-packages/airflow/example_dags/example_sensor_decorator.py
[2024-02-26T15:49:35.082+0000] {processor.py:840} INFO - DAG(s) 'example_sensor_decorator' retrieved from /home/airflow/.local/lib/python3.11/site-packages/airflow/example_dags/example_sensor_decorator.py
[2024-02-26T15:49:35.101+0000] {logging_mixin.py:188} INFO - [2024-02-26T15:49:35.101+0000] {dag.py:3047} INFO - Sync 1 DAGs
[2024-02-26T15:49:35.109+0000] {logging_mixin.py:188} INFO - [2024-02-26T15:49:35.109+0000] {dag.py:3834} INFO - Setting next_dagrun for example_sensor_decorator to None, run_after=None
[2024-02-26T15:49:35.122+0000] {processor.py:183} INFO - Processing /home/airflow/.local/lib/python3.11/site-packages/airflow/example_dags/example_sensor_decorator.py took 0.052 seconds
[2024-02-26T15:50:05.805+0000] {processor.py:161} INFO - Started process (PID=1026) to work on /home/airflow/.local/lib/python3.11/site-packages/airflow/example_dags/example_sensor_decorator.py
[2024-02-26T15:50:05.807+0000] {processor.py:830} INFO - Processing file /home/airflow/.local/lib/python3.11/site-packages/airflow/example_dags/example_sensor_decorator.py for tasks to queue
[2024-02-26T15:50:05.809+0000] {logging_mixin.py:188} INFO - [2024-02-26T15:50:05.808+0000] {dagbag.py:540} INFO - Filling up the DagBag from /home/airflow/.local/lib/python3.11/site-packages/airflow/example_dags/example_sensor_decorator.py
[2024-02-26T15:50:05.815+0000] {processor.py:840} INFO - DAG(s) 'example_sensor_decorator' retrieved from /home/airflow/.local/lib/python3.11/site-packages/airflow/example_dags/example_sensor_decorator.py
[2024-02-26T15:50:05.834+0000] {logging_mixin.py:188} INFO - [2024-02-26T15:50:05.833+0000] {dag.py:3047} INFO - Sync 1 DAGs
[2024-02-26T15:50:05.843+0000] {logging_mixin.py:188} INFO - [2024-02-26T15:50:05.843+0000] {dag.py:3834} INFO - Setting next_dagrun for example_sensor_decorator to None, run_after=None
[2024-02-26T15:50:05.854+0000] {processor.py:183} INFO - Processing /home/airflow/.local/lib/python3.11/site-packages/airflow/example_dags/example_sensor_decorator.py took 0.053 seconds
[2024-02-26T15:50:37.116+0000] {processor.py:161} INFO - Started process (PID=1272) to work on /home/airflow/.local/lib/python3.11/site-packages/airflow/example_dags/example_sensor_decorator.py
[2024-02-26T15:50:37.118+0000] {processor.py:830} INFO - Processing file /home/airflow/.local/lib/python3.11/site-packages/airflow/example_dags/example_sensor_decorator.py for tasks to queue
[2024-02-26T15:50:37.120+0000] {logging_mixin.py:188} INFO - [2024-02-26T15:50:37.119+0000] {dagbag.py:540} INFO - Filling up the DagBag from /home/airflow/.local/lib/python3.11/site-packages/airflow/example_dags/example_sensor_decorator.py
[2024-02-26T15:50:37.126+0000] {processor.py:840} INFO - DAG(s) 'example_sensor_decorator' retrieved from /home/airflow/.local/lib/python3.11/site-packages/airflow/example_dags/example_sensor_decorator.py
[2024-02-26T15:50:37.146+0000] {logging_mixin.py:188} INFO - [2024-02-26T15:50:37.146+0000] {dag.py:3047} INFO - Sync 1 DAGs
[2024-02-26T15:50:37.154+0000] {logging_mixin.py:188} INFO - [2024-02-26T15:50:37.154+0000] {dag.py:3834} INFO - Setting next_dagrun for example_sensor_decorator to None, run_after=None
[2024-02-26T15:50:37.165+0000] {processor.py:183} INFO - Processing /home/airflow/.local/lib/python3.11/site-packages/airflow/example_dags/example_sensor_decorator.py took 0.052 seconds
[2024-02-26T15:51:07.927+0000] {processor.py:161} INFO - Started process (PID=1519) to work on /home/airflow/.local/lib/python3.11/site-packages/airflow/example_dags/example_sensor_decorator.py
[2024-02-26T15:51:07.929+0000] {processor.py:830} INFO - Processing file /home/airflow/.local/lib/python3.11/site-packages/airflow/example_dags/example_sensor_decorator.py for tasks to queue
[2024-02-26T15:51:07.931+0000] {logging_mixin.py:188} INFO - [2024-02-26T15:51:07.931+0000] {dagbag.py:540} INFO - Filling up the DagBag from /home/airflow/.local/lib/python3.11/site-packages/airflow/example_dags/example_sensor_decorator.py
[2024-02-26T15:51:07.937+0000] {processor.py:840} INFO - DAG(s) 'example_sensor_decorator' retrieved from /home/airflow/.local/lib/python3.11/site-packages/airflow/example_dags/example_sensor_decorator.py
[2024-02-26T15:51:07.956+0000] {logging_mixin.py:188} INFO - [2024-02-26T15:51:07.956+0000] {dag.py:3047} INFO - Sync 1 DAGs
[2024-02-26T15:51:07.966+0000] {logging_mixin.py:188} INFO - [2024-02-26T15:51:07.966+0000] {dag.py:3834} INFO - Setting next_dagrun for example_sensor_decorator to None, run_after=None
[2024-02-26T15:51:07.980+0000] {processor.py:183} INFO - Processing /home/airflow/.local/lib/python3.11/site-packages/airflow/example_dags/example_sensor_decorator.py took 0.056 seconds
[2024-02-26T15:51:38.786+0000] {processor.py:161} INFO - Started process (PID=1766) to work on /home/airflow/.local/lib/python3.11/site-packages/airflow/example_dags/example_sensor_decorator.py
[2024-02-26T15:51:38.788+0000] {processor.py:830} INFO - Processing file /home/airflow/.local/lib/python3.11/site-packages/airflow/example_dags/example_sensor_decorator.py for tasks to queue
[2024-02-26T15:51:38.791+0000] {logging_mixin.py:188} INFO - [2024-02-26T15:51:38.790+0000] {dagbag.py:540} INFO - Filling up the DagBag from /home/airflow/.local/lib/python3.11/site-packages/airflow/example_dags/example_sensor_decorator.py
[2024-02-26T15:51:38.796+0000] {processor.py:840} INFO - DAG(s) 'example_sensor_decorator' retrieved from /home/airflow/.local/lib/python3.11/site-packages/airflow/example_dags/example_sensor_decorator.py
[2024-02-26T15:51:38.815+0000] {logging_mixin.py:188} INFO - [2024-02-26T15:51:38.815+0000] {dag.py:3047} INFO - Sync 1 DAGs
[2024-02-26T15:51:38.823+0000] {logging_mixin.py:188} INFO - [2024-02-26T15:51:38.823+0000] {dag.py:3834} INFO - Setting next_dagrun for example_sensor_decorator to None, run_after=None
[2024-02-26T15:51:38.836+0000] {processor.py:183} INFO - Processing /home/airflow/.local/lib/python3.11/site-packages/airflow/example_dags/example_sensor_decorator.py took 0.053 seconds
[2024-02-26T15:52:09.697+0000] {processor.py:161} INFO - Started process (PID=2061) to work on /home/airflow/.local/lib/python3.11/site-packages/airflow/example_dags/example_sensor_decorator.py
[2024-02-26T15:52:09.698+0000] {processor.py:830} INFO - Processing file /home/airflow/.local/lib/python3.11/site-packages/airflow/example_dags/example_sensor_decorator.py for tasks to queue
[2024-02-26T15:52:09.700+0000] {logging_mixin.py:188} INFO - [2024-02-26T15:52:09.699+0000] {dagbag.py:540} INFO - Filling up the DagBag from /home/airflow/.local/lib/python3.11/site-packages/airflow/example_dags/example_sensor_decorator.py
[2024-02-26T15:52:09.706+0000] {processor.py:840} INFO - DAG(s) 'example_sensor_decorator' retrieved from /home/airflow/.local/lib/python3.11/site-packages/airflow/example_dags/example_sensor_decorator.py
[2024-02-26T15:52:09.727+0000] {logging_mixin.py:188} INFO - [2024-02-26T15:52:09.727+0000] {dag.py:3047} INFO - Sync 1 DAGs
[2024-02-26T15:52:09.738+0000] {logging_mixin.py:188} INFO - [2024-02-26T15:52:09.737+0000] {dag.py:3834} INFO - Setting next_dagrun for example_sensor_decorator to None, run_after=None
[2024-02-26T15:52:09.752+0000] {processor.py:183} INFO - Processing /home/airflow/.local/lib/python3.11/site-packages/airflow/example_dags/example_sensor_decorator.py took 0.059 seconds
[2024-02-26T15:52:40.087+0000] {processor.py:161} INFO - Started process (PID=2332) to work on /home/airflow/.local/lib/python3.11/site-packages/airflow/example_dags/example_sensor_decorator.py
[2024-02-26T15:52:40.103+0000] {processor.py:830} INFO - Processing file /home/airflow/.local/lib/python3.11/site-packages/airflow/example_dags/example_sensor_decorator.py for tasks to queue
[2024-02-26T15:52:40.105+0000] {logging_mixin.py:188} INFO - [2024-02-26T15:52:40.104+0000] {dagbag.py:540} INFO - Filling up the DagBag from /home/airflow/.local/lib/python3.11/site-packages/airflow/example_dags/example_sensor_decorator.py
[2024-02-26T15:52:40.116+0000] {processor.py:840} INFO - DAG(s) 'example_sensor_decorator' retrieved from /home/airflow/.local/lib/python3.11/site-packages/airflow/example_dags/example_sensor_decorator.py
[2024-02-26T15:52:40.136+0000] {logging_mixin.py:188} INFO - [2024-02-26T15:52:40.136+0000] {dag.py:3047} INFO - Sync 1 DAGs
[2024-02-26T15:52:40.145+0000] {logging_mixin.py:188} INFO - [2024-02-26T15:52:40.145+0000] {dag.py:3834} INFO - Setting next_dagrun for example_sensor_decorator to None, run_after=None
[2024-02-26T15:52:40.164+0000] {processor.py:183} INFO - Processing /home/airflow/.local/lib/python3.11/site-packages/airflow/example_dags/example_sensor_decorator.py took 0.080 seconds
[2024-02-26T15:53:10.864+0000] {processor.py:161} INFO - Started process (PID=2579) to work on /home/airflow/.local/lib/python3.11/site-packages/airflow/example_dags/example_sensor_decorator.py
[2024-02-26T15:53:10.866+0000] {processor.py:830} INFO - Processing file /home/airflow/.local/lib/python3.11/site-packages/airflow/example_dags/example_sensor_decorator.py for tasks to queue
[2024-02-26T15:53:10.868+0000] {logging_mixin.py:188} INFO - [2024-02-26T15:53:10.868+0000] {dagbag.py:540} INFO - Filling up the DagBag from /home/airflow/.local/lib/python3.11/site-packages/airflow/example_dags/example_sensor_decorator.py
[2024-02-26T15:53:10.875+0000] {processor.py:840} INFO - DAG(s) 'example_sensor_decorator' retrieved from /home/airflow/.local/lib/python3.11/site-packages/airflow/example_dags/example_sensor_decorator.py
[2024-02-26T15:53:10.894+0000] {logging_mixin.py:188} INFO - [2024-02-26T15:53:10.894+0000] {dag.py:3047} INFO - Sync 1 DAGs
[2024-02-26T15:53:10.904+0000] {logging_mixin.py:188} INFO - [2024-02-26T15:53:10.904+0000] {dag.py:3834} INFO - Setting next_dagrun for example_sensor_decorator to None, run_after=None
[2024-02-26T15:53:10.918+0000] {processor.py:183} INFO - Processing /home/airflow/.local/lib/python3.11/site-packages/airflow/example_dags/example_sensor_decorator.py took 0.058 seconds
[2024-02-26T15:53:41.697+0000] {processor.py:161} INFO - Started process (PID=2826) to work on /home/airflow/.local/lib/python3.11/site-packages/airflow/example_dags/example_sensor_decorator.py
[2024-02-26T15:53:41.699+0000] {processor.py:830} INFO - Processing file /home/airflow/.local/lib/python3.11/site-packages/airflow/example_dags/example_sensor_decorator.py for tasks to queue
[2024-02-26T15:53:41.700+0000] {logging_mixin.py:188} INFO - [2024-02-26T15:53:41.700+0000] {dagbag.py:540} INFO - Filling up the DagBag from /home/airflow/.local/lib/python3.11/site-packages/airflow/example_dags/example_sensor_decorator.py
[2024-02-26T15:53:41.707+0000] {processor.py:840} INFO - DAG(s) 'example_sensor_decorator' retrieved from /home/airflow/.local/lib/python3.11/site-packages/airflow/example_dags/example_sensor_decorator.py
[2024-02-26T15:53:41.725+0000] {logging_mixin.py:188} INFO - [2024-02-26T15:53:41.725+0000] {dag.py:3047} INFO - Sync 1 DAGs
[2024-02-26T15:53:41.734+0000] {logging_mixin.py:188} INFO - [2024-02-26T15:53:41.734+0000] {dag.py:3834} INFO - Setting next_dagrun for example_sensor_decorator to None, run_after=None
[2024-02-26T15:53:41.745+0000] {processor.py:183} INFO - Processing /home/airflow/.local/lib/python3.11/site-packages/airflow/example_dags/example_sensor_decorator.py took 0.051 seconds
[2024-02-26T15:54:12.471+0000] {processor.py:161} INFO - Started process (PID=3073) to work on /home/airflow/.local/lib/python3.11/site-packages/airflow/example_dags/example_sensor_decorator.py
[2024-02-26T15:54:12.473+0000] {processor.py:830} INFO - Processing file /home/airflow/.local/lib/python3.11/site-packages/airflow/example_dags/example_sensor_decorator.py for tasks to queue
[2024-02-26T15:54:12.475+0000] {logging_mixin.py:188} INFO - [2024-02-26T15:54:12.474+0000] {dagbag.py:540} INFO - Filling up the DagBag from /home/airflow/.local/lib/python3.11/site-packages/airflow/example_dags/example_sensor_decorator.py
[2024-02-26T15:54:12.481+0000] {processor.py:840} INFO - DAG(s) 'example_sensor_decorator' retrieved from /home/airflow/.local/lib/python3.11/site-packages/airflow/example_dags/example_sensor_decorator.py
[2024-02-26T15:54:12.502+0000] {logging_mixin.py:188} INFO - [2024-02-26T15:54:12.502+0000] {dag.py:3047} INFO - Sync 1 DAGs
[2024-02-26T15:54:12.512+0000] {logging_mixin.py:188} INFO - [2024-02-26T15:54:12.512+0000] {dag.py:3834} INFO - Setting next_dagrun for example_sensor_decorator to None, run_after=None
[2024-02-26T15:54:12.523+0000] {processor.py:183} INFO - Processing /home/airflow/.local/lib/python3.11/site-packages/airflow/example_dags/example_sensor_decorator.py took 0.055 seconds
[2024-02-26T15:54:43.349+0000] {processor.py:161} INFO - Started process (PID=3320) to work on /home/airflow/.local/lib/python3.11/site-packages/airflow/example_dags/example_sensor_decorator.py
[2024-02-26T15:54:43.351+0000] {processor.py:830} INFO - Processing file /home/airflow/.local/lib/python3.11/site-packages/airflow/example_dags/example_sensor_decorator.py for tasks to queue
[2024-02-26T15:54:43.352+0000] {logging_mixin.py:188} INFO - [2024-02-26T15:54:43.352+0000] {dagbag.py:540} INFO - Filling up the DagBag from /home/airflow/.local/lib/python3.11/site-packages/airflow/example_dags/example_sensor_decorator.py
[2024-02-26T15:54:43.358+0000] {processor.py:840} INFO - DAG(s) 'example_sensor_decorator' retrieved from /home/airflow/.local/lib/python3.11/site-packages/airflow/example_dags/example_sensor_decorator.py
[2024-02-26T15:54:43.377+0000] {logging_mixin.py:188} INFO - [2024-02-26T15:54:43.377+0000] {dag.py:3047} INFO - Sync 1 DAGs
[2024-02-26T15:54:43.386+0000] {logging_mixin.py:188} INFO - [2024-02-26T15:54:43.385+0000] {dag.py:3834} INFO - Setting next_dagrun for example_sensor_decorator to None, run_after=None
[2024-02-26T15:54:43.396+0000] {processor.py:183} INFO - Processing /home/airflow/.local/lib/python3.11/site-packages/airflow/example_dags/example_sensor_decorator.py took 0.050 seconds
[2024-02-26T15:55:14.334+0000] {processor.py:161} INFO - Started process (PID=3568) to work on /home/airflow/.local/lib/python3.11/site-packages/airflow/example_dags/example_sensor_decorator.py
[2024-02-26T15:55:14.335+0000] {processor.py:830} INFO - Processing file /home/airflow/.local/lib/python3.11/site-packages/airflow/example_dags/example_sensor_decorator.py for tasks to queue
[2024-02-26T15:55:14.337+0000] {logging_mixin.py:188} INFO - [2024-02-26T15:55:14.336+0000] {dagbag.py:540} INFO - Filling up the DagBag from /home/airflow/.local/lib/python3.11/site-packages/airflow/example_dags/example_sensor_decorator.py
[2024-02-26T15:55:14.342+0000] {processor.py:840} INFO - DAG(s) 'example_sensor_decorator' retrieved from /home/airflow/.local/lib/python3.11/site-packages/airflow/example_dags/example_sensor_decorator.py
[2024-02-26T15:55:14.363+0000] {logging_mixin.py:188} INFO - [2024-02-26T15:55:14.362+0000] {dag.py:3047} INFO - Sync 1 DAGs
[2024-02-26T15:55:14.372+0000] {logging_mixin.py:188} INFO - [2024-02-26T15:55:14.372+0000] {dag.py:3834} INFO - Setting next_dagrun for example_sensor_decorator to None, run_after=None
[2024-02-26T15:55:14.383+0000] {processor.py:183} INFO - Processing /home/airflow/.local/lib/python3.11/site-packages/airflow/example_dags/example_sensor_decorator.py took 0.052 seconds
[2024-02-26T15:55:45.358+0000] {processor.py:161} INFO - Started process (PID=3813) to work on /home/airflow/.local/lib/python3.11/site-packages/airflow/example_dags/example_sensor_decorator.py
[2024-02-26T15:55:45.360+0000] {processor.py:830} INFO - Processing file /home/airflow/.local/lib/python3.11/site-packages/airflow/example_dags/example_sensor_decorator.py for tasks to queue
[2024-02-26T15:55:45.362+0000] {logging_mixin.py:188} INFO - [2024-02-26T15:55:45.361+0000] {dagbag.py:540} INFO - Filling up the DagBag from /home/airflow/.local/lib/python3.11/site-packages/airflow/example_dags/example_sensor_decorator.py
[2024-02-26T15:55:45.370+0000] {processor.py:840} INFO - DAG(s) 'example_sensor_decorator' retrieved from /home/airflow/.local/lib/python3.11/site-packages/airflow/example_dags/example_sensor_decorator.py
[2024-02-26T15:55:45.392+0000] {logging_mixin.py:188} INFO - [2024-02-26T15:55:45.392+0000] {dag.py:3047} INFO - Sync 1 DAGs
[2024-02-26T15:55:45.401+0000] {logging_mixin.py:188} INFO - [2024-02-26T15:55:45.401+0000] {dag.py:3834} INFO - Setting next_dagrun for example_sensor_decorator to None, run_after=None
[2024-02-26T15:55:45.415+0000] {processor.py:183} INFO - Processing /home/airflow/.local/lib/python3.11/site-packages/airflow/example_dags/example_sensor_decorator.py took 0.060 seconds
[2024-02-26T15:56:15.552+0000] {processor.py:161} INFO - Started process (PID=4060) to work on /home/airflow/.local/lib/python3.11/site-packages/airflow/example_dags/example_sensor_decorator.py
[2024-02-26T15:56:15.554+0000] {processor.py:830} INFO - Processing file /home/airflow/.local/lib/python3.11/site-packages/airflow/example_dags/example_sensor_decorator.py for tasks to queue
[2024-02-26T15:56:15.555+0000] {logging_mixin.py:188} INFO - [2024-02-26T15:56:15.555+0000] {dagbag.py:540} INFO - Filling up the DagBag from /home/airflow/.local/lib/python3.11/site-packages/airflow/example_dags/example_sensor_decorator.py
[2024-02-26T15:56:15.562+0000] {processor.py:840} INFO - DAG(s) 'example_sensor_decorator' retrieved from /home/airflow/.local/lib/python3.11/site-packages/airflow/example_dags/example_sensor_decorator.py
[2024-02-26T15:56:15.582+0000] {logging_mixin.py:188} INFO - [2024-02-26T15:56:15.582+0000] {dag.py:3047} INFO - Sync 1 DAGs
[2024-02-26T15:56:15.591+0000] {logging_mixin.py:188} INFO - [2024-02-26T15:56:15.591+0000] {dag.py:3834} INFO - Setting next_dagrun for example_sensor_decorator to None, run_after=None
[2024-02-26T15:56:15.606+0000] {processor.py:183} INFO - Processing /home/airflow/.local/lib/python3.11/site-packages/airflow/example_dags/example_sensor_decorator.py took 0.058 seconds
[2024-02-26T15:56:45.969+0000] {processor.py:161} INFO - Started process (PID=4310) to work on /home/airflow/.local/lib/python3.11/site-packages/airflow/example_dags/example_sensor_decorator.py
[2024-02-26T15:56:45.971+0000] {processor.py:830} INFO - Processing file /home/airflow/.local/lib/python3.11/site-packages/airflow/example_dags/example_sensor_decorator.py for tasks to queue
[2024-02-26T15:56:45.973+0000] {logging_mixin.py:188} INFO - [2024-02-26T15:56:45.973+0000] {dagbag.py:540} INFO - Filling up the DagBag from /home/airflow/.local/lib/python3.11/site-packages/airflow/example_dags/example_sensor_decorator.py
[2024-02-26T15:56:45.980+0000] {processor.py:840} INFO - DAG(s) 'example_sensor_decorator' retrieved from /home/airflow/.local/lib/python3.11/site-packages/airflow/example_dags/example_sensor_decorator.py
[2024-02-26T15:56:46.002+0000] {logging_mixin.py:188} INFO - [2024-02-26T15:56:46.002+0000] {dag.py:3047} INFO - Sync 1 DAGs
[2024-02-26T15:56:46.011+0000] {logging_mixin.py:188} INFO - [2024-02-26T15:56:46.011+0000] {dag.py:3834} INFO - Setting next_dagrun for example_sensor_decorator to None, run_after=None
[2024-02-26T15:56:46.030+0000] {processor.py:183} INFO - Processing /home/airflow/.local/lib/python3.11/site-packages/airflow/example_dags/example_sensor_decorator.py took 0.064 seconds
[2024-02-26T15:57:16.324+0000] {processor.py:161} INFO - Started process (PID=4555) to work on /home/airflow/.local/lib/python3.11/site-packages/airflow/example_dags/example_sensor_decorator.py
[2024-02-26T15:57:16.330+0000] {processor.py:830} INFO - Processing file /home/airflow/.local/lib/python3.11/site-packages/airflow/example_dags/example_sensor_decorator.py for tasks to queue
[2024-02-26T15:57:16.334+0000] {logging_mixin.py:188} INFO - [2024-02-26T15:57:16.334+0000] {dagbag.py:540} INFO - Filling up the DagBag from /home/airflow/.local/lib/python3.11/site-packages/airflow/example_dags/example_sensor_decorator.py
[2024-02-26T15:57:16.340+0000] {processor.py:840} INFO - DAG(s) 'example_sensor_decorator' retrieved from /home/airflow/.local/lib/python3.11/site-packages/airflow/example_dags/example_sensor_decorator.py
[2024-02-26T15:57:16.359+0000] {logging_mixin.py:188} INFO - [2024-02-26T15:57:16.358+0000] {dag.py:3047} INFO - Sync 1 DAGs
[2024-02-26T15:57:16.367+0000] {logging_mixin.py:188} INFO - [2024-02-26T15:57:16.367+0000] {dag.py:3834} INFO - Setting next_dagrun for example_sensor_decorator to None, run_after=None
[2024-02-26T15:57:16.384+0000] {processor.py:183} INFO - Processing /home/airflow/.local/lib/python3.11/site-packages/airflow/example_dags/example_sensor_decorator.py took 0.063 seconds
[2024-02-26T15:57:46.657+0000] {processor.py:161} INFO - Started process (PID=4802) to work on /home/airflow/.local/lib/python3.11/site-packages/airflow/example_dags/example_sensor_decorator.py
[2024-02-26T15:57:46.659+0000] {processor.py:830} INFO - Processing file /home/airflow/.local/lib/python3.11/site-packages/airflow/example_dags/example_sensor_decorator.py for tasks to queue
[2024-02-26T15:57:46.661+0000] {logging_mixin.py:188} INFO - [2024-02-26T15:57:46.661+0000] {dagbag.py:540} INFO - Filling up the DagBag from /home/airflow/.local/lib/python3.11/site-packages/airflow/example_dags/example_sensor_decorator.py
[2024-02-26T15:57:46.667+0000] {processor.py:840} INFO - DAG(s) 'example_sensor_decorator' retrieved from /home/airflow/.local/lib/python3.11/site-packages/airflow/example_dags/example_sensor_decorator.py
[2024-02-26T15:57:46.692+0000] {logging_mixin.py:188} INFO - [2024-02-26T15:57:46.691+0000] {dag.py:3047} INFO - Sync 1 DAGs
[2024-02-26T15:57:46.702+0000] {logging_mixin.py:188} INFO - [2024-02-26T15:57:46.702+0000] {dag.py:3834} INFO - Setting next_dagrun for example_sensor_decorator to None, run_after=None
[2024-02-26T15:57:46.719+0000] {processor.py:183} INFO - Processing /home/airflow/.local/lib/python3.11/site-packages/airflow/example_dags/example_sensor_decorator.py took 0.065 seconds
[2024-02-26T15:58:16.958+0000] {processor.py:161} INFO - Started process (PID=5051) to work on /home/airflow/.local/lib/python3.11/site-packages/airflow/example_dags/example_sensor_decorator.py
[2024-02-26T15:58:16.960+0000] {processor.py:830} INFO - Processing file /home/airflow/.local/lib/python3.11/site-packages/airflow/example_dags/example_sensor_decorator.py for tasks to queue
[2024-02-26T15:58:16.962+0000] {logging_mixin.py:188} INFO - [2024-02-26T15:58:16.961+0000] {dagbag.py:540} INFO - Filling up the DagBag from /home/airflow/.local/lib/python3.11/site-packages/airflow/example_dags/example_sensor_decorator.py
[2024-02-26T15:58:16.968+0000] {processor.py:840} INFO - DAG(s) 'example_sensor_decorator' retrieved from /home/airflow/.local/lib/python3.11/site-packages/airflow/example_dags/example_sensor_decorator.py
[2024-02-26T15:58:16.992+0000] {logging_mixin.py:188} INFO - [2024-02-26T15:58:16.992+0000] {dag.py:3047} INFO - Sync 1 DAGs
[2024-02-26T15:58:17.002+0000] {logging_mixin.py:188} INFO - [2024-02-26T15:58:17.002+0000] {dag.py:3834} INFO - Setting next_dagrun for example_sensor_decorator to None, run_after=None
[2024-02-26T15:58:17.017+0000] {processor.py:183} INFO - Processing /home/airflow/.local/lib/python3.11/site-packages/airflow/example_dags/example_sensor_decorator.py took 0.062 seconds
[2024-02-26T15:58:47.301+0000] {processor.py:161} INFO - Started process (PID=5299) to work on /home/airflow/.local/lib/python3.11/site-packages/airflow/example_dags/example_sensor_decorator.py
[2024-02-26T15:58:47.303+0000] {processor.py:830} INFO - Processing file /home/airflow/.local/lib/python3.11/site-packages/airflow/example_dags/example_sensor_decorator.py for tasks to queue
[2024-02-26T15:58:47.305+0000] {logging_mixin.py:188} INFO - [2024-02-26T15:58:47.304+0000] {dagbag.py:540} INFO - Filling up the DagBag from /home/airflow/.local/lib/python3.11/site-packages/airflow/example_dags/example_sensor_decorator.py
[2024-02-26T15:58:47.311+0000] {processor.py:840} INFO - DAG(s) 'example_sensor_decorator' retrieved from /home/airflow/.local/lib/python3.11/site-packages/airflow/example_dags/example_sensor_decorator.py
[2024-02-26T15:58:47.332+0000] {logging_mixin.py:188} INFO - [2024-02-26T15:58:47.332+0000] {dag.py:3047} INFO - Sync 1 DAGs
[2024-02-26T15:58:47.343+0000] {logging_mixin.py:188} INFO - [2024-02-26T15:58:47.342+0000] {dag.py:3834} INFO - Setting next_dagrun for example_sensor_decorator to None, run_after=None
[2024-02-26T15:58:47.355+0000] {processor.py:183} INFO - Processing /home/airflow/.local/lib/python3.11/site-packages/airflow/example_dags/example_sensor_decorator.py took 0.056 seconds
[2024-02-26T15:59:17.501+0000] {processor.py:161} INFO - Started process (PID=5547) to work on /home/airflow/.local/lib/python3.11/site-packages/airflow/example_dags/example_sensor_decorator.py
[2024-02-26T15:59:17.503+0000] {processor.py:830} INFO - Processing file /home/airflow/.local/lib/python3.11/site-packages/airflow/example_dags/example_sensor_decorator.py for tasks to queue
[2024-02-26T15:59:17.505+0000] {logging_mixin.py:188} INFO - [2024-02-26T15:59:17.504+0000] {dagbag.py:540} INFO - Filling up the DagBag from /home/airflow/.local/lib/python3.11/site-packages/airflow/example_dags/example_sensor_decorator.py
[2024-02-26T15:59:17.510+0000] {processor.py:840} INFO - DAG(s) 'example_sensor_decorator' retrieved from /home/airflow/.local/lib/python3.11/site-packages/airflow/example_dags/example_sensor_decorator.py
[2024-02-26T15:59:17.531+0000] {logging_mixin.py:188} INFO - [2024-02-26T15:59:17.531+0000] {dag.py:3047} INFO - Sync 1 DAGs
[2024-02-26T15:59:17.540+0000] {logging_mixin.py:188} INFO - [2024-02-26T15:59:17.540+0000] {dag.py:3834} INFO - Setting next_dagrun for example_sensor_decorator to None, run_after=None
[2024-02-26T15:59:17.552+0000] {processor.py:183} INFO - Processing /home/airflow/.local/lib/python3.11/site-packages/airflow/example_dags/example_sensor_decorator.py took 0.053 seconds
[2024-02-26T15:59:48.509+0000] {processor.py:161} INFO - Started process (PID=5794) to work on /home/airflow/.local/lib/python3.11/site-packages/airflow/example_dags/example_sensor_decorator.py
[2024-02-26T15:59:48.511+0000] {processor.py:830} INFO - Processing file /home/airflow/.local/lib/python3.11/site-packages/airflow/example_dags/example_sensor_decorator.py for tasks to queue
[2024-02-26T15:59:48.512+0000] {logging_mixin.py:188} INFO - [2024-02-26T15:59:48.512+0000] {dagbag.py:540} INFO - Filling up the DagBag from /home/airflow/.local/lib/python3.11/site-packages/airflow/example_dags/example_sensor_decorator.py
[2024-02-26T15:59:48.518+0000] {processor.py:840} INFO - DAG(s) 'example_sensor_decorator' retrieved from /home/airflow/.local/lib/python3.11/site-packages/airflow/example_dags/example_sensor_decorator.py
[2024-02-26T15:59:48.536+0000] {logging_mixin.py:188} INFO - [2024-02-26T15:59:48.536+0000] {dag.py:3047} INFO - Sync 1 DAGs
[2024-02-26T15:59:48.544+0000] {logging_mixin.py:188} INFO - [2024-02-26T15:59:48.543+0000] {dag.py:3834} INFO - Setting next_dagrun for example_sensor_decorator to None, run_after=None
[2024-02-26T15:59:48.553+0000] {processor.py:183} INFO - Processing /home/airflow/.local/lib/python3.11/site-packages/airflow/example_dags/example_sensor_decorator.py took 0.047 seconds
[2024-02-26T16:00:19.371+0000] {processor.py:161} INFO - Started process (PID=6041) to work on /home/airflow/.local/lib/python3.11/site-packages/airflow/example_dags/example_sensor_decorator.py
[2024-02-26T16:00:19.372+0000] {processor.py:830} INFO - Processing file /home/airflow/.local/lib/python3.11/site-packages/airflow/example_dags/example_sensor_decorator.py for tasks to queue
[2024-02-26T16:00:19.374+0000] {logging_mixin.py:188} INFO - [2024-02-26T16:00:19.373+0000] {dagbag.py:540} INFO - Filling up the DagBag from /home/airflow/.local/lib/python3.11/site-packages/airflow/example_dags/example_sensor_decorator.py
[2024-02-26T16:00:19.380+0000] {processor.py:840} INFO - DAG(s) 'example_sensor_decorator' retrieved from /home/airflow/.local/lib/python3.11/site-packages/airflow/example_dags/example_sensor_decorator.py
[2024-02-26T16:00:19.397+0000] {logging_mixin.py:188} INFO - [2024-02-26T16:00:19.397+0000] {dag.py:3047} INFO - Sync 1 DAGs
[2024-02-26T16:00:19.405+0000] {logging_mixin.py:188} INFO - [2024-02-26T16:00:19.405+0000] {dag.py:3834} INFO - Setting next_dagrun for example_sensor_decorator to None, run_after=None
[2024-02-26T16:00:19.414+0000] {processor.py:183} INFO - Processing /home/airflow/.local/lib/python3.11/site-packages/airflow/example_dags/example_sensor_decorator.py took 0.046 seconds
[2024-02-26T16:00:50.225+0000] {processor.py:161} INFO - Started process (PID=6285) to work on /home/airflow/.local/lib/python3.11/site-packages/airflow/example_dags/example_sensor_decorator.py
[2024-02-26T16:00:50.226+0000] {processor.py:830} INFO - Processing file /home/airflow/.local/lib/python3.11/site-packages/airflow/example_dags/example_sensor_decorator.py for tasks to queue
[2024-02-26T16:00:50.228+0000] {logging_mixin.py:188} INFO - [2024-02-26T16:00:50.228+0000] {dagbag.py:540} INFO - Filling up the DagBag from /home/airflow/.local/lib/python3.11/site-packages/airflow/example_dags/example_sensor_decorator.py
[2024-02-26T16:00:50.234+0000] {processor.py:840} INFO - DAG(s) 'example_sensor_decorator' retrieved from /home/airflow/.local/lib/python3.11/site-packages/airflow/example_dags/example_sensor_decorator.py
[2024-02-26T16:00:50.256+0000] {logging_mixin.py:188} INFO - [2024-02-26T16:00:50.256+0000] {dag.py:3047} INFO - Sync 1 DAGs
[2024-02-26T16:00:50.266+0000] {logging_mixin.py:188} INFO - [2024-02-26T16:00:50.266+0000] {dag.py:3834} INFO - Setting next_dagrun for example_sensor_decorator to None, run_after=None
[2024-02-26T16:00:50.277+0000] {processor.py:183} INFO - Processing /home/airflow/.local/lib/python3.11/site-packages/airflow/example_dags/example_sensor_decorator.py took 0.056 seconds
[2024-02-26T16:01:20.943+0000] {processor.py:161} INFO - Started process (PID=6534) to work on /home/airflow/.local/lib/python3.11/site-packages/airflow/example_dags/example_sensor_decorator.py
[2024-02-26T16:01:20.944+0000] {processor.py:830} INFO - Processing file /home/airflow/.local/lib/python3.11/site-packages/airflow/example_dags/example_sensor_decorator.py for tasks to queue
[2024-02-26T16:01:20.946+0000] {logging_mixin.py:188} INFO - [2024-02-26T16:01:20.945+0000] {dagbag.py:540} INFO - Filling up the DagBag from /home/airflow/.local/lib/python3.11/site-packages/airflow/example_dags/example_sensor_decorator.py
[2024-02-26T16:01:20.951+0000] {processor.py:840} INFO - DAG(s) 'example_sensor_decorator' retrieved from /home/airflow/.local/lib/python3.11/site-packages/airflow/example_dags/example_sensor_decorator.py
[2024-02-26T16:01:20.971+0000] {logging_mixin.py:188} INFO - [2024-02-26T16:01:20.971+0000] {dag.py:3047} INFO - Sync 1 DAGs
[2024-02-26T16:01:20.980+0000] {logging_mixin.py:188} INFO - [2024-02-26T16:01:20.979+0000] {dag.py:3834} INFO - Setting next_dagrun for example_sensor_decorator to None, run_after=None
[2024-02-26T16:01:20.991+0000] {processor.py:183} INFO - Processing /home/airflow/.local/lib/python3.11/site-packages/airflow/example_dags/example_sensor_decorator.py took 0.051 seconds
[2024-02-26T16:01:51.146+0000] {processor.py:161} INFO - Started process (PID=6781) to work on /home/airflow/.local/lib/python3.11/site-packages/airflow/example_dags/example_sensor_decorator.py
[2024-02-26T16:01:51.148+0000] {processor.py:830} INFO - Processing file /home/airflow/.local/lib/python3.11/site-packages/airflow/example_dags/example_sensor_decorator.py for tasks to queue
[2024-02-26T16:01:51.150+0000] {logging_mixin.py:188} INFO - [2024-02-26T16:01:51.149+0000] {dagbag.py:540} INFO - Filling up the DagBag from /home/airflow/.local/lib/python3.11/site-packages/airflow/example_dags/example_sensor_decorator.py
[2024-02-26T16:01:51.155+0000] {processor.py:840} INFO - DAG(s) 'example_sensor_decorator' retrieved from /home/airflow/.local/lib/python3.11/site-packages/airflow/example_dags/example_sensor_decorator.py
[2024-02-26T16:01:51.177+0000] {logging_mixin.py:188} INFO - [2024-02-26T16:01:51.177+0000] {dag.py:3047} INFO - Sync 1 DAGs
[2024-02-26T16:01:51.186+0000] {logging_mixin.py:188} INFO - [2024-02-26T16:01:51.186+0000] {dag.py:3834} INFO - Setting next_dagrun for example_sensor_decorator to None, run_after=None
[2024-02-26T16:01:51.198+0000] {processor.py:183} INFO - Processing /home/airflow/.local/lib/python3.11/site-packages/airflow/example_dags/example_sensor_decorator.py took 0.054 seconds
[2024-02-26T16:02:21.284+0000] {processor.py:161} INFO - Started process (PID=7026) to work on /home/airflow/.local/lib/python3.11/site-packages/airflow/example_dags/example_sensor_decorator.py
[2024-02-26T16:02:21.286+0000] {processor.py:830} INFO - Processing file /home/airflow/.local/lib/python3.11/site-packages/airflow/example_dags/example_sensor_decorator.py for tasks to queue
[2024-02-26T16:02:21.290+0000] {logging_mixin.py:188} INFO - [2024-02-26T16:02:21.290+0000] {dagbag.py:540} INFO - Filling up the DagBag from /home/airflow/.local/lib/python3.11/site-packages/airflow/example_dags/example_sensor_decorator.py
[2024-02-26T16:02:21.298+0000] {processor.py:840} INFO - DAG(s) 'example_sensor_decorator' retrieved from /home/airflow/.local/lib/python3.11/site-packages/airflow/example_dags/example_sensor_decorator.py
[2024-02-26T16:02:21.321+0000] {logging_mixin.py:188} INFO - [2024-02-26T16:02:21.321+0000] {dag.py:3047} INFO - Sync 1 DAGs
[2024-02-26T16:02:21.331+0000] {logging_mixin.py:188} INFO - [2024-02-26T16:02:21.331+0000] {dag.py:3834} INFO - Setting next_dagrun for example_sensor_decorator to None, run_after=None
[2024-02-26T16:02:21.351+0000] {processor.py:183} INFO - Processing /home/airflow/.local/lib/python3.11/site-packages/airflow/example_dags/example_sensor_decorator.py took 0.070 seconds
[2024-02-26T16:02:51.423+0000] {processor.py:161} INFO - Started process (PID=7273) to work on /home/airflow/.local/lib/python3.11/site-packages/airflow/example_dags/example_sensor_decorator.py
[2024-02-26T16:02:51.425+0000] {processor.py:830} INFO - Processing file /home/airflow/.local/lib/python3.11/site-packages/airflow/example_dags/example_sensor_decorator.py for tasks to queue
[2024-02-26T16:02:51.426+0000] {logging_mixin.py:188} INFO - [2024-02-26T16:02:51.426+0000] {dagbag.py:540} INFO - Filling up the DagBag from /home/airflow/.local/lib/python3.11/site-packages/airflow/example_dags/example_sensor_decorator.py
[2024-02-26T16:02:51.432+0000] {processor.py:840} INFO - DAG(s) 'example_sensor_decorator' retrieved from /home/airflow/.local/lib/python3.11/site-packages/airflow/example_dags/example_sensor_decorator.py
[2024-02-26T16:02:51.452+0000] {logging_mixin.py:188} INFO - [2024-02-26T16:02:51.451+0000] {dag.py:3047} INFO - Sync 1 DAGs
[2024-02-26T16:02:51.461+0000] {logging_mixin.py:188} INFO - [2024-02-26T16:02:51.460+0000] {dag.py:3834} INFO - Setting next_dagrun for example_sensor_decorator to None, run_after=None
[2024-02-26T16:02:51.473+0000] {processor.py:183} INFO - Processing /home/airflow/.local/lib/python3.11/site-packages/airflow/example_dags/example_sensor_decorator.py took 0.052 seconds
[2024-02-26T16:03:21.523+0000] {processor.py:161} INFO - Started process (PID=7515) to work on /home/airflow/.local/lib/python3.11/site-packages/airflow/example_dags/example_sensor_decorator.py
[2024-02-26T16:03:21.525+0000] {processor.py:830} INFO - Processing file /home/airflow/.local/lib/python3.11/site-packages/airflow/example_dags/example_sensor_decorator.py for tasks to queue
[2024-02-26T16:03:21.526+0000] {logging_mixin.py:188} INFO - [2024-02-26T16:03:21.526+0000] {dagbag.py:540} INFO - Filling up the DagBag from /home/airflow/.local/lib/python3.11/site-packages/airflow/example_dags/example_sensor_decorator.py
[2024-02-26T16:03:21.532+0000] {processor.py:840} INFO - DAG(s) 'example_sensor_decorator' retrieved from /home/airflow/.local/lib/python3.11/site-packages/airflow/example_dags/example_sensor_decorator.py
[2024-02-26T16:03:21.554+0000] {logging_mixin.py:188} INFO - [2024-02-26T16:03:21.554+0000] {dag.py:3047} INFO - Sync 1 DAGs
[2024-02-26T16:03:21.562+0000] {logging_mixin.py:188} INFO - [2024-02-26T16:03:21.561+0000] {dag.py:3834} INFO - Setting next_dagrun for example_sensor_decorator to None, run_after=None
[2024-02-26T16:03:21.571+0000] {processor.py:183} INFO - Processing /home/airflow/.local/lib/python3.11/site-packages/airflow/example_dags/example_sensor_decorator.py took 0.051 seconds
[2024-02-26T16:03:51.693+0000] {processor.py:161} INFO - Started process (PID=7763) to work on /home/airflow/.local/lib/python3.11/site-packages/airflow/example_dags/example_sensor_decorator.py
[2024-02-26T16:03:51.695+0000] {processor.py:830} INFO - Processing file /home/airflow/.local/lib/python3.11/site-packages/airflow/example_dags/example_sensor_decorator.py for tasks to queue
[2024-02-26T16:03:51.696+0000] {logging_mixin.py:188} INFO - [2024-02-26T16:03:51.696+0000] {dagbag.py:540} INFO - Filling up the DagBag from /home/airflow/.local/lib/python3.11/site-packages/airflow/example_dags/example_sensor_decorator.py
[2024-02-26T16:03:51.702+0000] {processor.py:840} INFO - DAG(s) 'example_sensor_decorator' retrieved from /home/airflow/.local/lib/python3.11/site-packages/airflow/example_dags/example_sensor_decorator.py
[2024-02-26T16:03:51.721+0000] {logging_mixin.py:188} INFO - [2024-02-26T16:03:51.720+0000] {dag.py:3047} INFO - Sync 1 DAGs
[2024-02-26T16:03:51.729+0000] {logging_mixin.py:188} INFO - [2024-02-26T16:03:51.729+0000] {dag.py:3834} INFO - Setting next_dagrun for example_sensor_decorator to None, run_after=None
[2024-02-26T16:03:51.740+0000] {processor.py:183} INFO - Processing /home/airflow/.local/lib/python3.11/site-packages/airflow/example_dags/example_sensor_decorator.py took 0.050 seconds
[2024-02-26T16:04:22.435+0000] {processor.py:161} INFO - Started process (PID=8010) to work on /home/airflow/.local/lib/python3.11/site-packages/airflow/example_dags/example_sensor_decorator.py
[2024-02-26T16:04:22.437+0000] {processor.py:830} INFO - Processing file /home/airflow/.local/lib/python3.11/site-packages/airflow/example_dags/example_sensor_decorator.py for tasks to queue
[2024-02-26T16:04:22.438+0000] {logging_mixin.py:188} INFO - [2024-02-26T16:04:22.438+0000] {dagbag.py:540} INFO - Filling up the DagBag from /home/airflow/.local/lib/python3.11/site-packages/airflow/example_dags/example_sensor_decorator.py
[2024-02-26T16:04:22.444+0000] {processor.py:840} INFO - DAG(s) 'example_sensor_decorator' retrieved from /home/airflow/.local/lib/python3.11/site-packages/airflow/example_dags/example_sensor_decorator.py
[2024-02-26T16:04:22.463+0000] {logging_mixin.py:188} INFO - [2024-02-26T16:04:22.463+0000] {dag.py:3047} INFO - Sync 1 DAGs
[2024-02-26T16:04:22.472+0000] {logging_mixin.py:188} INFO - [2024-02-26T16:04:22.472+0000] {dag.py:3834} INFO - Setting next_dagrun for example_sensor_decorator to None, run_after=None
[2024-02-26T16:04:22.482+0000] {processor.py:183} INFO - Processing /home/airflow/.local/lib/python3.11/site-packages/airflow/example_dags/example_sensor_decorator.py took 0.051 seconds
[2024-02-26T16:04:53.251+0000] {processor.py:161} INFO - Started process (PID=8257) to work on /home/airflow/.local/lib/python3.11/site-packages/airflow/example_dags/example_sensor_decorator.py
[2024-02-26T16:04:53.252+0000] {processor.py:830} INFO - Processing file /home/airflow/.local/lib/python3.11/site-packages/airflow/example_dags/example_sensor_decorator.py for tasks to queue
[2024-02-26T16:04:53.254+0000] {logging_mixin.py:188} INFO - [2024-02-26T16:04:53.253+0000] {dagbag.py:540} INFO - Filling up the DagBag from /home/airflow/.local/lib/python3.11/site-packages/airflow/example_dags/example_sensor_decorator.py
[2024-02-26T16:04:53.259+0000] {processor.py:840} INFO - DAG(s) 'example_sensor_decorator' retrieved from /home/airflow/.local/lib/python3.11/site-packages/airflow/example_dags/example_sensor_decorator.py
[2024-02-26T16:04:53.279+0000] {logging_mixin.py:188} INFO - [2024-02-26T16:04:53.279+0000] {dag.py:3047} INFO - Sync 1 DAGs
[2024-02-26T16:04:53.288+0000] {logging_mixin.py:188} INFO - [2024-02-26T16:04:53.287+0000] {dag.py:3834} INFO - Setting next_dagrun for example_sensor_decorator to None, run_after=None
[2024-02-26T16:04:53.298+0000] {processor.py:183} INFO - Processing /home/airflow/.local/lib/python3.11/site-packages/airflow/example_dags/example_sensor_decorator.py took 0.050 seconds
[2024-02-26T16:05:24.013+0000] {processor.py:161} INFO - Started process (PID=8504) to work on /home/airflow/.local/lib/python3.11/site-packages/airflow/example_dags/example_sensor_decorator.py
[2024-02-26T16:05:24.014+0000] {processor.py:830} INFO - Processing file /home/airflow/.local/lib/python3.11/site-packages/airflow/example_dags/example_sensor_decorator.py for tasks to queue
[2024-02-26T16:05:24.016+0000] {logging_mixin.py:188} INFO - [2024-02-26T16:05:24.016+0000] {dagbag.py:540} INFO - Filling up the DagBag from /home/airflow/.local/lib/python3.11/site-packages/airflow/example_dags/example_sensor_decorator.py
[2024-02-26T16:05:24.022+0000] {processor.py:840} INFO - DAG(s) 'example_sensor_decorator' retrieved from /home/airflow/.local/lib/python3.11/site-packages/airflow/example_dags/example_sensor_decorator.py
[2024-02-26T16:05:24.040+0000] {logging_mixin.py:188} INFO - [2024-02-26T16:05:24.040+0000] {dag.py:3047} INFO - Sync 1 DAGs
[2024-02-26T16:05:24.048+0000] {logging_mixin.py:188} INFO - [2024-02-26T16:05:24.048+0000] {dag.py:3834} INFO - Setting next_dagrun for example_sensor_decorator to None, run_after=None
[2024-02-26T16:05:24.058+0000] {processor.py:183} INFO - Processing /home/airflow/.local/lib/python3.11/site-packages/airflow/example_dags/example_sensor_decorator.py took 0.050 seconds
[2024-02-26T16:05:54.714+0000] {processor.py:161} INFO - Started process (PID=8751) to work on /home/airflow/.local/lib/python3.11/site-packages/airflow/example_dags/example_sensor_decorator.py
[2024-02-26T16:05:54.715+0000] {processor.py:830} INFO - Processing file /home/airflow/.local/lib/python3.11/site-packages/airflow/example_dags/example_sensor_decorator.py for tasks to queue
[2024-02-26T16:05:54.717+0000] {logging_mixin.py:188} INFO - [2024-02-26T16:05:54.717+0000] {dagbag.py:540} INFO - Filling up the DagBag from /home/airflow/.local/lib/python3.11/site-packages/airflow/example_dags/example_sensor_decorator.py
[2024-02-26T16:05:54.723+0000] {processor.py:840} INFO - DAG(s) 'example_sensor_decorator' retrieved from /home/airflow/.local/lib/python3.11/site-packages/airflow/example_dags/example_sensor_decorator.py
[2024-02-26T16:05:54.743+0000] {logging_mixin.py:188} INFO - [2024-02-26T16:05:54.743+0000] {dag.py:3047} INFO - Sync 1 DAGs
[2024-02-26T16:05:54.752+0000] {logging_mixin.py:188} INFO - [2024-02-26T16:05:54.751+0000] {dag.py:3834} INFO - Setting next_dagrun for example_sensor_decorator to None, run_after=None
[2024-02-26T16:05:54.762+0000] {processor.py:183} INFO - Processing /home/airflow/.local/lib/python3.11/site-packages/airflow/example_dags/example_sensor_decorator.py took 0.052 seconds
[2024-02-26T16:06:25.598+0000] {processor.py:161} INFO - Started process (PID=8998) to work on /home/airflow/.local/lib/python3.11/site-packages/airflow/example_dags/example_sensor_decorator.py
[2024-02-26T16:06:25.600+0000] {processor.py:830} INFO - Processing file /home/airflow/.local/lib/python3.11/site-packages/airflow/example_dags/example_sensor_decorator.py for tasks to queue
[2024-02-26T16:06:25.601+0000] {logging_mixin.py:188} INFO - [2024-02-26T16:06:25.601+0000] {dagbag.py:540} INFO - Filling up the DagBag from /home/airflow/.local/lib/python3.11/site-packages/airflow/example_dags/example_sensor_decorator.py
[2024-02-26T16:06:25.607+0000] {processor.py:840} INFO - DAG(s) 'example_sensor_decorator' retrieved from /home/airflow/.local/lib/python3.11/site-packages/airflow/example_dags/example_sensor_decorator.py
[2024-02-26T16:06:25.627+0000] {logging_mixin.py:188} INFO - [2024-02-26T16:06:25.627+0000] {dag.py:3047} INFO - Sync 1 DAGs
[2024-02-26T16:06:25.635+0000] {logging_mixin.py:188} INFO - [2024-02-26T16:06:25.635+0000] {dag.py:3834} INFO - Setting next_dagrun for example_sensor_decorator to None, run_after=None
[2024-02-26T16:06:25.646+0000] {processor.py:183} INFO - Processing /home/airflow/.local/lib/python3.11/site-packages/airflow/example_dags/example_sensor_decorator.py took 0.051 seconds
[2024-02-26T16:06:56.468+0000] {processor.py:161} INFO - Started process (PID=9245) to work on /home/airflow/.local/lib/python3.11/site-packages/airflow/example_dags/example_sensor_decorator.py
[2024-02-26T16:06:56.470+0000] {processor.py:830} INFO - Processing file /home/airflow/.local/lib/python3.11/site-packages/airflow/example_dags/example_sensor_decorator.py for tasks to queue
[2024-02-26T16:06:56.471+0000] {logging_mixin.py:188} INFO - [2024-02-26T16:06:56.471+0000] {dagbag.py:540} INFO - Filling up the DagBag from /home/airflow/.local/lib/python3.11/site-packages/airflow/example_dags/example_sensor_decorator.py
[2024-02-26T16:06:56.478+0000] {processor.py:840} INFO - DAG(s) 'example_sensor_decorator' retrieved from /home/airflow/.local/lib/python3.11/site-packages/airflow/example_dags/example_sensor_decorator.py
[2024-02-26T16:06:56.498+0000] {logging_mixin.py:188} INFO - [2024-02-26T16:06:56.498+0000] {dag.py:3047} INFO - Sync 1 DAGs
[2024-02-26T16:06:56.506+0000] {logging_mixin.py:188} INFO - [2024-02-26T16:06:56.506+0000] {dag.py:3834} INFO - Setting next_dagrun for example_sensor_decorator to None, run_after=None
[2024-02-26T16:06:56.516+0000] {processor.py:183} INFO - Processing /home/airflow/.local/lib/python3.11/site-packages/airflow/example_dags/example_sensor_decorator.py took 0.052 seconds
[2024-02-26T16:07:26.585+0000] {processor.py:161} INFO - Started process (PID=9492) to work on /home/airflow/.local/lib/python3.11/site-packages/airflow/example_dags/example_sensor_decorator.py
[2024-02-26T16:07:26.588+0000] {processor.py:830} INFO - Processing file /home/airflow/.local/lib/python3.11/site-packages/airflow/example_dags/example_sensor_decorator.py for tasks to queue
[2024-02-26T16:07:26.590+0000] {logging_mixin.py:188} INFO - [2024-02-26T16:07:26.589+0000] {dagbag.py:540} INFO - Filling up the DagBag from /home/airflow/.local/lib/python3.11/site-packages/airflow/example_dags/example_sensor_decorator.py
[2024-02-26T16:07:26.596+0000] {processor.py:840} INFO - DAG(s) 'example_sensor_decorator' retrieved from /home/airflow/.local/lib/python3.11/site-packages/airflow/example_dags/example_sensor_decorator.py
[2024-02-26T16:07:26.617+0000] {logging_mixin.py:188} INFO - [2024-02-26T16:07:26.617+0000] {dag.py:3047} INFO - Sync 1 DAGs
[2024-02-26T16:07:26.627+0000] {logging_mixin.py:188} INFO - [2024-02-26T16:07:26.627+0000] {dag.py:3834} INFO - Setting next_dagrun for example_sensor_decorator to None, run_after=None
[2024-02-26T16:07:26.637+0000] {processor.py:183} INFO - Processing /home/airflow/.local/lib/python3.11/site-packages/airflow/example_dags/example_sensor_decorator.py took 0.055 seconds
[2024-02-26T16:07:56.744+0000] {processor.py:161} INFO - Started process (PID=9739) to work on /home/airflow/.local/lib/python3.11/site-packages/airflow/example_dags/example_sensor_decorator.py
[2024-02-26T16:07:56.746+0000] {processor.py:830} INFO - Processing file /home/airflow/.local/lib/python3.11/site-packages/airflow/example_dags/example_sensor_decorator.py for tasks to queue
[2024-02-26T16:07:56.748+0000] {logging_mixin.py:188} INFO - [2024-02-26T16:07:56.747+0000] {dagbag.py:540} INFO - Filling up the DagBag from /home/airflow/.local/lib/python3.11/site-packages/airflow/example_dags/example_sensor_decorator.py
[2024-02-26T16:07:56.754+0000] {processor.py:840} INFO - DAG(s) 'example_sensor_decorator' retrieved from /home/airflow/.local/lib/python3.11/site-packages/airflow/example_dags/example_sensor_decorator.py
[2024-02-26T16:07:56.773+0000] {logging_mixin.py:188} INFO - [2024-02-26T16:07:56.773+0000] {dag.py:3047} INFO - Sync 1 DAGs
[2024-02-26T16:07:56.782+0000] {logging_mixin.py:188} INFO - [2024-02-26T16:07:56.782+0000] {dag.py:3834} INFO - Setting next_dagrun for example_sensor_decorator to None, run_after=None
[2024-02-26T16:07:56.791+0000] {processor.py:183} INFO - Processing /home/airflow/.local/lib/python3.11/site-packages/airflow/example_dags/example_sensor_decorator.py took 0.051 seconds
[2024-02-26T16:08:26.959+0000] {processor.py:161} INFO - Started process (PID=9986) to work on /home/airflow/.local/lib/python3.11/site-packages/airflow/example_dags/example_sensor_decorator.py
[2024-02-26T16:08:26.961+0000] {processor.py:830} INFO - Processing file /home/airflow/.local/lib/python3.11/site-packages/airflow/example_dags/example_sensor_decorator.py for tasks to queue
[2024-02-26T16:08:26.963+0000] {logging_mixin.py:188} INFO - [2024-02-26T16:08:26.962+0000] {dagbag.py:540} INFO - Filling up the DagBag from /home/airflow/.local/lib/python3.11/site-packages/airflow/example_dags/example_sensor_decorator.py
[2024-02-26T16:08:26.970+0000] {processor.py:840} INFO - DAG(s) 'example_sensor_decorator' retrieved from /home/airflow/.local/lib/python3.11/site-packages/airflow/example_dags/example_sensor_decorator.py
[2024-02-26T16:08:26.990+0000] {logging_mixin.py:188} INFO - [2024-02-26T16:08:26.990+0000] {dag.py:3047} INFO - Sync 1 DAGs
[2024-02-26T16:08:27.000+0000] {logging_mixin.py:188} INFO - [2024-02-26T16:08:27.000+0000] {dag.py:3834} INFO - Setting next_dagrun for example_sensor_decorator to None, run_after=None
[2024-02-26T16:08:27.013+0000] {processor.py:183} INFO - Processing /home/airflow/.local/lib/python3.11/site-packages/airflow/example_dags/example_sensor_decorator.py took 0.057 seconds
[2024-02-26T16:08:57.369+0000] {processor.py:161} INFO - Started process (PID=10233) to work on /home/airflow/.local/lib/python3.11/site-packages/airflow/example_dags/example_sensor_decorator.py
[2024-02-26T16:08:57.372+0000] {processor.py:830} INFO - Processing file /home/airflow/.local/lib/python3.11/site-packages/airflow/example_dags/example_sensor_decorator.py for tasks to queue
[2024-02-26T16:08:57.373+0000] {logging_mixin.py:188} INFO - [2024-02-26T16:08:57.373+0000] {dagbag.py:540} INFO - Filling up the DagBag from /home/airflow/.local/lib/python3.11/site-packages/airflow/example_dags/example_sensor_decorator.py
[2024-02-26T16:08:57.380+0000] {processor.py:840} INFO - DAG(s) 'example_sensor_decorator' retrieved from /home/airflow/.local/lib/python3.11/site-packages/airflow/example_dags/example_sensor_decorator.py
[2024-02-26T16:08:57.409+0000] {logging_mixin.py:188} INFO - [2024-02-26T16:08:57.409+0000] {dag.py:3047} INFO - Sync 1 DAGs
[2024-02-26T16:08:57.423+0000] {logging_mixin.py:188} INFO - [2024-02-26T16:08:57.423+0000] {dag.py:3834} INFO - Setting next_dagrun for example_sensor_decorator to None, run_after=None
[2024-02-26T16:08:57.436+0000] {processor.py:183} INFO - Processing /home/airflow/.local/lib/python3.11/site-packages/airflow/example_dags/example_sensor_decorator.py took 0.071 seconds
[2024-02-26T16:09:27.503+0000] {processor.py:161} INFO - Started process (PID=10480) to work on /home/airflow/.local/lib/python3.11/site-packages/airflow/example_dags/example_sensor_decorator.py
[2024-02-26T16:09:27.505+0000] {processor.py:830} INFO - Processing file /home/airflow/.local/lib/python3.11/site-packages/airflow/example_dags/example_sensor_decorator.py for tasks to queue
[2024-02-26T16:09:27.506+0000] {logging_mixin.py:188} INFO - [2024-02-26T16:09:27.506+0000] {dagbag.py:540} INFO - Filling up the DagBag from /home/airflow/.local/lib/python3.11/site-packages/airflow/example_dags/example_sensor_decorator.py
[2024-02-26T16:09:27.511+0000] {processor.py:840} INFO - DAG(s) 'example_sensor_decorator' retrieved from /home/airflow/.local/lib/python3.11/site-packages/airflow/example_dags/example_sensor_decorator.py
[2024-02-26T16:09:27.529+0000] {logging_mixin.py:188} INFO - [2024-02-26T16:09:27.529+0000] {dag.py:3047} INFO - Sync 1 DAGs
[2024-02-26T16:09:27.538+0000] {logging_mixin.py:188} INFO - [2024-02-26T16:09:27.538+0000] {dag.py:3834} INFO - Setting next_dagrun for example_sensor_decorator to None, run_after=None
[2024-02-26T16:09:27.551+0000] {processor.py:183} INFO - Processing /home/airflow/.local/lib/python3.11/site-packages/airflow/example_dags/example_sensor_decorator.py took 0.051 seconds
[2024-02-26T16:09:57.640+0000] {processor.py:161} INFO - Started process (PID=10727) to work on /home/airflow/.local/lib/python3.11/site-packages/airflow/example_dags/example_sensor_decorator.py
[2024-02-26T16:09:57.642+0000] {processor.py:830} INFO - Processing file /home/airflow/.local/lib/python3.11/site-packages/airflow/example_dags/example_sensor_decorator.py for tasks to queue
[2024-02-26T16:09:57.643+0000] {logging_mixin.py:188} INFO - [2024-02-26T16:09:57.643+0000] {dagbag.py:540} INFO - Filling up the DagBag from /home/airflow/.local/lib/python3.11/site-packages/airflow/example_dags/example_sensor_decorator.py
[2024-02-26T16:09:57.651+0000] {processor.py:840} INFO - DAG(s) 'example_sensor_decorator' retrieved from /home/airflow/.local/lib/python3.11/site-packages/airflow/example_dags/example_sensor_decorator.py
[2024-02-26T16:09:57.677+0000] {logging_mixin.py:188} INFO - [2024-02-26T16:09:57.676+0000] {dag.py:3047} INFO - Sync 1 DAGs
[2024-02-26T16:09:57.685+0000] {logging_mixin.py:188} INFO - [2024-02-26T16:09:57.685+0000] {dag.py:3834} INFO - Setting next_dagrun for example_sensor_decorator to None, run_after=None
[2024-02-26T16:09:57.696+0000] {processor.py:183} INFO - Processing /home/airflow/.local/lib/python3.11/site-packages/airflow/example_dags/example_sensor_decorator.py took 0.060 seconds
[2024-02-26T16:10:27.890+0000] {processor.py:161} INFO - Started process (PID=10974) to work on /home/airflow/.local/lib/python3.11/site-packages/airflow/example_dags/example_sensor_decorator.py
[2024-02-26T16:10:27.892+0000] {processor.py:830} INFO - Processing file /home/airflow/.local/lib/python3.11/site-packages/airflow/example_dags/example_sensor_decorator.py for tasks to queue
[2024-02-26T16:10:27.894+0000] {logging_mixin.py:188} INFO - [2024-02-26T16:10:27.893+0000] {dagbag.py:540} INFO - Filling up the DagBag from /home/airflow/.local/lib/python3.11/site-packages/airflow/example_dags/example_sensor_decorator.py
[2024-02-26T16:10:27.899+0000] {processor.py:840} INFO - DAG(s) 'example_sensor_decorator' retrieved from /home/airflow/.local/lib/python3.11/site-packages/airflow/example_dags/example_sensor_decorator.py
[2024-02-26T16:10:27.921+0000] {logging_mixin.py:188} INFO - [2024-02-26T16:10:27.921+0000] {dag.py:3047} INFO - Sync 1 DAGs
[2024-02-26T16:10:27.930+0000] {logging_mixin.py:188} INFO - [2024-02-26T16:10:27.929+0000] {dag.py:3834} INFO - Setting next_dagrun for example_sensor_decorator to None, run_after=None
[2024-02-26T16:10:27.944+0000] {processor.py:183} INFO - Processing /home/airflow/.local/lib/python3.11/site-packages/airflow/example_dags/example_sensor_decorator.py took 0.057 seconds
[2024-02-26T16:10:58.174+0000] {processor.py:161} INFO - Started process (PID=11221) to work on /home/airflow/.local/lib/python3.11/site-packages/airflow/example_dags/example_sensor_decorator.py
[2024-02-26T16:10:58.183+0000] {processor.py:830} INFO - Processing file /home/airflow/.local/lib/python3.11/site-packages/airflow/example_dags/example_sensor_decorator.py for tasks to queue
[2024-02-26T16:10:58.189+0000] {logging_mixin.py:188} INFO - [2024-02-26T16:10:58.188+0000] {dagbag.py:540} INFO - Filling up the DagBag from /home/airflow/.local/lib/python3.11/site-packages/airflow/example_dags/example_sensor_decorator.py
[2024-02-26T16:10:58.217+0000] {processor.py:840} INFO - DAG(s) 'example_sensor_decorator' retrieved from /home/airflow/.local/lib/python3.11/site-packages/airflow/example_dags/example_sensor_decorator.py
[2024-02-26T16:10:58.282+0000] {logging_mixin.py:188} INFO - [2024-02-26T16:10:58.281+0000] {dag.py:3047} INFO - Sync 1 DAGs
[2024-02-26T16:10:58.302+0000] {logging_mixin.py:188} INFO - [2024-02-26T16:10:58.301+0000] {dag.py:3834} INFO - Setting next_dagrun for example_sensor_decorator to None, run_after=None
[2024-02-26T16:10:58.321+0000] {processor.py:183} INFO - Processing /home/airflow/.local/lib/python3.11/site-packages/airflow/example_dags/example_sensor_decorator.py took 0.154 seconds
[2024-02-26T16:11:28.427+0000] {processor.py:161} INFO - Started process (PID=11468) to work on /home/airflow/.local/lib/python3.11/site-packages/airflow/example_dags/example_sensor_decorator.py
[2024-02-26T16:11:28.429+0000] {processor.py:830} INFO - Processing file /home/airflow/.local/lib/python3.11/site-packages/airflow/example_dags/example_sensor_decorator.py for tasks to queue
[2024-02-26T16:11:28.431+0000] {logging_mixin.py:188} INFO - [2024-02-26T16:11:28.430+0000] {dagbag.py:540} INFO - Filling up the DagBag from /home/airflow/.local/lib/python3.11/site-packages/airflow/example_dags/example_sensor_decorator.py
[2024-02-26T16:11:28.437+0000] {processor.py:840} INFO - DAG(s) 'example_sensor_decorator' retrieved from /home/airflow/.local/lib/python3.11/site-packages/airflow/example_dags/example_sensor_decorator.py
[2024-02-26T16:11:28.457+0000] {logging_mixin.py:188} INFO - [2024-02-26T16:11:28.457+0000] {dag.py:3047} INFO - Sync 1 DAGs
[2024-02-26T16:11:28.466+0000] {logging_mixin.py:188} INFO - [2024-02-26T16:11:28.466+0000] {dag.py:3834} INFO - Setting next_dagrun for example_sensor_decorator to None, run_after=None
[2024-02-26T16:11:28.490+0000] {processor.py:183} INFO - Processing /home/airflow/.local/lib/python3.11/site-packages/airflow/example_dags/example_sensor_decorator.py took 0.066 seconds
[2024-02-26T16:11:58.617+0000] {processor.py:161} INFO - Started process (PID=11721) to work on /home/airflow/.local/lib/python3.11/site-packages/airflow/example_dags/example_sensor_decorator.py
[2024-02-26T16:11:58.619+0000] {processor.py:830} INFO - Processing file /home/airflow/.local/lib/python3.11/site-packages/airflow/example_dags/example_sensor_decorator.py for tasks to queue
[2024-02-26T16:11:58.622+0000] {logging_mixin.py:188} INFO - [2024-02-26T16:11:58.621+0000] {dagbag.py:540} INFO - Filling up the DagBag from /home/airflow/.local/lib/python3.11/site-packages/airflow/example_dags/example_sensor_decorator.py
[2024-02-26T16:11:58.627+0000] {processor.py:840} INFO - DAG(s) 'example_sensor_decorator' retrieved from /home/airflow/.local/lib/python3.11/site-packages/airflow/example_dags/example_sensor_decorator.py
[2024-02-26T16:11:58.649+0000] {logging_mixin.py:188} INFO - [2024-02-26T16:11:58.649+0000] {dag.py:3047} INFO - Sync 1 DAGs
[2024-02-26T16:11:58.657+0000] {logging_mixin.py:188} INFO - [2024-02-26T16:11:58.657+0000] {dag.py:3834} INFO - Setting next_dagrun for example_sensor_decorator to None, run_after=None
[2024-02-26T16:11:58.666+0000] {processor.py:183} INFO - Processing /home/airflow/.local/lib/python3.11/site-packages/airflow/example_dags/example_sensor_decorator.py took 0.052 seconds
[2024-02-26T16:12:28.742+0000] {processor.py:161} INFO - Started process (PID=11969) to work on /home/airflow/.local/lib/python3.11/site-packages/airflow/example_dags/example_sensor_decorator.py
[2024-02-26T16:12:28.744+0000] {processor.py:830} INFO - Processing file /home/airflow/.local/lib/python3.11/site-packages/airflow/example_dags/example_sensor_decorator.py for tasks to queue
[2024-02-26T16:12:28.746+0000] {logging_mixin.py:188} INFO - [2024-02-26T16:12:28.745+0000] {dagbag.py:540} INFO - Filling up the DagBag from /home/airflow/.local/lib/python3.11/site-packages/airflow/example_dags/example_sensor_decorator.py
[2024-02-26T16:12:28.751+0000] {processor.py:840} INFO - DAG(s) 'example_sensor_decorator' retrieved from /home/airflow/.local/lib/python3.11/site-packages/airflow/example_dags/example_sensor_decorator.py
[2024-02-26T16:12:28.773+0000] {logging_mixin.py:188} INFO - [2024-02-26T16:12:28.773+0000] {dag.py:3047} INFO - Sync 1 DAGs
[2024-02-26T16:12:28.781+0000] {logging_mixin.py:188} INFO - [2024-02-26T16:12:28.781+0000] {dag.py:3834} INFO - Setting next_dagrun for example_sensor_decorator to None, run_after=None
[2024-02-26T16:12:28.792+0000] {processor.py:183} INFO - Processing /home/airflow/.local/lib/python3.11/site-packages/airflow/example_dags/example_sensor_decorator.py took 0.053 seconds
[2024-02-26T16:12:58.936+0000] {processor.py:161} INFO - Started process (PID=12216) to work on /home/airflow/.local/lib/python3.11/site-packages/airflow/example_dags/example_sensor_decorator.py
[2024-02-26T16:12:58.937+0000] {processor.py:830} INFO - Processing file /home/airflow/.local/lib/python3.11/site-packages/airflow/example_dags/example_sensor_decorator.py for tasks to queue
[2024-02-26T16:12:58.940+0000] {logging_mixin.py:188} INFO - [2024-02-26T16:12:58.939+0000] {dagbag.py:540} INFO - Filling up the DagBag from /home/airflow/.local/lib/python3.11/site-packages/airflow/example_dags/example_sensor_decorator.py
[2024-02-26T16:12:58.949+0000] {processor.py:840} INFO - DAG(s) 'example_sensor_decorator' retrieved from /home/airflow/.local/lib/python3.11/site-packages/airflow/example_dags/example_sensor_decorator.py
[2024-02-26T16:12:58.968+0000] {logging_mixin.py:188} INFO - [2024-02-26T16:12:58.968+0000] {dag.py:3047} INFO - Sync 1 DAGs
[2024-02-26T16:12:58.977+0000] {logging_mixin.py:188} INFO - [2024-02-26T16:12:58.977+0000] {dag.py:3834} INFO - Setting next_dagrun for example_sensor_decorator to None, run_after=None
[2024-02-26T16:12:58.986+0000] {processor.py:183} INFO - Processing /home/airflow/.local/lib/python3.11/site-packages/airflow/example_dags/example_sensor_decorator.py took 0.054 seconds
[2024-02-26T16:13:29.119+0000] {processor.py:161} INFO - Started process (PID=12464) to work on /home/airflow/.local/lib/python3.11/site-packages/airflow/example_dags/example_sensor_decorator.py
[2024-02-26T16:13:29.121+0000] {processor.py:830} INFO - Processing file /home/airflow/.local/lib/python3.11/site-packages/airflow/example_dags/example_sensor_decorator.py for tasks to queue
[2024-02-26T16:13:29.122+0000] {logging_mixin.py:188} INFO - [2024-02-26T16:13:29.122+0000] {dagbag.py:540} INFO - Filling up the DagBag from /home/airflow/.local/lib/python3.11/site-packages/airflow/example_dags/example_sensor_decorator.py
[2024-02-26T16:13:29.130+0000] {processor.py:840} INFO - DAG(s) 'example_sensor_decorator' retrieved from /home/airflow/.local/lib/python3.11/site-packages/airflow/example_dags/example_sensor_decorator.py
[2024-02-26T16:13:29.149+0000] {logging_mixin.py:188} INFO - [2024-02-26T16:13:29.149+0000] {dag.py:3047} INFO - Sync 1 DAGs
[2024-02-26T16:13:29.160+0000] {logging_mixin.py:188} INFO - [2024-02-26T16:13:29.160+0000] {dag.py:3834} INFO - Setting next_dagrun for example_sensor_decorator to None, run_after=None
[2024-02-26T16:13:29.170+0000] {processor.py:183} INFO - Processing /home/airflow/.local/lib/python3.11/site-packages/airflow/example_dags/example_sensor_decorator.py took 0.053 seconds
[2024-02-26T16:13:59.578+0000] {processor.py:161} INFO - Started process (PID=12710) to work on /home/airflow/.local/lib/python3.11/site-packages/airflow/example_dags/example_sensor_decorator.py
[2024-02-26T16:13:59.581+0000] {processor.py:830} INFO - Processing file /home/airflow/.local/lib/python3.11/site-packages/airflow/example_dags/example_sensor_decorator.py for tasks to queue
[2024-02-26T16:13:59.583+0000] {logging_mixin.py:188} INFO - [2024-02-26T16:13:59.583+0000] {dagbag.py:540} INFO - Filling up the DagBag from /home/airflow/.local/lib/python3.11/site-packages/airflow/example_dags/example_sensor_decorator.py
[2024-02-26T16:13:59.590+0000] {processor.py:840} INFO - DAG(s) 'example_sensor_decorator' retrieved from /home/airflow/.local/lib/python3.11/site-packages/airflow/example_dags/example_sensor_decorator.py
[2024-02-26T16:13:59.612+0000] {logging_mixin.py:188} INFO - [2024-02-26T16:13:59.612+0000] {dag.py:3047} INFO - Sync 1 DAGs
[2024-02-26T16:13:59.624+0000] {logging_mixin.py:188} INFO - [2024-02-26T16:13:59.624+0000] {dag.py:3834} INFO - Setting next_dagrun for example_sensor_decorator to None, run_after=None
[2024-02-26T16:13:59.642+0000] {processor.py:183} INFO - Processing /home/airflow/.local/lib/python3.11/site-packages/airflow/example_dags/example_sensor_decorator.py took 0.069 seconds
[2024-02-26T16:14:29.811+0000] {processor.py:161} INFO - Started process (PID=12957) to work on /home/airflow/.local/lib/python3.11/site-packages/airflow/example_dags/example_sensor_decorator.py
[2024-02-26T16:14:29.813+0000] {processor.py:830} INFO - Processing file /home/airflow/.local/lib/python3.11/site-packages/airflow/example_dags/example_sensor_decorator.py for tasks to queue
[2024-02-26T16:14:29.814+0000] {logging_mixin.py:188} INFO - [2024-02-26T16:14:29.814+0000] {dagbag.py:540} INFO - Filling up the DagBag from /home/airflow/.local/lib/python3.11/site-packages/airflow/example_dags/example_sensor_decorator.py
[2024-02-26T16:14:29.821+0000] {processor.py:840} INFO - DAG(s) 'example_sensor_decorator' retrieved from /home/airflow/.local/lib/python3.11/site-packages/airflow/example_dags/example_sensor_decorator.py
[2024-02-26T16:14:29.843+0000] {logging_mixin.py:188} INFO - [2024-02-26T16:14:29.842+0000] {dag.py:3047} INFO - Sync 1 DAGs
[2024-02-26T16:14:29.852+0000] {logging_mixin.py:188} INFO - [2024-02-26T16:14:29.852+0000] {dag.py:3834} INFO - Setting next_dagrun for example_sensor_decorator to None, run_after=None
[2024-02-26T16:14:29.863+0000] {processor.py:183} INFO - Processing /home/airflow/.local/lib/python3.11/site-packages/airflow/example_dags/example_sensor_decorator.py took 0.056 seconds
