[2024-02-26T15:48:34.993+0000] {processor.py:161} INFO - Started process (PID=309) to work on /home/airflow/.local/lib/python3.11/site-packages/airflow/example_dags/example_skip_dag.py
[2024-02-26T15:48:34.996+0000] {processor.py:830} INFO - Processing file /home/airflow/.local/lib/python3.11/site-packages/airflow/example_dags/example_skip_dag.py for tasks to queue
[2024-02-26T15:48:35.000+0000] {logging_mixin.py:188} INFO - [2024-02-26T15:48:34.999+0000] {dagbag.py:540} INFO - Filling up the DagBag from /home/airflow/.local/lib/python3.11/site-packages/airflow/example_dags/example_skip_dag.py
[2024-02-26T15:48:35.010+0000] {processor.py:840} INFO - DAG(s) 'example_skip_dag' retrieved from /home/airflow/.local/lib/python3.11/site-packages/airflow/example_dags/example_skip_dag.py
[2024-02-26T15:48:35.023+0000] {logging_mixin.py:188} INFO - [2024-02-26T15:48:35.023+0000] {dag.py:3047} INFO - Sync 1 DAGs
[2024-02-26T15:48:35.045+0000] {logging_mixin.py:188} INFO - [2024-02-26T15:48:35.045+0000] {dag.py:3834} INFO - Setting next_dagrun for example_skip_dag to 2024-02-25 00:00:00+00:00, run_after=2024-02-26 00:00:00+00:00
[2024-02-26T15:48:35.190+0000] {processor.py:183} INFO - Processing /home/airflow/.local/lib/python3.11/site-packages/airflow/example_dags/example_skip_dag.py took 0.200 seconds
[2024-02-26T15:49:05.316+0000] {processor.py:161} INFO - Started process (PID=558) to work on /home/airflow/.local/lib/python3.11/site-packages/airflow/example_dags/example_skip_dag.py
[2024-02-26T15:49:05.318+0000] {processor.py:830} INFO - Processing file /home/airflow/.local/lib/python3.11/site-packages/airflow/example_dags/example_skip_dag.py for tasks to queue
[2024-02-26T15:49:05.319+0000] {logging_mixin.py:188} INFO - [2024-02-26T15:49:05.319+0000] {dagbag.py:540} INFO - Filling up the DagBag from /home/airflow/.local/lib/python3.11/site-packages/airflow/example_dags/example_skip_dag.py
[2024-02-26T15:49:05.325+0000] {processor.py:840} INFO - DAG(s) 'example_skip_dag' retrieved from /home/airflow/.local/lib/python3.11/site-packages/airflow/example_dags/example_skip_dag.py
[2024-02-26T15:49:05.386+0000] {logging_mixin.py:188} INFO - [2024-02-26T15:49:05.386+0000] {dag.py:3047} INFO - Sync 1 DAGs
[2024-02-26T15:49:05.399+0000] {logging_mixin.py:188} INFO - [2024-02-26T15:49:05.398+0000] {dag.py:3834} INFO - Setting next_dagrun for example_skip_dag to 2024-02-25 00:00:00+00:00, run_after=2024-02-26 00:00:00+00:00
[2024-02-26T15:49:05.411+0000] {processor.py:183} INFO - Processing /home/airflow/.local/lib/python3.11/site-packages/airflow/example_dags/example_skip_dag.py took 0.097 seconds
[2024-02-26T15:49:36.354+0000] {processor.py:161} INFO - Started process (PID=805) to work on /home/airflow/.local/lib/python3.11/site-packages/airflow/example_dags/example_skip_dag.py
[2024-02-26T15:49:36.358+0000] {processor.py:830} INFO - Processing file /home/airflow/.local/lib/python3.11/site-packages/airflow/example_dags/example_skip_dag.py for tasks to queue
[2024-02-26T15:49:36.361+0000] {logging_mixin.py:188} INFO - [2024-02-26T15:49:36.361+0000] {dagbag.py:540} INFO - Filling up the DagBag from /home/airflow/.local/lib/python3.11/site-packages/airflow/example_dags/example_skip_dag.py
[2024-02-26T15:49:36.370+0000] {processor.py:840} INFO - DAG(s) 'example_skip_dag' retrieved from /home/airflow/.local/lib/python3.11/site-packages/airflow/example_dags/example_skip_dag.py
[2024-02-26T15:49:36.395+0000] {logging_mixin.py:188} INFO - [2024-02-26T15:49:36.395+0000] {dag.py:3047} INFO - Sync 1 DAGs
[2024-02-26T15:49:36.411+0000] {logging_mixin.py:188} INFO - [2024-02-26T15:49:36.410+0000] {dag.py:3834} INFO - Setting next_dagrun for example_skip_dag to 2024-02-25 00:00:00+00:00, run_after=2024-02-26 00:00:00+00:00
[2024-02-26T15:49:36.425+0000] {processor.py:183} INFO - Processing /home/airflow/.local/lib/python3.11/site-packages/airflow/example_dags/example_skip_dag.py took 0.076 seconds
[2024-02-26T15:50:07.094+0000] {processor.py:161} INFO - Started process (PID=1053) to work on /home/airflow/.local/lib/python3.11/site-packages/airflow/example_dags/example_skip_dag.py
[2024-02-26T15:50:07.099+0000] {processor.py:830} INFO - Processing file /home/airflow/.local/lib/python3.11/site-packages/airflow/example_dags/example_skip_dag.py for tasks to queue
[2024-02-26T15:50:07.101+0000] {logging_mixin.py:188} INFO - [2024-02-26T15:50:07.101+0000] {dagbag.py:540} INFO - Filling up the DagBag from /home/airflow/.local/lib/python3.11/site-packages/airflow/example_dags/example_skip_dag.py
[2024-02-26T15:50:07.110+0000] {processor.py:840} INFO - DAG(s) 'example_skip_dag' retrieved from /home/airflow/.local/lib/python3.11/site-packages/airflow/example_dags/example_skip_dag.py
[2024-02-26T15:50:07.135+0000] {logging_mixin.py:188} INFO - [2024-02-26T15:50:07.135+0000] {dag.py:3047} INFO - Sync 1 DAGs
[2024-02-26T15:50:07.149+0000] {logging_mixin.py:188} INFO - [2024-02-26T15:50:07.149+0000] {dag.py:3834} INFO - Setting next_dagrun for example_skip_dag to 2024-02-25 00:00:00+00:00, run_after=2024-02-26 00:00:00+00:00
[2024-02-26T15:50:07.160+0000] {processor.py:183} INFO - Processing /home/airflow/.local/lib/python3.11/site-packages/airflow/example_dags/example_skip_dag.py took 0.071 seconds
[2024-02-26T15:50:37.402+0000] {processor.py:161} INFO - Started process (PID=1297) to work on /home/airflow/.local/lib/python3.11/site-packages/airflow/example_dags/example_skip_dag.py
[2024-02-26T15:50:37.405+0000] {processor.py:830} INFO - Processing file /home/airflow/.local/lib/python3.11/site-packages/airflow/example_dags/example_skip_dag.py for tasks to queue
[2024-02-26T15:50:37.407+0000] {logging_mixin.py:188} INFO - [2024-02-26T15:50:37.407+0000] {dagbag.py:540} INFO - Filling up the DagBag from /home/airflow/.local/lib/python3.11/site-packages/airflow/example_dags/example_skip_dag.py
[2024-02-26T15:50:37.414+0000] {processor.py:840} INFO - DAG(s) 'example_skip_dag' retrieved from /home/airflow/.local/lib/python3.11/site-packages/airflow/example_dags/example_skip_dag.py
[2024-02-26T15:50:37.433+0000] {logging_mixin.py:188} INFO - [2024-02-26T15:50:37.433+0000] {dag.py:3047} INFO - Sync 1 DAGs
[2024-02-26T15:50:37.448+0000] {logging_mixin.py:188} INFO - [2024-02-26T15:50:37.447+0000] {dag.py:3834} INFO - Setting next_dagrun for example_skip_dag to 2024-02-25 00:00:00+00:00, run_after=2024-02-26 00:00:00+00:00
[2024-02-26T15:50:37.461+0000] {processor.py:183} INFO - Processing /home/airflow/.local/lib/python3.11/site-packages/airflow/example_dags/example_skip_dag.py took 0.061 seconds
[2024-02-26T15:51:08.175+0000] {processor.py:161} INFO - Started process (PID=1544) to work on /home/airflow/.local/lib/python3.11/site-packages/airflow/example_dags/example_skip_dag.py
[2024-02-26T15:51:08.179+0000] {processor.py:830} INFO - Processing file /home/airflow/.local/lib/python3.11/site-packages/airflow/example_dags/example_skip_dag.py for tasks to queue
[2024-02-26T15:51:08.181+0000] {logging_mixin.py:188} INFO - [2024-02-26T15:51:08.180+0000] {dagbag.py:540} INFO - Filling up the DagBag from /home/airflow/.local/lib/python3.11/site-packages/airflow/example_dags/example_skip_dag.py
[2024-02-26T15:51:08.187+0000] {processor.py:840} INFO - DAG(s) 'example_skip_dag' retrieved from /home/airflow/.local/lib/python3.11/site-packages/airflow/example_dags/example_skip_dag.py
[2024-02-26T15:51:08.208+0000] {logging_mixin.py:188} INFO - [2024-02-26T15:51:08.208+0000] {dag.py:3047} INFO - Sync 1 DAGs
[2024-02-26T15:51:08.222+0000] {logging_mixin.py:188} INFO - [2024-02-26T15:51:08.221+0000] {dag.py:3834} INFO - Setting next_dagrun for example_skip_dag to 2024-02-25 00:00:00+00:00, run_after=2024-02-26 00:00:00+00:00
[2024-02-26T15:51:08.235+0000] {processor.py:183} INFO - Processing /home/airflow/.local/lib/python3.11/site-packages/airflow/example_dags/example_skip_dag.py took 0.063 seconds
[2024-02-26T15:51:39.098+0000] {processor.py:161} INFO - Started process (PID=1792) to work on /home/airflow/.local/lib/python3.11/site-packages/airflow/example_dags/example_skip_dag.py
[2024-02-26T15:51:39.100+0000] {processor.py:830} INFO - Processing file /home/airflow/.local/lib/python3.11/site-packages/airflow/example_dags/example_skip_dag.py for tasks to queue
[2024-02-26T15:51:39.103+0000] {logging_mixin.py:188} INFO - [2024-02-26T15:51:39.102+0000] {dagbag.py:540} INFO - Filling up the DagBag from /home/airflow/.local/lib/python3.11/site-packages/airflow/example_dags/example_skip_dag.py
[2024-02-26T15:51:39.109+0000] {processor.py:840} INFO - DAG(s) 'example_skip_dag' retrieved from /home/airflow/.local/lib/python3.11/site-packages/airflow/example_dags/example_skip_dag.py
[2024-02-26T15:51:39.132+0000] {logging_mixin.py:188} INFO - [2024-02-26T15:51:39.131+0000] {dag.py:3047} INFO - Sync 1 DAGs
[2024-02-26T15:51:39.146+0000] {logging_mixin.py:188} INFO - [2024-02-26T15:51:39.146+0000] {dag.py:3834} INFO - Setting next_dagrun for example_skip_dag to 2024-02-25 00:00:00+00:00, run_after=2024-02-26 00:00:00+00:00
[2024-02-26T15:51:39.158+0000] {processor.py:183} INFO - Processing /home/airflow/.local/lib/python3.11/site-packages/airflow/example_dags/example_skip_dag.py took 0.064 seconds
[2024-02-26T15:52:09.957+0000] {processor.py:161} INFO - Started process (PID=2086) to work on /home/airflow/.local/lib/python3.11/site-packages/airflow/example_dags/example_skip_dag.py
[2024-02-26T15:52:09.960+0000] {processor.py:830} INFO - Processing file /home/airflow/.local/lib/python3.11/site-packages/airflow/example_dags/example_skip_dag.py for tasks to queue
[2024-02-26T15:52:09.962+0000] {logging_mixin.py:188} INFO - [2024-02-26T15:52:09.961+0000] {dagbag.py:540} INFO - Filling up the DagBag from /home/airflow/.local/lib/python3.11/site-packages/airflow/example_dags/example_skip_dag.py
[2024-02-26T15:52:09.968+0000] {processor.py:840} INFO - DAG(s) 'example_skip_dag' retrieved from /home/airflow/.local/lib/python3.11/site-packages/airflow/example_dags/example_skip_dag.py
[2024-02-26T15:52:09.988+0000] {logging_mixin.py:188} INFO - [2024-02-26T15:52:09.988+0000] {dag.py:3047} INFO - Sync 1 DAGs
[2024-02-26T15:52:10.002+0000] {logging_mixin.py:188} INFO - [2024-02-26T15:52:10.002+0000] {dag.py:3834} INFO - Setting next_dagrun for example_skip_dag to 2024-02-25 00:00:00+00:00, run_after=2024-02-26 00:00:00+00:00
[2024-02-26T15:52:10.013+0000] {processor.py:183} INFO - Processing /home/airflow/.local/lib/python3.11/site-packages/airflow/example_dags/example_skip_dag.py took 0.060 seconds
[2024-02-26T15:52:40.350+0000] {processor.py:161} INFO - Started process (PID=2357) to work on /home/airflow/.local/lib/python3.11/site-packages/airflow/example_dags/example_skip_dag.py
[2024-02-26T15:52:40.352+0000] {processor.py:830} INFO - Processing file /home/airflow/.local/lib/python3.11/site-packages/airflow/example_dags/example_skip_dag.py for tasks to queue
[2024-02-26T15:52:40.353+0000] {logging_mixin.py:188} INFO - [2024-02-26T15:52:40.353+0000] {dagbag.py:540} INFO - Filling up the DagBag from /home/airflow/.local/lib/python3.11/site-packages/airflow/example_dags/example_skip_dag.py
[2024-02-26T15:52:40.360+0000] {processor.py:840} INFO - DAG(s) 'example_skip_dag' retrieved from /home/airflow/.local/lib/python3.11/site-packages/airflow/example_dags/example_skip_dag.py
[2024-02-26T15:52:40.380+0000] {logging_mixin.py:188} INFO - [2024-02-26T15:52:40.379+0000] {dag.py:3047} INFO - Sync 1 DAGs
[2024-02-26T15:52:40.395+0000] {logging_mixin.py:188} INFO - [2024-02-26T15:52:40.394+0000] {dag.py:3834} INFO - Setting next_dagrun for example_skip_dag to 2024-02-25 00:00:00+00:00, run_after=2024-02-26 00:00:00+00:00
[2024-02-26T15:52:40.407+0000] {processor.py:183} INFO - Processing /home/airflow/.local/lib/python3.11/site-packages/airflow/example_dags/example_skip_dag.py took 0.060 seconds
[2024-02-26T15:53:11.122+0000] {processor.py:161} INFO - Started process (PID=2606) to work on /home/airflow/.local/lib/python3.11/site-packages/airflow/example_dags/example_skip_dag.py
[2024-02-26T15:53:11.123+0000] {processor.py:830} INFO - Processing file /home/airflow/.local/lib/python3.11/site-packages/airflow/example_dags/example_skip_dag.py for tasks to queue
[2024-02-26T15:53:11.125+0000] {logging_mixin.py:188} INFO - [2024-02-26T15:53:11.124+0000] {dagbag.py:540} INFO - Filling up the DagBag from /home/airflow/.local/lib/python3.11/site-packages/airflow/example_dags/example_skip_dag.py
[2024-02-26T15:53:11.132+0000] {processor.py:840} INFO - DAG(s) 'example_skip_dag' retrieved from /home/airflow/.local/lib/python3.11/site-packages/airflow/example_dags/example_skip_dag.py
[2024-02-26T15:53:11.154+0000] {logging_mixin.py:188} INFO - [2024-02-26T15:53:11.153+0000] {dag.py:3047} INFO - Sync 1 DAGs
[2024-02-26T15:53:11.167+0000] {logging_mixin.py:188} INFO - [2024-02-26T15:53:11.167+0000] {dag.py:3834} INFO - Setting next_dagrun for example_skip_dag to 2024-02-25 00:00:00+00:00, run_after=2024-02-26 00:00:00+00:00
[2024-02-26T15:53:11.179+0000] {processor.py:183} INFO - Processing /home/airflow/.local/lib/python3.11/site-packages/airflow/example_dags/example_skip_dag.py took 0.061 seconds
[2024-02-26T15:53:41.927+0000] {processor.py:161} INFO - Started process (PID=2851) to work on /home/airflow/.local/lib/python3.11/site-packages/airflow/example_dags/example_skip_dag.py
[2024-02-26T15:53:41.928+0000] {processor.py:830} INFO - Processing file /home/airflow/.local/lib/python3.11/site-packages/airflow/example_dags/example_skip_dag.py for tasks to queue
[2024-02-26T15:53:41.929+0000] {logging_mixin.py:188} INFO - [2024-02-26T15:53:41.929+0000] {dagbag.py:540} INFO - Filling up the DagBag from /home/airflow/.local/lib/python3.11/site-packages/airflow/example_dags/example_skip_dag.py
[2024-02-26T15:53:41.936+0000] {processor.py:840} INFO - DAG(s) 'example_skip_dag' retrieved from /home/airflow/.local/lib/python3.11/site-packages/airflow/example_dags/example_skip_dag.py
[2024-02-26T15:53:41.957+0000] {logging_mixin.py:188} INFO - [2024-02-26T15:53:41.956+0000] {dag.py:3047} INFO - Sync 1 DAGs
[2024-02-26T15:53:41.972+0000] {logging_mixin.py:188} INFO - [2024-02-26T15:53:41.972+0000] {dag.py:3834} INFO - Setting next_dagrun for example_skip_dag to 2024-02-25 00:00:00+00:00, run_after=2024-02-26 00:00:00+00:00
[2024-02-26T15:53:41.985+0000] {processor.py:183} INFO - Processing /home/airflow/.local/lib/python3.11/site-packages/airflow/example_dags/example_skip_dag.py took 0.061 seconds
[2024-02-26T15:54:12.693+0000] {processor.py:161} INFO - Started process (PID=3098) to work on /home/airflow/.local/lib/python3.11/site-packages/airflow/example_dags/example_skip_dag.py
[2024-02-26T15:54:12.695+0000] {processor.py:830} INFO - Processing file /home/airflow/.local/lib/python3.11/site-packages/airflow/example_dags/example_skip_dag.py for tasks to queue
[2024-02-26T15:54:12.697+0000] {logging_mixin.py:188} INFO - [2024-02-26T15:54:12.696+0000] {dagbag.py:540} INFO - Filling up the DagBag from /home/airflow/.local/lib/python3.11/site-packages/airflow/example_dags/example_skip_dag.py
[2024-02-26T15:54:12.702+0000] {processor.py:840} INFO - DAG(s) 'example_skip_dag' retrieved from /home/airflow/.local/lib/python3.11/site-packages/airflow/example_dags/example_skip_dag.py
[2024-02-26T15:54:12.723+0000] {logging_mixin.py:188} INFO - [2024-02-26T15:54:12.723+0000] {dag.py:3047} INFO - Sync 1 DAGs
[2024-02-26T15:54:12.740+0000] {logging_mixin.py:188} INFO - [2024-02-26T15:54:12.740+0000] {dag.py:3834} INFO - Setting next_dagrun for example_skip_dag to 2024-02-25 00:00:00+00:00, run_after=2024-02-26 00:00:00+00:00
[2024-02-26T15:54:12.752+0000] {processor.py:183} INFO - Processing /home/airflow/.local/lib/python3.11/site-packages/airflow/example_dags/example_skip_dag.py took 0.062 seconds
[2024-02-26T15:54:43.625+0000] {processor.py:161} INFO - Started process (PID=3345) to work on /home/airflow/.local/lib/python3.11/site-packages/airflow/example_dags/example_skip_dag.py
[2024-02-26T15:54:43.627+0000] {processor.py:830} INFO - Processing file /home/airflow/.local/lib/python3.11/site-packages/airflow/example_dags/example_skip_dag.py for tasks to queue
[2024-02-26T15:54:43.629+0000] {logging_mixin.py:188} INFO - [2024-02-26T15:54:43.629+0000] {dagbag.py:540} INFO - Filling up the DagBag from /home/airflow/.local/lib/python3.11/site-packages/airflow/example_dags/example_skip_dag.py
[2024-02-26T15:54:43.635+0000] {processor.py:840} INFO - DAG(s) 'example_skip_dag' retrieved from /home/airflow/.local/lib/python3.11/site-packages/airflow/example_dags/example_skip_dag.py
[2024-02-26T15:54:43.656+0000] {logging_mixin.py:188} INFO - [2024-02-26T15:54:43.656+0000] {dag.py:3047} INFO - Sync 1 DAGs
[2024-02-26T15:54:43.671+0000] {logging_mixin.py:188} INFO - [2024-02-26T15:54:43.670+0000] {dag.py:3834} INFO - Setting next_dagrun for example_skip_dag to 2024-02-25 00:00:00+00:00, run_after=2024-02-26 00:00:00+00:00
[2024-02-26T15:54:43.684+0000] {processor.py:183} INFO - Processing /home/airflow/.local/lib/python3.11/site-packages/airflow/example_dags/example_skip_dag.py took 0.062 seconds
[2024-02-26T15:55:14.558+0000] {processor.py:161} INFO - Started process (PID=3591) to work on /home/airflow/.local/lib/python3.11/site-packages/airflow/example_dags/example_skip_dag.py
[2024-02-26T15:55:14.559+0000] {processor.py:830} INFO - Processing file /home/airflow/.local/lib/python3.11/site-packages/airflow/example_dags/example_skip_dag.py for tasks to queue
[2024-02-26T15:55:14.563+0000] {logging_mixin.py:188} INFO - [2024-02-26T15:55:14.562+0000] {dagbag.py:540} INFO - Filling up the DagBag from /home/airflow/.local/lib/python3.11/site-packages/airflow/example_dags/example_skip_dag.py
[2024-02-26T15:55:14.569+0000] {processor.py:840} INFO - DAG(s) 'example_skip_dag' retrieved from /home/airflow/.local/lib/python3.11/site-packages/airflow/example_dags/example_skip_dag.py
[2024-02-26T15:55:14.590+0000] {logging_mixin.py:188} INFO - [2024-02-26T15:55:14.590+0000] {dag.py:3047} INFO - Sync 1 DAGs
[2024-02-26T15:55:14.604+0000] {logging_mixin.py:188} INFO - [2024-02-26T15:55:14.604+0000] {dag.py:3834} INFO - Setting next_dagrun for example_skip_dag to 2024-02-25 00:00:00+00:00, run_after=2024-02-26 00:00:00+00:00
[2024-02-26T15:55:14.616+0000] {processor.py:183} INFO - Processing /home/airflow/.local/lib/python3.11/site-packages/airflow/example_dags/example_skip_dag.py took 0.061 seconds
[2024-02-26T15:55:45.665+0000] {processor.py:161} INFO - Started process (PID=3838) to work on /home/airflow/.local/lib/python3.11/site-packages/airflow/example_dags/example_skip_dag.py
[2024-02-26T15:55:45.669+0000] {processor.py:830} INFO - Processing file /home/airflow/.local/lib/python3.11/site-packages/airflow/example_dags/example_skip_dag.py for tasks to queue
[2024-02-26T15:55:45.672+0000] {logging_mixin.py:188} INFO - [2024-02-26T15:55:45.671+0000] {dagbag.py:540} INFO - Filling up the DagBag from /home/airflow/.local/lib/python3.11/site-packages/airflow/example_dags/example_skip_dag.py
[2024-02-26T15:55:45.680+0000] {processor.py:840} INFO - DAG(s) 'example_skip_dag' retrieved from /home/airflow/.local/lib/python3.11/site-packages/airflow/example_dags/example_skip_dag.py
[2024-02-26T15:55:45.707+0000] {logging_mixin.py:188} INFO - [2024-02-26T15:55:45.707+0000] {dag.py:3047} INFO - Sync 1 DAGs
[2024-02-26T15:55:45.728+0000] {logging_mixin.py:188} INFO - [2024-02-26T15:55:45.728+0000] {dag.py:3834} INFO - Setting next_dagrun for example_skip_dag to 2024-02-25 00:00:00+00:00, run_after=2024-02-26 00:00:00+00:00
[2024-02-26T15:55:45.746+0000] {processor.py:183} INFO - Processing /home/airflow/.local/lib/python3.11/site-packages/airflow/example_dags/example_skip_dag.py took 0.085 seconds
[2024-02-26T15:56:15.799+0000] {processor.py:161} INFO - Started process (PID=4085) to work on /home/airflow/.local/lib/python3.11/site-packages/airflow/example_dags/example_skip_dag.py
[2024-02-26T15:56:15.802+0000] {processor.py:830} INFO - Processing file /home/airflow/.local/lib/python3.11/site-packages/airflow/example_dags/example_skip_dag.py for tasks to queue
[2024-02-26T15:56:15.803+0000] {logging_mixin.py:188} INFO - [2024-02-26T15:56:15.803+0000] {dagbag.py:540} INFO - Filling up the DagBag from /home/airflow/.local/lib/python3.11/site-packages/airflow/example_dags/example_skip_dag.py
[2024-02-26T15:56:15.811+0000] {processor.py:840} INFO - DAG(s) 'example_skip_dag' retrieved from /home/airflow/.local/lib/python3.11/site-packages/airflow/example_dags/example_skip_dag.py
[2024-02-26T15:56:15.829+0000] {logging_mixin.py:188} INFO - [2024-02-26T15:56:15.829+0000] {dag.py:3047} INFO - Sync 1 DAGs
[2024-02-26T15:56:15.842+0000] {logging_mixin.py:188} INFO - [2024-02-26T15:56:15.842+0000] {dag.py:3834} INFO - Setting next_dagrun for example_skip_dag to 2024-02-25 00:00:00+00:00, run_after=2024-02-26 00:00:00+00:00
[2024-02-26T15:56:15.853+0000] {processor.py:183} INFO - Processing /home/airflow/.local/lib/python3.11/site-packages/airflow/example_dags/example_skip_dag.py took 0.057 seconds
[2024-02-26T15:56:46.215+0000] {processor.py:161} INFO - Started process (PID=4333) to work on /home/airflow/.local/lib/python3.11/site-packages/airflow/example_dags/example_skip_dag.py
[2024-02-26T15:56:46.217+0000] {processor.py:830} INFO - Processing file /home/airflow/.local/lib/python3.11/site-packages/airflow/example_dags/example_skip_dag.py for tasks to queue
[2024-02-26T15:56:46.218+0000] {logging_mixin.py:188} INFO - [2024-02-26T15:56:46.218+0000] {dagbag.py:540} INFO - Filling up the DagBag from /home/airflow/.local/lib/python3.11/site-packages/airflow/example_dags/example_skip_dag.py
[2024-02-26T15:56:46.227+0000] {processor.py:840} INFO - DAG(s) 'example_skip_dag' retrieved from /home/airflow/.local/lib/python3.11/site-packages/airflow/example_dags/example_skip_dag.py
[2024-02-26T15:56:46.250+0000] {logging_mixin.py:188} INFO - [2024-02-26T15:56:46.250+0000] {dag.py:3047} INFO - Sync 1 DAGs
[2024-02-26T15:56:46.279+0000] {logging_mixin.py:188} INFO - [2024-02-26T15:56:46.279+0000] {dag.py:3834} INFO - Setting next_dagrun for example_skip_dag to 2024-02-25 00:00:00+00:00, run_after=2024-02-26 00:00:00+00:00
[2024-02-26T15:56:46.307+0000] {processor.py:183} INFO - Processing /home/airflow/.local/lib/python3.11/site-packages/airflow/example_dags/example_skip_dag.py took 0.095 seconds
[2024-02-26T15:57:16.571+0000] {processor.py:161} INFO - Started process (PID=4580) to work on /home/airflow/.local/lib/python3.11/site-packages/airflow/example_dags/example_skip_dag.py
[2024-02-26T15:57:16.573+0000] {processor.py:830} INFO - Processing file /home/airflow/.local/lib/python3.11/site-packages/airflow/example_dags/example_skip_dag.py for tasks to queue
[2024-02-26T15:57:16.575+0000] {logging_mixin.py:188} INFO - [2024-02-26T15:57:16.574+0000] {dagbag.py:540} INFO - Filling up the DagBag from /home/airflow/.local/lib/python3.11/site-packages/airflow/example_dags/example_skip_dag.py
[2024-02-26T15:57:16.584+0000] {processor.py:840} INFO - DAG(s) 'example_skip_dag' retrieved from /home/airflow/.local/lib/python3.11/site-packages/airflow/example_dags/example_skip_dag.py
[2024-02-26T15:57:16.605+0000] {logging_mixin.py:188} INFO - [2024-02-26T15:57:16.605+0000] {dag.py:3047} INFO - Sync 1 DAGs
[2024-02-26T15:57:16.624+0000] {logging_mixin.py:188} INFO - [2024-02-26T15:57:16.623+0000] {dag.py:3834} INFO - Setting next_dagrun for example_skip_dag to 2024-02-25 00:00:00+00:00, run_after=2024-02-26 00:00:00+00:00
[2024-02-26T15:57:16.641+0000] {processor.py:183} INFO - Processing /home/airflow/.local/lib/python3.11/site-packages/airflow/example_dags/example_skip_dag.py took 0.073 seconds
[2024-02-26T15:57:46.933+0000] {processor.py:161} INFO - Started process (PID=4827) to work on /home/airflow/.local/lib/python3.11/site-packages/airflow/example_dags/example_skip_dag.py
[2024-02-26T15:57:46.935+0000] {processor.py:830} INFO - Processing file /home/airflow/.local/lib/python3.11/site-packages/airflow/example_dags/example_skip_dag.py for tasks to queue
[2024-02-26T15:57:46.936+0000] {logging_mixin.py:188} INFO - [2024-02-26T15:57:46.936+0000] {dagbag.py:540} INFO - Filling up the DagBag from /home/airflow/.local/lib/python3.11/site-packages/airflow/example_dags/example_skip_dag.py
[2024-02-26T15:57:46.945+0000] {processor.py:840} INFO - DAG(s) 'example_skip_dag' retrieved from /home/airflow/.local/lib/python3.11/site-packages/airflow/example_dags/example_skip_dag.py
[2024-02-26T15:57:46.968+0000] {logging_mixin.py:188} INFO - [2024-02-26T15:57:46.967+0000] {dag.py:3047} INFO - Sync 1 DAGs
[2024-02-26T15:57:46.985+0000] {logging_mixin.py:188} INFO - [2024-02-26T15:57:46.985+0000] {dag.py:3834} INFO - Setting next_dagrun for example_skip_dag to 2024-02-25 00:00:00+00:00, run_after=2024-02-26 00:00:00+00:00
[2024-02-26T15:57:46.998+0000] {processor.py:183} INFO - Processing /home/airflow/.local/lib/python3.11/site-packages/airflow/example_dags/example_skip_dag.py took 0.068 seconds
[2024-02-26T15:58:17.209+0000] {processor.py:161} INFO - Started process (PID=5074) to work on /home/airflow/.local/lib/python3.11/site-packages/airflow/example_dags/example_skip_dag.py
[2024-02-26T15:58:17.211+0000] {processor.py:830} INFO - Processing file /home/airflow/.local/lib/python3.11/site-packages/airflow/example_dags/example_skip_dag.py for tasks to queue
[2024-02-26T15:58:17.212+0000] {logging_mixin.py:188} INFO - [2024-02-26T15:58:17.212+0000] {dagbag.py:540} INFO - Filling up the DagBag from /home/airflow/.local/lib/python3.11/site-packages/airflow/example_dags/example_skip_dag.py
[2024-02-26T15:58:17.220+0000] {processor.py:840} INFO - DAG(s) 'example_skip_dag' retrieved from /home/airflow/.local/lib/python3.11/site-packages/airflow/example_dags/example_skip_dag.py
[2024-02-26T15:58:17.243+0000] {logging_mixin.py:188} INFO - [2024-02-26T15:58:17.242+0000] {dag.py:3047} INFO - Sync 1 DAGs
[2024-02-26T15:58:17.260+0000] {logging_mixin.py:188} INFO - [2024-02-26T15:58:17.260+0000] {dag.py:3834} INFO - Setting next_dagrun for example_skip_dag to 2024-02-25 00:00:00+00:00, run_after=2024-02-26 00:00:00+00:00
[2024-02-26T15:58:17.277+0000] {processor.py:183} INFO - Processing /home/airflow/.local/lib/python3.11/site-packages/airflow/example_dags/example_skip_dag.py took 0.073 seconds
[2024-02-26T15:58:47.538+0000] {processor.py:161} INFO - Started process (PID=5322) to work on /home/airflow/.local/lib/python3.11/site-packages/airflow/example_dags/example_skip_dag.py
[2024-02-26T15:58:47.540+0000] {processor.py:830} INFO - Processing file /home/airflow/.local/lib/python3.11/site-packages/airflow/example_dags/example_skip_dag.py for tasks to queue
[2024-02-26T15:58:47.543+0000] {logging_mixin.py:188} INFO - [2024-02-26T15:58:47.542+0000] {dagbag.py:540} INFO - Filling up the DagBag from /home/airflow/.local/lib/python3.11/site-packages/airflow/example_dags/example_skip_dag.py
[2024-02-26T15:58:47.550+0000] {processor.py:840} INFO - DAG(s) 'example_skip_dag' retrieved from /home/airflow/.local/lib/python3.11/site-packages/airflow/example_dags/example_skip_dag.py
[2024-02-26T15:58:47.573+0000] {logging_mixin.py:188} INFO - [2024-02-26T15:58:47.573+0000] {dag.py:3047} INFO - Sync 1 DAGs
[2024-02-26T15:58:47.590+0000] {logging_mixin.py:188} INFO - [2024-02-26T15:58:47.590+0000] {dag.py:3834} INFO - Setting next_dagrun for example_skip_dag to 2024-02-25 00:00:00+00:00, run_after=2024-02-26 00:00:00+00:00
[2024-02-26T15:58:47.603+0000] {processor.py:183} INFO - Processing /home/airflow/.local/lib/python3.11/site-packages/airflow/example_dags/example_skip_dag.py took 0.068 seconds
[2024-02-26T15:59:17.713+0000] {processor.py:161} INFO - Started process (PID=5570) to work on /home/airflow/.local/lib/python3.11/site-packages/airflow/example_dags/example_skip_dag.py
[2024-02-26T15:59:17.715+0000] {processor.py:830} INFO - Processing file /home/airflow/.local/lib/python3.11/site-packages/airflow/example_dags/example_skip_dag.py for tasks to queue
[2024-02-26T15:59:17.717+0000] {logging_mixin.py:188} INFO - [2024-02-26T15:59:17.716+0000] {dagbag.py:540} INFO - Filling up the DagBag from /home/airflow/.local/lib/python3.11/site-packages/airflow/example_dags/example_skip_dag.py
[2024-02-26T15:59:17.723+0000] {processor.py:840} INFO - DAG(s) 'example_skip_dag' retrieved from /home/airflow/.local/lib/python3.11/site-packages/airflow/example_dags/example_skip_dag.py
[2024-02-26T15:59:17.744+0000] {logging_mixin.py:188} INFO - [2024-02-26T15:59:17.744+0000] {dag.py:3047} INFO - Sync 1 DAGs
[2024-02-26T15:59:17.760+0000] {logging_mixin.py:188} INFO - [2024-02-26T15:59:17.760+0000] {dag.py:3834} INFO - Setting next_dagrun for example_skip_dag to 2024-02-25 00:00:00+00:00, run_after=2024-02-26 00:00:00+00:00
[2024-02-26T15:59:17.776+0000] {processor.py:183} INFO - Processing /home/airflow/.local/lib/python3.11/site-packages/airflow/example_dags/example_skip_dag.py took 0.066 seconds
[2024-02-26T15:59:48.765+0000] {processor.py:161} INFO - Started process (PID=5817) to work on /home/airflow/.local/lib/python3.11/site-packages/airflow/example_dags/example_skip_dag.py
[2024-02-26T15:59:48.767+0000] {processor.py:830} INFO - Processing file /home/airflow/.local/lib/python3.11/site-packages/airflow/example_dags/example_skip_dag.py for tasks to queue
[2024-02-26T15:59:48.768+0000] {logging_mixin.py:188} INFO - [2024-02-26T15:59:48.768+0000] {dagbag.py:540} INFO - Filling up the DagBag from /home/airflow/.local/lib/python3.11/site-packages/airflow/example_dags/example_skip_dag.py
[2024-02-26T15:59:48.775+0000] {processor.py:840} INFO - DAG(s) 'example_skip_dag' retrieved from /home/airflow/.local/lib/python3.11/site-packages/airflow/example_dags/example_skip_dag.py
[2024-02-26T15:59:48.797+0000] {logging_mixin.py:188} INFO - [2024-02-26T15:59:48.796+0000] {dag.py:3047} INFO - Sync 1 DAGs
[2024-02-26T15:59:48.811+0000] {logging_mixin.py:188} INFO - [2024-02-26T15:59:48.811+0000] {dag.py:3834} INFO - Setting next_dagrun for example_skip_dag to 2024-02-25 00:00:00+00:00, run_after=2024-02-26 00:00:00+00:00
[2024-02-26T15:59:48.823+0000] {processor.py:183} INFO - Processing /home/airflow/.local/lib/python3.11/site-packages/airflow/example_dags/example_skip_dag.py took 0.061 seconds
[2024-02-26T16:00:19.629+0000] {processor.py:161} INFO - Started process (PID=6065) to work on /home/airflow/.local/lib/python3.11/site-packages/airflow/example_dags/example_skip_dag.py
[2024-02-26T16:00:19.631+0000] {processor.py:830} INFO - Processing file /home/airflow/.local/lib/python3.11/site-packages/airflow/example_dags/example_skip_dag.py for tasks to queue
[2024-02-26T16:00:19.632+0000] {logging_mixin.py:188} INFO - [2024-02-26T16:00:19.632+0000] {dagbag.py:540} INFO - Filling up the DagBag from /home/airflow/.local/lib/python3.11/site-packages/airflow/example_dags/example_skip_dag.py
[2024-02-26T16:00:19.638+0000] {processor.py:840} INFO - DAG(s) 'example_skip_dag' retrieved from /home/airflow/.local/lib/python3.11/site-packages/airflow/example_dags/example_skip_dag.py
[2024-02-26T16:00:19.659+0000] {logging_mixin.py:188} INFO - [2024-02-26T16:00:19.659+0000] {dag.py:3047} INFO - Sync 1 DAGs
[2024-02-26T16:00:19.673+0000] {logging_mixin.py:188} INFO - [2024-02-26T16:00:19.673+0000] {dag.py:3834} INFO - Setting next_dagrun for example_skip_dag to 2024-02-25 00:00:00+00:00, run_after=2024-02-26 00:00:00+00:00
[2024-02-26T16:00:19.685+0000] {processor.py:183} INFO - Processing /home/airflow/.local/lib/python3.11/site-packages/airflow/example_dags/example_skip_dag.py took 0.059 seconds
[2024-02-26T16:00:50.448+0000] {processor.py:161} INFO - Started process (PID=6310) to work on /home/airflow/.local/lib/python3.11/site-packages/airflow/example_dags/example_skip_dag.py
[2024-02-26T16:00:50.450+0000] {processor.py:830} INFO - Processing file /home/airflow/.local/lib/python3.11/site-packages/airflow/example_dags/example_skip_dag.py for tasks to queue
[2024-02-26T16:00:50.451+0000] {logging_mixin.py:188} INFO - [2024-02-26T16:00:50.451+0000] {dagbag.py:540} INFO - Filling up the DagBag from /home/airflow/.local/lib/python3.11/site-packages/airflow/example_dags/example_skip_dag.py
[2024-02-26T16:00:50.457+0000] {processor.py:840} INFO - DAG(s) 'example_skip_dag' retrieved from /home/airflow/.local/lib/python3.11/site-packages/airflow/example_dags/example_skip_dag.py
[2024-02-26T16:00:50.480+0000] {logging_mixin.py:188} INFO - [2024-02-26T16:00:50.480+0000] {dag.py:3047} INFO - Sync 1 DAGs
[2024-02-26T16:00:50.496+0000] {logging_mixin.py:188} INFO - [2024-02-26T16:00:50.496+0000] {dag.py:3834} INFO - Setting next_dagrun for example_skip_dag to 2024-02-25 00:00:00+00:00, run_after=2024-02-26 00:00:00+00:00
[2024-02-26T16:00:50.511+0000] {processor.py:183} INFO - Processing /home/airflow/.local/lib/python3.11/site-packages/airflow/example_dags/example_skip_dag.py took 0.066 seconds
[2024-02-26T16:01:21.216+0000] {processor.py:161} INFO - Started process (PID=6557) to work on /home/airflow/.local/lib/python3.11/site-packages/airflow/example_dags/example_skip_dag.py
[2024-02-26T16:01:21.218+0000] {processor.py:830} INFO - Processing file /home/airflow/.local/lib/python3.11/site-packages/airflow/example_dags/example_skip_dag.py for tasks to queue
[2024-02-26T16:01:21.219+0000] {logging_mixin.py:188} INFO - [2024-02-26T16:01:21.219+0000] {dagbag.py:540} INFO - Filling up the DagBag from /home/airflow/.local/lib/python3.11/site-packages/airflow/example_dags/example_skip_dag.py
[2024-02-26T16:01:21.226+0000] {processor.py:840} INFO - DAG(s) 'example_skip_dag' retrieved from /home/airflow/.local/lib/python3.11/site-packages/airflow/example_dags/example_skip_dag.py
[2024-02-26T16:01:21.245+0000] {logging_mixin.py:188} INFO - [2024-02-26T16:01:21.245+0000] {dag.py:3047} INFO - Sync 1 DAGs
[2024-02-26T16:01:21.260+0000] {logging_mixin.py:188} INFO - [2024-02-26T16:01:21.260+0000] {dag.py:3834} INFO - Setting next_dagrun for example_skip_dag to 2024-02-25 00:00:00+00:00, run_after=2024-02-26 00:00:00+00:00
[2024-02-26T16:01:21.272+0000] {processor.py:183} INFO - Processing /home/airflow/.local/lib/python3.11/site-packages/airflow/example_dags/example_skip_dag.py took 0.059 seconds
[2024-02-26T16:01:51.367+0000] {processor.py:161} INFO - Started process (PID=6804) to work on /home/airflow/.local/lib/python3.11/site-packages/airflow/example_dags/example_skip_dag.py
[2024-02-26T16:01:51.369+0000] {processor.py:830} INFO - Processing file /home/airflow/.local/lib/python3.11/site-packages/airflow/example_dags/example_skip_dag.py for tasks to queue
[2024-02-26T16:01:51.370+0000] {logging_mixin.py:188} INFO - [2024-02-26T16:01:51.370+0000] {dagbag.py:540} INFO - Filling up the DagBag from /home/airflow/.local/lib/python3.11/site-packages/airflow/example_dags/example_skip_dag.py
[2024-02-26T16:01:51.376+0000] {processor.py:840} INFO - DAG(s) 'example_skip_dag' retrieved from /home/airflow/.local/lib/python3.11/site-packages/airflow/example_dags/example_skip_dag.py
[2024-02-26T16:01:51.396+0000] {logging_mixin.py:188} INFO - [2024-02-26T16:01:51.396+0000] {dag.py:3047} INFO - Sync 1 DAGs
[2024-02-26T16:01:51.411+0000] {logging_mixin.py:188} INFO - [2024-02-26T16:01:51.411+0000] {dag.py:3834} INFO - Setting next_dagrun for example_skip_dag to 2024-02-25 00:00:00+00:00, run_after=2024-02-26 00:00:00+00:00
[2024-02-26T16:01:51.425+0000] {processor.py:183} INFO - Processing /home/airflow/.local/lib/python3.11/site-packages/airflow/example_dags/example_skip_dag.py took 0.061 seconds
[2024-02-26T16:02:21.604+0000] {processor.py:161} INFO - Started process (PID=7051) to work on /home/airflow/.local/lib/python3.11/site-packages/airflow/example_dags/example_skip_dag.py
[2024-02-26T16:02:21.606+0000] {processor.py:830} INFO - Processing file /home/airflow/.local/lib/python3.11/site-packages/airflow/example_dags/example_skip_dag.py for tasks to queue
[2024-02-26T16:02:21.608+0000] {logging_mixin.py:188} INFO - [2024-02-26T16:02:21.607+0000] {dagbag.py:540} INFO - Filling up the DagBag from /home/airflow/.local/lib/python3.11/site-packages/airflow/example_dags/example_skip_dag.py
[2024-02-26T16:02:21.615+0000] {processor.py:840} INFO - DAG(s) 'example_skip_dag' retrieved from /home/airflow/.local/lib/python3.11/site-packages/airflow/example_dags/example_skip_dag.py
[2024-02-26T16:02:21.638+0000] {logging_mixin.py:188} INFO - [2024-02-26T16:02:21.638+0000] {dag.py:3047} INFO - Sync 1 DAGs
[2024-02-26T16:02:21.657+0000] {logging_mixin.py:188} INFO - [2024-02-26T16:02:21.657+0000] {dag.py:3834} INFO - Setting next_dagrun for example_skip_dag to 2024-02-25 00:00:00+00:00, run_after=2024-02-26 00:00:00+00:00
[2024-02-26T16:02:21.672+0000] {processor.py:183} INFO - Processing /home/airflow/.local/lib/python3.11/site-packages/airflow/example_dags/example_skip_dag.py took 0.073 seconds
[2024-02-26T16:02:51.728+0000] {processor.py:161} INFO - Started process (PID=7298) to work on /home/airflow/.local/lib/python3.11/site-packages/airflow/example_dags/example_skip_dag.py
[2024-02-26T16:02:51.732+0000] {processor.py:830} INFO - Processing file /home/airflow/.local/lib/python3.11/site-packages/airflow/example_dags/example_skip_dag.py for tasks to queue
[2024-02-26T16:02:51.733+0000] {logging_mixin.py:188} INFO - [2024-02-26T16:02:51.733+0000] {dagbag.py:540} INFO - Filling up the DagBag from /home/airflow/.local/lib/python3.11/site-packages/airflow/example_dags/example_skip_dag.py
[2024-02-26T16:02:51.739+0000] {processor.py:840} INFO - DAG(s) 'example_skip_dag' retrieved from /home/airflow/.local/lib/python3.11/site-packages/airflow/example_dags/example_skip_dag.py
[2024-02-26T16:02:51.760+0000] {logging_mixin.py:188} INFO - [2024-02-26T16:02:51.759+0000] {dag.py:3047} INFO - Sync 1 DAGs
[2024-02-26T16:02:51.775+0000] {logging_mixin.py:188} INFO - [2024-02-26T16:02:51.775+0000] {dag.py:3834} INFO - Setting next_dagrun for example_skip_dag to 2024-02-25 00:00:00+00:00, run_after=2024-02-26 00:00:00+00:00
[2024-02-26T16:02:51.789+0000] {processor.py:183} INFO - Processing /home/airflow/.local/lib/python3.11/site-packages/airflow/example_dags/example_skip_dag.py took 0.064 seconds
[2024-02-26T16:03:22.892+0000] {processor.py:161} INFO - Started process (PID=7545) to work on /home/airflow/.local/lib/python3.11/site-packages/airflow/example_dags/example_skip_dag.py
[2024-02-26T16:03:22.894+0000] {processor.py:830} INFO - Processing file /home/airflow/.local/lib/python3.11/site-packages/airflow/example_dags/example_skip_dag.py for tasks to queue
[2024-02-26T16:03:22.896+0000] {logging_mixin.py:188} INFO - [2024-02-26T16:03:22.895+0000] {dagbag.py:540} INFO - Filling up the DagBag from /home/airflow/.local/lib/python3.11/site-packages/airflow/example_dags/example_skip_dag.py
[2024-02-26T16:03:22.902+0000] {processor.py:840} INFO - DAG(s) 'example_skip_dag' retrieved from /home/airflow/.local/lib/python3.11/site-packages/airflow/example_dags/example_skip_dag.py
[2024-02-26T16:03:22.924+0000] {logging_mixin.py:188} INFO - [2024-02-26T16:03:22.924+0000] {dag.py:3047} INFO - Sync 1 DAGs
[2024-02-26T16:03:22.938+0000] {logging_mixin.py:188} INFO - [2024-02-26T16:03:22.938+0000] {dag.py:3834} INFO - Setting next_dagrun for example_skip_dag to 2024-02-25 00:00:00+00:00, run_after=2024-02-26 00:00:00+00:00
[2024-02-26T16:03:22.951+0000] {processor.py:183} INFO - Processing /home/airflow/.local/lib/python3.11/site-packages/airflow/example_dags/example_skip_dag.py took 0.063 seconds
[2024-02-26T16:03:53.068+0000] {processor.py:161} INFO - Started process (PID=7793) to work on /home/airflow/.local/lib/python3.11/site-packages/airflow/example_dags/example_skip_dag.py
[2024-02-26T16:03:53.070+0000] {processor.py:830} INFO - Processing file /home/airflow/.local/lib/python3.11/site-packages/airflow/example_dags/example_skip_dag.py for tasks to queue
[2024-02-26T16:03:53.072+0000] {logging_mixin.py:188} INFO - [2024-02-26T16:03:53.072+0000] {dagbag.py:540} INFO - Filling up the DagBag from /home/airflow/.local/lib/python3.11/site-packages/airflow/example_dags/example_skip_dag.py
[2024-02-26T16:03:53.078+0000] {processor.py:840} INFO - DAG(s) 'example_skip_dag' retrieved from /home/airflow/.local/lib/python3.11/site-packages/airflow/example_dags/example_skip_dag.py
[2024-02-26T16:03:53.099+0000] {logging_mixin.py:188} INFO - [2024-02-26T16:03:53.099+0000] {dag.py:3047} INFO - Sync 1 DAGs
[2024-02-26T16:03:53.113+0000] {logging_mixin.py:188} INFO - [2024-02-26T16:03:53.113+0000] {dag.py:3834} INFO - Setting next_dagrun for example_skip_dag to 2024-02-25 00:00:00+00:00, run_after=2024-02-26 00:00:00+00:00
[2024-02-26T16:03:53.127+0000] {processor.py:183} INFO - Processing /home/airflow/.local/lib/python3.11/site-packages/airflow/example_dags/example_skip_dag.py took 0.062 seconds
[2024-02-26T16:04:23.748+0000] {processor.py:161} INFO - Started process (PID=8040) to work on /home/airflow/.local/lib/python3.11/site-packages/airflow/example_dags/example_skip_dag.py
[2024-02-26T16:04:23.750+0000] {processor.py:830} INFO - Processing file /home/airflow/.local/lib/python3.11/site-packages/airflow/example_dags/example_skip_dag.py for tasks to queue
[2024-02-26T16:04:23.753+0000] {logging_mixin.py:188} INFO - [2024-02-26T16:04:23.752+0000] {dagbag.py:540} INFO - Filling up the DagBag from /home/airflow/.local/lib/python3.11/site-packages/airflow/example_dags/example_skip_dag.py
[2024-02-26T16:04:23.760+0000] {processor.py:840} INFO - DAG(s) 'example_skip_dag' retrieved from /home/airflow/.local/lib/python3.11/site-packages/airflow/example_dags/example_skip_dag.py
[2024-02-26T16:04:23.781+0000] {logging_mixin.py:188} INFO - [2024-02-26T16:04:23.781+0000] {dag.py:3047} INFO - Sync 1 DAGs
[2024-02-26T16:04:23.797+0000] {logging_mixin.py:188} INFO - [2024-02-26T16:04:23.797+0000] {dag.py:3834} INFO - Setting next_dagrun for example_skip_dag to 2024-02-25 00:00:00+00:00, run_after=2024-02-26 00:00:00+00:00
[2024-02-26T16:04:23.809+0000] {processor.py:183} INFO - Processing /home/airflow/.local/lib/python3.11/site-packages/airflow/example_dags/example_skip_dag.py took 0.064 seconds
[2024-02-26T16:04:54.581+0000] {processor.py:161} INFO - Started process (PID=8287) to work on /home/airflow/.local/lib/python3.11/site-packages/airflow/example_dags/example_skip_dag.py
[2024-02-26T16:04:54.583+0000] {processor.py:830} INFO - Processing file /home/airflow/.local/lib/python3.11/site-packages/airflow/example_dags/example_skip_dag.py for tasks to queue
[2024-02-26T16:04:54.585+0000] {logging_mixin.py:188} INFO - [2024-02-26T16:04:54.584+0000] {dagbag.py:540} INFO - Filling up the DagBag from /home/airflow/.local/lib/python3.11/site-packages/airflow/example_dags/example_skip_dag.py
[2024-02-26T16:04:54.591+0000] {processor.py:840} INFO - DAG(s) 'example_skip_dag' retrieved from /home/airflow/.local/lib/python3.11/site-packages/airflow/example_dags/example_skip_dag.py
[2024-02-26T16:04:54.612+0000] {logging_mixin.py:188} INFO - [2024-02-26T16:04:54.612+0000] {dag.py:3047} INFO - Sync 1 DAGs
[2024-02-26T16:04:54.629+0000] {logging_mixin.py:188} INFO - [2024-02-26T16:04:54.628+0000] {dag.py:3834} INFO - Setting next_dagrun for example_skip_dag to 2024-02-25 00:00:00+00:00, run_after=2024-02-26 00:00:00+00:00
[2024-02-26T16:04:54.642+0000] {processor.py:183} INFO - Processing /home/airflow/.local/lib/python3.11/site-packages/airflow/example_dags/example_skip_dag.py took 0.064 seconds
[2024-02-26T16:05:25.319+0000] {processor.py:161} INFO - Started process (PID=8534) to work on /home/airflow/.local/lib/python3.11/site-packages/airflow/example_dags/example_skip_dag.py
[2024-02-26T16:05:25.321+0000] {processor.py:830} INFO - Processing file /home/airflow/.local/lib/python3.11/site-packages/airflow/example_dags/example_skip_dag.py for tasks to queue
[2024-02-26T16:05:25.322+0000] {logging_mixin.py:188} INFO - [2024-02-26T16:05:25.322+0000] {dagbag.py:540} INFO - Filling up the DagBag from /home/airflow/.local/lib/python3.11/site-packages/airflow/example_dags/example_skip_dag.py
[2024-02-26T16:05:25.329+0000] {processor.py:840} INFO - DAG(s) 'example_skip_dag' retrieved from /home/airflow/.local/lib/python3.11/site-packages/airflow/example_dags/example_skip_dag.py
[2024-02-26T16:05:25.351+0000] {logging_mixin.py:188} INFO - [2024-02-26T16:05:25.350+0000] {dag.py:3047} INFO - Sync 1 DAGs
[2024-02-26T16:05:25.368+0000] {logging_mixin.py:188} INFO - [2024-02-26T16:05:25.367+0000] {dag.py:3834} INFO - Setting next_dagrun for example_skip_dag to 2024-02-25 00:00:00+00:00, run_after=2024-02-26 00:00:00+00:00
[2024-02-26T16:05:25.380+0000] {processor.py:183} INFO - Processing /home/airflow/.local/lib/python3.11/site-packages/airflow/example_dags/example_skip_dag.py took 0.064 seconds
[2024-02-26T16:05:56.091+0000] {processor.py:161} INFO - Started process (PID=8783) to work on /home/airflow/.local/lib/python3.11/site-packages/airflow/example_dags/example_skip_dag.py
[2024-02-26T16:05:56.093+0000] {processor.py:830} INFO - Processing file /home/airflow/.local/lib/python3.11/site-packages/airflow/example_dags/example_skip_dag.py for tasks to queue
[2024-02-26T16:05:56.095+0000] {logging_mixin.py:188} INFO - [2024-02-26T16:05:56.094+0000] {dagbag.py:540} INFO - Filling up the DagBag from /home/airflow/.local/lib/python3.11/site-packages/airflow/example_dags/example_skip_dag.py
[2024-02-26T16:05:56.102+0000] {processor.py:840} INFO - DAG(s) 'example_skip_dag' retrieved from /home/airflow/.local/lib/python3.11/site-packages/airflow/example_dags/example_skip_dag.py
[2024-02-26T16:05:56.123+0000] {logging_mixin.py:188} INFO - [2024-02-26T16:05:56.123+0000] {dag.py:3047} INFO - Sync 1 DAGs
[2024-02-26T16:05:56.137+0000] {logging_mixin.py:188} INFO - [2024-02-26T16:05:56.137+0000] {dag.py:3834} INFO - Setting next_dagrun for example_skip_dag to 2024-02-25 00:00:00+00:00, run_after=2024-02-26 00:00:00+00:00
[2024-02-26T16:05:56.149+0000] {processor.py:183} INFO - Processing /home/airflow/.local/lib/python3.11/site-packages/airflow/example_dags/example_skip_dag.py took 0.061 seconds
[2024-02-26T16:06:26.971+0000] {processor.py:161} INFO - Started process (PID=9028) to work on /home/airflow/.local/lib/python3.11/site-packages/airflow/example_dags/example_skip_dag.py
[2024-02-26T16:06:26.974+0000] {processor.py:830} INFO - Processing file /home/airflow/.local/lib/python3.11/site-packages/airflow/example_dags/example_skip_dag.py for tasks to queue
[2024-02-26T16:06:26.975+0000] {logging_mixin.py:188} INFO - [2024-02-26T16:06:26.975+0000] {dagbag.py:540} INFO - Filling up the DagBag from /home/airflow/.local/lib/python3.11/site-packages/airflow/example_dags/example_skip_dag.py
[2024-02-26T16:06:26.982+0000] {processor.py:840} INFO - DAG(s) 'example_skip_dag' retrieved from /home/airflow/.local/lib/python3.11/site-packages/airflow/example_dags/example_skip_dag.py
[2024-02-26T16:06:27.006+0000] {logging_mixin.py:188} INFO - [2024-02-26T16:06:27.006+0000] {dag.py:3047} INFO - Sync 1 DAGs
[2024-02-26T16:06:27.020+0000] {logging_mixin.py:188} INFO - [2024-02-26T16:06:27.020+0000] {dag.py:3834} INFO - Setting next_dagrun for example_skip_dag to 2024-02-25 00:00:00+00:00, run_after=2024-02-26 00:00:00+00:00
[2024-02-26T16:06:27.032+0000] {processor.py:183} INFO - Processing /home/airflow/.local/lib/python3.11/site-packages/airflow/example_dags/example_skip_dag.py took 0.064 seconds
[2024-02-26T16:06:57.844+0000] {processor.py:161} INFO - Started process (PID=9281) to work on /home/airflow/.local/lib/python3.11/site-packages/airflow/example_dags/example_skip_dag.py
[2024-02-26T16:06:57.846+0000] {processor.py:830} INFO - Processing file /home/airflow/.local/lib/python3.11/site-packages/airflow/example_dags/example_skip_dag.py for tasks to queue
[2024-02-26T16:06:57.847+0000] {logging_mixin.py:188} INFO - [2024-02-26T16:06:57.847+0000] {dagbag.py:540} INFO - Filling up the DagBag from /home/airflow/.local/lib/python3.11/site-packages/airflow/example_dags/example_skip_dag.py
[2024-02-26T16:06:57.854+0000] {processor.py:840} INFO - DAG(s) 'example_skip_dag' retrieved from /home/airflow/.local/lib/python3.11/site-packages/airflow/example_dags/example_skip_dag.py
[2024-02-26T16:06:57.876+0000] {logging_mixin.py:188} INFO - [2024-02-26T16:06:57.876+0000] {dag.py:3047} INFO - Sync 1 DAGs
[2024-02-26T16:06:57.892+0000] {logging_mixin.py:188} INFO - [2024-02-26T16:06:57.892+0000] {dag.py:3834} INFO - Setting next_dagrun for example_skip_dag to 2024-02-25 00:00:00+00:00, run_after=2024-02-26 00:00:00+00:00
[2024-02-26T16:06:57.906+0000] {processor.py:183} INFO - Processing /home/airflow/.local/lib/python3.11/site-packages/airflow/example_dags/example_skip_dag.py took 0.065 seconds
[2024-02-26T16:07:28.020+0000] {processor.py:161} INFO - Started process (PID=9528) to work on /home/airflow/.local/lib/python3.11/site-packages/airflow/example_dags/example_skip_dag.py
[2024-02-26T16:07:28.021+0000] {processor.py:830} INFO - Processing file /home/airflow/.local/lib/python3.11/site-packages/airflow/example_dags/example_skip_dag.py for tasks to queue
[2024-02-26T16:07:28.024+0000] {logging_mixin.py:188} INFO - [2024-02-26T16:07:28.023+0000] {dagbag.py:540} INFO - Filling up the DagBag from /home/airflow/.local/lib/python3.11/site-packages/airflow/example_dags/example_skip_dag.py
[2024-02-26T16:07:28.032+0000] {processor.py:840} INFO - DAG(s) 'example_skip_dag' retrieved from /home/airflow/.local/lib/python3.11/site-packages/airflow/example_dags/example_skip_dag.py
[2024-02-26T16:07:28.053+0000] {logging_mixin.py:188} INFO - [2024-02-26T16:07:28.052+0000] {dag.py:3047} INFO - Sync 1 DAGs
[2024-02-26T16:07:28.070+0000] {logging_mixin.py:188} INFO - [2024-02-26T16:07:28.070+0000] {dag.py:3834} INFO - Setting next_dagrun for example_skip_dag to 2024-02-25 00:00:00+00:00, run_after=2024-02-26 00:00:00+00:00
[2024-02-26T16:07:28.086+0000] {processor.py:183} INFO - Processing /home/airflow/.local/lib/python3.11/site-packages/airflow/example_dags/example_skip_dag.py took 0.069 seconds
[2024-02-26T16:07:58.263+0000] {processor.py:161} INFO - Started process (PID=9777) to work on /home/airflow/.local/lib/python3.11/site-packages/airflow/example_dags/example_skip_dag.py
[2024-02-26T16:07:58.265+0000] {processor.py:830} INFO - Processing file /home/airflow/.local/lib/python3.11/site-packages/airflow/example_dags/example_skip_dag.py for tasks to queue
[2024-02-26T16:07:58.266+0000] {logging_mixin.py:188} INFO - [2024-02-26T16:07:58.266+0000] {dagbag.py:540} INFO - Filling up the DagBag from /home/airflow/.local/lib/python3.11/site-packages/airflow/example_dags/example_skip_dag.py
[2024-02-26T16:07:58.272+0000] {processor.py:840} INFO - DAG(s) 'example_skip_dag' retrieved from /home/airflow/.local/lib/python3.11/site-packages/airflow/example_dags/example_skip_dag.py
[2024-02-26T16:07:58.291+0000] {logging_mixin.py:188} INFO - [2024-02-26T16:07:58.290+0000] {dag.py:3047} INFO - Sync 1 DAGs
[2024-02-26T16:07:58.304+0000] {logging_mixin.py:188} INFO - [2024-02-26T16:07:58.304+0000] {dag.py:3834} INFO - Setting next_dagrun for example_skip_dag to 2024-02-25 00:00:00+00:00, run_after=2024-02-26 00:00:00+00:00
[2024-02-26T16:07:58.315+0000] {processor.py:183} INFO - Processing /home/airflow/.local/lib/python3.11/site-packages/airflow/example_dags/example_skip_dag.py took 0.054 seconds
[2024-02-26T16:08:29.365+0000] {processor.py:161} INFO - Started process (PID=10024) to work on /home/airflow/.local/lib/python3.11/site-packages/airflow/example_dags/example_skip_dag.py
[2024-02-26T16:08:29.367+0000] {processor.py:830} INFO - Processing file /home/airflow/.local/lib/python3.11/site-packages/airflow/example_dags/example_skip_dag.py for tasks to queue
[2024-02-26T16:08:29.368+0000] {logging_mixin.py:188} INFO - [2024-02-26T16:08:29.368+0000] {dagbag.py:540} INFO - Filling up the DagBag from /home/airflow/.local/lib/python3.11/site-packages/airflow/example_dags/example_skip_dag.py
[2024-02-26T16:08:29.375+0000] {processor.py:840} INFO - DAG(s) 'example_skip_dag' retrieved from /home/airflow/.local/lib/python3.11/site-packages/airflow/example_dags/example_skip_dag.py
[2024-02-26T16:08:29.395+0000] {logging_mixin.py:188} INFO - [2024-02-26T16:08:29.395+0000] {dag.py:3047} INFO - Sync 1 DAGs
[2024-02-26T16:08:29.412+0000] {logging_mixin.py:188} INFO - [2024-02-26T16:08:29.412+0000] {dag.py:3834} INFO - Setting next_dagrun for example_skip_dag to 2024-02-25 00:00:00+00:00, run_after=2024-02-26 00:00:00+00:00
[2024-02-26T16:08:29.425+0000] {processor.py:183} INFO - Processing /home/airflow/.local/lib/python3.11/site-packages/airflow/example_dags/example_skip_dag.py took 0.063 seconds
[2024-02-26T16:08:59.821+0000] {processor.py:161} INFO - Started process (PID=10271) to work on /home/airflow/.local/lib/python3.11/site-packages/airflow/example_dags/example_skip_dag.py
[2024-02-26T16:08:59.823+0000] {processor.py:830} INFO - Processing file /home/airflow/.local/lib/python3.11/site-packages/airflow/example_dags/example_skip_dag.py for tasks to queue
[2024-02-26T16:08:59.824+0000] {logging_mixin.py:188} INFO - [2024-02-26T16:08:59.824+0000] {dagbag.py:540} INFO - Filling up the DagBag from /home/airflow/.local/lib/python3.11/site-packages/airflow/example_dags/example_skip_dag.py
[2024-02-26T16:08:59.830+0000] {processor.py:840} INFO - DAG(s) 'example_skip_dag' retrieved from /home/airflow/.local/lib/python3.11/site-packages/airflow/example_dags/example_skip_dag.py
[2024-02-26T16:08:59.850+0000] {logging_mixin.py:188} INFO - [2024-02-26T16:08:59.850+0000] {dag.py:3047} INFO - Sync 1 DAGs
[2024-02-26T16:08:59.863+0000] {logging_mixin.py:188} INFO - [2024-02-26T16:08:59.863+0000] {dag.py:3834} INFO - Setting next_dagrun for example_skip_dag to 2024-02-25 00:00:00+00:00, run_after=2024-02-26 00:00:00+00:00
[2024-02-26T16:08:59.873+0000] {processor.py:183} INFO - Processing /home/airflow/.local/lib/python3.11/site-packages/airflow/example_dags/example_skip_dag.py took 0.055 seconds
[2024-02-26T16:09:29.978+0000] {processor.py:161} INFO - Started process (PID=10516) to work on /home/airflow/.local/lib/python3.11/site-packages/airflow/example_dags/example_skip_dag.py
[2024-02-26T16:09:29.980+0000] {processor.py:830} INFO - Processing file /home/airflow/.local/lib/python3.11/site-packages/airflow/example_dags/example_skip_dag.py for tasks to queue
[2024-02-26T16:09:29.982+0000] {logging_mixin.py:188} INFO - [2024-02-26T16:09:29.981+0000] {dagbag.py:540} INFO - Filling up the DagBag from /home/airflow/.local/lib/python3.11/site-packages/airflow/example_dags/example_skip_dag.py
[2024-02-26T16:09:29.988+0000] {processor.py:840} INFO - DAG(s) 'example_skip_dag' retrieved from /home/airflow/.local/lib/python3.11/site-packages/airflow/example_dags/example_skip_dag.py
[2024-02-26T16:09:30.012+0000] {logging_mixin.py:188} INFO - [2024-02-26T16:09:30.012+0000] {dag.py:3047} INFO - Sync 1 DAGs
[2024-02-26T16:09:30.029+0000] {logging_mixin.py:188} INFO - [2024-02-26T16:09:30.029+0000] {dag.py:3834} INFO - Setting next_dagrun for example_skip_dag to 2024-02-25 00:00:00+00:00, run_after=2024-02-26 00:00:00+00:00
[2024-02-26T16:09:30.041+0000] {processor.py:183} INFO - Processing /home/airflow/.local/lib/python3.11/site-packages/airflow/example_dags/example_skip_dag.py took 0.066 seconds
[2024-02-26T16:10:00.089+0000] {processor.py:161} INFO - Started process (PID=10763) to work on /home/airflow/.local/lib/python3.11/site-packages/airflow/example_dags/example_skip_dag.py
[2024-02-26T16:10:00.094+0000] {processor.py:830} INFO - Processing file /home/airflow/.local/lib/python3.11/site-packages/airflow/example_dags/example_skip_dag.py for tasks to queue
[2024-02-26T16:10:00.096+0000] {logging_mixin.py:188} INFO - [2024-02-26T16:10:00.096+0000] {dagbag.py:540} INFO - Filling up the DagBag from /home/airflow/.local/lib/python3.11/site-packages/airflow/example_dags/example_skip_dag.py
[2024-02-26T16:10:00.102+0000] {processor.py:840} INFO - DAG(s) 'example_skip_dag' retrieved from /home/airflow/.local/lib/python3.11/site-packages/airflow/example_dags/example_skip_dag.py
[2024-02-26T16:10:00.122+0000] {logging_mixin.py:188} INFO - [2024-02-26T16:10:00.122+0000] {dag.py:3047} INFO - Sync 1 DAGs
[2024-02-26T16:10:00.138+0000] {logging_mixin.py:188} INFO - [2024-02-26T16:10:00.138+0000] {dag.py:3834} INFO - Setting next_dagrun for example_skip_dag to 2024-02-25 00:00:00+00:00, run_after=2024-02-26 00:00:00+00:00
[2024-02-26T16:10:00.151+0000] {processor.py:183} INFO - Processing /home/airflow/.local/lib/python3.11/site-packages/airflow/example_dags/example_skip_dag.py took 0.065 seconds
[2024-02-26T16:10:30.222+0000] {processor.py:161} INFO - Started process (PID=11007) to work on /home/airflow/.local/lib/python3.11/site-packages/airflow/example_dags/example_skip_dag.py
[2024-02-26T16:10:30.223+0000] {processor.py:830} INFO - Processing file /home/airflow/.local/lib/python3.11/site-packages/airflow/example_dags/example_skip_dag.py for tasks to queue
[2024-02-26T16:10:30.226+0000] {logging_mixin.py:188} INFO - [2024-02-26T16:10:30.226+0000] {dagbag.py:540} INFO - Filling up the DagBag from /home/airflow/.local/lib/python3.11/site-packages/airflow/example_dags/example_skip_dag.py
[2024-02-26T16:10:30.232+0000] {processor.py:840} INFO - DAG(s) 'example_skip_dag' retrieved from /home/airflow/.local/lib/python3.11/site-packages/airflow/example_dags/example_skip_dag.py
[2024-02-26T16:10:30.250+0000] {logging_mixin.py:188} INFO - [2024-02-26T16:10:30.250+0000] {dag.py:3047} INFO - Sync 1 DAGs
[2024-02-26T16:10:30.266+0000] {logging_mixin.py:188} INFO - [2024-02-26T16:10:30.266+0000] {dag.py:3834} INFO - Setting next_dagrun for example_skip_dag to 2024-02-25 00:00:00+00:00, run_after=2024-02-26 00:00:00+00:00
[2024-02-26T16:10:30.276+0000] {processor.py:183} INFO - Processing /home/airflow/.local/lib/python3.11/site-packages/airflow/example_dags/example_skip_dag.py took 0.056 seconds
[2024-02-26T16:11:00.724+0000] {processor.py:161} INFO - Started process (PID=11259) to work on /home/airflow/.local/lib/python3.11/site-packages/airflow/example_dags/example_skip_dag.py
[2024-02-26T16:11:00.726+0000] {processor.py:830} INFO - Processing file /home/airflow/.local/lib/python3.11/site-packages/airflow/example_dags/example_skip_dag.py for tasks to queue
[2024-02-26T16:11:00.727+0000] {logging_mixin.py:188} INFO - [2024-02-26T16:11:00.727+0000] {dagbag.py:540} INFO - Filling up the DagBag from /home/airflow/.local/lib/python3.11/site-packages/airflow/example_dags/example_skip_dag.py
[2024-02-26T16:11:00.734+0000] {processor.py:840} INFO - DAG(s) 'example_skip_dag' retrieved from /home/airflow/.local/lib/python3.11/site-packages/airflow/example_dags/example_skip_dag.py
[2024-02-26T16:11:00.755+0000] {logging_mixin.py:188} INFO - [2024-02-26T16:11:00.754+0000] {dag.py:3047} INFO - Sync 1 DAGs
[2024-02-26T16:11:00.768+0000] {logging_mixin.py:188} INFO - [2024-02-26T16:11:00.768+0000] {dag.py:3834} INFO - Setting next_dagrun for example_skip_dag to 2024-02-25 00:00:00+00:00, run_after=2024-02-26 00:00:00+00:00
[2024-02-26T16:11:00.779+0000] {processor.py:183} INFO - Processing /home/airflow/.local/lib/python3.11/site-packages/airflow/example_dags/example_skip_dag.py took 0.058 seconds
[2024-02-26T16:11:30.867+0000] {processor.py:161} INFO - Started process (PID=11504) to work on /home/airflow/.local/lib/python3.11/site-packages/airflow/example_dags/example_skip_dag.py
[2024-02-26T16:11:30.869+0000] {processor.py:830} INFO - Processing file /home/airflow/.local/lib/python3.11/site-packages/airflow/example_dags/example_skip_dag.py for tasks to queue
[2024-02-26T16:11:30.870+0000] {logging_mixin.py:188} INFO - [2024-02-26T16:11:30.870+0000] {dagbag.py:540} INFO - Filling up the DagBag from /home/airflow/.local/lib/python3.11/site-packages/airflow/example_dags/example_skip_dag.py
[2024-02-26T16:11:30.877+0000] {processor.py:840} INFO - DAG(s) 'example_skip_dag' retrieved from /home/airflow/.local/lib/python3.11/site-packages/airflow/example_dags/example_skip_dag.py
[2024-02-26T16:11:30.896+0000] {logging_mixin.py:188} INFO - [2024-02-26T16:11:30.896+0000] {dag.py:3047} INFO - Sync 1 DAGs
[2024-02-26T16:11:30.910+0000] {logging_mixin.py:188} INFO - [2024-02-26T16:11:30.910+0000] {dag.py:3834} INFO - Setting next_dagrun for example_skip_dag to 2024-02-25 00:00:00+00:00, run_after=2024-02-26 00:00:00+00:00
[2024-02-26T16:11:30.923+0000] {processor.py:183} INFO - Processing /home/airflow/.local/lib/python3.11/site-packages/airflow/example_dags/example_skip_dag.py took 0.059 seconds
[2024-02-26T16:12:01.029+0000] {processor.py:161} INFO - Started process (PID=11751) to work on /home/airflow/.local/lib/python3.11/site-packages/airflow/example_dags/example_skip_dag.py
[2024-02-26T16:12:01.031+0000] {processor.py:830} INFO - Processing file /home/airflow/.local/lib/python3.11/site-packages/airflow/example_dags/example_skip_dag.py for tasks to queue
[2024-02-26T16:12:01.032+0000] {logging_mixin.py:188} INFO - [2024-02-26T16:12:01.032+0000] {dagbag.py:540} INFO - Filling up the DagBag from /home/airflow/.local/lib/python3.11/site-packages/airflow/example_dags/example_skip_dag.py
[2024-02-26T16:12:01.039+0000] {processor.py:840} INFO - DAG(s) 'example_skip_dag' retrieved from /home/airflow/.local/lib/python3.11/site-packages/airflow/example_dags/example_skip_dag.py
[2024-02-26T16:12:01.058+0000] {logging_mixin.py:188} INFO - [2024-02-26T16:12:01.057+0000] {dag.py:3047} INFO - Sync 1 DAGs
[2024-02-26T16:12:01.072+0000] {logging_mixin.py:188} INFO - [2024-02-26T16:12:01.072+0000] {dag.py:3834} INFO - Setting next_dagrun for example_skip_dag to 2024-02-25 00:00:00+00:00, run_after=2024-02-26 00:00:00+00:00
[2024-02-26T16:12:01.085+0000] {processor.py:183} INFO - Processing /home/airflow/.local/lib/python3.11/site-packages/airflow/example_dags/example_skip_dag.py took 0.060 seconds
[2024-02-26T16:12:31.149+0000] {processor.py:161} INFO - Started process (PID=11996) to work on /home/airflow/.local/lib/python3.11/site-packages/airflow/example_dags/example_skip_dag.py
[2024-02-26T16:12:31.151+0000] {processor.py:830} INFO - Processing file /home/airflow/.local/lib/python3.11/site-packages/airflow/example_dags/example_skip_dag.py for tasks to queue
[2024-02-26T16:12:31.152+0000] {logging_mixin.py:188} INFO - [2024-02-26T16:12:31.152+0000] {dagbag.py:540} INFO - Filling up the DagBag from /home/airflow/.local/lib/python3.11/site-packages/airflow/example_dags/example_skip_dag.py
[2024-02-26T16:12:31.157+0000] {processor.py:840} INFO - DAG(s) 'example_skip_dag' retrieved from /home/airflow/.local/lib/python3.11/site-packages/airflow/example_dags/example_skip_dag.py
[2024-02-26T16:12:31.177+0000] {logging_mixin.py:188} INFO - [2024-02-26T16:12:31.177+0000] {dag.py:3047} INFO - Sync 1 DAGs
[2024-02-26T16:12:31.190+0000] {logging_mixin.py:188} INFO - [2024-02-26T16:12:31.190+0000] {dag.py:3834} INFO - Setting next_dagrun for example_skip_dag to 2024-02-25 00:00:00+00:00, run_after=2024-02-26 00:00:00+00:00
[2024-02-26T16:12:31.201+0000] {processor.py:183} INFO - Processing /home/airflow/.local/lib/python3.11/site-packages/airflow/example_dags/example_skip_dag.py took 0.055 seconds
[2024-02-26T16:13:01.274+0000] {processor.py:161} INFO - Started process (PID=12243) to work on /home/airflow/.local/lib/python3.11/site-packages/airflow/example_dags/example_skip_dag.py
[2024-02-26T16:13:01.276+0000] {processor.py:830} INFO - Processing file /home/airflow/.local/lib/python3.11/site-packages/airflow/example_dags/example_skip_dag.py for tasks to queue
[2024-02-26T16:13:01.277+0000] {logging_mixin.py:188} INFO - [2024-02-26T16:13:01.277+0000] {dagbag.py:540} INFO - Filling up the DagBag from /home/airflow/.local/lib/python3.11/site-packages/airflow/example_dags/example_skip_dag.py
[2024-02-26T16:13:01.283+0000] {processor.py:840} INFO - DAG(s) 'example_skip_dag' retrieved from /home/airflow/.local/lib/python3.11/site-packages/airflow/example_dags/example_skip_dag.py
[2024-02-26T16:13:01.301+0000] {logging_mixin.py:188} INFO - [2024-02-26T16:13:01.301+0000] {dag.py:3047} INFO - Sync 1 DAGs
[2024-02-26T16:13:01.314+0000] {logging_mixin.py:188} INFO - [2024-02-26T16:13:01.314+0000] {dag.py:3834} INFO - Setting next_dagrun for example_skip_dag to 2024-02-25 00:00:00+00:00, run_after=2024-02-26 00:00:00+00:00
[2024-02-26T16:13:01.325+0000] {processor.py:183} INFO - Processing /home/airflow/.local/lib/python3.11/site-packages/airflow/example_dags/example_skip_dag.py took 0.053 seconds
[2024-02-26T16:13:31.389+0000] {processor.py:161} INFO - Started process (PID=12491) to work on /home/airflow/.local/lib/python3.11/site-packages/airflow/example_dags/example_skip_dag.py
[2024-02-26T16:13:31.390+0000] {processor.py:830} INFO - Processing file /home/airflow/.local/lib/python3.11/site-packages/airflow/example_dags/example_skip_dag.py for tasks to queue
[2024-02-26T16:13:31.392+0000] {logging_mixin.py:188} INFO - [2024-02-26T16:13:31.391+0000] {dagbag.py:540} INFO - Filling up the DagBag from /home/airflow/.local/lib/python3.11/site-packages/airflow/example_dags/example_skip_dag.py
[2024-02-26T16:13:31.397+0000] {processor.py:840} INFO - DAG(s) 'example_skip_dag' retrieved from /home/airflow/.local/lib/python3.11/site-packages/airflow/example_dags/example_skip_dag.py
[2024-02-26T16:13:31.416+0000] {logging_mixin.py:188} INFO - [2024-02-26T16:13:31.416+0000] {dag.py:3047} INFO - Sync 1 DAGs
[2024-02-26T16:13:31.428+0000] {logging_mixin.py:188} INFO - [2024-02-26T16:13:31.428+0000] {dag.py:3834} INFO - Setting next_dagrun for example_skip_dag to 2024-02-25 00:00:00+00:00, run_after=2024-02-26 00:00:00+00:00
[2024-02-26T16:13:31.438+0000] {processor.py:183} INFO - Processing /home/airflow/.local/lib/python3.11/site-packages/airflow/example_dags/example_skip_dag.py took 0.051 seconds
[2024-02-26T16:14:02.057+0000] {processor.py:161} INFO - Started process (PID=12740) to work on /home/airflow/.local/lib/python3.11/site-packages/airflow/example_dags/example_skip_dag.py
[2024-02-26T16:14:02.059+0000] {processor.py:830} INFO - Processing file /home/airflow/.local/lib/python3.11/site-packages/airflow/example_dags/example_skip_dag.py for tasks to queue
[2024-02-26T16:14:02.061+0000] {logging_mixin.py:188} INFO - [2024-02-26T16:14:02.061+0000] {dagbag.py:540} INFO - Filling up the DagBag from /home/airflow/.local/lib/python3.11/site-packages/airflow/example_dags/example_skip_dag.py
[2024-02-26T16:14:02.069+0000] {processor.py:840} INFO - DAG(s) 'example_skip_dag' retrieved from /home/airflow/.local/lib/python3.11/site-packages/airflow/example_dags/example_skip_dag.py
[2024-02-26T16:14:02.094+0000] {logging_mixin.py:188} INFO - [2024-02-26T16:14:02.094+0000] {dag.py:3047} INFO - Sync 1 DAGs
[2024-02-26T16:14:02.110+0000] {logging_mixin.py:188} INFO - [2024-02-26T16:14:02.110+0000] {dag.py:3834} INFO - Setting next_dagrun for example_skip_dag to 2024-02-25 00:00:00+00:00, run_after=2024-02-26 00:00:00+00:00
[2024-02-26T16:14:02.123+0000] {processor.py:183} INFO - Processing /home/airflow/.local/lib/python3.11/site-packages/airflow/example_dags/example_skip_dag.py took 0.069 seconds
[2024-02-26T16:14:32.246+0000] {processor.py:161} INFO - Started process (PID=12987) to work on /home/airflow/.local/lib/python3.11/site-packages/airflow/example_dags/example_skip_dag.py
[2024-02-26T16:14:32.247+0000] {processor.py:830} INFO - Processing file /home/airflow/.local/lib/python3.11/site-packages/airflow/example_dags/example_skip_dag.py for tasks to queue
[2024-02-26T16:14:32.249+0000] {logging_mixin.py:188} INFO - [2024-02-26T16:14:32.248+0000] {dagbag.py:540} INFO - Filling up the DagBag from /home/airflow/.local/lib/python3.11/site-packages/airflow/example_dags/example_skip_dag.py
[2024-02-26T16:14:32.254+0000] {processor.py:840} INFO - DAG(s) 'example_skip_dag' retrieved from /home/airflow/.local/lib/python3.11/site-packages/airflow/example_dags/example_skip_dag.py
[2024-02-26T16:14:32.274+0000] {logging_mixin.py:188} INFO - [2024-02-26T16:14:32.273+0000] {dag.py:3047} INFO - Sync 1 DAGs
[2024-02-26T16:14:32.287+0000] {logging_mixin.py:188} INFO - [2024-02-26T16:14:32.287+0000] {dag.py:3834} INFO - Setting next_dagrun for example_skip_dag to 2024-02-25 00:00:00+00:00, run_after=2024-02-26 00:00:00+00:00
[2024-02-26T16:14:32.299+0000] {processor.py:183} INFO - Processing /home/airflow/.local/lib/python3.11/site-packages/airflow/example_dags/example_skip_dag.py took 0.056 seconds
