[2024-02-26T15:48:36.007+0000] {processor.py:161} INFO - Started process (PID=349) to work on /home/airflow/.local/lib/python3.11/site-packages/airflow/example_dags/example_dynamic_task_mapping.py
[2024-02-26T15:48:36.009+0000] {processor.py:830} INFO - Processing file /home/airflow/.local/lib/python3.11/site-packages/airflow/example_dags/example_dynamic_task_mapping.py for tasks to queue
[2024-02-26T15:48:36.010+0000] {logging_mixin.py:188} INFO - [2024-02-26T15:48:36.010+0000] {dagbag.py:540} INFO - Filling up the DagBag from /home/airflow/.local/lib/python3.11/site-packages/airflow/example_dags/example_dynamic_task_mapping.py
[2024-02-26T15:48:36.018+0000] {processor.py:840} INFO - DAG(s) 'example_dynamic_task_mapping' retrieved from /home/airflow/.local/lib/python3.11/site-packages/airflow/example_dags/example_dynamic_task_mapping.py
[2024-02-26T15:48:36.032+0000] {logging_mixin.py:188} INFO - [2024-02-26T15:48:36.031+0000] {dag.py:3047} INFO - Sync 1 DAGs
[2024-02-26T15:48:36.047+0000] {logging_mixin.py:188} INFO - [2024-02-26T15:48:36.047+0000] {dag.py:3834} INFO - Setting next_dagrun for example_dynamic_task_mapping to 2022-03-04 00:00:00+00:00, run_after=2022-03-05 00:00:00+00:00
[2024-02-26T15:48:36.059+0000] {processor.py:183} INFO - Processing /home/airflow/.local/lib/python3.11/site-packages/airflow/example_dags/example_dynamic_task_mapping.py took 0.056 seconds
[2024-02-26T15:49:06.903+0000] {processor.py:161} INFO - Started process (PID=596) to work on /home/airflow/.local/lib/python3.11/site-packages/airflow/example_dags/example_dynamic_task_mapping.py
[2024-02-26T15:49:06.904+0000] {processor.py:830} INFO - Processing file /home/airflow/.local/lib/python3.11/site-packages/airflow/example_dags/example_dynamic_task_mapping.py for tasks to queue
[2024-02-26T15:49:06.907+0000] {logging_mixin.py:188} INFO - [2024-02-26T15:49:06.907+0000] {dagbag.py:540} INFO - Filling up the DagBag from /home/airflow/.local/lib/python3.11/site-packages/airflow/example_dags/example_dynamic_task_mapping.py
[2024-02-26T15:49:06.914+0000] {processor.py:840} INFO - DAG(s) 'example_dynamic_task_mapping' retrieved from /home/airflow/.local/lib/python3.11/site-packages/airflow/example_dags/example_dynamic_task_mapping.py
[2024-02-26T15:49:06.978+0000] {logging_mixin.py:188} INFO - [2024-02-26T15:49:06.977+0000] {dag.py:3047} INFO - Sync 1 DAGs
[2024-02-26T15:49:06.990+0000] {logging_mixin.py:188} INFO - [2024-02-26T15:49:06.989+0000] {dag.py:3834} INFO - Setting next_dagrun for example_dynamic_task_mapping to 2022-03-04 00:00:00+00:00, run_after=2022-03-05 00:00:00+00:00
[2024-02-26T15:49:07.003+0000] {processor.py:183} INFO - Processing /home/airflow/.local/lib/python3.11/site-packages/airflow/example_dags/example_dynamic_task_mapping.py took 0.103 seconds
[2024-02-26T15:49:37.703+0000] {processor.py:161} INFO - Started process (PID=843) to work on /home/airflow/.local/lib/python3.11/site-packages/airflow/example_dags/example_dynamic_task_mapping.py
[2024-02-26T15:49:37.705+0000] {processor.py:830} INFO - Processing file /home/airflow/.local/lib/python3.11/site-packages/airflow/example_dags/example_dynamic_task_mapping.py for tasks to queue
[2024-02-26T15:49:37.706+0000] {logging_mixin.py:188} INFO - [2024-02-26T15:49:37.706+0000] {dagbag.py:540} INFO - Filling up the DagBag from /home/airflow/.local/lib/python3.11/site-packages/airflow/example_dags/example_dynamic_task_mapping.py
[2024-02-26T15:49:37.714+0000] {processor.py:840} INFO - DAG(s) 'example_dynamic_task_mapping' retrieved from /home/airflow/.local/lib/python3.11/site-packages/airflow/example_dags/example_dynamic_task_mapping.py
[2024-02-26T15:49:37.733+0000] {logging_mixin.py:188} INFO - [2024-02-26T15:49:37.733+0000] {dag.py:3047} INFO - Sync 1 DAGs
[2024-02-26T15:49:37.747+0000] {logging_mixin.py:188} INFO - [2024-02-26T15:49:37.747+0000] {dag.py:3834} INFO - Setting next_dagrun for example_dynamic_task_mapping to 2022-03-04 00:00:00+00:00, run_after=2022-03-05 00:00:00+00:00
[2024-02-26T15:49:37.760+0000] {processor.py:183} INFO - Processing /home/airflow/.local/lib/python3.11/site-packages/airflow/example_dags/example_dynamic_task_mapping.py took 0.059 seconds
[2024-02-26T15:50:08.566+0000] {processor.py:161} INFO - Started process (PID=1093) to work on /home/airflow/.local/lib/python3.11/site-packages/airflow/example_dags/example_dynamic_task_mapping.py
[2024-02-26T15:50:08.570+0000] {processor.py:830} INFO - Processing file /home/airflow/.local/lib/python3.11/site-packages/airflow/example_dags/example_dynamic_task_mapping.py for tasks to queue
[2024-02-26T15:50:08.571+0000] {logging_mixin.py:188} INFO - [2024-02-26T15:50:08.571+0000] {dagbag.py:540} INFO - Filling up the DagBag from /home/airflow/.local/lib/python3.11/site-packages/airflow/example_dags/example_dynamic_task_mapping.py
[2024-02-26T15:50:08.577+0000] {processor.py:840} INFO - DAG(s) 'example_dynamic_task_mapping' retrieved from /home/airflow/.local/lib/python3.11/site-packages/airflow/example_dags/example_dynamic_task_mapping.py
[2024-02-26T15:50:08.596+0000] {logging_mixin.py:188} INFO - [2024-02-26T15:50:08.596+0000] {dag.py:3047} INFO - Sync 1 DAGs
[2024-02-26T15:50:08.611+0000] {logging_mixin.py:188} INFO - [2024-02-26T15:50:08.611+0000] {dag.py:3834} INFO - Setting next_dagrun for example_dynamic_task_mapping to 2022-03-04 00:00:00+00:00, run_after=2022-03-05 00:00:00+00:00
[2024-02-26T15:50:08.622+0000] {processor.py:183} INFO - Processing /home/airflow/.local/lib/python3.11/site-packages/airflow/example_dags/example_dynamic_task_mapping.py took 0.062 seconds
[2024-02-26T15:50:38.833+0000] {processor.py:161} INFO - Started process (PID=1337) to work on /home/airflow/.local/lib/python3.11/site-packages/airflow/example_dags/example_dynamic_task_mapping.py
[2024-02-26T15:50:38.836+0000] {processor.py:830} INFO - Processing file /home/airflow/.local/lib/python3.11/site-packages/airflow/example_dags/example_dynamic_task_mapping.py for tasks to queue
[2024-02-26T15:50:38.838+0000] {logging_mixin.py:188} INFO - [2024-02-26T15:50:38.837+0000] {dagbag.py:540} INFO - Filling up the DagBag from /home/airflow/.local/lib/python3.11/site-packages/airflow/example_dags/example_dynamic_task_mapping.py
[2024-02-26T15:50:38.844+0000] {processor.py:840} INFO - DAG(s) 'example_dynamic_task_mapping' retrieved from /home/airflow/.local/lib/python3.11/site-packages/airflow/example_dags/example_dynamic_task_mapping.py
[2024-02-26T15:50:38.862+0000] {logging_mixin.py:188} INFO - [2024-02-26T15:50:38.862+0000] {dag.py:3047} INFO - Sync 1 DAGs
[2024-02-26T15:50:38.877+0000] {logging_mixin.py:188} INFO - [2024-02-26T15:50:38.876+0000] {dag.py:3834} INFO - Setting next_dagrun for example_dynamic_task_mapping to 2022-03-04 00:00:00+00:00, run_after=2022-03-05 00:00:00+00:00
[2024-02-26T15:50:38.889+0000] {processor.py:183} INFO - Processing /home/airflow/.local/lib/python3.11/site-packages/airflow/example_dags/example_dynamic_task_mapping.py took 0.059 seconds
[2024-02-26T15:51:09.544+0000] {processor.py:161} INFO - Started process (PID=1584) to work on /home/airflow/.local/lib/python3.11/site-packages/airflow/example_dags/example_dynamic_task_mapping.py
[2024-02-26T15:51:09.547+0000] {processor.py:830} INFO - Processing file /home/airflow/.local/lib/python3.11/site-packages/airflow/example_dags/example_dynamic_task_mapping.py for tasks to queue
[2024-02-26T15:51:09.548+0000] {logging_mixin.py:188} INFO - [2024-02-26T15:51:09.548+0000] {dagbag.py:540} INFO - Filling up the DagBag from /home/airflow/.local/lib/python3.11/site-packages/airflow/example_dags/example_dynamic_task_mapping.py
[2024-02-26T15:51:09.556+0000] {processor.py:840} INFO - DAG(s) 'example_dynamic_task_mapping' retrieved from /home/airflow/.local/lib/python3.11/site-packages/airflow/example_dags/example_dynamic_task_mapping.py
[2024-02-26T15:51:09.579+0000] {logging_mixin.py:188} INFO - [2024-02-26T15:51:09.579+0000] {dag.py:3047} INFO - Sync 1 DAGs
[2024-02-26T15:51:09.597+0000] {logging_mixin.py:188} INFO - [2024-02-26T15:51:09.597+0000] {dag.py:3834} INFO - Setting next_dagrun for example_dynamic_task_mapping to 2022-03-04 00:00:00+00:00, run_after=2022-03-05 00:00:00+00:00
[2024-02-26T15:51:09.613+0000] {processor.py:183} INFO - Processing /home/airflow/.local/lib/python3.11/site-packages/airflow/example_dags/example_dynamic_task_mapping.py took 0.072 seconds
[2024-02-26T15:51:40.438+0000] {processor.py:161} INFO - Started process (PID=1831) to work on /home/airflow/.local/lib/python3.11/site-packages/airflow/example_dags/example_dynamic_task_mapping.py
[2024-02-26T15:51:40.440+0000] {processor.py:830} INFO - Processing file /home/airflow/.local/lib/python3.11/site-packages/airflow/example_dags/example_dynamic_task_mapping.py for tasks to queue
[2024-02-26T15:51:40.442+0000] {logging_mixin.py:188} INFO - [2024-02-26T15:51:40.441+0000] {dagbag.py:540} INFO - Filling up the DagBag from /home/airflow/.local/lib/python3.11/site-packages/airflow/example_dags/example_dynamic_task_mapping.py
[2024-02-26T15:51:40.448+0000] {processor.py:840} INFO - DAG(s) 'example_dynamic_task_mapping' retrieved from /home/airflow/.local/lib/python3.11/site-packages/airflow/example_dags/example_dynamic_task_mapping.py
[2024-02-26T15:51:40.466+0000] {logging_mixin.py:188} INFO - [2024-02-26T15:51:40.465+0000] {dag.py:3047} INFO - Sync 1 DAGs
[2024-02-26T15:51:40.479+0000] {logging_mixin.py:188} INFO - [2024-02-26T15:51:40.479+0000] {dag.py:3834} INFO - Setting next_dagrun for example_dynamic_task_mapping to 2022-03-04 00:00:00+00:00, run_after=2022-03-05 00:00:00+00:00
[2024-02-26T15:51:40.491+0000] {processor.py:183} INFO - Processing /home/airflow/.local/lib/python3.11/site-packages/airflow/example_dags/example_dynamic_task_mapping.py took 0.055 seconds
[2024-02-26T15:52:11.390+0000] {processor.py:161} INFO - Started process (PID=2126) to work on /home/airflow/.local/lib/python3.11/site-packages/airflow/example_dags/example_dynamic_task_mapping.py
[2024-02-26T15:52:11.392+0000] {processor.py:830} INFO - Processing file /home/airflow/.local/lib/python3.11/site-packages/airflow/example_dags/example_dynamic_task_mapping.py for tasks to queue
[2024-02-26T15:52:11.395+0000] {logging_mixin.py:188} INFO - [2024-02-26T15:52:11.394+0000] {dagbag.py:540} INFO - Filling up the DagBag from /home/airflow/.local/lib/python3.11/site-packages/airflow/example_dags/example_dynamic_task_mapping.py
[2024-02-26T15:52:11.406+0000] {processor.py:840} INFO - DAG(s) 'example_dynamic_task_mapping' retrieved from /home/airflow/.local/lib/python3.11/site-packages/airflow/example_dags/example_dynamic_task_mapping.py
[2024-02-26T15:52:11.431+0000] {logging_mixin.py:188} INFO - [2024-02-26T15:52:11.431+0000] {dag.py:3047} INFO - Sync 1 DAGs
[2024-02-26T15:52:11.447+0000] {logging_mixin.py:188} INFO - [2024-02-26T15:52:11.447+0000] {dag.py:3834} INFO - Setting next_dagrun for example_dynamic_task_mapping to 2022-03-04 00:00:00+00:00, run_after=2022-03-05 00:00:00+00:00
[2024-02-26T15:52:11.463+0000] {processor.py:183} INFO - Processing /home/airflow/.local/lib/python3.11/site-packages/airflow/example_dags/example_dynamic_task_mapping.py took 0.077 seconds
[2024-02-26T15:52:41.714+0000] {processor.py:161} INFO - Started process (PID=2397) to work on /home/airflow/.local/lib/python3.11/site-packages/airflow/example_dags/example_dynamic_task_mapping.py
[2024-02-26T15:52:41.716+0000] {processor.py:830} INFO - Processing file /home/airflow/.local/lib/python3.11/site-packages/airflow/example_dags/example_dynamic_task_mapping.py for tasks to queue
[2024-02-26T15:52:41.718+0000] {logging_mixin.py:188} INFO - [2024-02-26T15:52:41.717+0000] {dagbag.py:540} INFO - Filling up the DagBag from /home/airflow/.local/lib/python3.11/site-packages/airflow/example_dags/example_dynamic_task_mapping.py
[2024-02-26T15:52:41.725+0000] {processor.py:840} INFO - DAG(s) 'example_dynamic_task_mapping' retrieved from /home/airflow/.local/lib/python3.11/site-packages/airflow/example_dags/example_dynamic_task_mapping.py
[2024-02-26T15:52:41.744+0000] {logging_mixin.py:188} INFO - [2024-02-26T15:52:41.744+0000] {dag.py:3047} INFO - Sync 1 DAGs
[2024-02-26T15:52:41.757+0000] {logging_mixin.py:188} INFO - [2024-02-26T15:52:41.757+0000] {dag.py:3834} INFO - Setting next_dagrun for example_dynamic_task_mapping to 2022-03-04 00:00:00+00:00, run_after=2022-03-05 00:00:00+00:00
[2024-02-26T15:52:41.771+0000] {processor.py:183} INFO - Processing /home/airflow/.local/lib/python3.11/site-packages/airflow/example_dags/example_dynamic_task_mapping.py took 0.060 seconds
[2024-02-26T15:53:12.487+0000] {processor.py:161} INFO - Started process (PID=2644) to work on /home/airflow/.local/lib/python3.11/site-packages/airflow/example_dags/example_dynamic_task_mapping.py
[2024-02-26T15:53:12.489+0000] {processor.py:830} INFO - Processing file /home/airflow/.local/lib/python3.11/site-packages/airflow/example_dags/example_dynamic_task_mapping.py for tasks to queue
[2024-02-26T15:53:12.494+0000] {logging_mixin.py:188} INFO - [2024-02-26T15:53:12.493+0000] {dagbag.py:540} INFO - Filling up the DagBag from /home/airflow/.local/lib/python3.11/site-packages/airflow/example_dags/example_dynamic_task_mapping.py
[2024-02-26T15:53:12.502+0000] {processor.py:840} INFO - DAG(s) 'example_dynamic_task_mapping' retrieved from /home/airflow/.local/lib/python3.11/site-packages/airflow/example_dags/example_dynamic_task_mapping.py
[2024-02-26T15:53:12.525+0000] {logging_mixin.py:188} INFO - [2024-02-26T15:53:12.525+0000] {dag.py:3047} INFO - Sync 1 DAGs
[2024-02-26T15:53:12.541+0000] {logging_mixin.py:188} INFO - [2024-02-26T15:53:12.541+0000] {dag.py:3834} INFO - Setting next_dagrun for example_dynamic_task_mapping to 2022-03-04 00:00:00+00:00, run_after=2022-03-05 00:00:00+00:00
[2024-02-26T15:53:12.553+0000] {processor.py:183} INFO - Processing /home/airflow/.local/lib/python3.11/site-packages/airflow/example_dags/example_dynamic_task_mapping.py took 0.069 seconds
[2024-02-26T15:53:43.287+0000] {processor.py:161} INFO - Started process (PID=2891) to work on /home/airflow/.local/lib/python3.11/site-packages/airflow/example_dags/example_dynamic_task_mapping.py
[2024-02-26T15:53:43.289+0000] {processor.py:830} INFO - Processing file /home/airflow/.local/lib/python3.11/site-packages/airflow/example_dags/example_dynamic_task_mapping.py for tasks to queue
[2024-02-26T15:53:43.290+0000] {logging_mixin.py:188} INFO - [2024-02-26T15:53:43.290+0000] {dagbag.py:540} INFO - Filling up the DagBag from /home/airflow/.local/lib/python3.11/site-packages/airflow/example_dags/example_dynamic_task_mapping.py
[2024-02-26T15:53:43.297+0000] {processor.py:840} INFO - DAG(s) 'example_dynamic_task_mapping' retrieved from /home/airflow/.local/lib/python3.11/site-packages/airflow/example_dags/example_dynamic_task_mapping.py
[2024-02-26T15:53:43.315+0000] {logging_mixin.py:188} INFO - [2024-02-26T15:53:43.315+0000] {dag.py:3047} INFO - Sync 1 DAGs
[2024-02-26T15:53:43.330+0000] {logging_mixin.py:188} INFO - [2024-02-26T15:53:43.329+0000] {dag.py:3834} INFO - Setting next_dagrun for example_dynamic_task_mapping to 2022-03-04 00:00:00+00:00, run_after=2022-03-05 00:00:00+00:00
[2024-02-26T15:53:43.341+0000] {processor.py:183} INFO - Processing /home/airflow/.local/lib/python3.11/site-packages/airflow/example_dags/example_dynamic_task_mapping.py took 0.057 seconds
[2024-02-26T15:54:14.068+0000] {processor.py:161} INFO - Started process (PID=3138) to work on /home/airflow/.local/lib/python3.11/site-packages/airflow/example_dags/example_dynamic_task_mapping.py
[2024-02-26T15:54:14.070+0000] {processor.py:830} INFO - Processing file /home/airflow/.local/lib/python3.11/site-packages/airflow/example_dags/example_dynamic_task_mapping.py for tasks to queue
[2024-02-26T15:54:14.072+0000] {logging_mixin.py:188} INFO - [2024-02-26T15:54:14.071+0000] {dagbag.py:540} INFO - Filling up the DagBag from /home/airflow/.local/lib/python3.11/site-packages/airflow/example_dags/example_dynamic_task_mapping.py
[2024-02-26T15:54:14.079+0000] {processor.py:840} INFO - DAG(s) 'example_dynamic_task_mapping' retrieved from /home/airflow/.local/lib/python3.11/site-packages/airflow/example_dags/example_dynamic_task_mapping.py
[2024-02-26T15:54:14.097+0000] {logging_mixin.py:188} INFO - [2024-02-26T15:54:14.097+0000] {dag.py:3047} INFO - Sync 1 DAGs
[2024-02-26T15:54:14.111+0000] {logging_mixin.py:188} INFO - [2024-02-26T15:54:14.111+0000] {dag.py:3834} INFO - Setting next_dagrun for example_dynamic_task_mapping to 2022-03-04 00:00:00+00:00, run_after=2022-03-05 00:00:00+00:00
[2024-02-26T15:54:14.126+0000] {processor.py:183} INFO - Processing /home/airflow/.local/lib/python3.11/site-packages/airflow/example_dags/example_dynamic_task_mapping.py took 0.061 seconds
[2024-02-26T15:54:45.019+0000] {processor.py:161} INFO - Started process (PID=3385) to work on /home/airflow/.local/lib/python3.11/site-packages/airflow/example_dags/example_dynamic_task_mapping.py
[2024-02-26T15:54:45.021+0000] {processor.py:830} INFO - Processing file /home/airflow/.local/lib/python3.11/site-packages/airflow/example_dags/example_dynamic_task_mapping.py for tasks to queue
[2024-02-26T15:54:45.023+0000] {logging_mixin.py:188} INFO - [2024-02-26T15:54:45.022+0000] {dagbag.py:540} INFO - Filling up the DagBag from /home/airflow/.local/lib/python3.11/site-packages/airflow/example_dags/example_dynamic_task_mapping.py
[2024-02-26T15:54:45.031+0000] {processor.py:840} INFO - DAG(s) 'example_dynamic_task_mapping' retrieved from /home/airflow/.local/lib/python3.11/site-packages/airflow/example_dags/example_dynamic_task_mapping.py
[2024-02-26T15:54:45.049+0000] {logging_mixin.py:188} INFO - [2024-02-26T15:54:45.049+0000] {dag.py:3047} INFO - Sync 1 DAGs
[2024-02-26T15:54:45.063+0000] {logging_mixin.py:188} INFO - [2024-02-26T15:54:45.063+0000] {dag.py:3834} INFO - Setting next_dagrun for example_dynamic_task_mapping to 2022-03-04 00:00:00+00:00, run_after=2022-03-05 00:00:00+00:00
[2024-02-26T15:54:45.075+0000] {processor.py:183} INFO - Processing /home/airflow/.local/lib/python3.11/site-packages/airflow/example_dags/example_dynamic_task_mapping.py took 0.058 seconds
[2024-02-26T15:55:15.964+0000] {processor.py:161} INFO - Started process (PID=3631) to work on /home/airflow/.local/lib/python3.11/site-packages/airflow/example_dags/example_dynamic_task_mapping.py
[2024-02-26T15:55:15.965+0000] {processor.py:830} INFO - Processing file /home/airflow/.local/lib/python3.11/site-packages/airflow/example_dags/example_dynamic_task_mapping.py for tasks to queue
[2024-02-26T15:55:15.967+0000] {logging_mixin.py:188} INFO - [2024-02-26T15:55:15.966+0000] {dagbag.py:540} INFO - Filling up the DagBag from /home/airflow/.local/lib/python3.11/site-packages/airflow/example_dags/example_dynamic_task_mapping.py
[2024-02-26T15:55:15.973+0000] {processor.py:840} INFO - DAG(s) 'example_dynamic_task_mapping' retrieved from /home/airflow/.local/lib/python3.11/site-packages/airflow/example_dags/example_dynamic_task_mapping.py
[2024-02-26T15:55:15.992+0000] {logging_mixin.py:188} INFO - [2024-02-26T15:55:15.992+0000] {dag.py:3047} INFO - Sync 1 DAGs
[2024-02-26T15:55:16.006+0000] {logging_mixin.py:188} INFO - [2024-02-26T15:55:16.005+0000] {dag.py:3834} INFO - Setting next_dagrun for example_dynamic_task_mapping to 2022-03-04 00:00:00+00:00, run_after=2022-03-05 00:00:00+00:00
[2024-02-26T15:55:16.017+0000] {processor.py:183} INFO - Processing /home/airflow/.local/lib/python3.11/site-packages/airflow/example_dags/example_dynamic_task_mapping.py took 0.056 seconds
[2024-02-26T15:55:46.181+0000] {processor.py:161} INFO - Started process (PID=3878) to work on /home/airflow/.local/lib/python3.11/site-packages/airflow/example_dags/example_dynamic_task_mapping.py
[2024-02-26T15:55:46.184+0000] {processor.py:830} INFO - Processing file /home/airflow/.local/lib/python3.11/site-packages/airflow/example_dags/example_dynamic_task_mapping.py for tasks to queue
[2024-02-26T15:55:46.186+0000] {logging_mixin.py:188} INFO - [2024-02-26T15:55:46.186+0000] {dagbag.py:540} INFO - Filling up the DagBag from /home/airflow/.local/lib/python3.11/site-packages/airflow/example_dags/example_dynamic_task_mapping.py
[2024-02-26T15:55:46.197+0000] {processor.py:840} INFO - DAG(s) 'example_dynamic_task_mapping' retrieved from /home/airflow/.local/lib/python3.11/site-packages/airflow/example_dags/example_dynamic_task_mapping.py
[2024-02-26T15:55:46.219+0000] {logging_mixin.py:188} INFO - [2024-02-26T15:55:46.219+0000] {dag.py:3047} INFO - Sync 1 DAGs
[2024-02-26T15:55:46.237+0000] {logging_mixin.py:188} INFO - [2024-02-26T15:55:46.237+0000] {dag.py:3834} INFO - Setting next_dagrun for example_dynamic_task_mapping to 2022-03-04 00:00:00+00:00, run_after=2022-03-05 00:00:00+00:00
[2024-02-26T15:55:46.253+0000] {processor.py:183} INFO - Processing /home/airflow/.local/lib/python3.11/site-packages/airflow/example_dags/example_dynamic_task_mapping.py took 0.075 seconds
[2024-02-26T15:56:16.320+0000] {processor.py:161} INFO - Started process (PID=4127) to work on /home/airflow/.local/lib/python3.11/site-packages/airflow/example_dags/example_dynamic_task_mapping.py
[2024-02-26T15:56:16.323+0000] {processor.py:830} INFO - Processing file /home/airflow/.local/lib/python3.11/site-packages/airflow/example_dags/example_dynamic_task_mapping.py for tasks to queue
[2024-02-26T15:56:16.324+0000] {logging_mixin.py:188} INFO - [2024-02-26T15:56:16.324+0000] {dagbag.py:540} INFO - Filling up the DagBag from /home/airflow/.local/lib/python3.11/site-packages/airflow/example_dags/example_dynamic_task_mapping.py
[2024-02-26T15:56:16.331+0000] {processor.py:840} INFO - DAG(s) 'example_dynamic_task_mapping' retrieved from /home/airflow/.local/lib/python3.11/site-packages/airflow/example_dags/example_dynamic_task_mapping.py
[2024-02-26T15:56:16.348+0000] {logging_mixin.py:188} INFO - [2024-02-26T15:56:16.348+0000] {dag.py:3047} INFO - Sync 1 DAGs
[2024-02-26T15:56:16.362+0000] {logging_mixin.py:188} INFO - [2024-02-26T15:56:16.362+0000] {dag.py:3834} INFO - Setting next_dagrun for example_dynamic_task_mapping to 2022-03-04 00:00:00+00:00, run_after=2022-03-05 00:00:00+00:00
[2024-02-26T15:56:16.373+0000] {processor.py:183} INFO - Processing /home/airflow/.local/lib/python3.11/site-packages/airflow/example_dags/example_dynamic_task_mapping.py took 0.056 seconds
[2024-02-26T15:56:46.766+0000] {processor.py:161} INFO - Started process (PID=4373) to work on /home/airflow/.local/lib/python3.11/site-packages/airflow/example_dags/example_dynamic_task_mapping.py
[2024-02-26T15:56:46.767+0000] {processor.py:830} INFO - Processing file /home/airflow/.local/lib/python3.11/site-packages/airflow/example_dags/example_dynamic_task_mapping.py for tasks to queue
[2024-02-26T15:56:46.769+0000] {logging_mixin.py:188} INFO - [2024-02-26T15:56:46.768+0000] {dagbag.py:540} INFO - Filling up the DagBag from /home/airflow/.local/lib/python3.11/site-packages/airflow/example_dags/example_dynamic_task_mapping.py
[2024-02-26T15:56:46.776+0000] {processor.py:840} INFO - DAG(s) 'example_dynamic_task_mapping' retrieved from /home/airflow/.local/lib/python3.11/site-packages/airflow/example_dags/example_dynamic_task_mapping.py
[2024-02-26T15:56:46.795+0000] {logging_mixin.py:188} INFO - [2024-02-26T15:56:46.795+0000] {dag.py:3047} INFO - Sync 1 DAGs
[2024-02-26T15:56:46.812+0000] {logging_mixin.py:188} INFO - [2024-02-26T15:56:46.812+0000] {dag.py:3834} INFO - Setting next_dagrun for example_dynamic_task_mapping to 2022-03-04 00:00:00+00:00, run_after=2022-03-05 00:00:00+00:00
[2024-02-26T15:56:46.829+0000] {processor.py:183} INFO - Processing /home/airflow/.local/lib/python3.11/site-packages/airflow/example_dags/example_dynamic_task_mapping.py took 0.067 seconds
[2024-02-26T15:57:17.098+0000] {processor.py:161} INFO - Started process (PID=4620) to work on /home/airflow/.local/lib/python3.11/site-packages/airflow/example_dags/example_dynamic_task_mapping.py
[2024-02-26T15:57:17.100+0000] {processor.py:830} INFO - Processing file /home/airflow/.local/lib/python3.11/site-packages/airflow/example_dags/example_dynamic_task_mapping.py for tasks to queue
[2024-02-26T15:57:17.102+0000] {logging_mixin.py:188} INFO - [2024-02-26T15:57:17.102+0000] {dagbag.py:540} INFO - Filling up the DagBag from /home/airflow/.local/lib/python3.11/site-packages/airflow/example_dags/example_dynamic_task_mapping.py
[2024-02-26T15:57:17.109+0000] {processor.py:840} INFO - DAG(s) 'example_dynamic_task_mapping' retrieved from /home/airflow/.local/lib/python3.11/site-packages/airflow/example_dags/example_dynamic_task_mapping.py
[2024-02-26T15:57:17.135+0000] {logging_mixin.py:188} INFO - [2024-02-26T15:57:17.135+0000] {dag.py:3047} INFO - Sync 1 DAGs
[2024-02-26T15:57:17.153+0000] {logging_mixin.py:188} INFO - [2024-02-26T15:57:17.153+0000] {dag.py:3834} INFO - Setting next_dagrun for example_dynamic_task_mapping to 2022-03-04 00:00:00+00:00, run_after=2022-03-05 00:00:00+00:00
[2024-02-26T15:57:17.166+0000] {processor.py:183} INFO - Processing /home/airflow/.local/lib/python3.11/site-packages/airflow/example_dags/example_dynamic_task_mapping.py took 0.071 seconds
[2024-02-26T15:57:47.366+0000] {processor.py:161} INFO - Started process (PID=4867) to work on /home/airflow/.local/lib/python3.11/site-packages/airflow/example_dags/example_dynamic_task_mapping.py
[2024-02-26T15:57:47.368+0000] {processor.py:830} INFO - Processing file /home/airflow/.local/lib/python3.11/site-packages/airflow/example_dags/example_dynamic_task_mapping.py for tasks to queue
[2024-02-26T15:57:47.369+0000] {logging_mixin.py:188} INFO - [2024-02-26T15:57:47.369+0000] {dagbag.py:540} INFO - Filling up the DagBag from /home/airflow/.local/lib/python3.11/site-packages/airflow/example_dags/example_dynamic_task_mapping.py
[2024-02-26T15:57:47.378+0000] {processor.py:840} INFO - DAG(s) 'example_dynamic_task_mapping' retrieved from /home/airflow/.local/lib/python3.11/site-packages/airflow/example_dags/example_dynamic_task_mapping.py
[2024-02-26T15:57:47.400+0000] {logging_mixin.py:188} INFO - [2024-02-26T15:57:47.400+0000] {dag.py:3047} INFO - Sync 1 DAGs
[2024-02-26T15:57:47.422+0000] {logging_mixin.py:188} INFO - [2024-02-26T15:57:47.422+0000] {dag.py:3834} INFO - Setting next_dagrun for example_dynamic_task_mapping to 2022-03-04 00:00:00+00:00, run_after=2022-03-05 00:00:00+00:00
[2024-02-26T15:57:47.434+0000] {processor.py:183} INFO - Processing /home/airflow/.local/lib/python3.11/site-packages/airflow/example_dags/example_dynamic_task_mapping.py took 0.072 seconds
[2024-02-26T15:58:17.648+0000] {processor.py:161} INFO - Started process (PID=5114) to work on /home/airflow/.local/lib/python3.11/site-packages/airflow/example_dags/example_dynamic_task_mapping.py
[2024-02-26T15:58:17.649+0000] {processor.py:830} INFO - Processing file /home/airflow/.local/lib/python3.11/site-packages/airflow/example_dags/example_dynamic_task_mapping.py for tasks to queue
[2024-02-26T15:58:17.651+0000] {logging_mixin.py:188} INFO - [2024-02-26T15:58:17.651+0000] {dagbag.py:540} INFO - Filling up the DagBag from /home/airflow/.local/lib/python3.11/site-packages/airflow/example_dags/example_dynamic_task_mapping.py
[2024-02-26T15:58:17.659+0000] {processor.py:840} INFO - DAG(s) 'example_dynamic_task_mapping' retrieved from /home/airflow/.local/lib/python3.11/site-packages/airflow/example_dags/example_dynamic_task_mapping.py
[2024-02-26T15:58:17.682+0000] {logging_mixin.py:188} INFO - [2024-02-26T15:58:17.682+0000] {dag.py:3047} INFO - Sync 1 DAGs
[2024-02-26T15:58:17.699+0000] {logging_mixin.py:188} INFO - [2024-02-26T15:58:17.699+0000] {dag.py:3834} INFO - Setting next_dagrun for example_dynamic_task_mapping to 2022-03-04 00:00:00+00:00, run_after=2022-03-05 00:00:00+00:00
[2024-02-26T15:58:17.716+0000] {processor.py:183} INFO - Processing /home/airflow/.local/lib/python3.11/site-packages/airflow/example_dags/example_dynamic_task_mapping.py took 0.071 seconds
[2024-02-26T15:58:47.983+0000] {processor.py:161} INFO - Started process (PID=5362) to work on /home/airflow/.local/lib/python3.11/site-packages/airflow/example_dags/example_dynamic_task_mapping.py
[2024-02-26T15:58:47.986+0000] {processor.py:830} INFO - Processing file /home/airflow/.local/lib/python3.11/site-packages/airflow/example_dags/example_dynamic_task_mapping.py for tasks to queue
[2024-02-26T15:58:47.988+0000] {logging_mixin.py:188} INFO - [2024-02-26T15:58:47.987+0000] {dagbag.py:540} INFO - Filling up the DagBag from /home/airflow/.local/lib/python3.11/site-packages/airflow/example_dags/example_dynamic_task_mapping.py
[2024-02-26T15:58:47.996+0000] {processor.py:840} INFO - DAG(s) 'example_dynamic_task_mapping' retrieved from /home/airflow/.local/lib/python3.11/site-packages/airflow/example_dags/example_dynamic_task_mapping.py
[2024-02-26T15:58:48.022+0000] {logging_mixin.py:188} INFO - [2024-02-26T15:58:48.022+0000] {dag.py:3047} INFO - Sync 1 DAGs
[2024-02-26T15:58:48.043+0000] {logging_mixin.py:188} INFO - [2024-02-26T15:58:48.043+0000] {dag.py:3834} INFO - Setting next_dagrun for example_dynamic_task_mapping to 2022-03-04 00:00:00+00:00, run_after=2022-03-05 00:00:00+00:00
[2024-02-26T15:58:48.057+0000] {processor.py:183} INFO - Processing /home/airflow/.local/lib/python3.11/site-packages/airflow/example_dags/example_dynamic_task_mapping.py took 0.077 seconds
[2024-02-26T15:59:18.101+0000] {processor.py:161} INFO - Started process (PID=5610) to work on /home/airflow/.local/lib/python3.11/site-packages/airflow/example_dags/example_dynamic_task_mapping.py
[2024-02-26T15:59:18.103+0000] {processor.py:830} INFO - Processing file /home/airflow/.local/lib/python3.11/site-packages/airflow/example_dags/example_dynamic_task_mapping.py for tasks to queue
[2024-02-26T15:59:18.108+0000] {logging_mixin.py:188} INFO - [2024-02-26T15:59:18.108+0000] {dagbag.py:540} INFO - Filling up the DagBag from /home/airflow/.local/lib/python3.11/site-packages/airflow/example_dags/example_dynamic_task_mapping.py
[2024-02-26T15:59:18.115+0000] {processor.py:840} INFO - DAG(s) 'example_dynamic_task_mapping' retrieved from /home/airflow/.local/lib/python3.11/site-packages/airflow/example_dags/example_dynamic_task_mapping.py
[2024-02-26T15:59:18.134+0000] {logging_mixin.py:188} INFO - [2024-02-26T15:59:18.134+0000] {dag.py:3047} INFO - Sync 1 DAGs
[2024-02-26T15:59:18.147+0000] {logging_mixin.py:188} INFO - [2024-02-26T15:59:18.147+0000] {dag.py:3834} INFO - Setting next_dagrun for example_dynamic_task_mapping to 2022-03-04 00:00:00+00:00, run_after=2022-03-05 00:00:00+00:00
[2024-02-26T15:59:18.157+0000] {processor.py:183} INFO - Processing /home/airflow/.local/lib/python3.11/site-packages/airflow/example_dags/example_dynamic_task_mapping.py took 0.059 seconds
[2024-02-26T15:59:49.134+0000] {processor.py:161} INFO - Started process (PID=5857) to work on /home/airflow/.local/lib/python3.11/site-packages/airflow/example_dags/example_dynamic_task_mapping.py
[2024-02-26T15:59:49.136+0000] {processor.py:830} INFO - Processing file /home/airflow/.local/lib/python3.11/site-packages/airflow/example_dags/example_dynamic_task_mapping.py for tasks to queue
[2024-02-26T15:59:49.137+0000] {logging_mixin.py:188} INFO - [2024-02-26T15:59:49.137+0000] {dagbag.py:540} INFO - Filling up the DagBag from /home/airflow/.local/lib/python3.11/site-packages/airflow/example_dags/example_dynamic_task_mapping.py
[2024-02-26T15:59:49.145+0000] {processor.py:840} INFO - DAG(s) 'example_dynamic_task_mapping' retrieved from /home/airflow/.local/lib/python3.11/site-packages/airflow/example_dags/example_dynamic_task_mapping.py
[2024-02-26T15:59:49.170+0000] {logging_mixin.py:188} INFO - [2024-02-26T15:59:49.170+0000] {dag.py:3047} INFO - Sync 1 DAGs
[2024-02-26T15:59:49.189+0000] {logging_mixin.py:188} INFO - [2024-02-26T15:59:49.189+0000] {dag.py:3834} INFO - Setting next_dagrun for example_dynamic_task_mapping to 2022-03-04 00:00:00+00:00, run_after=2022-03-05 00:00:00+00:00
[2024-02-26T15:59:49.202+0000] {processor.py:183} INFO - Processing /home/airflow/.local/lib/python3.11/site-packages/airflow/example_dags/example_dynamic_task_mapping.py took 0.071 seconds
[2024-02-26T16:00:19.987+0000] {processor.py:161} INFO - Started process (PID=6104) to work on /home/airflow/.local/lib/python3.11/site-packages/airflow/example_dags/example_dynamic_task_mapping.py
[2024-02-26T16:00:19.989+0000] {processor.py:830} INFO - Processing file /home/airflow/.local/lib/python3.11/site-packages/airflow/example_dags/example_dynamic_task_mapping.py for tasks to queue
[2024-02-26T16:00:19.991+0000] {logging_mixin.py:188} INFO - [2024-02-26T16:00:19.991+0000] {dagbag.py:540} INFO - Filling up the DagBag from /home/airflow/.local/lib/python3.11/site-packages/airflow/example_dags/example_dynamic_task_mapping.py
[2024-02-26T16:00:20.000+0000] {processor.py:840} INFO - DAG(s) 'example_dynamic_task_mapping' retrieved from /home/airflow/.local/lib/python3.11/site-packages/airflow/example_dags/example_dynamic_task_mapping.py
[2024-02-26T16:00:20.019+0000] {logging_mixin.py:188} INFO - [2024-02-26T16:00:20.018+0000] {dag.py:3047} INFO - Sync 1 DAGs
[2024-02-26T16:00:20.033+0000] {logging_mixin.py:188} INFO - [2024-02-26T16:00:20.033+0000] {dag.py:3834} INFO - Setting next_dagrun for example_dynamic_task_mapping to 2022-03-04 00:00:00+00:00, run_after=2022-03-05 00:00:00+00:00
[2024-02-26T16:00:20.044+0000] {processor.py:183} INFO - Processing /home/airflow/.local/lib/python3.11/site-packages/airflow/example_dags/example_dynamic_task_mapping.py took 0.061 seconds
[2024-02-26T16:00:50.818+0000] {processor.py:161} INFO - Started process (PID=6350) to work on /home/airflow/.local/lib/python3.11/site-packages/airflow/example_dags/example_dynamic_task_mapping.py
[2024-02-26T16:00:50.820+0000] {processor.py:830} INFO - Processing file /home/airflow/.local/lib/python3.11/site-packages/airflow/example_dags/example_dynamic_task_mapping.py for tasks to queue
[2024-02-26T16:00:50.821+0000] {logging_mixin.py:188} INFO - [2024-02-26T16:00:50.821+0000] {dagbag.py:540} INFO - Filling up the DagBag from /home/airflow/.local/lib/python3.11/site-packages/airflow/example_dags/example_dynamic_task_mapping.py
[2024-02-26T16:00:50.829+0000] {processor.py:840} INFO - DAG(s) 'example_dynamic_task_mapping' retrieved from /home/airflow/.local/lib/python3.11/site-packages/airflow/example_dags/example_dynamic_task_mapping.py
[2024-02-26T16:00:50.847+0000] {logging_mixin.py:188} INFO - [2024-02-26T16:00:50.847+0000] {dag.py:3047} INFO - Sync 1 DAGs
[2024-02-26T16:00:50.866+0000] {logging_mixin.py:188} INFO - [2024-02-26T16:00:50.866+0000] {dag.py:3834} INFO - Setting next_dagrun for example_dynamic_task_mapping to 2022-03-04 00:00:00+00:00, run_after=2022-03-05 00:00:00+00:00
[2024-02-26T16:00:50.878+0000] {processor.py:183} INFO - Processing /home/airflow/.local/lib/python3.11/site-packages/airflow/example_dags/example_dynamic_task_mapping.py took 0.063 seconds
[2024-02-26T16:01:21.683+0000] {processor.py:161} INFO - Started process (PID=6597) to work on /home/airflow/.local/lib/python3.11/site-packages/airflow/example_dags/example_dynamic_task_mapping.py
[2024-02-26T16:01:21.685+0000] {processor.py:830} INFO - Processing file /home/airflow/.local/lib/python3.11/site-packages/airflow/example_dags/example_dynamic_task_mapping.py for tasks to queue
[2024-02-26T16:01:21.687+0000] {logging_mixin.py:188} INFO - [2024-02-26T16:01:21.686+0000] {dagbag.py:540} INFO - Filling up the DagBag from /home/airflow/.local/lib/python3.11/site-packages/airflow/example_dags/example_dynamic_task_mapping.py
[2024-02-26T16:01:21.695+0000] {processor.py:840} INFO - DAG(s) 'example_dynamic_task_mapping' retrieved from /home/airflow/.local/lib/python3.11/site-packages/airflow/example_dags/example_dynamic_task_mapping.py
[2024-02-26T16:01:21.714+0000] {logging_mixin.py:188} INFO - [2024-02-26T16:01:21.714+0000] {dag.py:3047} INFO - Sync 1 DAGs
[2024-02-26T16:01:21.729+0000] {logging_mixin.py:188} INFO - [2024-02-26T16:01:21.729+0000] {dag.py:3834} INFO - Setting next_dagrun for example_dynamic_task_mapping to 2022-03-04 00:00:00+00:00, run_after=2022-03-05 00:00:00+00:00
[2024-02-26T16:01:21.741+0000] {processor.py:183} INFO - Processing /home/airflow/.local/lib/python3.11/site-packages/airflow/example_dags/example_dynamic_task_mapping.py took 0.061 seconds
[2024-02-26T16:01:51.844+0000] {processor.py:161} INFO - Started process (PID=6844) to work on /home/airflow/.local/lib/python3.11/site-packages/airflow/example_dags/example_dynamic_task_mapping.py
[2024-02-26T16:01:51.846+0000] {processor.py:830} INFO - Processing file /home/airflow/.local/lib/python3.11/site-packages/airflow/example_dags/example_dynamic_task_mapping.py for tasks to queue
[2024-02-26T16:01:51.847+0000] {logging_mixin.py:188} INFO - [2024-02-26T16:01:51.847+0000] {dagbag.py:540} INFO - Filling up the DagBag from /home/airflow/.local/lib/python3.11/site-packages/airflow/example_dags/example_dynamic_task_mapping.py
[2024-02-26T16:01:51.855+0000] {processor.py:840} INFO - DAG(s) 'example_dynamic_task_mapping' retrieved from /home/airflow/.local/lib/python3.11/site-packages/airflow/example_dags/example_dynamic_task_mapping.py
[2024-02-26T16:01:51.873+0000] {logging_mixin.py:188} INFO - [2024-02-26T16:01:51.873+0000] {dag.py:3047} INFO - Sync 1 DAGs
[2024-02-26T16:01:51.886+0000] {logging_mixin.py:188} INFO - [2024-02-26T16:01:51.886+0000] {dag.py:3834} INFO - Setting next_dagrun for example_dynamic_task_mapping to 2022-03-04 00:00:00+00:00, run_after=2022-03-05 00:00:00+00:00
[2024-02-26T16:01:51.897+0000] {processor.py:183} INFO - Processing /home/airflow/.local/lib/python3.11/site-packages/airflow/example_dags/example_dynamic_task_mapping.py took 0.056 seconds
[2024-02-26T16:02:22.158+0000] {processor.py:161} INFO - Started process (PID=7091) to work on /home/airflow/.local/lib/python3.11/site-packages/airflow/example_dags/example_dynamic_task_mapping.py
[2024-02-26T16:02:22.160+0000] {processor.py:830} INFO - Processing file /home/airflow/.local/lib/python3.11/site-packages/airflow/example_dags/example_dynamic_task_mapping.py for tasks to queue
[2024-02-26T16:02:22.162+0000] {logging_mixin.py:188} INFO - [2024-02-26T16:02:22.161+0000] {dagbag.py:540} INFO - Filling up the DagBag from /home/airflow/.local/lib/python3.11/site-packages/airflow/example_dags/example_dynamic_task_mapping.py
[2024-02-26T16:02:22.169+0000] {processor.py:840} INFO - DAG(s) 'example_dynamic_task_mapping' retrieved from /home/airflow/.local/lib/python3.11/site-packages/airflow/example_dags/example_dynamic_task_mapping.py
[2024-02-26T16:02:22.190+0000] {logging_mixin.py:188} INFO - [2024-02-26T16:02:22.190+0000] {dag.py:3047} INFO - Sync 1 DAGs
[2024-02-26T16:02:22.205+0000] {logging_mixin.py:188} INFO - [2024-02-26T16:02:22.205+0000] {dag.py:3834} INFO - Setting next_dagrun for example_dynamic_task_mapping to 2022-03-04 00:00:00+00:00, run_after=2022-03-05 00:00:00+00:00
[2024-02-26T16:02:22.220+0000] {processor.py:183} INFO - Processing /home/airflow/.local/lib/python3.11/site-packages/airflow/example_dags/example_dynamic_task_mapping.py took 0.066 seconds
[2024-02-26T16:02:53.178+0000] {processor.py:161} INFO - Started process (PID=7338) to work on /home/airflow/.local/lib/python3.11/site-packages/airflow/example_dags/example_dynamic_task_mapping.py
[2024-02-26T16:02:53.180+0000] {processor.py:830} INFO - Processing file /home/airflow/.local/lib/python3.11/site-packages/airflow/example_dags/example_dynamic_task_mapping.py for tasks to queue
[2024-02-26T16:02:53.181+0000] {logging_mixin.py:188} INFO - [2024-02-26T16:02:53.181+0000] {dagbag.py:540} INFO - Filling up the DagBag from /home/airflow/.local/lib/python3.11/site-packages/airflow/example_dags/example_dynamic_task_mapping.py
[2024-02-26T16:02:53.188+0000] {processor.py:840} INFO - DAG(s) 'example_dynamic_task_mapping' retrieved from /home/airflow/.local/lib/python3.11/site-packages/airflow/example_dags/example_dynamic_task_mapping.py
[2024-02-26T16:02:53.207+0000] {logging_mixin.py:188} INFO - [2024-02-26T16:02:53.207+0000] {dag.py:3047} INFO - Sync 1 DAGs
[2024-02-26T16:02:53.222+0000] {logging_mixin.py:188} INFO - [2024-02-26T16:02:53.222+0000] {dag.py:3834} INFO - Setting next_dagrun for example_dynamic_task_mapping to 2022-03-04 00:00:00+00:00, run_after=2022-03-05 00:00:00+00:00
[2024-02-26T16:02:53.234+0000] {processor.py:183} INFO - Processing /home/airflow/.local/lib/python3.11/site-packages/airflow/example_dags/example_dynamic_task_mapping.py took 0.059 seconds
[2024-02-26T16:03:23.349+0000] {processor.py:161} INFO - Started process (PID=7585) to work on /home/airflow/.local/lib/python3.11/site-packages/airflow/example_dags/example_dynamic_task_mapping.py
[2024-02-26T16:03:23.353+0000] {processor.py:830} INFO - Processing file /home/airflow/.local/lib/python3.11/site-packages/airflow/example_dags/example_dynamic_task_mapping.py for tasks to queue
[2024-02-26T16:03:23.355+0000] {logging_mixin.py:188} INFO - [2024-02-26T16:03:23.354+0000] {dagbag.py:540} INFO - Filling up the DagBag from /home/airflow/.local/lib/python3.11/site-packages/airflow/example_dags/example_dynamic_task_mapping.py
[2024-02-26T16:03:23.366+0000] {processor.py:840} INFO - DAG(s) 'example_dynamic_task_mapping' retrieved from /home/airflow/.local/lib/python3.11/site-packages/airflow/example_dags/example_dynamic_task_mapping.py
[2024-02-26T16:03:23.402+0000] {logging_mixin.py:188} INFO - [2024-02-26T16:03:23.401+0000] {dag.py:3047} INFO - Sync 1 DAGs
[2024-02-26T16:03:23.422+0000] {logging_mixin.py:188} INFO - [2024-02-26T16:03:23.422+0000] {dag.py:3834} INFO - Setting next_dagrun for example_dynamic_task_mapping to 2022-03-04 00:00:00+00:00, run_after=2022-03-05 00:00:00+00:00
[2024-02-26T16:03:23.437+0000] {processor.py:183} INFO - Processing /home/airflow/.local/lib/python3.11/site-packages/airflow/example_dags/example_dynamic_task_mapping.py took 0.092 seconds
[2024-02-26T16:03:54.441+0000] {processor.py:161} INFO - Started process (PID=7833) to work on /home/airflow/.local/lib/python3.11/site-packages/airflow/example_dags/example_dynamic_task_mapping.py
[2024-02-26T16:03:54.443+0000] {processor.py:830} INFO - Processing file /home/airflow/.local/lib/python3.11/site-packages/airflow/example_dags/example_dynamic_task_mapping.py for tasks to queue
[2024-02-26T16:03:54.445+0000] {logging_mixin.py:188} INFO - [2024-02-26T16:03:54.445+0000] {dagbag.py:540} INFO - Filling up the DagBag from /home/airflow/.local/lib/python3.11/site-packages/airflow/example_dags/example_dynamic_task_mapping.py
[2024-02-26T16:03:54.457+0000] {processor.py:840} INFO - DAG(s) 'example_dynamic_task_mapping' retrieved from /home/airflow/.local/lib/python3.11/site-packages/airflow/example_dags/example_dynamic_task_mapping.py
[2024-02-26T16:03:54.474+0000] {logging_mixin.py:188} INFO - [2024-02-26T16:03:54.474+0000] {dag.py:3047} INFO - Sync 1 DAGs
[2024-02-26T16:03:54.489+0000] {logging_mixin.py:188} INFO - [2024-02-26T16:03:54.489+0000] {dag.py:3834} INFO - Setting next_dagrun for example_dynamic_task_mapping to 2022-03-04 00:00:00+00:00, run_after=2022-03-05 00:00:00+00:00
[2024-02-26T16:03:54.500+0000] {processor.py:183} INFO - Processing /home/airflow/.local/lib/python3.11/site-packages/airflow/example_dags/example_dynamic_task_mapping.py took 0.063 seconds
[2024-02-26T16:04:25.111+0000] {processor.py:161} INFO - Started process (PID=8080) to work on /home/airflow/.local/lib/python3.11/site-packages/airflow/example_dags/example_dynamic_task_mapping.py
[2024-02-26T16:04:25.113+0000] {processor.py:830} INFO - Processing file /home/airflow/.local/lib/python3.11/site-packages/airflow/example_dags/example_dynamic_task_mapping.py for tasks to queue
[2024-02-26T16:04:25.115+0000] {logging_mixin.py:188} INFO - [2024-02-26T16:04:25.114+0000] {dagbag.py:540} INFO - Filling up the DagBag from /home/airflow/.local/lib/python3.11/site-packages/airflow/example_dags/example_dynamic_task_mapping.py
[2024-02-26T16:04:25.123+0000] {processor.py:840} INFO - DAG(s) 'example_dynamic_task_mapping' retrieved from /home/airflow/.local/lib/python3.11/site-packages/airflow/example_dags/example_dynamic_task_mapping.py
[2024-02-26T16:04:25.143+0000] {logging_mixin.py:188} INFO - [2024-02-26T16:04:25.143+0000] {dag.py:3047} INFO - Sync 1 DAGs
[2024-02-26T16:04:25.157+0000] {logging_mixin.py:188} INFO - [2024-02-26T16:04:25.157+0000] {dag.py:3834} INFO - Setting next_dagrun for example_dynamic_task_mapping to 2022-03-04 00:00:00+00:00, run_after=2022-03-05 00:00:00+00:00
[2024-02-26T16:04:25.169+0000] {processor.py:183} INFO - Processing /home/airflow/.local/lib/python3.11/site-packages/airflow/example_dags/example_dynamic_task_mapping.py took 0.064 seconds
[2024-02-26T16:04:55.912+0000] {processor.py:161} INFO - Started process (PID=8327) to work on /home/airflow/.local/lib/python3.11/site-packages/airflow/example_dags/example_dynamic_task_mapping.py
[2024-02-26T16:04:55.914+0000] {processor.py:830} INFO - Processing file /home/airflow/.local/lib/python3.11/site-packages/airflow/example_dags/example_dynamic_task_mapping.py for tasks to queue
[2024-02-26T16:04:55.916+0000] {logging_mixin.py:188} INFO - [2024-02-26T16:04:55.916+0000] {dagbag.py:540} INFO - Filling up the DagBag from /home/airflow/.local/lib/python3.11/site-packages/airflow/example_dags/example_dynamic_task_mapping.py
[2024-02-26T16:04:55.923+0000] {processor.py:840} INFO - DAG(s) 'example_dynamic_task_mapping' retrieved from /home/airflow/.local/lib/python3.11/site-packages/airflow/example_dags/example_dynamic_task_mapping.py
[2024-02-26T16:04:55.942+0000] {logging_mixin.py:188} INFO - [2024-02-26T16:04:55.942+0000] {dag.py:3047} INFO - Sync 1 DAGs
[2024-02-26T16:04:55.957+0000] {logging_mixin.py:188} INFO - [2024-02-26T16:04:55.957+0000] {dag.py:3834} INFO - Setting next_dagrun for example_dynamic_task_mapping to 2022-03-04 00:00:00+00:00, run_after=2022-03-05 00:00:00+00:00
[2024-02-26T16:04:55.969+0000] {processor.py:183} INFO - Processing /home/airflow/.local/lib/python3.11/site-packages/airflow/example_dags/example_dynamic_task_mapping.py took 0.059 seconds
[2024-02-26T16:05:26.725+0000] {processor.py:161} INFO - Started process (PID=8574) to work on /home/airflow/.local/lib/python3.11/site-packages/airflow/example_dags/example_dynamic_task_mapping.py
[2024-02-26T16:05:26.727+0000] {processor.py:830} INFO - Processing file /home/airflow/.local/lib/python3.11/site-packages/airflow/example_dags/example_dynamic_task_mapping.py for tasks to queue
[2024-02-26T16:05:26.730+0000] {logging_mixin.py:188} INFO - [2024-02-26T16:05:26.729+0000] {dagbag.py:540} INFO - Filling up the DagBag from /home/airflow/.local/lib/python3.11/site-packages/airflow/example_dags/example_dynamic_task_mapping.py
[2024-02-26T16:05:26.739+0000] {processor.py:840} INFO - DAG(s) 'example_dynamic_task_mapping' retrieved from /home/airflow/.local/lib/python3.11/site-packages/airflow/example_dags/example_dynamic_task_mapping.py
[2024-02-26T16:05:26.756+0000] {logging_mixin.py:188} INFO - [2024-02-26T16:05:26.756+0000] {dag.py:3047} INFO - Sync 1 DAGs
[2024-02-26T16:05:26.770+0000] {logging_mixin.py:188} INFO - [2024-02-26T16:05:26.770+0000] {dag.py:3834} INFO - Setting next_dagrun for example_dynamic_task_mapping to 2022-03-04 00:00:00+00:00, run_after=2022-03-05 00:00:00+00:00
[2024-02-26T16:05:26.781+0000] {processor.py:183} INFO - Processing /home/airflow/.local/lib/python3.11/site-packages/airflow/example_dags/example_dynamic_task_mapping.py took 0.062 seconds
[2024-02-26T16:05:57.425+0000] {processor.py:161} INFO - Started process (PID=8821) to work on /home/airflow/.local/lib/python3.11/site-packages/airflow/example_dags/example_dynamic_task_mapping.py
[2024-02-26T16:05:57.427+0000] {processor.py:830} INFO - Processing file /home/airflow/.local/lib/python3.11/site-packages/airflow/example_dags/example_dynamic_task_mapping.py for tasks to queue
[2024-02-26T16:05:57.429+0000] {logging_mixin.py:188} INFO - [2024-02-26T16:05:57.428+0000] {dagbag.py:540} INFO - Filling up the DagBag from /home/airflow/.local/lib/python3.11/site-packages/airflow/example_dags/example_dynamic_task_mapping.py
[2024-02-26T16:05:57.438+0000] {processor.py:840} INFO - DAG(s) 'example_dynamic_task_mapping' retrieved from /home/airflow/.local/lib/python3.11/site-packages/airflow/example_dags/example_dynamic_task_mapping.py
[2024-02-26T16:05:57.459+0000] {logging_mixin.py:188} INFO - [2024-02-26T16:05:57.459+0000] {dag.py:3047} INFO - Sync 1 DAGs
[2024-02-26T16:05:57.474+0000] {logging_mixin.py:188} INFO - [2024-02-26T16:05:57.474+0000] {dag.py:3834} INFO - Setting next_dagrun for example_dynamic_task_mapping to 2022-03-04 00:00:00+00:00, run_after=2022-03-05 00:00:00+00:00
[2024-02-26T16:05:57.485+0000] {processor.py:183} INFO - Processing /home/airflow/.local/lib/python3.11/site-packages/airflow/example_dags/example_dynamic_task_mapping.py took 0.064 seconds
[2024-02-26T16:06:28.325+0000] {processor.py:161} INFO - Started process (PID=9074) to work on /home/airflow/.local/lib/python3.11/site-packages/airflow/example_dags/example_dynamic_task_mapping.py
[2024-02-26T16:06:28.327+0000] {processor.py:830} INFO - Processing file /home/airflow/.local/lib/python3.11/site-packages/airflow/example_dags/example_dynamic_task_mapping.py for tasks to queue
[2024-02-26T16:06:28.333+0000] {logging_mixin.py:188} INFO - [2024-02-26T16:06:28.332+0000] {dagbag.py:540} INFO - Filling up the DagBag from /home/airflow/.local/lib/python3.11/site-packages/airflow/example_dags/example_dynamic_task_mapping.py
[2024-02-26T16:06:28.342+0000] {processor.py:840} INFO - DAG(s) 'example_dynamic_task_mapping' retrieved from /home/airflow/.local/lib/python3.11/site-packages/airflow/example_dags/example_dynamic_task_mapping.py
[2024-02-26T16:06:28.359+0000] {logging_mixin.py:188} INFO - [2024-02-26T16:06:28.359+0000] {dag.py:3047} INFO - Sync 1 DAGs
[2024-02-26T16:06:28.375+0000] {logging_mixin.py:188} INFO - [2024-02-26T16:06:28.375+0000] {dag.py:3834} INFO - Setting next_dagrun for example_dynamic_task_mapping to 2022-03-04 00:00:00+00:00, run_after=2022-03-05 00:00:00+00:00
[2024-02-26T16:06:28.388+0000] {processor.py:183} INFO - Processing /home/airflow/.local/lib/python3.11/site-packages/airflow/example_dags/example_dynamic_task_mapping.py took 0.068 seconds
[2024-02-26T16:06:59.203+0000] {processor.py:161} INFO - Started process (PID=9321) to work on /home/airflow/.local/lib/python3.11/site-packages/airflow/example_dags/example_dynamic_task_mapping.py
[2024-02-26T16:06:59.205+0000] {processor.py:830} INFO - Processing file /home/airflow/.local/lib/python3.11/site-packages/airflow/example_dags/example_dynamic_task_mapping.py for tasks to queue
[2024-02-26T16:06:59.207+0000] {logging_mixin.py:188} INFO - [2024-02-26T16:06:59.207+0000] {dagbag.py:540} INFO - Filling up the DagBag from /home/airflow/.local/lib/python3.11/site-packages/airflow/example_dags/example_dynamic_task_mapping.py
[2024-02-26T16:06:59.215+0000] {processor.py:840} INFO - DAG(s) 'example_dynamic_task_mapping' retrieved from /home/airflow/.local/lib/python3.11/site-packages/airflow/example_dags/example_dynamic_task_mapping.py
[2024-02-26T16:06:59.232+0000] {logging_mixin.py:188} INFO - [2024-02-26T16:06:59.232+0000] {dag.py:3047} INFO - Sync 1 DAGs
[2024-02-26T16:06:59.247+0000] {logging_mixin.py:188} INFO - [2024-02-26T16:06:59.247+0000] {dag.py:3834} INFO - Setting next_dagrun for example_dynamic_task_mapping to 2022-03-04 00:00:00+00:00, run_after=2022-03-05 00:00:00+00:00
[2024-02-26T16:06:59.259+0000] {processor.py:183} INFO - Processing /home/airflow/.local/lib/python3.11/site-packages/airflow/example_dags/example_dynamic_task_mapping.py took 0.060 seconds
[2024-02-26T16:07:29.429+0000] {processor.py:161} INFO - Started process (PID=9568) to work on /home/airflow/.local/lib/python3.11/site-packages/airflow/example_dags/example_dynamic_task_mapping.py
[2024-02-26T16:07:29.431+0000] {processor.py:830} INFO - Processing file /home/airflow/.local/lib/python3.11/site-packages/airflow/example_dags/example_dynamic_task_mapping.py for tasks to queue
[2024-02-26T16:07:29.432+0000] {logging_mixin.py:188} INFO - [2024-02-26T16:07:29.432+0000] {dagbag.py:540} INFO - Filling up the DagBag from /home/airflow/.local/lib/python3.11/site-packages/airflow/example_dags/example_dynamic_task_mapping.py
[2024-02-26T16:07:29.439+0000] {processor.py:840} INFO - DAG(s) 'example_dynamic_task_mapping' retrieved from /home/airflow/.local/lib/python3.11/site-packages/airflow/example_dags/example_dynamic_task_mapping.py
[2024-02-26T16:07:29.458+0000] {logging_mixin.py:188} INFO - [2024-02-26T16:07:29.458+0000] {dag.py:3047} INFO - Sync 1 DAGs
[2024-02-26T16:07:29.472+0000] {logging_mixin.py:188} INFO - [2024-02-26T16:07:29.472+0000] {dag.py:3834} INFO - Setting next_dagrun for example_dynamic_task_mapping to 2022-03-04 00:00:00+00:00, run_after=2022-03-05 00:00:00+00:00
[2024-02-26T16:07:29.484+0000] {processor.py:183} INFO - Processing /home/airflow/.local/lib/python3.11/site-packages/airflow/example_dags/example_dynamic_task_mapping.py took 0.057 seconds
[2024-02-26T16:07:59.660+0000] {processor.py:161} INFO - Started process (PID=9815) to work on /home/airflow/.local/lib/python3.11/site-packages/airflow/example_dags/example_dynamic_task_mapping.py
[2024-02-26T16:07:59.666+0000] {processor.py:830} INFO - Processing file /home/airflow/.local/lib/python3.11/site-packages/airflow/example_dags/example_dynamic_task_mapping.py for tasks to queue
[2024-02-26T16:07:59.668+0000] {logging_mixin.py:188} INFO - [2024-02-26T16:07:59.667+0000] {dagbag.py:540} INFO - Filling up the DagBag from /home/airflow/.local/lib/python3.11/site-packages/airflow/example_dags/example_dynamic_task_mapping.py
[2024-02-26T16:07:59.676+0000] {processor.py:840} INFO - DAG(s) 'example_dynamic_task_mapping' retrieved from /home/airflow/.local/lib/python3.11/site-packages/airflow/example_dags/example_dynamic_task_mapping.py
[2024-02-26T16:07:59.695+0000] {logging_mixin.py:188} INFO - [2024-02-26T16:07:59.695+0000] {dag.py:3047} INFO - Sync 1 DAGs
[2024-02-26T16:07:59.709+0000] {logging_mixin.py:188} INFO - [2024-02-26T16:07:59.709+0000] {dag.py:3834} INFO - Setting next_dagrun for example_dynamic_task_mapping to 2022-03-04 00:00:00+00:00, run_after=2022-03-05 00:00:00+00:00
[2024-02-26T16:07:59.721+0000] {processor.py:183} INFO - Processing /home/airflow/.local/lib/python3.11/site-packages/airflow/example_dags/example_dynamic_task_mapping.py took 0.064 seconds
[2024-02-26T16:08:29.806+0000] {processor.py:161} INFO - Started process (PID=10062) to work on /home/airflow/.local/lib/python3.11/site-packages/airflow/example_dags/example_dynamic_task_mapping.py
[2024-02-26T16:08:29.807+0000] {processor.py:830} INFO - Processing file /home/airflow/.local/lib/python3.11/site-packages/airflow/example_dags/example_dynamic_task_mapping.py for tasks to queue
[2024-02-26T16:08:29.808+0000] {logging_mixin.py:188} INFO - [2024-02-26T16:08:29.808+0000] {dagbag.py:540} INFO - Filling up the DagBag from /home/airflow/.local/lib/python3.11/site-packages/airflow/example_dags/example_dynamic_task_mapping.py
[2024-02-26T16:08:29.815+0000] {processor.py:840} INFO - DAG(s) 'example_dynamic_task_mapping' retrieved from /home/airflow/.local/lib/python3.11/site-packages/airflow/example_dags/example_dynamic_task_mapping.py
[2024-02-26T16:08:29.833+0000] {logging_mixin.py:188} INFO - [2024-02-26T16:08:29.833+0000] {dag.py:3047} INFO - Sync 1 DAGs
[2024-02-26T16:08:29.848+0000] {logging_mixin.py:188} INFO - [2024-02-26T16:08:29.848+0000] {dag.py:3834} INFO - Setting next_dagrun for example_dynamic_task_mapping to 2022-03-04 00:00:00+00:00, run_after=2022-03-05 00:00:00+00:00
[2024-02-26T16:08:29.860+0000] {processor.py:183} INFO - Processing /home/airflow/.local/lib/python3.11/site-packages/airflow/example_dags/example_dynamic_task_mapping.py took 0.057 seconds
[2024-02-26T16:09:00.271+0000] {processor.py:161} INFO - Started process (PID=10309) to work on /home/airflow/.local/lib/python3.11/site-packages/airflow/example_dags/example_dynamic_task_mapping.py
[2024-02-26T16:09:00.272+0000] {processor.py:830} INFO - Processing file /home/airflow/.local/lib/python3.11/site-packages/airflow/example_dags/example_dynamic_task_mapping.py for tasks to queue
[2024-02-26T16:09:00.274+0000] {logging_mixin.py:188} INFO - [2024-02-26T16:09:00.273+0000] {dagbag.py:540} INFO - Filling up the DagBag from /home/airflow/.local/lib/python3.11/site-packages/airflow/example_dags/example_dynamic_task_mapping.py
[2024-02-26T16:09:00.280+0000] {processor.py:840} INFO - DAG(s) 'example_dynamic_task_mapping' retrieved from /home/airflow/.local/lib/python3.11/site-packages/airflow/example_dags/example_dynamic_task_mapping.py
[2024-02-26T16:09:00.299+0000] {logging_mixin.py:188} INFO - [2024-02-26T16:09:00.299+0000] {dag.py:3047} INFO - Sync 1 DAGs
[2024-02-26T16:09:00.314+0000] {logging_mixin.py:188} INFO - [2024-02-26T16:09:00.314+0000] {dag.py:3834} INFO - Setting next_dagrun for example_dynamic_task_mapping to 2022-03-04 00:00:00+00:00, run_after=2022-03-05 00:00:00+00:00
[2024-02-26T16:09:00.325+0000] {processor.py:183} INFO - Processing /home/airflow/.local/lib/python3.11/site-packages/airflow/example_dags/example_dynamic_task_mapping.py took 0.057 seconds
[2024-02-26T16:09:30.443+0000] {processor.py:161} INFO - Started process (PID=10556) to work on /home/airflow/.local/lib/python3.11/site-packages/airflow/example_dags/example_dynamic_task_mapping.py
[2024-02-26T16:09:30.447+0000] {processor.py:830} INFO - Processing file /home/airflow/.local/lib/python3.11/site-packages/airflow/example_dags/example_dynamic_task_mapping.py for tasks to queue
[2024-02-26T16:09:30.448+0000] {logging_mixin.py:188} INFO - [2024-02-26T16:09:30.448+0000] {dagbag.py:540} INFO - Filling up the DagBag from /home/airflow/.local/lib/python3.11/site-packages/airflow/example_dags/example_dynamic_task_mapping.py
[2024-02-26T16:09:30.455+0000] {processor.py:840} INFO - DAG(s) 'example_dynamic_task_mapping' retrieved from /home/airflow/.local/lib/python3.11/site-packages/airflow/example_dags/example_dynamic_task_mapping.py
[2024-02-26T16:09:30.474+0000] {logging_mixin.py:188} INFO - [2024-02-26T16:09:30.474+0000] {dag.py:3047} INFO - Sync 1 DAGs
[2024-02-26T16:09:30.490+0000] {logging_mixin.py:188} INFO - [2024-02-26T16:09:30.490+0000] {dag.py:3834} INFO - Setting next_dagrun for example_dynamic_task_mapping to 2022-03-04 00:00:00+00:00, run_after=2022-03-05 00:00:00+00:00
[2024-02-26T16:09:30.501+0000] {processor.py:183} INFO - Processing /home/airflow/.local/lib/python3.11/site-packages/airflow/example_dags/example_dynamic_task_mapping.py took 0.062 seconds
[2024-02-26T16:10:00.561+0000] {processor.py:161} INFO - Started process (PID=10803) to work on /home/airflow/.local/lib/python3.11/site-packages/airflow/example_dags/example_dynamic_task_mapping.py
[2024-02-26T16:10:00.563+0000] {processor.py:830} INFO - Processing file /home/airflow/.local/lib/python3.11/site-packages/airflow/example_dags/example_dynamic_task_mapping.py for tasks to queue
[2024-02-26T16:10:00.564+0000] {logging_mixin.py:188} INFO - [2024-02-26T16:10:00.564+0000] {dagbag.py:540} INFO - Filling up the DagBag from /home/airflow/.local/lib/python3.11/site-packages/airflow/example_dags/example_dynamic_task_mapping.py
[2024-02-26T16:10:00.572+0000] {processor.py:840} INFO - DAG(s) 'example_dynamic_task_mapping' retrieved from /home/airflow/.local/lib/python3.11/site-packages/airflow/example_dags/example_dynamic_task_mapping.py
[2024-02-26T16:10:00.591+0000] {logging_mixin.py:188} INFO - [2024-02-26T16:10:00.591+0000] {dag.py:3047} INFO - Sync 1 DAGs
[2024-02-26T16:10:00.608+0000] {logging_mixin.py:188} INFO - [2024-02-26T16:10:00.608+0000] {dag.py:3834} INFO - Setting next_dagrun for example_dynamic_task_mapping to 2022-03-04 00:00:00+00:00, run_after=2022-03-05 00:00:00+00:00
[2024-02-26T16:10:00.621+0000] {processor.py:183} INFO - Processing /home/airflow/.local/lib/python3.11/site-packages/airflow/example_dags/example_dynamic_task_mapping.py took 0.063 seconds
[2024-02-26T16:10:30.794+0000] {processor.py:161} INFO - Started process (PID=11050) to work on /home/airflow/.local/lib/python3.11/site-packages/airflow/example_dags/example_dynamic_task_mapping.py
[2024-02-26T16:10:30.796+0000] {processor.py:830} INFO - Processing file /home/airflow/.local/lib/python3.11/site-packages/airflow/example_dags/example_dynamic_task_mapping.py for tasks to queue
[2024-02-26T16:10:30.798+0000] {logging_mixin.py:188} INFO - [2024-02-26T16:10:30.797+0000] {dagbag.py:540} INFO - Filling up the DagBag from /home/airflow/.local/lib/python3.11/site-packages/airflow/example_dags/example_dynamic_task_mapping.py
[2024-02-26T16:10:30.807+0000] {processor.py:840} INFO - DAG(s) 'example_dynamic_task_mapping' retrieved from /home/airflow/.local/lib/python3.11/site-packages/airflow/example_dags/example_dynamic_task_mapping.py
[2024-02-26T16:10:30.826+0000] {logging_mixin.py:188} INFO - [2024-02-26T16:10:30.826+0000] {dag.py:3047} INFO - Sync 1 DAGs
[2024-02-26T16:10:30.841+0000] {logging_mixin.py:188} INFO - [2024-02-26T16:10:30.841+0000] {dag.py:3834} INFO - Setting next_dagrun for example_dynamic_task_mapping to 2022-03-04 00:00:00+00:00, run_after=2022-03-05 00:00:00+00:00
[2024-02-26T16:10:30.853+0000] {processor.py:183} INFO - Processing /home/airflow/.local/lib/python3.11/site-packages/airflow/example_dags/example_dynamic_task_mapping.py took 0.062 seconds
[2024-02-26T16:11:01.209+0000] {processor.py:161} INFO - Started process (PID=11297) to work on /home/airflow/.local/lib/python3.11/site-packages/airflow/example_dags/example_dynamic_task_mapping.py
[2024-02-26T16:11:01.211+0000] {processor.py:830} INFO - Processing file /home/airflow/.local/lib/python3.11/site-packages/airflow/example_dags/example_dynamic_task_mapping.py for tasks to queue
[2024-02-26T16:11:01.213+0000] {logging_mixin.py:188} INFO - [2024-02-26T16:11:01.213+0000] {dagbag.py:540} INFO - Filling up the DagBag from /home/airflow/.local/lib/python3.11/site-packages/airflow/example_dags/example_dynamic_task_mapping.py
[2024-02-26T16:11:01.221+0000] {processor.py:840} INFO - DAG(s) 'example_dynamic_task_mapping' retrieved from /home/airflow/.local/lib/python3.11/site-packages/airflow/example_dags/example_dynamic_task_mapping.py
[2024-02-26T16:11:01.241+0000] {logging_mixin.py:188} INFO - [2024-02-26T16:11:01.241+0000] {dag.py:3047} INFO - Sync 1 DAGs
[2024-02-26T16:11:01.256+0000] {logging_mixin.py:188} INFO - [2024-02-26T16:11:01.256+0000] {dag.py:3834} INFO - Setting next_dagrun for example_dynamic_task_mapping to 2022-03-04 00:00:00+00:00, run_after=2022-03-05 00:00:00+00:00
[2024-02-26T16:11:01.269+0000] {processor.py:183} INFO - Processing /home/airflow/.local/lib/python3.11/site-packages/airflow/example_dags/example_dynamic_task_mapping.py took 0.063 seconds
[2024-02-26T16:11:31.353+0000] {processor.py:161} INFO - Started process (PID=11544) to work on /home/airflow/.local/lib/python3.11/site-packages/airflow/example_dags/example_dynamic_task_mapping.py
[2024-02-26T16:11:31.355+0000] {processor.py:830} INFO - Processing file /home/airflow/.local/lib/python3.11/site-packages/airflow/example_dags/example_dynamic_task_mapping.py for tasks to queue
[2024-02-26T16:11:31.356+0000] {logging_mixin.py:188} INFO - [2024-02-26T16:11:31.356+0000] {dagbag.py:540} INFO - Filling up the DagBag from /home/airflow/.local/lib/python3.11/site-packages/airflow/example_dags/example_dynamic_task_mapping.py
[2024-02-26T16:11:31.364+0000] {processor.py:840} INFO - DAG(s) 'example_dynamic_task_mapping' retrieved from /home/airflow/.local/lib/python3.11/site-packages/airflow/example_dags/example_dynamic_task_mapping.py
[2024-02-26T16:11:31.382+0000] {logging_mixin.py:188} INFO - [2024-02-26T16:11:31.382+0000] {dag.py:3047} INFO - Sync 1 DAGs
[2024-02-26T16:11:31.399+0000] {logging_mixin.py:188} INFO - [2024-02-26T16:11:31.399+0000] {dag.py:3834} INFO - Setting next_dagrun for example_dynamic_task_mapping to 2022-03-04 00:00:00+00:00, run_after=2022-03-05 00:00:00+00:00
[2024-02-26T16:11:31.412+0000] {processor.py:183} INFO - Processing /home/airflow/.local/lib/python3.11/site-packages/airflow/example_dags/example_dynamic_task_mapping.py took 0.062 seconds
[2024-02-26T16:12:01.486+0000] {processor.py:161} INFO - Started process (PID=11791) to work on /home/airflow/.local/lib/python3.11/site-packages/airflow/example_dags/example_dynamic_task_mapping.py
[2024-02-26T16:12:01.488+0000] {processor.py:830} INFO - Processing file /home/airflow/.local/lib/python3.11/site-packages/airflow/example_dags/example_dynamic_task_mapping.py for tasks to queue
[2024-02-26T16:12:01.490+0000] {logging_mixin.py:188} INFO - [2024-02-26T16:12:01.489+0000] {dagbag.py:540} INFO - Filling up the DagBag from /home/airflow/.local/lib/python3.11/site-packages/airflow/example_dags/example_dynamic_task_mapping.py
[2024-02-26T16:12:01.497+0000] {processor.py:840} INFO - DAG(s) 'example_dynamic_task_mapping' retrieved from /home/airflow/.local/lib/python3.11/site-packages/airflow/example_dags/example_dynamic_task_mapping.py
[2024-02-26T16:12:01.516+0000] {logging_mixin.py:188} INFO - [2024-02-26T16:12:01.515+0000] {dag.py:3047} INFO - Sync 1 DAGs
[2024-02-26T16:12:01.531+0000] {logging_mixin.py:188} INFO - [2024-02-26T16:12:01.531+0000] {dag.py:3834} INFO - Setting next_dagrun for example_dynamic_task_mapping to 2022-03-04 00:00:00+00:00, run_after=2022-03-05 00:00:00+00:00
[2024-02-26T16:12:01.542+0000] {processor.py:183} INFO - Processing /home/airflow/.local/lib/python3.11/site-packages/airflow/example_dags/example_dynamic_task_mapping.py took 0.059 seconds
[2024-02-26T16:12:31.659+0000] {processor.py:161} INFO - Started process (PID=12039) to work on /home/airflow/.local/lib/python3.11/site-packages/airflow/example_dags/example_dynamic_task_mapping.py
[2024-02-26T16:12:31.661+0000] {processor.py:830} INFO - Processing file /home/airflow/.local/lib/python3.11/site-packages/airflow/example_dags/example_dynamic_task_mapping.py for tasks to queue
[2024-02-26T16:12:31.664+0000] {logging_mixin.py:188} INFO - [2024-02-26T16:12:31.664+0000] {dagbag.py:540} INFO - Filling up the DagBag from /home/airflow/.local/lib/python3.11/site-packages/airflow/example_dags/example_dynamic_task_mapping.py
[2024-02-26T16:12:31.671+0000] {processor.py:840} INFO - DAG(s) 'example_dynamic_task_mapping' retrieved from /home/airflow/.local/lib/python3.11/site-packages/airflow/example_dags/example_dynamic_task_mapping.py
[2024-02-26T16:12:31.690+0000] {logging_mixin.py:188} INFO - [2024-02-26T16:12:31.690+0000] {dag.py:3047} INFO - Sync 1 DAGs
[2024-02-26T16:12:31.704+0000] {logging_mixin.py:188} INFO - [2024-02-26T16:12:31.704+0000] {dag.py:3834} INFO - Setting next_dagrun for example_dynamic_task_mapping to 2022-03-04 00:00:00+00:00, run_after=2022-03-05 00:00:00+00:00
[2024-02-26T16:12:31.715+0000] {processor.py:183} INFO - Processing /home/airflow/.local/lib/python3.11/site-packages/airflow/example_dags/example_dynamic_task_mapping.py took 0.059 seconds
[2024-02-26T16:13:01.876+0000] {processor.py:161} INFO - Started process (PID=12288) to work on /home/airflow/.local/lib/python3.11/site-packages/airflow/example_dags/example_dynamic_task_mapping.py
[2024-02-26T16:13:01.882+0000] {processor.py:830} INFO - Processing file /home/airflow/.local/lib/python3.11/site-packages/airflow/example_dags/example_dynamic_task_mapping.py for tasks to queue
[2024-02-26T16:13:01.883+0000] {logging_mixin.py:188} INFO - [2024-02-26T16:13:01.883+0000] {dagbag.py:540} INFO - Filling up the DagBag from /home/airflow/.local/lib/python3.11/site-packages/airflow/example_dags/example_dynamic_task_mapping.py
[2024-02-26T16:13:01.889+0000] {processor.py:840} INFO - DAG(s) 'example_dynamic_task_mapping' retrieved from /home/airflow/.local/lib/python3.11/site-packages/airflow/example_dags/example_dynamic_task_mapping.py
[2024-02-26T16:13:01.907+0000] {logging_mixin.py:188} INFO - [2024-02-26T16:13:01.907+0000] {dag.py:3047} INFO - Sync 1 DAGs
[2024-02-26T16:13:01.920+0000] {logging_mixin.py:188} INFO - [2024-02-26T16:13:01.920+0000] {dag.py:3834} INFO - Setting next_dagrun for example_dynamic_task_mapping to 2022-03-04 00:00:00+00:00, run_after=2022-03-05 00:00:00+00:00
[2024-02-26T16:13:01.931+0000] {processor.py:183} INFO - Processing /home/airflow/.local/lib/python3.11/site-packages/airflow/example_dags/example_dynamic_task_mapping.py took 0.058 seconds
[2024-02-26T16:13:31.970+0000] {processor.py:161} INFO - Started process (PID=12534) to work on /home/airflow/.local/lib/python3.11/site-packages/airflow/example_dags/example_dynamic_task_mapping.py
[2024-02-26T16:13:31.972+0000] {processor.py:830} INFO - Processing file /home/airflow/.local/lib/python3.11/site-packages/airflow/example_dags/example_dynamic_task_mapping.py for tasks to queue
[2024-02-26T16:13:31.973+0000] {logging_mixin.py:188} INFO - [2024-02-26T16:13:31.973+0000] {dagbag.py:540} INFO - Filling up the DagBag from /home/airflow/.local/lib/python3.11/site-packages/airflow/example_dags/example_dynamic_task_mapping.py
[2024-02-26T16:13:31.980+0000] {processor.py:840} INFO - DAG(s) 'example_dynamic_task_mapping' retrieved from /home/airflow/.local/lib/python3.11/site-packages/airflow/example_dags/example_dynamic_task_mapping.py
[2024-02-26T16:13:31.999+0000] {logging_mixin.py:188} INFO - [2024-02-26T16:13:31.998+0000] {dag.py:3047} INFO - Sync 1 DAGs
[2024-02-26T16:13:32.016+0000] {logging_mixin.py:188} INFO - [2024-02-26T16:13:32.016+0000] {dag.py:3834} INFO - Setting next_dagrun for example_dynamic_task_mapping to 2022-03-04 00:00:00+00:00, run_after=2022-03-05 00:00:00+00:00
[2024-02-26T16:13:32.027+0000] {processor.py:183} INFO - Processing /home/airflow/.local/lib/python3.11/site-packages/airflow/example_dags/example_dynamic_task_mapping.py took 0.060 seconds
[2024-02-26T16:14:02.462+0000] {processor.py:161} INFO - Started process (PID=12780) to work on /home/airflow/.local/lib/python3.11/site-packages/airflow/example_dags/example_dynamic_task_mapping.py
[2024-02-26T16:14:02.464+0000] {processor.py:830} INFO - Processing file /home/airflow/.local/lib/python3.11/site-packages/airflow/example_dags/example_dynamic_task_mapping.py for tasks to queue
[2024-02-26T16:14:02.466+0000] {logging_mixin.py:188} INFO - [2024-02-26T16:14:02.466+0000] {dagbag.py:540} INFO - Filling up the DagBag from /home/airflow/.local/lib/python3.11/site-packages/airflow/example_dags/example_dynamic_task_mapping.py
[2024-02-26T16:14:02.473+0000] {processor.py:840} INFO - DAG(s) 'example_dynamic_task_mapping' retrieved from /home/airflow/.local/lib/python3.11/site-packages/airflow/example_dags/example_dynamic_task_mapping.py
[2024-02-26T16:14:02.493+0000] {logging_mixin.py:188} INFO - [2024-02-26T16:14:02.492+0000] {dag.py:3047} INFO - Sync 1 DAGs
[2024-02-26T16:14:02.506+0000] {logging_mixin.py:188} INFO - [2024-02-26T16:14:02.506+0000] {dag.py:3834} INFO - Setting next_dagrun for example_dynamic_task_mapping to 2022-03-04 00:00:00+00:00, run_after=2022-03-05 00:00:00+00:00
[2024-02-26T16:14:02.518+0000] {processor.py:183} INFO - Processing /home/airflow/.local/lib/python3.11/site-packages/airflow/example_dags/example_dynamic_task_mapping.py took 0.059 seconds
[2024-02-26T16:14:32.761+0000] {processor.py:161} INFO - Started process (PID=13029) to work on /home/airflow/.local/lib/python3.11/site-packages/airflow/example_dags/example_dynamic_task_mapping.py
[2024-02-26T16:14:32.763+0000] {processor.py:830} INFO - Processing file /home/airflow/.local/lib/python3.11/site-packages/airflow/example_dags/example_dynamic_task_mapping.py for tasks to queue
[2024-02-26T16:14:32.764+0000] {logging_mixin.py:188} INFO - [2024-02-26T16:14:32.764+0000] {dagbag.py:540} INFO - Filling up the DagBag from /home/airflow/.local/lib/python3.11/site-packages/airflow/example_dags/example_dynamic_task_mapping.py
[2024-02-26T16:14:32.773+0000] {processor.py:840} INFO - DAG(s) 'example_dynamic_task_mapping' retrieved from /home/airflow/.local/lib/python3.11/site-packages/airflow/example_dags/example_dynamic_task_mapping.py
[2024-02-26T16:14:32.791+0000] {logging_mixin.py:188} INFO - [2024-02-26T16:14:32.791+0000] {dag.py:3047} INFO - Sync 1 DAGs
[2024-02-26T16:14:32.806+0000] {logging_mixin.py:188} INFO - [2024-02-26T16:14:32.806+0000] {dag.py:3834} INFO - Setting next_dagrun for example_dynamic_task_mapping to 2022-03-04 00:00:00+00:00, run_after=2022-03-05 00:00:00+00:00
[2024-02-26T16:14:32.818+0000] {processor.py:183} INFO - Processing /home/airflow/.local/lib/python3.11/site-packages/airflow/example_dags/example_dynamic_task_mapping.py took 0.060 seconds
