[2024-02-26T15:48:35.184+0000] {processor.py:161} INFO - Started process (PID=314) to work on /home/airflow/.local/lib/python3.11/site-packages/airflow/example_dags/example_branch_day_of_week_operator.py
[2024-02-26T15:48:35.186+0000] {processor.py:830} INFO - Processing file /home/airflow/.local/lib/python3.11/site-packages/airflow/example_dags/example_branch_day_of_week_operator.py for tasks to queue
[2024-02-26T15:48:35.188+0000] {logging_mixin.py:188} INFO - [2024-02-26T15:48:35.188+0000] {dagbag.py:540} INFO - Filling up the DagBag from /home/airflow/.local/lib/python3.11/site-packages/airflow/example_dags/example_branch_day_of_week_operator.py
[2024-02-26T15:48:35.198+0000] {processor.py:840} INFO - DAG(s) 'example_weekday_branch_operator' retrieved from /home/airflow/.local/lib/python3.11/site-packages/airflow/example_dags/example_branch_day_of_week_operator.py
[2024-02-26T15:48:35.214+0000] {logging_mixin.py:188} INFO - [2024-02-26T15:48:35.214+0000] {dag.py:3047} INFO - Sync 1 DAGs
[2024-02-26T15:48:35.239+0000] {logging_mixin.py:188} INFO - [2024-02-26T15:48:35.239+0000] {dag.py:3834} INFO - Setting next_dagrun for example_weekday_branch_operator to 2024-02-25 00:00:00+00:00, run_after=2024-02-26 00:00:00+00:00
[2024-02-26T15:48:35.413+0000] {processor.py:183} INFO - Processing /home/airflow/.local/lib/python3.11/site-packages/airflow/example_dags/example_branch_day_of_week_operator.py took 0.231 seconds
[2024-02-26T15:49:05.579+0000] {processor.py:161} INFO - Started process (PID=568) to work on /home/airflow/.local/lib/python3.11/site-packages/airflow/example_dags/example_branch_day_of_week_operator.py
[2024-02-26T15:49:05.580+0000] {processor.py:830} INFO - Processing file /home/airflow/.local/lib/python3.11/site-packages/airflow/example_dags/example_branch_day_of_week_operator.py for tasks to queue
[2024-02-26T15:49:05.582+0000] {logging_mixin.py:188} INFO - [2024-02-26T15:49:05.581+0000] {dagbag.py:540} INFO - Filling up the DagBag from /home/airflow/.local/lib/python3.11/site-packages/airflow/example_dags/example_branch_day_of_week_operator.py
[2024-02-26T15:49:05.590+0000] {processor.py:840} INFO - DAG(s) 'example_weekday_branch_operator' retrieved from /home/airflow/.local/lib/python3.11/site-packages/airflow/example_dags/example_branch_day_of_week_operator.py
[2024-02-26T15:49:05.656+0000] {logging_mixin.py:188} INFO - [2024-02-26T15:49:05.656+0000] {dag.py:3047} INFO - Sync 1 DAGs
[2024-02-26T15:49:05.671+0000] {logging_mixin.py:188} INFO - [2024-02-26T15:49:05.671+0000] {dag.py:3834} INFO - Setting next_dagrun for example_weekday_branch_operator to 2024-02-25 00:00:00+00:00, run_after=2024-02-26 00:00:00+00:00
[2024-02-26T15:49:05.683+0000] {processor.py:183} INFO - Processing /home/airflow/.local/lib/python3.11/site-packages/airflow/example_dags/example_branch_day_of_week_operator.py took 0.107 seconds
[2024-02-26T15:49:36.364+0000] {processor.py:161} INFO - Started process (PID=808) to work on /home/airflow/.local/lib/python3.11/site-packages/airflow/example_dags/example_branch_day_of_week_operator.py
[2024-02-26T15:49:36.369+0000] {processor.py:830} INFO - Processing file /home/airflow/.local/lib/python3.11/site-packages/airflow/example_dags/example_branch_day_of_week_operator.py for tasks to queue
[2024-02-26T15:49:36.371+0000] {logging_mixin.py:188} INFO - [2024-02-26T15:49:36.371+0000] {dagbag.py:540} INFO - Filling up the DagBag from /home/airflow/.local/lib/python3.11/site-packages/airflow/example_dags/example_branch_day_of_week_operator.py
[2024-02-26T15:49:36.380+0000] {processor.py:840} INFO - DAG(s) 'example_weekday_branch_operator' retrieved from /home/airflow/.local/lib/python3.11/site-packages/airflow/example_dags/example_branch_day_of_week_operator.py
[2024-02-26T15:49:36.404+0000] {logging_mixin.py:188} INFO - [2024-02-26T15:49:36.404+0000] {dag.py:3047} INFO - Sync 1 DAGs
[2024-02-26T15:49:36.420+0000] {logging_mixin.py:188} INFO - [2024-02-26T15:49:36.420+0000] {dag.py:3834} INFO - Setting next_dagrun for example_weekday_branch_operator to 2024-02-25 00:00:00+00:00, run_after=2024-02-26 00:00:00+00:00
[2024-02-26T15:49:36.434+0000] {processor.py:183} INFO - Processing /home/airflow/.local/lib/python3.11/site-packages/airflow/example_dags/example_branch_day_of_week_operator.py took 0.074 seconds
[2024-02-26T15:50:07.105+0000] {processor.py:161} INFO - Started process (PID=1056) to work on /home/airflow/.local/lib/python3.11/site-packages/airflow/example_dags/example_branch_day_of_week_operator.py
[2024-02-26T15:50:07.108+0000] {processor.py:830} INFO - Processing file /home/airflow/.local/lib/python3.11/site-packages/airflow/example_dags/example_branch_day_of_week_operator.py for tasks to queue
[2024-02-26T15:50:07.110+0000] {logging_mixin.py:188} INFO - [2024-02-26T15:50:07.110+0000] {dagbag.py:540} INFO - Filling up the DagBag from /home/airflow/.local/lib/python3.11/site-packages/airflow/example_dags/example_branch_day_of_week_operator.py
[2024-02-26T15:50:07.119+0000] {processor.py:840} INFO - DAG(s) 'example_weekday_branch_operator' retrieved from /home/airflow/.local/lib/python3.11/site-packages/airflow/example_dags/example_branch_day_of_week_operator.py
[2024-02-26T15:50:07.139+0000] {logging_mixin.py:188} INFO - [2024-02-26T15:50:07.139+0000] {dag.py:3047} INFO - Sync 1 DAGs
[2024-02-26T15:50:07.154+0000] {logging_mixin.py:188} INFO - [2024-02-26T15:50:07.154+0000] {dag.py:3834} INFO - Setting next_dagrun for example_weekday_branch_operator to 2024-02-25 00:00:00+00:00, run_after=2024-02-26 00:00:00+00:00
[2024-02-26T15:50:07.165+0000] {processor.py:183} INFO - Processing /home/airflow/.local/lib/python3.11/site-packages/airflow/example_dags/example_branch_day_of_week_operator.py took 0.064 seconds
[2024-02-26T15:50:37.486+0000] {processor.py:161} INFO - Started process (PID=1304) to work on /home/airflow/.local/lib/python3.11/site-packages/airflow/example_dags/example_branch_day_of_week_operator.py
[2024-02-26T15:50:37.488+0000] {processor.py:830} INFO - Processing file /home/airflow/.local/lib/python3.11/site-packages/airflow/example_dags/example_branch_day_of_week_operator.py for tasks to queue
[2024-02-26T15:50:37.490+0000] {logging_mixin.py:188} INFO - [2024-02-26T15:50:37.489+0000] {dagbag.py:540} INFO - Filling up the DagBag from /home/airflow/.local/lib/python3.11/site-packages/airflow/example_dags/example_branch_day_of_week_operator.py
[2024-02-26T15:50:37.498+0000] {processor.py:840} INFO - DAG(s) 'example_weekday_branch_operator' retrieved from /home/airflow/.local/lib/python3.11/site-packages/airflow/example_dags/example_branch_day_of_week_operator.py
[2024-02-26T15:50:37.519+0000] {logging_mixin.py:188} INFO - [2024-02-26T15:50:37.518+0000] {dag.py:3047} INFO - Sync 1 DAGs
[2024-02-26T15:50:37.534+0000] {logging_mixin.py:188} INFO - [2024-02-26T15:50:37.534+0000] {dag.py:3834} INFO - Setting next_dagrun for example_weekday_branch_operator to 2024-02-25 00:00:00+00:00, run_after=2024-02-26 00:00:00+00:00
[2024-02-26T15:50:37.545+0000] {processor.py:183} INFO - Processing /home/airflow/.local/lib/python3.11/site-packages/airflow/example_dags/example_branch_day_of_week_operator.py took 0.062 seconds
[2024-02-26T15:51:08.201+0000] {processor.py:161} INFO - Started process (PID=1549) to work on /home/airflow/.local/lib/python3.11/site-packages/airflow/example_dags/example_branch_day_of_week_operator.py
[2024-02-26T15:51:08.203+0000] {processor.py:830} INFO - Processing file /home/airflow/.local/lib/python3.11/site-packages/airflow/example_dags/example_branch_day_of_week_operator.py for tasks to queue
[2024-02-26T15:51:08.204+0000] {logging_mixin.py:188} INFO - [2024-02-26T15:51:08.204+0000] {dagbag.py:540} INFO - Filling up the DagBag from /home/airflow/.local/lib/python3.11/site-packages/airflow/example_dags/example_branch_day_of_week_operator.py
[2024-02-26T15:51:08.211+0000] {processor.py:840} INFO - DAG(s) 'example_weekday_branch_operator' retrieved from /home/airflow/.local/lib/python3.11/site-packages/airflow/example_dags/example_branch_day_of_week_operator.py
[2024-02-26T15:51:08.232+0000] {logging_mixin.py:188} INFO - [2024-02-26T15:51:08.231+0000] {dag.py:3047} INFO - Sync 1 DAGs
[2024-02-26T15:51:08.248+0000] {logging_mixin.py:188} INFO - [2024-02-26T15:51:08.248+0000] {dag.py:3834} INFO - Setting next_dagrun for example_weekday_branch_operator to 2024-02-25 00:00:00+00:00, run_after=2024-02-26 00:00:00+00:00
[2024-02-26T15:51:08.264+0000] {processor.py:183} INFO - Processing /home/airflow/.local/lib/python3.11/site-packages/airflow/example_dags/example_branch_day_of_week_operator.py took 0.066 seconds
[2024-02-26T15:51:39.118+0000] {processor.py:161} INFO - Started process (PID=1796) to work on /home/airflow/.local/lib/python3.11/site-packages/airflow/example_dags/example_branch_day_of_week_operator.py
[2024-02-26T15:51:39.120+0000] {processor.py:830} INFO - Processing file /home/airflow/.local/lib/python3.11/site-packages/airflow/example_dags/example_branch_day_of_week_operator.py for tasks to queue
[2024-02-26T15:51:39.121+0000] {logging_mixin.py:188} INFO - [2024-02-26T15:51:39.121+0000] {dagbag.py:540} INFO - Filling up the DagBag from /home/airflow/.local/lib/python3.11/site-packages/airflow/example_dags/example_branch_day_of_week_operator.py
[2024-02-26T15:51:39.128+0000] {processor.py:840} INFO - DAG(s) 'example_weekday_branch_operator' retrieved from /home/airflow/.local/lib/python3.11/site-packages/airflow/example_dags/example_branch_day_of_week_operator.py
[2024-02-26T15:51:39.149+0000] {logging_mixin.py:188} INFO - [2024-02-26T15:51:39.148+0000] {dag.py:3047} INFO - Sync 1 DAGs
[2024-02-26T15:51:39.164+0000] {logging_mixin.py:188} INFO - [2024-02-26T15:51:39.163+0000] {dag.py:3834} INFO - Setting next_dagrun for example_weekday_branch_operator to 2024-02-25 00:00:00+00:00, run_after=2024-02-26 00:00:00+00:00
[2024-02-26T15:51:39.177+0000] {processor.py:183} INFO - Processing /home/airflow/.local/lib/python3.11/site-packages/airflow/example_dags/example_branch_day_of_week_operator.py took 0.062 seconds
[2024-02-26T15:52:09.984+0000] {processor.py:161} INFO - Started process (PID=2091) to work on /home/airflow/.local/lib/python3.11/site-packages/airflow/example_dags/example_branch_day_of_week_operator.py
[2024-02-26T15:52:09.986+0000] {processor.py:830} INFO - Processing file /home/airflow/.local/lib/python3.11/site-packages/airflow/example_dags/example_branch_day_of_week_operator.py for tasks to queue
[2024-02-26T15:52:09.988+0000] {logging_mixin.py:188} INFO - [2024-02-26T15:52:09.987+0000] {dagbag.py:540} INFO - Filling up the DagBag from /home/airflow/.local/lib/python3.11/site-packages/airflow/example_dags/example_branch_day_of_week_operator.py
[2024-02-26T15:52:09.994+0000] {processor.py:840} INFO - DAG(s) 'example_weekday_branch_operator' retrieved from /home/airflow/.local/lib/python3.11/site-packages/airflow/example_dags/example_branch_day_of_week_operator.py
[2024-02-26T15:52:10.015+0000] {logging_mixin.py:188} INFO - [2024-02-26T15:52:10.015+0000] {dag.py:3047} INFO - Sync 1 DAGs
[2024-02-26T15:52:10.032+0000] {logging_mixin.py:188} INFO - [2024-02-26T15:52:10.032+0000] {dag.py:3834} INFO - Setting next_dagrun for example_weekday_branch_operator to 2024-02-25 00:00:00+00:00, run_after=2024-02-26 00:00:00+00:00
[2024-02-26T15:52:10.045+0000] {processor.py:183} INFO - Processing /home/airflow/.local/lib/python3.11/site-packages/airflow/example_dags/example_branch_day_of_week_operator.py took 0.063 seconds
[2024-02-26T15:52:40.390+0000] {processor.py:161} INFO - Started process (PID=2362) to work on /home/airflow/.local/lib/python3.11/site-packages/airflow/example_dags/example_branch_day_of_week_operator.py
[2024-02-26T15:52:40.391+0000] {processor.py:830} INFO - Processing file /home/airflow/.local/lib/python3.11/site-packages/airflow/example_dags/example_branch_day_of_week_operator.py for tasks to queue
[2024-02-26T15:52:40.393+0000] {logging_mixin.py:188} INFO - [2024-02-26T15:52:40.392+0000] {dagbag.py:540} INFO - Filling up the DagBag from /home/airflow/.local/lib/python3.11/site-packages/airflow/example_dags/example_branch_day_of_week_operator.py
[2024-02-26T15:52:40.399+0000] {processor.py:840} INFO - DAG(s) 'example_weekday_branch_operator' retrieved from /home/airflow/.local/lib/python3.11/site-packages/airflow/example_dags/example_branch_day_of_week_operator.py
[2024-02-26T15:52:40.420+0000] {logging_mixin.py:188} INFO - [2024-02-26T15:52:40.420+0000] {dag.py:3047} INFO - Sync 1 DAGs
[2024-02-26T15:52:40.437+0000] {logging_mixin.py:188} INFO - [2024-02-26T15:52:40.437+0000] {dag.py:3834} INFO - Setting next_dagrun for example_weekday_branch_operator to 2024-02-25 00:00:00+00:00, run_after=2024-02-26 00:00:00+00:00
[2024-02-26T15:52:40.448+0000] {processor.py:183} INFO - Processing /home/airflow/.local/lib/python3.11/site-packages/airflow/example_dags/example_branch_day_of_week_operator.py took 0.061 seconds
[2024-02-26T15:53:11.141+0000] {processor.py:161} INFO - Started process (PID=2609) to work on /home/airflow/.local/lib/python3.11/site-packages/airflow/example_dags/example_branch_day_of_week_operator.py
[2024-02-26T15:53:11.144+0000] {processor.py:830} INFO - Processing file /home/airflow/.local/lib/python3.11/site-packages/airflow/example_dags/example_branch_day_of_week_operator.py for tasks to queue
[2024-02-26T15:53:11.147+0000] {logging_mixin.py:188} INFO - [2024-02-26T15:53:11.146+0000] {dagbag.py:540} INFO - Filling up the DagBag from /home/airflow/.local/lib/python3.11/site-packages/airflow/example_dags/example_branch_day_of_week_operator.py
[2024-02-26T15:53:11.153+0000] {processor.py:840} INFO - DAG(s) 'example_weekday_branch_operator' retrieved from /home/airflow/.local/lib/python3.11/site-packages/airflow/example_dags/example_branch_day_of_week_operator.py
[2024-02-26T15:53:11.173+0000] {logging_mixin.py:188} INFO - [2024-02-26T15:53:11.173+0000] {dag.py:3047} INFO - Sync 1 DAGs
[2024-02-26T15:53:11.190+0000] {logging_mixin.py:188} INFO - [2024-02-26T15:53:11.190+0000] {dag.py:3834} INFO - Setting next_dagrun for example_weekday_branch_operator to 2024-02-25 00:00:00+00:00, run_after=2024-02-26 00:00:00+00:00
[2024-02-26T15:53:11.202+0000] {processor.py:183} INFO - Processing /home/airflow/.local/lib/python3.11/site-packages/airflow/example_dags/example_branch_day_of_week_operator.py took 0.065 seconds
[2024-02-26T15:53:41.961+0000] {processor.py:161} INFO - Started process (PID=2856) to work on /home/airflow/.local/lib/python3.11/site-packages/airflow/example_dags/example_branch_day_of_week_operator.py
[2024-02-26T15:53:41.963+0000] {processor.py:830} INFO - Processing file /home/airflow/.local/lib/python3.11/site-packages/airflow/example_dags/example_branch_day_of_week_operator.py for tasks to queue
[2024-02-26T15:53:41.965+0000] {logging_mixin.py:188} INFO - [2024-02-26T15:53:41.964+0000] {dagbag.py:540} INFO - Filling up the DagBag from /home/airflow/.local/lib/python3.11/site-packages/airflow/example_dags/example_branch_day_of_week_operator.py
[2024-02-26T15:53:41.971+0000] {processor.py:840} INFO - DAG(s) 'example_weekday_branch_operator' retrieved from /home/airflow/.local/lib/python3.11/site-packages/airflow/example_dags/example_branch_day_of_week_operator.py
[2024-02-26T15:53:41.991+0000] {logging_mixin.py:188} INFO - [2024-02-26T15:53:41.991+0000] {dag.py:3047} INFO - Sync 1 DAGs
[2024-02-26T15:53:42.007+0000] {logging_mixin.py:188} INFO - [2024-02-26T15:53:42.007+0000] {dag.py:3834} INFO - Setting next_dagrun for example_weekday_branch_operator to 2024-02-25 00:00:00+00:00, run_after=2024-02-26 00:00:00+00:00
[2024-02-26T15:53:42.020+0000] {processor.py:183} INFO - Processing /home/airflow/.local/lib/python3.11/site-packages/airflow/example_dags/example_branch_day_of_week_operator.py took 0.062 seconds
[2024-02-26T15:54:12.735+0000] {processor.py:161} INFO - Started process (PID=3103) to work on /home/airflow/.local/lib/python3.11/site-packages/airflow/example_dags/example_branch_day_of_week_operator.py
[2024-02-26T15:54:12.736+0000] {processor.py:830} INFO - Processing file /home/airflow/.local/lib/python3.11/site-packages/airflow/example_dags/example_branch_day_of_week_operator.py for tasks to queue
[2024-02-26T15:54:12.738+0000] {logging_mixin.py:188} INFO - [2024-02-26T15:54:12.737+0000] {dagbag.py:540} INFO - Filling up the DagBag from /home/airflow/.local/lib/python3.11/site-packages/airflow/example_dags/example_branch_day_of_week_operator.py
[2024-02-26T15:54:12.745+0000] {processor.py:840} INFO - DAG(s) 'example_weekday_branch_operator' retrieved from /home/airflow/.local/lib/python3.11/site-packages/airflow/example_dags/example_branch_day_of_week_operator.py
[2024-02-26T15:54:12.766+0000] {logging_mixin.py:188} INFO - [2024-02-26T15:54:12.766+0000] {dag.py:3047} INFO - Sync 1 DAGs
[2024-02-26T15:54:12.785+0000] {logging_mixin.py:188} INFO - [2024-02-26T15:54:12.785+0000] {dag.py:3834} INFO - Setting next_dagrun for example_weekday_branch_operator to 2024-02-25 00:00:00+00:00, run_after=2024-02-26 00:00:00+00:00
[2024-02-26T15:54:12.798+0000] {processor.py:183} INFO - Processing /home/airflow/.local/lib/python3.11/site-packages/airflow/example_dags/example_branch_day_of_week_operator.py took 0.066 seconds
[2024-02-26T15:54:43.700+0000] {processor.py:161} INFO - Started process (PID=3350) to work on /home/airflow/.local/lib/python3.11/site-packages/airflow/example_dags/example_branch_day_of_week_operator.py
[2024-02-26T15:54:43.701+0000] {processor.py:830} INFO - Processing file /home/airflow/.local/lib/python3.11/site-packages/airflow/example_dags/example_branch_day_of_week_operator.py for tasks to queue
[2024-02-26T15:54:43.703+0000] {logging_mixin.py:188} INFO - [2024-02-26T15:54:43.702+0000] {dagbag.py:540} INFO - Filling up the DagBag from /home/airflow/.local/lib/python3.11/site-packages/airflow/example_dags/example_branch_day_of_week_operator.py
[2024-02-26T15:54:43.709+0000] {processor.py:840} INFO - DAG(s) 'example_weekday_branch_operator' retrieved from /home/airflow/.local/lib/python3.11/site-packages/airflow/example_dags/example_branch_day_of_week_operator.py
[2024-02-26T15:54:43.730+0000] {logging_mixin.py:188} INFO - [2024-02-26T15:54:43.730+0000] {dag.py:3047} INFO - Sync 1 DAGs
[2024-02-26T15:54:43.745+0000] {logging_mixin.py:188} INFO - [2024-02-26T15:54:43.745+0000] {dag.py:3834} INFO - Setting next_dagrun for example_weekday_branch_operator to 2024-02-25 00:00:00+00:00, run_after=2024-02-26 00:00:00+00:00
[2024-02-26T15:54:43.756+0000] {processor.py:183} INFO - Processing /home/airflow/.local/lib/python3.11/site-packages/airflow/example_dags/example_branch_day_of_week_operator.py took 0.060 seconds
[2024-02-26T15:55:14.596+0000] {processor.py:161} INFO - Started process (PID=3596) to work on /home/airflow/.local/lib/python3.11/site-packages/airflow/example_dags/example_branch_day_of_week_operator.py
[2024-02-26T15:55:14.598+0000] {processor.py:830} INFO - Processing file /home/airflow/.local/lib/python3.11/site-packages/airflow/example_dags/example_branch_day_of_week_operator.py for tasks to queue
[2024-02-26T15:55:14.600+0000] {logging_mixin.py:188} INFO - [2024-02-26T15:55:14.599+0000] {dagbag.py:540} INFO - Filling up the DagBag from /home/airflow/.local/lib/python3.11/site-packages/airflow/example_dags/example_branch_day_of_week_operator.py
[2024-02-26T15:55:14.606+0000] {processor.py:840} INFO - DAG(s) 'example_weekday_branch_operator' retrieved from /home/airflow/.local/lib/python3.11/site-packages/airflow/example_dags/example_branch_day_of_week_operator.py
[2024-02-26T15:55:14.628+0000] {logging_mixin.py:188} INFO - [2024-02-26T15:55:14.628+0000] {dag.py:3047} INFO - Sync 1 DAGs
[2024-02-26T15:55:14.647+0000] {logging_mixin.py:188} INFO - [2024-02-26T15:55:14.647+0000] {dag.py:3834} INFO - Setting next_dagrun for example_weekday_branch_operator to 2024-02-25 00:00:00+00:00, run_after=2024-02-26 00:00:00+00:00
[2024-02-26T15:55:14.658+0000] {processor.py:183} INFO - Processing /home/airflow/.local/lib/python3.11/site-packages/airflow/example_dags/example_branch_day_of_week_operator.py took 0.065 seconds
[2024-02-26T15:55:45.696+0000] {processor.py:161} INFO - Started process (PID=3843) to work on /home/airflow/.local/lib/python3.11/site-packages/airflow/example_dags/example_branch_day_of_week_operator.py
[2024-02-26T15:55:45.701+0000] {processor.py:830} INFO - Processing file /home/airflow/.local/lib/python3.11/site-packages/airflow/example_dags/example_branch_day_of_week_operator.py for tasks to queue
[2024-02-26T15:55:45.705+0000] {logging_mixin.py:188} INFO - [2024-02-26T15:55:45.704+0000] {dagbag.py:540} INFO - Filling up the DagBag from /home/airflow/.local/lib/python3.11/site-packages/airflow/example_dags/example_branch_day_of_week_operator.py
[2024-02-26T15:55:45.716+0000] {processor.py:840} INFO - DAG(s) 'example_weekday_branch_operator' retrieved from /home/airflow/.local/lib/python3.11/site-packages/airflow/example_dags/example_branch_day_of_week_operator.py
[2024-02-26T15:55:45.743+0000] {logging_mixin.py:188} INFO - [2024-02-26T15:55:45.743+0000] {dag.py:3047} INFO - Sync 1 DAGs
[2024-02-26T15:55:45.774+0000] {logging_mixin.py:188} INFO - [2024-02-26T15:55:45.773+0000] {dag.py:3834} INFO - Setting next_dagrun for example_weekday_branch_operator to 2024-02-25 00:00:00+00:00, run_after=2024-02-26 00:00:00+00:00
[2024-02-26T15:55:45.799+0000] {processor.py:183} INFO - Processing /home/airflow/.local/lib/python3.11/site-packages/airflow/example_dags/example_branch_day_of_week_operator.py took 0.106 seconds
[2024-02-26T15:56:15.886+0000] {processor.py:161} INFO - Started process (PID=4092) to work on /home/airflow/.local/lib/python3.11/site-packages/airflow/example_dags/example_branch_day_of_week_operator.py
[2024-02-26T15:56:15.888+0000] {processor.py:830} INFO - Processing file /home/airflow/.local/lib/python3.11/site-packages/airflow/example_dags/example_branch_day_of_week_operator.py for tasks to queue
[2024-02-26T15:56:15.889+0000] {logging_mixin.py:188} INFO - [2024-02-26T15:56:15.889+0000] {dagbag.py:540} INFO - Filling up the DagBag from /home/airflow/.local/lib/python3.11/site-packages/airflow/example_dags/example_branch_day_of_week_operator.py
[2024-02-26T15:56:15.895+0000] {processor.py:840} INFO - DAG(s) 'example_weekday_branch_operator' retrieved from /home/airflow/.local/lib/python3.11/site-packages/airflow/example_dags/example_branch_day_of_week_operator.py
[2024-02-26T15:56:15.914+0000] {logging_mixin.py:188} INFO - [2024-02-26T15:56:15.914+0000] {dag.py:3047} INFO - Sync 1 DAGs
[2024-02-26T15:56:15.927+0000] {logging_mixin.py:188} INFO - [2024-02-26T15:56:15.927+0000] {dag.py:3834} INFO - Setting next_dagrun for example_weekday_branch_operator to 2024-02-25 00:00:00+00:00, run_after=2024-02-26 00:00:00+00:00
[2024-02-26T15:56:15.937+0000] {processor.py:183} INFO - Processing /home/airflow/.local/lib/python3.11/site-packages/airflow/example_dags/example_branch_day_of_week_operator.py took 0.054 seconds
[2024-02-26T15:56:46.334+0000] {processor.py:161} INFO - Started process (PID=4338) to work on /home/airflow/.local/lib/python3.11/site-packages/airflow/example_dags/example_branch_day_of_week_operator.py
[2024-02-26T15:56:46.337+0000] {processor.py:830} INFO - Processing file /home/airflow/.local/lib/python3.11/site-packages/airflow/example_dags/example_branch_day_of_week_operator.py for tasks to queue
[2024-02-26T15:56:46.340+0000] {logging_mixin.py:188} INFO - [2024-02-26T15:56:46.339+0000] {dagbag.py:540} INFO - Filling up the DagBag from /home/airflow/.local/lib/python3.11/site-packages/airflow/example_dags/example_branch_day_of_week_operator.py
[2024-02-26T15:56:46.350+0000] {processor.py:840} INFO - DAG(s) 'example_weekday_branch_operator' retrieved from /home/airflow/.local/lib/python3.11/site-packages/airflow/example_dags/example_branch_day_of_week_operator.py
[2024-02-26T15:56:46.379+0000] {logging_mixin.py:188} INFO - [2024-02-26T15:56:46.379+0000] {dag.py:3047} INFO - Sync 1 DAGs
[2024-02-26T15:56:46.398+0000] {logging_mixin.py:188} INFO - [2024-02-26T15:56:46.398+0000] {dag.py:3834} INFO - Setting next_dagrun for example_weekday_branch_operator to 2024-02-25 00:00:00+00:00, run_after=2024-02-26 00:00:00+00:00
[2024-02-26T15:56:46.415+0000] {processor.py:183} INFO - Processing /home/airflow/.local/lib/python3.11/site-packages/airflow/example_dags/example_branch_day_of_week_operator.py took 0.088 seconds
[2024-02-26T15:57:16.632+0000] {processor.py:161} INFO - Started process (PID=4585) to work on /home/airflow/.local/lib/python3.11/site-packages/airflow/example_dags/example_branch_day_of_week_operator.py
[2024-02-26T15:57:16.635+0000] {processor.py:830} INFO - Processing file /home/airflow/.local/lib/python3.11/site-packages/airflow/example_dags/example_branch_day_of_week_operator.py for tasks to queue
[2024-02-26T15:57:16.637+0000] {logging_mixin.py:188} INFO - [2024-02-26T15:57:16.637+0000] {dagbag.py:540} INFO - Filling up the DagBag from /home/airflow/.local/lib/python3.11/site-packages/airflow/example_dags/example_branch_day_of_week_operator.py
[2024-02-26T15:57:16.644+0000] {processor.py:840} INFO - DAG(s) 'example_weekday_branch_operator' retrieved from /home/airflow/.local/lib/python3.11/site-packages/airflow/example_dags/example_branch_day_of_week_operator.py
[2024-02-26T15:57:16.670+0000] {logging_mixin.py:188} INFO - [2024-02-26T15:57:16.670+0000] {dag.py:3047} INFO - Sync 1 DAGs
[2024-02-26T15:57:16.687+0000] {logging_mixin.py:188} INFO - [2024-02-26T15:57:16.687+0000] {dag.py:3834} INFO - Setting next_dagrun for example_weekday_branch_operator to 2024-02-25 00:00:00+00:00, run_after=2024-02-26 00:00:00+00:00
[2024-02-26T15:57:16.756+0000] {processor.py:183} INFO - Processing /home/airflow/.local/lib/python3.11/site-packages/airflow/example_dags/example_branch_day_of_week_operator.py took 0.127 seconds
[2024-02-26T15:57:46.972+0000] {processor.py:161} INFO - Started process (PID=4832) to work on /home/airflow/.local/lib/python3.11/site-packages/airflow/example_dags/example_branch_day_of_week_operator.py
[2024-02-26T15:57:46.975+0000] {processor.py:830} INFO - Processing file /home/airflow/.local/lib/python3.11/site-packages/airflow/example_dags/example_branch_day_of_week_operator.py for tasks to queue
[2024-02-26T15:57:46.977+0000] {logging_mixin.py:188} INFO - [2024-02-26T15:57:46.976+0000] {dagbag.py:540} INFO - Filling up the DagBag from /home/airflow/.local/lib/python3.11/site-packages/airflow/example_dags/example_branch_day_of_week_operator.py
[2024-02-26T15:57:46.984+0000] {processor.py:840} INFO - DAG(s) 'example_weekday_branch_operator' retrieved from /home/airflow/.local/lib/python3.11/site-packages/airflow/example_dags/example_branch_day_of_week_operator.py
[2024-02-26T15:57:47.006+0000] {logging_mixin.py:188} INFO - [2024-02-26T15:57:47.006+0000] {dag.py:3047} INFO - Sync 1 DAGs
[2024-02-26T15:57:47.027+0000] {logging_mixin.py:188} INFO - [2024-02-26T15:57:47.027+0000] {dag.py:3834} INFO - Setting next_dagrun for example_weekday_branch_operator to 2024-02-25 00:00:00+00:00, run_after=2024-02-26 00:00:00+00:00
[2024-02-26T15:57:47.043+0000] {processor.py:183} INFO - Processing /home/airflow/.local/lib/python3.11/site-packages/airflow/example_dags/example_branch_day_of_week_operator.py took 0.075 seconds
[2024-02-26T15:58:17.264+0000] {processor.py:161} INFO - Started process (PID=5079) to work on /home/airflow/.local/lib/python3.11/site-packages/airflow/example_dags/example_branch_day_of_week_operator.py
[2024-02-26T15:58:17.266+0000] {processor.py:830} INFO - Processing file /home/airflow/.local/lib/python3.11/site-packages/airflow/example_dags/example_branch_day_of_week_operator.py for tasks to queue
[2024-02-26T15:58:17.267+0000] {logging_mixin.py:188} INFO - [2024-02-26T15:58:17.267+0000] {dagbag.py:540} INFO - Filling up the DagBag from /home/airflow/.local/lib/python3.11/site-packages/airflow/example_dags/example_branch_day_of_week_operator.py
[2024-02-26T15:58:17.275+0000] {processor.py:840} INFO - DAG(s) 'example_weekday_branch_operator' retrieved from /home/airflow/.local/lib/python3.11/site-packages/airflow/example_dags/example_branch_day_of_week_operator.py
[2024-02-26T15:58:17.298+0000] {logging_mixin.py:188} INFO - [2024-02-26T15:58:17.298+0000] {dag.py:3047} INFO - Sync 1 DAGs
[2024-02-26T15:58:17.320+0000] {logging_mixin.py:188} INFO - [2024-02-26T15:58:17.320+0000] {dag.py:3834} INFO - Setting next_dagrun for example_weekday_branch_operator to 2024-02-25 00:00:00+00:00, run_after=2024-02-26 00:00:00+00:00
[2024-02-26T15:58:17.333+0000] {processor.py:183} INFO - Processing /home/airflow/.local/lib/python3.11/site-packages/airflow/example_dags/example_branch_day_of_week_operator.py took 0.072 seconds
[2024-02-26T15:58:47.593+0000] {processor.py:161} INFO - Started process (PID=5327) to work on /home/airflow/.local/lib/python3.11/site-packages/airflow/example_dags/example_branch_day_of_week_operator.py
[2024-02-26T15:58:47.594+0000] {processor.py:830} INFO - Processing file /home/airflow/.local/lib/python3.11/site-packages/airflow/example_dags/example_branch_day_of_week_operator.py for tasks to queue
[2024-02-26T15:58:47.596+0000] {logging_mixin.py:188} INFO - [2024-02-26T15:58:47.595+0000] {dagbag.py:540} INFO - Filling up the DagBag from /home/airflow/.local/lib/python3.11/site-packages/airflow/example_dags/example_branch_day_of_week_operator.py
[2024-02-26T15:58:47.602+0000] {processor.py:840} INFO - DAG(s) 'example_weekday_branch_operator' retrieved from /home/airflow/.local/lib/python3.11/site-packages/airflow/example_dags/example_branch_day_of_week_operator.py
[2024-02-26T15:58:47.629+0000] {logging_mixin.py:188} INFO - [2024-02-26T15:58:47.628+0000] {dag.py:3047} INFO - Sync 1 DAGs
[2024-02-26T15:58:47.651+0000] {logging_mixin.py:188} INFO - [2024-02-26T15:58:47.651+0000] {dag.py:3834} INFO - Setting next_dagrun for example_weekday_branch_operator to 2024-02-25 00:00:00+00:00, run_after=2024-02-26 00:00:00+00:00
[2024-02-26T15:58:47.669+0000] {processor.py:183} INFO - Processing /home/airflow/.local/lib/python3.11/site-packages/airflow/example_dags/example_branch_day_of_week_operator.py took 0.080 seconds
[2024-02-26T15:59:17.775+0000] {processor.py:161} INFO - Started process (PID=5575) to work on /home/airflow/.local/lib/python3.11/site-packages/airflow/example_dags/example_branch_day_of_week_operator.py
[2024-02-26T15:59:17.777+0000] {processor.py:830} INFO - Processing file /home/airflow/.local/lib/python3.11/site-packages/airflow/example_dags/example_branch_day_of_week_operator.py for tasks to queue
[2024-02-26T15:59:17.778+0000] {logging_mixin.py:188} INFO - [2024-02-26T15:59:17.778+0000] {dagbag.py:540} INFO - Filling up the DagBag from /home/airflow/.local/lib/python3.11/site-packages/airflow/example_dags/example_branch_day_of_week_operator.py
[2024-02-26T15:59:17.784+0000] {processor.py:840} INFO - DAG(s) 'example_weekday_branch_operator' retrieved from /home/airflow/.local/lib/python3.11/site-packages/airflow/example_dags/example_branch_day_of_week_operator.py
[2024-02-26T15:59:17.805+0000] {logging_mixin.py:188} INFO - [2024-02-26T15:59:17.805+0000] {dag.py:3047} INFO - Sync 1 DAGs
[2024-02-26T15:59:17.820+0000] {logging_mixin.py:188} INFO - [2024-02-26T15:59:17.820+0000] {dag.py:3834} INFO - Setting next_dagrun for example_weekday_branch_operator to 2024-02-25 00:00:00+00:00, run_after=2024-02-26 00:00:00+00:00
[2024-02-26T15:59:17.832+0000] {processor.py:183} INFO - Processing /home/airflow/.local/lib/python3.11/site-packages/airflow/example_dags/example_branch_day_of_week_operator.py took 0.060 seconds
[2024-02-26T15:59:48.792+0000] {processor.py:161} INFO - Started process (PID=5822) to work on /home/airflow/.local/lib/python3.11/site-packages/airflow/example_dags/example_branch_day_of_week_operator.py
[2024-02-26T15:59:48.794+0000] {processor.py:830} INFO - Processing file /home/airflow/.local/lib/python3.11/site-packages/airflow/example_dags/example_branch_day_of_week_operator.py for tasks to queue
[2024-02-26T15:59:48.795+0000] {logging_mixin.py:188} INFO - [2024-02-26T15:59:48.795+0000] {dagbag.py:540} INFO - Filling up the DagBag from /home/airflow/.local/lib/python3.11/site-packages/airflow/example_dags/example_branch_day_of_week_operator.py
[2024-02-26T15:59:48.801+0000] {processor.py:840} INFO - DAG(s) 'example_weekday_branch_operator' retrieved from /home/airflow/.local/lib/python3.11/site-packages/airflow/example_dags/example_branch_day_of_week_operator.py
[2024-02-26T15:59:48.820+0000] {logging_mixin.py:188} INFO - [2024-02-26T15:59:48.820+0000] {dag.py:3047} INFO - Sync 1 DAGs
[2024-02-26T15:59:48.836+0000] {logging_mixin.py:188} INFO - [2024-02-26T15:59:48.836+0000] {dag.py:3834} INFO - Setting next_dagrun for example_weekday_branch_operator to 2024-02-25 00:00:00+00:00, run_after=2024-02-26 00:00:00+00:00
[2024-02-26T15:59:48.850+0000] {processor.py:183} INFO - Processing /home/airflow/.local/lib/python3.11/site-packages/airflow/example_dags/example_branch_day_of_week_operator.py took 0.061 seconds
[2024-02-26T16:00:19.650+0000] {processor.py:161} INFO - Started process (PID=6069) to work on /home/airflow/.local/lib/python3.11/site-packages/airflow/example_dags/example_branch_day_of_week_operator.py
[2024-02-26T16:00:19.651+0000] {processor.py:830} INFO - Processing file /home/airflow/.local/lib/python3.11/site-packages/airflow/example_dags/example_branch_day_of_week_operator.py for tasks to queue
[2024-02-26T16:00:19.655+0000] {logging_mixin.py:188} INFO - [2024-02-26T16:00:19.655+0000] {dagbag.py:540} INFO - Filling up the DagBag from /home/airflow/.local/lib/python3.11/site-packages/airflow/example_dags/example_branch_day_of_week_operator.py
[2024-02-26T16:00:19.661+0000] {processor.py:840} INFO - DAG(s) 'example_weekday_branch_operator' retrieved from /home/airflow/.local/lib/python3.11/site-packages/airflow/example_dags/example_branch_day_of_week_operator.py
[2024-02-26T16:00:19.681+0000] {logging_mixin.py:188} INFO - [2024-02-26T16:00:19.681+0000] {dag.py:3047} INFO - Sync 1 DAGs
[2024-02-26T16:00:19.697+0000] {logging_mixin.py:188} INFO - [2024-02-26T16:00:19.696+0000] {dag.py:3834} INFO - Setting next_dagrun for example_weekday_branch_operator to 2024-02-25 00:00:00+00:00, run_after=2024-02-26 00:00:00+00:00
[2024-02-26T16:00:19.709+0000] {processor.py:183} INFO - Processing /home/airflow/.local/lib/python3.11/site-packages/airflow/example_dags/example_branch_day_of_week_operator.py took 0.063 seconds
[2024-02-26T16:00:50.496+0000] {processor.py:161} INFO - Started process (PID=6315) to work on /home/airflow/.local/lib/python3.11/site-packages/airflow/example_dags/example_branch_day_of_week_operator.py
[2024-02-26T16:00:50.500+0000] {processor.py:830} INFO - Processing file /home/airflow/.local/lib/python3.11/site-packages/airflow/example_dags/example_branch_day_of_week_operator.py for tasks to queue
[2024-02-26T16:00:50.502+0000] {logging_mixin.py:188} INFO - [2024-02-26T16:00:50.501+0000] {dagbag.py:540} INFO - Filling up the DagBag from /home/airflow/.local/lib/python3.11/site-packages/airflow/example_dags/example_branch_day_of_week_operator.py
[2024-02-26T16:00:50.509+0000] {processor.py:840} INFO - DAG(s) 'example_weekday_branch_operator' retrieved from /home/airflow/.local/lib/python3.11/site-packages/airflow/example_dags/example_branch_day_of_week_operator.py
[2024-02-26T16:00:50.530+0000] {logging_mixin.py:188} INFO - [2024-02-26T16:00:50.530+0000] {dag.py:3047} INFO - Sync 1 DAGs
[2024-02-26T16:00:50.545+0000] {logging_mixin.py:188} INFO - [2024-02-26T16:00:50.545+0000] {dag.py:3834} INFO - Setting next_dagrun for example_weekday_branch_operator to 2024-02-25 00:00:00+00:00, run_after=2024-02-26 00:00:00+00:00
[2024-02-26T16:00:50.558+0000] {processor.py:183} INFO - Processing /home/airflow/.local/lib/python3.11/site-packages/airflow/example_dags/example_branch_day_of_week_operator.py took 0.064 seconds
[2024-02-26T16:01:21.300+0000] {processor.py:161} INFO - Started process (PID=6564) to work on /home/airflow/.local/lib/python3.11/site-packages/airflow/example_dags/example_branch_day_of_week_operator.py
[2024-02-26T16:01:21.302+0000] {processor.py:830} INFO - Processing file /home/airflow/.local/lib/python3.11/site-packages/airflow/example_dags/example_branch_day_of_week_operator.py for tasks to queue
[2024-02-26T16:01:21.304+0000] {logging_mixin.py:188} INFO - [2024-02-26T16:01:21.303+0000] {dagbag.py:540} INFO - Filling up the DagBag from /home/airflow/.local/lib/python3.11/site-packages/airflow/example_dags/example_branch_day_of_week_operator.py
[2024-02-26T16:01:21.309+0000] {processor.py:840} INFO - DAG(s) 'example_weekday_branch_operator' retrieved from /home/airflow/.local/lib/python3.11/site-packages/airflow/example_dags/example_branch_day_of_week_operator.py
[2024-02-26T16:01:21.328+0000] {logging_mixin.py:188} INFO - [2024-02-26T16:01:21.328+0000] {dag.py:3047} INFO - Sync 1 DAGs
[2024-02-26T16:01:21.343+0000] {logging_mixin.py:188} INFO - [2024-02-26T16:01:21.343+0000] {dag.py:3834} INFO - Setting next_dagrun for example_weekday_branch_operator to 2024-02-25 00:00:00+00:00, run_after=2024-02-26 00:00:00+00:00
[2024-02-26T16:01:21.353+0000] {processor.py:183} INFO - Processing /home/airflow/.local/lib/python3.11/site-packages/airflow/example_dags/example_branch_day_of_week_operator.py took 0.056 seconds
[2024-02-26T16:01:51.421+0000] {processor.py:161} INFO - Started process (PID=6809) to work on /home/airflow/.local/lib/python3.11/site-packages/airflow/example_dags/example_branch_day_of_week_operator.py
[2024-02-26T16:01:51.422+0000] {processor.py:830} INFO - Processing file /home/airflow/.local/lib/python3.11/site-packages/airflow/example_dags/example_branch_day_of_week_operator.py for tasks to queue
[2024-02-26T16:01:51.424+0000] {logging_mixin.py:188} INFO - [2024-02-26T16:01:51.423+0000] {dagbag.py:540} INFO - Filling up the DagBag from /home/airflow/.local/lib/python3.11/site-packages/airflow/example_dags/example_branch_day_of_week_operator.py
[2024-02-26T16:01:51.430+0000] {processor.py:840} INFO - DAG(s) 'example_weekday_branch_operator' retrieved from /home/airflow/.local/lib/python3.11/site-packages/airflow/example_dags/example_branch_day_of_week_operator.py
[2024-02-26T16:01:51.451+0000] {logging_mixin.py:188} INFO - [2024-02-26T16:01:51.451+0000] {dag.py:3047} INFO - Sync 1 DAGs
[2024-02-26T16:01:51.464+0000] {logging_mixin.py:188} INFO - [2024-02-26T16:01:51.464+0000] {dag.py:3834} INFO - Setting next_dagrun for example_weekday_branch_operator to 2024-02-25 00:00:00+00:00, run_after=2024-02-26 00:00:00+00:00
[2024-02-26T16:01:51.474+0000] {processor.py:183} INFO - Processing /home/airflow/.local/lib/python3.11/site-packages/airflow/example_dags/example_branch_day_of_week_operator.py took 0.056 seconds
[2024-02-26T16:02:21.714+0000] {processor.py:161} INFO - Started process (PID=7058) to work on /home/airflow/.local/lib/python3.11/site-packages/airflow/example_dags/example_branch_day_of_week_operator.py
[2024-02-26T16:02:21.716+0000] {processor.py:830} INFO - Processing file /home/airflow/.local/lib/python3.11/site-packages/airflow/example_dags/example_branch_day_of_week_operator.py for tasks to queue
[2024-02-26T16:02:21.717+0000] {logging_mixin.py:188} INFO - [2024-02-26T16:02:21.717+0000] {dagbag.py:540} INFO - Filling up the DagBag from /home/airflow/.local/lib/python3.11/site-packages/airflow/example_dags/example_branch_day_of_week_operator.py
[2024-02-26T16:02:21.723+0000] {processor.py:840} INFO - DAG(s) 'example_weekday_branch_operator' retrieved from /home/airflow/.local/lib/python3.11/site-packages/airflow/example_dags/example_branch_day_of_week_operator.py
[2024-02-26T16:02:21.746+0000] {logging_mixin.py:188} INFO - [2024-02-26T16:02:21.746+0000] {dag.py:3047} INFO - Sync 1 DAGs
[2024-02-26T16:02:21.759+0000] {logging_mixin.py:188} INFO - [2024-02-26T16:02:21.759+0000] {dag.py:3834} INFO - Setting next_dagrun for example_weekday_branch_operator to 2024-02-25 00:00:00+00:00, run_after=2024-02-26 00:00:00+00:00
[2024-02-26T16:02:21.769+0000] {processor.py:183} INFO - Processing /home/airflow/.local/lib/python3.11/site-packages/airflow/example_dags/example_branch_day_of_week_operator.py took 0.060 seconds
[2024-02-26T16:02:51.819+0000] {processor.py:161} INFO - Started process (PID=7305) to work on /home/airflow/.local/lib/python3.11/site-packages/airflow/example_dags/example_branch_day_of_week_operator.py
[2024-02-26T16:02:51.821+0000] {processor.py:830} INFO - Processing file /home/airflow/.local/lib/python3.11/site-packages/airflow/example_dags/example_branch_day_of_week_operator.py for tasks to queue
[2024-02-26T16:02:51.823+0000] {logging_mixin.py:188} INFO - [2024-02-26T16:02:51.822+0000] {dagbag.py:540} INFO - Filling up the DagBag from /home/airflow/.local/lib/python3.11/site-packages/airflow/example_dags/example_branch_day_of_week_operator.py
[2024-02-26T16:02:51.828+0000] {processor.py:840} INFO - DAG(s) 'example_weekday_branch_operator' retrieved from /home/airflow/.local/lib/python3.11/site-packages/airflow/example_dags/example_branch_day_of_week_operator.py
[2024-02-26T16:02:51.849+0000] {logging_mixin.py:188} INFO - [2024-02-26T16:02:51.849+0000] {dag.py:3047} INFO - Sync 1 DAGs
[2024-02-26T16:02:51.863+0000] {logging_mixin.py:188} INFO - [2024-02-26T16:02:51.863+0000] {dag.py:3834} INFO - Setting next_dagrun for example_weekday_branch_operator to 2024-02-25 00:00:00+00:00, run_after=2024-02-26 00:00:00+00:00
[2024-02-26T16:02:51.873+0000] {processor.py:183} INFO - Processing /home/airflow/.local/lib/python3.11/site-packages/airflow/example_dags/example_branch_day_of_week_operator.py took 0.057 seconds
[2024-02-26T16:03:22.912+0000] {processor.py:161} INFO - Started process (PID=7550) to work on /home/airflow/.local/lib/python3.11/site-packages/airflow/example_dags/example_branch_day_of_week_operator.py
[2024-02-26T16:03:22.914+0000] {processor.py:830} INFO - Processing file /home/airflow/.local/lib/python3.11/site-packages/airflow/example_dags/example_branch_day_of_week_operator.py for tasks to queue
[2024-02-26T16:03:22.916+0000] {logging_mixin.py:188} INFO - [2024-02-26T16:03:22.915+0000] {dagbag.py:540} INFO - Filling up the DagBag from /home/airflow/.local/lib/python3.11/site-packages/airflow/example_dags/example_branch_day_of_week_operator.py
[2024-02-26T16:03:22.922+0000] {processor.py:840} INFO - DAG(s) 'example_weekday_branch_operator' retrieved from /home/airflow/.local/lib/python3.11/site-packages/airflow/example_dags/example_branch_day_of_week_operator.py
[2024-02-26T16:03:22.943+0000] {logging_mixin.py:188} INFO - [2024-02-26T16:03:22.943+0000] {dag.py:3047} INFO - Sync 1 DAGs
[2024-02-26T16:03:22.961+0000] {logging_mixin.py:188} INFO - [2024-02-26T16:03:22.961+0000] {dag.py:3834} INFO - Setting next_dagrun for example_weekday_branch_operator to 2024-02-25 00:00:00+00:00, run_after=2024-02-26 00:00:00+00:00
[2024-02-26T16:03:22.976+0000] {processor.py:183} INFO - Processing /home/airflow/.local/lib/python3.11/site-packages/airflow/example_dags/example_branch_day_of_week_operator.py took 0.066 seconds
[2024-02-26T16:03:53.144+0000] {processor.py:161} INFO - Started process (PID=7800) to work on /home/airflow/.local/lib/python3.11/site-packages/airflow/example_dags/example_branch_day_of_week_operator.py
[2024-02-26T16:03:53.146+0000] {processor.py:830} INFO - Processing file /home/airflow/.local/lib/python3.11/site-packages/airflow/example_dags/example_branch_day_of_week_operator.py for tasks to queue
[2024-02-26T16:03:53.147+0000] {logging_mixin.py:188} INFO - [2024-02-26T16:03:53.147+0000] {dagbag.py:540} INFO - Filling up the DagBag from /home/airflow/.local/lib/python3.11/site-packages/airflow/example_dags/example_branch_day_of_week_operator.py
[2024-02-26T16:03:53.153+0000] {processor.py:840} INFO - DAG(s) 'example_weekday_branch_operator' retrieved from /home/airflow/.local/lib/python3.11/site-packages/airflow/example_dags/example_branch_day_of_week_operator.py
[2024-02-26T16:03:53.175+0000] {logging_mixin.py:188} INFO - [2024-02-26T16:03:53.174+0000] {dag.py:3047} INFO - Sync 1 DAGs
[2024-02-26T16:03:53.189+0000] {logging_mixin.py:188} INFO - [2024-02-26T16:03:53.189+0000] {dag.py:3834} INFO - Setting next_dagrun for example_weekday_branch_operator to 2024-02-25 00:00:00+00:00, run_after=2024-02-26 00:00:00+00:00
[2024-02-26T16:03:53.202+0000] {processor.py:183} INFO - Processing /home/airflow/.local/lib/python3.11/site-packages/airflow/example_dags/example_branch_day_of_week_operator.py took 0.060 seconds
[2024-02-26T16:04:23.804+0000] {processor.py:161} INFO - Started process (PID=8045) to work on /home/airflow/.local/lib/python3.11/site-packages/airflow/example_dags/example_branch_day_of_week_operator.py
[2024-02-26T16:04:23.806+0000] {processor.py:830} INFO - Processing file /home/airflow/.local/lib/python3.11/site-packages/airflow/example_dags/example_branch_day_of_week_operator.py for tasks to queue
[2024-02-26T16:04:23.807+0000] {logging_mixin.py:188} INFO - [2024-02-26T16:04:23.807+0000] {dagbag.py:540} INFO - Filling up the DagBag from /home/airflow/.local/lib/python3.11/site-packages/airflow/example_dags/example_branch_day_of_week_operator.py
[2024-02-26T16:04:23.815+0000] {processor.py:840} INFO - DAG(s) 'example_weekday_branch_operator' retrieved from /home/airflow/.local/lib/python3.11/site-packages/airflow/example_dags/example_branch_day_of_week_operator.py
[2024-02-26T16:04:23.837+0000] {logging_mixin.py:188} INFO - [2024-02-26T16:04:23.837+0000] {dag.py:3047} INFO - Sync 1 DAGs
[2024-02-26T16:04:23.852+0000] {logging_mixin.py:188} INFO - [2024-02-26T16:04:23.852+0000] {dag.py:3834} INFO - Setting next_dagrun for example_weekday_branch_operator to 2024-02-25 00:00:00+00:00, run_after=2024-02-26 00:00:00+00:00
[2024-02-26T16:04:23.866+0000] {processor.py:183} INFO - Processing /home/airflow/.local/lib/python3.11/site-packages/airflow/example_dags/example_branch_day_of_week_operator.py took 0.065 seconds
[2024-02-26T16:04:54.634+0000] {processor.py:161} INFO - Started process (PID=8292) to work on /home/airflow/.local/lib/python3.11/site-packages/airflow/example_dags/example_branch_day_of_week_operator.py
[2024-02-26T16:04:54.636+0000] {processor.py:830} INFO - Processing file /home/airflow/.local/lib/python3.11/site-packages/airflow/example_dags/example_branch_day_of_week_operator.py for tasks to queue
[2024-02-26T16:04:54.638+0000] {logging_mixin.py:188} INFO - [2024-02-26T16:04:54.637+0000] {dagbag.py:540} INFO - Filling up the DagBag from /home/airflow/.local/lib/python3.11/site-packages/airflow/example_dags/example_branch_day_of_week_operator.py
[2024-02-26T16:04:54.644+0000] {processor.py:840} INFO - DAG(s) 'example_weekday_branch_operator' retrieved from /home/airflow/.local/lib/python3.11/site-packages/airflow/example_dags/example_branch_day_of_week_operator.py
[2024-02-26T16:04:54.666+0000] {logging_mixin.py:188} INFO - [2024-02-26T16:04:54.665+0000] {dag.py:3047} INFO - Sync 1 DAGs
[2024-02-26T16:04:54.682+0000] {logging_mixin.py:188} INFO - [2024-02-26T16:04:54.682+0000] {dag.py:3834} INFO - Setting next_dagrun for example_weekday_branch_operator to 2024-02-25 00:00:00+00:00, run_after=2024-02-26 00:00:00+00:00
[2024-02-26T16:04:54.693+0000] {processor.py:183} INFO - Processing /home/airflow/.local/lib/python3.11/site-packages/airflow/example_dags/example_branch_day_of_week_operator.py took 0.062 seconds
[2024-02-26T16:05:25.392+0000] {processor.py:161} INFO - Started process (PID=8539) to work on /home/airflow/.local/lib/python3.11/site-packages/airflow/example_dags/example_branch_day_of_week_operator.py
[2024-02-26T16:05:25.394+0000] {processor.py:830} INFO - Processing file /home/airflow/.local/lib/python3.11/site-packages/airflow/example_dags/example_branch_day_of_week_operator.py for tasks to queue
[2024-02-26T16:05:25.396+0000] {logging_mixin.py:188} INFO - [2024-02-26T16:05:25.395+0000] {dagbag.py:540} INFO - Filling up the DagBag from /home/airflow/.local/lib/python3.11/site-packages/airflow/example_dags/example_branch_day_of_week_operator.py
[2024-02-26T16:05:25.402+0000] {processor.py:840} INFO - DAG(s) 'example_weekday_branch_operator' retrieved from /home/airflow/.local/lib/python3.11/site-packages/airflow/example_dags/example_branch_day_of_week_operator.py
[2024-02-26T16:05:25.425+0000] {logging_mixin.py:188} INFO - [2024-02-26T16:05:25.425+0000] {dag.py:3047} INFO - Sync 1 DAGs
[2024-02-26T16:05:25.440+0000] {logging_mixin.py:188} INFO - [2024-02-26T16:05:25.439+0000] {dag.py:3834} INFO - Setting next_dagrun for example_weekday_branch_operator to 2024-02-25 00:00:00+00:00, run_after=2024-02-26 00:00:00+00:00
[2024-02-26T16:05:25.452+0000] {processor.py:183} INFO - Processing /home/airflow/.local/lib/python3.11/site-packages/airflow/example_dags/example_branch_day_of_week_operator.py took 0.063 seconds
[2024-02-26T16:05:56.108+0000] {processor.py:161} INFO - Started process (PID=8786) to work on /home/airflow/.local/lib/python3.11/site-packages/airflow/example_dags/example_branch_day_of_week_operator.py
[2024-02-26T16:05:56.110+0000] {processor.py:830} INFO - Processing file /home/airflow/.local/lib/python3.11/site-packages/airflow/example_dags/example_branch_day_of_week_operator.py for tasks to queue
[2024-02-26T16:05:56.112+0000] {logging_mixin.py:188} INFO - [2024-02-26T16:05:56.112+0000] {dagbag.py:540} INFO - Filling up the DagBag from /home/airflow/.local/lib/python3.11/site-packages/airflow/example_dags/example_branch_day_of_week_operator.py
[2024-02-26T16:05:56.119+0000] {processor.py:840} INFO - DAG(s) 'example_weekday_branch_operator' retrieved from /home/airflow/.local/lib/python3.11/site-packages/airflow/example_dags/example_branch_day_of_week_operator.py
[2024-02-26T16:05:56.139+0000] {logging_mixin.py:188} INFO - [2024-02-26T16:05:56.139+0000] {dag.py:3047} INFO - Sync 1 DAGs
[2024-02-26T16:05:56.154+0000] {logging_mixin.py:188} INFO - [2024-02-26T16:05:56.154+0000] {dag.py:3834} INFO - Setting next_dagrun for example_weekday_branch_operator to 2024-02-25 00:00:00+00:00, run_after=2024-02-26 00:00:00+00:00
[2024-02-26T16:05:56.169+0000] {processor.py:183} INFO - Processing /home/airflow/.local/lib/python3.11/site-packages/airflow/example_dags/example_branch_day_of_week_operator.py took 0.064 seconds
[2024-02-26T16:06:27.003+0000] {processor.py:161} INFO - Started process (PID=9033) to work on /home/airflow/.local/lib/python3.11/site-packages/airflow/example_dags/example_branch_day_of_week_operator.py
[2024-02-26T16:06:27.004+0000] {processor.py:830} INFO - Processing file /home/airflow/.local/lib/python3.11/site-packages/airflow/example_dags/example_branch_day_of_week_operator.py for tasks to queue
[2024-02-26T16:06:27.006+0000] {logging_mixin.py:188} INFO - [2024-02-26T16:06:27.006+0000] {dagbag.py:540} INFO - Filling up the DagBag from /home/airflow/.local/lib/python3.11/site-packages/airflow/example_dags/example_branch_day_of_week_operator.py
[2024-02-26T16:06:27.013+0000] {processor.py:840} INFO - DAG(s) 'example_weekday_branch_operator' retrieved from /home/airflow/.local/lib/python3.11/site-packages/airflow/example_dags/example_branch_day_of_week_operator.py
[2024-02-26T16:06:27.033+0000] {logging_mixin.py:188} INFO - [2024-02-26T16:06:27.033+0000] {dag.py:3047} INFO - Sync 1 DAGs
[2024-02-26T16:06:27.049+0000] {logging_mixin.py:188} INFO - [2024-02-26T16:06:27.049+0000] {dag.py:3834} INFO - Setting next_dagrun for example_weekday_branch_operator to 2024-02-25 00:00:00+00:00, run_after=2024-02-26 00:00:00+00:00
[2024-02-26T16:06:27.064+0000] {processor.py:183} INFO - Processing /home/airflow/.local/lib/python3.11/site-packages/airflow/example_dags/example_branch_day_of_week_operator.py took 0.064 seconds
[2024-02-26T16:06:57.883+0000] {processor.py:161} INFO - Started process (PID=9286) to work on /home/airflow/.local/lib/python3.11/site-packages/airflow/example_dags/example_branch_day_of_week_operator.py
[2024-02-26T16:06:57.885+0000] {processor.py:830} INFO - Processing file /home/airflow/.local/lib/python3.11/site-packages/airflow/example_dags/example_branch_day_of_week_operator.py for tasks to queue
[2024-02-26T16:06:57.887+0000] {logging_mixin.py:188} INFO - [2024-02-26T16:06:57.887+0000] {dagbag.py:540} INFO - Filling up the DagBag from /home/airflow/.local/lib/python3.11/site-packages/airflow/example_dags/example_branch_day_of_week_operator.py
[2024-02-26T16:06:57.894+0000] {processor.py:840} INFO - DAG(s) 'example_weekday_branch_operator' retrieved from /home/airflow/.local/lib/python3.11/site-packages/airflow/example_dags/example_branch_day_of_week_operator.py
[2024-02-26T16:06:57.916+0000] {logging_mixin.py:188} INFO - [2024-02-26T16:06:57.916+0000] {dag.py:3047} INFO - Sync 1 DAGs
[2024-02-26T16:06:57.934+0000] {logging_mixin.py:188} INFO - [2024-02-26T16:06:57.933+0000] {dag.py:3834} INFO - Setting next_dagrun for example_weekday_branch_operator to 2024-02-25 00:00:00+00:00, run_after=2024-02-26 00:00:00+00:00
[2024-02-26T16:06:57.947+0000] {processor.py:183} INFO - Processing /home/airflow/.local/lib/python3.11/site-packages/airflow/example_dags/example_branch_day_of_week_operator.py took 0.066 seconds
[2024-02-26T16:07:28.089+0000] {processor.py:161} INFO - Started process (PID=9533) to work on /home/airflow/.local/lib/python3.11/site-packages/airflow/example_dags/example_branch_day_of_week_operator.py
[2024-02-26T16:07:28.099+0000] {processor.py:830} INFO - Processing file /home/airflow/.local/lib/python3.11/site-packages/airflow/example_dags/example_branch_day_of_week_operator.py for tasks to queue
[2024-02-26T16:07:28.101+0000] {logging_mixin.py:188} INFO - [2024-02-26T16:07:28.101+0000] {dagbag.py:540} INFO - Filling up the DagBag from /home/airflow/.local/lib/python3.11/site-packages/airflow/example_dags/example_branch_day_of_week_operator.py
[2024-02-26T16:07:28.110+0000] {processor.py:840} INFO - DAG(s) 'example_weekday_branch_operator' retrieved from /home/airflow/.local/lib/python3.11/site-packages/airflow/example_dags/example_branch_day_of_week_operator.py
[2024-02-26T16:07:28.132+0000] {logging_mixin.py:188} INFO - [2024-02-26T16:07:28.132+0000] {dag.py:3047} INFO - Sync 1 DAGs
[2024-02-26T16:07:28.149+0000] {logging_mixin.py:188} INFO - [2024-02-26T16:07:28.148+0000] {dag.py:3834} INFO - Setting next_dagrun for example_weekday_branch_operator to 2024-02-25 00:00:00+00:00, run_after=2024-02-26 00:00:00+00:00
[2024-02-26T16:07:28.161+0000] {processor.py:183} INFO - Processing /home/airflow/.local/lib/python3.11/site-packages/airflow/example_dags/example_branch_day_of_week_operator.py took 0.076 seconds
[2024-02-26T16:07:58.348+0000] {processor.py:161} INFO - Started process (PID=9782) to work on /home/airflow/.local/lib/python3.11/site-packages/airflow/example_dags/example_branch_day_of_week_operator.py
[2024-02-26T16:07:58.349+0000] {processor.py:830} INFO - Processing file /home/airflow/.local/lib/python3.11/site-packages/airflow/example_dags/example_branch_day_of_week_operator.py for tasks to queue
[2024-02-26T16:07:58.351+0000] {logging_mixin.py:188} INFO - [2024-02-26T16:07:58.350+0000] {dagbag.py:540} INFO - Filling up the DagBag from /home/airflow/.local/lib/python3.11/site-packages/airflow/example_dags/example_branch_day_of_week_operator.py
[2024-02-26T16:07:58.357+0000] {processor.py:840} INFO - DAG(s) 'example_weekday_branch_operator' retrieved from /home/airflow/.local/lib/python3.11/site-packages/airflow/example_dags/example_branch_day_of_week_operator.py
[2024-02-26T16:07:58.377+0000] {logging_mixin.py:188} INFO - [2024-02-26T16:07:58.377+0000] {dag.py:3047} INFO - Sync 1 DAGs
[2024-02-26T16:07:58.393+0000] {logging_mixin.py:188} INFO - [2024-02-26T16:07:58.392+0000] {dag.py:3834} INFO - Setting next_dagrun for example_weekday_branch_operator to 2024-02-25 00:00:00+00:00, run_after=2024-02-26 00:00:00+00:00
[2024-02-26T16:07:58.405+0000] {processor.py:183} INFO - Processing /home/airflow/.local/lib/python3.11/site-packages/airflow/example_dags/example_branch_day_of_week_operator.py took 0.063 seconds
[2024-02-26T16:08:29.455+0000] {processor.py:161} INFO - Started process (PID=10029) to work on /home/airflow/.local/lib/python3.11/site-packages/airflow/example_dags/example_branch_day_of_week_operator.py
[2024-02-26T16:08:29.459+0000] {processor.py:830} INFO - Processing file /home/airflow/.local/lib/python3.11/site-packages/airflow/example_dags/example_branch_day_of_week_operator.py for tasks to queue
[2024-02-26T16:08:29.461+0000] {logging_mixin.py:188} INFO - [2024-02-26T16:08:29.460+0000] {dagbag.py:540} INFO - Filling up the DagBag from /home/airflow/.local/lib/python3.11/site-packages/airflow/example_dags/example_branch_day_of_week_operator.py
[2024-02-26T16:08:29.468+0000] {processor.py:840} INFO - DAG(s) 'example_weekday_branch_operator' retrieved from /home/airflow/.local/lib/python3.11/site-packages/airflow/example_dags/example_branch_day_of_week_operator.py
[2024-02-26T16:08:29.488+0000] {logging_mixin.py:188} INFO - [2024-02-26T16:08:29.488+0000] {dag.py:3047} INFO - Sync 1 DAGs
[2024-02-26T16:08:29.504+0000] {logging_mixin.py:188} INFO - [2024-02-26T16:08:29.503+0000] {dag.py:3834} INFO - Setting next_dagrun for example_weekday_branch_operator to 2024-02-25 00:00:00+00:00, run_after=2024-02-26 00:00:00+00:00
[2024-02-26T16:08:29.515+0000] {processor.py:183} INFO - Processing /home/airflow/.local/lib/python3.11/site-packages/airflow/example_dags/example_branch_day_of_week_operator.py took 0.063 seconds
[2024-02-26T16:08:59.909+0000] {processor.py:161} INFO - Started process (PID=10276) to work on /home/airflow/.local/lib/python3.11/site-packages/airflow/example_dags/example_branch_day_of_week_operator.py
[2024-02-26T16:08:59.911+0000] {processor.py:830} INFO - Processing file /home/airflow/.local/lib/python3.11/site-packages/airflow/example_dags/example_branch_day_of_week_operator.py for tasks to queue
[2024-02-26T16:08:59.913+0000] {logging_mixin.py:188} INFO - [2024-02-26T16:08:59.912+0000] {dagbag.py:540} INFO - Filling up the DagBag from /home/airflow/.local/lib/python3.11/site-packages/airflow/example_dags/example_branch_day_of_week_operator.py
[2024-02-26T16:08:59.919+0000] {processor.py:840} INFO - DAG(s) 'example_weekday_branch_operator' retrieved from /home/airflow/.local/lib/python3.11/site-packages/airflow/example_dags/example_branch_day_of_week_operator.py
[2024-02-26T16:08:59.941+0000] {logging_mixin.py:188} INFO - [2024-02-26T16:08:59.940+0000] {dag.py:3047} INFO - Sync 1 DAGs
[2024-02-26T16:08:59.956+0000] {logging_mixin.py:188} INFO - [2024-02-26T16:08:59.956+0000] {dag.py:3834} INFO - Setting next_dagrun for example_weekday_branch_operator to 2024-02-25 00:00:00+00:00, run_after=2024-02-26 00:00:00+00:00
[2024-02-26T16:08:59.968+0000] {processor.py:183} INFO - Processing /home/airflow/.local/lib/python3.11/site-packages/airflow/example_dags/example_branch_day_of_week_operator.py took 0.062 seconds
[2024-02-26T16:09:30.075+0000] {processor.py:161} INFO - Started process (PID=10523) to work on /home/airflow/.local/lib/python3.11/site-packages/airflow/example_dags/example_branch_day_of_week_operator.py
[2024-02-26T16:09:30.077+0000] {processor.py:830} INFO - Processing file /home/airflow/.local/lib/python3.11/site-packages/airflow/example_dags/example_branch_day_of_week_operator.py for tasks to queue
[2024-02-26T16:09:30.078+0000] {logging_mixin.py:188} INFO - [2024-02-26T16:09:30.078+0000] {dagbag.py:540} INFO - Filling up the DagBag from /home/airflow/.local/lib/python3.11/site-packages/airflow/example_dags/example_branch_day_of_week_operator.py
[2024-02-26T16:09:30.084+0000] {processor.py:840} INFO - DAG(s) 'example_weekday_branch_operator' retrieved from /home/airflow/.local/lib/python3.11/site-packages/airflow/example_dags/example_branch_day_of_week_operator.py
[2024-02-26T16:09:30.105+0000] {logging_mixin.py:188} INFO - [2024-02-26T16:09:30.104+0000] {dag.py:3047} INFO - Sync 1 DAGs
[2024-02-26T16:09:30.117+0000] {logging_mixin.py:188} INFO - [2024-02-26T16:09:30.117+0000] {dag.py:3834} INFO - Setting next_dagrun for example_weekday_branch_operator to 2024-02-25 00:00:00+00:00, run_after=2024-02-26 00:00:00+00:00
[2024-02-26T16:09:30.128+0000] {processor.py:183} INFO - Processing /home/airflow/.local/lib/python3.11/site-packages/airflow/example_dags/example_branch_day_of_week_operator.py took 0.055 seconds
[2024-02-26T16:10:00.186+0000] {processor.py:161} INFO - Started process (PID=10768) to work on /home/airflow/.local/lib/python3.11/site-packages/airflow/example_dags/example_branch_day_of_week_operator.py
[2024-02-26T16:10:00.188+0000] {processor.py:830} INFO - Processing file /home/airflow/.local/lib/python3.11/site-packages/airflow/example_dags/example_branch_day_of_week_operator.py for tasks to queue
[2024-02-26T16:10:00.189+0000] {logging_mixin.py:188} INFO - [2024-02-26T16:10:00.189+0000] {dagbag.py:540} INFO - Filling up the DagBag from /home/airflow/.local/lib/python3.11/site-packages/airflow/example_dags/example_branch_day_of_week_operator.py
[2024-02-26T16:10:00.195+0000] {processor.py:840} INFO - DAG(s) 'example_weekday_branch_operator' retrieved from /home/airflow/.local/lib/python3.11/site-packages/airflow/example_dags/example_branch_day_of_week_operator.py
[2024-02-26T16:10:00.216+0000] {logging_mixin.py:188} INFO - [2024-02-26T16:10:00.216+0000] {dag.py:3047} INFO - Sync 1 DAGs
[2024-02-26T16:10:00.234+0000] {logging_mixin.py:188} INFO - [2024-02-26T16:10:00.233+0000] {dag.py:3834} INFO - Setting next_dagrun for example_weekday_branch_operator to 2024-02-25 00:00:00+00:00, run_after=2024-02-26 00:00:00+00:00
[2024-02-26T16:10:00.248+0000] {processor.py:183} INFO - Processing /home/airflow/.local/lib/python3.11/site-packages/airflow/example_dags/example_branch_day_of_week_operator.py took 0.065 seconds
[2024-02-26T16:10:30.315+0000] {processor.py:161} INFO - Started process (PID=11015) to work on /home/airflow/.local/lib/python3.11/site-packages/airflow/example_dags/example_branch_day_of_week_operator.py
[2024-02-26T16:10:30.316+0000] {processor.py:830} INFO - Processing file /home/airflow/.local/lib/python3.11/site-packages/airflow/example_dags/example_branch_day_of_week_operator.py for tasks to queue
[2024-02-26T16:10:30.318+0000] {logging_mixin.py:188} INFO - [2024-02-26T16:10:30.318+0000] {dagbag.py:540} INFO - Filling up the DagBag from /home/airflow/.local/lib/python3.11/site-packages/airflow/example_dags/example_branch_day_of_week_operator.py
[2024-02-26T16:10:30.324+0000] {processor.py:840} INFO - DAG(s) 'example_weekday_branch_operator' retrieved from /home/airflow/.local/lib/python3.11/site-packages/airflow/example_dags/example_branch_day_of_week_operator.py
[2024-02-26T16:10:30.345+0000] {logging_mixin.py:188} INFO - [2024-02-26T16:10:30.345+0000] {dag.py:3047} INFO - Sync 1 DAGs
[2024-02-26T16:10:30.360+0000] {logging_mixin.py:188} INFO - [2024-02-26T16:10:30.360+0000] {dag.py:3834} INFO - Setting next_dagrun for example_weekday_branch_operator to 2024-02-25 00:00:00+00:00, run_after=2024-02-26 00:00:00+00:00
[2024-02-26T16:10:30.374+0000] {processor.py:183} INFO - Processing /home/airflow/.local/lib/python3.11/site-packages/airflow/example_dags/example_branch_day_of_week_operator.py took 0.063 seconds
[2024-02-26T16:11:00.812+0000] {processor.py:161} INFO - Started process (PID=11264) to work on /home/airflow/.local/lib/python3.11/site-packages/airflow/example_dags/example_branch_day_of_week_operator.py
[2024-02-26T16:11:00.814+0000] {processor.py:830} INFO - Processing file /home/airflow/.local/lib/python3.11/site-packages/airflow/example_dags/example_branch_day_of_week_operator.py for tasks to queue
[2024-02-26T16:11:00.815+0000] {logging_mixin.py:188} INFO - [2024-02-26T16:11:00.815+0000] {dagbag.py:540} INFO - Filling up the DagBag from /home/airflow/.local/lib/python3.11/site-packages/airflow/example_dags/example_branch_day_of_week_operator.py
[2024-02-26T16:11:00.821+0000] {processor.py:840} INFO - DAG(s) 'example_weekday_branch_operator' retrieved from /home/airflow/.local/lib/python3.11/site-packages/airflow/example_dags/example_branch_day_of_week_operator.py
[2024-02-26T16:11:00.840+0000] {logging_mixin.py:188} INFO - [2024-02-26T16:11:00.840+0000] {dag.py:3047} INFO - Sync 1 DAGs
[2024-02-26T16:11:00.855+0000] {logging_mixin.py:188} INFO - [2024-02-26T16:11:00.855+0000] {dag.py:3834} INFO - Setting next_dagrun for example_weekday_branch_operator to 2024-02-25 00:00:00+00:00, run_after=2024-02-26 00:00:00+00:00
[2024-02-26T16:11:00.865+0000] {processor.py:183} INFO - Processing /home/airflow/.local/lib/python3.11/site-packages/airflow/example_dags/example_branch_day_of_week_operator.py took 0.056 seconds
[2024-02-26T16:11:30.950+0000] {processor.py:161} INFO - Started process (PID=11511) to work on /home/airflow/.local/lib/python3.11/site-packages/airflow/example_dags/example_branch_day_of_week_operator.py
[2024-02-26T16:11:30.952+0000] {processor.py:830} INFO - Processing file /home/airflow/.local/lib/python3.11/site-packages/airflow/example_dags/example_branch_day_of_week_operator.py for tasks to queue
[2024-02-26T16:11:30.953+0000] {logging_mixin.py:188} INFO - [2024-02-26T16:11:30.953+0000] {dagbag.py:540} INFO - Filling up the DagBag from /home/airflow/.local/lib/python3.11/site-packages/airflow/example_dags/example_branch_day_of_week_operator.py
[2024-02-26T16:11:30.959+0000] {processor.py:840} INFO - DAG(s) 'example_weekday_branch_operator' retrieved from /home/airflow/.local/lib/python3.11/site-packages/airflow/example_dags/example_branch_day_of_week_operator.py
[2024-02-26T16:11:30.980+0000] {logging_mixin.py:188} INFO - [2024-02-26T16:11:30.980+0000] {dag.py:3047} INFO - Sync 1 DAGs
[2024-02-26T16:11:30.993+0000] {logging_mixin.py:188} INFO - [2024-02-26T16:11:30.993+0000] {dag.py:3834} INFO - Setting next_dagrun for example_weekday_branch_operator to 2024-02-25 00:00:00+00:00, run_after=2024-02-26 00:00:00+00:00
[2024-02-26T16:11:31.003+0000] {processor.py:183} INFO - Processing /home/airflow/.local/lib/python3.11/site-packages/airflow/example_dags/example_branch_day_of_week_operator.py took 0.056 seconds
[2024-02-26T16:12:01.117+0000] {processor.py:161} INFO - Started process (PID=11756) to work on /home/airflow/.local/lib/python3.11/site-packages/airflow/example_dags/example_branch_day_of_week_operator.py
[2024-02-26T16:12:01.121+0000] {processor.py:830} INFO - Processing file /home/airflow/.local/lib/python3.11/site-packages/airflow/example_dags/example_branch_day_of_week_operator.py for tasks to queue
[2024-02-26T16:12:01.122+0000] {logging_mixin.py:188} INFO - [2024-02-26T16:12:01.122+0000] {dagbag.py:540} INFO - Filling up the DagBag from /home/airflow/.local/lib/python3.11/site-packages/airflow/example_dags/example_branch_day_of_week_operator.py
[2024-02-26T16:12:01.128+0000] {processor.py:840} INFO - DAG(s) 'example_weekday_branch_operator' retrieved from /home/airflow/.local/lib/python3.11/site-packages/airflow/example_dags/example_branch_day_of_week_operator.py
[2024-02-26T16:12:01.148+0000] {logging_mixin.py:188} INFO - [2024-02-26T16:12:01.148+0000] {dag.py:3047} INFO - Sync 1 DAGs
[2024-02-26T16:12:01.162+0000] {logging_mixin.py:188} INFO - [2024-02-26T16:12:01.162+0000] {dag.py:3834} INFO - Setting next_dagrun for example_weekday_branch_operator to 2024-02-25 00:00:00+00:00, run_after=2024-02-26 00:00:00+00:00
[2024-02-26T16:12:01.175+0000] {processor.py:183} INFO - Processing /home/airflow/.local/lib/python3.11/site-packages/airflow/example_dags/example_branch_day_of_week_operator.py took 0.061 seconds
[2024-02-26T16:12:31.238+0000] {processor.py:161} INFO - Started process (PID=12004) to work on /home/airflow/.local/lib/python3.11/site-packages/airflow/example_dags/example_branch_day_of_week_operator.py
[2024-02-26T16:12:31.239+0000] {processor.py:830} INFO - Processing file /home/airflow/.local/lib/python3.11/site-packages/airflow/example_dags/example_branch_day_of_week_operator.py for tasks to queue
[2024-02-26T16:12:31.241+0000] {logging_mixin.py:188} INFO - [2024-02-26T16:12:31.241+0000] {dagbag.py:540} INFO - Filling up the DagBag from /home/airflow/.local/lib/python3.11/site-packages/airflow/example_dags/example_branch_day_of_week_operator.py
[2024-02-26T16:12:31.247+0000] {processor.py:840} INFO - DAG(s) 'example_weekday_branch_operator' retrieved from /home/airflow/.local/lib/python3.11/site-packages/airflow/example_dags/example_branch_day_of_week_operator.py
[2024-02-26T16:12:31.267+0000] {logging_mixin.py:188} INFO - [2024-02-26T16:12:31.266+0000] {dag.py:3047} INFO - Sync 1 DAGs
[2024-02-26T16:12:31.281+0000] {logging_mixin.py:188} INFO - [2024-02-26T16:12:31.281+0000] {dag.py:3834} INFO - Setting next_dagrun for example_weekday_branch_operator to 2024-02-25 00:00:00+00:00, run_after=2024-02-26 00:00:00+00:00
[2024-02-26T16:12:31.292+0000] {processor.py:183} INFO - Processing /home/airflow/.local/lib/python3.11/site-packages/airflow/example_dags/example_branch_day_of_week_operator.py took 0.058 seconds
[2024-02-26T16:13:01.355+0000] {processor.py:161} INFO - Started process (PID=12248) to work on /home/airflow/.local/lib/python3.11/site-packages/airflow/example_dags/example_branch_day_of_week_operator.py
[2024-02-26T16:13:01.357+0000] {processor.py:830} INFO - Processing file /home/airflow/.local/lib/python3.11/site-packages/airflow/example_dags/example_branch_day_of_week_operator.py for tasks to queue
[2024-02-26T16:13:01.358+0000] {logging_mixin.py:188} INFO - [2024-02-26T16:13:01.357+0000] {dagbag.py:540} INFO - Filling up the DagBag from /home/airflow/.local/lib/python3.11/site-packages/airflow/example_dags/example_branch_day_of_week_operator.py
[2024-02-26T16:13:01.364+0000] {processor.py:840} INFO - DAG(s) 'example_weekday_branch_operator' retrieved from /home/airflow/.local/lib/python3.11/site-packages/airflow/example_dags/example_branch_day_of_week_operator.py
[2024-02-26T16:13:01.383+0000] {logging_mixin.py:188} INFO - [2024-02-26T16:13:01.383+0000] {dag.py:3047} INFO - Sync 1 DAGs
[2024-02-26T16:13:01.396+0000] {logging_mixin.py:188} INFO - [2024-02-26T16:13:01.396+0000] {dag.py:3834} INFO - Setting next_dagrun for example_weekday_branch_operator to 2024-02-25 00:00:00+00:00, run_after=2024-02-26 00:00:00+00:00
[2024-02-26T16:13:01.407+0000] {processor.py:183} INFO - Processing /home/airflow/.local/lib/python3.11/site-packages/airflow/example_dags/example_branch_day_of_week_operator.py took 0.055 seconds
[2024-02-26T16:13:31.471+0000] {processor.py:161} INFO - Started process (PID=12496) to work on /home/airflow/.local/lib/python3.11/site-packages/airflow/example_dags/example_branch_day_of_week_operator.py
[2024-02-26T16:13:31.472+0000] {processor.py:830} INFO - Processing file /home/airflow/.local/lib/python3.11/site-packages/airflow/example_dags/example_branch_day_of_week_operator.py for tasks to queue
[2024-02-26T16:13:31.474+0000] {logging_mixin.py:188} INFO - [2024-02-26T16:13:31.473+0000] {dagbag.py:540} INFO - Filling up the DagBag from /home/airflow/.local/lib/python3.11/site-packages/airflow/example_dags/example_branch_day_of_week_operator.py
[2024-02-26T16:13:31.480+0000] {processor.py:840} INFO - DAG(s) 'example_weekday_branch_operator' retrieved from /home/airflow/.local/lib/python3.11/site-packages/airflow/example_dags/example_branch_day_of_week_operator.py
[2024-02-26T16:13:31.498+0000] {logging_mixin.py:188} INFO - [2024-02-26T16:13:31.498+0000] {dag.py:3047} INFO - Sync 1 DAGs
[2024-02-26T16:13:31.511+0000] {logging_mixin.py:188} INFO - [2024-02-26T16:13:31.511+0000] {dag.py:3834} INFO - Setting next_dagrun for example_weekday_branch_operator to 2024-02-25 00:00:00+00:00, run_after=2024-02-26 00:00:00+00:00
[2024-02-26T16:13:31.521+0000] {processor.py:183} INFO - Processing /home/airflow/.local/lib/python3.11/site-packages/airflow/example_dags/example_branch_day_of_week_operator.py took 0.054 seconds
[2024-02-26T16:14:02.080+0000] {processor.py:161} INFO - Started process (PID=12745) to work on /home/airflow/.local/lib/python3.11/site-packages/airflow/example_dags/example_branch_day_of_week_operator.py
[2024-02-26T16:14:02.082+0000] {processor.py:830} INFO - Processing file /home/airflow/.local/lib/python3.11/site-packages/airflow/example_dags/example_branch_day_of_week_operator.py for tasks to queue
[2024-02-26T16:14:02.084+0000] {logging_mixin.py:188} INFO - [2024-02-26T16:14:02.083+0000] {dagbag.py:540} INFO - Filling up the DagBag from /home/airflow/.local/lib/python3.11/site-packages/airflow/example_dags/example_branch_day_of_week_operator.py
[2024-02-26T16:14:02.091+0000] {processor.py:840} INFO - DAG(s) 'example_weekday_branch_operator' retrieved from /home/airflow/.local/lib/python3.11/site-packages/airflow/example_dags/example_branch_day_of_week_operator.py
[2024-02-26T16:14:02.113+0000] {logging_mixin.py:188} INFO - [2024-02-26T16:14:02.113+0000] {dag.py:3047} INFO - Sync 1 DAGs
[2024-02-26T16:14:02.130+0000] {logging_mixin.py:188} INFO - [2024-02-26T16:14:02.130+0000] {dag.py:3834} INFO - Setting next_dagrun for example_weekday_branch_operator to 2024-02-25 00:00:00+00:00, run_after=2024-02-26 00:00:00+00:00
[2024-02-26T16:14:02.143+0000] {processor.py:183} INFO - Processing /home/airflow/.local/lib/python3.11/site-packages/airflow/example_dags/example_branch_day_of_week_operator.py took 0.067 seconds
[2024-02-26T16:14:32.333+0000] {processor.py:161} INFO - Started process (PID=12994) to work on /home/airflow/.local/lib/python3.11/site-packages/airflow/example_dags/example_branch_day_of_week_operator.py
[2024-02-26T16:14:32.335+0000] {processor.py:830} INFO - Processing file /home/airflow/.local/lib/python3.11/site-packages/airflow/example_dags/example_branch_day_of_week_operator.py for tasks to queue
[2024-02-26T16:14:32.337+0000] {logging_mixin.py:188} INFO - [2024-02-26T16:14:32.337+0000] {dagbag.py:540} INFO - Filling up the DagBag from /home/airflow/.local/lib/python3.11/site-packages/airflow/example_dags/example_branch_day_of_week_operator.py
[2024-02-26T16:14:32.343+0000] {processor.py:840} INFO - DAG(s) 'example_weekday_branch_operator' retrieved from /home/airflow/.local/lib/python3.11/site-packages/airflow/example_dags/example_branch_day_of_week_operator.py
[2024-02-26T16:14:32.361+0000] {logging_mixin.py:188} INFO - [2024-02-26T16:14:32.361+0000] {dag.py:3047} INFO - Sync 1 DAGs
[2024-02-26T16:14:32.375+0000] {logging_mixin.py:188} INFO - [2024-02-26T16:14:32.375+0000] {dag.py:3834} INFO - Setting next_dagrun for example_weekday_branch_operator to 2024-02-25 00:00:00+00:00, run_after=2024-02-26 00:00:00+00:00
[2024-02-26T16:14:32.384+0000] {processor.py:183} INFO - Processing /home/airflow/.local/lib/python3.11/site-packages/airflow/example_dags/example_branch_day_of_week_operator.py took 0.055 seconds
