[2024-02-26T15:48:36.095+0000] {processor.py:161} INFO - Started process (PID=356) to work on /home/airflow/.local/lib/python3.11/site-packages/airflow/example_dags/example_sensors.py
[2024-02-26T15:48:36.097+0000] {processor.py:830} INFO - Processing file /home/airflow/.local/lib/python3.11/site-packages/airflow/example_dags/example_sensors.py for tasks to queue
[2024-02-26T15:48:36.099+0000] {logging_mixin.py:188} INFO - [2024-02-26T15:48:36.098+0000] {dagbag.py:540} INFO - Filling up the DagBag from /home/airflow/.local/lib/python3.11/site-packages/airflow/example_dags/example_sensors.py
[2024-02-26T15:48:36.108+0000] {processor.py:840} INFO - DAG(s) 'example_sensors' retrieved from /home/airflow/.local/lib/python3.11/site-packages/airflow/example_dags/example_sensors.py
[2024-02-26T15:48:36.121+0000] {logging_mixin.py:188} INFO - [2024-02-26T15:48:36.121+0000] {dag.py:3047} INFO - Sync 1 DAGs
[2024-02-26T15:48:36.130+0000] {logging_mixin.py:188} INFO - [2024-02-26T15:48:36.130+0000] {dag.py:3834} INFO - Setting next_dagrun for example_sensors to None, run_after=None
[2024-02-26T15:48:36.142+0000] {processor.py:183} INFO - Processing /home/airflow/.local/lib/python3.11/site-packages/airflow/example_dags/example_sensors.py took 0.049 seconds
[2024-02-26T15:49:07.035+0000] {processor.py:161} INFO - Started process (PID=603) to work on /home/airflow/.local/lib/python3.11/site-packages/airflow/example_dags/example_sensors.py
[2024-02-26T15:49:07.037+0000] {processor.py:830} INFO - Processing file /home/airflow/.local/lib/python3.11/site-packages/airflow/example_dags/example_sensors.py for tasks to queue
[2024-02-26T15:49:07.039+0000] {logging_mixin.py:188} INFO - [2024-02-26T15:49:07.039+0000] {dagbag.py:540} INFO - Filling up the DagBag from /home/airflow/.local/lib/python3.11/site-packages/airflow/example_dags/example_sensors.py
[2024-02-26T15:49:07.046+0000] {processor.py:840} INFO - DAG(s) 'example_sensors' retrieved from /home/airflow/.local/lib/python3.11/site-packages/airflow/example_dags/example_sensors.py
[2024-02-26T15:49:07.109+0000] {logging_mixin.py:188} INFO - [2024-02-26T15:49:07.109+0000] {dag.py:3047} INFO - Sync 1 DAGs
[2024-02-26T15:49:07.115+0000] {logging_mixin.py:188} INFO - [2024-02-26T15:49:07.115+0000] {dag.py:3834} INFO - Setting next_dagrun for example_sensors to None, run_after=None
[2024-02-26T15:49:07.125+0000] {processor.py:183} INFO - Processing /home/airflow/.local/lib/python3.11/site-packages/airflow/example_dags/example_sensors.py took 0.093 seconds
[2024-02-26T15:49:37.776+0000] {processor.py:161} INFO - Started process (PID=848) to work on /home/airflow/.local/lib/python3.11/site-packages/airflow/example_dags/example_sensors.py
[2024-02-26T15:49:37.778+0000] {processor.py:830} INFO - Processing file /home/airflow/.local/lib/python3.11/site-packages/airflow/example_dags/example_sensors.py for tasks to queue
[2024-02-26T15:49:37.779+0000] {logging_mixin.py:188} INFO - [2024-02-26T15:49:37.779+0000] {dagbag.py:540} INFO - Filling up the DagBag from /home/airflow/.local/lib/python3.11/site-packages/airflow/example_dags/example_sensors.py
[2024-02-26T15:49:37.790+0000] {processor.py:840} INFO - DAG(s) 'example_sensors' retrieved from /home/airflow/.local/lib/python3.11/site-packages/airflow/example_dags/example_sensors.py
[2024-02-26T15:49:37.810+0000] {logging_mixin.py:188} INFO - [2024-02-26T15:49:37.810+0000] {dag.py:3047} INFO - Sync 1 DAGs
[2024-02-26T15:49:37.819+0000] {logging_mixin.py:188} INFO - [2024-02-26T15:49:37.819+0000] {dag.py:3834} INFO - Setting next_dagrun for example_sensors to None, run_after=None
[2024-02-26T15:49:37.831+0000] {processor.py:183} INFO - Processing /home/airflow/.local/lib/python3.11/site-packages/airflow/example_dags/example_sensors.py took 0.057 seconds
[2024-02-26T15:50:08.570+0000] {processor.py:161} INFO - Started process (PID=1096) to work on /home/airflow/.local/lib/python3.11/site-packages/airflow/example_dags/example_sensors.py
[2024-02-26T15:50:08.571+0000] {processor.py:830} INFO - Processing file /home/airflow/.local/lib/python3.11/site-packages/airflow/example_dags/example_sensors.py for tasks to queue
[2024-02-26T15:50:08.573+0000] {logging_mixin.py:188} INFO - [2024-02-26T15:50:08.573+0000] {dagbag.py:540} INFO - Filling up the DagBag from /home/airflow/.local/lib/python3.11/site-packages/airflow/example_dags/example_sensors.py
[2024-02-26T15:50:08.580+0000] {processor.py:840} INFO - DAG(s) 'example_sensors' retrieved from /home/airflow/.local/lib/python3.11/site-packages/airflow/example_dags/example_sensors.py
[2024-02-26T15:50:08.601+0000] {logging_mixin.py:188} INFO - [2024-02-26T15:50:08.601+0000] {dag.py:3047} INFO - Sync 1 DAGs
[2024-02-26T15:50:08.609+0000] {logging_mixin.py:188} INFO - [2024-02-26T15:50:08.609+0000] {dag.py:3834} INFO - Setting next_dagrun for example_sensors to None, run_after=None
[2024-02-26T15:50:08.622+0000] {processor.py:183} INFO - Processing /home/airflow/.local/lib/python3.11/site-packages/airflow/example_dags/example_sensors.py took 0.056 seconds
[2024-02-26T15:50:38.907+0000] {processor.py:161} INFO - Started process (PID=1343) to work on /home/airflow/.local/lib/python3.11/site-packages/airflow/example_dags/example_sensors.py
[2024-02-26T15:50:38.908+0000] {processor.py:830} INFO - Processing file /home/airflow/.local/lib/python3.11/site-packages/airflow/example_dags/example_sensors.py for tasks to queue
[2024-02-26T15:50:38.910+0000] {logging_mixin.py:188} INFO - [2024-02-26T15:50:38.910+0000] {dagbag.py:540} INFO - Filling up the DagBag from /home/airflow/.local/lib/python3.11/site-packages/airflow/example_dags/example_sensors.py
[2024-02-26T15:50:38.921+0000] {processor.py:840} INFO - DAG(s) 'example_sensors' retrieved from /home/airflow/.local/lib/python3.11/site-packages/airflow/example_dags/example_sensors.py
[2024-02-26T15:50:38.941+0000] {logging_mixin.py:188} INFO - [2024-02-26T15:50:38.941+0000] {dag.py:3047} INFO - Sync 1 DAGs
[2024-02-26T15:50:38.949+0000] {logging_mixin.py:188} INFO - [2024-02-26T15:50:38.949+0000] {dag.py:3834} INFO - Setting next_dagrun for example_sensors to None, run_after=None
[2024-02-26T15:50:38.962+0000] {processor.py:183} INFO - Processing /home/airflow/.local/lib/python3.11/site-packages/airflow/example_dags/example_sensors.py took 0.058 seconds
[2024-02-26T15:51:09.637+0000] {processor.py:161} INFO - Started process (PID=1591) to work on /home/airflow/.local/lib/python3.11/site-packages/airflow/example_dags/example_sensors.py
[2024-02-26T15:51:09.639+0000] {processor.py:830} INFO - Processing file /home/airflow/.local/lib/python3.11/site-packages/airflow/example_dags/example_sensors.py for tasks to queue
[2024-02-26T15:51:09.641+0000] {logging_mixin.py:188} INFO - [2024-02-26T15:51:09.640+0000] {dagbag.py:540} INFO - Filling up the DagBag from /home/airflow/.local/lib/python3.11/site-packages/airflow/example_dags/example_sensors.py
[2024-02-26T15:51:09.649+0000] {processor.py:840} INFO - DAG(s) 'example_sensors' retrieved from /home/airflow/.local/lib/python3.11/site-packages/airflow/example_dags/example_sensors.py
[2024-02-26T15:51:09.671+0000] {logging_mixin.py:188} INFO - [2024-02-26T15:51:09.671+0000] {dag.py:3047} INFO - Sync 1 DAGs
[2024-02-26T15:51:09.681+0000] {logging_mixin.py:188} INFO - [2024-02-26T15:51:09.681+0000] {dag.py:3834} INFO - Setting next_dagrun for example_sensors to None, run_after=None
[2024-02-26T15:51:09.696+0000] {processor.py:183} INFO - Processing /home/airflow/.local/lib/python3.11/site-packages/airflow/example_dags/example_sensors.py took 0.062 seconds
[2024-02-26T15:51:40.511+0000] {processor.py:161} INFO - Started process (PID=1838) to work on /home/airflow/.local/lib/python3.11/site-packages/airflow/example_dags/example_sensors.py
[2024-02-26T15:51:40.513+0000] {processor.py:830} INFO - Processing file /home/airflow/.local/lib/python3.11/site-packages/airflow/example_dags/example_sensors.py for tasks to queue
[2024-02-26T15:51:40.514+0000] {logging_mixin.py:188} INFO - [2024-02-26T15:51:40.514+0000] {dagbag.py:540} INFO - Filling up the DagBag from /home/airflow/.local/lib/python3.11/site-packages/airflow/example_dags/example_sensors.py
[2024-02-26T15:51:40.522+0000] {processor.py:840} INFO - DAG(s) 'example_sensors' retrieved from /home/airflow/.local/lib/python3.11/site-packages/airflow/example_dags/example_sensors.py
[2024-02-26T15:51:40.559+0000] {logging_mixin.py:188} INFO - [2024-02-26T15:51:40.558+0000] {dag.py:3047} INFO - Sync 1 DAGs
[2024-02-26T15:51:40.569+0000] {logging_mixin.py:188} INFO - [2024-02-26T15:51:40.569+0000] {dag.py:3834} INFO - Setting next_dagrun for example_sensors to None, run_after=None
[2024-02-26T15:51:40.584+0000] {processor.py:183} INFO - Processing /home/airflow/.local/lib/python3.11/site-packages/airflow/example_dags/example_sensors.py took 0.075 seconds
[2024-02-26T15:52:11.528+0000] {processor.py:161} INFO - Started process (PID=2133) to work on /home/airflow/.local/lib/python3.11/site-packages/airflow/example_dags/example_sensors.py
[2024-02-26T15:52:11.532+0000] {processor.py:830} INFO - Processing file /home/airflow/.local/lib/python3.11/site-packages/airflow/example_dags/example_sensors.py for tasks to queue
[2024-02-26T15:52:11.535+0000] {logging_mixin.py:188} INFO - [2024-02-26T15:52:11.534+0000] {dagbag.py:540} INFO - Filling up the DagBag from /home/airflow/.local/lib/python3.11/site-packages/airflow/example_dags/example_sensors.py
[2024-02-26T15:52:11.557+0000] {processor.py:840} INFO - DAG(s) 'example_sensors' retrieved from /home/airflow/.local/lib/python3.11/site-packages/airflow/example_dags/example_sensors.py
[2024-02-26T15:52:11.617+0000] {logging_mixin.py:188} INFO - [2024-02-26T15:52:11.616+0000] {dag.py:3047} INFO - Sync 1 DAGs
[2024-02-26T15:52:11.636+0000] {logging_mixin.py:188} INFO - [2024-02-26T15:52:11.635+0000] {dag.py:3834} INFO - Setting next_dagrun for example_sensors to None, run_after=None
[2024-02-26T15:52:11.665+0000] {processor.py:183} INFO - Processing /home/airflow/.local/lib/python3.11/site-packages/airflow/example_dags/example_sensors.py took 0.145 seconds
[2024-02-26T15:52:41.789+0000] {processor.py:161} INFO - Started process (PID=2404) to work on /home/airflow/.local/lib/python3.11/site-packages/airflow/example_dags/example_sensors.py
[2024-02-26T15:52:41.792+0000] {processor.py:830} INFO - Processing file /home/airflow/.local/lib/python3.11/site-packages/airflow/example_dags/example_sensors.py for tasks to queue
[2024-02-26T15:52:41.793+0000] {logging_mixin.py:188} INFO - [2024-02-26T15:52:41.793+0000] {dagbag.py:540} INFO - Filling up the DagBag from /home/airflow/.local/lib/python3.11/site-packages/airflow/example_dags/example_sensors.py
[2024-02-26T15:52:41.801+0000] {processor.py:840} INFO - DAG(s) 'example_sensors' retrieved from /home/airflow/.local/lib/python3.11/site-packages/airflow/example_dags/example_sensors.py
[2024-02-26T15:52:41.822+0000] {logging_mixin.py:188} INFO - [2024-02-26T15:52:41.822+0000] {dag.py:3047} INFO - Sync 1 DAGs
[2024-02-26T15:52:41.831+0000] {logging_mixin.py:188} INFO - [2024-02-26T15:52:41.831+0000] {dag.py:3834} INFO - Setting next_dagrun for example_sensors to None, run_after=None
[2024-02-26T15:52:41.842+0000] {processor.py:183} INFO - Processing /home/airflow/.local/lib/python3.11/site-packages/airflow/example_dags/example_sensors.py took 0.055 seconds
[2024-02-26T15:53:12.567+0000] {processor.py:161} INFO - Started process (PID=2649) to work on /home/airflow/.local/lib/python3.11/site-packages/airflow/example_dags/example_sensors.py
[2024-02-26T15:53:12.570+0000] {processor.py:830} INFO - Processing file /home/airflow/.local/lib/python3.11/site-packages/airflow/example_dags/example_sensors.py for tasks to queue
[2024-02-26T15:53:12.571+0000] {logging_mixin.py:188} INFO - [2024-02-26T15:53:12.571+0000] {dagbag.py:540} INFO - Filling up the DagBag from /home/airflow/.local/lib/python3.11/site-packages/airflow/example_dags/example_sensors.py
[2024-02-26T15:53:12.579+0000] {processor.py:840} INFO - DAG(s) 'example_sensors' retrieved from /home/airflow/.local/lib/python3.11/site-packages/airflow/example_dags/example_sensors.py
[2024-02-26T15:53:12.602+0000] {logging_mixin.py:188} INFO - [2024-02-26T15:53:12.602+0000] {dag.py:3047} INFO - Sync 1 DAGs
[2024-02-26T15:53:12.612+0000] {logging_mixin.py:188} INFO - [2024-02-26T15:53:12.612+0000] {dag.py:3834} INFO - Setting next_dagrun for example_sensors to None, run_after=None
[2024-02-26T15:53:12.623+0000] {processor.py:183} INFO - Processing /home/airflow/.local/lib/python3.11/site-packages/airflow/example_dags/example_sensors.py took 0.060 seconds
[2024-02-26T15:53:43.369+0000] {processor.py:161} INFO - Started process (PID=2898) to work on /home/airflow/.local/lib/python3.11/site-packages/airflow/example_dags/example_sensors.py
[2024-02-26T15:53:43.370+0000] {processor.py:830} INFO - Processing file /home/airflow/.local/lib/python3.11/site-packages/airflow/example_dags/example_sensors.py for tasks to queue
[2024-02-26T15:53:43.371+0000] {logging_mixin.py:188} INFO - [2024-02-26T15:53:43.371+0000] {dagbag.py:540} INFO - Filling up the DagBag from /home/airflow/.local/lib/python3.11/site-packages/airflow/example_dags/example_sensors.py
[2024-02-26T15:53:43.378+0000] {processor.py:840} INFO - DAG(s) 'example_sensors' retrieved from /home/airflow/.local/lib/python3.11/site-packages/airflow/example_dags/example_sensors.py
[2024-02-26T15:53:43.398+0000] {logging_mixin.py:188} INFO - [2024-02-26T15:53:43.398+0000] {dag.py:3047} INFO - Sync 1 DAGs
[2024-02-26T15:53:43.406+0000] {logging_mixin.py:188} INFO - [2024-02-26T15:53:43.406+0000] {dag.py:3834} INFO - Setting next_dagrun for example_sensors to None, run_after=None
[2024-02-26T15:53:43.415+0000] {processor.py:183} INFO - Processing /home/airflow/.local/lib/python3.11/site-packages/airflow/example_dags/example_sensors.py took 0.049 seconds
[2024-02-26T15:54:14.163+0000] {processor.py:161} INFO - Started process (PID=3145) to work on /home/airflow/.local/lib/python3.11/site-packages/airflow/example_dags/example_sensors.py
[2024-02-26T15:54:14.165+0000] {processor.py:830} INFO - Processing file /home/airflow/.local/lib/python3.11/site-packages/airflow/example_dags/example_sensors.py for tasks to queue
[2024-02-26T15:54:14.167+0000] {logging_mixin.py:188} INFO - [2024-02-26T15:54:14.166+0000] {dagbag.py:540} INFO - Filling up the DagBag from /home/airflow/.local/lib/python3.11/site-packages/airflow/example_dags/example_sensors.py
[2024-02-26T15:54:14.175+0000] {processor.py:840} INFO - DAG(s) 'example_sensors' retrieved from /home/airflow/.local/lib/python3.11/site-packages/airflow/example_dags/example_sensors.py
[2024-02-26T15:54:14.196+0000] {logging_mixin.py:188} INFO - [2024-02-26T15:54:14.196+0000] {dag.py:3047} INFO - Sync 1 DAGs
[2024-02-26T15:54:14.205+0000] {logging_mixin.py:188} INFO - [2024-02-26T15:54:14.204+0000] {dag.py:3834} INFO - Setting next_dagrun for example_sensors to None, run_after=None
[2024-02-26T15:54:14.217+0000] {processor.py:183} INFO - Processing /home/airflow/.local/lib/python3.11/site-packages/airflow/example_dags/example_sensors.py took 0.057 seconds
[2024-02-26T15:54:45.111+0000] {processor.py:161} INFO - Started process (PID=3392) to work on /home/airflow/.local/lib/python3.11/site-packages/airflow/example_dags/example_sensors.py
[2024-02-26T15:54:45.113+0000] {processor.py:830} INFO - Processing file /home/airflow/.local/lib/python3.11/site-packages/airflow/example_dags/example_sensors.py for tasks to queue
[2024-02-26T15:54:45.114+0000] {logging_mixin.py:188} INFO - [2024-02-26T15:54:45.114+0000] {dagbag.py:540} INFO - Filling up the DagBag from /home/airflow/.local/lib/python3.11/site-packages/airflow/example_dags/example_sensors.py
[2024-02-26T15:54:45.122+0000] {processor.py:840} INFO - DAG(s) 'example_sensors' retrieved from /home/airflow/.local/lib/python3.11/site-packages/airflow/example_dags/example_sensors.py
[2024-02-26T15:54:45.142+0000] {logging_mixin.py:188} INFO - [2024-02-26T15:54:45.142+0000] {dag.py:3047} INFO - Sync 1 DAGs
[2024-02-26T15:54:45.151+0000] {logging_mixin.py:188} INFO - [2024-02-26T15:54:45.151+0000] {dag.py:3834} INFO - Setting next_dagrun for example_sensors to None, run_after=None
[2024-02-26T15:54:45.161+0000] {processor.py:183} INFO - Processing /home/airflow/.local/lib/python3.11/site-packages/airflow/example_dags/example_sensors.py took 0.053 seconds
[2024-02-26T15:55:16.041+0000] {processor.py:161} INFO - Started process (PID=3638) to work on /home/airflow/.local/lib/python3.11/site-packages/airflow/example_dags/example_sensors.py
[2024-02-26T15:55:16.043+0000] {processor.py:830} INFO - Processing file /home/airflow/.local/lib/python3.11/site-packages/airflow/example_dags/example_sensors.py for tasks to queue
[2024-02-26T15:55:16.045+0000] {logging_mixin.py:188} INFO - [2024-02-26T15:55:16.044+0000] {dagbag.py:540} INFO - Filling up the DagBag from /home/airflow/.local/lib/python3.11/site-packages/airflow/example_dags/example_sensors.py
[2024-02-26T15:55:16.052+0000] {processor.py:840} INFO - DAG(s) 'example_sensors' retrieved from /home/airflow/.local/lib/python3.11/site-packages/airflow/example_dags/example_sensors.py
[2024-02-26T15:55:16.073+0000] {logging_mixin.py:188} INFO - [2024-02-26T15:55:16.073+0000] {dag.py:3047} INFO - Sync 1 DAGs
[2024-02-26T15:55:16.082+0000] {logging_mixin.py:188} INFO - [2024-02-26T15:55:16.082+0000] {dag.py:3834} INFO - Setting next_dagrun for example_sensors to None, run_after=None
[2024-02-26T15:55:16.095+0000] {processor.py:183} INFO - Processing /home/airflow/.local/lib/python3.11/site-packages/airflow/example_dags/example_sensors.py took 0.056 seconds
[2024-02-26T15:55:46.224+0000] {processor.py:161} INFO - Started process (PID=3883) to work on /home/airflow/.local/lib/python3.11/site-packages/airflow/example_dags/example_sensors.py
[2024-02-26T15:55:46.227+0000] {processor.py:830} INFO - Processing file /home/airflow/.local/lib/python3.11/site-packages/airflow/example_dags/example_sensors.py for tasks to queue
[2024-02-26T15:55:46.229+0000] {logging_mixin.py:188} INFO - [2024-02-26T15:55:46.229+0000] {dagbag.py:540} INFO - Filling up the DagBag from /home/airflow/.local/lib/python3.11/site-packages/airflow/example_dags/example_sensors.py
[2024-02-26T15:55:46.239+0000] {processor.py:840} INFO - DAG(s) 'example_sensors' retrieved from /home/airflow/.local/lib/python3.11/site-packages/airflow/example_dags/example_sensors.py
[2024-02-26T15:55:46.266+0000] {logging_mixin.py:188} INFO - [2024-02-26T15:55:46.266+0000] {dag.py:3047} INFO - Sync 1 DAGs
[2024-02-26T15:55:46.277+0000] {logging_mixin.py:188} INFO - [2024-02-26T15:55:46.277+0000] {dag.py:3834} INFO - Setting next_dagrun for example_sensors to None, run_after=None
[2024-02-26T15:55:46.296+0000] {processor.py:183} INFO - Processing /home/airflow/.local/lib/python3.11/site-packages/airflow/example_dags/example_sensors.py took 0.075 seconds
[2024-02-26T15:56:16.329+0000] {processor.py:161} INFO - Started process (PID=4130) to work on /home/airflow/.local/lib/python3.11/site-packages/airflow/example_dags/example_sensors.py
[2024-02-26T15:56:16.331+0000] {processor.py:830} INFO - Processing file /home/airflow/.local/lib/python3.11/site-packages/airflow/example_dags/example_sensors.py for tasks to queue
[2024-02-26T15:56:16.333+0000] {logging_mixin.py:188} INFO - [2024-02-26T15:56:16.332+0000] {dagbag.py:540} INFO - Filling up the DagBag from /home/airflow/.local/lib/python3.11/site-packages/airflow/example_dags/example_sensors.py
[2024-02-26T15:56:16.341+0000] {processor.py:840} INFO - DAG(s) 'example_sensors' retrieved from /home/airflow/.local/lib/python3.11/site-packages/airflow/example_dags/example_sensors.py
[2024-02-26T15:56:16.361+0000] {logging_mixin.py:188} INFO - [2024-02-26T15:56:16.361+0000] {dag.py:3047} INFO - Sync 1 DAGs
[2024-02-26T15:56:16.371+0000] {logging_mixin.py:188} INFO - [2024-02-26T15:56:16.371+0000] {dag.py:3834} INFO - Setting next_dagrun for example_sensors to None, run_after=None
[2024-02-26T15:56:16.384+0000] {processor.py:183} INFO - Processing /home/airflow/.local/lib/python3.11/site-packages/airflow/example_dags/example_sensors.py took 0.058 seconds
[2024-02-26T15:56:46.853+0000] {processor.py:161} INFO - Started process (PID=4380) to work on /home/airflow/.local/lib/python3.11/site-packages/airflow/example_dags/example_sensors.py
[2024-02-26T15:56:46.855+0000] {processor.py:830} INFO - Processing file /home/airflow/.local/lib/python3.11/site-packages/airflow/example_dags/example_sensors.py for tasks to queue
[2024-02-26T15:56:46.857+0000] {logging_mixin.py:188} INFO - [2024-02-26T15:56:46.856+0000] {dagbag.py:540} INFO - Filling up the DagBag from /home/airflow/.local/lib/python3.11/site-packages/airflow/example_dags/example_sensors.py
[2024-02-26T15:56:46.865+0000] {processor.py:840} INFO - DAG(s) 'example_sensors' retrieved from /home/airflow/.local/lib/python3.11/site-packages/airflow/example_dags/example_sensors.py
[2024-02-26T15:56:46.889+0000] {logging_mixin.py:188} INFO - [2024-02-26T15:56:46.889+0000] {dag.py:3047} INFO - Sync 1 DAGs
[2024-02-26T15:56:46.898+0000] {logging_mixin.py:188} INFO - [2024-02-26T15:56:46.898+0000] {dag.py:3834} INFO - Setting next_dagrun for example_sensors to None, run_after=None
[2024-02-26T15:56:46.911+0000] {processor.py:183} INFO - Processing /home/airflow/.local/lib/python3.11/site-packages/airflow/example_dags/example_sensors.py took 0.061 seconds
[2024-02-26T15:57:17.157+0000] {processor.py:161} INFO - Started process (PID=4625) to work on /home/airflow/.local/lib/python3.11/site-packages/airflow/example_dags/example_sensors.py
[2024-02-26T15:57:17.159+0000] {processor.py:830} INFO - Processing file /home/airflow/.local/lib/python3.11/site-packages/airflow/example_dags/example_sensors.py for tasks to queue
[2024-02-26T15:57:17.161+0000] {logging_mixin.py:188} INFO - [2024-02-26T15:57:17.160+0000] {dagbag.py:540} INFO - Filling up the DagBag from /home/airflow/.local/lib/python3.11/site-packages/airflow/example_dags/example_sensors.py
[2024-02-26T15:57:17.169+0000] {processor.py:840} INFO - DAG(s) 'example_sensors' retrieved from /home/airflow/.local/lib/python3.11/site-packages/airflow/example_dags/example_sensors.py
[2024-02-26T15:57:17.195+0000] {logging_mixin.py:188} INFO - [2024-02-26T15:57:17.195+0000] {dag.py:3047} INFO - Sync 1 DAGs
[2024-02-26T15:57:17.207+0000] {logging_mixin.py:188} INFO - [2024-02-26T15:57:17.207+0000] {dag.py:3834} INFO - Setting next_dagrun for example_sensors to None, run_after=None
[2024-02-26T15:57:17.228+0000] {processor.py:183} INFO - Processing /home/airflow/.local/lib/python3.11/site-packages/airflow/example_dags/example_sensors.py took 0.075 seconds
[2024-02-26T15:57:47.420+0000] {processor.py:161} INFO - Started process (PID=4872) to work on /home/airflow/.local/lib/python3.11/site-packages/airflow/example_dags/example_sensors.py
[2024-02-26T15:57:47.422+0000] {processor.py:830} INFO - Processing file /home/airflow/.local/lib/python3.11/site-packages/airflow/example_dags/example_sensors.py for tasks to queue
[2024-02-26T15:57:47.424+0000] {logging_mixin.py:188} INFO - [2024-02-26T15:57:47.424+0000] {dagbag.py:540} INFO - Filling up the DagBag from /home/airflow/.local/lib/python3.11/site-packages/airflow/example_dags/example_sensors.py
[2024-02-26T15:57:47.432+0000] {processor.py:840} INFO - DAG(s) 'example_sensors' retrieved from /home/airflow/.local/lib/python3.11/site-packages/airflow/example_dags/example_sensors.py
[2024-02-26T15:57:47.459+0000] {logging_mixin.py:188} INFO - [2024-02-26T15:57:47.459+0000] {dag.py:3047} INFO - Sync 1 DAGs
[2024-02-26T15:57:47.469+0000] {logging_mixin.py:188} INFO - [2024-02-26T15:57:47.469+0000] {dag.py:3834} INFO - Setting next_dagrun for example_sensors to None, run_after=None
[2024-02-26T15:57:47.487+0000] {processor.py:183} INFO - Processing /home/airflow/.local/lib/python3.11/site-packages/airflow/example_dags/example_sensors.py took 0.070 seconds
[2024-02-26T15:58:17.700+0000] {processor.py:161} INFO - Started process (PID=5119) to work on /home/airflow/.local/lib/python3.11/site-packages/airflow/example_dags/example_sensors.py
[2024-02-26T15:58:17.702+0000] {processor.py:830} INFO - Processing file /home/airflow/.local/lib/python3.11/site-packages/airflow/example_dags/example_sensors.py for tasks to queue
[2024-02-26T15:58:17.704+0000] {logging_mixin.py:188} INFO - [2024-02-26T15:58:17.704+0000] {dagbag.py:540} INFO - Filling up the DagBag from /home/airflow/.local/lib/python3.11/site-packages/airflow/example_dags/example_sensors.py
[2024-02-26T15:58:17.716+0000] {processor.py:840} INFO - DAG(s) 'example_sensors' retrieved from /home/airflow/.local/lib/python3.11/site-packages/airflow/example_dags/example_sensors.py
[2024-02-26T15:58:17.741+0000] {logging_mixin.py:188} INFO - [2024-02-26T15:58:17.741+0000] {dag.py:3047} INFO - Sync 1 DAGs
[2024-02-26T15:58:17.751+0000] {logging_mixin.py:188} INFO - [2024-02-26T15:58:17.751+0000] {dag.py:3834} INFO - Setting next_dagrun for example_sensors to None, run_after=None
[2024-02-26T15:58:17.768+0000] {processor.py:183} INFO - Processing /home/airflow/.local/lib/python3.11/site-packages/airflow/example_dags/example_sensors.py took 0.071 seconds
[2024-02-26T15:58:48.047+0000] {processor.py:161} INFO - Started process (PID=5367) to work on /home/airflow/.local/lib/python3.11/site-packages/airflow/example_dags/example_sensors.py
[2024-02-26T15:58:48.049+0000] {processor.py:830} INFO - Processing file /home/airflow/.local/lib/python3.11/site-packages/airflow/example_dags/example_sensors.py for tasks to queue
[2024-02-26T15:58:48.051+0000] {logging_mixin.py:188} INFO - [2024-02-26T15:58:48.050+0000] {dagbag.py:540} INFO - Filling up the DagBag from /home/airflow/.local/lib/python3.11/site-packages/airflow/example_dags/example_sensors.py
[2024-02-26T15:58:48.059+0000] {processor.py:840} INFO - DAG(s) 'example_sensors' retrieved from /home/airflow/.local/lib/python3.11/site-packages/airflow/example_dags/example_sensors.py
[2024-02-26T15:58:48.084+0000] {logging_mixin.py:188} INFO - [2024-02-26T15:58:48.084+0000] {dag.py:3047} INFO - Sync 1 DAGs
[2024-02-26T15:58:48.095+0000] {logging_mixin.py:188} INFO - [2024-02-26T15:58:48.095+0000] {dag.py:3834} INFO - Setting next_dagrun for example_sensors to None, run_after=None
[2024-02-26T15:58:48.112+0000] {processor.py:183} INFO - Processing /home/airflow/.local/lib/python3.11/site-packages/airflow/example_dags/example_sensors.py took 0.069 seconds
[2024-02-26T15:59:18.187+0000] {processor.py:161} INFO - Started process (PID=5617) to work on /home/airflow/.local/lib/python3.11/site-packages/airflow/example_dags/example_sensors.py
[2024-02-26T15:59:18.189+0000] {processor.py:830} INFO - Processing file /home/airflow/.local/lib/python3.11/site-packages/airflow/example_dags/example_sensors.py for tasks to queue
[2024-02-26T15:59:18.191+0000] {logging_mixin.py:188} INFO - [2024-02-26T15:59:18.190+0000] {dagbag.py:540} INFO - Filling up the DagBag from /home/airflow/.local/lib/python3.11/site-packages/airflow/example_dags/example_sensors.py
[2024-02-26T15:59:18.197+0000] {processor.py:840} INFO - DAG(s) 'example_sensors' retrieved from /home/airflow/.local/lib/python3.11/site-packages/airflow/example_dags/example_sensors.py
[2024-02-26T15:59:18.217+0000] {logging_mixin.py:188} INFO - [2024-02-26T15:59:18.217+0000] {dag.py:3047} INFO - Sync 1 DAGs
[2024-02-26T15:59:18.225+0000] {logging_mixin.py:188} INFO - [2024-02-26T15:59:18.225+0000] {dag.py:3834} INFO - Setting next_dagrun for example_sensors to None, run_after=None
[2024-02-26T15:59:18.235+0000] {processor.py:183} INFO - Processing /home/airflow/.local/lib/python3.11/site-packages/airflow/example_dags/example_sensors.py took 0.051 seconds
[2024-02-26T15:59:49.171+0000] {processor.py:161} INFO - Started process (PID=5862) to work on /home/airflow/.local/lib/python3.11/site-packages/airflow/example_dags/example_sensors.py
[2024-02-26T15:59:49.173+0000] {processor.py:830} INFO - Processing file /home/airflow/.local/lib/python3.11/site-packages/airflow/example_dags/example_sensors.py for tasks to queue
[2024-02-26T15:59:49.175+0000] {logging_mixin.py:188} INFO - [2024-02-26T15:59:49.175+0000] {dagbag.py:540} INFO - Filling up the DagBag from /home/airflow/.local/lib/python3.11/site-packages/airflow/example_dags/example_sensors.py
[2024-02-26T15:59:49.187+0000] {processor.py:840} INFO - DAG(s) 'example_sensors' retrieved from /home/airflow/.local/lib/python3.11/site-packages/airflow/example_dags/example_sensors.py
[2024-02-26T15:59:49.209+0000] {logging_mixin.py:188} INFO - [2024-02-26T15:59:49.209+0000] {dag.py:3047} INFO - Sync 1 DAGs
[2024-02-26T15:59:49.221+0000] {logging_mixin.py:188} INFO - [2024-02-26T15:59:49.220+0000] {dag.py:3834} INFO - Setting next_dagrun for example_sensors to None, run_after=None
[2024-02-26T15:59:49.235+0000] {processor.py:183} INFO - Processing /home/airflow/.local/lib/python3.11/site-packages/airflow/example_dags/example_sensors.py took 0.068 seconds
[2024-02-26T16:00:20.020+0000] {processor.py:161} INFO - Started process (PID=6109) to work on /home/airflow/.local/lib/python3.11/site-packages/airflow/example_dags/example_sensors.py
[2024-02-26T16:00:20.021+0000] {processor.py:830} INFO - Processing file /home/airflow/.local/lib/python3.11/site-packages/airflow/example_dags/example_sensors.py for tasks to queue
[2024-02-26T16:00:20.023+0000] {logging_mixin.py:188} INFO - [2024-02-26T16:00:20.022+0000] {dagbag.py:540} INFO - Filling up the DagBag from /home/airflow/.local/lib/python3.11/site-packages/airflow/example_dags/example_sensors.py
[2024-02-26T16:00:20.031+0000] {processor.py:840} INFO - DAG(s) 'example_sensors' retrieved from /home/airflow/.local/lib/python3.11/site-packages/airflow/example_dags/example_sensors.py
[2024-02-26T16:00:20.052+0000] {logging_mixin.py:188} INFO - [2024-02-26T16:00:20.052+0000] {dag.py:3047} INFO - Sync 1 DAGs
[2024-02-26T16:00:20.061+0000] {logging_mixin.py:188} INFO - [2024-02-26T16:00:20.061+0000] {dag.py:3834} INFO - Setting next_dagrun for example_sensors to None, run_after=None
[2024-02-26T16:00:20.074+0000] {processor.py:183} INFO - Processing /home/airflow/.local/lib/python3.11/site-packages/airflow/example_dags/example_sensors.py took 0.057 seconds
[2024-02-26T16:00:50.868+0000] {processor.py:161} INFO - Started process (PID=6355) to work on /home/airflow/.local/lib/python3.11/site-packages/airflow/example_dags/example_sensors.py
[2024-02-26T16:00:50.870+0000] {processor.py:830} INFO - Processing file /home/airflow/.local/lib/python3.11/site-packages/airflow/example_dags/example_sensors.py for tasks to queue
[2024-02-26T16:00:50.871+0000] {logging_mixin.py:188} INFO - [2024-02-26T16:00:50.871+0000] {dagbag.py:540} INFO - Filling up the DagBag from /home/airflow/.local/lib/python3.11/site-packages/airflow/example_dags/example_sensors.py
[2024-02-26T16:00:50.879+0000] {processor.py:840} INFO - DAG(s) 'example_sensors' retrieved from /home/airflow/.local/lib/python3.11/site-packages/airflow/example_dags/example_sensors.py
[2024-02-26T16:00:50.901+0000] {logging_mixin.py:188} INFO - [2024-02-26T16:00:50.900+0000] {dag.py:3047} INFO - Sync 1 DAGs
[2024-02-26T16:00:50.909+0000] {logging_mixin.py:188} INFO - [2024-02-26T16:00:50.909+0000] {dag.py:3834} INFO - Setting next_dagrun for example_sensors to None, run_after=None
[2024-02-26T16:00:50.921+0000] {processor.py:183} INFO - Processing /home/airflow/.local/lib/python3.11/site-packages/airflow/example_dags/example_sensors.py took 0.056 seconds
[2024-02-26T16:01:21.768+0000] {processor.py:161} INFO - Started process (PID=6604) to work on /home/airflow/.local/lib/python3.11/site-packages/airflow/example_dags/example_sensors.py
[2024-02-26T16:01:21.770+0000] {processor.py:830} INFO - Processing file /home/airflow/.local/lib/python3.11/site-packages/airflow/example_dags/example_sensors.py for tasks to queue
[2024-02-26T16:01:21.771+0000] {logging_mixin.py:188} INFO - [2024-02-26T16:01:21.771+0000] {dagbag.py:540} INFO - Filling up the DagBag from /home/airflow/.local/lib/python3.11/site-packages/airflow/example_dags/example_sensors.py
[2024-02-26T16:01:21.778+0000] {processor.py:840} INFO - DAG(s) 'example_sensors' retrieved from /home/airflow/.local/lib/python3.11/site-packages/airflow/example_dags/example_sensors.py
[2024-02-26T16:01:21.798+0000] {logging_mixin.py:188} INFO - [2024-02-26T16:01:21.798+0000] {dag.py:3047} INFO - Sync 1 DAGs
[2024-02-26T16:01:21.806+0000] {logging_mixin.py:188} INFO - [2024-02-26T16:01:21.806+0000] {dag.py:3834} INFO - Setting next_dagrun for example_sensors to None, run_after=None
[2024-02-26T16:01:21.817+0000] {processor.py:183} INFO - Processing /home/airflow/.local/lib/python3.11/site-packages/airflow/example_dags/example_sensors.py took 0.051 seconds
[2024-02-26T16:01:51.930+0000] {processor.py:161} INFO - Started process (PID=6851) to work on /home/airflow/.local/lib/python3.11/site-packages/airflow/example_dags/example_sensors.py
[2024-02-26T16:01:51.934+0000] {processor.py:830} INFO - Processing file /home/airflow/.local/lib/python3.11/site-packages/airflow/example_dags/example_sensors.py for tasks to queue
[2024-02-26T16:01:51.936+0000] {logging_mixin.py:188} INFO - [2024-02-26T16:01:51.935+0000] {dagbag.py:540} INFO - Filling up the DagBag from /home/airflow/.local/lib/python3.11/site-packages/airflow/example_dags/example_sensors.py
[2024-02-26T16:01:51.943+0000] {processor.py:840} INFO - DAG(s) 'example_sensors' retrieved from /home/airflow/.local/lib/python3.11/site-packages/airflow/example_dags/example_sensors.py
[2024-02-26T16:01:51.962+0000] {logging_mixin.py:188} INFO - [2024-02-26T16:01:51.962+0000] {dag.py:3047} INFO - Sync 1 DAGs
[2024-02-26T16:01:51.970+0000] {logging_mixin.py:188} INFO - [2024-02-26T16:01:51.970+0000] {dag.py:3834} INFO - Setting next_dagrun for example_sensors to None, run_after=None
[2024-02-26T16:01:51.980+0000] {processor.py:183} INFO - Processing /home/airflow/.local/lib/python3.11/site-packages/airflow/example_dags/example_sensors.py took 0.053 seconds
[2024-02-26T16:02:22.232+0000] {processor.py:161} INFO - Started process (PID=7096) to work on /home/airflow/.local/lib/python3.11/site-packages/airflow/example_dags/example_sensors.py
[2024-02-26T16:02:22.234+0000] {processor.py:830} INFO - Processing file /home/airflow/.local/lib/python3.11/site-packages/airflow/example_dags/example_sensors.py for tasks to queue
[2024-02-26T16:02:22.240+0000] {logging_mixin.py:188} INFO - [2024-02-26T16:02:22.239+0000] {dagbag.py:540} INFO - Filling up the DagBag from /home/airflow/.local/lib/python3.11/site-packages/airflow/example_dags/example_sensors.py
[2024-02-26T16:02:22.250+0000] {processor.py:840} INFO - DAG(s) 'example_sensors' retrieved from /home/airflow/.local/lib/python3.11/site-packages/airflow/example_dags/example_sensors.py
[2024-02-26T16:02:22.276+0000] {logging_mixin.py:188} INFO - [2024-02-26T16:02:22.276+0000] {dag.py:3047} INFO - Sync 1 DAGs
[2024-02-26T16:02:22.285+0000] {logging_mixin.py:188} INFO - [2024-02-26T16:02:22.285+0000] {dag.py:3834} INFO - Setting next_dagrun for example_sensors to None, run_after=None
[2024-02-26T16:02:22.297+0000] {processor.py:183} INFO - Processing /home/airflow/.local/lib/python3.11/site-packages/airflow/example_dags/example_sensors.py took 0.068 seconds
[2024-02-26T16:02:53.251+0000] {processor.py:161} INFO - Started process (PID=7343) to work on /home/airflow/.local/lib/python3.11/site-packages/airflow/example_dags/example_sensors.py
[2024-02-26T16:02:53.253+0000] {processor.py:830} INFO - Processing file /home/airflow/.local/lib/python3.11/site-packages/airflow/example_dags/example_sensors.py for tasks to queue
[2024-02-26T16:02:53.255+0000] {logging_mixin.py:188} INFO - [2024-02-26T16:02:53.254+0000] {dagbag.py:540} INFO - Filling up the DagBag from /home/airflow/.local/lib/python3.11/site-packages/airflow/example_dags/example_sensors.py
[2024-02-26T16:02:53.262+0000] {processor.py:840} INFO - DAG(s) 'example_sensors' retrieved from /home/airflow/.local/lib/python3.11/site-packages/airflow/example_dags/example_sensors.py
[2024-02-26T16:02:53.285+0000] {logging_mixin.py:188} INFO - [2024-02-26T16:02:53.285+0000] {dag.py:3047} INFO - Sync 1 DAGs
[2024-02-26T16:02:53.294+0000] {logging_mixin.py:188} INFO - [2024-02-26T16:02:53.294+0000] {dag.py:3834} INFO - Setting next_dagrun for example_sensors to None, run_after=None
[2024-02-26T16:02:53.307+0000] {processor.py:183} INFO - Processing /home/airflow/.local/lib/python3.11/site-packages/airflow/example_dags/example_sensors.py took 0.060 seconds
[2024-02-26T16:03:23.489+0000] {processor.py:161} INFO - Started process (PID=7592) to work on /home/airflow/.local/lib/python3.11/site-packages/airflow/example_dags/example_sensors.py
[2024-02-26T16:03:23.492+0000] {processor.py:830} INFO - Processing file /home/airflow/.local/lib/python3.11/site-packages/airflow/example_dags/example_sensors.py for tasks to queue
[2024-02-26T16:03:23.496+0000] {logging_mixin.py:188} INFO - [2024-02-26T16:03:23.495+0000] {dagbag.py:540} INFO - Filling up the DagBag from /home/airflow/.local/lib/python3.11/site-packages/airflow/example_dags/example_sensors.py
[2024-02-26T16:03:23.506+0000] {processor.py:840} INFO - DAG(s) 'example_sensors' retrieved from /home/airflow/.local/lib/python3.11/site-packages/airflow/example_dags/example_sensors.py
[2024-02-26T16:03:23.531+0000] {logging_mixin.py:188} INFO - [2024-02-26T16:03:23.531+0000] {dag.py:3047} INFO - Sync 1 DAGs
[2024-02-26T16:03:23.542+0000] {logging_mixin.py:188} INFO - [2024-02-26T16:03:23.541+0000] {dag.py:3834} INFO - Setting next_dagrun for example_sensors to None, run_after=None
[2024-02-26T16:03:23.556+0000] {processor.py:183} INFO - Processing /home/airflow/.local/lib/python3.11/site-packages/airflow/example_dags/example_sensors.py took 0.070 seconds
[2024-02-26T16:03:54.535+0000] {processor.py:161} INFO - Started process (PID=7840) to work on /home/airflow/.local/lib/python3.11/site-packages/airflow/example_dags/example_sensors.py
[2024-02-26T16:03:54.538+0000] {processor.py:830} INFO - Processing file /home/airflow/.local/lib/python3.11/site-packages/airflow/example_dags/example_sensors.py for tasks to queue
[2024-02-26T16:03:54.540+0000] {logging_mixin.py:188} INFO - [2024-02-26T16:03:54.539+0000] {dagbag.py:540} INFO - Filling up the DagBag from /home/airflow/.local/lib/python3.11/site-packages/airflow/example_dags/example_sensors.py
[2024-02-26T16:03:54.549+0000] {processor.py:840} INFO - DAG(s) 'example_sensors' retrieved from /home/airflow/.local/lib/python3.11/site-packages/airflow/example_dags/example_sensors.py
[2024-02-26T16:03:54.568+0000] {logging_mixin.py:188} INFO - [2024-02-26T16:03:54.568+0000] {dag.py:3047} INFO - Sync 1 DAGs
[2024-02-26T16:03:54.577+0000] {logging_mixin.py:188} INFO - [2024-02-26T16:03:54.576+0000] {dag.py:3834} INFO - Setting next_dagrun for example_sensors to None, run_after=None
[2024-02-26T16:03:54.588+0000] {processor.py:183} INFO - Processing /home/airflow/.local/lib/python3.11/site-packages/airflow/example_dags/example_sensors.py took 0.058 seconds
[2024-02-26T16:04:25.202+0000] {processor.py:161} INFO - Started process (PID=8087) to work on /home/airflow/.local/lib/python3.11/site-packages/airflow/example_dags/example_sensors.py
[2024-02-26T16:04:25.203+0000] {processor.py:830} INFO - Processing file /home/airflow/.local/lib/python3.11/site-packages/airflow/example_dags/example_sensors.py for tasks to queue
[2024-02-26T16:04:25.207+0000] {logging_mixin.py:188} INFO - [2024-02-26T16:04:25.207+0000] {dagbag.py:540} INFO - Filling up the DagBag from /home/airflow/.local/lib/python3.11/site-packages/airflow/example_dags/example_sensors.py
[2024-02-26T16:04:25.214+0000] {processor.py:840} INFO - DAG(s) 'example_sensors' retrieved from /home/airflow/.local/lib/python3.11/site-packages/airflow/example_dags/example_sensors.py
[2024-02-26T16:04:25.235+0000] {logging_mixin.py:188} INFO - [2024-02-26T16:04:25.235+0000] {dag.py:3047} INFO - Sync 1 DAGs
[2024-02-26T16:04:25.244+0000] {logging_mixin.py:188} INFO - [2024-02-26T16:04:25.244+0000] {dag.py:3834} INFO - Setting next_dagrun for example_sensors to None, run_after=None
[2024-02-26T16:04:25.254+0000] {processor.py:183} INFO - Processing /home/airflow/.local/lib/python3.11/site-packages/airflow/example_dags/example_sensors.py took 0.055 seconds
[2024-02-26T16:04:56.005+0000] {processor.py:161} INFO - Started process (PID=8334) to work on /home/airflow/.local/lib/python3.11/site-packages/airflow/example_dags/example_sensors.py
[2024-02-26T16:04:56.007+0000] {processor.py:830} INFO - Processing file /home/airflow/.local/lib/python3.11/site-packages/airflow/example_dags/example_sensors.py for tasks to queue
[2024-02-26T16:04:56.008+0000] {logging_mixin.py:188} INFO - [2024-02-26T16:04:56.007+0000] {dagbag.py:540} INFO - Filling up the DagBag from /home/airflow/.local/lib/python3.11/site-packages/airflow/example_dags/example_sensors.py
[2024-02-26T16:04:56.016+0000] {processor.py:840} INFO - DAG(s) 'example_sensors' retrieved from /home/airflow/.local/lib/python3.11/site-packages/airflow/example_dags/example_sensors.py
[2024-02-26T16:04:56.036+0000] {logging_mixin.py:188} INFO - [2024-02-26T16:04:56.036+0000] {dag.py:3047} INFO - Sync 1 DAGs
[2024-02-26T16:04:56.044+0000] {logging_mixin.py:188} INFO - [2024-02-26T16:04:56.043+0000] {dag.py:3834} INFO - Setting next_dagrun for example_sensors to None, run_after=None
[2024-02-26T16:04:56.054+0000] {processor.py:183} INFO - Processing /home/airflow/.local/lib/python3.11/site-packages/airflow/example_dags/example_sensors.py took 0.052 seconds
[2024-02-26T16:05:26.815+0000] {processor.py:161} INFO - Started process (PID=8581) to work on /home/airflow/.local/lib/python3.11/site-packages/airflow/example_dags/example_sensors.py
[2024-02-26T16:05:26.819+0000] {processor.py:830} INFO - Processing file /home/airflow/.local/lib/python3.11/site-packages/airflow/example_dags/example_sensors.py for tasks to queue
[2024-02-26T16:05:26.820+0000] {logging_mixin.py:188} INFO - [2024-02-26T16:05:26.820+0000] {dagbag.py:540} INFO - Filling up the DagBag from /home/airflow/.local/lib/python3.11/site-packages/airflow/example_dags/example_sensors.py
[2024-02-26T16:05:26.828+0000] {processor.py:840} INFO - DAG(s) 'example_sensors' retrieved from /home/airflow/.local/lib/python3.11/site-packages/airflow/example_dags/example_sensors.py
[2024-02-26T16:05:26.847+0000] {logging_mixin.py:188} INFO - [2024-02-26T16:05:26.847+0000] {dag.py:3047} INFO - Sync 1 DAGs
[2024-02-26T16:05:26.856+0000] {logging_mixin.py:188} INFO - [2024-02-26T16:05:26.855+0000] {dag.py:3834} INFO - Setting next_dagrun for example_sensors to None, run_after=None
[2024-02-26T16:05:26.866+0000] {processor.py:183} INFO - Processing /home/airflow/.local/lib/python3.11/site-packages/airflow/example_dags/example_sensors.py took 0.054 seconds
[2024-02-26T16:05:57.519+0000] {processor.py:161} INFO - Started process (PID=8828) to work on /home/airflow/.local/lib/python3.11/site-packages/airflow/example_dags/example_sensors.py
[2024-02-26T16:05:57.520+0000] {processor.py:830} INFO - Processing file /home/airflow/.local/lib/python3.11/site-packages/airflow/example_dags/example_sensors.py for tasks to queue
[2024-02-26T16:05:57.521+0000] {logging_mixin.py:188} INFO - [2024-02-26T16:05:57.521+0000] {dagbag.py:540} INFO - Filling up the DagBag from /home/airflow/.local/lib/python3.11/site-packages/airflow/example_dags/example_sensors.py
[2024-02-26T16:05:57.528+0000] {processor.py:840} INFO - DAG(s) 'example_sensors' retrieved from /home/airflow/.local/lib/python3.11/site-packages/airflow/example_dags/example_sensors.py
[2024-02-26T16:05:57.550+0000] {logging_mixin.py:188} INFO - [2024-02-26T16:05:57.550+0000] {dag.py:3047} INFO - Sync 1 DAGs
[2024-02-26T16:05:57.559+0000] {logging_mixin.py:188} INFO - [2024-02-26T16:05:57.559+0000] {dag.py:3834} INFO - Setting next_dagrun for example_sensors to None, run_after=None
[2024-02-26T16:05:57.569+0000] {processor.py:183} INFO - Processing /home/airflow/.local/lib/python3.11/site-packages/airflow/example_dags/example_sensors.py took 0.054 seconds
[2024-02-26T16:06:28.422+0000] {processor.py:161} INFO - Started process (PID=9081) to work on /home/airflow/.local/lib/python3.11/site-packages/airflow/example_dags/example_sensors.py
[2024-02-26T16:06:28.424+0000] {processor.py:830} INFO - Processing file /home/airflow/.local/lib/python3.11/site-packages/airflow/example_dags/example_sensors.py for tasks to queue
[2024-02-26T16:06:28.425+0000] {logging_mixin.py:188} INFO - [2024-02-26T16:06:28.425+0000] {dagbag.py:540} INFO - Filling up the DagBag from /home/airflow/.local/lib/python3.11/site-packages/airflow/example_dags/example_sensors.py
[2024-02-26T16:06:28.432+0000] {processor.py:840} INFO - DAG(s) 'example_sensors' retrieved from /home/airflow/.local/lib/python3.11/site-packages/airflow/example_dags/example_sensors.py
[2024-02-26T16:06:28.452+0000] {logging_mixin.py:188} INFO - [2024-02-26T16:06:28.452+0000] {dag.py:3047} INFO - Sync 1 DAGs
[2024-02-26T16:06:28.460+0000] {logging_mixin.py:188} INFO - [2024-02-26T16:06:28.460+0000] {dag.py:3834} INFO - Setting next_dagrun for example_sensors to None, run_after=None
[2024-02-26T16:06:28.471+0000] {processor.py:183} INFO - Processing /home/airflow/.local/lib/python3.11/site-packages/airflow/example_dags/example_sensors.py took 0.052 seconds
[2024-02-26T16:06:59.293+0000] {processor.py:161} INFO - Started process (PID=9328) to work on /home/airflow/.local/lib/python3.11/site-packages/airflow/example_dags/example_sensors.py
[2024-02-26T16:06:59.295+0000] {processor.py:830} INFO - Processing file /home/airflow/.local/lib/python3.11/site-packages/airflow/example_dags/example_sensors.py for tasks to queue
[2024-02-26T16:06:59.296+0000] {logging_mixin.py:188} INFO - [2024-02-26T16:06:59.295+0000] {dagbag.py:540} INFO - Filling up the DagBag from /home/airflow/.local/lib/python3.11/site-packages/airflow/example_dags/example_sensors.py
[2024-02-26T16:06:59.303+0000] {processor.py:840} INFO - DAG(s) 'example_sensors' retrieved from /home/airflow/.local/lib/python3.11/site-packages/airflow/example_dags/example_sensors.py
[2024-02-26T16:06:59.323+0000] {logging_mixin.py:188} INFO - [2024-02-26T16:06:59.322+0000] {dag.py:3047} INFO - Sync 1 DAGs
[2024-02-26T16:06:59.331+0000] {logging_mixin.py:188} INFO - [2024-02-26T16:06:59.330+0000] {dag.py:3834} INFO - Setting next_dagrun for example_sensors to None, run_after=None
[2024-02-26T16:06:59.341+0000] {processor.py:183} INFO - Processing /home/airflow/.local/lib/python3.11/site-packages/airflow/example_dags/example_sensors.py took 0.051 seconds
[2024-02-26T16:07:29.522+0000] {processor.py:161} INFO - Started process (PID=9575) to work on /home/airflow/.local/lib/python3.11/site-packages/airflow/example_dags/example_sensors.py
[2024-02-26T16:07:29.525+0000] {processor.py:830} INFO - Processing file /home/airflow/.local/lib/python3.11/site-packages/airflow/example_dags/example_sensors.py for tasks to queue
[2024-02-26T16:07:29.530+0000] {logging_mixin.py:188} INFO - [2024-02-26T16:07:29.528+0000] {dagbag.py:540} INFO - Filling up the DagBag from /home/airflow/.local/lib/python3.11/site-packages/airflow/example_dags/example_sensors.py
[2024-02-26T16:07:29.543+0000] {processor.py:840} INFO - DAG(s) 'example_sensors' retrieved from /home/airflow/.local/lib/python3.11/site-packages/airflow/example_dags/example_sensors.py
[2024-02-26T16:07:29.566+0000] {logging_mixin.py:188} INFO - [2024-02-26T16:07:29.566+0000] {dag.py:3047} INFO - Sync 1 DAGs
[2024-02-26T16:07:29.575+0000] {logging_mixin.py:188} INFO - [2024-02-26T16:07:29.575+0000] {dag.py:3834} INFO - Setting next_dagrun for example_sensors to None, run_after=None
[2024-02-26T16:07:29.587+0000] {processor.py:183} INFO - Processing /home/airflow/.local/lib/python3.11/site-packages/airflow/example_dags/example_sensors.py took 0.068 seconds
[2024-02-26T16:07:59.756+0000] {processor.py:161} INFO - Started process (PID=9822) to work on /home/airflow/.local/lib/python3.11/site-packages/airflow/example_dags/example_sensors.py
[2024-02-26T16:07:59.759+0000] {processor.py:830} INFO - Processing file /home/airflow/.local/lib/python3.11/site-packages/airflow/example_dags/example_sensors.py for tasks to queue
[2024-02-26T16:07:59.760+0000] {logging_mixin.py:188} INFO - [2024-02-26T16:07:59.760+0000] {dagbag.py:540} INFO - Filling up the DagBag from /home/airflow/.local/lib/python3.11/site-packages/airflow/example_dags/example_sensors.py
[2024-02-26T16:07:59.767+0000] {processor.py:840} INFO - DAG(s) 'example_sensors' retrieved from /home/airflow/.local/lib/python3.11/site-packages/airflow/example_dags/example_sensors.py
[2024-02-26T16:07:59.787+0000] {logging_mixin.py:188} INFO - [2024-02-26T16:07:59.787+0000] {dag.py:3047} INFO - Sync 1 DAGs
[2024-02-26T16:07:59.795+0000] {logging_mixin.py:188} INFO - [2024-02-26T16:07:59.795+0000] {dag.py:3834} INFO - Setting next_dagrun for example_sensors to None, run_after=None
[2024-02-26T16:07:59.806+0000] {processor.py:183} INFO - Processing /home/airflow/.local/lib/python3.11/site-packages/airflow/example_dags/example_sensors.py took 0.053 seconds
[2024-02-26T16:08:29.896+0000] {processor.py:161} INFO - Started process (PID=10069) to work on /home/airflow/.local/lib/python3.11/site-packages/airflow/example_dags/example_sensors.py
[2024-02-26T16:08:29.898+0000] {processor.py:830} INFO - Processing file /home/airflow/.local/lib/python3.11/site-packages/airflow/example_dags/example_sensors.py for tasks to queue
[2024-02-26T16:08:29.899+0000] {logging_mixin.py:188} INFO - [2024-02-26T16:08:29.898+0000] {dagbag.py:540} INFO - Filling up the DagBag from /home/airflow/.local/lib/python3.11/site-packages/airflow/example_dags/example_sensors.py
[2024-02-26T16:08:29.906+0000] {processor.py:840} INFO - DAG(s) 'example_sensors' retrieved from /home/airflow/.local/lib/python3.11/site-packages/airflow/example_dags/example_sensors.py
[2024-02-26T16:08:29.927+0000] {logging_mixin.py:188} INFO - [2024-02-26T16:08:29.926+0000] {dag.py:3047} INFO - Sync 1 DAGs
[2024-02-26T16:08:29.936+0000] {logging_mixin.py:188} INFO - [2024-02-26T16:08:29.935+0000] {dag.py:3834} INFO - Setting next_dagrun for example_sensors to None, run_after=None
[2024-02-26T16:08:29.946+0000] {processor.py:183} INFO - Processing /home/airflow/.local/lib/python3.11/site-packages/airflow/example_dags/example_sensors.py took 0.053 seconds
[2024-02-26T16:09:00.357+0000] {processor.py:161} INFO - Started process (PID=10316) to work on /home/airflow/.local/lib/python3.11/site-packages/airflow/example_dags/example_sensors.py
[2024-02-26T16:09:00.359+0000] {processor.py:830} INFO - Processing file /home/airflow/.local/lib/python3.11/site-packages/airflow/example_dags/example_sensors.py for tasks to queue
[2024-02-26T16:09:00.360+0000] {logging_mixin.py:188} INFO - [2024-02-26T16:09:00.360+0000] {dagbag.py:540} INFO - Filling up the DagBag from /home/airflow/.local/lib/python3.11/site-packages/airflow/example_dags/example_sensors.py
[2024-02-26T16:09:00.367+0000] {processor.py:840} INFO - DAG(s) 'example_sensors' retrieved from /home/airflow/.local/lib/python3.11/site-packages/airflow/example_dags/example_sensors.py
[2024-02-26T16:09:00.387+0000] {logging_mixin.py:188} INFO - [2024-02-26T16:09:00.387+0000] {dag.py:3047} INFO - Sync 1 DAGs
[2024-02-26T16:09:00.395+0000] {logging_mixin.py:188} INFO - [2024-02-26T16:09:00.395+0000] {dag.py:3834} INFO - Setting next_dagrun for example_sensors to None, run_after=None
[2024-02-26T16:09:00.405+0000] {processor.py:183} INFO - Processing /home/airflow/.local/lib/python3.11/site-packages/airflow/example_dags/example_sensors.py took 0.051 seconds
[2024-02-26T16:09:30.511+0000] {processor.py:161} INFO - Started process (PID=10561) to work on /home/airflow/.local/lib/python3.11/site-packages/airflow/example_dags/example_sensors.py
[2024-02-26T16:09:30.517+0000] {processor.py:830} INFO - Processing file /home/airflow/.local/lib/python3.11/site-packages/airflow/example_dags/example_sensors.py for tasks to queue
[2024-02-26T16:09:30.519+0000] {logging_mixin.py:188} INFO - [2024-02-26T16:09:30.518+0000] {dagbag.py:540} INFO - Filling up the DagBag from /home/airflow/.local/lib/python3.11/site-packages/airflow/example_dags/example_sensors.py
[2024-02-26T16:09:30.526+0000] {processor.py:840} INFO - DAG(s) 'example_sensors' retrieved from /home/airflow/.local/lib/python3.11/site-packages/airflow/example_dags/example_sensors.py
[2024-02-26T16:09:30.552+0000] {logging_mixin.py:188} INFO - [2024-02-26T16:09:30.552+0000] {dag.py:3047} INFO - Sync 1 DAGs
[2024-02-26T16:09:30.561+0000] {logging_mixin.py:188} INFO - [2024-02-26T16:09:30.561+0000] {dag.py:3834} INFO - Setting next_dagrun for example_sensors to None, run_after=None
[2024-02-26T16:09:30.573+0000] {processor.py:183} INFO - Processing /home/airflow/.local/lib/python3.11/site-packages/airflow/example_dags/example_sensors.py took 0.065 seconds
[2024-02-26T16:10:00.638+0000] {processor.py:161} INFO - Started process (PID=10808) to work on /home/airflow/.local/lib/python3.11/site-packages/airflow/example_dags/example_sensors.py
[2024-02-26T16:10:00.642+0000] {processor.py:830} INFO - Processing file /home/airflow/.local/lib/python3.11/site-packages/airflow/example_dags/example_sensors.py for tasks to queue
[2024-02-26T16:10:00.643+0000] {logging_mixin.py:188} INFO - [2024-02-26T16:10:00.643+0000] {dagbag.py:540} INFO - Filling up the DagBag from /home/airflow/.local/lib/python3.11/site-packages/airflow/example_dags/example_sensors.py
[2024-02-26T16:10:00.652+0000] {processor.py:840} INFO - DAG(s) 'example_sensors' retrieved from /home/airflow/.local/lib/python3.11/site-packages/airflow/example_dags/example_sensors.py
[2024-02-26T16:10:00.673+0000] {logging_mixin.py:188} INFO - [2024-02-26T16:10:00.673+0000] {dag.py:3047} INFO - Sync 1 DAGs
[2024-02-26T16:10:00.686+0000] {logging_mixin.py:188} INFO - [2024-02-26T16:10:00.686+0000] {dag.py:3834} INFO - Setting next_dagrun for example_sensors to None, run_after=None
[2024-02-26T16:10:00.697+0000] {processor.py:183} INFO - Processing /home/airflow/.local/lib/python3.11/site-packages/airflow/example_dags/example_sensors.py took 0.063 seconds
[2024-02-26T16:10:30.876+0000] {processor.py:161} INFO - Started process (PID=11057) to work on /home/airflow/.local/lib/python3.11/site-packages/airflow/example_dags/example_sensors.py
[2024-02-26T16:10:30.878+0000] {processor.py:830} INFO - Processing file /home/airflow/.local/lib/python3.11/site-packages/airflow/example_dags/example_sensors.py for tasks to queue
[2024-02-26T16:10:30.879+0000] {logging_mixin.py:188} INFO - [2024-02-26T16:10:30.879+0000] {dagbag.py:540} INFO - Filling up the DagBag from /home/airflow/.local/lib/python3.11/site-packages/airflow/example_dags/example_sensors.py
[2024-02-26T16:10:30.887+0000] {processor.py:840} INFO - DAG(s) 'example_sensors' retrieved from /home/airflow/.local/lib/python3.11/site-packages/airflow/example_dags/example_sensors.py
[2024-02-26T16:10:30.913+0000] {logging_mixin.py:188} INFO - [2024-02-26T16:10:30.913+0000] {dag.py:3047} INFO - Sync 1 DAGs
[2024-02-26T16:10:30.922+0000] {logging_mixin.py:188} INFO - [2024-02-26T16:10:30.922+0000] {dag.py:3834} INFO - Setting next_dagrun for example_sensors to None, run_after=None
[2024-02-26T16:10:30.936+0000] {processor.py:183} INFO - Processing /home/airflow/.local/lib/python3.11/site-packages/airflow/example_dags/example_sensors.py took 0.062 seconds
[2024-02-26T16:11:01.299+0000] {processor.py:161} INFO - Started process (PID=11304) to work on /home/airflow/.local/lib/python3.11/site-packages/airflow/example_dags/example_sensors.py
[2024-02-26T16:11:01.301+0000] {processor.py:830} INFO - Processing file /home/airflow/.local/lib/python3.11/site-packages/airflow/example_dags/example_sensors.py for tasks to queue
[2024-02-26T16:11:01.302+0000] {logging_mixin.py:188} INFO - [2024-02-26T16:11:01.302+0000] {dagbag.py:540} INFO - Filling up the DagBag from /home/airflow/.local/lib/python3.11/site-packages/airflow/example_dags/example_sensors.py
[2024-02-26T16:11:01.310+0000] {processor.py:840} INFO - DAG(s) 'example_sensors' retrieved from /home/airflow/.local/lib/python3.11/site-packages/airflow/example_dags/example_sensors.py
[2024-02-26T16:11:01.331+0000] {logging_mixin.py:188} INFO - [2024-02-26T16:11:01.331+0000] {dag.py:3047} INFO - Sync 1 DAGs
[2024-02-26T16:11:01.339+0000] {logging_mixin.py:188} INFO - [2024-02-26T16:11:01.339+0000] {dag.py:3834} INFO - Setting next_dagrun for example_sensors to None, run_after=None
[2024-02-26T16:11:01.350+0000] {processor.py:183} INFO - Processing /home/airflow/.local/lib/python3.11/site-packages/airflow/example_dags/example_sensors.py took 0.054 seconds
[2024-02-26T16:11:31.417+0000] {processor.py:161} INFO - Started process (PID=11549) to work on /home/airflow/.local/lib/python3.11/site-packages/airflow/example_dags/example_sensors.py
[2024-02-26T16:11:31.419+0000] {processor.py:830} INFO - Processing file /home/airflow/.local/lib/python3.11/site-packages/airflow/example_dags/example_sensors.py for tasks to queue
[2024-02-26T16:11:31.421+0000] {logging_mixin.py:188} INFO - [2024-02-26T16:11:31.421+0000] {dagbag.py:540} INFO - Filling up the DagBag from /home/airflow/.local/lib/python3.11/site-packages/airflow/example_dags/example_sensors.py
[2024-02-26T16:11:31.432+0000] {processor.py:840} INFO - DAG(s) 'example_sensors' retrieved from /home/airflow/.local/lib/python3.11/site-packages/airflow/example_dags/example_sensors.py
[2024-02-26T16:11:31.451+0000] {logging_mixin.py:188} INFO - [2024-02-26T16:11:31.450+0000] {dag.py:3047} INFO - Sync 1 DAGs
[2024-02-26T16:11:31.459+0000] {logging_mixin.py:188} INFO - [2024-02-26T16:11:31.459+0000] {dag.py:3834} INFO - Setting next_dagrun for example_sensors to None, run_after=None
[2024-02-26T16:11:31.469+0000] {processor.py:183} INFO - Processing /home/airflow/.local/lib/python3.11/site-packages/airflow/example_dags/example_sensors.py took 0.055 seconds
[2024-02-26T16:12:01.554+0000] {processor.py:161} INFO - Started process (PID=11796) to work on /home/airflow/.local/lib/python3.11/site-packages/airflow/example_dags/example_sensors.py
[2024-02-26T16:12:01.561+0000] {processor.py:830} INFO - Processing file /home/airflow/.local/lib/python3.11/site-packages/airflow/example_dags/example_sensors.py for tasks to queue
[2024-02-26T16:12:01.562+0000] {logging_mixin.py:188} INFO - [2024-02-26T16:12:01.562+0000] {dagbag.py:540} INFO - Filling up the DagBag from /home/airflow/.local/lib/python3.11/site-packages/airflow/example_dags/example_sensors.py
[2024-02-26T16:12:01.570+0000] {processor.py:840} INFO - DAG(s) 'example_sensors' retrieved from /home/airflow/.local/lib/python3.11/site-packages/airflow/example_dags/example_sensors.py
[2024-02-26T16:12:01.590+0000] {logging_mixin.py:188} INFO - [2024-02-26T16:12:01.589+0000] {dag.py:3047} INFO - Sync 1 DAGs
[2024-02-26T16:12:01.598+0000] {logging_mixin.py:188} INFO - [2024-02-26T16:12:01.598+0000] {dag.py:3834} INFO - Setting next_dagrun for example_sensors to None, run_after=None
[2024-02-26T16:12:01.608+0000] {processor.py:183} INFO - Processing /home/airflow/.local/lib/python3.11/site-packages/airflow/example_dags/example_sensors.py took 0.057 seconds
[2024-02-26T16:12:31.747+0000] {processor.py:161} INFO - Started process (PID=12046) to work on /home/airflow/.local/lib/python3.11/site-packages/airflow/example_dags/example_sensors.py
[2024-02-26T16:12:31.749+0000] {processor.py:830} INFO - Processing file /home/airflow/.local/lib/python3.11/site-packages/airflow/example_dags/example_sensors.py for tasks to queue
[2024-02-26T16:12:31.750+0000] {logging_mixin.py:188} INFO - [2024-02-26T16:12:31.750+0000] {dagbag.py:540} INFO - Filling up the DagBag from /home/airflow/.local/lib/python3.11/site-packages/airflow/example_dags/example_sensors.py
[2024-02-26T16:12:31.757+0000] {processor.py:840} INFO - DAG(s) 'example_sensors' retrieved from /home/airflow/.local/lib/python3.11/site-packages/airflow/example_dags/example_sensors.py
[2024-02-26T16:12:31.777+0000] {logging_mixin.py:188} INFO - [2024-02-26T16:12:31.777+0000] {dag.py:3047} INFO - Sync 1 DAGs
[2024-02-26T16:12:31.784+0000] {logging_mixin.py:188} INFO - [2024-02-26T16:12:31.784+0000] {dag.py:3834} INFO - Setting next_dagrun for example_sensors to None, run_after=None
[2024-02-26T16:12:31.794+0000] {processor.py:183} INFO - Processing /home/airflow/.local/lib/python3.11/site-packages/airflow/example_dags/example_sensors.py took 0.050 seconds
[2024-02-26T16:13:01.966+0000] {processor.py:161} INFO - Started process (PID=12293) to work on /home/airflow/.local/lib/python3.11/site-packages/airflow/example_dags/example_sensors.py
[2024-02-26T16:13:01.967+0000] {processor.py:830} INFO - Processing file /home/airflow/.local/lib/python3.11/site-packages/airflow/example_dags/example_sensors.py for tasks to queue
[2024-02-26T16:13:01.970+0000] {logging_mixin.py:188} INFO - [2024-02-26T16:13:01.970+0000] {dagbag.py:540} INFO - Filling up the DagBag from /home/airflow/.local/lib/python3.11/site-packages/airflow/example_dags/example_sensors.py
[2024-02-26T16:13:01.979+0000] {processor.py:840} INFO - DAG(s) 'example_sensors' retrieved from /home/airflow/.local/lib/python3.11/site-packages/airflow/example_dags/example_sensors.py
[2024-02-26T16:13:02.001+0000] {logging_mixin.py:188} INFO - [2024-02-26T16:13:02.001+0000] {dag.py:3047} INFO - Sync 1 DAGs
[2024-02-26T16:13:02.010+0000] {logging_mixin.py:188} INFO - [2024-02-26T16:13:02.010+0000] {dag.py:3834} INFO - Setting next_dagrun for example_sensors to None, run_after=None
[2024-02-26T16:13:02.021+0000] {processor.py:183} INFO - Processing /home/airflow/.local/lib/python3.11/site-packages/airflow/example_dags/example_sensors.py took 0.059 seconds
[2024-02-26T16:13:32.061+0000] {processor.py:161} INFO - Started process (PID=12541) to work on /home/airflow/.local/lib/python3.11/site-packages/airflow/example_dags/example_sensors.py
[2024-02-26T16:13:32.063+0000] {processor.py:830} INFO - Processing file /home/airflow/.local/lib/python3.11/site-packages/airflow/example_dags/example_sensors.py for tasks to queue
[2024-02-26T16:13:32.064+0000] {logging_mixin.py:188} INFO - [2024-02-26T16:13:32.064+0000] {dagbag.py:540} INFO - Filling up the DagBag from /home/airflow/.local/lib/python3.11/site-packages/airflow/example_dags/example_sensors.py
[2024-02-26T16:13:32.071+0000] {processor.py:840} INFO - DAG(s) 'example_sensors' retrieved from /home/airflow/.local/lib/python3.11/site-packages/airflow/example_dags/example_sensors.py
[2024-02-26T16:13:32.090+0000] {logging_mixin.py:188} INFO - [2024-02-26T16:13:32.090+0000] {dag.py:3047} INFO - Sync 1 DAGs
[2024-02-26T16:13:32.098+0000] {logging_mixin.py:188} INFO - [2024-02-26T16:13:32.098+0000] {dag.py:3834} INFO - Setting next_dagrun for example_sensors to None, run_after=None
[2024-02-26T16:13:32.108+0000] {processor.py:183} INFO - Processing /home/airflow/.local/lib/python3.11/site-packages/airflow/example_dags/example_sensors.py took 0.050 seconds
[2024-02-26T16:14:02.551+0000] {processor.py:161} INFO - Started process (PID=12787) to work on /home/airflow/.local/lib/python3.11/site-packages/airflow/example_dags/example_sensors.py
[2024-02-26T16:14:02.553+0000] {processor.py:830} INFO - Processing file /home/airflow/.local/lib/python3.11/site-packages/airflow/example_dags/example_sensors.py for tasks to queue
[2024-02-26T16:14:02.555+0000] {logging_mixin.py:188} INFO - [2024-02-26T16:14:02.554+0000] {dagbag.py:540} INFO - Filling up the DagBag from /home/airflow/.local/lib/python3.11/site-packages/airflow/example_dags/example_sensors.py
[2024-02-26T16:14:02.562+0000] {processor.py:840} INFO - DAG(s) 'example_sensors' retrieved from /home/airflow/.local/lib/python3.11/site-packages/airflow/example_dags/example_sensors.py
[2024-02-26T16:14:02.581+0000] {logging_mixin.py:188} INFO - [2024-02-26T16:14:02.581+0000] {dag.py:3047} INFO - Sync 1 DAGs
[2024-02-26T16:14:02.594+0000] {logging_mixin.py:188} INFO - [2024-02-26T16:14:02.594+0000] {dag.py:3834} INFO - Setting next_dagrun for example_sensors to None, run_after=None
[2024-02-26T16:14:02.605+0000] {processor.py:183} INFO - Processing /home/airflow/.local/lib/python3.11/site-packages/airflow/example_dags/example_sensors.py took 0.057 seconds
[2024-02-26T16:14:32.773+0000] {processor.py:161} INFO - Started process (PID=13032) to work on /home/airflow/.local/lib/python3.11/site-packages/airflow/example_dags/example_sensors.py
[2024-02-26T16:14:32.774+0000] {processor.py:830} INFO - Processing file /home/airflow/.local/lib/python3.11/site-packages/airflow/example_dags/example_sensors.py for tasks to queue
[2024-02-26T16:14:32.776+0000] {logging_mixin.py:188} INFO - [2024-02-26T16:14:32.775+0000] {dagbag.py:540} INFO - Filling up the DagBag from /home/airflow/.local/lib/python3.11/site-packages/airflow/example_dags/example_sensors.py
[2024-02-26T16:14:32.783+0000] {processor.py:840} INFO - DAG(s) 'example_sensors' retrieved from /home/airflow/.local/lib/python3.11/site-packages/airflow/example_dags/example_sensors.py
[2024-02-26T16:14:32.804+0000] {logging_mixin.py:188} INFO - [2024-02-26T16:14:32.803+0000] {dag.py:3047} INFO - Sync 1 DAGs
[2024-02-26T16:14:32.812+0000] {logging_mixin.py:188} INFO - [2024-02-26T16:14:32.812+0000] {dag.py:3834} INFO - Setting next_dagrun for example_sensors to None, run_after=None
[2024-02-26T16:14:32.824+0000] {processor.py:183} INFO - Processing /home/airflow/.local/lib/python3.11/site-packages/airflow/example_dags/example_sensors.py took 0.054 seconds
