[2024-02-26T15:48:34.553+0000] {processor.py:161} INFO - Started process (PID=289) to work on /home/airflow/.local/lib/python3.11/site-packages/airflow/example_dags/example_params_ui_tutorial.py
[2024-02-26T15:48:34.555+0000] {processor.py:830} INFO - Processing file /home/airflow/.local/lib/python3.11/site-packages/airflow/example_dags/example_params_ui_tutorial.py for tasks to queue
[2024-02-26T15:48:34.557+0000] {logging_mixin.py:188} INFO - [2024-02-26T15:48:34.557+0000] {dagbag.py:540} INFO - Filling up the DagBag from /home/airflow/.local/lib/python3.11/site-packages/airflow/example_dags/example_params_ui_tutorial.py
[2024-02-26T15:48:34.568+0000] {processor.py:840} INFO - DAG(s) 'example_params_ui_tutorial' retrieved from /home/airflow/.local/lib/python3.11/site-packages/airflow/example_dags/example_params_ui_tutorial.py
[2024-02-26T15:48:34.583+0000] {logging_mixin.py:188} INFO - [2024-02-26T15:48:34.582+0000] {dag.py:3047} INFO - Sync 1 DAGs
[2024-02-26T15:48:34.592+0000] {logging_mixin.py:188} INFO - [2024-02-26T15:48:34.592+0000] {dag.py:3834} INFO - Setting next_dagrun for example_params_ui_tutorial to None, run_after=None
[2024-02-26T15:48:34.610+0000] {processor.py:183} INFO - Processing /home/airflow/.local/lib/python3.11/site-packages/airflow/example_dags/example_params_ui_tutorial.py took 0.060 seconds
[2024-02-26T15:49:04.777+0000] {processor.py:161} INFO - Started process (PID=536) to work on /home/airflow/.local/lib/python3.11/site-packages/airflow/example_dags/example_params_ui_tutorial.py
[2024-02-26T15:49:04.779+0000] {processor.py:830} INFO - Processing file /home/airflow/.local/lib/python3.11/site-packages/airflow/example_dags/example_params_ui_tutorial.py for tasks to queue
[2024-02-26T15:49:04.781+0000] {logging_mixin.py:188} INFO - [2024-02-26T15:49:04.780+0000] {dagbag.py:540} INFO - Filling up the DagBag from /home/airflow/.local/lib/python3.11/site-packages/airflow/example_dags/example_params_ui_tutorial.py
[2024-02-26T15:49:04.791+0000] {processor.py:840} INFO - DAG(s) 'example_params_ui_tutorial' retrieved from /home/airflow/.local/lib/python3.11/site-packages/airflow/example_dags/example_params_ui_tutorial.py
[2024-02-26T15:49:04.869+0000] {logging_mixin.py:188} INFO - [2024-02-26T15:49:04.869+0000] {dag.py:3047} INFO - Sync 1 DAGs
[2024-02-26T15:49:04.876+0000] {logging_mixin.py:188} INFO - [2024-02-26T15:49:04.876+0000] {dag.py:3834} INFO - Setting next_dagrun for example_params_ui_tutorial to None, run_after=None
[2024-02-26T15:49:04.887+0000] {processor.py:183} INFO - Processing /home/airflow/.local/lib/python3.11/site-packages/airflow/example_dags/example_params_ui_tutorial.py took 0.113 seconds
[2024-02-26T15:49:35.134+0000] {processor.py:161} INFO - Started process (PID=783) to work on /home/airflow/.local/lib/python3.11/site-packages/airflow/example_dags/example_params_ui_tutorial.py
[2024-02-26T15:49:35.136+0000] {processor.py:830} INFO - Processing file /home/airflow/.local/lib/python3.11/site-packages/airflow/example_dags/example_params_ui_tutorial.py for tasks to queue
[2024-02-26T15:49:35.137+0000] {logging_mixin.py:188} INFO - [2024-02-26T15:49:35.137+0000] {dagbag.py:540} INFO - Filling up the DagBag from /home/airflow/.local/lib/python3.11/site-packages/airflow/example_dags/example_params_ui_tutorial.py
[2024-02-26T15:49:35.146+0000] {processor.py:840} INFO - DAG(s) 'example_params_ui_tutorial' retrieved from /home/airflow/.local/lib/python3.11/site-packages/airflow/example_dags/example_params_ui_tutorial.py
[2024-02-26T15:49:35.177+0000] {logging_mixin.py:188} INFO - [2024-02-26T15:49:35.177+0000] {dag.py:3047} INFO - Sync 1 DAGs
[2024-02-26T15:49:35.185+0000] {logging_mixin.py:188} INFO - [2024-02-26T15:49:35.185+0000] {dag.py:3834} INFO - Setting next_dagrun for example_params_ui_tutorial to None, run_after=None
[2024-02-26T15:49:35.198+0000] {processor.py:183} INFO - Processing /home/airflow/.local/lib/python3.11/site-packages/airflow/example_dags/example_params_ui_tutorial.py took 0.067 seconds
[2024-02-26T15:50:05.864+0000] {processor.py:161} INFO - Started process (PID=1031) to work on /home/airflow/.local/lib/python3.11/site-packages/airflow/example_dags/example_params_ui_tutorial.py
[2024-02-26T15:50:05.867+0000] {processor.py:830} INFO - Processing file /home/airflow/.local/lib/python3.11/site-packages/airflow/example_dags/example_params_ui_tutorial.py for tasks to queue
[2024-02-26T15:50:05.869+0000] {logging_mixin.py:188} INFO - [2024-02-26T15:50:05.868+0000] {dagbag.py:540} INFO - Filling up the DagBag from /home/airflow/.local/lib/python3.11/site-packages/airflow/example_dags/example_params_ui_tutorial.py
[2024-02-26T15:50:05.879+0000] {processor.py:840} INFO - DAG(s) 'example_params_ui_tutorial' retrieved from /home/airflow/.local/lib/python3.11/site-packages/airflow/example_dags/example_params_ui_tutorial.py
[2024-02-26T15:50:05.912+0000] {logging_mixin.py:188} INFO - [2024-02-26T15:50:05.912+0000] {dag.py:3047} INFO - Sync 1 DAGs
[2024-02-26T15:50:05.921+0000] {logging_mixin.py:188} INFO - [2024-02-26T15:50:05.921+0000] {dag.py:3834} INFO - Setting next_dagrun for example_params_ui_tutorial to None, run_after=None
[2024-02-26T15:50:05.932+0000] {processor.py:183} INFO - Processing /home/airflow/.local/lib/python3.11/site-packages/airflow/example_dags/example_params_ui_tutorial.py took 0.071 seconds
[2024-02-26T15:50:37.200+0000] {processor.py:161} INFO - Started process (PID=1279) to work on /home/airflow/.local/lib/python3.11/site-packages/airflow/example_dags/example_params_ui_tutorial.py
[2024-02-26T15:50:37.202+0000] {processor.py:830} INFO - Processing file /home/airflow/.local/lib/python3.11/site-packages/airflow/example_dags/example_params_ui_tutorial.py for tasks to queue
[2024-02-26T15:50:37.203+0000] {logging_mixin.py:188} INFO - [2024-02-26T15:50:37.203+0000] {dagbag.py:540} INFO - Filling up the DagBag from /home/airflow/.local/lib/python3.11/site-packages/airflow/example_dags/example_params_ui_tutorial.py
[2024-02-26T15:50:37.214+0000] {processor.py:840} INFO - DAG(s) 'example_params_ui_tutorial' retrieved from /home/airflow/.local/lib/python3.11/site-packages/airflow/example_dags/example_params_ui_tutorial.py
[2024-02-26T15:50:37.246+0000] {logging_mixin.py:188} INFO - [2024-02-26T15:50:37.245+0000] {dag.py:3047} INFO - Sync 1 DAGs
[2024-02-26T15:50:37.254+0000] {logging_mixin.py:188} INFO - [2024-02-26T15:50:37.254+0000] {dag.py:3834} INFO - Setting next_dagrun for example_params_ui_tutorial to None, run_after=None
[2024-02-26T15:50:37.265+0000] {processor.py:183} INFO - Processing /home/airflow/.local/lib/python3.11/site-packages/airflow/example_dags/example_params_ui_tutorial.py took 0.067 seconds
[2024-02-26T15:51:07.980+0000] {processor.py:161} INFO - Started process (PID=1524) to work on /home/airflow/.local/lib/python3.11/site-packages/airflow/example_dags/example_params_ui_tutorial.py
[2024-02-26T15:51:07.982+0000] {processor.py:830} INFO - Processing file /home/airflow/.local/lib/python3.11/site-packages/airflow/example_dags/example_params_ui_tutorial.py for tasks to queue
[2024-02-26T15:51:07.983+0000] {logging_mixin.py:188} INFO - [2024-02-26T15:51:07.983+0000] {dagbag.py:540} INFO - Filling up the DagBag from /home/airflow/.local/lib/python3.11/site-packages/airflow/example_dags/example_params_ui_tutorial.py
[2024-02-26T15:51:07.994+0000] {processor.py:840} INFO - DAG(s) 'example_params_ui_tutorial' retrieved from /home/airflow/.local/lib/python3.11/site-packages/airflow/example_dags/example_params_ui_tutorial.py
[2024-02-26T15:51:08.026+0000] {logging_mixin.py:188} INFO - [2024-02-26T15:51:08.026+0000] {dag.py:3047} INFO - Sync 1 DAGs
[2024-02-26T15:51:08.035+0000] {logging_mixin.py:188} INFO - [2024-02-26T15:51:08.034+0000] {dag.py:3834} INFO - Setting next_dagrun for example_params_ui_tutorial to None, run_after=None
[2024-02-26T15:51:08.046+0000] {processor.py:183} INFO - Processing /home/airflow/.local/lib/python3.11/site-packages/airflow/example_dags/example_params_ui_tutorial.py took 0.070 seconds
[2024-02-26T15:51:38.848+0000] {processor.py:161} INFO - Started process (PID=1771) to work on /home/airflow/.local/lib/python3.11/site-packages/airflow/example_dags/example_params_ui_tutorial.py
[2024-02-26T15:51:38.851+0000] {processor.py:830} INFO - Processing file /home/airflow/.local/lib/python3.11/site-packages/airflow/example_dags/example_params_ui_tutorial.py for tasks to queue
[2024-02-26T15:51:38.852+0000] {logging_mixin.py:188} INFO - [2024-02-26T15:51:38.852+0000] {dagbag.py:540} INFO - Filling up the DagBag from /home/airflow/.local/lib/python3.11/site-packages/airflow/example_dags/example_params_ui_tutorial.py
[2024-02-26T15:51:38.862+0000] {processor.py:840} INFO - DAG(s) 'example_params_ui_tutorial' retrieved from /home/airflow/.local/lib/python3.11/site-packages/airflow/example_dags/example_params_ui_tutorial.py
[2024-02-26T15:51:38.907+0000] {logging_mixin.py:188} INFO - [2024-02-26T15:51:38.907+0000] {dag.py:3047} INFO - Sync 1 DAGs
[2024-02-26T15:51:38.919+0000] {logging_mixin.py:188} INFO - [2024-02-26T15:51:38.919+0000] {dag.py:3834} INFO - Setting next_dagrun for example_params_ui_tutorial to None, run_after=None
[2024-02-26T15:51:38.936+0000] {processor.py:183} INFO - Processing /home/airflow/.local/lib/python3.11/site-packages/airflow/example_dags/example_params_ui_tutorial.py took 0.092 seconds
[2024-02-26T15:52:09.746+0000] {processor.py:161} INFO - Started process (PID=2066) to work on /home/airflow/.local/lib/python3.11/site-packages/airflow/example_dags/example_params_ui_tutorial.py
[2024-02-26T15:52:09.748+0000] {processor.py:830} INFO - Processing file /home/airflow/.local/lib/python3.11/site-packages/airflow/example_dags/example_params_ui_tutorial.py for tasks to queue
[2024-02-26T15:52:09.750+0000] {logging_mixin.py:188} INFO - [2024-02-26T15:52:09.750+0000] {dagbag.py:540} INFO - Filling up the DagBag from /home/airflow/.local/lib/python3.11/site-packages/airflow/example_dags/example_params_ui_tutorial.py
[2024-02-26T15:52:09.762+0000] {processor.py:840} INFO - DAG(s) 'example_params_ui_tutorial' retrieved from /home/airflow/.local/lib/python3.11/site-packages/airflow/example_dags/example_params_ui_tutorial.py
[2024-02-26T15:52:09.801+0000] {logging_mixin.py:188} INFO - [2024-02-26T15:52:09.801+0000] {dag.py:3047} INFO - Sync 1 DAGs
[2024-02-26T15:52:09.810+0000] {logging_mixin.py:188} INFO - [2024-02-26T15:52:09.810+0000] {dag.py:3834} INFO - Setting next_dagrun for example_params_ui_tutorial to None, run_after=None
[2024-02-26T15:52:09.823+0000] {processor.py:183} INFO - Processing /home/airflow/.local/lib/python3.11/site-packages/airflow/example_dags/example_params_ui_tutorial.py took 0.080 seconds
[2024-02-26T15:52:40.157+0000] {processor.py:161} INFO - Started process (PID=2337) to work on /home/airflow/.local/lib/python3.11/site-packages/airflow/example_dags/example_params_ui_tutorial.py
[2024-02-26T15:52:40.159+0000] {processor.py:830} INFO - Processing file /home/airflow/.local/lib/python3.11/site-packages/airflow/example_dags/example_params_ui_tutorial.py for tasks to queue
[2024-02-26T15:52:40.160+0000] {logging_mixin.py:188} INFO - [2024-02-26T15:52:40.160+0000] {dagbag.py:540} INFO - Filling up the DagBag from /home/airflow/.local/lib/python3.11/site-packages/airflow/example_dags/example_params_ui_tutorial.py
[2024-02-26T15:52:40.172+0000] {processor.py:840} INFO - DAG(s) 'example_params_ui_tutorial' retrieved from /home/airflow/.local/lib/python3.11/site-packages/airflow/example_dags/example_params_ui_tutorial.py
[2024-02-26T15:52:40.206+0000] {logging_mixin.py:188} INFO - [2024-02-26T15:52:40.206+0000] {dag.py:3047} INFO - Sync 1 DAGs
[2024-02-26T15:52:40.214+0000] {logging_mixin.py:188} INFO - [2024-02-26T15:52:40.214+0000] {dag.py:3834} INFO - Setting next_dagrun for example_params_ui_tutorial to None, run_after=None
[2024-02-26T15:52:40.225+0000] {processor.py:183} INFO - Processing /home/airflow/.local/lib/python3.11/site-packages/airflow/example_dags/example_params_ui_tutorial.py took 0.072 seconds
[2024-02-26T15:53:10.932+0000] {processor.py:161} INFO - Started process (PID=2584) to work on /home/airflow/.local/lib/python3.11/site-packages/airflow/example_dags/example_params_ui_tutorial.py
[2024-02-26T15:53:10.934+0000] {processor.py:830} INFO - Processing file /home/airflow/.local/lib/python3.11/site-packages/airflow/example_dags/example_params_ui_tutorial.py for tasks to queue
[2024-02-26T15:53:10.937+0000] {logging_mixin.py:188} INFO - [2024-02-26T15:53:10.936+0000] {dagbag.py:540} INFO - Filling up the DagBag from /home/airflow/.local/lib/python3.11/site-packages/airflow/example_dags/example_params_ui_tutorial.py
[2024-02-26T15:53:10.947+0000] {processor.py:840} INFO - DAG(s) 'example_params_ui_tutorial' retrieved from /home/airflow/.local/lib/python3.11/site-packages/airflow/example_dags/example_params_ui_tutorial.py
[2024-02-26T15:53:10.980+0000] {logging_mixin.py:188} INFO - [2024-02-26T15:53:10.980+0000] {dag.py:3047} INFO - Sync 1 DAGs
[2024-02-26T15:53:10.989+0000] {logging_mixin.py:188} INFO - [2024-02-26T15:53:10.989+0000] {dag.py:3834} INFO - Setting next_dagrun for example_params_ui_tutorial to None, run_after=None
[2024-02-26T15:53:11.000+0000] {processor.py:183} INFO - Processing /home/airflow/.local/lib/python3.11/site-packages/airflow/example_dags/example_params_ui_tutorial.py took 0.071 seconds
[2024-02-26T15:53:41.729+0000] {processor.py:161} INFO - Started process (PID=2831) to work on /home/airflow/.local/lib/python3.11/site-packages/airflow/example_dags/example_params_ui_tutorial.py
[2024-02-26T15:53:41.731+0000] {processor.py:830} INFO - Processing file /home/airflow/.local/lib/python3.11/site-packages/airflow/example_dags/example_params_ui_tutorial.py for tasks to queue
[2024-02-26T15:53:41.732+0000] {logging_mixin.py:188} INFO - [2024-02-26T15:53:41.732+0000] {dagbag.py:540} INFO - Filling up the DagBag from /home/airflow/.local/lib/python3.11/site-packages/airflow/example_dags/example_params_ui_tutorial.py
[2024-02-26T15:53:41.743+0000] {processor.py:840} INFO - DAG(s) 'example_params_ui_tutorial' retrieved from /home/airflow/.local/lib/python3.11/site-packages/airflow/example_dags/example_params_ui_tutorial.py
[2024-02-26T15:53:41.781+0000] {logging_mixin.py:188} INFO - [2024-02-26T15:53:41.781+0000] {dag.py:3047} INFO - Sync 1 DAGs
[2024-02-26T15:53:41.790+0000] {logging_mixin.py:188} INFO - [2024-02-26T15:53:41.790+0000] {dag.py:3834} INFO - Setting next_dagrun for example_params_ui_tutorial to None, run_after=None
[2024-02-26T15:53:41.801+0000] {processor.py:183} INFO - Processing /home/airflow/.local/lib/python3.11/site-packages/airflow/example_dags/example_params_ui_tutorial.py took 0.075 seconds
[2024-02-26T15:54:12.495+0000] {processor.py:161} INFO - Started process (PID=3078) to work on /home/airflow/.local/lib/python3.11/site-packages/airflow/example_dags/example_params_ui_tutorial.py
[2024-02-26T15:54:12.497+0000] {processor.py:830} INFO - Processing file /home/airflow/.local/lib/python3.11/site-packages/airflow/example_dags/example_params_ui_tutorial.py for tasks to queue
[2024-02-26T15:54:12.498+0000] {logging_mixin.py:188} INFO - [2024-02-26T15:54:12.498+0000] {dagbag.py:540} INFO - Filling up the DagBag from /home/airflow/.local/lib/python3.11/site-packages/airflow/example_dags/example_params_ui_tutorial.py
[2024-02-26T15:54:12.508+0000] {processor.py:840} INFO - DAG(s) 'example_params_ui_tutorial' retrieved from /home/airflow/.local/lib/python3.11/site-packages/airflow/example_dags/example_params_ui_tutorial.py
[2024-02-26T15:54:12.542+0000] {logging_mixin.py:188} INFO - [2024-02-26T15:54:12.542+0000] {dag.py:3047} INFO - Sync 1 DAGs
[2024-02-26T15:54:12.551+0000] {logging_mixin.py:188} INFO - [2024-02-26T15:54:12.550+0000] {dag.py:3834} INFO - Setting next_dagrun for example_params_ui_tutorial to None, run_after=None
[2024-02-26T15:54:12.562+0000] {processor.py:183} INFO - Processing /home/airflow/.local/lib/python3.11/site-packages/airflow/example_dags/example_params_ui_tutorial.py took 0.070 seconds
[2024-02-26T15:54:43.432+0000] {processor.py:161} INFO - Started process (PID=3327) to work on /home/airflow/.local/lib/python3.11/site-packages/airflow/example_dags/example_params_ui_tutorial.py
[2024-02-26T15:54:43.434+0000] {processor.py:830} INFO - Processing file /home/airflow/.local/lib/python3.11/site-packages/airflow/example_dags/example_params_ui_tutorial.py for tasks to queue
[2024-02-26T15:54:43.436+0000] {logging_mixin.py:188} INFO - [2024-02-26T15:54:43.435+0000] {dagbag.py:540} INFO - Filling up the DagBag from /home/airflow/.local/lib/python3.11/site-packages/airflow/example_dags/example_params_ui_tutorial.py
[2024-02-26T15:54:43.445+0000] {processor.py:840} INFO - DAG(s) 'example_params_ui_tutorial' retrieved from /home/airflow/.local/lib/python3.11/site-packages/airflow/example_dags/example_params_ui_tutorial.py
[2024-02-26T15:54:43.475+0000] {logging_mixin.py:188} INFO - [2024-02-26T15:54:43.475+0000] {dag.py:3047} INFO - Sync 1 DAGs
[2024-02-26T15:54:43.482+0000] {logging_mixin.py:188} INFO - [2024-02-26T15:54:43.482+0000] {dag.py:3834} INFO - Setting next_dagrun for example_params_ui_tutorial to None, run_after=None
[2024-02-26T15:54:43.492+0000] {processor.py:183} INFO - Processing /home/airflow/.local/lib/python3.11/site-packages/airflow/example_dags/example_params_ui_tutorial.py took 0.063 seconds
[2024-02-26T15:55:14.355+0000] {processor.py:161} INFO - Started process (PID=3571) to work on /home/airflow/.local/lib/python3.11/site-packages/airflow/example_dags/example_params_ui_tutorial.py
[2024-02-26T15:55:14.358+0000] {processor.py:830} INFO - Processing file /home/airflow/.local/lib/python3.11/site-packages/airflow/example_dags/example_params_ui_tutorial.py for tasks to queue
[2024-02-26T15:55:14.359+0000] {logging_mixin.py:188} INFO - [2024-02-26T15:55:14.359+0000] {dagbag.py:540} INFO - Filling up the DagBag from /home/airflow/.local/lib/python3.11/site-packages/airflow/example_dags/example_params_ui_tutorial.py
[2024-02-26T15:55:14.370+0000] {processor.py:840} INFO - DAG(s) 'example_params_ui_tutorial' retrieved from /home/airflow/.local/lib/python3.11/site-packages/airflow/example_dags/example_params_ui_tutorial.py
[2024-02-26T15:55:14.405+0000] {logging_mixin.py:188} INFO - [2024-02-26T15:55:14.405+0000] {dag.py:3047} INFO - Sync 1 DAGs
[2024-02-26T15:55:14.417+0000] {logging_mixin.py:188} INFO - [2024-02-26T15:55:14.417+0000] {dag.py:3834} INFO - Setting next_dagrun for example_params_ui_tutorial to None, run_after=None
[2024-02-26T15:55:14.429+0000] {processor.py:183} INFO - Processing /home/airflow/.local/lib/python3.11/site-packages/airflow/example_dags/example_params_ui_tutorial.py took 0.076 seconds
[2024-02-26T15:55:45.433+0000] {processor.py:161} INFO - Started process (PID=3820) to work on /home/airflow/.local/lib/python3.11/site-packages/airflow/example_dags/example_params_ui_tutorial.py
[2024-02-26T15:55:45.435+0000] {processor.py:830} INFO - Processing file /home/airflow/.local/lib/python3.11/site-packages/airflow/example_dags/example_params_ui_tutorial.py for tasks to queue
[2024-02-26T15:55:45.436+0000] {logging_mixin.py:188} INFO - [2024-02-26T15:55:45.436+0000] {dagbag.py:540} INFO - Filling up the DagBag from /home/airflow/.local/lib/python3.11/site-packages/airflow/example_dags/example_params_ui_tutorial.py
[2024-02-26T15:55:45.446+0000] {processor.py:840} INFO - DAG(s) 'example_params_ui_tutorial' retrieved from /home/airflow/.local/lib/python3.11/site-packages/airflow/example_dags/example_params_ui_tutorial.py
[2024-02-26T15:55:45.483+0000] {logging_mixin.py:188} INFO - [2024-02-26T15:55:45.483+0000] {dag.py:3047} INFO - Sync 1 DAGs
[2024-02-26T15:55:45.491+0000] {logging_mixin.py:188} INFO - [2024-02-26T15:55:45.491+0000] {dag.py:3834} INFO - Setting next_dagrun for example_params_ui_tutorial to None, run_after=None
[2024-02-26T15:55:45.502+0000] {processor.py:183} INFO - Processing /home/airflow/.local/lib/python3.11/site-packages/airflow/example_dags/example_params_ui_tutorial.py took 0.073 seconds
[2024-02-26T15:56:15.603+0000] {processor.py:161} INFO - Started process (PID=4065) to work on /home/airflow/.local/lib/python3.11/site-packages/airflow/example_dags/example_params_ui_tutorial.py
[2024-02-26T15:56:15.604+0000] {processor.py:830} INFO - Processing file /home/airflow/.local/lib/python3.11/site-packages/airflow/example_dags/example_params_ui_tutorial.py for tasks to queue
[2024-02-26T15:56:15.606+0000] {logging_mixin.py:188} INFO - [2024-02-26T15:56:15.606+0000] {dagbag.py:540} INFO - Filling up the DagBag from /home/airflow/.local/lib/python3.11/site-packages/airflow/example_dags/example_params_ui_tutorial.py
[2024-02-26T15:56:15.617+0000] {processor.py:840} INFO - DAG(s) 'example_params_ui_tutorial' retrieved from /home/airflow/.local/lib/python3.11/site-packages/airflow/example_dags/example_params_ui_tutorial.py
[2024-02-26T15:56:15.651+0000] {logging_mixin.py:188} INFO - [2024-02-26T15:56:15.651+0000] {dag.py:3047} INFO - Sync 1 DAGs
[2024-02-26T15:56:15.660+0000] {logging_mixin.py:188} INFO - [2024-02-26T15:56:15.660+0000] {dag.py:3834} INFO - Setting next_dagrun for example_params_ui_tutorial to None, run_after=None
[2024-02-26T15:56:15.672+0000] {processor.py:183} INFO - Processing /home/airflow/.local/lib/python3.11/site-packages/airflow/example_dags/example_params_ui_tutorial.py took 0.072 seconds
[2024-02-26T15:56:45.987+0000] {processor.py:161} INFO - Started process (PID=4313) to work on /home/airflow/.local/lib/python3.11/site-packages/airflow/example_dags/example_params_ui_tutorial.py
[2024-02-26T15:56:45.989+0000] {processor.py:830} INFO - Processing file /home/airflow/.local/lib/python3.11/site-packages/airflow/example_dags/example_params_ui_tutorial.py for tasks to queue
[2024-02-26T15:56:45.991+0000] {logging_mixin.py:188} INFO - [2024-02-26T15:56:45.991+0000] {dagbag.py:540} INFO - Filling up the DagBag from /home/airflow/.local/lib/python3.11/site-packages/airflow/example_dags/example_params_ui_tutorial.py
[2024-02-26T15:56:46.002+0000] {processor.py:840} INFO - DAG(s) 'example_params_ui_tutorial' retrieved from /home/airflow/.local/lib/python3.11/site-packages/airflow/example_dags/example_params_ui_tutorial.py
[2024-02-26T15:56:46.041+0000] {logging_mixin.py:188} INFO - [2024-02-26T15:56:46.041+0000] {dag.py:3047} INFO - Sync 1 DAGs
[2024-02-26T15:56:46.053+0000] {logging_mixin.py:188} INFO - [2024-02-26T15:56:46.052+0000] {dag.py:3834} INFO - Setting next_dagrun for example_params_ui_tutorial to None, run_after=None
[2024-02-26T15:56:46.065+0000] {processor.py:183} INFO - Processing /home/airflow/.local/lib/python3.11/site-packages/airflow/example_dags/example_params_ui_tutorial.py took 0.081 seconds
[2024-02-26T15:57:16.345+0000] {processor.py:161} INFO - Started process (PID=4560) to work on /home/airflow/.local/lib/python3.11/site-packages/airflow/example_dags/example_params_ui_tutorial.py
[2024-02-26T15:57:16.347+0000] {processor.py:830} INFO - Processing file /home/airflow/.local/lib/python3.11/site-packages/airflow/example_dags/example_params_ui_tutorial.py for tasks to queue
[2024-02-26T15:57:16.348+0000] {logging_mixin.py:188} INFO - [2024-02-26T15:57:16.348+0000] {dagbag.py:540} INFO - Filling up the DagBag from /home/airflow/.local/lib/python3.11/site-packages/airflow/example_dags/example_params_ui_tutorial.py
[2024-02-26T15:57:16.359+0000] {processor.py:840} INFO - DAG(s) 'example_params_ui_tutorial' retrieved from /home/airflow/.local/lib/python3.11/site-packages/airflow/example_dags/example_params_ui_tutorial.py
[2024-02-26T15:57:16.401+0000] {logging_mixin.py:188} INFO - [2024-02-26T15:57:16.400+0000] {dag.py:3047} INFO - Sync 1 DAGs
[2024-02-26T15:57:16.412+0000] {logging_mixin.py:188} INFO - [2024-02-26T15:57:16.412+0000] {dag.py:3834} INFO - Setting next_dagrun for example_params_ui_tutorial to None, run_after=None
[2024-02-26T15:57:16.427+0000] {processor.py:183} INFO - Processing /home/airflow/.local/lib/python3.11/site-packages/airflow/example_dags/example_params_ui_tutorial.py took 0.086 seconds
[2024-02-26T15:57:46.720+0000] {processor.py:161} INFO - Started process (PID=4807) to work on /home/airflow/.local/lib/python3.11/site-packages/airflow/example_dags/example_params_ui_tutorial.py
[2024-02-26T15:57:46.722+0000] {processor.py:830} INFO - Processing file /home/airflow/.local/lib/python3.11/site-packages/airflow/example_dags/example_params_ui_tutorial.py for tasks to queue
[2024-02-26T15:57:46.724+0000] {logging_mixin.py:188} INFO - [2024-02-26T15:57:46.724+0000] {dagbag.py:540} INFO - Filling up the DagBag from /home/airflow/.local/lib/python3.11/site-packages/airflow/example_dags/example_params_ui_tutorial.py
[2024-02-26T15:57:46.736+0000] {processor.py:840} INFO - DAG(s) 'example_params_ui_tutorial' retrieved from /home/airflow/.local/lib/python3.11/site-packages/airflow/example_dags/example_params_ui_tutorial.py
[2024-02-26T15:57:46.773+0000] {logging_mixin.py:188} INFO - [2024-02-26T15:57:46.773+0000] {dag.py:3047} INFO - Sync 1 DAGs
[2024-02-26T15:57:46.783+0000] {logging_mixin.py:188} INFO - [2024-02-26T15:57:46.783+0000] {dag.py:3834} INFO - Setting next_dagrun for example_params_ui_tutorial to None, run_after=None
[2024-02-26T15:57:46.794+0000] {processor.py:183} INFO - Processing /home/airflow/.local/lib/python3.11/site-packages/airflow/example_dags/example_params_ui_tutorial.py took 0.077 seconds
[2024-02-26T15:58:16.979+0000] {processor.py:161} INFO - Started process (PID=5054) to work on /home/airflow/.local/lib/python3.11/site-packages/airflow/example_dags/example_params_ui_tutorial.py
[2024-02-26T15:58:16.981+0000] {processor.py:830} INFO - Processing file /home/airflow/.local/lib/python3.11/site-packages/airflow/example_dags/example_params_ui_tutorial.py for tasks to queue
[2024-02-26T15:58:16.983+0000] {logging_mixin.py:188} INFO - [2024-02-26T15:58:16.982+0000] {dagbag.py:540} INFO - Filling up the DagBag from /home/airflow/.local/lib/python3.11/site-packages/airflow/example_dags/example_params_ui_tutorial.py
[2024-02-26T15:58:16.994+0000] {processor.py:840} INFO - DAG(s) 'example_params_ui_tutorial' retrieved from /home/airflow/.local/lib/python3.11/site-packages/airflow/example_dags/example_params_ui_tutorial.py
[2024-02-26T15:58:17.032+0000] {logging_mixin.py:188} INFO - [2024-02-26T15:58:17.032+0000] {dag.py:3047} INFO - Sync 1 DAGs
[2024-02-26T15:58:17.042+0000] {logging_mixin.py:188} INFO - [2024-02-26T15:58:17.042+0000] {dag.py:3834} INFO - Setting next_dagrun for example_params_ui_tutorial to None, run_after=None
[2024-02-26T15:58:17.056+0000] {processor.py:183} INFO - Processing /home/airflow/.local/lib/python3.11/site-packages/airflow/example_dags/example_params_ui_tutorial.py took 0.080 seconds
[2024-02-26T15:58:47.321+0000] {processor.py:161} INFO - Started process (PID=5302) to work on /home/airflow/.local/lib/python3.11/site-packages/airflow/example_dags/example_params_ui_tutorial.py
[2024-02-26T15:58:47.323+0000] {processor.py:830} INFO - Processing file /home/airflow/.local/lib/python3.11/site-packages/airflow/example_dags/example_params_ui_tutorial.py for tasks to queue
[2024-02-26T15:58:47.324+0000] {logging_mixin.py:188} INFO - [2024-02-26T15:58:47.324+0000] {dagbag.py:540} INFO - Filling up the DagBag from /home/airflow/.local/lib/python3.11/site-packages/airflow/example_dags/example_params_ui_tutorial.py
[2024-02-26T15:58:47.335+0000] {processor.py:840} INFO - DAG(s) 'example_params_ui_tutorial' retrieved from /home/airflow/.local/lib/python3.11/site-packages/airflow/example_dags/example_params_ui_tutorial.py
[2024-02-26T15:58:47.371+0000] {logging_mixin.py:188} INFO - [2024-02-26T15:58:47.371+0000] {dag.py:3047} INFO - Sync 1 DAGs
[2024-02-26T15:58:47.381+0000] {logging_mixin.py:188} INFO - [2024-02-26T15:58:47.381+0000] {dag.py:3834} INFO - Setting next_dagrun for example_params_ui_tutorial to None, run_after=None
[2024-02-26T15:58:47.397+0000] {processor.py:183} INFO - Processing /home/airflow/.local/lib/python3.11/site-packages/airflow/example_dags/example_params_ui_tutorial.py took 0.079 seconds
[2024-02-26T15:59:17.516+0000] {processor.py:161} INFO - Started process (PID=5550) to work on /home/airflow/.local/lib/python3.11/site-packages/airflow/example_dags/example_params_ui_tutorial.py
[2024-02-26T15:59:17.518+0000] {processor.py:830} INFO - Processing file /home/airflow/.local/lib/python3.11/site-packages/airflow/example_dags/example_params_ui_tutorial.py for tasks to queue
[2024-02-26T15:59:17.521+0000] {logging_mixin.py:188} INFO - [2024-02-26T15:59:17.520+0000] {dagbag.py:540} INFO - Filling up the DagBag from /home/airflow/.local/lib/python3.11/site-packages/airflow/example_dags/example_params_ui_tutorial.py
[2024-02-26T15:59:17.531+0000] {processor.py:840} INFO - DAG(s) 'example_params_ui_tutorial' retrieved from /home/airflow/.local/lib/python3.11/site-packages/airflow/example_dags/example_params_ui_tutorial.py
[2024-02-26T15:59:17.565+0000] {logging_mixin.py:188} INFO - [2024-02-26T15:59:17.564+0000] {dag.py:3047} INFO - Sync 1 DAGs
[2024-02-26T15:59:17.574+0000] {logging_mixin.py:188} INFO - [2024-02-26T15:59:17.573+0000] {dag.py:3834} INFO - Setting next_dagrun for example_params_ui_tutorial to None, run_after=None
[2024-02-26T15:59:17.586+0000] {processor.py:183} INFO - Processing /home/airflow/.local/lib/python3.11/site-packages/airflow/example_dags/example_params_ui_tutorial.py took 0.073 seconds
[2024-02-26T15:59:48.588+0000] {processor.py:161} INFO - Started process (PID=5799) to work on /home/airflow/.local/lib/python3.11/site-packages/airflow/example_dags/example_params_ui_tutorial.py
[2024-02-26T15:59:48.589+0000] {processor.py:830} INFO - Processing file /home/airflow/.local/lib/python3.11/site-packages/airflow/example_dags/example_params_ui_tutorial.py for tasks to queue
[2024-02-26T15:59:48.591+0000] {logging_mixin.py:188} INFO - [2024-02-26T15:59:48.590+0000] {dagbag.py:540} INFO - Filling up the DagBag from /home/airflow/.local/lib/python3.11/site-packages/airflow/example_dags/example_params_ui_tutorial.py
[2024-02-26T15:59:48.600+0000] {processor.py:840} INFO - DAG(s) 'example_params_ui_tutorial' retrieved from /home/airflow/.local/lib/python3.11/site-packages/airflow/example_dags/example_params_ui_tutorial.py
[2024-02-26T15:59:48.634+0000] {logging_mixin.py:188} INFO - [2024-02-26T15:59:48.634+0000] {dag.py:3047} INFO - Sync 1 DAGs
[2024-02-26T15:59:48.641+0000] {logging_mixin.py:188} INFO - [2024-02-26T15:59:48.641+0000] {dag.py:3834} INFO - Setting next_dagrun for example_params_ui_tutorial to None, run_after=None
[2024-02-26T15:59:48.653+0000] {processor.py:183} INFO - Processing /home/airflow/.local/lib/python3.11/site-packages/airflow/example_dags/example_params_ui_tutorial.py took 0.069 seconds
[2024-02-26T16:00:19.445+0000] {processor.py:161} INFO - Started process (PID=6046) to work on /home/airflow/.local/lib/python3.11/site-packages/airflow/example_dags/example_params_ui_tutorial.py
[2024-02-26T16:00:19.446+0000] {processor.py:830} INFO - Processing file /home/airflow/.local/lib/python3.11/site-packages/airflow/example_dags/example_params_ui_tutorial.py for tasks to queue
[2024-02-26T16:00:19.450+0000] {logging_mixin.py:188} INFO - [2024-02-26T16:00:19.450+0000] {dagbag.py:540} INFO - Filling up the DagBag from /home/airflow/.local/lib/python3.11/site-packages/airflow/example_dags/example_params_ui_tutorial.py
[2024-02-26T16:00:19.460+0000] {processor.py:840} INFO - DAG(s) 'example_params_ui_tutorial' retrieved from /home/airflow/.local/lib/python3.11/site-packages/airflow/example_dags/example_params_ui_tutorial.py
[2024-02-26T16:00:19.493+0000] {logging_mixin.py:188} INFO - [2024-02-26T16:00:19.493+0000] {dag.py:3047} INFO - Sync 1 DAGs
[2024-02-26T16:00:19.501+0000] {logging_mixin.py:188} INFO - [2024-02-26T16:00:19.501+0000] {dag.py:3834} INFO - Setting next_dagrun for example_params_ui_tutorial to None, run_after=None
[2024-02-26T16:00:19.513+0000] {processor.py:183} INFO - Processing /home/airflow/.local/lib/python3.11/site-packages/airflow/example_dags/example_params_ui_tutorial.py took 0.072 seconds
[2024-02-26T16:00:50.249+0000] {processor.py:161} INFO - Started process (PID=6290) to work on /home/airflow/.local/lib/python3.11/site-packages/airflow/example_dags/example_params_ui_tutorial.py
[2024-02-26T16:00:50.251+0000] {processor.py:830} INFO - Processing file /home/airflow/.local/lib/python3.11/site-packages/airflow/example_dags/example_params_ui_tutorial.py for tasks to queue
[2024-02-26T16:00:50.253+0000] {logging_mixin.py:188} INFO - [2024-02-26T16:00:50.252+0000] {dagbag.py:540} INFO - Filling up the DagBag from /home/airflow/.local/lib/python3.11/site-packages/airflow/example_dags/example_params_ui_tutorial.py
[2024-02-26T16:00:50.265+0000] {processor.py:840} INFO - DAG(s) 'example_params_ui_tutorial' retrieved from /home/airflow/.local/lib/python3.11/site-packages/airflow/example_dags/example_params_ui_tutorial.py
[2024-02-26T16:00:50.299+0000] {logging_mixin.py:188} INFO - [2024-02-26T16:00:50.299+0000] {dag.py:3047} INFO - Sync 1 DAGs
[2024-02-26T16:00:50.308+0000] {logging_mixin.py:188} INFO - [2024-02-26T16:00:50.308+0000] {dag.py:3834} INFO - Setting next_dagrun for example_params_ui_tutorial to None, run_after=None
[2024-02-26T16:00:50.319+0000] {processor.py:183} INFO - Processing /home/airflow/.local/lib/python3.11/site-packages/airflow/example_dags/example_params_ui_tutorial.py took 0.073 seconds
[2024-02-26T16:01:21.024+0000] {processor.py:161} INFO - Started process (PID=6539) to work on /home/airflow/.local/lib/python3.11/site-packages/airflow/example_dags/example_params_ui_tutorial.py
[2024-02-26T16:01:21.026+0000] {processor.py:830} INFO - Processing file /home/airflow/.local/lib/python3.11/site-packages/airflow/example_dags/example_params_ui_tutorial.py for tasks to queue
[2024-02-26T16:01:21.028+0000] {logging_mixin.py:188} INFO - [2024-02-26T16:01:21.028+0000] {dagbag.py:540} INFO - Filling up the DagBag from /home/airflow/.local/lib/python3.11/site-packages/airflow/example_dags/example_params_ui_tutorial.py
[2024-02-26T16:01:21.038+0000] {processor.py:840} INFO - DAG(s) 'example_params_ui_tutorial' retrieved from /home/airflow/.local/lib/python3.11/site-packages/airflow/example_dags/example_params_ui_tutorial.py
[2024-02-26T16:01:21.070+0000] {logging_mixin.py:188} INFO - [2024-02-26T16:01:21.070+0000] {dag.py:3047} INFO - Sync 1 DAGs
[2024-02-26T16:01:21.079+0000] {logging_mixin.py:188} INFO - [2024-02-26T16:01:21.079+0000] {dag.py:3834} INFO - Setting next_dagrun for example_params_ui_tutorial to None, run_after=None
[2024-02-26T16:01:21.090+0000] {processor.py:183} INFO - Processing /home/airflow/.local/lib/python3.11/site-packages/airflow/example_dags/example_params_ui_tutorial.py took 0.071 seconds
[2024-02-26T16:01:51.165+0000] {processor.py:161} INFO - Started process (PID=6784) to work on /home/airflow/.local/lib/python3.11/site-packages/airflow/example_dags/example_params_ui_tutorial.py
[2024-02-26T16:01:51.167+0000] {processor.py:830} INFO - Processing file /home/airflow/.local/lib/python3.11/site-packages/airflow/example_dags/example_params_ui_tutorial.py for tasks to queue
[2024-02-26T16:01:51.169+0000] {logging_mixin.py:188} INFO - [2024-02-26T16:01:51.168+0000] {dagbag.py:540} INFO - Filling up the DagBag from /home/airflow/.local/lib/python3.11/site-packages/airflow/example_dags/example_params_ui_tutorial.py
[2024-02-26T16:01:51.179+0000] {processor.py:840} INFO - DAG(s) 'example_params_ui_tutorial' retrieved from /home/airflow/.local/lib/python3.11/site-packages/airflow/example_dags/example_params_ui_tutorial.py
[2024-02-26T16:01:51.213+0000] {logging_mixin.py:188} INFO - [2024-02-26T16:01:51.213+0000] {dag.py:3047} INFO - Sync 1 DAGs
[2024-02-26T16:01:51.221+0000] {logging_mixin.py:188} INFO - [2024-02-26T16:01:51.221+0000] {dag.py:3834} INFO - Setting next_dagrun for example_params_ui_tutorial to None, run_after=None
[2024-02-26T16:01:51.239+0000] {processor.py:183} INFO - Processing /home/airflow/.local/lib/python3.11/site-packages/airflow/example_dags/example_params_ui_tutorial.py took 0.076 seconds
[2024-02-26T16:02:21.373+0000] {processor.py:161} INFO - Started process (PID=7033) to work on /home/airflow/.local/lib/python3.11/site-packages/airflow/example_dags/example_params_ui_tutorial.py
[2024-02-26T16:02:21.375+0000] {processor.py:830} INFO - Processing file /home/airflow/.local/lib/python3.11/site-packages/airflow/example_dags/example_params_ui_tutorial.py for tasks to queue
[2024-02-26T16:02:21.377+0000] {logging_mixin.py:188} INFO - [2024-02-26T16:02:21.376+0000] {dagbag.py:540} INFO - Filling up the DagBag from /home/airflow/.local/lib/python3.11/site-packages/airflow/example_dags/example_params_ui_tutorial.py
[2024-02-26T16:02:21.390+0000] {processor.py:840} INFO - DAG(s) 'example_params_ui_tutorial' retrieved from /home/airflow/.local/lib/python3.11/site-packages/airflow/example_dags/example_params_ui_tutorial.py
[2024-02-26T16:02:21.425+0000] {logging_mixin.py:188} INFO - [2024-02-26T16:02:21.425+0000] {dag.py:3047} INFO - Sync 1 DAGs
[2024-02-26T16:02:21.435+0000] {logging_mixin.py:188} INFO - [2024-02-26T16:02:21.435+0000] {dag.py:3834} INFO - Setting next_dagrun for example_params_ui_tutorial to None, run_after=None
[2024-02-26T16:02:21.449+0000] {processor.py:183} INFO - Processing /home/airflow/.local/lib/python3.11/site-packages/airflow/example_dags/example_params_ui_tutorial.py took 0.079 seconds
[2024-02-26T16:02:51.512+0000] {processor.py:161} INFO - Started process (PID=7278) to work on /home/airflow/.local/lib/python3.11/site-packages/airflow/example_dags/example_params_ui_tutorial.py
[2024-02-26T16:02:51.513+0000] {processor.py:830} INFO - Processing file /home/airflow/.local/lib/python3.11/site-packages/airflow/example_dags/example_params_ui_tutorial.py for tasks to queue
[2024-02-26T16:02:51.515+0000] {logging_mixin.py:188} INFO - [2024-02-26T16:02:51.514+0000] {dagbag.py:540} INFO - Filling up the DagBag from /home/airflow/.local/lib/python3.11/site-packages/airflow/example_dags/example_params_ui_tutorial.py
[2024-02-26T16:02:51.525+0000] {processor.py:840} INFO - DAG(s) 'example_params_ui_tutorial' retrieved from /home/airflow/.local/lib/python3.11/site-packages/airflow/example_dags/example_params_ui_tutorial.py
[2024-02-26T16:02:51.557+0000] {logging_mixin.py:188} INFO - [2024-02-26T16:02:51.557+0000] {dag.py:3047} INFO - Sync 1 DAGs
[2024-02-26T16:02:51.566+0000] {logging_mixin.py:188} INFO - [2024-02-26T16:02:51.565+0000] {dag.py:3834} INFO - Setting next_dagrun for example_params_ui_tutorial to None, run_after=None
[2024-02-26T16:02:51.580+0000] {processor.py:183} INFO - Processing /home/airflow/.local/lib/python3.11/site-packages/airflow/example_dags/example_params_ui_tutorial.py took 0.072 seconds
[2024-02-26T16:03:22.622+0000] {processor.py:161} INFO - Started process (PID=7525) to work on /home/airflow/.local/lib/python3.11/site-packages/airflow/example_dags/example_params_ui_tutorial.py
[2024-02-26T16:03:22.628+0000] {processor.py:830} INFO - Processing file /home/airflow/.local/lib/python3.11/site-packages/airflow/example_dags/example_params_ui_tutorial.py for tasks to queue
[2024-02-26T16:03:22.629+0000] {logging_mixin.py:188} INFO - [2024-02-26T16:03:22.629+0000] {dagbag.py:540} INFO - Filling up the DagBag from /home/airflow/.local/lib/python3.11/site-packages/airflow/example_dags/example_params_ui_tutorial.py
[2024-02-26T16:03:22.642+0000] {processor.py:840} INFO - DAG(s) 'example_params_ui_tutorial' retrieved from /home/airflow/.local/lib/python3.11/site-packages/airflow/example_dags/example_params_ui_tutorial.py
[2024-02-26T16:03:22.676+0000] {logging_mixin.py:188} INFO - [2024-02-26T16:03:22.675+0000] {dag.py:3047} INFO - Sync 1 DAGs
[2024-02-26T16:03:22.685+0000] {logging_mixin.py:188} INFO - [2024-02-26T16:03:22.684+0000] {dag.py:3834} INFO - Setting next_dagrun for example_params_ui_tutorial to None, run_after=None
[2024-02-26T16:03:22.696+0000] {processor.py:183} INFO - Processing /home/airflow/.local/lib/python3.11/site-packages/airflow/example_dags/example_params_ui_tutorial.py took 0.079 seconds
[2024-02-26T16:03:52.768+0000] {processor.py:161} INFO - Started process (PID=7770) to work on /home/airflow/.local/lib/python3.11/site-packages/airflow/example_dags/example_params_ui_tutorial.py
[2024-02-26T16:03:52.771+0000] {processor.py:830} INFO - Processing file /home/airflow/.local/lib/python3.11/site-packages/airflow/example_dags/example_params_ui_tutorial.py for tasks to queue
[2024-02-26T16:03:52.773+0000] {logging_mixin.py:188} INFO - [2024-02-26T16:03:52.772+0000] {dagbag.py:540} INFO - Filling up the DagBag from /home/airflow/.local/lib/python3.11/site-packages/airflow/example_dags/example_params_ui_tutorial.py
[2024-02-26T16:03:52.787+0000] {processor.py:840} INFO - DAG(s) 'example_params_ui_tutorial' retrieved from /home/airflow/.local/lib/python3.11/site-packages/airflow/example_dags/example_params_ui_tutorial.py
[2024-02-26T16:03:52.821+0000] {logging_mixin.py:188} INFO - [2024-02-26T16:03:52.820+0000] {dag.py:3047} INFO - Sync 1 DAGs
[2024-02-26T16:03:52.829+0000] {logging_mixin.py:188} INFO - [2024-02-26T16:03:52.829+0000] {dag.py:3834} INFO - Setting next_dagrun for example_params_ui_tutorial to None, run_after=None
[2024-02-26T16:03:52.839+0000] {processor.py:183} INFO - Processing /home/airflow/.local/lib/python3.11/site-packages/airflow/example_dags/example_params_ui_tutorial.py took 0.075 seconds
[2024-02-26T16:04:23.511+0000] {processor.py:161} INFO - Started process (PID=8020) to work on /home/airflow/.local/lib/python3.11/site-packages/airflow/example_dags/example_params_ui_tutorial.py
[2024-02-26T16:04:23.513+0000] {processor.py:830} INFO - Processing file /home/airflow/.local/lib/python3.11/site-packages/airflow/example_dags/example_params_ui_tutorial.py for tasks to queue
[2024-02-26T16:04:23.515+0000] {logging_mixin.py:188} INFO - [2024-02-26T16:04:23.514+0000] {dagbag.py:540} INFO - Filling up the DagBag from /home/airflow/.local/lib/python3.11/site-packages/airflow/example_dags/example_params_ui_tutorial.py
[2024-02-26T16:04:23.527+0000] {processor.py:840} INFO - DAG(s) 'example_params_ui_tutorial' retrieved from /home/airflow/.local/lib/python3.11/site-packages/airflow/example_dags/example_params_ui_tutorial.py
[2024-02-26T16:04:23.560+0000] {logging_mixin.py:188} INFO - [2024-02-26T16:04:23.560+0000] {dag.py:3047} INFO - Sync 1 DAGs
[2024-02-26T16:04:23.569+0000] {logging_mixin.py:188} INFO - [2024-02-26T16:04:23.569+0000] {dag.py:3834} INFO - Setting next_dagrun for example_params_ui_tutorial to None, run_after=None
[2024-02-26T16:04:23.581+0000] {processor.py:183} INFO - Processing /home/airflow/.local/lib/python3.11/site-packages/airflow/example_dags/example_params_ui_tutorial.py took 0.074 seconds
[2024-02-26T16:04:54.338+0000] {processor.py:161} INFO - Started process (PID=8267) to work on /home/airflow/.local/lib/python3.11/site-packages/airflow/example_dags/example_params_ui_tutorial.py
[2024-02-26T16:04:54.340+0000] {processor.py:830} INFO - Processing file /home/airflow/.local/lib/python3.11/site-packages/airflow/example_dags/example_params_ui_tutorial.py for tasks to queue
[2024-02-26T16:04:54.342+0000] {logging_mixin.py:188} INFO - [2024-02-26T16:04:54.341+0000] {dagbag.py:540} INFO - Filling up the DagBag from /home/airflow/.local/lib/python3.11/site-packages/airflow/example_dags/example_params_ui_tutorial.py
[2024-02-26T16:04:54.356+0000] {processor.py:840} INFO - DAG(s) 'example_params_ui_tutorial' retrieved from /home/airflow/.local/lib/python3.11/site-packages/airflow/example_dags/example_params_ui_tutorial.py
[2024-02-26T16:04:54.390+0000] {logging_mixin.py:188} INFO - [2024-02-26T16:04:54.390+0000] {dag.py:3047} INFO - Sync 1 DAGs
[2024-02-26T16:04:54.400+0000] {logging_mixin.py:188} INFO - [2024-02-26T16:04:54.400+0000] {dag.py:3834} INFO - Setting next_dagrun for example_params_ui_tutorial to None, run_after=None
[2024-02-26T16:04:54.412+0000] {processor.py:183} INFO - Processing /home/airflow/.local/lib/python3.11/site-packages/airflow/example_dags/example_params_ui_tutorial.py took 0.077 seconds
[2024-02-26T16:05:25.091+0000] {processor.py:161} INFO - Started process (PID=8514) to work on /home/airflow/.local/lib/python3.11/site-packages/airflow/example_dags/example_params_ui_tutorial.py
[2024-02-26T16:05:25.093+0000] {processor.py:830} INFO - Processing file /home/airflow/.local/lib/python3.11/site-packages/airflow/example_dags/example_params_ui_tutorial.py for tasks to queue
[2024-02-26T16:05:25.095+0000] {logging_mixin.py:188} INFO - [2024-02-26T16:05:25.095+0000] {dagbag.py:540} INFO - Filling up the DagBag from /home/airflow/.local/lib/python3.11/site-packages/airflow/example_dags/example_params_ui_tutorial.py
[2024-02-26T16:05:25.107+0000] {processor.py:840} INFO - DAG(s) 'example_params_ui_tutorial' retrieved from /home/airflow/.local/lib/python3.11/site-packages/airflow/example_dags/example_params_ui_tutorial.py
[2024-02-26T16:05:25.143+0000] {logging_mixin.py:188} INFO - [2024-02-26T16:05:25.142+0000] {dag.py:3047} INFO - Sync 1 DAGs
[2024-02-26T16:05:25.151+0000] {logging_mixin.py:188} INFO - [2024-02-26T16:05:25.151+0000] {dag.py:3834} INFO - Setting next_dagrun for example_params_ui_tutorial to None, run_after=None
[2024-02-26T16:05:25.163+0000] {processor.py:183} INFO - Processing /home/airflow/.local/lib/python3.11/site-packages/airflow/example_dags/example_params_ui_tutorial.py took 0.076 seconds
[2024-02-26T16:05:55.814+0000] {processor.py:161} INFO - Started process (PID=8761) to work on /home/airflow/.local/lib/python3.11/site-packages/airflow/example_dags/example_params_ui_tutorial.py
[2024-02-26T16:05:55.817+0000] {processor.py:830} INFO - Processing file /home/airflow/.local/lib/python3.11/site-packages/airflow/example_dags/example_params_ui_tutorial.py for tasks to queue
[2024-02-26T16:05:55.818+0000] {logging_mixin.py:188} INFO - [2024-02-26T16:05:55.818+0000] {dagbag.py:540} INFO - Filling up the DagBag from /home/airflow/.local/lib/python3.11/site-packages/airflow/example_dags/example_params_ui_tutorial.py
[2024-02-26T16:05:55.829+0000] {processor.py:840} INFO - DAG(s) 'example_params_ui_tutorial' retrieved from /home/airflow/.local/lib/python3.11/site-packages/airflow/example_dags/example_params_ui_tutorial.py
[2024-02-26T16:05:55.862+0000] {logging_mixin.py:188} INFO - [2024-02-26T16:05:55.862+0000] {dag.py:3047} INFO - Sync 1 DAGs
[2024-02-26T16:05:55.871+0000] {logging_mixin.py:188} INFO - [2024-02-26T16:05:55.871+0000] {dag.py:3834} INFO - Setting next_dagrun for example_params_ui_tutorial to None, run_after=None
[2024-02-26T16:05:55.882+0000] {processor.py:183} INFO - Processing /home/airflow/.local/lib/python3.11/site-packages/airflow/example_dags/example_params_ui_tutorial.py took 0.071 seconds
[2024-02-26T16:06:26.692+0000] {processor.py:161} INFO - Started process (PID=9008) to work on /home/airflow/.local/lib/python3.11/site-packages/airflow/example_dags/example_params_ui_tutorial.py
[2024-02-26T16:06:26.694+0000] {processor.py:830} INFO - Processing file /home/airflow/.local/lib/python3.11/site-packages/airflow/example_dags/example_params_ui_tutorial.py for tasks to queue
[2024-02-26T16:06:26.696+0000] {logging_mixin.py:188} INFO - [2024-02-26T16:06:26.696+0000] {dagbag.py:540} INFO - Filling up the DagBag from /home/airflow/.local/lib/python3.11/site-packages/airflow/example_dags/example_params_ui_tutorial.py
[2024-02-26T16:06:26.708+0000] {processor.py:840} INFO - DAG(s) 'example_params_ui_tutorial' retrieved from /home/airflow/.local/lib/python3.11/site-packages/airflow/example_dags/example_params_ui_tutorial.py
[2024-02-26T16:06:26.743+0000] {logging_mixin.py:188} INFO - [2024-02-26T16:06:26.743+0000] {dag.py:3047} INFO - Sync 1 DAGs
[2024-02-26T16:06:26.752+0000] {logging_mixin.py:188} INFO - [2024-02-26T16:06:26.752+0000] {dag.py:3834} INFO - Setting next_dagrun for example_params_ui_tutorial to None, run_after=None
[2024-02-26T16:06:26.766+0000] {processor.py:183} INFO - Processing /home/airflow/.local/lib/python3.11/site-packages/airflow/example_dags/example_params_ui_tutorial.py took 0.078 seconds
[2024-02-26T16:06:57.553+0000] {processor.py:161} INFO - Started process (PID=9255) to work on /home/airflow/.local/lib/python3.11/site-packages/airflow/example_dags/example_params_ui_tutorial.py
[2024-02-26T16:06:57.558+0000] {processor.py:830} INFO - Processing file /home/airflow/.local/lib/python3.11/site-packages/airflow/example_dags/example_params_ui_tutorial.py for tasks to queue
[2024-02-26T16:06:57.562+0000] {logging_mixin.py:188} INFO - [2024-02-26T16:06:57.561+0000] {dagbag.py:540} INFO - Filling up the DagBag from /home/airflow/.local/lib/python3.11/site-packages/airflow/example_dags/example_params_ui_tutorial.py
[2024-02-26T16:06:57.574+0000] {processor.py:840} INFO - DAG(s) 'example_params_ui_tutorial' retrieved from /home/airflow/.local/lib/python3.11/site-packages/airflow/example_dags/example_params_ui_tutorial.py
[2024-02-26T16:06:57.607+0000] {logging_mixin.py:188} INFO - [2024-02-26T16:06:57.607+0000] {dag.py:3047} INFO - Sync 1 DAGs
[2024-02-26T16:06:57.617+0000] {logging_mixin.py:188} INFO - [2024-02-26T16:06:57.617+0000] {dag.py:3834} INFO - Setting next_dagrun for example_params_ui_tutorial to None, run_after=None
[2024-02-26T16:06:57.628+0000] {processor.py:183} INFO - Processing /home/airflow/.local/lib/python3.11/site-packages/airflow/example_dags/example_params_ui_tutorial.py took 0.079 seconds
[2024-02-26T16:07:27.673+0000] {processor.py:161} INFO - Started process (PID=9499) to work on /home/airflow/.local/lib/python3.11/site-packages/airflow/example_dags/example_params_ui_tutorial.py
[2024-02-26T16:07:27.675+0000] {processor.py:830} INFO - Processing file /home/airflow/.local/lib/python3.11/site-packages/airflow/example_dags/example_params_ui_tutorial.py for tasks to queue
[2024-02-26T16:07:27.676+0000] {logging_mixin.py:188} INFO - [2024-02-26T16:07:27.676+0000] {dagbag.py:540} INFO - Filling up the DagBag from /home/airflow/.local/lib/python3.11/site-packages/airflow/example_dags/example_params_ui_tutorial.py
[2024-02-26T16:07:27.685+0000] {processor.py:840} INFO - DAG(s) 'example_params_ui_tutorial' retrieved from /home/airflow/.local/lib/python3.11/site-packages/airflow/example_dags/example_params_ui_tutorial.py
[2024-02-26T16:07:27.720+0000] {logging_mixin.py:188} INFO - [2024-02-26T16:07:27.719+0000] {dag.py:3047} INFO - Sync 1 DAGs
[2024-02-26T16:07:27.728+0000] {logging_mixin.py:188} INFO - [2024-02-26T16:07:27.728+0000] {dag.py:3834} INFO - Setting next_dagrun for example_params_ui_tutorial to None, run_after=None
[2024-02-26T16:07:27.738+0000] {processor.py:183} INFO - Processing /home/airflow/.local/lib/python3.11/site-packages/airflow/example_dags/example_params_ui_tutorial.py took 0.068 seconds
[2024-02-26T16:07:57.788+0000] {processor.py:161} INFO - Started process (PID=9746) to work on /home/airflow/.local/lib/python3.11/site-packages/airflow/example_dags/example_params_ui_tutorial.py
[2024-02-26T16:07:57.790+0000] {processor.py:830} INFO - Processing file /home/airflow/.local/lib/python3.11/site-packages/airflow/example_dags/example_params_ui_tutorial.py for tasks to queue
[2024-02-26T16:07:57.792+0000] {logging_mixin.py:188} INFO - [2024-02-26T16:07:57.791+0000] {dagbag.py:540} INFO - Filling up the DagBag from /home/airflow/.local/lib/python3.11/site-packages/airflow/example_dags/example_params_ui_tutorial.py
[2024-02-26T16:07:57.806+0000] {processor.py:840} INFO - DAG(s) 'example_params_ui_tutorial' retrieved from /home/airflow/.local/lib/python3.11/site-packages/airflow/example_dags/example_params_ui_tutorial.py
[2024-02-26T16:07:57.840+0000] {logging_mixin.py:188} INFO - [2024-02-26T16:07:57.840+0000] {dag.py:3047} INFO - Sync 1 DAGs
[2024-02-26T16:07:57.849+0000] {logging_mixin.py:188} INFO - [2024-02-26T16:07:57.849+0000] {dag.py:3834} INFO - Setting next_dagrun for example_params_ui_tutorial to None, run_after=None
[2024-02-26T16:07:57.862+0000] {processor.py:183} INFO - Processing /home/airflow/.local/lib/python3.11/site-packages/airflow/example_dags/example_params_ui_tutorial.py took 0.078 seconds
[2024-02-26T16:08:28.046+0000] {processor.py:161} INFO - Started process (PID=9999) to work on /home/airflow/.local/lib/python3.11/site-packages/airflow/example_dags/example_params_ui_tutorial.py
[2024-02-26T16:08:28.048+0000] {processor.py:830} INFO - Processing file /home/airflow/.local/lib/python3.11/site-packages/airflow/example_dags/example_params_ui_tutorial.py for tasks to queue
[2024-02-26T16:08:28.049+0000] {logging_mixin.py:188} INFO - [2024-02-26T16:08:28.049+0000] {dagbag.py:540} INFO - Filling up the DagBag from /home/airflow/.local/lib/python3.11/site-packages/airflow/example_dags/example_params_ui_tutorial.py
[2024-02-26T16:08:28.060+0000] {processor.py:840} INFO - DAG(s) 'example_params_ui_tutorial' retrieved from /home/airflow/.local/lib/python3.11/site-packages/airflow/example_dags/example_params_ui_tutorial.py
[2024-02-26T16:08:28.097+0000] {logging_mixin.py:188} INFO - [2024-02-26T16:08:28.096+0000] {dag.py:3047} INFO - Sync 1 DAGs
[2024-02-26T16:08:28.106+0000] {logging_mixin.py:188} INFO - [2024-02-26T16:08:28.105+0000] {dag.py:3834} INFO - Setting next_dagrun for example_params_ui_tutorial to None, run_after=None
[2024-02-26T16:08:28.118+0000] {processor.py:183} INFO - Processing /home/airflow/.local/lib/python3.11/site-packages/airflow/example_dags/example_params_ui_tutorial.py took 0.074 seconds
[2024-02-26T16:08:58.453+0000] {processor.py:161} INFO - Started process (PID=10246) to work on /home/airflow/.local/lib/python3.11/site-packages/airflow/example_dags/example_params_ui_tutorial.py
[2024-02-26T16:08:58.456+0000] {processor.py:830} INFO - Processing file /home/airflow/.local/lib/python3.11/site-packages/airflow/example_dags/example_params_ui_tutorial.py for tasks to queue
[2024-02-26T16:08:58.458+0000] {logging_mixin.py:188} INFO - [2024-02-26T16:08:58.457+0000] {dagbag.py:540} INFO - Filling up the DagBag from /home/airflow/.local/lib/python3.11/site-packages/airflow/example_dags/example_params_ui_tutorial.py
[2024-02-26T16:08:58.475+0000] {processor.py:840} INFO - DAG(s) 'example_params_ui_tutorial' retrieved from /home/airflow/.local/lib/python3.11/site-packages/airflow/example_dags/example_params_ui_tutorial.py
[2024-02-26T16:08:58.525+0000] {logging_mixin.py:188} INFO - [2024-02-26T16:08:58.524+0000] {dag.py:3047} INFO - Sync 1 DAGs
[2024-02-26T16:08:58.535+0000] {logging_mixin.py:188} INFO - [2024-02-26T16:08:58.535+0000] {dag.py:3834} INFO - Setting next_dagrun for example_params_ui_tutorial to None, run_after=None
[2024-02-26T16:08:58.551+0000] {processor.py:183} INFO - Processing /home/airflow/.local/lib/python3.11/site-packages/airflow/example_dags/example_params_ui_tutorial.py took 0.103 seconds
[2024-02-26T16:09:28.645+0000] {processor.py:161} INFO - Started process (PID=10493) to work on /home/airflow/.local/lib/python3.11/site-packages/airflow/example_dags/example_params_ui_tutorial.py
[2024-02-26T16:09:28.647+0000] {processor.py:830} INFO - Processing file /home/airflow/.local/lib/python3.11/site-packages/airflow/example_dags/example_params_ui_tutorial.py for tasks to queue
[2024-02-26T16:09:28.649+0000] {logging_mixin.py:188} INFO - [2024-02-26T16:09:28.649+0000] {dagbag.py:540} INFO - Filling up the DagBag from /home/airflow/.local/lib/python3.11/site-packages/airflow/example_dags/example_params_ui_tutorial.py
[2024-02-26T16:09:28.663+0000] {processor.py:840} INFO - DAG(s) 'example_params_ui_tutorial' retrieved from /home/airflow/.local/lib/python3.11/site-packages/airflow/example_dags/example_params_ui_tutorial.py
[2024-02-26T16:09:28.698+0000] {logging_mixin.py:188} INFO - [2024-02-26T16:09:28.698+0000] {dag.py:3047} INFO - Sync 1 DAGs
[2024-02-26T16:09:28.710+0000] {logging_mixin.py:188} INFO - [2024-02-26T16:09:28.710+0000] {dag.py:3834} INFO - Setting next_dagrun for example_params_ui_tutorial to None, run_after=None
[2024-02-26T16:09:28.723+0000] {processor.py:183} INFO - Processing /home/airflow/.local/lib/python3.11/site-packages/airflow/example_dags/example_params_ui_tutorial.py took 0.089 seconds
[2024-02-26T16:09:58.870+0000] {processor.py:161} INFO - Started process (PID=10745) to work on /home/airflow/.local/lib/python3.11/site-packages/airflow/example_dags/example_params_ui_tutorial.py
[2024-02-26T16:09:58.872+0000] {processor.py:830} INFO - Processing file /home/airflow/.local/lib/python3.11/site-packages/airflow/example_dags/example_params_ui_tutorial.py for tasks to queue
[2024-02-26T16:09:58.874+0000] {logging_mixin.py:188} INFO - [2024-02-26T16:09:58.873+0000] {dagbag.py:540} INFO - Filling up the DagBag from /home/airflow/.local/lib/python3.11/site-packages/airflow/example_dags/example_params_ui_tutorial.py
[2024-02-26T16:09:58.885+0000] {processor.py:840} INFO - DAG(s) 'example_params_ui_tutorial' retrieved from /home/airflow/.local/lib/python3.11/site-packages/airflow/example_dags/example_params_ui_tutorial.py
[2024-02-26T16:09:58.921+0000] {logging_mixin.py:188} INFO - [2024-02-26T16:09:58.921+0000] {dag.py:3047} INFO - Sync 1 DAGs
[2024-02-26T16:09:58.932+0000] {logging_mixin.py:188} INFO - [2024-02-26T16:09:58.932+0000] {dag.py:3834} INFO - Setting next_dagrun for example_params_ui_tutorial to None, run_after=None
[2024-02-26T16:09:58.945+0000] {processor.py:183} INFO - Processing /home/airflow/.local/lib/python3.11/site-packages/airflow/example_dags/example_params_ui_tutorial.py took 0.079 seconds
[2024-02-26T16:10:28.996+0000] {processor.py:161} INFO - Started process (PID=10990) to work on /home/airflow/.local/lib/python3.11/site-packages/airflow/example_dags/example_params_ui_tutorial.py
[2024-02-26T16:10:28.998+0000] {processor.py:830} INFO - Processing file /home/airflow/.local/lib/python3.11/site-packages/airflow/example_dags/example_params_ui_tutorial.py for tasks to queue
[2024-02-26T16:10:29.001+0000] {logging_mixin.py:188} INFO - [2024-02-26T16:10:29.000+0000] {dagbag.py:540} INFO - Filling up the DagBag from /home/airflow/.local/lib/python3.11/site-packages/airflow/example_dags/example_params_ui_tutorial.py
[2024-02-26T16:10:29.013+0000] {processor.py:840} INFO - DAG(s) 'example_params_ui_tutorial' retrieved from /home/airflow/.local/lib/python3.11/site-packages/airflow/example_dags/example_params_ui_tutorial.py
[2024-02-26T16:10:29.050+0000] {logging_mixin.py:188} INFO - [2024-02-26T16:10:29.050+0000] {dag.py:3047} INFO - Sync 1 DAGs
[2024-02-26T16:10:29.059+0000] {logging_mixin.py:188} INFO - [2024-02-26T16:10:29.059+0000] {dag.py:3834} INFO - Setting next_dagrun for example_params_ui_tutorial to None, run_after=None
[2024-02-26T16:10:29.071+0000] {processor.py:183} INFO - Processing /home/airflow/.local/lib/python3.11/site-packages/airflow/example_dags/example_params_ui_tutorial.py took 0.078 seconds
[2024-02-26T16:10:59.386+0000] {processor.py:161} INFO - Started process (PID=11234) to work on /home/airflow/.local/lib/python3.11/site-packages/airflow/example_dags/example_params_ui_tutorial.py
[2024-02-26T16:10:59.389+0000] {processor.py:830} INFO - Processing file /home/airflow/.local/lib/python3.11/site-packages/airflow/example_dags/example_params_ui_tutorial.py for tasks to queue
[2024-02-26T16:10:59.391+0000] {logging_mixin.py:188} INFO - [2024-02-26T16:10:59.391+0000] {dagbag.py:540} INFO - Filling up the DagBag from /home/airflow/.local/lib/python3.11/site-packages/airflow/example_dags/example_params_ui_tutorial.py
[2024-02-26T16:10:59.405+0000] {processor.py:840} INFO - DAG(s) 'example_params_ui_tutorial' retrieved from /home/airflow/.local/lib/python3.11/site-packages/airflow/example_dags/example_params_ui_tutorial.py
[2024-02-26T16:10:59.442+0000] {logging_mixin.py:188} INFO - [2024-02-26T16:10:59.442+0000] {dag.py:3047} INFO - Sync 1 DAGs
[2024-02-26T16:10:59.452+0000] {logging_mixin.py:188} INFO - [2024-02-26T16:10:59.452+0000] {dag.py:3834} INFO - Setting next_dagrun for example_params_ui_tutorial to None, run_after=None
[2024-02-26T16:10:59.466+0000] {processor.py:183} INFO - Processing /home/airflow/.local/lib/python3.11/site-packages/airflow/example_dags/example_params_ui_tutorial.py took 0.086 seconds
[2024-02-26T16:11:29.525+0000] {processor.py:161} INFO - Started process (PID=11481) to work on /home/airflow/.local/lib/python3.11/site-packages/airflow/example_dags/example_params_ui_tutorial.py
[2024-02-26T16:11:29.530+0000] {processor.py:830} INFO - Processing file /home/airflow/.local/lib/python3.11/site-packages/airflow/example_dags/example_params_ui_tutorial.py for tasks to queue
[2024-02-26T16:11:29.533+0000] {logging_mixin.py:188} INFO - [2024-02-26T16:11:29.533+0000] {dagbag.py:540} INFO - Filling up the DagBag from /home/airflow/.local/lib/python3.11/site-packages/airflow/example_dags/example_params_ui_tutorial.py
[2024-02-26T16:11:29.547+0000] {processor.py:840} INFO - DAG(s) 'example_params_ui_tutorial' retrieved from /home/airflow/.local/lib/python3.11/site-packages/airflow/example_dags/example_params_ui_tutorial.py
[2024-02-26T16:11:29.581+0000] {logging_mixin.py:188} INFO - [2024-02-26T16:11:29.581+0000] {dag.py:3047} INFO - Sync 1 DAGs
[2024-02-26T16:11:29.589+0000] {logging_mixin.py:188} INFO - [2024-02-26T16:11:29.589+0000] {dag.py:3834} INFO - Setting next_dagrun for example_params_ui_tutorial to None, run_after=None
[2024-02-26T16:11:29.603+0000] {processor.py:183} INFO - Processing /home/airflow/.local/lib/python3.11/site-packages/airflow/example_dags/example_params_ui_tutorial.py took 0.083 seconds
[2024-02-26T16:11:59.699+0000] {processor.py:161} INFO - Started process (PID=11728) to work on /home/airflow/.local/lib/python3.11/site-packages/airflow/example_dags/example_params_ui_tutorial.py
[2024-02-26T16:11:59.706+0000] {processor.py:830} INFO - Processing file /home/airflow/.local/lib/python3.11/site-packages/airflow/example_dags/example_params_ui_tutorial.py for tasks to queue
[2024-02-26T16:11:59.708+0000] {logging_mixin.py:188} INFO - [2024-02-26T16:11:59.708+0000] {dagbag.py:540} INFO - Filling up the DagBag from /home/airflow/.local/lib/python3.11/site-packages/airflow/example_dags/example_params_ui_tutorial.py
[2024-02-26T16:11:59.721+0000] {processor.py:840} INFO - DAG(s) 'example_params_ui_tutorial' retrieved from /home/airflow/.local/lib/python3.11/site-packages/airflow/example_dags/example_params_ui_tutorial.py
[2024-02-26T16:11:59.756+0000] {logging_mixin.py:188} INFO - [2024-02-26T16:11:59.756+0000] {dag.py:3047} INFO - Sync 1 DAGs
[2024-02-26T16:11:59.765+0000] {logging_mixin.py:188} INFO - [2024-02-26T16:11:59.765+0000] {dag.py:3834} INFO - Setting next_dagrun for example_params_ui_tutorial to None, run_after=None
[2024-02-26T16:11:59.776+0000] {processor.py:183} INFO - Processing /home/airflow/.local/lib/python3.11/site-packages/airflow/example_dags/example_params_ui_tutorial.py took 0.083 seconds
[2024-02-26T16:12:29.852+0000] {processor.py:161} INFO - Started process (PID=11979) to work on /home/airflow/.local/lib/python3.11/site-packages/airflow/example_dags/example_params_ui_tutorial.py
[2024-02-26T16:12:29.855+0000] {processor.py:830} INFO - Processing file /home/airflow/.local/lib/python3.11/site-packages/airflow/example_dags/example_params_ui_tutorial.py for tasks to queue
[2024-02-26T16:12:29.858+0000] {logging_mixin.py:188} INFO - [2024-02-26T16:12:29.857+0000] {dagbag.py:540} INFO - Filling up the DagBag from /home/airflow/.local/lib/python3.11/site-packages/airflow/example_dags/example_params_ui_tutorial.py
[2024-02-26T16:12:29.872+0000] {processor.py:840} INFO - DAG(s) 'example_params_ui_tutorial' retrieved from /home/airflow/.local/lib/python3.11/site-packages/airflow/example_dags/example_params_ui_tutorial.py
[2024-02-26T16:12:29.904+0000] {logging_mixin.py:188} INFO - [2024-02-26T16:12:29.904+0000] {dag.py:3047} INFO - Sync 1 DAGs
[2024-02-26T16:12:29.912+0000] {logging_mixin.py:188} INFO - [2024-02-26T16:12:29.912+0000] {dag.py:3834} INFO - Setting next_dagrun for example_params_ui_tutorial to None, run_after=None
[2024-02-26T16:12:29.925+0000] {processor.py:183} INFO - Processing /home/airflow/.local/lib/python3.11/site-packages/airflow/example_dags/example_params_ui_tutorial.py took 0.077 seconds
[2024-02-26T16:13:00.017+0000] {processor.py:161} INFO - Started process (PID=12223) to work on /home/airflow/.local/lib/python3.11/site-packages/airflow/example_dags/example_params_ui_tutorial.py
[2024-02-26T16:13:00.021+0000] {processor.py:830} INFO - Processing file /home/airflow/.local/lib/python3.11/site-packages/airflow/example_dags/example_params_ui_tutorial.py for tasks to queue
[2024-02-26T16:13:00.024+0000] {logging_mixin.py:188} INFO - [2024-02-26T16:13:00.023+0000] {dagbag.py:540} INFO - Filling up the DagBag from /home/airflow/.local/lib/python3.11/site-packages/airflow/example_dags/example_params_ui_tutorial.py
[2024-02-26T16:13:00.042+0000] {processor.py:840} INFO - DAG(s) 'example_params_ui_tutorial' retrieved from /home/airflow/.local/lib/python3.11/site-packages/airflow/example_dags/example_params_ui_tutorial.py
[2024-02-26T16:13:00.077+0000] {logging_mixin.py:188} INFO - [2024-02-26T16:13:00.076+0000] {dag.py:3047} INFO - Sync 1 DAGs
[2024-02-26T16:13:00.086+0000] {logging_mixin.py:188} INFO - [2024-02-26T16:13:00.086+0000] {dag.py:3834} INFO - Setting next_dagrun for example_params_ui_tutorial to None, run_after=None
[2024-02-26T16:13:00.099+0000] {processor.py:183} INFO - Processing /home/airflow/.local/lib/python3.11/site-packages/airflow/example_dags/example_params_ui_tutorial.py took 0.088 seconds
[2024-02-26T16:13:30.180+0000] {processor.py:161} INFO - Started process (PID=12471) to work on /home/airflow/.local/lib/python3.11/site-packages/airflow/example_dags/example_params_ui_tutorial.py
[2024-02-26T16:13:30.182+0000] {processor.py:830} INFO - Processing file /home/airflow/.local/lib/python3.11/site-packages/airflow/example_dags/example_params_ui_tutorial.py for tasks to queue
[2024-02-26T16:13:30.184+0000] {logging_mixin.py:188} INFO - [2024-02-26T16:13:30.184+0000] {dagbag.py:540} INFO - Filling up the DagBag from /home/airflow/.local/lib/python3.11/site-packages/airflow/example_dags/example_params_ui_tutorial.py
[2024-02-26T16:13:30.198+0000] {processor.py:840} INFO - DAG(s) 'example_params_ui_tutorial' retrieved from /home/airflow/.local/lib/python3.11/site-packages/airflow/example_dags/example_params_ui_tutorial.py
[2024-02-26T16:13:30.233+0000] {logging_mixin.py:188} INFO - [2024-02-26T16:13:30.233+0000] {dag.py:3047} INFO - Sync 1 DAGs
[2024-02-26T16:13:30.242+0000] {logging_mixin.py:188} INFO - [2024-02-26T16:13:30.242+0000] {dag.py:3834} INFO - Setting next_dagrun for example_params_ui_tutorial to None, run_after=None
[2024-02-26T16:13:30.255+0000] {processor.py:183} INFO - Processing /home/airflow/.local/lib/python3.11/site-packages/airflow/example_dags/example_params_ui_tutorial.py took 0.081 seconds
[2024-02-26T16:14:00.700+0000] {processor.py:161} INFO - Started process (PID=12717) to work on /home/airflow/.local/lib/python3.11/site-packages/airflow/example_dags/example_params_ui_tutorial.py
[2024-02-26T16:14:00.703+0000] {processor.py:830} INFO - Processing file /home/airflow/.local/lib/python3.11/site-packages/airflow/example_dags/example_params_ui_tutorial.py for tasks to queue
[2024-02-26T16:14:00.708+0000] {logging_mixin.py:188} INFO - [2024-02-26T16:14:00.707+0000] {dagbag.py:540} INFO - Filling up the DagBag from /home/airflow/.local/lib/python3.11/site-packages/airflow/example_dags/example_params_ui_tutorial.py
[2024-02-26T16:14:00.721+0000] {processor.py:840} INFO - DAG(s) 'example_params_ui_tutorial' retrieved from /home/airflow/.local/lib/python3.11/site-packages/airflow/example_dags/example_params_ui_tutorial.py
[2024-02-26T16:14:00.758+0000] {logging_mixin.py:188} INFO - [2024-02-26T16:14:00.758+0000] {dag.py:3047} INFO - Sync 1 DAGs
[2024-02-26T16:14:00.769+0000] {logging_mixin.py:188} INFO - [2024-02-26T16:14:00.769+0000] {dag.py:3834} INFO - Setting next_dagrun for example_params_ui_tutorial to None, run_after=None
[2024-02-26T16:14:00.790+0000] {processor.py:183} INFO - Processing /home/airflow/.local/lib/python3.11/site-packages/airflow/example_dags/example_params_ui_tutorial.py took 0.096 seconds
[2024-02-26T16:14:30.910+0000] {processor.py:161} INFO - Started process (PID=12969) to work on /home/airflow/.local/lib/python3.11/site-packages/airflow/example_dags/example_params_ui_tutorial.py
[2024-02-26T16:14:30.912+0000] {processor.py:830} INFO - Processing file /home/airflow/.local/lib/python3.11/site-packages/airflow/example_dags/example_params_ui_tutorial.py for tasks to queue
[2024-02-26T16:14:30.914+0000] {logging_mixin.py:188} INFO - [2024-02-26T16:14:30.913+0000] {dagbag.py:540} INFO - Filling up the DagBag from /home/airflow/.local/lib/python3.11/site-packages/airflow/example_dags/example_params_ui_tutorial.py
[2024-02-26T16:14:30.927+0000] {processor.py:840} INFO - DAG(s) 'example_params_ui_tutorial' retrieved from /home/airflow/.local/lib/python3.11/site-packages/airflow/example_dags/example_params_ui_tutorial.py
[2024-02-26T16:14:30.960+0000] {logging_mixin.py:188} INFO - [2024-02-26T16:14:30.960+0000] {dag.py:3047} INFO - Sync 1 DAGs
[2024-02-26T16:14:30.969+0000] {logging_mixin.py:188} INFO - [2024-02-26T16:14:30.969+0000] {dag.py:3834} INFO - Setting next_dagrun for example_params_ui_tutorial to None, run_after=None
[2024-02-26T16:14:30.982+0000] {processor.py:183} INFO - Processing /home/airflow/.local/lib/python3.11/site-packages/airflow/example_dags/example_params_ui_tutorial.py took 0.075 seconds
