[2024-02-26T15:48:34.605+0000] {processor.py:161} INFO - Started process (PID=294) to work on /home/airflow/.local/lib/python3.11/site-packages/airflow/example_dags/example_python_operator.py
[2024-02-26T15:48:34.607+0000] {processor.py:830} INFO - Processing file /home/airflow/.local/lib/python3.11/site-packages/airflow/example_dags/example_python_operator.py for tasks to queue
[2024-02-26T15:48:34.609+0000] {logging_mixin.py:188} INFO - [2024-02-26T15:48:34.609+0000] {dagbag.py:540} INFO - Filling up the DagBag from /home/airflow/.local/lib/python3.11/site-packages/airflow/example_dags/example_python_operator.py
[2024-02-26T15:48:34.622+0000] {processor.py:840} INFO - DAG(s) 'example_python_operator' retrieved from /home/airflow/.local/lib/python3.11/site-packages/airflow/example_dags/example_python_operator.py
[2024-02-26T15:48:34.637+0000] {logging_mixin.py:188} INFO - [2024-02-26T15:48:34.637+0000] {dag.py:3047} INFO - Sync 1 DAGs
[2024-02-26T15:48:34.649+0000] {logging_mixin.py:188} INFO - [2024-02-26T15:48:34.649+0000] {dag.py:3834} INFO - Setting next_dagrun for example_python_operator to None, run_after=None
[2024-02-26T15:48:34.806+0000] {processor.py:183} INFO - Processing /home/airflow/.local/lib/python3.11/site-packages/airflow/example_dags/example_python_operator.py took 0.204 seconds
[2024-02-26T15:49:04.922+0000] {processor.py:161} INFO - Started process (PID=543) to work on /home/airflow/.local/lib/python3.11/site-packages/airflow/example_dags/example_python_operator.py
[2024-02-26T15:49:04.923+0000] {processor.py:830} INFO - Processing file /home/airflow/.local/lib/python3.11/site-packages/airflow/example_dags/example_python_operator.py for tasks to queue
[2024-02-26T15:49:04.925+0000] {logging_mixin.py:188} INFO - [2024-02-26T15:49:04.924+0000] {dagbag.py:540} INFO - Filling up the DagBag from /home/airflow/.local/lib/python3.11/site-packages/airflow/example_dags/example_python_operator.py
[2024-02-26T15:49:04.936+0000] {processor.py:840} INFO - DAG(s) 'example_python_operator' retrieved from /home/airflow/.local/lib/python3.11/site-packages/airflow/example_dags/example_python_operator.py
[2024-02-26T15:49:04.998+0000] {logging_mixin.py:188} INFO - [2024-02-26T15:49:04.998+0000] {dag.py:3047} INFO - Sync 1 DAGs
[2024-02-26T15:49:05.005+0000] {logging_mixin.py:188} INFO - [2024-02-26T15:49:05.005+0000] {dag.py:3834} INFO - Setting next_dagrun for example_python_operator to None, run_after=None
[2024-02-26T15:49:05.016+0000] {processor.py:183} INFO - Processing /home/airflow/.local/lib/python3.11/site-packages/airflow/example_dags/example_python_operator.py took 0.097 seconds
[2024-02-26T15:49:35.156+0000] {processor.py:161} INFO - Started process (PID=788) to work on /home/airflow/.local/lib/python3.11/site-packages/airflow/example_dags/example_python_operator.py
[2024-02-26T15:49:35.158+0000] {processor.py:830} INFO - Processing file /home/airflow/.local/lib/python3.11/site-packages/airflow/example_dags/example_python_operator.py for tasks to queue
[2024-02-26T15:49:35.159+0000] {logging_mixin.py:188} INFO - [2024-02-26T15:49:35.159+0000] {dagbag.py:540} INFO - Filling up the DagBag from /home/airflow/.local/lib/python3.11/site-packages/airflow/example_dags/example_python_operator.py
[2024-02-26T15:49:35.168+0000] {processor.py:840} INFO - DAG(s) 'example_python_operator' retrieved from /home/airflow/.local/lib/python3.11/site-packages/airflow/example_dags/example_python_operator.py
[2024-02-26T15:49:35.187+0000] {logging_mixin.py:188} INFO - [2024-02-26T15:49:35.186+0000] {dag.py:3047} INFO - Sync 1 DAGs
[2024-02-26T15:49:35.195+0000] {logging_mixin.py:188} INFO - [2024-02-26T15:49:35.195+0000] {dag.py:3834} INFO - Setting next_dagrun for example_python_operator to None, run_after=None
[2024-02-26T15:49:35.206+0000] {processor.py:183} INFO - Processing /home/airflow/.local/lib/python3.11/site-packages/airflow/example_dags/example_python_operator.py took 0.054 seconds
[2024-02-26T15:50:05.892+0000] {processor.py:161} INFO - Started process (PID=1036) to work on /home/airflow/.local/lib/python3.11/site-packages/airflow/example_dags/example_python_operator.py
[2024-02-26T15:50:05.894+0000] {processor.py:830} INFO - Processing file /home/airflow/.local/lib/python3.11/site-packages/airflow/example_dags/example_python_operator.py for tasks to queue
[2024-02-26T15:50:05.896+0000] {logging_mixin.py:188} INFO - [2024-02-26T15:50:05.895+0000] {dagbag.py:540} INFO - Filling up the DagBag from /home/airflow/.local/lib/python3.11/site-packages/airflow/example_dags/example_python_operator.py
[2024-02-26T15:50:05.904+0000] {processor.py:840} INFO - DAG(s) 'example_python_operator' retrieved from /home/airflow/.local/lib/python3.11/site-packages/airflow/example_dags/example_python_operator.py
[2024-02-26T15:50:05.924+0000] {logging_mixin.py:188} INFO - [2024-02-26T15:50:05.923+0000] {dag.py:3047} INFO - Sync 1 DAGs
[2024-02-26T15:50:05.931+0000] {logging_mixin.py:188} INFO - [2024-02-26T15:50:05.931+0000] {dag.py:3834} INFO - Setting next_dagrun for example_python_operator to None, run_after=None
[2024-02-26T15:50:05.945+0000] {processor.py:183} INFO - Processing /home/airflow/.local/lib/python3.11/site-packages/airflow/example_dags/example_python_operator.py took 0.056 seconds
[2024-02-26T15:50:37.304+0000] {processor.py:161} INFO - Started process (PID=1284) to work on /home/airflow/.local/lib/python3.11/site-packages/airflow/example_dags/example_python_operator.py
[2024-02-26T15:50:37.306+0000] {processor.py:830} INFO - Processing file /home/airflow/.local/lib/python3.11/site-packages/airflow/example_dags/example_python_operator.py for tasks to queue
[2024-02-26T15:50:37.307+0000] {logging_mixin.py:188} INFO - [2024-02-26T15:50:37.307+0000] {dagbag.py:540} INFO - Filling up the DagBag from /home/airflow/.local/lib/python3.11/site-packages/airflow/example_dags/example_python_operator.py
[2024-02-26T15:50:37.318+0000] {processor.py:840} INFO - DAG(s) 'example_python_operator' retrieved from /home/airflow/.local/lib/python3.11/site-packages/airflow/example_dags/example_python_operator.py
[2024-02-26T15:50:37.335+0000] {logging_mixin.py:188} INFO - [2024-02-26T15:50:37.335+0000] {dag.py:3047} INFO - Sync 1 DAGs
[2024-02-26T15:50:37.344+0000] {logging_mixin.py:188} INFO - [2024-02-26T15:50:37.344+0000] {dag.py:3834} INFO - Setting next_dagrun for example_python_operator to None, run_after=None
[2024-02-26T15:50:37.357+0000] {processor.py:183} INFO - Processing /home/airflow/.local/lib/python3.11/site-packages/airflow/example_dags/example_python_operator.py took 0.059 seconds
[2024-02-26T15:51:08.014+0000] {processor.py:161} INFO - Started process (PID=1529) to work on /home/airflow/.local/lib/python3.11/site-packages/airflow/example_dags/example_python_operator.py
[2024-02-26T15:51:08.016+0000] {processor.py:830} INFO - Processing file /home/airflow/.local/lib/python3.11/site-packages/airflow/example_dags/example_python_operator.py for tasks to queue
[2024-02-26T15:51:08.017+0000] {logging_mixin.py:188} INFO - [2024-02-26T15:51:08.017+0000] {dagbag.py:540} INFO - Filling up the DagBag from /home/airflow/.local/lib/python3.11/site-packages/airflow/example_dags/example_python_operator.py
[2024-02-26T15:51:08.028+0000] {processor.py:840} INFO - DAG(s) 'example_python_operator' retrieved from /home/airflow/.local/lib/python3.11/site-packages/airflow/example_dags/example_python_operator.py
[2024-02-26T15:51:08.047+0000] {logging_mixin.py:188} INFO - [2024-02-26T15:51:08.047+0000] {dag.py:3047} INFO - Sync 1 DAGs
[2024-02-26T15:51:08.056+0000] {logging_mixin.py:188} INFO - [2024-02-26T15:51:08.055+0000] {dag.py:3834} INFO - Setting next_dagrun for example_python_operator to None, run_after=None
[2024-02-26T15:51:08.070+0000] {processor.py:183} INFO - Processing /home/airflow/.local/lib/python3.11/site-packages/airflow/example_dags/example_python_operator.py took 0.059 seconds
[2024-02-26T15:51:38.874+0000] {processor.py:161} INFO - Started process (PID=1776) to work on /home/airflow/.local/lib/python3.11/site-packages/airflow/example_dags/example_python_operator.py
[2024-02-26T15:51:38.876+0000] {processor.py:830} INFO - Processing file /home/airflow/.local/lib/python3.11/site-packages/airflow/example_dags/example_python_operator.py for tasks to queue
[2024-02-26T15:51:38.879+0000] {logging_mixin.py:188} INFO - [2024-02-26T15:51:38.879+0000] {dagbag.py:540} INFO - Filling up the DagBag from /home/airflow/.local/lib/python3.11/site-packages/airflow/example_dags/example_python_operator.py
[2024-02-26T15:51:38.893+0000] {processor.py:840} INFO - DAG(s) 'example_python_operator' retrieved from /home/airflow/.local/lib/python3.11/site-packages/airflow/example_dags/example_python_operator.py
[2024-02-26T15:51:38.922+0000] {logging_mixin.py:188} INFO - [2024-02-26T15:51:38.922+0000] {dag.py:3047} INFO - Sync 1 DAGs
[2024-02-26T15:51:38.932+0000] {logging_mixin.py:188} INFO - [2024-02-26T15:51:38.932+0000] {dag.py:3834} INFO - Setting next_dagrun for example_python_operator to None, run_after=None
[2024-02-26T15:51:38.952+0000] {processor.py:183} INFO - Processing /home/airflow/.local/lib/python3.11/site-packages/airflow/example_dags/example_python_operator.py took 0.081 seconds
[2024-02-26T15:52:09.786+0000] {processor.py:161} INFO - Started process (PID=2071) to work on /home/airflow/.local/lib/python3.11/site-packages/airflow/example_dags/example_python_operator.py
[2024-02-26T15:52:09.788+0000] {processor.py:830} INFO - Processing file /home/airflow/.local/lib/python3.11/site-packages/airflow/example_dags/example_python_operator.py for tasks to queue
[2024-02-26T15:52:09.789+0000] {logging_mixin.py:188} INFO - [2024-02-26T15:52:09.789+0000] {dagbag.py:540} INFO - Filling up the DagBag from /home/airflow/.local/lib/python3.11/site-packages/airflow/example_dags/example_python_operator.py
[2024-02-26T15:52:09.798+0000] {processor.py:840} INFO - DAG(s) 'example_python_operator' retrieved from /home/airflow/.local/lib/python3.11/site-packages/airflow/example_dags/example_python_operator.py
[2024-02-26T15:52:09.820+0000] {logging_mixin.py:188} INFO - [2024-02-26T15:52:09.820+0000] {dag.py:3047} INFO - Sync 1 DAGs
[2024-02-26T15:52:09.829+0000] {logging_mixin.py:188} INFO - [2024-02-26T15:52:09.829+0000] {dag.py:3834} INFO - Setting next_dagrun for example_python_operator to None, run_after=None
[2024-02-26T15:52:09.844+0000] {processor.py:183} INFO - Processing /home/airflow/.local/lib/python3.11/site-packages/airflow/example_dags/example_python_operator.py took 0.061 seconds
[2024-02-26T15:52:40.202+0000] {processor.py:161} INFO - Started process (PID=2342) to work on /home/airflow/.local/lib/python3.11/site-packages/airflow/example_dags/example_python_operator.py
[2024-02-26T15:52:40.204+0000] {processor.py:830} INFO - Processing file /home/airflow/.local/lib/python3.11/site-packages/airflow/example_dags/example_python_operator.py for tasks to queue
[2024-02-26T15:52:40.205+0000] {logging_mixin.py:188} INFO - [2024-02-26T15:52:40.205+0000] {dagbag.py:540} INFO - Filling up the DagBag from /home/airflow/.local/lib/python3.11/site-packages/airflow/example_dags/example_python_operator.py
[2024-02-26T15:52:40.216+0000] {processor.py:840} INFO - DAG(s) 'example_python_operator' retrieved from /home/airflow/.local/lib/python3.11/site-packages/airflow/example_dags/example_python_operator.py
[2024-02-26T15:52:40.236+0000] {logging_mixin.py:188} INFO - [2024-02-26T15:52:40.236+0000] {dag.py:3047} INFO - Sync 1 DAGs
[2024-02-26T15:52:40.247+0000] {logging_mixin.py:188} INFO - [2024-02-26T15:52:40.246+0000] {dag.py:3834} INFO - Setting next_dagrun for example_python_operator to None, run_after=None
[2024-02-26T15:52:40.262+0000] {processor.py:183} INFO - Processing /home/airflow/.local/lib/python3.11/site-packages/airflow/example_dags/example_python_operator.py took 0.063 seconds
[2024-02-26T15:53:10.955+0000] {processor.py:161} INFO - Started process (PID=2589) to work on /home/airflow/.local/lib/python3.11/site-packages/airflow/example_dags/example_python_operator.py
[2024-02-26T15:53:10.957+0000] {processor.py:830} INFO - Processing file /home/airflow/.local/lib/python3.11/site-packages/airflow/example_dags/example_python_operator.py for tasks to queue
[2024-02-26T15:53:10.958+0000] {logging_mixin.py:188} INFO - [2024-02-26T15:53:10.957+0000] {dagbag.py:540} INFO - Filling up the DagBag from /home/airflow/.local/lib/python3.11/site-packages/airflow/example_dags/example_python_operator.py
[2024-02-26T15:53:10.968+0000] {processor.py:840} INFO - DAG(s) 'example_python_operator' retrieved from /home/airflow/.local/lib/python3.11/site-packages/airflow/example_dags/example_python_operator.py
[2024-02-26T15:53:10.988+0000] {logging_mixin.py:188} INFO - [2024-02-26T15:53:10.988+0000] {dag.py:3047} INFO - Sync 1 DAGs
[2024-02-26T15:53:10.997+0000] {logging_mixin.py:188} INFO - [2024-02-26T15:53:10.996+0000] {dag.py:3834} INFO - Setting next_dagrun for example_python_operator to None, run_after=None
[2024-02-26T15:53:11.009+0000] {processor.py:183} INFO - Processing /home/airflow/.local/lib/python3.11/site-packages/airflow/example_dags/example_python_operator.py took 0.057 seconds
[2024-02-26T15:53:41.781+0000] {processor.py:161} INFO - Started process (PID=2836) to work on /home/airflow/.local/lib/python3.11/site-packages/airflow/example_dags/example_python_operator.py
[2024-02-26T15:53:41.783+0000] {processor.py:830} INFO - Processing file /home/airflow/.local/lib/python3.11/site-packages/airflow/example_dags/example_python_operator.py for tasks to queue
[2024-02-26T15:53:41.785+0000] {logging_mixin.py:188} INFO - [2024-02-26T15:53:41.784+0000] {dagbag.py:540} INFO - Filling up the DagBag from /home/airflow/.local/lib/python3.11/site-packages/airflow/example_dags/example_python_operator.py
[2024-02-26T15:53:41.795+0000] {processor.py:840} INFO - DAG(s) 'example_python_operator' retrieved from /home/airflow/.local/lib/python3.11/site-packages/airflow/example_dags/example_python_operator.py
[2024-02-26T15:53:41.816+0000] {logging_mixin.py:188} INFO - [2024-02-26T15:53:41.816+0000] {dag.py:3047} INFO - Sync 1 DAGs
[2024-02-26T15:53:41.824+0000] {logging_mixin.py:188} INFO - [2024-02-26T15:53:41.824+0000] {dag.py:3834} INFO - Setting next_dagrun for example_python_operator to None, run_after=None
[2024-02-26T15:53:41.837+0000] {processor.py:183} INFO - Processing /home/airflow/.local/lib/python3.11/site-packages/airflow/example_dags/example_python_operator.py took 0.059 seconds
[2024-02-26T15:54:12.556+0000] {processor.py:161} INFO - Started process (PID=3083) to work on /home/airflow/.local/lib/python3.11/site-packages/airflow/example_dags/example_python_operator.py
[2024-02-26T15:54:12.558+0000] {processor.py:830} INFO - Processing file /home/airflow/.local/lib/python3.11/site-packages/airflow/example_dags/example_python_operator.py for tasks to queue
[2024-02-26T15:54:12.559+0000] {logging_mixin.py:188} INFO - [2024-02-26T15:54:12.559+0000] {dagbag.py:540} INFO - Filling up the DagBag from /home/airflow/.local/lib/python3.11/site-packages/airflow/example_dags/example_python_operator.py
[2024-02-26T15:54:12.569+0000] {processor.py:840} INFO - DAG(s) 'example_python_operator' retrieved from /home/airflow/.local/lib/python3.11/site-packages/airflow/example_dags/example_python_operator.py
[2024-02-26T15:54:12.589+0000] {logging_mixin.py:188} INFO - [2024-02-26T15:54:12.589+0000] {dag.py:3047} INFO - Sync 1 DAGs
[2024-02-26T15:54:12.598+0000] {logging_mixin.py:188} INFO - [2024-02-26T15:54:12.598+0000] {dag.py:3834} INFO - Setting next_dagrun for example_python_operator to None, run_after=None
[2024-02-26T15:54:12.609+0000] {processor.py:183} INFO - Processing /home/airflow/.local/lib/python3.11/site-packages/airflow/example_dags/example_python_operator.py took 0.056 seconds
[2024-02-26T15:54:43.524+0000] {processor.py:161} INFO - Started process (PID=3332) to work on /home/airflow/.local/lib/python3.11/site-packages/airflow/example_dags/example_python_operator.py
[2024-02-26T15:54:43.526+0000] {processor.py:830} INFO - Processing file /home/airflow/.local/lib/python3.11/site-packages/airflow/example_dags/example_python_operator.py for tasks to queue
[2024-02-26T15:54:43.527+0000] {logging_mixin.py:188} INFO - [2024-02-26T15:54:43.527+0000] {dagbag.py:540} INFO - Filling up the DagBag from /home/airflow/.local/lib/python3.11/site-packages/airflow/example_dags/example_python_operator.py
[2024-02-26T15:54:43.537+0000] {processor.py:840} INFO - DAG(s) 'example_python_operator' retrieved from /home/airflow/.local/lib/python3.11/site-packages/airflow/example_dags/example_python_operator.py
[2024-02-26T15:54:43.558+0000] {logging_mixin.py:188} INFO - [2024-02-26T15:54:43.558+0000] {dag.py:3047} INFO - Sync 1 DAGs
[2024-02-26T15:54:43.566+0000] {logging_mixin.py:188} INFO - [2024-02-26T15:54:43.566+0000] {dag.py:3834} INFO - Setting next_dagrun for example_python_operator to None, run_after=None
[2024-02-26T15:54:43.578+0000] {processor.py:183} INFO - Processing /home/airflow/.local/lib/python3.11/site-packages/airflow/example_dags/example_python_operator.py took 0.057 seconds
[2024-02-26T15:55:14.414+0000] {processor.py:161} INFO - Started process (PID=3576) to work on /home/airflow/.local/lib/python3.11/site-packages/airflow/example_dags/example_python_operator.py
[2024-02-26T15:55:14.418+0000] {processor.py:830} INFO - Processing file /home/airflow/.local/lib/python3.11/site-packages/airflow/example_dags/example_python_operator.py for tasks to queue
[2024-02-26T15:55:14.419+0000] {logging_mixin.py:188} INFO - [2024-02-26T15:55:14.419+0000] {dagbag.py:540} INFO - Filling up the DagBag from /home/airflow/.local/lib/python3.11/site-packages/airflow/example_dags/example_python_operator.py
[2024-02-26T15:55:14.428+0000] {processor.py:840} INFO - DAG(s) 'example_python_operator' retrieved from /home/airflow/.local/lib/python3.11/site-packages/airflow/example_dags/example_python_operator.py
[2024-02-26T15:55:14.448+0000] {logging_mixin.py:188} INFO - [2024-02-26T15:55:14.448+0000] {dag.py:3047} INFO - Sync 1 DAGs
[2024-02-26T15:55:14.458+0000] {logging_mixin.py:188} INFO - [2024-02-26T15:55:14.458+0000] {dag.py:3834} INFO - Setting next_dagrun for example_python_operator to None, run_after=None
[2024-02-26T15:55:14.472+0000] {processor.py:183} INFO - Processing /home/airflow/.local/lib/python3.11/site-packages/airflow/example_dags/example_python_operator.py took 0.061 seconds
[2024-02-26T15:55:45.457+0000] {processor.py:161} INFO - Started process (PID=3823) to work on /home/airflow/.local/lib/python3.11/site-packages/airflow/example_dags/example_python_operator.py
[2024-02-26T15:55:45.459+0000] {processor.py:830} INFO - Processing file /home/airflow/.local/lib/python3.11/site-packages/airflow/example_dags/example_python_operator.py for tasks to queue
[2024-02-26T15:55:45.461+0000] {logging_mixin.py:188} INFO - [2024-02-26T15:55:45.460+0000] {dagbag.py:540} INFO - Filling up the DagBag from /home/airflow/.local/lib/python3.11/site-packages/airflow/example_dags/example_python_operator.py
[2024-02-26T15:55:45.469+0000] {processor.py:840} INFO - DAG(s) 'example_python_operator' retrieved from /home/airflow/.local/lib/python3.11/site-packages/airflow/example_dags/example_python_operator.py
[2024-02-26T15:55:45.490+0000] {logging_mixin.py:188} INFO - [2024-02-26T15:55:45.489+0000] {dag.py:3047} INFO - Sync 1 DAGs
[2024-02-26T15:55:45.498+0000] {logging_mixin.py:188} INFO - [2024-02-26T15:55:45.498+0000] {dag.py:3834} INFO - Setting next_dagrun for example_python_operator to None, run_after=None
[2024-02-26T15:55:45.516+0000] {processor.py:183} INFO - Processing /home/airflow/.local/lib/python3.11/site-packages/airflow/example_dags/example_python_operator.py took 0.062 seconds
[2024-02-26T15:56:15.639+0000] {processor.py:161} INFO - Started process (PID=4070) to work on /home/airflow/.local/lib/python3.11/site-packages/airflow/example_dags/example_python_operator.py
[2024-02-26T15:56:15.641+0000] {processor.py:830} INFO - Processing file /home/airflow/.local/lib/python3.11/site-packages/airflow/example_dags/example_python_operator.py for tasks to queue
[2024-02-26T15:56:15.643+0000] {logging_mixin.py:188} INFO - [2024-02-26T15:56:15.642+0000] {dagbag.py:540} INFO - Filling up the DagBag from /home/airflow/.local/lib/python3.11/site-packages/airflow/example_dags/example_python_operator.py
[2024-02-26T15:56:15.655+0000] {processor.py:840} INFO - DAG(s) 'example_python_operator' retrieved from /home/airflow/.local/lib/python3.11/site-packages/airflow/example_dags/example_python_operator.py
[2024-02-26T15:56:15.676+0000] {logging_mixin.py:188} INFO - [2024-02-26T15:56:15.676+0000] {dag.py:3047} INFO - Sync 1 DAGs
[2024-02-26T15:56:15.686+0000] {logging_mixin.py:188} INFO - [2024-02-26T15:56:15.685+0000] {dag.py:3834} INFO - Setting next_dagrun for example_python_operator to None, run_after=None
[2024-02-26T15:56:15.699+0000] {processor.py:183} INFO - Processing /home/airflow/.local/lib/python3.11/site-packages/airflow/example_dags/example_python_operator.py took 0.063 seconds
[2024-02-26T15:56:46.083+0000] {processor.py:161} INFO - Started process (PID=4318) to work on /home/airflow/.local/lib/python3.11/site-packages/airflow/example_dags/example_python_operator.py
[2024-02-26T15:56:46.085+0000] {processor.py:830} INFO - Processing file /home/airflow/.local/lib/python3.11/site-packages/airflow/example_dags/example_python_operator.py for tasks to queue
[2024-02-26T15:56:46.087+0000] {logging_mixin.py:188} INFO - [2024-02-26T15:56:46.086+0000] {dagbag.py:540} INFO - Filling up the DagBag from /home/airflow/.local/lib/python3.11/site-packages/airflow/example_dags/example_python_operator.py
[2024-02-26T15:56:46.103+0000] {processor.py:840} INFO - DAG(s) 'example_python_operator' retrieved from /home/airflow/.local/lib/python3.11/site-packages/airflow/example_dags/example_python_operator.py
[2024-02-26T15:56:46.127+0000] {logging_mixin.py:188} INFO - [2024-02-26T15:56:46.127+0000] {dag.py:3047} INFO - Sync 1 DAGs
[2024-02-26T15:56:46.138+0000] {logging_mixin.py:188} INFO - [2024-02-26T15:56:46.137+0000] {dag.py:3834} INFO - Setting next_dagrun for example_python_operator to None, run_after=None
[2024-02-26T15:56:46.152+0000] {processor.py:183} INFO - Processing /home/airflow/.local/lib/python3.11/site-packages/airflow/example_dags/example_python_operator.py took 0.073 seconds
[2024-02-26T15:57:16.423+0000] {processor.py:161} INFO - Started process (PID=4565) to work on /home/airflow/.local/lib/python3.11/site-packages/airflow/example_dags/example_python_operator.py
[2024-02-26T15:57:16.424+0000] {processor.py:830} INFO - Processing file /home/airflow/.local/lib/python3.11/site-packages/airflow/example_dags/example_python_operator.py for tasks to queue
[2024-02-26T15:57:16.426+0000] {logging_mixin.py:188} INFO - [2024-02-26T15:57:16.425+0000] {dagbag.py:540} INFO - Filling up the DagBag from /home/airflow/.local/lib/python3.11/site-packages/airflow/example_dags/example_python_operator.py
[2024-02-26T15:57:16.439+0000] {processor.py:840} INFO - DAG(s) 'example_python_operator' retrieved from /home/airflow/.local/lib/python3.11/site-packages/airflow/example_dags/example_python_operator.py
[2024-02-26T15:57:16.464+0000] {logging_mixin.py:188} INFO - [2024-02-26T15:57:16.464+0000] {dag.py:3047} INFO - Sync 1 DAGs
[2024-02-26T15:57:16.474+0000] {logging_mixin.py:188} INFO - [2024-02-26T15:57:16.473+0000] {dag.py:3834} INFO - Setting next_dagrun for example_python_operator to None, run_after=None
[2024-02-26T15:57:16.487+0000] {processor.py:183} INFO - Processing /home/airflow/.local/lib/python3.11/site-packages/airflow/example_dags/example_python_operator.py took 0.068 seconds
[2024-02-26T15:57:46.758+0000] {processor.py:161} INFO - Started process (PID=4812) to work on /home/airflow/.local/lib/python3.11/site-packages/airflow/example_dags/example_python_operator.py
[2024-02-26T15:57:46.760+0000] {processor.py:830} INFO - Processing file /home/airflow/.local/lib/python3.11/site-packages/airflow/example_dags/example_python_operator.py for tasks to queue
[2024-02-26T15:57:46.762+0000] {logging_mixin.py:188} INFO - [2024-02-26T15:57:46.762+0000] {dagbag.py:540} INFO - Filling up the DagBag from /home/airflow/.local/lib/python3.11/site-packages/airflow/example_dags/example_python_operator.py
[2024-02-26T15:57:46.771+0000] {processor.py:840} INFO - DAG(s) 'example_python_operator' retrieved from /home/airflow/.local/lib/python3.11/site-packages/airflow/example_dags/example_python_operator.py
[2024-02-26T15:57:46.795+0000] {logging_mixin.py:188} INFO - [2024-02-26T15:57:46.795+0000] {dag.py:3047} INFO - Sync 1 DAGs
[2024-02-26T15:57:46.805+0000] {logging_mixin.py:188} INFO - [2024-02-26T15:57:46.805+0000] {dag.py:3834} INFO - Setting next_dagrun for example_python_operator to None, run_after=None
[2024-02-26T15:57:46.821+0000] {processor.py:183} INFO - Processing /home/airflow/.local/lib/python3.11/site-packages/airflow/example_dags/example_python_operator.py took 0.066 seconds
[2024-02-26T15:58:17.057+0000] {processor.py:161} INFO - Started process (PID=5059) to work on /home/airflow/.local/lib/python3.11/site-packages/airflow/example_dags/example_python_operator.py
[2024-02-26T15:58:17.060+0000] {processor.py:830} INFO - Processing file /home/airflow/.local/lib/python3.11/site-packages/airflow/example_dags/example_python_operator.py for tasks to queue
[2024-02-26T15:58:17.062+0000] {logging_mixin.py:188} INFO - [2024-02-26T15:58:17.062+0000] {dagbag.py:540} INFO - Filling up the DagBag from /home/airflow/.local/lib/python3.11/site-packages/airflow/example_dags/example_python_operator.py
[2024-02-26T15:58:17.073+0000] {processor.py:840} INFO - DAG(s) 'example_python_operator' retrieved from /home/airflow/.local/lib/python3.11/site-packages/airflow/example_dags/example_python_operator.py
[2024-02-26T15:58:17.097+0000] {logging_mixin.py:188} INFO - [2024-02-26T15:58:17.097+0000] {dag.py:3047} INFO - Sync 1 DAGs
[2024-02-26T15:58:17.106+0000] {logging_mixin.py:188} INFO - [2024-02-26T15:58:17.106+0000] {dag.py:3834} INFO - Setting next_dagrun for example_python_operator to None, run_after=None
[2024-02-26T15:58:17.120+0000] {processor.py:183} INFO - Processing /home/airflow/.local/lib/python3.11/site-packages/airflow/example_dags/example_python_operator.py took 0.067 seconds
[2024-02-26T15:58:47.392+0000] {processor.py:161} INFO - Started process (PID=5307) to work on /home/airflow/.local/lib/python3.11/site-packages/airflow/example_dags/example_python_operator.py
[2024-02-26T15:58:47.394+0000] {processor.py:830} INFO - Processing file /home/airflow/.local/lib/python3.11/site-packages/airflow/example_dags/example_python_operator.py for tasks to queue
[2024-02-26T15:58:47.395+0000] {logging_mixin.py:188} INFO - [2024-02-26T15:58:47.395+0000] {dagbag.py:540} INFO - Filling up the DagBag from /home/airflow/.local/lib/python3.11/site-packages/airflow/example_dags/example_python_operator.py
[2024-02-26T15:58:47.405+0000] {processor.py:840} INFO - DAG(s) 'example_python_operator' retrieved from /home/airflow/.local/lib/python3.11/site-packages/airflow/example_dags/example_python_operator.py
[2024-02-26T15:58:47.433+0000] {logging_mixin.py:188} INFO - [2024-02-26T15:58:47.432+0000] {dag.py:3047} INFO - Sync 1 DAGs
[2024-02-26T15:58:47.443+0000] {logging_mixin.py:188} INFO - [2024-02-26T15:58:47.442+0000] {dag.py:3834} INFO - Setting next_dagrun for example_python_operator to None, run_after=None
[2024-02-26T15:58:47.456+0000] {processor.py:183} INFO - Processing /home/airflow/.local/lib/python3.11/site-packages/airflow/example_dags/example_python_operator.py took 0.067 seconds
[2024-02-26T15:59:17.588+0000] {processor.py:161} INFO - Started process (PID=5555) to work on /home/airflow/.local/lib/python3.11/site-packages/airflow/example_dags/example_python_operator.py
[2024-02-26T15:59:17.590+0000] {processor.py:830} INFO - Processing file /home/airflow/.local/lib/python3.11/site-packages/airflow/example_dags/example_python_operator.py for tasks to queue
[2024-02-26T15:59:17.592+0000] {logging_mixin.py:188} INFO - [2024-02-26T15:59:17.591+0000] {dagbag.py:540} INFO - Filling up the DagBag from /home/airflow/.local/lib/python3.11/site-packages/airflow/example_dags/example_python_operator.py
[2024-02-26T15:59:17.602+0000] {processor.py:840} INFO - DAG(s) 'example_python_operator' retrieved from /home/airflow/.local/lib/python3.11/site-packages/airflow/example_dags/example_python_operator.py
[2024-02-26T15:59:17.624+0000] {logging_mixin.py:188} INFO - [2024-02-26T15:59:17.624+0000] {dag.py:3047} INFO - Sync 1 DAGs
[2024-02-26T15:59:17.637+0000] {logging_mixin.py:188} INFO - [2024-02-26T15:59:17.637+0000] {dag.py:3834} INFO - Setting next_dagrun for example_python_operator to None, run_after=None
[2024-02-26T15:59:17.648+0000] {processor.py:183} INFO - Processing /home/airflow/.local/lib/python3.11/site-packages/airflow/example_dags/example_python_operator.py took 0.063 seconds
[2024-02-26T15:59:48.592+0000] {processor.py:161} INFO - Started process (PID=5802) to work on /home/airflow/.local/lib/python3.11/site-packages/airflow/example_dags/example_python_operator.py
[2024-02-26T15:59:48.594+0000] {processor.py:830} INFO - Processing file /home/airflow/.local/lib/python3.11/site-packages/airflow/example_dags/example_python_operator.py for tasks to queue
[2024-02-26T15:59:48.595+0000] {logging_mixin.py:188} INFO - [2024-02-26T15:59:48.595+0000] {dagbag.py:540} INFO - Filling up the DagBag from /home/airflow/.local/lib/python3.11/site-packages/airflow/example_dags/example_python_operator.py
[2024-02-26T15:59:48.604+0000] {processor.py:840} INFO - DAG(s) 'example_python_operator' retrieved from /home/airflow/.local/lib/python3.11/site-packages/airflow/example_dags/example_python_operator.py
[2024-02-26T15:59:48.623+0000] {logging_mixin.py:188} INFO - [2024-02-26T15:59:48.622+0000] {dag.py:3047} INFO - Sync 1 DAGs
[2024-02-26T15:59:48.631+0000] {logging_mixin.py:188} INFO - [2024-02-26T15:59:48.631+0000] {dag.py:3834} INFO - Setting next_dagrun for example_python_operator to None, run_after=None
[2024-02-26T15:59:48.643+0000] {processor.py:183} INFO - Processing /home/airflow/.local/lib/python3.11/site-packages/airflow/example_dags/example_python_operator.py took 0.054 seconds
[2024-02-26T16:00:19.454+0000] {processor.py:161} INFO - Started process (PID=6049) to work on /home/airflow/.local/lib/python3.11/site-packages/airflow/example_dags/example_python_operator.py
[2024-02-26T16:00:19.456+0000] {processor.py:830} INFO - Processing file /home/airflow/.local/lib/python3.11/site-packages/airflow/example_dags/example_python_operator.py for tasks to queue
[2024-02-26T16:00:19.457+0000] {logging_mixin.py:188} INFO - [2024-02-26T16:00:19.457+0000] {dagbag.py:540} INFO - Filling up the DagBag from /home/airflow/.local/lib/python3.11/site-packages/airflow/example_dags/example_python_operator.py
[2024-02-26T16:00:19.466+0000] {processor.py:840} INFO - DAG(s) 'example_python_operator' retrieved from /home/airflow/.local/lib/python3.11/site-packages/airflow/example_dags/example_python_operator.py
[2024-02-26T16:00:19.485+0000] {logging_mixin.py:188} INFO - [2024-02-26T16:00:19.485+0000] {dag.py:3047} INFO - Sync 1 DAGs
[2024-02-26T16:00:19.493+0000] {logging_mixin.py:188} INFO - [2024-02-26T16:00:19.493+0000] {dag.py:3834} INFO - Setting next_dagrun for example_python_operator to None, run_after=None
[2024-02-26T16:00:19.505+0000] {processor.py:183} INFO - Processing /home/airflow/.local/lib/python3.11/site-packages/airflow/example_dags/example_python_operator.py took 0.054 seconds
[2024-02-26T16:00:50.312+0000] {processor.py:161} INFO - Started process (PID=6295) to work on /home/airflow/.local/lib/python3.11/site-packages/airflow/example_dags/example_python_operator.py
[2024-02-26T16:00:50.313+0000] {processor.py:830} INFO - Processing file /home/airflow/.local/lib/python3.11/site-packages/airflow/example_dags/example_python_operator.py for tasks to queue
[2024-02-26T16:00:50.315+0000] {logging_mixin.py:188} INFO - [2024-02-26T16:00:50.315+0000] {dagbag.py:540} INFO - Filling up the DagBag from /home/airflow/.local/lib/python3.11/site-packages/airflow/example_dags/example_python_operator.py
[2024-02-26T16:00:50.324+0000] {processor.py:840} INFO - DAG(s) 'example_python_operator' retrieved from /home/airflow/.local/lib/python3.11/site-packages/airflow/example_dags/example_python_operator.py
[2024-02-26T16:00:50.345+0000] {logging_mixin.py:188} INFO - [2024-02-26T16:00:50.345+0000] {dag.py:3047} INFO - Sync 1 DAGs
[2024-02-26T16:00:50.357+0000] {logging_mixin.py:188} INFO - [2024-02-26T16:00:50.357+0000] {dag.py:3834} INFO - Setting next_dagrun for example_python_operator to None, run_after=None
[2024-02-26T16:00:50.370+0000] {processor.py:183} INFO - Processing /home/airflow/.local/lib/python3.11/site-packages/airflow/example_dags/example_python_operator.py took 0.061 seconds
[2024-02-26T16:01:21.032+0000] {processor.py:161} INFO - Started process (PID=6542) to work on /home/airflow/.local/lib/python3.11/site-packages/airflow/example_dags/example_python_operator.py
[2024-02-26T16:01:21.034+0000] {processor.py:830} INFO - Processing file /home/airflow/.local/lib/python3.11/site-packages/airflow/example_dags/example_python_operator.py for tasks to queue
[2024-02-26T16:01:21.036+0000] {logging_mixin.py:188} INFO - [2024-02-26T16:01:21.035+0000] {dagbag.py:540} INFO - Filling up the DagBag from /home/airflow/.local/lib/python3.11/site-packages/airflow/example_dags/example_python_operator.py
[2024-02-26T16:01:21.045+0000] {processor.py:840} INFO - DAG(s) 'example_python_operator' retrieved from /home/airflow/.local/lib/python3.11/site-packages/airflow/example_dags/example_python_operator.py
[2024-02-26T16:01:21.064+0000] {logging_mixin.py:188} INFO - [2024-02-26T16:01:21.064+0000] {dag.py:3047} INFO - Sync 1 DAGs
[2024-02-26T16:01:21.073+0000] {logging_mixin.py:188} INFO - [2024-02-26T16:01:21.073+0000] {dag.py:3834} INFO - Setting next_dagrun for example_python_operator to None, run_after=None
[2024-02-26T16:01:21.085+0000] {processor.py:183} INFO - Processing /home/airflow/.local/lib/python3.11/site-packages/airflow/example_dags/example_python_operator.py took 0.057 seconds
[2024-02-26T16:01:51.235+0000] {processor.py:161} INFO - Started process (PID=6789) to work on /home/airflow/.local/lib/python3.11/site-packages/airflow/example_dags/example_python_operator.py
[2024-02-26T16:01:51.237+0000] {processor.py:830} INFO - Processing file /home/airflow/.local/lib/python3.11/site-packages/airflow/example_dags/example_python_operator.py for tasks to queue
[2024-02-26T16:01:51.238+0000] {logging_mixin.py:188} INFO - [2024-02-26T16:01:51.237+0000] {dagbag.py:540} INFO - Filling up the DagBag from /home/airflow/.local/lib/python3.11/site-packages/airflow/example_dags/example_python_operator.py
[2024-02-26T16:01:51.250+0000] {processor.py:840} INFO - DAG(s) 'example_python_operator' retrieved from /home/airflow/.local/lib/python3.11/site-packages/airflow/example_dags/example_python_operator.py
[2024-02-26T16:01:51.272+0000] {logging_mixin.py:188} INFO - [2024-02-26T16:01:51.272+0000] {dag.py:3047} INFO - Sync 1 DAGs
[2024-02-26T16:01:51.281+0000] {logging_mixin.py:188} INFO - [2024-02-26T16:01:51.281+0000] {dag.py:3834} INFO - Setting next_dagrun for example_python_operator to None, run_after=None
[2024-02-26T16:01:51.292+0000] {processor.py:183} INFO - Processing /home/airflow/.local/lib/python3.11/site-packages/airflow/example_dags/example_python_operator.py took 0.061 seconds
[2024-02-26T16:02:21.390+0000] {processor.py:161} INFO - Started process (PID=7036) to work on /home/airflow/.local/lib/python3.11/site-packages/airflow/example_dags/example_python_operator.py
[2024-02-26T16:02:21.392+0000] {processor.py:830} INFO - Processing file /home/airflow/.local/lib/python3.11/site-packages/airflow/example_dags/example_python_operator.py for tasks to queue
[2024-02-26T16:02:21.393+0000] {logging_mixin.py:188} INFO - [2024-02-26T16:02:21.393+0000] {dagbag.py:540} INFO - Filling up the DagBag from /home/airflow/.local/lib/python3.11/site-packages/airflow/example_dags/example_python_operator.py
[2024-02-26T16:02:21.404+0000] {processor.py:840} INFO - DAG(s) 'example_python_operator' retrieved from /home/airflow/.local/lib/python3.11/site-packages/airflow/example_dags/example_python_operator.py
[2024-02-26T16:02:21.425+0000] {logging_mixin.py:188} INFO - [2024-02-26T16:02:21.425+0000] {dag.py:3047} INFO - Sync 1 DAGs
[2024-02-26T16:02:21.436+0000] {logging_mixin.py:188} INFO - [2024-02-26T16:02:21.435+0000] {dag.py:3834} INFO - Setting next_dagrun for example_python_operator to None, run_after=None
[2024-02-26T16:02:21.450+0000] {processor.py:183} INFO - Processing /home/airflow/.local/lib/python3.11/site-packages/airflow/example_dags/example_python_operator.py took 0.063 seconds
[2024-02-26T16:02:51.610+0000] {processor.py:161} INFO - Started process (PID=7285) to work on /home/airflow/.local/lib/python3.11/site-packages/airflow/example_dags/example_python_operator.py
[2024-02-26T16:02:51.612+0000] {processor.py:830} INFO - Processing file /home/airflow/.local/lib/python3.11/site-packages/airflow/example_dags/example_python_operator.py for tasks to queue
[2024-02-26T16:02:51.613+0000] {logging_mixin.py:188} INFO - [2024-02-26T16:02:51.613+0000] {dagbag.py:540} INFO - Filling up the DagBag from /home/airflow/.local/lib/python3.11/site-packages/airflow/example_dags/example_python_operator.py
[2024-02-26T16:02:51.622+0000] {processor.py:840} INFO - DAG(s) 'example_python_operator' retrieved from /home/airflow/.local/lib/python3.11/site-packages/airflow/example_dags/example_python_operator.py
[2024-02-26T16:02:51.644+0000] {logging_mixin.py:188} INFO - [2024-02-26T16:02:51.643+0000] {dag.py:3047} INFO - Sync 1 DAGs
[2024-02-26T16:02:51.654+0000] {logging_mixin.py:188} INFO - [2024-02-26T16:02:51.654+0000] {dag.py:3834} INFO - Setting next_dagrun for example_python_operator to None, run_after=None
[2024-02-26T16:02:51.666+0000] {processor.py:183} INFO - Processing /home/airflow/.local/lib/python3.11/site-packages/airflow/example_dags/example_python_operator.py took 0.058 seconds
[2024-02-26T16:03:22.728+0000] {processor.py:161} INFO - Started process (PID=7530) to work on /home/airflow/.local/lib/python3.11/site-packages/airflow/example_dags/example_python_operator.py
[2024-02-26T16:03:22.730+0000] {processor.py:830} INFO - Processing file /home/airflow/.local/lib/python3.11/site-packages/airflow/example_dags/example_python_operator.py for tasks to queue
[2024-02-26T16:03:22.731+0000] {logging_mixin.py:188} INFO - [2024-02-26T16:03:22.731+0000] {dagbag.py:540} INFO - Filling up the DagBag from /home/airflow/.local/lib/python3.11/site-packages/airflow/example_dags/example_python_operator.py
[2024-02-26T16:03:22.740+0000] {processor.py:840} INFO - DAG(s) 'example_python_operator' retrieved from /home/airflow/.local/lib/python3.11/site-packages/airflow/example_dags/example_python_operator.py
[2024-02-26T16:03:22.760+0000] {logging_mixin.py:188} INFO - [2024-02-26T16:03:22.760+0000] {dag.py:3047} INFO - Sync 1 DAGs
[2024-02-26T16:03:22.770+0000] {logging_mixin.py:188} INFO - [2024-02-26T16:03:22.770+0000] {dag.py:3834} INFO - Setting next_dagrun for example_python_operator to None, run_after=None
[2024-02-26T16:03:22.783+0000] {processor.py:183} INFO - Processing /home/airflow/.local/lib/python3.11/site-packages/airflow/example_dags/example_python_operator.py took 0.059 seconds
[2024-02-26T16:03:52.881+0000] {processor.py:161} INFO - Started process (PID=7778) to work on /home/airflow/.local/lib/python3.11/site-packages/airflow/example_dags/example_python_operator.py
[2024-02-26T16:03:52.883+0000] {processor.py:830} INFO - Processing file /home/airflow/.local/lib/python3.11/site-packages/airflow/example_dags/example_python_operator.py for tasks to queue
[2024-02-26T16:03:52.884+0000] {logging_mixin.py:188} INFO - [2024-02-26T16:03:52.884+0000] {dagbag.py:540} INFO - Filling up the DagBag from /home/airflow/.local/lib/python3.11/site-packages/airflow/example_dags/example_python_operator.py
[2024-02-26T16:03:52.893+0000] {processor.py:840} INFO - DAG(s) 'example_python_operator' retrieved from /home/airflow/.local/lib/python3.11/site-packages/airflow/example_dags/example_python_operator.py
[2024-02-26T16:03:52.913+0000] {logging_mixin.py:188} INFO - [2024-02-26T16:03:52.913+0000] {dag.py:3047} INFO - Sync 1 DAGs
[2024-02-26T16:03:52.922+0000] {logging_mixin.py:188} INFO - [2024-02-26T16:03:52.921+0000] {dag.py:3834} INFO - Setting next_dagrun for example_python_operator to None, run_after=None
[2024-02-26T16:03:52.935+0000] {processor.py:183} INFO - Processing /home/airflow/.local/lib/python3.11/site-packages/airflow/example_dags/example_python_operator.py took 0.058 seconds
[2024-02-26T16:04:23.615+0000] {processor.py:161} INFO - Started process (PID=8025) to work on /home/airflow/.local/lib/python3.11/site-packages/airflow/example_dags/example_python_operator.py
[2024-02-26T16:04:23.618+0000] {processor.py:830} INFO - Processing file /home/airflow/.local/lib/python3.11/site-packages/airflow/example_dags/example_python_operator.py for tasks to queue
[2024-02-26T16:04:23.620+0000] {logging_mixin.py:188} INFO - [2024-02-26T16:04:23.620+0000] {dagbag.py:540} INFO - Filling up the DagBag from /home/airflow/.local/lib/python3.11/site-packages/airflow/example_dags/example_python_operator.py
[2024-02-26T16:04:23.630+0000] {processor.py:840} INFO - DAG(s) 'example_python_operator' retrieved from /home/airflow/.local/lib/python3.11/site-packages/airflow/example_dags/example_python_operator.py
[2024-02-26T16:04:23.651+0000] {logging_mixin.py:188} INFO - [2024-02-26T16:04:23.651+0000] {dag.py:3047} INFO - Sync 1 DAGs
[2024-02-26T16:04:23.659+0000] {logging_mixin.py:188} INFO - [2024-02-26T16:04:23.659+0000] {dag.py:3834} INFO - Setting next_dagrun for example_python_operator to None, run_after=None
[2024-02-26T16:04:23.672+0000] {processor.py:183} INFO - Processing /home/airflow/.local/lib/python3.11/site-packages/airflow/example_dags/example_python_operator.py took 0.060 seconds
[2024-02-26T16:04:54.445+0000] {processor.py:161} INFO - Started process (PID=8272) to work on /home/airflow/.local/lib/python3.11/site-packages/airflow/example_dags/example_python_operator.py
[2024-02-26T16:04:54.446+0000] {processor.py:830} INFO - Processing file /home/airflow/.local/lib/python3.11/site-packages/airflow/example_dags/example_python_operator.py for tasks to queue
[2024-02-26T16:04:54.447+0000] {logging_mixin.py:188} INFO - [2024-02-26T16:04:54.447+0000] {dagbag.py:540} INFO - Filling up the DagBag from /home/airflow/.local/lib/python3.11/site-packages/airflow/example_dags/example_python_operator.py
[2024-02-26T16:04:54.458+0000] {processor.py:840} INFO - DAG(s) 'example_python_operator' retrieved from /home/airflow/.local/lib/python3.11/site-packages/airflow/example_dags/example_python_operator.py
[2024-02-26T16:04:54.482+0000] {logging_mixin.py:188} INFO - [2024-02-26T16:04:54.482+0000] {dag.py:3047} INFO - Sync 1 DAGs
[2024-02-26T16:04:54.491+0000] {logging_mixin.py:188} INFO - [2024-02-26T16:04:54.491+0000] {dag.py:3834} INFO - Setting next_dagrun for example_python_operator to None, run_after=None
[2024-02-26T16:04:54.503+0000] {processor.py:183} INFO - Processing /home/airflow/.local/lib/python3.11/site-packages/airflow/example_dags/example_python_operator.py took 0.061 seconds
[2024-02-26T16:05:25.199+0000] {processor.py:161} INFO - Started process (PID=8521) to work on /home/airflow/.local/lib/python3.11/site-packages/airflow/example_dags/example_python_operator.py
[2024-02-26T16:05:25.203+0000] {processor.py:830} INFO - Processing file /home/airflow/.local/lib/python3.11/site-packages/airflow/example_dags/example_python_operator.py for tasks to queue
[2024-02-26T16:05:25.205+0000] {logging_mixin.py:188} INFO - [2024-02-26T16:05:25.204+0000] {dagbag.py:540} INFO - Filling up the DagBag from /home/airflow/.local/lib/python3.11/site-packages/airflow/example_dags/example_python_operator.py
[2024-02-26T16:05:25.214+0000] {processor.py:840} INFO - DAG(s) 'example_python_operator' retrieved from /home/airflow/.local/lib/python3.11/site-packages/airflow/example_dags/example_python_operator.py
[2024-02-26T16:05:25.234+0000] {logging_mixin.py:188} INFO - [2024-02-26T16:05:25.234+0000] {dag.py:3047} INFO - Sync 1 DAGs
[2024-02-26T16:05:25.243+0000] {logging_mixin.py:188} INFO - [2024-02-26T16:05:25.242+0000] {dag.py:3834} INFO - Setting next_dagrun for example_python_operator to None, run_after=None
[2024-02-26T16:05:25.255+0000] {processor.py:183} INFO - Processing /home/airflow/.local/lib/python3.11/site-packages/airflow/example_dags/example_python_operator.py took 0.059 seconds
[2024-02-26T16:05:55.914+0000] {processor.py:161} INFO - Started process (PID=8766) to work on /home/airflow/.local/lib/python3.11/site-packages/airflow/example_dags/example_python_operator.py
[2024-02-26T16:05:55.917+0000] {processor.py:830} INFO - Processing file /home/airflow/.local/lib/python3.11/site-packages/airflow/example_dags/example_python_operator.py for tasks to queue
[2024-02-26T16:05:55.918+0000] {logging_mixin.py:188} INFO - [2024-02-26T16:05:55.918+0000] {dagbag.py:540} INFO - Filling up the DagBag from /home/airflow/.local/lib/python3.11/site-packages/airflow/example_dags/example_python_operator.py
[2024-02-26T16:05:55.928+0000] {processor.py:840} INFO - DAG(s) 'example_python_operator' retrieved from /home/airflow/.local/lib/python3.11/site-packages/airflow/example_dags/example_python_operator.py
[2024-02-26T16:05:55.948+0000] {logging_mixin.py:188} INFO - [2024-02-26T16:05:55.947+0000] {dag.py:3047} INFO - Sync 1 DAGs
[2024-02-26T16:05:55.956+0000] {logging_mixin.py:188} INFO - [2024-02-26T16:05:55.956+0000] {dag.py:3834} INFO - Setting next_dagrun for example_python_operator to None, run_after=None
[2024-02-26T16:05:55.970+0000] {processor.py:183} INFO - Processing /home/airflow/.local/lib/python3.11/site-packages/airflow/example_dags/example_python_operator.py took 0.059 seconds
[2024-02-26T16:06:26.807+0000] {processor.py:161} INFO - Started process (PID=9013) to work on /home/airflow/.local/lib/python3.11/site-packages/airflow/example_dags/example_python_operator.py
[2024-02-26T16:06:26.808+0000] {processor.py:830} INFO - Processing file /home/airflow/.local/lib/python3.11/site-packages/airflow/example_dags/example_python_operator.py for tasks to queue
[2024-02-26T16:06:26.810+0000] {logging_mixin.py:188} INFO - [2024-02-26T16:06:26.810+0000] {dagbag.py:540} INFO - Filling up the DagBag from /home/airflow/.local/lib/python3.11/site-packages/airflow/example_dags/example_python_operator.py
[2024-02-26T16:06:26.819+0000] {processor.py:840} INFO - DAG(s) 'example_python_operator' retrieved from /home/airflow/.local/lib/python3.11/site-packages/airflow/example_dags/example_python_operator.py
[2024-02-26T16:06:26.839+0000] {logging_mixin.py:188} INFO - [2024-02-26T16:06:26.839+0000] {dag.py:3047} INFO - Sync 1 DAGs
[2024-02-26T16:06:26.848+0000] {logging_mixin.py:188} INFO - [2024-02-26T16:06:26.848+0000] {dag.py:3834} INFO - Setting next_dagrun for example_python_operator to None, run_after=None
[2024-02-26T16:06:26.863+0000] {processor.py:183} INFO - Processing /home/airflow/.local/lib/python3.11/site-packages/airflow/example_dags/example_python_operator.py took 0.059 seconds
[2024-02-26T16:06:57.664+0000] {processor.py:161} INFO - Started process (PID=9260) to work on /home/airflow/.local/lib/python3.11/site-packages/airflow/example_dags/example_python_operator.py
[2024-02-26T16:06:57.666+0000] {processor.py:830} INFO - Processing file /home/airflow/.local/lib/python3.11/site-packages/airflow/example_dags/example_python_operator.py for tasks to queue
[2024-02-26T16:06:57.668+0000] {logging_mixin.py:188} INFO - [2024-02-26T16:06:57.667+0000] {dagbag.py:540} INFO - Filling up the DagBag from /home/airflow/.local/lib/python3.11/site-packages/airflow/example_dags/example_python_operator.py
[2024-02-26T16:06:57.679+0000] {processor.py:840} INFO - DAG(s) 'example_python_operator' retrieved from /home/airflow/.local/lib/python3.11/site-packages/airflow/example_dags/example_python_operator.py
[2024-02-26T16:06:57.700+0000] {logging_mixin.py:188} INFO - [2024-02-26T16:06:57.700+0000] {dag.py:3047} INFO - Sync 1 DAGs
[2024-02-26T16:06:57.710+0000] {logging_mixin.py:188} INFO - [2024-02-26T16:06:57.710+0000] {dag.py:3834} INFO - Setting next_dagrun for example_python_operator to None, run_after=None
[2024-02-26T16:06:57.725+0000] {processor.py:183} INFO - Processing /home/airflow/.local/lib/python3.11/site-packages/airflow/example_dags/example_python_operator.py took 0.064 seconds
[2024-02-26T16:07:27.781+0000] {processor.py:161} INFO - Started process (PID=9507) to work on /home/airflow/.local/lib/python3.11/site-packages/airflow/example_dags/example_python_operator.py
[2024-02-26T16:07:27.783+0000] {processor.py:830} INFO - Processing file /home/airflow/.local/lib/python3.11/site-packages/airflow/example_dags/example_python_operator.py for tasks to queue
[2024-02-26T16:07:27.786+0000] {logging_mixin.py:188} INFO - [2024-02-26T16:07:27.786+0000] {dagbag.py:540} INFO - Filling up the DagBag from /home/airflow/.local/lib/python3.11/site-packages/airflow/example_dags/example_python_operator.py
[2024-02-26T16:07:27.796+0000] {processor.py:840} INFO - DAG(s) 'example_python_operator' retrieved from /home/airflow/.local/lib/python3.11/site-packages/airflow/example_dags/example_python_operator.py
[2024-02-26T16:07:27.822+0000] {logging_mixin.py:188} INFO - [2024-02-26T16:07:27.821+0000] {dag.py:3047} INFO - Sync 1 DAGs
[2024-02-26T16:07:27.843+0000] {logging_mixin.py:188} INFO - [2024-02-26T16:07:27.843+0000] {dag.py:3834} INFO - Setting next_dagrun for example_python_operator to None, run_after=None
[2024-02-26T16:07:27.860+0000] {processor.py:183} INFO - Processing /home/airflow/.local/lib/python3.11/site-packages/airflow/example_dags/example_python_operator.py took 0.083 seconds
[2024-02-26T16:07:57.914+0000] {processor.py:161} INFO - Started process (PID=9752) to work on /home/airflow/.local/lib/python3.11/site-packages/airflow/example_dags/example_python_operator.py
[2024-02-26T16:07:57.916+0000] {processor.py:830} INFO - Processing file /home/airflow/.local/lib/python3.11/site-packages/airflow/example_dags/example_python_operator.py for tasks to queue
[2024-02-26T16:07:57.918+0000] {logging_mixin.py:188} INFO - [2024-02-26T16:07:57.918+0000] {dagbag.py:540} INFO - Filling up the DagBag from /home/airflow/.local/lib/python3.11/site-packages/airflow/example_dags/example_python_operator.py
[2024-02-26T16:07:57.931+0000] {processor.py:840} INFO - DAG(s) 'example_python_operator' retrieved from /home/airflow/.local/lib/python3.11/site-packages/airflow/example_dags/example_python_operator.py
[2024-02-26T16:07:57.954+0000] {logging_mixin.py:188} INFO - [2024-02-26T16:07:57.954+0000] {dag.py:3047} INFO - Sync 1 DAGs
[2024-02-26T16:07:57.963+0000] {logging_mixin.py:188} INFO - [2024-02-26T16:07:57.963+0000] {dag.py:3834} INFO - Setting next_dagrun for example_python_operator to None, run_after=None
[2024-02-26T16:07:57.974+0000] {processor.py:183} INFO - Processing /home/airflow/.local/lib/python3.11/site-packages/airflow/example_dags/example_python_operator.py took 0.063 seconds
[2024-02-26T16:08:28.045+0000] {processor.py:161} INFO - Started process (PID=10000) to work on /home/airflow/.local/lib/python3.11/site-packages/airflow/example_dags/example_python_operator.py
[2024-02-26T16:08:28.048+0000] {processor.py:830} INFO - Processing file /home/airflow/.local/lib/python3.11/site-packages/airflow/example_dags/example_python_operator.py for tasks to queue
[2024-02-26T16:08:28.050+0000] {logging_mixin.py:188} INFO - [2024-02-26T16:08:28.050+0000] {dagbag.py:540} INFO - Filling up the DagBag from /home/airflow/.local/lib/python3.11/site-packages/airflow/example_dags/example_python_operator.py
[2024-02-26T16:08:28.060+0000] {processor.py:840} INFO - DAG(s) 'example_python_operator' retrieved from /home/airflow/.local/lib/python3.11/site-packages/airflow/example_dags/example_python_operator.py
[2024-02-26T16:08:28.081+0000] {logging_mixin.py:188} INFO - [2024-02-26T16:08:28.080+0000] {dag.py:3047} INFO - Sync 1 DAGs
[2024-02-26T16:08:28.092+0000] {logging_mixin.py:188} INFO - [2024-02-26T16:08:28.092+0000] {dag.py:3834} INFO - Setting next_dagrun for example_python_operator to None, run_after=None
[2024-02-26T16:08:28.104+0000] {processor.py:183} INFO - Processing /home/airflow/.local/lib/python3.11/site-packages/airflow/example_dags/example_python_operator.py took 0.062 seconds
[2024-02-26T16:08:58.460+0000] {processor.py:161} INFO - Started process (PID=10249) to work on /home/airflow/.local/lib/python3.11/site-packages/airflow/example_dags/example_python_operator.py
[2024-02-26T16:08:58.461+0000] {processor.py:830} INFO - Processing file /home/airflow/.local/lib/python3.11/site-packages/airflow/example_dags/example_python_operator.py for tasks to queue
[2024-02-26T16:08:58.463+0000] {logging_mixin.py:188} INFO - [2024-02-26T16:08:58.462+0000] {dagbag.py:540} INFO - Filling up the DagBag from /home/airflow/.local/lib/python3.11/site-packages/airflow/example_dags/example_python_operator.py
[2024-02-26T16:08:58.482+0000] {processor.py:840} INFO - DAG(s) 'example_python_operator' retrieved from /home/airflow/.local/lib/python3.11/site-packages/airflow/example_dags/example_python_operator.py
[2024-02-26T16:08:58.510+0000] {logging_mixin.py:188} INFO - [2024-02-26T16:08:58.510+0000] {dag.py:3047} INFO - Sync 1 DAGs
[2024-02-26T16:08:58.521+0000] {logging_mixin.py:188} INFO - [2024-02-26T16:08:58.521+0000] {dag.py:3834} INFO - Setting next_dagrun for example_python_operator to None, run_after=None
[2024-02-26T16:08:58.537+0000] {processor.py:183} INFO - Processing /home/airflow/.local/lib/python3.11/site-packages/airflow/example_dags/example_python_operator.py took 0.081 seconds
[2024-02-26T16:09:28.645+0000] {processor.py:161} INFO - Started process (PID=10496) to work on /home/airflow/.local/lib/python3.11/site-packages/airflow/example_dags/example_python_operator.py
[2024-02-26T16:09:28.647+0000] {processor.py:830} INFO - Processing file /home/airflow/.local/lib/python3.11/site-packages/airflow/example_dags/example_python_operator.py for tasks to queue
[2024-02-26T16:09:28.650+0000] {logging_mixin.py:188} INFO - [2024-02-26T16:09:28.649+0000] {dagbag.py:540} INFO - Filling up the DagBag from /home/airflow/.local/lib/python3.11/site-packages/airflow/example_dags/example_python_operator.py
[2024-02-26T16:09:28.662+0000] {processor.py:840} INFO - DAG(s) 'example_python_operator' retrieved from /home/airflow/.local/lib/python3.11/site-packages/airflow/example_dags/example_python_operator.py
[2024-02-26T16:09:28.683+0000] {logging_mixin.py:188} INFO - [2024-02-26T16:09:28.683+0000] {dag.py:3047} INFO - Sync 1 DAGs
[2024-02-26T16:09:28.693+0000] {logging_mixin.py:188} INFO - [2024-02-26T16:09:28.693+0000] {dag.py:3834} INFO - Setting next_dagrun for example_python_operator to None, run_after=None
[2024-02-26T16:09:28.706+0000] {processor.py:183} INFO - Processing /home/airflow/.local/lib/python3.11/site-packages/airflow/example_dags/example_python_operator.py took 0.065 seconds
[2024-02-26T16:09:58.761+0000] {processor.py:161} INFO - Started process (PID=10740) to work on /home/airflow/.local/lib/python3.11/site-packages/airflow/example_dags/example_python_operator.py
[2024-02-26T16:09:58.772+0000] {processor.py:830} INFO - Processing file /home/airflow/.local/lib/python3.11/site-packages/airflow/example_dags/example_python_operator.py for tasks to queue
[2024-02-26T16:09:58.775+0000] {logging_mixin.py:188} INFO - [2024-02-26T16:09:58.775+0000] {dagbag.py:540} INFO - Filling up the DagBag from /home/airflow/.local/lib/python3.11/site-packages/airflow/example_dags/example_python_operator.py
[2024-02-26T16:09:58.789+0000] {processor.py:840} INFO - DAG(s) 'example_python_operator' retrieved from /home/airflow/.local/lib/python3.11/site-packages/airflow/example_dags/example_python_operator.py
[2024-02-26T16:09:58.812+0000] {logging_mixin.py:188} INFO - [2024-02-26T16:09:58.812+0000] {dag.py:3047} INFO - Sync 1 DAGs
[2024-02-26T16:09:58.821+0000] {logging_mixin.py:188} INFO - [2024-02-26T16:09:58.821+0000] {dag.py:3834} INFO - Setting next_dagrun for example_python_operator to None, run_after=None
[2024-02-26T16:09:58.832+0000] {processor.py:183} INFO - Processing /home/airflow/.local/lib/python3.11/site-packages/airflow/example_dags/example_python_operator.py took 0.076 seconds
[2024-02-26T16:10:28.969+0000] {processor.py:161} INFO - Started process (PID=10987) to work on /home/airflow/.local/lib/python3.11/site-packages/airflow/example_dags/example_python_operator.py
[2024-02-26T16:10:28.972+0000] {processor.py:830} INFO - Processing file /home/airflow/.local/lib/python3.11/site-packages/airflow/example_dags/example_python_operator.py for tasks to queue
[2024-02-26T16:10:28.975+0000] {logging_mixin.py:188} INFO - [2024-02-26T16:10:28.974+0000] {dagbag.py:540} INFO - Filling up the DagBag from /home/airflow/.local/lib/python3.11/site-packages/airflow/example_dags/example_python_operator.py
[2024-02-26T16:10:28.989+0000] {processor.py:840} INFO - DAG(s) 'example_python_operator' retrieved from /home/airflow/.local/lib/python3.11/site-packages/airflow/example_dags/example_python_operator.py
[2024-02-26T16:10:29.013+0000] {logging_mixin.py:188} INFO - [2024-02-26T16:10:29.013+0000] {dag.py:3047} INFO - Sync 1 DAGs
[2024-02-26T16:10:29.022+0000] {logging_mixin.py:188} INFO - [2024-02-26T16:10:29.022+0000] {dag.py:3834} INFO - Setting next_dagrun for example_python_operator to None, run_after=None
[2024-02-26T16:10:29.037+0000] {processor.py:183} INFO - Processing /home/airflow/.local/lib/python3.11/site-packages/airflow/example_dags/example_python_operator.py took 0.073 seconds
[2024-02-26T16:10:59.390+0000] {processor.py:161} INFO - Started process (PID=11237) to work on /home/airflow/.local/lib/python3.11/site-packages/airflow/example_dags/example_python_operator.py
[2024-02-26T16:10:59.392+0000] {processor.py:830} INFO - Processing file /home/airflow/.local/lib/python3.11/site-packages/airflow/example_dags/example_python_operator.py for tasks to queue
[2024-02-26T16:10:59.394+0000] {logging_mixin.py:188} INFO - [2024-02-26T16:10:59.393+0000] {dagbag.py:540} INFO - Filling up the DagBag from /home/airflow/.local/lib/python3.11/site-packages/airflow/example_dags/example_python_operator.py
[2024-02-26T16:10:59.404+0000] {processor.py:840} INFO - DAG(s) 'example_python_operator' retrieved from /home/airflow/.local/lib/python3.11/site-packages/airflow/example_dags/example_python_operator.py
[2024-02-26T16:10:59.427+0000] {logging_mixin.py:188} INFO - [2024-02-26T16:10:59.427+0000] {dag.py:3047} INFO - Sync 1 DAGs
[2024-02-26T16:10:59.438+0000] {logging_mixin.py:188} INFO - [2024-02-26T16:10:59.438+0000] {dag.py:3834} INFO - Setting next_dagrun for example_python_operator to None, run_after=None
[2024-02-26T16:10:59.453+0000] {processor.py:183} INFO - Processing /home/airflow/.local/lib/python3.11/site-packages/airflow/example_dags/example_python_operator.py took 0.067 seconds
[2024-02-26T16:11:29.538+0000] {processor.py:161} INFO - Started process (PID=11484) to work on /home/airflow/.local/lib/python3.11/site-packages/airflow/example_dags/example_python_operator.py
[2024-02-26T16:11:29.540+0000] {processor.py:830} INFO - Processing file /home/airflow/.local/lib/python3.11/site-packages/airflow/example_dags/example_python_operator.py for tasks to queue
[2024-02-26T16:11:29.541+0000] {logging_mixin.py:188} INFO - [2024-02-26T16:11:29.541+0000] {dagbag.py:540} INFO - Filling up the DagBag from /home/airflow/.local/lib/python3.11/site-packages/airflow/example_dags/example_python_operator.py
[2024-02-26T16:11:29.552+0000] {processor.py:840} INFO - DAG(s) 'example_python_operator' retrieved from /home/airflow/.local/lib/python3.11/site-packages/airflow/example_dags/example_python_operator.py
[2024-02-26T16:11:29.570+0000] {logging_mixin.py:188} INFO - [2024-02-26T16:11:29.570+0000] {dag.py:3047} INFO - Sync 1 DAGs
[2024-02-26T16:11:29.578+0000] {logging_mixin.py:188} INFO - [2024-02-26T16:11:29.578+0000] {dag.py:3834} INFO - Setting next_dagrun for example_python_operator to None, run_after=None
[2024-02-26T16:11:29.591+0000] {processor.py:183} INFO - Processing /home/airflow/.local/lib/python3.11/site-packages/airflow/example_dags/example_python_operator.py took 0.057 seconds
[2024-02-26T16:11:59.712+0000] {processor.py:161} INFO - Started process (PID=11731) to work on /home/airflow/.local/lib/python3.11/site-packages/airflow/example_dags/example_python_operator.py
[2024-02-26T16:11:59.715+0000] {processor.py:830} INFO - Processing file /home/airflow/.local/lib/python3.11/site-packages/airflow/example_dags/example_python_operator.py for tasks to queue
[2024-02-26T16:11:59.717+0000] {logging_mixin.py:188} INFO - [2024-02-26T16:11:59.717+0000] {dagbag.py:540} INFO - Filling up the DagBag from /home/airflow/.local/lib/python3.11/site-packages/airflow/example_dags/example_python_operator.py
[2024-02-26T16:11:59.727+0000] {processor.py:840} INFO - DAG(s) 'example_python_operator' retrieved from /home/airflow/.local/lib/python3.11/site-packages/airflow/example_dags/example_python_operator.py
[2024-02-26T16:11:59.748+0000] {logging_mixin.py:188} INFO - [2024-02-26T16:11:59.748+0000] {dag.py:3047} INFO - Sync 1 DAGs
[2024-02-26T16:11:59.757+0000] {logging_mixin.py:188} INFO - [2024-02-26T16:11:59.757+0000] {dag.py:3834} INFO - Setting next_dagrun for example_python_operator to None, run_after=None
[2024-02-26T16:11:59.770+0000] {processor.py:183} INFO - Processing /home/airflow/.local/lib/python3.11/site-packages/airflow/example_dags/example_python_operator.py took 0.061 seconds
[2024-02-26T16:12:29.841+0000] {processor.py:161} INFO - Started process (PID=11976) to work on /home/airflow/.local/lib/python3.11/site-packages/airflow/example_dags/example_python_operator.py
[2024-02-26T16:12:29.845+0000] {processor.py:830} INFO - Processing file /home/airflow/.local/lib/python3.11/site-packages/airflow/example_dags/example_python_operator.py for tasks to queue
[2024-02-26T16:12:29.848+0000] {logging_mixin.py:188} INFO - [2024-02-26T16:12:29.848+0000] {dagbag.py:540} INFO - Filling up the DagBag from /home/airflow/.local/lib/python3.11/site-packages/airflow/example_dags/example_python_operator.py
[2024-02-26T16:12:29.862+0000] {processor.py:840} INFO - DAG(s) 'example_python_operator' retrieved from /home/airflow/.local/lib/python3.11/site-packages/airflow/example_dags/example_python_operator.py
[2024-02-26T16:12:29.886+0000] {logging_mixin.py:188} INFO - [2024-02-26T16:12:29.886+0000] {dag.py:3047} INFO - Sync 1 DAGs
[2024-02-26T16:12:29.895+0000] {logging_mixin.py:188} INFO - [2024-02-26T16:12:29.895+0000] {dag.py:3834} INFO - Setting next_dagrun for example_python_operator to None, run_after=None
[2024-02-26T16:12:29.906+0000] {processor.py:183} INFO - Processing /home/airflow/.local/lib/python3.11/site-packages/airflow/example_dags/example_python_operator.py took 0.071 seconds
[2024-02-26T16:13:00.034+0000] {processor.py:161} INFO - Started process (PID=12226) to work on /home/airflow/.local/lib/python3.11/site-packages/airflow/example_dags/example_python_operator.py
[2024-02-26T16:13:00.036+0000] {processor.py:830} INFO - Processing file /home/airflow/.local/lib/python3.11/site-packages/airflow/example_dags/example_python_operator.py for tasks to queue
[2024-02-26T16:13:00.038+0000] {logging_mixin.py:188} INFO - [2024-02-26T16:13:00.038+0000] {dagbag.py:540} INFO - Filling up the DagBag from /home/airflow/.local/lib/python3.11/site-packages/airflow/example_dags/example_python_operator.py
[2024-02-26T16:13:00.049+0000] {processor.py:840} INFO - DAG(s) 'example_python_operator' retrieved from /home/airflow/.local/lib/python3.11/site-packages/airflow/example_dags/example_python_operator.py
[2024-02-26T16:13:00.067+0000] {logging_mixin.py:188} INFO - [2024-02-26T16:13:00.067+0000] {dag.py:3047} INFO - Sync 1 DAGs
[2024-02-26T16:13:00.076+0000] {logging_mixin.py:188} INFO - [2024-02-26T16:13:00.075+0000] {dag.py:3834} INFO - Setting next_dagrun for example_python_operator to None, run_after=None
[2024-02-26T16:13:00.088+0000] {processor.py:183} INFO - Processing /home/airflow/.local/lib/python3.11/site-packages/airflow/example_dags/example_python_operator.py took 0.057 seconds
[2024-02-26T16:13:30.186+0000] {processor.py:161} INFO - Started process (PID=12474) to work on /home/airflow/.local/lib/python3.11/site-packages/airflow/example_dags/example_python_operator.py
[2024-02-26T16:13:30.188+0000] {processor.py:830} INFO - Processing file /home/airflow/.local/lib/python3.11/site-packages/airflow/example_dags/example_python_operator.py for tasks to queue
[2024-02-26T16:13:30.190+0000] {logging_mixin.py:188} INFO - [2024-02-26T16:13:30.190+0000] {dagbag.py:540} INFO - Filling up the DagBag from /home/airflow/.local/lib/python3.11/site-packages/airflow/example_dags/example_python_operator.py
[2024-02-26T16:13:30.202+0000] {processor.py:840} INFO - DAG(s) 'example_python_operator' retrieved from /home/airflow/.local/lib/python3.11/site-packages/airflow/example_dags/example_python_operator.py
[2024-02-26T16:13:30.226+0000] {logging_mixin.py:188} INFO - [2024-02-26T16:13:30.226+0000] {dag.py:3047} INFO - Sync 1 DAGs
[2024-02-26T16:13:30.236+0000] {logging_mixin.py:188} INFO - [2024-02-26T16:13:30.235+0000] {dag.py:3834} INFO - Setting next_dagrun for example_python_operator to None, run_after=None
[2024-02-26T16:13:30.248+0000] {processor.py:183} INFO - Processing /home/airflow/.local/lib/python3.11/site-packages/airflow/example_dags/example_python_operator.py took 0.066 seconds
[2024-02-26T16:14:00.707+0000] {processor.py:161} INFO - Started process (PID=12720) to work on /home/airflow/.local/lib/python3.11/site-packages/airflow/example_dags/example_python_operator.py
[2024-02-26T16:14:00.710+0000] {processor.py:830} INFO - Processing file /home/airflow/.local/lib/python3.11/site-packages/airflow/example_dags/example_python_operator.py for tasks to queue
[2024-02-26T16:14:00.712+0000] {logging_mixin.py:188} INFO - [2024-02-26T16:14:00.711+0000] {dagbag.py:540} INFO - Filling up the DagBag from /home/airflow/.local/lib/python3.11/site-packages/airflow/example_dags/example_python_operator.py
[2024-02-26T16:14:00.724+0000] {processor.py:840} INFO - DAG(s) 'example_python_operator' retrieved from /home/airflow/.local/lib/python3.11/site-packages/airflow/example_dags/example_python_operator.py
[2024-02-26T16:14:00.744+0000] {logging_mixin.py:188} INFO - [2024-02-26T16:14:00.744+0000] {dag.py:3047} INFO - Sync 1 DAGs
[2024-02-26T16:14:00.754+0000] {logging_mixin.py:188} INFO - [2024-02-26T16:14:00.753+0000] {dag.py:3834} INFO - Setting next_dagrun for example_python_operator to None, run_after=None
[2024-02-26T16:14:00.768+0000] {processor.py:183} INFO - Processing /home/airflow/.local/lib/python3.11/site-packages/airflow/example_dags/example_python_operator.py took 0.066 seconds
[2024-02-26T16:14:30.819+0000] {processor.py:161} INFO - Started process (PID=12964) to work on /home/airflow/.local/lib/python3.11/site-packages/airflow/example_dags/example_python_operator.py
[2024-02-26T16:14:30.822+0000] {processor.py:830} INFO - Processing file /home/airflow/.local/lib/python3.11/site-packages/airflow/example_dags/example_python_operator.py for tasks to queue
[2024-02-26T16:14:30.823+0000] {logging_mixin.py:188} INFO - [2024-02-26T16:14:30.823+0000] {dagbag.py:540} INFO - Filling up the DagBag from /home/airflow/.local/lib/python3.11/site-packages/airflow/example_dags/example_python_operator.py
[2024-02-26T16:14:30.834+0000] {processor.py:840} INFO - DAG(s) 'example_python_operator' retrieved from /home/airflow/.local/lib/python3.11/site-packages/airflow/example_dags/example_python_operator.py
[2024-02-26T16:14:30.858+0000] {logging_mixin.py:188} INFO - [2024-02-26T16:14:30.858+0000] {dag.py:3047} INFO - Sync 1 DAGs
[2024-02-26T16:14:30.867+0000] {logging_mixin.py:188} INFO - [2024-02-26T16:14:30.867+0000] {dag.py:3834} INFO - Setting next_dagrun for example_python_operator to None, run_after=None
[2024-02-26T16:14:30.879+0000] {processor.py:183} INFO - Processing /home/airflow/.local/lib/python3.11/site-packages/airflow/example_dags/example_python_operator.py took 0.063 seconds
