[2024-02-26T15:48:32.780+0000] {processor.py:161} INFO - Started process (PID=179) to work on /home/airflow/.local/lib/python3.11/site-packages/airflow/example_dags/example_branch_operator.py
[2024-02-26T15:48:32.783+0000] {processor.py:830} INFO - Processing file /home/airflow/.local/lib/python3.11/site-packages/airflow/example_dags/example_branch_operator.py for tasks to queue
[2024-02-26T15:48:32.784+0000] {logging_mixin.py:188} INFO - [2024-02-26T15:48:32.784+0000] {dagbag.py:540} INFO - Filling up the DagBag from /home/airflow/.local/lib/python3.11/site-packages/airflow/example_dags/example_branch_operator.py
[2024-02-26T15:48:32.804+0000] {processor.py:840} INFO - DAG(s) 'example_branch_operator' retrieved from /home/airflow/.local/lib/python3.11/site-packages/airflow/example_dags/example_branch_operator.py
[2024-02-26T15:48:32.818+0000] {logging_mixin.py:188} INFO - [2024-02-26T15:48:32.818+0000] {dag.py:3047} INFO - Sync 1 DAGs
[2024-02-26T15:48:32.841+0000] {logging_mixin.py:188} INFO - [2024-02-26T15:48:32.841+0000] {dag.py:3834} INFO - Setting next_dagrun for example_branch_operator to 2024-02-25 00:00:00+00:00, run_after=2024-02-26 00:00:00+00:00
[2024-02-26T15:48:32.854+0000] {processor.py:183} INFO - Processing /home/airflow/.local/lib/python3.11/site-packages/airflow/example_dags/example_branch_operator.py took 0.076 seconds
[2024-02-26T15:49:03.126+0000] {processor.py:161} INFO - Started process (PID=426) to work on /home/airflow/.local/lib/python3.11/site-packages/airflow/example_dags/example_branch_operator.py
[2024-02-26T15:49:03.128+0000] {processor.py:830} INFO - Processing file /home/airflow/.local/lib/python3.11/site-packages/airflow/example_dags/example_branch_operator.py for tasks to queue
[2024-02-26T15:49:03.129+0000] {logging_mixin.py:188} INFO - [2024-02-26T15:49:03.129+0000] {dagbag.py:540} INFO - Filling up the DagBag from /home/airflow/.local/lib/python3.11/site-packages/airflow/example_dags/example_branch_operator.py
[2024-02-26T15:49:03.141+0000] {processor.py:840} INFO - DAG(s) 'example_branch_operator' retrieved from /home/airflow/.local/lib/python3.11/site-packages/airflow/example_dags/example_branch_operator.py
[2024-02-26T15:49:03.219+0000] {logging_mixin.py:188} INFO - [2024-02-26T15:49:03.219+0000] {dag.py:3047} INFO - Sync 1 DAGs
[2024-02-26T15:49:03.231+0000] {logging_mixin.py:188} INFO - [2024-02-26T15:49:03.231+0000] {dag.py:3834} INFO - Setting next_dagrun for example_branch_operator to 2024-02-25 00:00:00+00:00, run_after=2024-02-26 00:00:00+00:00
[2024-02-26T15:49:03.241+0000] {processor.py:183} INFO - Processing /home/airflow/.local/lib/python3.11/site-packages/airflow/example_dags/example_branch_operator.py took 0.118 seconds
[2024-02-26T15:49:34.029+0000] {processor.py:161} INFO - Started process (PID=673) to work on /home/airflow/.local/lib/python3.11/site-packages/airflow/example_dags/example_branch_operator.py
[2024-02-26T15:49:34.031+0000] {processor.py:830} INFO - Processing file /home/airflow/.local/lib/python3.11/site-packages/airflow/example_dags/example_branch_operator.py for tasks to queue
[2024-02-26T15:49:34.032+0000] {logging_mixin.py:188} INFO - [2024-02-26T15:49:34.032+0000] {dagbag.py:540} INFO - Filling up the DagBag from /home/airflow/.local/lib/python3.11/site-packages/airflow/example_dags/example_branch_operator.py
[2024-02-26T15:49:34.046+0000] {processor.py:840} INFO - DAG(s) 'example_branch_operator' retrieved from /home/airflow/.local/lib/python3.11/site-packages/airflow/example_dags/example_branch_operator.py
[2024-02-26T15:49:34.070+0000] {logging_mixin.py:188} INFO - [2024-02-26T15:49:34.070+0000] {dag.py:3047} INFO - Sync 1 DAGs
[2024-02-26T15:49:34.085+0000] {logging_mixin.py:188} INFO - [2024-02-26T15:49:34.085+0000] {dag.py:3834} INFO - Setting next_dagrun for example_branch_operator to 2024-02-25 00:00:00+00:00, run_after=2024-02-26 00:00:00+00:00
[2024-02-26T15:49:34.096+0000] {processor.py:183} INFO - Processing /home/airflow/.local/lib/python3.11/site-packages/airflow/example_dags/example_branch_operator.py took 0.071 seconds
[2024-02-26T15:50:04.672+0000] {processor.py:161} INFO - Started process (PID=921) to work on /home/airflow/.local/lib/python3.11/site-packages/airflow/example_dags/example_branch_operator.py
[2024-02-26T15:50:04.675+0000] {processor.py:830} INFO - Processing file /home/airflow/.local/lib/python3.11/site-packages/airflow/example_dags/example_branch_operator.py for tasks to queue
[2024-02-26T15:50:04.676+0000] {logging_mixin.py:188} INFO - [2024-02-26T15:50:04.676+0000] {dagbag.py:540} INFO - Filling up the DagBag from /home/airflow/.local/lib/python3.11/site-packages/airflow/example_dags/example_branch_operator.py
[2024-02-26T15:50:04.689+0000] {processor.py:840} INFO - DAG(s) 'example_branch_operator' retrieved from /home/airflow/.local/lib/python3.11/site-packages/airflow/example_dags/example_branch_operator.py
[2024-02-26T15:50:04.713+0000] {logging_mixin.py:188} INFO - [2024-02-26T15:50:04.713+0000] {dag.py:3047} INFO - Sync 1 DAGs
[2024-02-26T15:50:04.728+0000] {logging_mixin.py:188} INFO - [2024-02-26T15:50:04.728+0000] {dag.py:3834} INFO - Setting next_dagrun for example_branch_operator to 2024-02-25 00:00:00+00:00, run_after=2024-02-26 00:00:00+00:00
[2024-02-26T15:50:04.739+0000] {processor.py:183} INFO - Processing /home/airflow/.local/lib/python3.11/site-packages/airflow/example_dags/example_branch_operator.py took 0.070 seconds
[2024-02-26T15:50:35.567+0000] {processor.py:161} INFO - Started process (PID=1167) to work on /home/airflow/.local/lib/python3.11/site-packages/airflow/example_dags/example_branch_operator.py
[2024-02-26T15:50:35.569+0000] {processor.py:830} INFO - Processing file /home/airflow/.local/lib/python3.11/site-packages/airflow/example_dags/example_branch_operator.py for tasks to queue
[2024-02-26T15:50:35.571+0000] {logging_mixin.py:188} INFO - [2024-02-26T15:50:35.570+0000] {dagbag.py:540} INFO - Filling up the DagBag from /home/airflow/.local/lib/python3.11/site-packages/airflow/example_dags/example_branch_operator.py
[2024-02-26T15:50:35.584+0000] {processor.py:840} INFO - DAG(s) 'example_branch_operator' retrieved from /home/airflow/.local/lib/python3.11/site-packages/airflow/example_dags/example_branch_operator.py
[2024-02-26T15:50:35.610+0000] {logging_mixin.py:188} INFO - [2024-02-26T15:50:35.610+0000] {dag.py:3047} INFO - Sync 1 DAGs
[2024-02-26T15:50:35.626+0000] {logging_mixin.py:188} INFO - [2024-02-26T15:50:35.625+0000] {dag.py:3834} INFO - Setting next_dagrun for example_branch_operator to 2024-02-25 00:00:00+00:00, run_after=2024-02-26 00:00:00+00:00
[2024-02-26T15:50:35.655+0000] {processor.py:183} INFO - Processing /home/airflow/.local/lib/python3.11/site-packages/airflow/example_dags/example_branch_operator.py took 0.092 seconds
[2024-02-26T15:51:05.751+0000] {processor.py:161} INFO - Started process (PID=1414) to work on /home/airflow/.local/lib/python3.11/site-packages/airflow/example_dags/example_branch_operator.py
[2024-02-26T15:51:05.754+0000] {processor.py:830} INFO - Processing file /home/airflow/.local/lib/python3.11/site-packages/airflow/example_dags/example_branch_operator.py for tasks to queue
[2024-02-26T15:51:05.755+0000] {logging_mixin.py:188} INFO - [2024-02-26T15:51:05.755+0000] {dagbag.py:540} INFO - Filling up the DagBag from /home/airflow/.local/lib/python3.11/site-packages/airflow/example_dags/example_branch_operator.py
[2024-02-26T15:51:05.769+0000] {processor.py:840} INFO - DAG(s) 'example_branch_operator' retrieved from /home/airflow/.local/lib/python3.11/site-packages/airflow/example_dags/example_branch_operator.py
[2024-02-26T15:51:05.791+0000] {logging_mixin.py:188} INFO - [2024-02-26T15:51:05.791+0000] {dag.py:3047} INFO - Sync 1 DAGs
[2024-02-26T15:51:05.806+0000] {logging_mixin.py:188} INFO - [2024-02-26T15:51:05.806+0000] {dag.py:3834} INFO - Setting next_dagrun for example_branch_operator to 2024-02-25 00:00:00+00:00, run_after=2024-02-26 00:00:00+00:00
[2024-02-26T15:51:05.818+0000] {processor.py:183} INFO - Processing /home/airflow/.local/lib/python3.11/site-packages/airflow/example_dags/example_branch_operator.py took 0.071 seconds
[2024-02-26T15:51:36.505+0000] {processor.py:161} INFO - Started process (PID=1661) to work on /home/airflow/.local/lib/python3.11/site-packages/airflow/example_dags/example_branch_operator.py
[2024-02-26T15:51:36.509+0000] {processor.py:830} INFO - Processing file /home/airflow/.local/lib/python3.11/site-packages/airflow/example_dags/example_branch_operator.py for tasks to queue
[2024-02-26T15:51:36.511+0000] {logging_mixin.py:188} INFO - [2024-02-26T15:51:36.510+0000] {dagbag.py:540} INFO - Filling up the DagBag from /home/airflow/.local/lib/python3.11/site-packages/airflow/example_dags/example_branch_operator.py
[2024-02-26T15:51:36.528+0000] {processor.py:840} INFO - DAG(s) 'example_branch_operator' retrieved from /home/airflow/.local/lib/python3.11/site-packages/airflow/example_dags/example_branch_operator.py
[2024-02-26T15:51:36.554+0000] {logging_mixin.py:188} INFO - [2024-02-26T15:51:36.554+0000] {dag.py:3047} INFO - Sync 1 DAGs
[2024-02-26T15:51:36.570+0000] {logging_mixin.py:188} INFO - [2024-02-26T15:51:36.570+0000] {dag.py:3834} INFO - Setting next_dagrun for example_branch_operator to 2024-02-25 00:00:00+00:00, run_after=2024-02-26 00:00:00+00:00
[2024-02-26T15:51:36.588+0000] {processor.py:183} INFO - Processing /home/airflow/.local/lib/python3.11/site-packages/airflow/example_dags/example_branch_operator.py took 0.087 seconds
[2024-02-26T15:52:07.387+0000] {processor.py:161} INFO - Started process (PID=1956) to work on /home/airflow/.local/lib/python3.11/site-packages/airflow/example_dags/example_branch_operator.py
[2024-02-26T15:52:07.389+0000] {processor.py:830} INFO - Processing file /home/airflow/.local/lib/python3.11/site-packages/airflow/example_dags/example_branch_operator.py for tasks to queue
[2024-02-26T15:52:07.390+0000] {logging_mixin.py:188} INFO - [2024-02-26T15:52:07.390+0000] {dagbag.py:540} INFO - Filling up the DagBag from /home/airflow/.local/lib/python3.11/site-packages/airflow/example_dags/example_branch_operator.py
[2024-02-26T15:52:07.403+0000] {processor.py:840} INFO - DAG(s) 'example_branch_operator' retrieved from /home/airflow/.local/lib/python3.11/site-packages/airflow/example_dags/example_branch_operator.py
[2024-02-26T15:52:07.427+0000] {logging_mixin.py:188} INFO - [2024-02-26T15:52:07.427+0000] {dag.py:3047} INFO - Sync 1 DAGs
[2024-02-26T15:52:07.442+0000] {logging_mixin.py:188} INFO - [2024-02-26T15:52:07.442+0000] {dag.py:3834} INFO - Setting next_dagrun for example_branch_operator to 2024-02-25 00:00:00+00:00, run_after=2024-02-26 00:00:00+00:00
[2024-02-26T15:52:07.453+0000] {processor.py:183} INFO - Processing /home/airflow/.local/lib/python3.11/site-packages/airflow/example_dags/example_branch_operator.py took 0.070 seconds
[2024-02-26T15:52:37.960+0000] {processor.py:161} INFO - Started process (PID=2227) to work on /home/airflow/.local/lib/python3.11/site-packages/airflow/example_dags/example_branch_operator.py
[2024-02-26T15:52:37.962+0000] {processor.py:830} INFO - Processing file /home/airflow/.local/lib/python3.11/site-packages/airflow/example_dags/example_branch_operator.py for tasks to queue
[2024-02-26T15:52:37.963+0000] {logging_mixin.py:188} INFO - [2024-02-26T15:52:37.963+0000] {dagbag.py:540} INFO - Filling up the DagBag from /home/airflow/.local/lib/python3.11/site-packages/airflow/example_dags/example_branch_operator.py
[2024-02-26T15:52:37.980+0000] {processor.py:840} INFO - DAG(s) 'example_branch_operator' retrieved from /home/airflow/.local/lib/python3.11/site-packages/airflow/example_dags/example_branch_operator.py
[2024-02-26T15:52:38.003+0000] {logging_mixin.py:188} INFO - [2024-02-26T15:52:38.003+0000] {dag.py:3047} INFO - Sync 1 DAGs
[2024-02-26T15:52:38.018+0000] {logging_mixin.py:188} INFO - [2024-02-26T15:52:38.018+0000] {dag.py:3834} INFO - Setting next_dagrun for example_branch_operator to 2024-02-25 00:00:00+00:00, run_after=2024-02-26 00:00:00+00:00
[2024-02-26T15:52:38.031+0000] {processor.py:183} INFO - Processing /home/airflow/.local/lib/python3.11/site-packages/airflow/example_dags/example_branch_operator.py took 0.075 seconds
[2024-02-26T15:53:08.736+0000] {processor.py:161} INFO - Started process (PID=2476) to work on /home/airflow/.local/lib/python3.11/site-packages/airflow/example_dags/example_branch_operator.py
[2024-02-26T15:53:08.739+0000] {processor.py:830} INFO - Processing file /home/airflow/.local/lib/python3.11/site-packages/airflow/example_dags/example_branch_operator.py for tasks to queue
[2024-02-26T15:53:08.741+0000] {logging_mixin.py:188} INFO - [2024-02-26T15:53:08.740+0000] {dagbag.py:540} INFO - Filling up the DagBag from /home/airflow/.local/lib/python3.11/site-packages/airflow/example_dags/example_branch_operator.py
[2024-02-26T15:53:08.753+0000] {processor.py:840} INFO - DAG(s) 'example_branch_operator' retrieved from /home/airflow/.local/lib/python3.11/site-packages/airflow/example_dags/example_branch_operator.py
[2024-02-26T15:53:08.776+0000] {logging_mixin.py:188} INFO - [2024-02-26T15:53:08.776+0000] {dag.py:3047} INFO - Sync 1 DAGs
[2024-02-26T15:53:08.789+0000] {logging_mixin.py:188} INFO - [2024-02-26T15:53:08.789+0000] {dag.py:3834} INFO - Setting next_dagrun for example_branch_operator to 2024-02-25 00:00:00+00:00, run_after=2024-02-26 00:00:00+00:00
[2024-02-26T15:53:08.799+0000] {processor.py:183} INFO - Processing /home/airflow/.local/lib/python3.11/site-packages/airflow/example_dags/example_branch_operator.py took 0.065 seconds
[2024-02-26T15:53:39.568+0000] {processor.py:161} INFO - Started process (PID=2721) to work on /home/airflow/.local/lib/python3.11/site-packages/airflow/example_dags/example_branch_operator.py
[2024-02-26T15:53:39.570+0000] {processor.py:830} INFO - Processing file /home/airflow/.local/lib/python3.11/site-packages/airflow/example_dags/example_branch_operator.py for tasks to queue
[2024-02-26T15:53:39.571+0000] {logging_mixin.py:188} INFO - [2024-02-26T15:53:39.571+0000] {dagbag.py:540} INFO - Filling up the DagBag from /home/airflow/.local/lib/python3.11/site-packages/airflow/example_dags/example_branch_operator.py
[2024-02-26T15:53:39.584+0000] {processor.py:840} INFO - DAG(s) 'example_branch_operator' retrieved from /home/airflow/.local/lib/python3.11/site-packages/airflow/example_dags/example_branch_operator.py
[2024-02-26T15:53:39.609+0000] {logging_mixin.py:188} INFO - [2024-02-26T15:53:39.608+0000] {dag.py:3047} INFO - Sync 1 DAGs
[2024-02-26T15:53:39.623+0000] {logging_mixin.py:188} INFO - [2024-02-26T15:53:39.623+0000] {dag.py:3834} INFO - Setting next_dagrun for example_branch_operator to 2024-02-25 00:00:00+00:00, run_after=2024-02-26 00:00:00+00:00
[2024-02-26T15:53:39.636+0000] {processor.py:183} INFO - Processing /home/airflow/.local/lib/python3.11/site-packages/airflow/example_dags/example_branch_operator.py took 0.071 seconds
[2024-02-26T15:54:10.336+0000] {processor.py:161} INFO - Started process (PID=2968) to work on /home/airflow/.local/lib/python3.11/site-packages/airflow/example_dags/example_branch_operator.py
[2024-02-26T15:54:10.338+0000] {processor.py:830} INFO - Processing file /home/airflow/.local/lib/python3.11/site-packages/airflow/example_dags/example_branch_operator.py for tasks to queue
[2024-02-26T15:54:10.339+0000] {logging_mixin.py:188} INFO - [2024-02-26T15:54:10.339+0000] {dagbag.py:540} INFO - Filling up the DagBag from /home/airflow/.local/lib/python3.11/site-packages/airflow/example_dags/example_branch_operator.py
[2024-02-26T15:54:10.352+0000] {processor.py:840} INFO - DAG(s) 'example_branch_operator' retrieved from /home/airflow/.local/lib/python3.11/site-packages/airflow/example_dags/example_branch_operator.py
[2024-02-26T15:54:10.374+0000] {logging_mixin.py:188} INFO - [2024-02-26T15:54:10.374+0000] {dag.py:3047} INFO - Sync 1 DAGs
[2024-02-26T15:54:10.389+0000] {logging_mixin.py:188} INFO - [2024-02-26T15:54:10.388+0000] {dag.py:3834} INFO - Setting next_dagrun for example_branch_operator to 2024-02-25 00:00:00+00:00, run_after=2024-02-26 00:00:00+00:00
[2024-02-26T15:54:10.401+0000] {processor.py:183} INFO - Processing /home/airflow/.local/lib/python3.11/site-packages/airflow/example_dags/example_branch_operator.py took 0.068 seconds
[2024-02-26T15:54:41.116+0000] {processor.py:161} INFO - Started process (PID=3215) to work on /home/airflow/.local/lib/python3.11/site-packages/airflow/example_dags/example_branch_operator.py
[2024-02-26T15:54:41.120+0000] {processor.py:830} INFO - Processing file /home/airflow/.local/lib/python3.11/site-packages/airflow/example_dags/example_branch_operator.py for tasks to queue
[2024-02-26T15:54:41.122+0000] {logging_mixin.py:188} INFO - [2024-02-26T15:54:41.121+0000] {dagbag.py:540} INFO - Filling up the DagBag from /home/airflow/.local/lib/python3.11/site-packages/airflow/example_dags/example_branch_operator.py
[2024-02-26T15:54:41.135+0000] {processor.py:840} INFO - DAG(s) 'example_branch_operator' retrieved from /home/airflow/.local/lib/python3.11/site-packages/airflow/example_dags/example_branch_operator.py
[2024-02-26T15:54:41.158+0000] {logging_mixin.py:188} INFO - [2024-02-26T15:54:41.158+0000] {dag.py:3047} INFO - Sync 1 DAGs
[2024-02-26T15:54:41.173+0000] {logging_mixin.py:188} INFO - [2024-02-26T15:54:41.173+0000] {dag.py:3834} INFO - Setting next_dagrun for example_branch_operator to 2024-02-25 00:00:00+00:00, run_after=2024-02-26 00:00:00+00:00
[2024-02-26T15:54:41.184+0000] {processor.py:183} INFO - Processing /home/airflow/.local/lib/python3.11/site-packages/airflow/example_dags/example_branch_operator.py took 0.071 seconds
[2024-02-26T15:55:12.028+0000] {processor.py:161} INFO - Started process (PID=3461) to work on /home/airflow/.local/lib/python3.11/site-packages/airflow/example_dags/example_branch_operator.py
[2024-02-26T15:55:12.031+0000] {processor.py:830} INFO - Processing file /home/airflow/.local/lib/python3.11/site-packages/airflow/example_dags/example_branch_operator.py for tasks to queue
[2024-02-26T15:55:12.033+0000] {logging_mixin.py:188} INFO - [2024-02-26T15:55:12.033+0000] {dagbag.py:540} INFO - Filling up the DagBag from /home/airflow/.local/lib/python3.11/site-packages/airflow/example_dags/example_branch_operator.py
[2024-02-26T15:55:12.047+0000] {processor.py:840} INFO - DAG(s) 'example_branch_operator' retrieved from /home/airflow/.local/lib/python3.11/site-packages/airflow/example_dags/example_branch_operator.py
[2024-02-26T15:55:12.071+0000] {logging_mixin.py:188} INFO - [2024-02-26T15:55:12.071+0000] {dag.py:3047} INFO - Sync 1 DAGs
[2024-02-26T15:55:12.087+0000] {logging_mixin.py:188} INFO - [2024-02-26T15:55:12.087+0000] {dag.py:3834} INFO - Setting next_dagrun for example_branch_operator to 2024-02-25 00:00:00+00:00, run_after=2024-02-26 00:00:00+00:00
[2024-02-26T15:55:12.099+0000] {processor.py:183} INFO - Processing /home/airflow/.local/lib/python3.11/site-packages/airflow/example_dags/example_branch_operator.py took 0.076 seconds
[2024-02-26T15:55:43.041+0000] {processor.py:161} INFO - Started process (PID=3708) to work on /home/airflow/.local/lib/python3.11/site-packages/airflow/example_dags/example_branch_operator.py
[2024-02-26T15:55:43.044+0000] {processor.py:830} INFO - Processing file /home/airflow/.local/lib/python3.11/site-packages/airflow/example_dags/example_branch_operator.py for tasks to queue
[2024-02-26T15:55:43.047+0000] {logging_mixin.py:188} INFO - [2024-02-26T15:55:43.046+0000] {dagbag.py:540} INFO - Filling up the DagBag from /home/airflow/.local/lib/python3.11/site-packages/airflow/example_dags/example_branch_operator.py
[2024-02-26T15:55:43.070+0000] {processor.py:840} INFO - DAG(s) 'example_branch_operator' retrieved from /home/airflow/.local/lib/python3.11/site-packages/airflow/example_dags/example_branch_operator.py
[2024-02-26T15:55:43.111+0000] {logging_mixin.py:188} INFO - [2024-02-26T15:55:43.111+0000] {dag.py:3047} INFO - Sync 1 DAGs
[2024-02-26T15:55:43.141+0000] {logging_mixin.py:188} INFO - [2024-02-26T15:55:43.141+0000] {dag.py:3834} INFO - Setting next_dagrun for example_branch_operator to 2024-02-25 00:00:00+00:00, run_after=2024-02-26 00:00:00+00:00
[2024-02-26T15:55:43.164+0000] {processor.py:183} INFO - Processing /home/airflow/.local/lib/python3.11/site-packages/airflow/example_dags/example_branch_operator.py took 0.128 seconds
[2024-02-26T15:56:13.279+0000] {processor.py:161} INFO - Started process (PID=3955) to work on /home/airflow/.local/lib/python3.11/site-packages/airflow/example_dags/example_branch_operator.py
[2024-02-26T15:56:13.288+0000] {processor.py:830} INFO - Processing file /home/airflow/.local/lib/python3.11/site-packages/airflow/example_dags/example_branch_operator.py for tasks to queue
[2024-02-26T15:56:13.292+0000] {logging_mixin.py:188} INFO - [2024-02-26T15:56:13.291+0000] {dagbag.py:540} INFO - Filling up the DagBag from /home/airflow/.local/lib/python3.11/site-packages/airflow/example_dags/example_branch_operator.py
[2024-02-26T15:56:13.313+0000] {processor.py:840} INFO - DAG(s) 'example_branch_operator' retrieved from /home/airflow/.local/lib/python3.11/site-packages/airflow/example_dags/example_branch_operator.py
[2024-02-26T15:56:13.344+0000] {logging_mixin.py:188} INFO - [2024-02-26T15:56:13.343+0000] {dag.py:3047} INFO - Sync 1 DAGs
[2024-02-26T15:56:13.362+0000] {logging_mixin.py:188} INFO - [2024-02-26T15:56:13.362+0000] {dag.py:3834} INFO - Setting next_dagrun for example_branch_operator to 2024-02-25 00:00:00+00:00, run_after=2024-02-26 00:00:00+00:00
[2024-02-26T15:56:13.378+0000] {processor.py:183} INFO - Processing /home/airflow/.local/lib/python3.11/site-packages/airflow/example_dags/example_branch_operator.py took 0.102 seconds
[2024-02-26T15:56:43.572+0000] {processor.py:161} INFO - Started process (PID=4203) to work on /home/airflow/.local/lib/python3.11/site-packages/airflow/example_dags/example_branch_operator.py
[2024-02-26T15:56:43.575+0000] {processor.py:830} INFO - Processing file /home/airflow/.local/lib/python3.11/site-packages/airflow/example_dags/example_branch_operator.py for tasks to queue
[2024-02-26T15:56:43.577+0000] {logging_mixin.py:188} INFO - [2024-02-26T15:56:43.577+0000] {dagbag.py:540} INFO - Filling up the DagBag from /home/airflow/.local/lib/python3.11/site-packages/airflow/example_dags/example_branch_operator.py
[2024-02-26T15:56:43.594+0000] {processor.py:840} INFO - DAG(s) 'example_branch_operator' retrieved from /home/airflow/.local/lib/python3.11/site-packages/airflow/example_dags/example_branch_operator.py
[2024-02-26T15:56:43.623+0000] {logging_mixin.py:188} INFO - [2024-02-26T15:56:43.623+0000] {dag.py:3047} INFO - Sync 1 DAGs
[2024-02-26T15:56:43.638+0000] {logging_mixin.py:188} INFO - [2024-02-26T15:56:43.638+0000] {dag.py:3834} INFO - Setting next_dagrun for example_branch_operator to 2024-02-25 00:00:00+00:00, run_after=2024-02-26 00:00:00+00:00
[2024-02-26T15:56:43.650+0000] {processor.py:183} INFO - Processing /home/airflow/.local/lib/python3.11/site-packages/airflow/example_dags/example_branch_operator.py took 0.082 seconds
[2024-02-26T15:57:14.011+0000] {processor.py:161} INFO - Started process (PID=4450) to work on /home/airflow/.local/lib/python3.11/site-packages/airflow/example_dags/example_branch_operator.py
[2024-02-26T15:57:14.013+0000] {processor.py:830} INFO - Processing file /home/airflow/.local/lib/python3.11/site-packages/airflow/example_dags/example_branch_operator.py for tasks to queue
[2024-02-26T15:57:14.016+0000] {logging_mixin.py:188} INFO - [2024-02-26T15:57:14.015+0000] {dagbag.py:540} INFO - Filling up the DagBag from /home/airflow/.local/lib/python3.11/site-packages/airflow/example_dags/example_branch_operator.py
[2024-02-26T15:57:14.030+0000] {processor.py:840} INFO - DAG(s) 'example_branch_operator' retrieved from /home/airflow/.local/lib/python3.11/site-packages/airflow/example_dags/example_branch_operator.py
[2024-02-26T15:57:14.076+0000] {logging_mixin.py:188} INFO - [2024-02-26T15:57:14.076+0000] {dag.py:3047} INFO - Sync 1 DAGs
[2024-02-26T15:57:14.091+0000] {logging_mixin.py:188} INFO - [2024-02-26T15:57:14.091+0000] {dag.py:3834} INFO - Setting next_dagrun for example_branch_operator to 2024-02-25 00:00:00+00:00, run_after=2024-02-26 00:00:00+00:00
[2024-02-26T15:57:14.104+0000] {processor.py:183} INFO - Processing /home/airflow/.local/lib/python3.11/site-packages/airflow/example_dags/example_branch_operator.py took 0.096 seconds
[2024-02-26T15:57:44.201+0000] {processor.py:161} INFO - Started process (PID=4697) to work on /home/airflow/.local/lib/python3.11/site-packages/airflow/example_dags/example_branch_operator.py
[2024-02-26T15:57:44.205+0000] {processor.py:830} INFO - Processing file /home/airflow/.local/lib/python3.11/site-packages/airflow/example_dags/example_branch_operator.py for tasks to queue
[2024-02-26T15:57:44.208+0000] {logging_mixin.py:188} INFO - [2024-02-26T15:57:44.207+0000] {dagbag.py:540} INFO - Filling up the DagBag from /home/airflow/.local/lib/python3.11/site-packages/airflow/example_dags/example_branch_operator.py
[2024-02-26T15:57:44.225+0000] {processor.py:840} INFO - DAG(s) 'example_branch_operator' retrieved from /home/airflow/.local/lib/python3.11/site-packages/airflow/example_dags/example_branch_operator.py
[2024-02-26T15:57:44.250+0000] {logging_mixin.py:188} INFO - [2024-02-26T15:57:44.250+0000] {dag.py:3047} INFO - Sync 1 DAGs
[2024-02-26T15:57:44.269+0000] {logging_mixin.py:188} INFO - [2024-02-26T15:57:44.269+0000] {dag.py:3834} INFO - Setting next_dagrun for example_branch_operator to 2024-02-25 00:00:00+00:00, run_after=2024-02-26 00:00:00+00:00
[2024-02-26T15:57:44.290+0000] {processor.py:183} INFO - Processing /home/airflow/.local/lib/python3.11/site-packages/airflow/example_dags/example_branch_operator.py took 0.093 seconds
[2024-02-26T15:58:14.399+0000] {processor.py:161} INFO - Started process (PID=4944) to work on /home/airflow/.local/lib/python3.11/site-packages/airflow/example_dags/example_branch_operator.py
[2024-02-26T15:58:14.400+0000] {processor.py:830} INFO - Processing file /home/airflow/.local/lib/python3.11/site-packages/airflow/example_dags/example_branch_operator.py for tasks to queue
[2024-02-26T15:58:14.402+0000] {logging_mixin.py:188} INFO - [2024-02-26T15:58:14.402+0000] {dagbag.py:540} INFO - Filling up the DagBag from /home/airflow/.local/lib/python3.11/site-packages/airflow/example_dags/example_branch_operator.py
[2024-02-26T15:58:14.417+0000] {processor.py:840} INFO - DAG(s) 'example_branch_operator' retrieved from /home/airflow/.local/lib/python3.11/site-packages/airflow/example_dags/example_branch_operator.py
[2024-02-26T15:58:14.441+0000] {logging_mixin.py:188} INFO - [2024-02-26T15:58:14.441+0000] {dag.py:3047} INFO - Sync 1 DAGs
[2024-02-26T15:58:14.464+0000] {logging_mixin.py:188} INFO - [2024-02-26T15:58:14.463+0000] {dag.py:3834} INFO - Setting next_dagrun for example_branch_operator to 2024-02-25 00:00:00+00:00, run_after=2024-02-26 00:00:00+00:00
[2024-02-26T15:58:14.485+0000] {processor.py:183} INFO - Processing /home/airflow/.local/lib/python3.11/site-packages/airflow/example_dags/example_branch_operator.py took 0.089 seconds
[2024-02-26T15:58:44.678+0000] {processor.py:161} INFO - Started process (PID=5192) to work on /home/airflow/.local/lib/python3.11/site-packages/airflow/example_dags/example_branch_operator.py
[2024-02-26T15:58:44.681+0000] {processor.py:830} INFO - Processing file /home/airflow/.local/lib/python3.11/site-packages/airflow/example_dags/example_branch_operator.py for tasks to queue
[2024-02-26T15:58:44.682+0000] {logging_mixin.py:188} INFO - [2024-02-26T15:58:44.682+0000] {dagbag.py:540} INFO - Filling up the DagBag from /home/airflow/.local/lib/python3.11/site-packages/airflow/example_dags/example_branch_operator.py
[2024-02-26T15:58:44.696+0000] {processor.py:840} INFO - DAG(s) 'example_branch_operator' retrieved from /home/airflow/.local/lib/python3.11/site-packages/airflow/example_dags/example_branch_operator.py
[2024-02-26T15:58:44.721+0000] {logging_mixin.py:188} INFO - [2024-02-26T15:58:44.721+0000] {dag.py:3047} INFO - Sync 1 DAGs
[2024-02-26T15:58:44.736+0000] {logging_mixin.py:188} INFO - [2024-02-26T15:58:44.736+0000] {dag.py:3834} INFO - Setting next_dagrun for example_branch_operator to 2024-02-25 00:00:00+00:00, run_after=2024-02-26 00:00:00+00:00
[2024-02-26T15:58:44.751+0000] {processor.py:183} INFO - Processing /home/airflow/.local/lib/python3.11/site-packages/airflow/example_dags/example_branch_operator.py took 0.076 seconds
[2024-02-26T15:59:15.047+0000] {processor.py:161} INFO - Started process (PID=5440) to work on /home/airflow/.local/lib/python3.11/site-packages/airflow/example_dags/example_branch_operator.py
[2024-02-26T15:59:15.050+0000] {processor.py:830} INFO - Processing file /home/airflow/.local/lib/python3.11/site-packages/airflow/example_dags/example_branch_operator.py for tasks to queue
[2024-02-26T15:59:15.051+0000] {logging_mixin.py:188} INFO - [2024-02-26T15:59:15.051+0000] {dagbag.py:540} INFO - Filling up the DagBag from /home/airflow/.local/lib/python3.11/site-packages/airflow/example_dags/example_branch_operator.py
[2024-02-26T15:59:15.072+0000] {processor.py:840} INFO - DAG(s) 'example_branch_operator' retrieved from /home/airflow/.local/lib/python3.11/site-packages/airflow/example_dags/example_branch_operator.py
[2024-02-26T15:59:15.101+0000] {logging_mixin.py:188} INFO - [2024-02-26T15:59:15.100+0000] {dag.py:3047} INFO - Sync 1 DAGs
[2024-02-26T15:59:15.118+0000] {logging_mixin.py:188} INFO - [2024-02-26T15:59:15.118+0000] {dag.py:3834} INFO - Setting next_dagrun for example_branch_operator to 2024-02-25 00:00:00+00:00, run_after=2024-02-26 00:00:00+00:00
[2024-02-26T15:59:15.131+0000] {processor.py:183} INFO - Processing /home/airflow/.local/lib/python3.11/site-packages/airflow/example_dags/example_branch_operator.py took 0.089 seconds
[2024-02-26T15:59:45.351+0000] {processor.py:161} INFO - Started process (PID=5687) to work on /home/airflow/.local/lib/python3.11/site-packages/airflow/example_dags/example_branch_operator.py
[2024-02-26T15:59:45.353+0000] {processor.py:830} INFO - Processing file /home/airflow/.local/lib/python3.11/site-packages/airflow/example_dags/example_branch_operator.py for tasks to queue
[2024-02-26T15:59:45.354+0000] {logging_mixin.py:188} INFO - [2024-02-26T15:59:45.354+0000] {dagbag.py:540} INFO - Filling up the DagBag from /home/airflow/.local/lib/python3.11/site-packages/airflow/example_dags/example_branch_operator.py
[2024-02-26T15:59:45.368+0000] {processor.py:840} INFO - DAG(s) 'example_branch_operator' retrieved from /home/airflow/.local/lib/python3.11/site-packages/airflow/example_dags/example_branch_operator.py
[2024-02-26T15:59:45.390+0000] {logging_mixin.py:188} INFO - [2024-02-26T15:59:45.390+0000] {dag.py:3047} INFO - Sync 1 DAGs
[2024-02-26T15:59:45.405+0000] {logging_mixin.py:188} INFO - [2024-02-26T15:59:45.404+0000] {dag.py:3834} INFO - Setting next_dagrun for example_branch_operator to 2024-02-25 00:00:00+00:00, run_after=2024-02-26 00:00:00+00:00
[2024-02-26T15:59:45.416+0000] {processor.py:183} INFO - Processing /home/airflow/.local/lib/python3.11/site-packages/airflow/example_dags/example_branch_operator.py took 0.068 seconds
[2024-02-26T16:00:16.125+0000] {processor.py:161} INFO - Started process (PID=5934) to work on /home/airflow/.local/lib/python3.11/site-packages/airflow/example_dags/example_branch_operator.py
[2024-02-26T16:00:16.127+0000] {processor.py:830} INFO - Processing file /home/airflow/.local/lib/python3.11/site-packages/airflow/example_dags/example_branch_operator.py for tasks to queue
[2024-02-26T16:00:16.128+0000] {logging_mixin.py:188} INFO - [2024-02-26T16:00:16.128+0000] {dagbag.py:540} INFO - Filling up the DagBag from /home/airflow/.local/lib/python3.11/site-packages/airflow/example_dags/example_branch_operator.py
[2024-02-26T16:00:16.144+0000] {processor.py:840} INFO - DAG(s) 'example_branch_operator' retrieved from /home/airflow/.local/lib/python3.11/site-packages/airflow/example_dags/example_branch_operator.py
[2024-02-26T16:00:16.168+0000] {logging_mixin.py:188} INFO - [2024-02-26T16:00:16.168+0000] {dag.py:3047} INFO - Sync 1 DAGs
[2024-02-26T16:00:16.182+0000] {logging_mixin.py:188} INFO - [2024-02-26T16:00:16.182+0000] {dag.py:3834} INFO - Setting next_dagrun for example_branch_operator to 2024-02-25 00:00:00+00:00, run_after=2024-02-26 00:00:00+00:00
[2024-02-26T16:00:16.194+0000] {processor.py:183} INFO - Processing /home/airflow/.local/lib/python3.11/site-packages/airflow/example_dags/example_branch_operator.py took 0.072 seconds
[2024-02-26T16:00:46.984+0000] {processor.py:161} INFO - Started process (PID=6180) to work on /home/airflow/.local/lib/python3.11/site-packages/airflow/example_dags/example_branch_operator.py
[2024-02-26T16:00:46.987+0000] {processor.py:830} INFO - Processing file /home/airflow/.local/lib/python3.11/site-packages/airflow/example_dags/example_branch_operator.py for tasks to queue
[2024-02-26T16:00:46.988+0000] {logging_mixin.py:188} INFO - [2024-02-26T16:00:46.988+0000] {dagbag.py:540} INFO - Filling up the DagBag from /home/airflow/.local/lib/python3.11/site-packages/airflow/example_dags/example_branch_operator.py
[2024-02-26T16:00:47.001+0000] {processor.py:840} INFO - DAG(s) 'example_branch_operator' retrieved from /home/airflow/.local/lib/python3.11/site-packages/airflow/example_dags/example_branch_operator.py
[2024-02-26T16:00:47.023+0000] {logging_mixin.py:188} INFO - [2024-02-26T16:00:47.023+0000] {dag.py:3047} INFO - Sync 1 DAGs
[2024-02-26T16:00:47.037+0000] {logging_mixin.py:188} INFO - [2024-02-26T16:00:47.037+0000] {dag.py:3834} INFO - Setting next_dagrun for example_branch_operator to 2024-02-25 00:00:00+00:00, run_after=2024-02-26 00:00:00+00:00
[2024-02-26T16:00:47.049+0000] {processor.py:183} INFO - Processing /home/airflow/.local/lib/python3.11/site-packages/airflow/example_dags/example_branch_operator.py took 0.068 seconds
[2024-02-26T16:01:17.770+0000] {processor.py:161} INFO - Started process (PID=6427) to work on /home/airflow/.local/lib/python3.11/site-packages/airflow/example_dags/example_branch_operator.py
[2024-02-26T16:01:17.772+0000] {processor.py:830} INFO - Processing file /home/airflow/.local/lib/python3.11/site-packages/airflow/example_dags/example_branch_operator.py for tasks to queue
[2024-02-26T16:01:17.774+0000] {logging_mixin.py:188} INFO - [2024-02-26T16:01:17.773+0000] {dagbag.py:540} INFO - Filling up the DagBag from /home/airflow/.local/lib/python3.11/site-packages/airflow/example_dags/example_branch_operator.py
[2024-02-26T16:01:17.787+0000] {processor.py:840} INFO - DAG(s) 'example_branch_operator' retrieved from /home/airflow/.local/lib/python3.11/site-packages/airflow/example_dags/example_branch_operator.py
[2024-02-26T16:01:17.811+0000] {logging_mixin.py:188} INFO - [2024-02-26T16:01:17.810+0000] {dag.py:3047} INFO - Sync 1 DAGs
[2024-02-26T16:01:17.828+0000] {logging_mixin.py:188} INFO - [2024-02-26T16:01:17.827+0000] {dag.py:3834} INFO - Setting next_dagrun for example_branch_operator to 2024-02-25 00:00:00+00:00, run_after=2024-02-26 00:00:00+00:00
[2024-02-26T16:01:17.839+0000] {processor.py:183} INFO - Processing /home/airflow/.local/lib/python3.11/site-packages/airflow/example_dags/example_branch_operator.py took 0.072 seconds
[2024-02-26T16:01:47.935+0000] {processor.py:161} INFO - Started process (PID=6674) to work on /home/airflow/.local/lib/python3.11/site-packages/airflow/example_dags/example_branch_operator.py
[2024-02-26T16:01:47.937+0000] {processor.py:830} INFO - Processing file /home/airflow/.local/lib/python3.11/site-packages/airflow/example_dags/example_branch_operator.py for tasks to queue
[2024-02-26T16:01:47.939+0000] {logging_mixin.py:188} INFO - [2024-02-26T16:01:47.939+0000] {dagbag.py:540} INFO - Filling up the DagBag from /home/airflow/.local/lib/python3.11/site-packages/airflow/example_dags/example_branch_operator.py
[2024-02-26T16:01:47.953+0000] {processor.py:840} INFO - DAG(s) 'example_branch_operator' retrieved from /home/airflow/.local/lib/python3.11/site-packages/airflow/example_dags/example_branch_operator.py
[2024-02-26T16:01:47.978+0000] {logging_mixin.py:188} INFO - [2024-02-26T16:01:47.978+0000] {dag.py:3047} INFO - Sync 1 DAGs
[2024-02-26T16:01:47.992+0000] {logging_mixin.py:188} INFO - [2024-02-26T16:01:47.992+0000] {dag.py:3834} INFO - Setting next_dagrun for example_branch_operator to 2024-02-25 00:00:00+00:00, run_after=2024-02-26 00:00:00+00:00
[2024-02-26T16:01:48.004+0000] {processor.py:183} INFO - Processing /home/airflow/.local/lib/python3.11/site-packages/airflow/example_dags/example_branch_operator.py took 0.072 seconds
[2024-02-26T16:02:18.880+0000] {processor.py:161} INFO - Started process (PID=6921) to work on /home/airflow/.local/lib/python3.11/site-packages/airflow/example_dags/example_branch_operator.py
[2024-02-26T16:02:18.883+0000] {processor.py:830} INFO - Processing file /home/airflow/.local/lib/python3.11/site-packages/airflow/example_dags/example_branch_operator.py for tasks to queue
[2024-02-26T16:02:18.885+0000] {logging_mixin.py:188} INFO - [2024-02-26T16:02:18.885+0000] {dagbag.py:540} INFO - Filling up the DagBag from /home/airflow/.local/lib/python3.11/site-packages/airflow/example_dags/example_branch_operator.py
[2024-02-26T16:02:18.899+0000] {processor.py:840} INFO - DAG(s) 'example_branch_operator' retrieved from /home/airflow/.local/lib/python3.11/site-packages/airflow/example_dags/example_branch_operator.py
[2024-02-26T16:02:18.924+0000] {logging_mixin.py:188} INFO - [2024-02-26T16:02:18.924+0000] {dag.py:3047} INFO - Sync 1 DAGs
[2024-02-26T16:02:18.942+0000] {logging_mixin.py:188} INFO - [2024-02-26T16:02:18.942+0000] {dag.py:3834} INFO - Setting next_dagrun for example_branch_operator to 2024-02-25 00:00:00+00:00, run_after=2024-02-26 00:00:00+00:00
[2024-02-26T16:02:18.956+0000] {processor.py:183} INFO - Processing /home/airflow/.local/lib/python3.11/site-packages/airflow/example_dags/example_branch_operator.py took 0.079 seconds
[2024-02-26T16:02:49.171+0000] {processor.py:161} INFO - Started process (PID=7168) to work on /home/airflow/.local/lib/python3.11/site-packages/airflow/example_dags/example_branch_operator.py
[2024-02-26T16:02:49.173+0000] {processor.py:830} INFO - Processing file /home/airflow/.local/lib/python3.11/site-packages/airflow/example_dags/example_branch_operator.py for tasks to queue
[2024-02-26T16:02:49.175+0000] {logging_mixin.py:188} INFO - [2024-02-26T16:02:49.175+0000] {dagbag.py:540} INFO - Filling up the DagBag from /home/airflow/.local/lib/python3.11/site-packages/airflow/example_dags/example_branch_operator.py
[2024-02-26T16:02:49.190+0000] {processor.py:840} INFO - DAG(s) 'example_branch_operator' retrieved from /home/airflow/.local/lib/python3.11/site-packages/airflow/example_dags/example_branch_operator.py
[2024-02-26T16:02:49.214+0000] {logging_mixin.py:188} INFO - [2024-02-26T16:02:49.213+0000] {dag.py:3047} INFO - Sync 1 DAGs
[2024-02-26T16:02:49.229+0000] {logging_mixin.py:188} INFO - [2024-02-26T16:02:49.229+0000] {dag.py:3834} INFO - Setting next_dagrun for example_branch_operator to 2024-02-25 00:00:00+00:00, run_after=2024-02-26 00:00:00+00:00
[2024-02-26T16:02:49.240+0000] {processor.py:183} INFO - Processing /home/airflow/.local/lib/python3.11/site-packages/airflow/example_dags/example_branch_operator.py took 0.072 seconds
[2024-02-26T16:03:19.365+0000] {processor.py:161} INFO - Started process (PID=7415) to work on /home/airflow/.local/lib/python3.11/site-packages/airflow/example_dags/example_branch_operator.py
[2024-02-26T16:03:19.367+0000] {processor.py:830} INFO - Processing file /home/airflow/.local/lib/python3.11/site-packages/airflow/example_dags/example_branch_operator.py for tasks to queue
[2024-02-26T16:03:19.369+0000] {logging_mixin.py:188} INFO - [2024-02-26T16:03:19.369+0000] {dagbag.py:540} INFO - Filling up the DagBag from /home/airflow/.local/lib/python3.11/site-packages/airflow/example_dags/example_branch_operator.py
[2024-02-26T16:03:19.383+0000] {processor.py:840} INFO - DAG(s) 'example_branch_operator' retrieved from /home/airflow/.local/lib/python3.11/site-packages/airflow/example_dags/example_branch_operator.py
[2024-02-26T16:03:19.408+0000] {logging_mixin.py:188} INFO - [2024-02-26T16:03:19.408+0000] {dag.py:3047} INFO - Sync 1 DAGs
[2024-02-26T16:03:19.423+0000] {logging_mixin.py:188} INFO - [2024-02-26T16:03:19.422+0000] {dag.py:3834} INFO - Setting next_dagrun for example_branch_operator to 2024-02-25 00:00:00+00:00, run_after=2024-02-26 00:00:00+00:00
[2024-02-26T16:03:19.436+0000] {processor.py:183} INFO - Processing /home/airflow/.local/lib/python3.11/site-packages/airflow/example_dags/example_branch_operator.py took 0.074 seconds
[2024-02-26T16:03:49.605+0000] {processor.py:161} INFO - Started process (PID=7663) to work on /home/airflow/.local/lib/python3.11/site-packages/airflow/example_dags/example_branch_operator.py
[2024-02-26T16:03:49.609+0000] {processor.py:830} INFO - Processing file /home/airflow/.local/lib/python3.11/site-packages/airflow/example_dags/example_branch_operator.py for tasks to queue
[2024-02-26T16:03:49.611+0000] {logging_mixin.py:188} INFO - [2024-02-26T16:03:49.610+0000] {dagbag.py:540} INFO - Filling up the DagBag from /home/airflow/.local/lib/python3.11/site-packages/airflow/example_dags/example_branch_operator.py
[2024-02-26T16:03:49.625+0000] {processor.py:840} INFO - DAG(s) 'example_branch_operator' retrieved from /home/airflow/.local/lib/python3.11/site-packages/airflow/example_dags/example_branch_operator.py
[2024-02-26T16:03:49.652+0000] {logging_mixin.py:188} INFO - [2024-02-26T16:03:49.651+0000] {dag.py:3047} INFO - Sync 1 DAGs
[2024-02-26T16:03:49.665+0000] {logging_mixin.py:188} INFO - [2024-02-26T16:03:49.665+0000] {dag.py:3834} INFO - Setting next_dagrun for example_branch_operator to 2024-02-25 00:00:00+00:00, run_after=2024-02-26 00:00:00+00:00
[2024-02-26T16:03:49.680+0000] {processor.py:183} INFO - Processing /home/airflow/.local/lib/python3.11/site-packages/airflow/example_dags/example_branch_operator.py took 0.078 seconds
[2024-02-26T16:04:20.293+0000] {processor.py:161} INFO - Started process (PID=7910) to work on /home/airflow/.local/lib/python3.11/site-packages/airflow/example_dags/example_branch_operator.py
[2024-02-26T16:04:20.296+0000] {processor.py:830} INFO - Processing file /home/airflow/.local/lib/python3.11/site-packages/airflow/example_dags/example_branch_operator.py for tasks to queue
[2024-02-26T16:04:20.297+0000] {logging_mixin.py:188} INFO - [2024-02-26T16:04:20.297+0000] {dagbag.py:540} INFO - Filling up the DagBag from /home/airflow/.local/lib/python3.11/site-packages/airflow/example_dags/example_branch_operator.py
[2024-02-26T16:04:20.310+0000] {processor.py:840} INFO - DAG(s) 'example_branch_operator' retrieved from /home/airflow/.local/lib/python3.11/site-packages/airflow/example_dags/example_branch_operator.py
[2024-02-26T16:04:20.342+0000] {logging_mixin.py:188} INFO - [2024-02-26T16:04:20.341+0000] {dag.py:3047} INFO - Sync 1 DAGs
[2024-02-26T16:04:20.356+0000] {logging_mixin.py:188} INFO - [2024-02-26T16:04:20.356+0000] {dag.py:3834} INFO - Setting next_dagrun for example_branch_operator to 2024-02-25 00:00:00+00:00, run_after=2024-02-26 00:00:00+00:00
[2024-02-26T16:04:20.367+0000] {processor.py:183} INFO - Processing /home/airflow/.local/lib/python3.11/site-packages/airflow/example_dags/example_branch_operator.py took 0.077 seconds
[2024-02-26T16:04:51.115+0000] {processor.py:161} INFO - Started process (PID=8157) to work on /home/airflow/.local/lib/python3.11/site-packages/airflow/example_dags/example_branch_operator.py
[2024-02-26T16:04:51.117+0000] {processor.py:830} INFO - Processing file /home/airflow/.local/lib/python3.11/site-packages/airflow/example_dags/example_branch_operator.py for tasks to queue
[2024-02-26T16:04:51.118+0000] {logging_mixin.py:188} INFO - [2024-02-26T16:04:51.118+0000] {dagbag.py:540} INFO - Filling up the DagBag from /home/airflow/.local/lib/python3.11/site-packages/airflow/example_dags/example_branch_operator.py
[2024-02-26T16:04:51.132+0000] {processor.py:840} INFO - DAG(s) 'example_branch_operator' retrieved from /home/airflow/.local/lib/python3.11/site-packages/airflow/example_dags/example_branch_operator.py
[2024-02-26T16:04:51.156+0000] {logging_mixin.py:188} INFO - [2024-02-26T16:04:51.156+0000] {dag.py:3047} INFO - Sync 1 DAGs
[2024-02-26T16:04:51.174+0000] {logging_mixin.py:188} INFO - [2024-02-26T16:04:51.174+0000] {dag.py:3834} INFO - Setting next_dagrun for example_branch_operator to 2024-02-25 00:00:00+00:00, run_after=2024-02-26 00:00:00+00:00
[2024-02-26T16:04:51.185+0000] {processor.py:183} INFO - Processing /home/airflow/.local/lib/python3.11/site-packages/airflow/example_dags/example_branch_operator.py took 0.073 seconds
[2024-02-26T16:05:21.926+0000] {processor.py:161} INFO - Started process (PID=8404) to work on /home/airflow/.local/lib/python3.11/site-packages/airflow/example_dags/example_branch_operator.py
[2024-02-26T16:05:21.928+0000] {processor.py:830} INFO - Processing file /home/airflow/.local/lib/python3.11/site-packages/airflow/example_dags/example_branch_operator.py for tasks to queue
[2024-02-26T16:05:21.930+0000] {logging_mixin.py:188} INFO - [2024-02-26T16:05:21.930+0000] {dagbag.py:540} INFO - Filling up the DagBag from /home/airflow/.local/lib/python3.11/site-packages/airflow/example_dags/example_branch_operator.py
[2024-02-26T16:05:21.944+0000] {processor.py:840} INFO - DAG(s) 'example_branch_operator' retrieved from /home/airflow/.local/lib/python3.11/site-packages/airflow/example_dags/example_branch_operator.py
[2024-02-26T16:05:21.967+0000] {logging_mixin.py:188} INFO - [2024-02-26T16:05:21.967+0000] {dag.py:3047} INFO - Sync 1 DAGs
[2024-02-26T16:05:21.982+0000] {logging_mixin.py:188} INFO - [2024-02-26T16:05:21.982+0000] {dag.py:3834} INFO - Setting next_dagrun for example_branch_operator to 2024-02-25 00:00:00+00:00, run_after=2024-02-26 00:00:00+00:00
[2024-02-26T16:05:21.994+0000] {processor.py:183} INFO - Processing /home/airflow/.local/lib/python3.11/site-packages/airflow/example_dags/example_branch_operator.py took 0.071 seconds
[2024-02-26T16:05:52.654+0000] {processor.py:161} INFO - Started process (PID=8651) to work on /home/airflow/.local/lib/python3.11/site-packages/airflow/example_dags/example_branch_operator.py
[2024-02-26T16:05:52.656+0000] {processor.py:830} INFO - Processing file /home/airflow/.local/lib/python3.11/site-packages/airflow/example_dags/example_branch_operator.py for tasks to queue
[2024-02-26T16:05:52.658+0000] {logging_mixin.py:188} INFO - [2024-02-26T16:05:52.658+0000] {dagbag.py:540} INFO - Filling up the DagBag from /home/airflow/.local/lib/python3.11/site-packages/airflow/example_dags/example_branch_operator.py
[2024-02-26T16:05:52.672+0000] {processor.py:840} INFO - DAG(s) 'example_branch_operator' retrieved from /home/airflow/.local/lib/python3.11/site-packages/airflow/example_dags/example_branch_operator.py
[2024-02-26T16:05:52.695+0000] {logging_mixin.py:188} INFO - [2024-02-26T16:05:52.695+0000] {dag.py:3047} INFO - Sync 1 DAGs
[2024-02-26T16:05:52.710+0000] {logging_mixin.py:188} INFO - [2024-02-26T16:05:52.710+0000] {dag.py:3834} INFO - Setting next_dagrun for example_branch_operator to 2024-02-25 00:00:00+00:00, run_after=2024-02-26 00:00:00+00:00
[2024-02-26T16:05:52.721+0000] {processor.py:183} INFO - Processing /home/airflow/.local/lib/python3.11/site-packages/airflow/example_dags/example_branch_operator.py took 0.071 seconds
[2024-02-26T16:06:23.508+0000] {processor.py:161} INFO - Started process (PID=8898) to work on /home/airflow/.local/lib/python3.11/site-packages/airflow/example_dags/example_branch_operator.py
[2024-02-26T16:06:23.510+0000] {processor.py:830} INFO - Processing file /home/airflow/.local/lib/python3.11/site-packages/airflow/example_dags/example_branch_operator.py for tasks to queue
[2024-02-26T16:06:23.511+0000] {logging_mixin.py:188} INFO - [2024-02-26T16:06:23.511+0000] {dagbag.py:540} INFO - Filling up the DagBag from /home/airflow/.local/lib/python3.11/site-packages/airflow/example_dags/example_branch_operator.py
[2024-02-26T16:06:23.525+0000] {processor.py:840} INFO - DAG(s) 'example_branch_operator' retrieved from /home/airflow/.local/lib/python3.11/site-packages/airflow/example_dags/example_branch_operator.py
[2024-02-26T16:06:23.549+0000] {logging_mixin.py:188} INFO - [2024-02-26T16:06:23.549+0000] {dag.py:3047} INFO - Sync 1 DAGs
[2024-02-26T16:06:23.568+0000] {logging_mixin.py:188} INFO - [2024-02-26T16:06:23.568+0000] {dag.py:3834} INFO - Setting next_dagrun for example_branch_operator to 2024-02-25 00:00:00+00:00, run_after=2024-02-26 00:00:00+00:00
[2024-02-26T16:06:23.580+0000] {processor.py:183} INFO - Processing /home/airflow/.local/lib/python3.11/site-packages/airflow/example_dags/example_branch_operator.py took 0.076 seconds
[2024-02-26T16:06:54.263+0000] {processor.py:161} INFO - Started process (PID=9145) to work on /home/airflow/.local/lib/python3.11/site-packages/airflow/example_dags/example_branch_operator.py
[2024-02-26T16:06:54.266+0000] {processor.py:830} INFO - Processing file /home/airflow/.local/lib/python3.11/site-packages/airflow/example_dags/example_branch_operator.py for tasks to queue
[2024-02-26T16:06:54.268+0000] {logging_mixin.py:188} INFO - [2024-02-26T16:06:54.267+0000] {dagbag.py:540} INFO - Filling up the DagBag from /home/airflow/.local/lib/python3.11/site-packages/airflow/example_dags/example_branch_operator.py
[2024-02-26T16:06:54.284+0000] {processor.py:840} INFO - DAG(s) 'example_branch_operator' retrieved from /home/airflow/.local/lib/python3.11/site-packages/airflow/example_dags/example_branch_operator.py
[2024-02-26T16:06:54.305+0000] {logging_mixin.py:188} INFO - [2024-02-26T16:06:54.305+0000] {dag.py:3047} INFO - Sync 1 DAGs
[2024-02-26T16:06:54.320+0000] {logging_mixin.py:188} INFO - [2024-02-26T16:06:54.320+0000] {dag.py:3834} INFO - Setting next_dagrun for example_branch_operator to 2024-02-25 00:00:00+00:00, run_after=2024-02-26 00:00:00+00:00
[2024-02-26T16:06:54.331+0000] {processor.py:183} INFO - Processing /home/airflow/.local/lib/python3.11/site-packages/airflow/example_dags/example_branch_operator.py took 0.071 seconds
[2024-02-26T16:07:24.414+0000] {processor.py:161} INFO - Started process (PID=9392) to work on /home/airflow/.local/lib/python3.11/site-packages/airflow/example_dags/example_branch_operator.py
[2024-02-26T16:07:24.416+0000] {processor.py:830} INFO - Processing file /home/airflow/.local/lib/python3.11/site-packages/airflow/example_dags/example_branch_operator.py for tasks to queue
[2024-02-26T16:07:24.417+0000] {logging_mixin.py:188} INFO - [2024-02-26T16:07:24.417+0000] {dagbag.py:540} INFO - Filling up the DagBag from /home/airflow/.local/lib/python3.11/site-packages/airflow/example_dags/example_branch_operator.py
[2024-02-26T16:07:24.430+0000] {processor.py:840} INFO - DAG(s) 'example_branch_operator' retrieved from /home/airflow/.local/lib/python3.11/site-packages/airflow/example_dags/example_branch_operator.py
[2024-02-26T16:07:24.453+0000] {logging_mixin.py:188} INFO - [2024-02-26T16:07:24.453+0000] {dag.py:3047} INFO - Sync 1 DAGs
[2024-02-26T16:07:24.468+0000] {logging_mixin.py:188} INFO - [2024-02-26T16:07:24.468+0000] {dag.py:3834} INFO - Setting next_dagrun for example_branch_operator to 2024-02-25 00:00:00+00:00, run_after=2024-02-26 00:00:00+00:00
[2024-02-26T16:07:24.480+0000] {processor.py:183} INFO - Processing /home/airflow/.local/lib/python3.11/site-packages/airflow/example_dags/example_branch_operator.py took 0.069 seconds
[2024-02-26T16:07:54.621+0000] {processor.py:161} INFO - Started process (PID=9639) to work on /home/airflow/.local/lib/python3.11/site-packages/airflow/example_dags/example_branch_operator.py
[2024-02-26T16:07:54.623+0000] {processor.py:830} INFO - Processing file /home/airflow/.local/lib/python3.11/site-packages/airflow/example_dags/example_branch_operator.py for tasks to queue
[2024-02-26T16:07:54.625+0000] {logging_mixin.py:188} INFO - [2024-02-26T16:07:54.624+0000] {dagbag.py:540} INFO - Filling up the DagBag from /home/airflow/.local/lib/python3.11/site-packages/airflow/example_dags/example_branch_operator.py
[2024-02-26T16:07:54.639+0000] {processor.py:840} INFO - DAG(s) 'example_branch_operator' retrieved from /home/airflow/.local/lib/python3.11/site-packages/airflow/example_dags/example_branch_operator.py
[2024-02-26T16:07:54.662+0000] {logging_mixin.py:188} INFO - [2024-02-26T16:07:54.662+0000] {dag.py:3047} INFO - Sync 1 DAGs
[2024-02-26T16:07:54.680+0000] {logging_mixin.py:188} INFO - [2024-02-26T16:07:54.680+0000] {dag.py:3834} INFO - Setting next_dagrun for example_branch_operator to 2024-02-25 00:00:00+00:00, run_after=2024-02-26 00:00:00+00:00
[2024-02-26T16:07:54.693+0000] {processor.py:183} INFO - Processing /home/airflow/.local/lib/python3.11/site-packages/airflow/example_dags/example_branch_operator.py took 0.075 seconds
[2024-02-26T16:08:24.884+0000] {processor.py:161} INFO - Started process (PID=9886) to work on /home/airflow/.local/lib/python3.11/site-packages/airflow/example_dags/example_branch_operator.py
[2024-02-26T16:08:24.888+0000] {processor.py:830} INFO - Processing file /home/airflow/.local/lib/python3.11/site-packages/airflow/example_dags/example_branch_operator.py for tasks to queue
[2024-02-26T16:08:24.891+0000] {logging_mixin.py:188} INFO - [2024-02-26T16:08:24.891+0000] {dagbag.py:540} INFO - Filling up the DagBag from /home/airflow/.local/lib/python3.11/site-packages/airflow/example_dags/example_branch_operator.py
[2024-02-26T16:08:24.905+0000] {processor.py:840} INFO - DAG(s) 'example_branch_operator' retrieved from /home/airflow/.local/lib/python3.11/site-packages/airflow/example_dags/example_branch_operator.py
[2024-02-26T16:08:24.928+0000] {logging_mixin.py:188} INFO - [2024-02-26T16:08:24.928+0000] {dag.py:3047} INFO - Sync 1 DAGs
[2024-02-26T16:08:24.944+0000] {logging_mixin.py:188} INFO - [2024-02-26T16:08:24.944+0000] {dag.py:3834} INFO - Setting next_dagrun for example_branch_operator to 2024-02-25 00:00:00+00:00, run_after=2024-02-26 00:00:00+00:00
[2024-02-26T16:08:24.958+0000] {processor.py:183} INFO - Processing /home/airflow/.local/lib/python3.11/site-packages/airflow/example_dags/example_branch_operator.py took 0.077 seconds
[2024-02-26T16:08:55.030+0000] {processor.py:161} INFO - Started process (PID=10133) to work on /home/airflow/.local/lib/python3.11/site-packages/airflow/example_dags/example_branch_operator.py
[2024-02-26T16:08:55.035+0000] {processor.py:830} INFO - Processing file /home/airflow/.local/lib/python3.11/site-packages/airflow/example_dags/example_branch_operator.py for tasks to queue
[2024-02-26T16:08:55.036+0000] {logging_mixin.py:188} INFO - [2024-02-26T16:08:55.036+0000] {dagbag.py:540} INFO - Filling up the DagBag from /home/airflow/.local/lib/python3.11/site-packages/airflow/example_dags/example_branch_operator.py
[2024-02-26T16:08:55.049+0000] {processor.py:840} INFO - DAG(s) 'example_branch_operator' retrieved from /home/airflow/.local/lib/python3.11/site-packages/airflow/example_dags/example_branch_operator.py
[2024-02-26T16:08:55.073+0000] {logging_mixin.py:188} INFO - [2024-02-26T16:08:55.073+0000] {dag.py:3047} INFO - Sync 1 DAGs
[2024-02-26T16:08:55.088+0000] {logging_mixin.py:188} INFO - [2024-02-26T16:08:55.088+0000] {dag.py:3834} INFO - Setting next_dagrun for example_branch_operator to 2024-02-25 00:00:00+00:00, run_after=2024-02-26 00:00:00+00:00
[2024-02-26T16:08:55.105+0000] {processor.py:183} INFO - Processing /home/airflow/.local/lib/python3.11/site-packages/airflow/example_dags/example_branch_operator.py took 0.078 seconds
[2024-02-26T16:09:25.291+0000] {processor.py:161} INFO - Started process (PID=10380) to work on /home/airflow/.local/lib/python3.11/site-packages/airflow/example_dags/example_branch_operator.py
[2024-02-26T16:09:25.293+0000] {processor.py:830} INFO - Processing file /home/airflow/.local/lib/python3.11/site-packages/airflow/example_dags/example_branch_operator.py for tasks to queue
[2024-02-26T16:09:25.295+0000] {logging_mixin.py:188} INFO - [2024-02-26T16:09:25.294+0000] {dagbag.py:540} INFO - Filling up the DagBag from /home/airflow/.local/lib/python3.11/site-packages/airflow/example_dags/example_branch_operator.py
[2024-02-26T16:09:25.309+0000] {processor.py:840} INFO - DAG(s) 'example_branch_operator' retrieved from /home/airflow/.local/lib/python3.11/site-packages/airflow/example_dags/example_branch_operator.py
[2024-02-26T16:09:25.333+0000] {logging_mixin.py:188} INFO - [2024-02-26T16:09:25.332+0000] {dag.py:3047} INFO - Sync 1 DAGs
[2024-02-26T16:09:25.347+0000] {logging_mixin.py:188} INFO - [2024-02-26T16:09:25.347+0000] {dag.py:3834} INFO - Setting next_dagrun for example_branch_operator to 2024-02-25 00:00:00+00:00, run_after=2024-02-26 00:00:00+00:00
[2024-02-26T16:09:25.359+0000] {processor.py:183} INFO - Processing /home/airflow/.local/lib/python3.11/site-packages/airflow/example_dags/example_branch_operator.py took 0.072 seconds
[2024-02-26T16:09:55.473+0000] {processor.py:161} INFO - Started process (PID=10627) to work on /home/airflow/.local/lib/python3.11/site-packages/airflow/example_dags/example_branch_operator.py
[2024-02-26T16:09:55.477+0000] {processor.py:830} INFO - Processing file /home/airflow/.local/lib/python3.11/site-packages/airflow/example_dags/example_branch_operator.py for tasks to queue
[2024-02-26T16:09:55.478+0000] {logging_mixin.py:188} INFO - [2024-02-26T16:09:55.478+0000] {dagbag.py:540} INFO - Filling up the DagBag from /home/airflow/.local/lib/python3.11/site-packages/airflow/example_dags/example_branch_operator.py
[2024-02-26T16:09:55.492+0000] {processor.py:840} INFO - DAG(s) 'example_branch_operator' retrieved from /home/airflow/.local/lib/python3.11/site-packages/airflow/example_dags/example_branch_operator.py
[2024-02-26T16:09:55.518+0000] {logging_mixin.py:188} INFO - [2024-02-26T16:09:55.518+0000] {dag.py:3047} INFO - Sync 1 DAGs
[2024-02-26T16:09:55.535+0000] {logging_mixin.py:188} INFO - [2024-02-26T16:09:55.535+0000] {dag.py:3834} INFO - Setting next_dagrun for example_branch_operator to 2024-02-25 00:00:00+00:00, run_after=2024-02-26 00:00:00+00:00
[2024-02-26T16:09:55.547+0000] {processor.py:183} INFO - Processing /home/airflow/.local/lib/python3.11/site-packages/airflow/example_dags/example_branch_operator.py took 0.077 seconds
[2024-02-26T16:10:25.693+0000] {processor.py:161} INFO - Started process (PID=10874) to work on /home/airflow/.local/lib/python3.11/site-packages/airflow/example_dags/example_branch_operator.py
[2024-02-26T16:10:25.695+0000] {processor.py:830} INFO - Processing file /home/airflow/.local/lib/python3.11/site-packages/airflow/example_dags/example_branch_operator.py for tasks to queue
[2024-02-26T16:10:25.696+0000] {logging_mixin.py:188} INFO - [2024-02-26T16:10:25.695+0000] {dagbag.py:540} INFO - Filling up the DagBag from /home/airflow/.local/lib/python3.11/site-packages/airflow/example_dags/example_branch_operator.py
[2024-02-26T16:10:25.713+0000] {processor.py:840} INFO - DAG(s) 'example_branch_operator' retrieved from /home/airflow/.local/lib/python3.11/site-packages/airflow/example_dags/example_branch_operator.py
[2024-02-26T16:10:25.739+0000] {logging_mixin.py:188} INFO - [2024-02-26T16:10:25.739+0000] {dag.py:3047} INFO - Sync 1 DAGs
[2024-02-26T16:10:25.754+0000] {logging_mixin.py:188} INFO - [2024-02-26T16:10:25.754+0000] {dag.py:3834} INFO - Setting next_dagrun for example_branch_operator to 2024-02-25 00:00:00+00:00, run_after=2024-02-26 00:00:00+00:00
[2024-02-26T16:10:25.765+0000] {processor.py:183} INFO - Processing /home/airflow/.local/lib/python3.11/site-packages/airflow/example_dags/example_branch_operator.py took 0.076 seconds
[2024-02-26T16:10:55.984+0000] {processor.py:161} INFO - Started process (PID=11121) to work on /home/airflow/.local/lib/python3.11/site-packages/airflow/example_dags/example_branch_operator.py
[2024-02-26T16:10:55.986+0000] {processor.py:830} INFO - Processing file /home/airflow/.local/lib/python3.11/site-packages/airflow/example_dags/example_branch_operator.py for tasks to queue
[2024-02-26T16:10:55.988+0000] {logging_mixin.py:188} INFO - [2024-02-26T16:10:55.988+0000] {dagbag.py:540} INFO - Filling up the DagBag from /home/airflow/.local/lib/python3.11/site-packages/airflow/example_dags/example_branch_operator.py
[2024-02-26T16:10:56.001+0000] {processor.py:840} INFO - DAG(s) 'example_branch_operator' retrieved from /home/airflow/.local/lib/python3.11/site-packages/airflow/example_dags/example_branch_operator.py
[2024-02-26T16:10:56.025+0000] {logging_mixin.py:188} INFO - [2024-02-26T16:10:56.024+0000] {dag.py:3047} INFO - Sync 1 DAGs
[2024-02-26T16:10:56.040+0000] {logging_mixin.py:188} INFO - [2024-02-26T16:10:56.039+0000] {dag.py:3834} INFO - Setting next_dagrun for example_branch_operator to 2024-02-25 00:00:00+00:00, run_after=2024-02-26 00:00:00+00:00
[2024-02-26T16:10:56.050+0000] {processor.py:183} INFO - Processing /home/airflow/.local/lib/python3.11/site-packages/airflow/example_dags/example_branch_operator.py took 0.068 seconds
[2024-02-26T16:11:26.204+0000] {processor.py:161} INFO - Started process (PID=11368) to work on /home/airflow/.local/lib/python3.11/site-packages/airflow/example_dags/example_branch_operator.py
[2024-02-26T16:11:26.206+0000] {processor.py:830} INFO - Processing file /home/airflow/.local/lib/python3.11/site-packages/airflow/example_dags/example_branch_operator.py for tasks to queue
[2024-02-26T16:11:26.208+0000] {logging_mixin.py:188} INFO - [2024-02-26T16:11:26.208+0000] {dagbag.py:540} INFO - Filling up the DagBag from /home/airflow/.local/lib/python3.11/site-packages/airflow/example_dags/example_branch_operator.py
[2024-02-26T16:11:26.222+0000] {processor.py:840} INFO - DAG(s) 'example_branch_operator' retrieved from /home/airflow/.local/lib/python3.11/site-packages/airflow/example_dags/example_branch_operator.py
[2024-02-26T16:11:26.246+0000] {logging_mixin.py:188} INFO - [2024-02-26T16:11:26.246+0000] {dag.py:3047} INFO - Sync 1 DAGs
[2024-02-26T16:11:26.262+0000] {logging_mixin.py:188} INFO - [2024-02-26T16:11:26.262+0000] {dag.py:3834} INFO - Setting next_dagrun for example_branch_operator to 2024-02-25 00:00:00+00:00, run_after=2024-02-26 00:00:00+00:00
[2024-02-26T16:11:26.273+0000] {processor.py:183} INFO - Processing /home/airflow/.local/lib/python3.11/site-packages/airflow/example_dags/example_branch_operator.py took 0.073 seconds
[2024-02-26T16:11:56.462+0000] {processor.py:161} INFO - Started process (PID=11615) to work on /home/airflow/.local/lib/python3.11/site-packages/airflow/example_dags/example_branch_operator.py
[2024-02-26T16:11:56.464+0000] {processor.py:830} INFO - Processing file /home/airflow/.local/lib/python3.11/site-packages/airflow/example_dags/example_branch_operator.py for tasks to queue
[2024-02-26T16:11:56.466+0000] {logging_mixin.py:188} INFO - [2024-02-26T16:11:56.466+0000] {dagbag.py:540} INFO - Filling up the DagBag from /home/airflow/.local/lib/python3.11/site-packages/airflow/example_dags/example_branch_operator.py
[2024-02-26T16:11:56.479+0000] {processor.py:840} INFO - DAG(s) 'example_branch_operator' retrieved from /home/airflow/.local/lib/python3.11/site-packages/airflow/example_dags/example_branch_operator.py
[2024-02-26T16:11:56.502+0000] {logging_mixin.py:188} INFO - [2024-02-26T16:11:56.502+0000] {dag.py:3047} INFO - Sync 1 DAGs
[2024-02-26T16:11:56.516+0000] {logging_mixin.py:188} INFO - [2024-02-26T16:11:56.516+0000] {dag.py:3834} INFO - Setting next_dagrun for example_branch_operator to 2024-02-25 00:00:00+00:00, run_after=2024-02-26 00:00:00+00:00
[2024-02-26T16:11:56.530+0000] {processor.py:183} INFO - Processing /home/airflow/.local/lib/python3.11/site-packages/airflow/example_dags/example_branch_operator.py took 0.071 seconds
[2024-02-26T16:12:26.655+0000] {processor.py:161} INFO - Started process (PID=11862) to work on /home/airflow/.local/lib/python3.11/site-packages/airflow/example_dags/example_branch_operator.py
[2024-02-26T16:12:26.656+0000] {processor.py:830} INFO - Processing file /home/airflow/.local/lib/python3.11/site-packages/airflow/example_dags/example_branch_operator.py for tasks to queue
[2024-02-26T16:12:26.658+0000] {logging_mixin.py:188} INFO - [2024-02-26T16:12:26.657+0000] {dagbag.py:540} INFO - Filling up the DagBag from /home/airflow/.local/lib/python3.11/site-packages/airflow/example_dags/example_branch_operator.py
[2024-02-26T16:12:26.671+0000] {processor.py:840} INFO - DAG(s) 'example_branch_operator' retrieved from /home/airflow/.local/lib/python3.11/site-packages/airflow/example_dags/example_branch_operator.py
[2024-02-26T16:12:26.700+0000] {logging_mixin.py:188} INFO - [2024-02-26T16:12:26.699+0000] {dag.py:3047} INFO - Sync 1 DAGs
[2024-02-26T16:12:26.718+0000] {logging_mixin.py:188} INFO - [2024-02-26T16:12:26.718+0000] {dag.py:3834} INFO - Setting next_dagrun for example_branch_operator to 2024-02-25 00:00:00+00:00, run_after=2024-02-26 00:00:00+00:00
[2024-02-26T16:12:26.730+0000] {processor.py:183} INFO - Processing /home/airflow/.local/lib/python3.11/site-packages/airflow/example_dags/example_branch_operator.py took 0.079 seconds
[2024-02-26T16:12:56.857+0000] {processor.py:161} INFO - Started process (PID=12110) to work on /home/airflow/.local/lib/python3.11/site-packages/airflow/example_dags/example_branch_operator.py
[2024-02-26T16:12:56.863+0000] {processor.py:830} INFO - Processing file /home/airflow/.local/lib/python3.11/site-packages/airflow/example_dags/example_branch_operator.py for tasks to queue
[2024-02-26T16:12:56.865+0000] {logging_mixin.py:188} INFO - [2024-02-26T16:12:56.864+0000] {dagbag.py:540} INFO - Filling up the DagBag from /home/airflow/.local/lib/python3.11/site-packages/airflow/example_dags/example_branch_operator.py
[2024-02-26T16:12:56.878+0000] {processor.py:840} INFO - DAG(s) 'example_branch_operator' retrieved from /home/airflow/.local/lib/python3.11/site-packages/airflow/example_dags/example_branch_operator.py
[2024-02-26T16:12:56.901+0000] {logging_mixin.py:188} INFO - [2024-02-26T16:12:56.901+0000] {dag.py:3047} INFO - Sync 1 DAGs
[2024-02-26T16:12:56.915+0000] {logging_mixin.py:188} INFO - [2024-02-26T16:12:56.915+0000] {dag.py:3834} INFO - Setting next_dagrun for example_branch_operator to 2024-02-25 00:00:00+00:00, run_after=2024-02-26 00:00:00+00:00
[2024-02-26T16:12:56.926+0000] {processor.py:183} INFO - Processing /home/airflow/.local/lib/python3.11/site-packages/airflow/example_dags/example_branch_operator.py took 0.073 seconds
[2024-02-26T16:13:27.032+0000] {processor.py:161} INFO - Started process (PID=12357) to work on /home/airflow/.local/lib/python3.11/site-packages/airflow/example_dags/example_branch_operator.py
[2024-02-26T16:13:27.034+0000] {processor.py:830} INFO - Processing file /home/airflow/.local/lib/python3.11/site-packages/airflow/example_dags/example_branch_operator.py for tasks to queue
[2024-02-26T16:13:27.035+0000] {logging_mixin.py:188} INFO - [2024-02-26T16:13:27.035+0000] {dagbag.py:540} INFO - Filling up the DagBag from /home/airflow/.local/lib/python3.11/site-packages/airflow/example_dags/example_branch_operator.py
[2024-02-26T16:13:27.048+0000] {processor.py:840} INFO - DAG(s) 'example_branch_operator' retrieved from /home/airflow/.local/lib/python3.11/site-packages/airflow/example_dags/example_branch_operator.py
[2024-02-26T16:13:27.073+0000] {logging_mixin.py:188} INFO - [2024-02-26T16:13:27.072+0000] {dag.py:3047} INFO - Sync 1 DAGs
[2024-02-26T16:13:27.090+0000] {logging_mixin.py:188} INFO - [2024-02-26T16:13:27.089+0000] {dag.py:3834} INFO - Setting next_dagrun for example_branch_operator to 2024-02-25 00:00:00+00:00, run_after=2024-02-26 00:00:00+00:00
[2024-02-26T16:13:27.102+0000] {processor.py:183} INFO - Processing /home/airflow/.local/lib/python3.11/site-packages/airflow/example_dags/example_branch_operator.py took 0.073 seconds
[2024-02-26T16:13:57.184+0000] {processor.py:161} INFO - Started process (PID=12605) to work on /home/airflow/.local/lib/python3.11/site-packages/airflow/example_dags/example_branch_operator.py
[2024-02-26T16:13:57.185+0000] {processor.py:830} INFO - Processing file /home/airflow/.local/lib/python3.11/site-packages/airflow/example_dags/example_branch_operator.py for tasks to queue
[2024-02-26T16:13:57.187+0000] {logging_mixin.py:188} INFO - [2024-02-26T16:13:57.186+0000] {dagbag.py:540} INFO - Filling up the DagBag from /home/airflow/.local/lib/python3.11/site-packages/airflow/example_dags/example_branch_operator.py
[2024-02-26T16:13:57.200+0000] {processor.py:840} INFO - DAG(s) 'example_branch_operator' retrieved from /home/airflow/.local/lib/python3.11/site-packages/airflow/example_dags/example_branch_operator.py
[2024-02-26T16:13:57.223+0000] {logging_mixin.py:188} INFO - [2024-02-26T16:13:57.223+0000] {dag.py:3047} INFO - Sync 1 DAGs
[2024-02-26T16:13:57.241+0000] {logging_mixin.py:188} INFO - [2024-02-26T16:13:57.241+0000] {dag.py:3834} INFO - Setting next_dagrun for example_branch_operator to 2024-02-25 00:00:00+00:00, run_after=2024-02-26 00:00:00+00:00
[2024-02-26T16:13:57.255+0000] {processor.py:183} INFO - Processing /home/airflow/.local/lib/python3.11/site-packages/airflow/example_dags/example_branch_operator.py took 0.075 seconds
[2024-02-26T16:14:27.496+0000] {processor.py:161} INFO - Started process (PID=12851) to work on /home/airflow/.local/lib/python3.11/site-packages/airflow/example_dags/example_branch_operator.py
[2024-02-26T16:14:27.503+0000] {processor.py:830} INFO - Processing file /home/airflow/.local/lib/python3.11/site-packages/airflow/example_dags/example_branch_operator.py for tasks to queue
[2024-02-26T16:14:27.505+0000] {logging_mixin.py:188} INFO - [2024-02-26T16:14:27.504+0000] {dagbag.py:540} INFO - Filling up the DagBag from /home/airflow/.local/lib/python3.11/site-packages/airflow/example_dags/example_branch_operator.py
[2024-02-26T16:14:27.518+0000] {processor.py:840} INFO - DAG(s) 'example_branch_operator' retrieved from /home/airflow/.local/lib/python3.11/site-packages/airflow/example_dags/example_branch_operator.py
[2024-02-26T16:14:27.543+0000] {logging_mixin.py:188} INFO - [2024-02-26T16:14:27.543+0000] {dag.py:3047} INFO - Sync 1 DAGs
[2024-02-26T16:14:27.559+0000] {logging_mixin.py:188} INFO - [2024-02-26T16:14:27.558+0000] {dag.py:3834} INFO - Setting next_dagrun for example_branch_operator to 2024-02-25 00:00:00+00:00, run_after=2024-02-26 00:00:00+00:00
[2024-02-26T16:14:27.570+0000] {processor.py:183} INFO - Processing /home/airflow/.local/lib/python3.11/site-packages/airflow/example_dags/example_branch_operator.py took 0.077 seconds
