[2024-02-26T15:48:35.864+0000] {processor.py:161} INFO - Started process (PID=339) to work on /home/airflow/.local/lib/python3.11/site-packages/airflow/example_dags/example_nested_branch_dag.py
[2024-02-26T15:48:35.866+0000] {processor.py:830} INFO - Processing file /home/airflow/.local/lib/python3.11/site-packages/airflow/example_dags/example_nested_branch_dag.py for tasks to queue
[2024-02-26T15:48:35.867+0000] {logging_mixin.py:188} INFO - [2024-02-26T15:48:35.867+0000] {dagbag.py:540} INFO - Filling up the DagBag from /home/airflow/.local/lib/python3.11/site-packages/airflow/example_dags/example_nested_branch_dag.py
[2024-02-26T15:48:35.878+0000] {processor.py:840} INFO - DAG(s) 'example_nested_branch_dag' retrieved from /home/airflow/.local/lib/python3.11/site-packages/airflow/example_dags/example_nested_branch_dag.py
[2024-02-26T15:48:35.895+0000] {logging_mixin.py:188} INFO - [2024-02-26T15:48:35.895+0000] {dag.py:3047} INFO - Sync 1 DAGs
[2024-02-26T15:48:35.914+0000] {logging_mixin.py:188} INFO - [2024-02-26T15:48:35.914+0000] {dag.py:3834} INFO - Setting next_dagrun for example_nested_branch_dag to 2024-02-25 00:00:00+00:00, run_after=2024-02-26 00:00:00+00:00
[2024-02-26T15:48:35.960+0000] {processor.py:183} INFO - Processing /home/airflow/.local/lib/python3.11/site-packages/airflow/example_dags/example_nested_branch_dag.py took 0.099 seconds
[2024-02-26T15:49:06.759+0000] {processor.py:161} INFO - Started process (PID=586) to work on /home/airflow/.local/lib/python3.11/site-packages/airflow/example_dags/example_nested_branch_dag.py
[2024-02-26T15:49:06.762+0000] {processor.py:830} INFO - Processing file /home/airflow/.local/lib/python3.11/site-packages/airflow/example_dags/example_nested_branch_dag.py for tasks to queue
[2024-02-26T15:49:06.764+0000] {logging_mixin.py:188} INFO - [2024-02-26T15:49:06.764+0000] {dagbag.py:540} INFO - Filling up the DagBag from /home/airflow/.local/lib/python3.11/site-packages/airflow/example_dags/example_nested_branch_dag.py
[2024-02-26T15:49:06.775+0000] {processor.py:840} INFO - DAG(s) 'example_nested_branch_dag' retrieved from /home/airflow/.local/lib/python3.11/site-packages/airflow/example_dags/example_nested_branch_dag.py
[2024-02-26T15:49:06.841+0000] {logging_mixin.py:188} INFO - [2024-02-26T15:49:06.841+0000] {dag.py:3047} INFO - Sync 1 DAGs
[2024-02-26T15:49:06.853+0000] {logging_mixin.py:188} INFO - [2024-02-26T15:49:06.853+0000] {dag.py:3834} INFO - Setting next_dagrun for example_nested_branch_dag to 2024-02-25 00:00:00+00:00, run_after=2024-02-26 00:00:00+00:00
[2024-02-26T15:49:06.869+0000] {processor.py:183} INFO - Processing /home/airflow/.local/lib/python3.11/site-packages/airflow/example_dags/example_nested_branch_dag.py took 0.115 seconds
[2024-02-26T15:49:37.607+0000] {processor.py:161} INFO - Started process (PID=833) to work on /home/airflow/.local/lib/python3.11/site-packages/airflow/example_dags/example_nested_branch_dag.py
[2024-02-26T15:49:37.609+0000] {processor.py:830} INFO - Processing file /home/airflow/.local/lib/python3.11/site-packages/airflow/example_dags/example_nested_branch_dag.py for tasks to queue
[2024-02-26T15:49:37.611+0000] {logging_mixin.py:188} INFO - [2024-02-26T15:49:37.610+0000] {dagbag.py:540} INFO - Filling up the DagBag from /home/airflow/.local/lib/python3.11/site-packages/airflow/example_dags/example_nested_branch_dag.py
[2024-02-26T15:49:37.621+0000] {processor.py:840} INFO - DAG(s) 'example_nested_branch_dag' retrieved from /home/airflow/.local/lib/python3.11/site-packages/airflow/example_dags/example_nested_branch_dag.py
[2024-02-26T15:49:37.640+0000] {logging_mixin.py:188} INFO - [2024-02-26T15:49:37.640+0000] {dag.py:3047} INFO - Sync 1 DAGs
[2024-02-26T15:49:37.655+0000] {logging_mixin.py:188} INFO - [2024-02-26T15:49:37.654+0000] {dag.py:3834} INFO - Setting next_dagrun for example_nested_branch_dag to 2024-02-25 00:00:00+00:00, run_after=2024-02-26 00:00:00+00:00
[2024-02-26T15:49:37.667+0000] {processor.py:183} INFO - Processing /home/airflow/.local/lib/python3.11/site-packages/airflow/example_dags/example_nested_branch_dag.py took 0.065 seconds
[2024-02-26T15:50:08.384+0000] {processor.py:161} INFO - Started process (PID=1081) to work on /home/airflow/.local/lib/python3.11/site-packages/airflow/example_dags/example_nested_branch_dag.py
[2024-02-26T15:50:08.386+0000] {processor.py:830} INFO - Processing file /home/airflow/.local/lib/python3.11/site-packages/airflow/example_dags/example_nested_branch_dag.py for tasks to queue
[2024-02-26T15:50:08.388+0000] {logging_mixin.py:188} INFO - [2024-02-26T15:50:08.388+0000] {dagbag.py:540} INFO - Filling up the DagBag from /home/airflow/.local/lib/python3.11/site-packages/airflow/example_dags/example_nested_branch_dag.py
[2024-02-26T15:50:08.399+0000] {processor.py:840} INFO - DAG(s) 'example_nested_branch_dag' retrieved from /home/airflow/.local/lib/python3.11/site-packages/airflow/example_dags/example_nested_branch_dag.py
[2024-02-26T15:50:08.417+0000] {logging_mixin.py:188} INFO - [2024-02-26T15:50:08.417+0000] {dag.py:3047} INFO - Sync 1 DAGs
[2024-02-26T15:50:08.431+0000] {logging_mixin.py:188} INFO - [2024-02-26T15:50:08.431+0000] {dag.py:3834} INFO - Setting next_dagrun for example_nested_branch_dag to 2024-02-25 00:00:00+00:00, run_after=2024-02-26 00:00:00+00:00
[2024-02-26T15:50:08.443+0000] {processor.py:183} INFO - Processing /home/airflow/.local/lib/python3.11/site-packages/airflow/example_dags/example_nested_branch_dag.py took 0.062 seconds
[2024-02-26T15:50:38.715+0000] {processor.py:161} INFO - Started process (PID=1327) to work on /home/airflow/.local/lib/python3.11/site-packages/airflow/example_dags/example_nested_branch_dag.py
[2024-02-26T15:50:38.718+0000] {processor.py:830} INFO - Processing file /home/airflow/.local/lib/python3.11/site-packages/airflow/example_dags/example_nested_branch_dag.py for tasks to queue
[2024-02-26T15:50:38.720+0000] {logging_mixin.py:188} INFO - [2024-02-26T15:50:38.719+0000] {dagbag.py:540} INFO - Filling up the DagBag from /home/airflow/.local/lib/python3.11/site-packages/airflow/example_dags/example_nested_branch_dag.py
[2024-02-26T15:50:38.741+0000] {processor.py:840} INFO - DAG(s) 'example_nested_branch_dag' retrieved from /home/airflow/.local/lib/python3.11/site-packages/airflow/example_dags/example_nested_branch_dag.py
[2024-02-26T15:50:38.768+0000] {logging_mixin.py:188} INFO - [2024-02-26T15:50:38.767+0000] {dag.py:3047} INFO - Sync 1 DAGs
[2024-02-26T15:50:38.782+0000] {logging_mixin.py:188} INFO - [2024-02-26T15:50:38.781+0000] {dag.py:3834} INFO - Setting next_dagrun for example_nested_branch_dag to 2024-02-25 00:00:00+00:00, run_after=2024-02-26 00:00:00+00:00
[2024-02-26T15:50:38.796+0000] {processor.py:183} INFO - Processing /home/airflow/.local/lib/python3.11/site-packages/airflow/example_dags/example_nested_branch_dag.py took 0.086 seconds
[2024-02-26T15:51:09.420+0000] {processor.py:161} INFO - Started process (PID=1574) to work on /home/airflow/.local/lib/python3.11/site-packages/airflow/example_dags/example_nested_branch_dag.py
[2024-02-26T15:51:09.422+0000] {processor.py:830} INFO - Processing file /home/airflow/.local/lib/python3.11/site-packages/airflow/example_dags/example_nested_branch_dag.py for tasks to queue
[2024-02-26T15:51:09.424+0000] {logging_mixin.py:188} INFO - [2024-02-26T15:51:09.424+0000] {dagbag.py:540} INFO - Filling up the DagBag from /home/airflow/.local/lib/python3.11/site-packages/airflow/example_dags/example_nested_branch_dag.py
[2024-02-26T15:51:09.439+0000] {processor.py:840} INFO - DAG(s) 'example_nested_branch_dag' retrieved from /home/airflow/.local/lib/python3.11/site-packages/airflow/example_dags/example_nested_branch_dag.py
[2024-02-26T15:51:09.463+0000] {logging_mixin.py:188} INFO - [2024-02-26T15:51:09.462+0000] {dag.py:3047} INFO - Sync 1 DAGs
[2024-02-26T15:51:09.480+0000] {logging_mixin.py:188} INFO - [2024-02-26T15:51:09.480+0000] {dag.py:3834} INFO - Setting next_dagrun for example_nested_branch_dag to 2024-02-25 00:00:00+00:00, run_after=2024-02-26 00:00:00+00:00
[2024-02-26T15:51:09.501+0000] {processor.py:183} INFO - Processing /home/airflow/.local/lib/python3.11/site-packages/airflow/example_dags/example_nested_branch_dag.py took 0.087 seconds
[2024-02-26T15:51:40.339+0000] {processor.py:161} INFO - Started process (PID=1821) to work on /home/airflow/.local/lib/python3.11/site-packages/airflow/example_dags/example_nested_branch_dag.py
[2024-02-26T15:51:40.342+0000] {processor.py:830} INFO - Processing file /home/airflow/.local/lib/python3.11/site-packages/airflow/example_dags/example_nested_branch_dag.py for tasks to queue
[2024-02-26T15:51:40.344+0000] {logging_mixin.py:188} INFO - [2024-02-26T15:51:40.344+0000] {dagbag.py:540} INFO - Filling up the DagBag from /home/airflow/.local/lib/python3.11/site-packages/airflow/example_dags/example_nested_branch_dag.py
[2024-02-26T15:51:40.354+0000] {processor.py:840} INFO - DAG(s) 'example_nested_branch_dag' retrieved from /home/airflow/.local/lib/python3.11/site-packages/airflow/example_dags/example_nested_branch_dag.py
[2024-02-26T15:51:40.374+0000] {logging_mixin.py:188} INFO - [2024-02-26T15:51:40.374+0000] {dag.py:3047} INFO - Sync 1 DAGs
[2024-02-26T15:51:40.389+0000] {logging_mixin.py:188} INFO - [2024-02-26T15:51:40.388+0000] {dag.py:3834} INFO - Setting next_dagrun for example_nested_branch_dag to 2024-02-25 00:00:00+00:00, run_after=2024-02-26 00:00:00+00:00
[2024-02-26T15:51:40.403+0000] {processor.py:183} INFO - Processing /home/airflow/.local/lib/python3.11/site-packages/airflow/example_dags/example_nested_branch_dag.py took 0.069 seconds
[2024-02-26T15:52:11.203+0000] {processor.py:161} INFO - Started process (PID=2114) to work on /home/airflow/.local/lib/python3.11/site-packages/airflow/example_dags/example_nested_branch_dag.py
[2024-02-26T15:52:11.208+0000] {processor.py:830} INFO - Processing file /home/airflow/.local/lib/python3.11/site-packages/airflow/example_dags/example_nested_branch_dag.py for tasks to queue
[2024-02-26T15:52:11.212+0000] {logging_mixin.py:188} INFO - [2024-02-26T15:52:11.211+0000] {dagbag.py:540} INFO - Filling up the DagBag from /home/airflow/.local/lib/python3.11/site-packages/airflow/example_dags/example_nested_branch_dag.py
[2024-02-26T15:52:11.240+0000] {processor.py:840} INFO - DAG(s) 'example_nested_branch_dag' retrieved from /home/airflow/.local/lib/python3.11/site-packages/airflow/example_dags/example_nested_branch_dag.py
[2024-02-26T15:52:11.271+0000] {logging_mixin.py:188} INFO - [2024-02-26T15:52:11.271+0000] {dag.py:3047} INFO - Sync 1 DAGs
[2024-02-26T15:52:11.302+0000] {logging_mixin.py:188} INFO - [2024-02-26T15:52:11.302+0000] {dag.py:3834} INFO - Setting next_dagrun for example_nested_branch_dag to 2024-02-25 00:00:00+00:00, run_after=2024-02-26 00:00:00+00:00
[2024-02-26T15:52:11.324+0000] {processor.py:183} INFO - Processing /home/airflow/.local/lib/python3.11/site-packages/airflow/example_dags/example_nested_branch_dag.py took 0.128 seconds
[2024-02-26T15:52:41.612+0000] {processor.py:161} INFO - Started process (PID=2387) to work on /home/airflow/.local/lib/python3.11/site-packages/airflow/example_dags/example_nested_branch_dag.py
[2024-02-26T15:52:41.614+0000] {processor.py:830} INFO - Processing file /home/airflow/.local/lib/python3.11/site-packages/airflow/example_dags/example_nested_branch_dag.py for tasks to queue
[2024-02-26T15:52:41.616+0000] {logging_mixin.py:188} INFO - [2024-02-26T15:52:41.616+0000] {dagbag.py:540} INFO - Filling up the DagBag from /home/airflow/.local/lib/python3.11/site-packages/airflow/example_dags/example_nested_branch_dag.py
[2024-02-26T15:52:41.627+0000] {processor.py:840} INFO - DAG(s) 'example_nested_branch_dag' retrieved from /home/airflow/.local/lib/python3.11/site-packages/airflow/example_dags/example_nested_branch_dag.py
[2024-02-26T15:52:41.647+0000] {logging_mixin.py:188} INFO - [2024-02-26T15:52:41.647+0000] {dag.py:3047} INFO - Sync 1 DAGs
[2024-02-26T15:52:41.662+0000] {logging_mixin.py:188} INFO - [2024-02-26T15:52:41.662+0000] {dag.py:3834} INFO - Setting next_dagrun for example_nested_branch_dag to 2024-02-25 00:00:00+00:00, run_after=2024-02-26 00:00:00+00:00
[2024-02-26T15:52:41.675+0000] {processor.py:183} INFO - Processing /home/airflow/.local/lib/python3.11/site-packages/airflow/example_dags/example_nested_branch_dag.py took 0.066 seconds
[2024-02-26T15:53:12.376+0000] {processor.py:161} INFO - Started process (PID=2634) to work on /home/airflow/.local/lib/python3.11/site-packages/airflow/example_dags/example_nested_branch_dag.py
[2024-02-26T15:53:12.379+0000] {processor.py:830} INFO - Processing file /home/airflow/.local/lib/python3.11/site-packages/airflow/example_dags/example_nested_branch_dag.py for tasks to queue
[2024-02-26T15:53:12.381+0000] {logging_mixin.py:188} INFO - [2024-02-26T15:53:12.381+0000] {dagbag.py:540} INFO - Filling up the DagBag from /home/airflow/.local/lib/python3.11/site-packages/airflow/example_dags/example_nested_branch_dag.py
[2024-02-26T15:53:12.395+0000] {processor.py:840} INFO - DAG(s) 'example_nested_branch_dag' retrieved from /home/airflow/.local/lib/python3.11/site-packages/airflow/example_dags/example_nested_branch_dag.py
[2024-02-26T15:53:12.418+0000] {logging_mixin.py:188} INFO - [2024-02-26T15:53:12.417+0000] {dag.py:3047} INFO - Sync 1 DAGs
[2024-02-26T15:53:12.435+0000] {logging_mixin.py:188} INFO - [2024-02-26T15:53:12.434+0000] {dag.py:3834} INFO - Setting next_dagrun for example_nested_branch_dag to 2024-02-25 00:00:00+00:00, run_after=2024-02-26 00:00:00+00:00
[2024-02-26T15:53:12.450+0000] {processor.py:183} INFO - Processing /home/airflow/.local/lib/python3.11/site-packages/airflow/example_dags/example_nested_branch_dag.py took 0.080 seconds
[2024-02-26T15:53:43.192+0000] {processor.py:161} INFO - Started process (PID=2881) to work on /home/airflow/.local/lib/python3.11/site-packages/airflow/example_dags/example_nested_branch_dag.py
[2024-02-26T15:53:43.194+0000] {processor.py:830} INFO - Processing file /home/airflow/.local/lib/python3.11/site-packages/airflow/example_dags/example_nested_branch_dag.py for tasks to queue
[2024-02-26T15:53:43.196+0000] {logging_mixin.py:188} INFO - [2024-02-26T15:53:43.195+0000] {dagbag.py:540} INFO - Filling up the DagBag from /home/airflow/.local/lib/python3.11/site-packages/airflow/example_dags/example_nested_branch_dag.py
[2024-02-26T15:53:43.207+0000] {processor.py:840} INFO - DAG(s) 'example_nested_branch_dag' retrieved from /home/airflow/.local/lib/python3.11/site-packages/airflow/example_dags/example_nested_branch_dag.py
[2024-02-26T15:53:43.227+0000] {logging_mixin.py:188} INFO - [2024-02-26T15:53:43.226+0000] {dag.py:3047} INFO - Sync 1 DAGs
[2024-02-26T15:53:43.240+0000] {logging_mixin.py:188} INFO - [2024-02-26T15:53:43.240+0000] {dag.py:3834} INFO - Setting next_dagrun for example_nested_branch_dag to 2024-02-25 00:00:00+00:00, run_after=2024-02-26 00:00:00+00:00
[2024-02-26T15:53:43.251+0000] {processor.py:183} INFO - Processing /home/airflow/.local/lib/python3.11/site-packages/airflow/example_dags/example_nested_branch_dag.py took 0.063 seconds
[2024-02-26T15:54:13.965+0000] {processor.py:161} INFO - Started process (PID=3128) to work on /home/airflow/.local/lib/python3.11/site-packages/airflow/example_dags/example_nested_branch_dag.py
[2024-02-26T15:54:13.967+0000] {processor.py:830} INFO - Processing file /home/airflow/.local/lib/python3.11/site-packages/airflow/example_dags/example_nested_branch_dag.py for tasks to queue
[2024-02-26T15:54:13.968+0000] {logging_mixin.py:188} INFO - [2024-02-26T15:54:13.968+0000] {dagbag.py:540} INFO - Filling up the DagBag from /home/airflow/.local/lib/python3.11/site-packages/airflow/example_dags/example_nested_branch_dag.py
[2024-02-26T15:54:13.981+0000] {processor.py:840} INFO - DAG(s) 'example_nested_branch_dag' retrieved from /home/airflow/.local/lib/python3.11/site-packages/airflow/example_dags/example_nested_branch_dag.py
[2024-02-26T15:54:14.005+0000] {logging_mixin.py:188} INFO - [2024-02-26T15:54:14.005+0000] {dag.py:3047} INFO - Sync 1 DAGs
[2024-02-26T15:54:14.019+0000] {logging_mixin.py:188} INFO - [2024-02-26T15:54:14.018+0000] {dag.py:3834} INFO - Setting next_dagrun for example_nested_branch_dag to 2024-02-25 00:00:00+00:00, run_after=2024-02-26 00:00:00+00:00
[2024-02-26T15:54:14.031+0000] {processor.py:183} INFO - Processing /home/airflow/.local/lib/python3.11/site-packages/airflow/example_dags/example_nested_branch_dag.py took 0.070 seconds
[2024-02-26T15:54:44.919+0000] {processor.py:161} INFO - Started process (PID=3375) to work on /home/airflow/.local/lib/python3.11/site-packages/airflow/example_dags/example_nested_branch_dag.py
[2024-02-26T15:54:44.922+0000] {processor.py:830} INFO - Processing file /home/airflow/.local/lib/python3.11/site-packages/airflow/example_dags/example_nested_branch_dag.py for tasks to queue
[2024-02-26T15:54:44.923+0000] {logging_mixin.py:188} INFO - [2024-02-26T15:54:44.923+0000] {dagbag.py:540} INFO - Filling up the DagBag from /home/airflow/.local/lib/python3.11/site-packages/airflow/example_dags/example_nested_branch_dag.py
[2024-02-26T15:54:44.935+0000] {processor.py:840} INFO - DAG(s) 'example_nested_branch_dag' retrieved from /home/airflow/.local/lib/python3.11/site-packages/airflow/example_dags/example_nested_branch_dag.py
[2024-02-26T15:54:44.957+0000] {logging_mixin.py:188} INFO - [2024-02-26T15:54:44.957+0000] {dag.py:3047} INFO - Sync 1 DAGs
[2024-02-26T15:54:44.971+0000] {logging_mixin.py:188} INFO - [2024-02-26T15:54:44.970+0000] {dag.py:3834} INFO - Setting next_dagrun for example_nested_branch_dag to 2024-02-25 00:00:00+00:00, run_after=2024-02-26 00:00:00+00:00
[2024-02-26T15:54:44.983+0000] {processor.py:183} INFO - Processing /home/airflow/.local/lib/python3.11/site-packages/airflow/example_dags/example_nested_branch_dag.py took 0.067 seconds
[2024-02-26T15:55:15.858+0000] {processor.py:161} INFO - Started process (PID=3621) to work on /home/airflow/.local/lib/python3.11/site-packages/airflow/example_dags/example_nested_branch_dag.py
[2024-02-26T15:55:15.861+0000] {processor.py:830} INFO - Processing file /home/airflow/.local/lib/python3.11/site-packages/airflow/example_dags/example_nested_branch_dag.py for tasks to queue
[2024-02-26T15:55:15.863+0000] {logging_mixin.py:188} INFO - [2024-02-26T15:55:15.863+0000] {dagbag.py:540} INFO - Filling up the DagBag from /home/airflow/.local/lib/python3.11/site-packages/airflow/example_dags/example_nested_branch_dag.py
[2024-02-26T15:55:15.883+0000] {processor.py:840} INFO - DAG(s) 'example_nested_branch_dag' retrieved from /home/airflow/.local/lib/python3.11/site-packages/airflow/example_dags/example_nested_branch_dag.py
[2024-02-26T15:55:15.903+0000] {logging_mixin.py:188} INFO - [2024-02-26T15:55:15.903+0000] {dag.py:3047} INFO - Sync 1 DAGs
[2024-02-26T15:55:15.918+0000] {logging_mixin.py:188} INFO - [2024-02-26T15:55:15.918+0000] {dag.py:3834} INFO - Setting next_dagrun for example_nested_branch_dag to 2024-02-25 00:00:00+00:00, run_after=2024-02-26 00:00:00+00:00
[2024-02-26T15:55:15.931+0000] {processor.py:183} INFO - Processing /home/airflow/.local/lib/python3.11/site-packages/airflow/example_dags/example_nested_branch_dag.py took 0.077 seconds
[2024-02-26T15:55:46.035+0000] {processor.py:161} INFO - Started process (PID=3868) to work on /home/airflow/.local/lib/python3.11/site-packages/airflow/example_dags/example_nested_branch_dag.py
[2024-02-26T15:55:46.037+0000] {processor.py:830} INFO - Processing file /home/airflow/.local/lib/python3.11/site-packages/airflow/example_dags/example_nested_branch_dag.py for tasks to queue
[2024-02-26T15:55:46.041+0000] {logging_mixin.py:188} INFO - [2024-02-26T15:55:46.040+0000] {dagbag.py:540} INFO - Filling up the DagBag from /home/airflow/.local/lib/python3.11/site-packages/airflow/example_dags/example_nested_branch_dag.py
[2024-02-26T15:55:46.056+0000] {processor.py:840} INFO - DAG(s) 'example_nested_branch_dag' retrieved from /home/airflow/.local/lib/python3.11/site-packages/airflow/example_dags/example_nested_branch_dag.py
[2024-02-26T15:55:46.087+0000] {logging_mixin.py:188} INFO - [2024-02-26T15:55:46.087+0000] {dag.py:3047} INFO - Sync 1 DAGs
[2024-02-26T15:55:46.115+0000] {logging_mixin.py:188} INFO - [2024-02-26T15:55:46.114+0000] {dag.py:3834} INFO - Setting next_dagrun for example_nested_branch_dag to 2024-02-25 00:00:00+00:00, run_after=2024-02-26 00:00:00+00:00
[2024-02-26T15:55:46.130+0000] {processor.py:183} INFO - Processing /home/airflow/.local/lib/python3.11/site-packages/airflow/example_dags/example_nested_branch_dag.py took 0.099 seconds
[2024-02-26T15:56:16.219+0000] {processor.py:161} INFO - Started process (PID=4117) to work on /home/airflow/.local/lib/python3.11/site-packages/airflow/example_dags/example_nested_branch_dag.py
[2024-02-26T15:56:16.222+0000] {processor.py:830} INFO - Processing file /home/airflow/.local/lib/python3.11/site-packages/airflow/example_dags/example_nested_branch_dag.py for tasks to queue
[2024-02-26T15:56:16.226+0000] {logging_mixin.py:188} INFO - [2024-02-26T15:56:16.226+0000] {dagbag.py:540} INFO - Filling up the DagBag from /home/airflow/.local/lib/python3.11/site-packages/airflow/example_dags/example_nested_branch_dag.py
[2024-02-26T15:56:16.237+0000] {processor.py:840} INFO - DAG(s) 'example_nested_branch_dag' retrieved from /home/airflow/.local/lib/python3.11/site-packages/airflow/example_dags/example_nested_branch_dag.py
[2024-02-26T15:56:16.260+0000] {logging_mixin.py:188} INFO - [2024-02-26T15:56:16.259+0000] {dag.py:3047} INFO - Sync 1 DAGs
[2024-02-26T15:56:16.274+0000] {logging_mixin.py:188} INFO - [2024-02-26T15:56:16.274+0000] {dag.py:3834} INFO - Setting next_dagrun for example_nested_branch_dag to 2024-02-25 00:00:00+00:00, run_after=2024-02-26 00:00:00+00:00
[2024-02-26T15:56:16.285+0000] {processor.py:183} INFO - Processing /home/airflow/.local/lib/python3.11/site-packages/airflow/example_dags/example_nested_branch_dag.py took 0.072 seconds
[2024-02-26T15:56:46.639+0000] {processor.py:161} INFO - Started process (PID=4363) to work on /home/airflow/.local/lib/python3.11/site-packages/airflow/example_dags/example_nested_branch_dag.py
[2024-02-26T15:56:46.642+0000] {processor.py:830} INFO - Processing file /home/airflow/.local/lib/python3.11/site-packages/airflow/example_dags/example_nested_branch_dag.py for tasks to queue
[2024-02-26T15:56:46.644+0000] {logging_mixin.py:188} INFO - [2024-02-26T15:56:46.643+0000] {dagbag.py:540} INFO - Filling up the DagBag from /home/airflow/.local/lib/python3.11/site-packages/airflow/example_dags/example_nested_branch_dag.py
[2024-02-26T15:56:46.653+0000] {processor.py:840} INFO - DAG(s) 'example_nested_branch_dag' retrieved from /home/airflow/.local/lib/python3.11/site-packages/airflow/example_dags/example_nested_branch_dag.py
[2024-02-26T15:56:46.676+0000] {logging_mixin.py:188} INFO - [2024-02-26T15:56:46.676+0000] {dag.py:3047} INFO - Sync 1 DAGs
[2024-02-26T15:56:46.692+0000] {logging_mixin.py:188} INFO - [2024-02-26T15:56:46.692+0000] {dag.py:3834} INFO - Setting next_dagrun for example_nested_branch_dag to 2024-02-25 00:00:00+00:00, run_after=2024-02-26 00:00:00+00:00
[2024-02-26T15:56:46.711+0000] {processor.py:183} INFO - Processing /home/airflow/.local/lib/python3.11/site-packages/airflow/example_dags/example_nested_branch_dag.py took 0.075 seconds
[2024-02-26T15:57:16.983+0000] {processor.py:161} INFO - Started process (PID=4610) to work on /home/airflow/.local/lib/python3.11/site-packages/airflow/example_dags/example_nested_branch_dag.py
[2024-02-26T15:57:16.985+0000] {processor.py:830} INFO - Processing file /home/airflow/.local/lib/python3.11/site-packages/airflow/example_dags/example_nested_branch_dag.py for tasks to queue
[2024-02-26T15:57:16.986+0000] {logging_mixin.py:188} INFO - [2024-02-26T15:57:16.986+0000] {dagbag.py:540} INFO - Filling up the DagBag from /home/airflow/.local/lib/python3.11/site-packages/airflow/example_dags/example_nested_branch_dag.py
[2024-02-26T15:57:16.997+0000] {processor.py:840} INFO - DAG(s) 'example_nested_branch_dag' retrieved from /home/airflow/.local/lib/python3.11/site-packages/airflow/example_dags/example_nested_branch_dag.py
[2024-02-26T15:57:17.024+0000] {logging_mixin.py:188} INFO - [2024-02-26T15:57:17.024+0000] {dag.py:3047} INFO - Sync 1 DAGs
[2024-02-26T15:57:17.044+0000] {logging_mixin.py:188} INFO - [2024-02-26T15:57:17.044+0000] {dag.py:3834} INFO - Setting next_dagrun for example_nested_branch_dag to 2024-02-25 00:00:00+00:00, run_after=2024-02-26 00:00:00+00:00
[2024-02-26T15:57:17.059+0000] {processor.py:183} INFO - Processing /home/airflow/.local/lib/python3.11/site-packages/airflow/example_dags/example_nested_branch_dag.py took 0.080 seconds
[2024-02-26T15:57:47.253+0000] {processor.py:161} INFO - Started process (PID=4857) to work on /home/airflow/.local/lib/python3.11/site-packages/airflow/example_dags/example_nested_branch_dag.py
[2024-02-26T15:57:47.256+0000] {processor.py:830} INFO - Processing file /home/airflow/.local/lib/python3.11/site-packages/airflow/example_dags/example_nested_branch_dag.py for tasks to queue
[2024-02-26T15:57:47.257+0000] {logging_mixin.py:188} INFO - [2024-02-26T15:57:47.257+0000] {dagbag.py:540} INFO - Filling up the DagBag from /home/airflow/.local/lib/python3.11/site-packages/airflow/example_dags/example_nested_branch_dag.py
[2024-02-26T15:57:47.267+0000] {processor.py:840} INFO - DAG(s) 'example_nested_branch_dag' retrieved from /home/airflow/.local/lib/python3.11/site-packages/airflow/example_dags/example_nested_branch_dag.py
[2024-02-26T15:57:47.293+0000] {logging_mixin.py:188} INFO - [2024-02-26T15:57:47.293+0000] {dag.py:3047} INFO - Sync 1 DAGs
[2024-02-26T15:57:47.313+0000] {logging_mixin.py:188} INFO - [2024-02-26T15:57:47.313+0000] {dag.py:3834} INFO - Setting next_dagrun for example_nested_branch_dag to 2024-02-25 00:00:00+00:00, run_after=2024-02-26 00:00:00+00:00
[2024-02-26T15:57:47.328+0000] {processor.py:183} INFO - Processing /home/airflow/.local/lib/python3.11/site-packages/airflow/example_dags/example_nested_branch_dag.py took 0.078 seconds
[2024-02-26T15:58:17.535+0000] {processor.py:161} INFO - Started process (PID=5104) to work on /home/airflow/.local/lib/python3.11/site-packages/airflow/example_dags/example_nested_branch_dag.py
[2024-02-26T15:58:17.537+0000] {processor.py:830} INFO - Processing file /home/airflow/.local/lib/python3.11/site-packages/airflow/example_dags/example_nested_branch_dag.py for tasks to queue
[2024-02-26T15:58:17.539+0000] {logging_mixin.py:188} INFO - [2024-02-26T15:58:17.539+0000] {dagbag.py:540} INFO - Filling up the DagBag from /home/airflow/.local/lib/python3.11/site-packages/airflow/example_dags/example_nested_branch_dag.py
[2024-02-26T15:58:17.549+0000] {processor.py:840} INFO - DAG(s) 'example_nested_branch_dag' retrieved from /home/airflow/.local/lib/python3.11/site-packages/airflow/example_dags/example_nested_branch_dag.py
[2024-02-26T15:58:17.574+0000] {logging_mixin.py:188} INFO - [2024-02-26T15:58:17.574+0000] {dag.py:3047} INFO - Sync 1 DAGs
[2024-02-26T15:58:17.593+0000] {logging_mixin.py:188} INFO - [2024-02-26T15:58:17.593+0000] {dag.py:3834} INFO - Setting next_dagrun for example_nested_branch_dag to 2024-02-25 00:00:00+00:00, run_after=2024-02-26 00:00:00+00:00
[2024-02-26T15:58:17.609+0000] {processor.py:183} INFO - Processing /home/airflow/.local/lib/python3.11/site-packages/airflow/example_dags/example_nested_branch_dag.py took 0.078 seconds
[2024-02-26T15:58:47.862+0000] {processor.py:161} INFO - Started process (PID=5352) to work on /home/airflow/.local/lib/python3.11/site-packages/airflow/example_dags/example_nested_branch_dag.py
[2024-02-26T15:58:47.864+0000] {processor.py:830} INFO - Processing file /home/airflow/.local/lib/python3.11/site-packages/airflow/example_dags/example_nested_branch_dag.py for tasks to queue
[2024-02-26T15:58:47.865+0000] {logging_mixin.py:188} INFO - [2024-02-26T15:58:47.865+0000] {dagbag.py:540} INFO - Filling up the DagBag from /home/airflow/.local/lib/python3.11/site-packages/airflow/example_dags/example_nested_branch_dag.py
[2024-02-26T15:58:47.876+0000] {processor.py:840} INFO - DAG(s) 'example_nested_branch_dag' retrieved from /home/airflow/.local/lib/python3.11/site-packages/airflow/example_dags/example_nested_branch_dag.py
[2024-02-26T15:58:47.900+0000] {logging_mixin.py:188} INFO - [2024-02-26T15:58:47.900+0000] {dag.py:3047} INFO - Sync 1 DAGs
[2024-02-26T15:58:47.920+0000] {logging_mixin.py:188} INFO - [2024-02-26T15:58:47.920+0000] {dag.py:3834} INFO - Setting next_dagrun for example_nested_branch_dag to 2024-02-25 00:00:00+00:00, run_after=2024-02-26 00:00:00+00:00
[2024-02-26T15:58:47.934+0000] {processor.py:183} INFO - Processing /home/airflow/.local/lib/python3.11/site-packages/airflow/example_dags/example_nested_branch_dag.py took 0.076 seconds
[2024-02-26T15:59:18.006+0000] {processor.py:161} INFO - Started process (PID=5600) to work on /home/airflow/.local/lib/python3.11/site-packages/airflow/example_dags/example_nested_branch_dag.py
[2024-02-26T15:59:18.008+0000] {processor.py:830} INFO - Processing file /home/airflow/.local/lib/python3.11/site-packages/airflow/example_dags/example_nested_branch_dag.py for tasks to queue
[2024-02-26T15:59:18.010+0000] {logging_mixin.py:188} INFO - [2024-02-26T15:59:18.009+0000] {dagbag.py:540} INFO - Filling up the DagBag from /home/airflow/.local/lib/python3.11/site-packages/airflow/example_dags/example_nested_branch_dag.py
[2024-02-26T15:59:18.020+0000] {processor.py:840} INFO - DAG(s) 'example_nested_branch_dag' retrieved from /home/airflow/.local/lib/python3.11/site-packages/airflow/example_dags/example_nested_branch_dag.py
[2024-02-26T15:59:18.040+0000] {logging_mixin.py:188} INFO - [2024-02-26T15:59:18.040+0000] {dag.py:3047} INFO - Sync 1 DAGs
[2024-02-26T15:59:18.056+0000] {logging_mixin.py:188} INFO - [2024-02-26T15:59:18.055+0000] {dag.py:3834} INFO - Setting next_dagrun for example_nested_branch_dag to 2024-02-25 00:00:00+00:00, run_after=2024-02-26 00:00:00+00:00
[2024-02-26T15:59:18.068+0000] {processor.py:183} INFO - Processing /home/airflow/.local/lib/python3.11/site-packages/airflow/example_dags/example_nested_branch_dag.py took 0.064 seconds
[2024-02-26T15:59:49.042+0000] {processor.py:161} INFO - Started process (PID=5848) to work on /home/airflow/.local/lib/python3.11/site-packages/airflow/example_dags/example_nested_branch_dag.py
[2024-02-26T15:59:49.045+0000] {processor.py:830} INFO - Processing file /home/airflow/.local/lib/python3.11/site-packages/airflow/example_dags/example_nested_branch_dag.py for tasks to queue
[2024-02-26T15:59:49.047+0000] {logging_mixin.py:188} INFO - [2024-02-26T15:59:49.046+0000] {dagbag.py:540} INFO - Filling up the DagBag from /home/airflow/.local/lib/python3.11/site-packages/airflow/example_dags/example_nested_branch_dag.py
[2024-02-26T15:59:49.055+0000] {processor.py:840} INFO - DAG(s) 'example_nested_branch_dag' retrieved from /home/airflow/.local/lib/python3.11/site-packages/airflow/example_dags/example_nested_branch_dag.py
[2024-02-26T15:59:49.076+0000] {logging_mixin.py:188} INFO - [2024-02-26T15:59:49.076+0000] {dag.py:3047} INFO - Sync 1 DAGs
[2024-02-26T15:59:49.091+0000] {logging_mixin.py:188} INFO - [2024-02-26T15:59:49.091+0000] {dag.py:3834} INFO - Setting next_dagrun for example_nested_branch_dag to 2024-02-25 00:00:00+00:00, run_after=2024-02-26 00:00:00+00:00
[2024-02-26T15:59:49.102+0000] {processor.py:183} INFO - Processing /home/airflow/.local/lib/python3.11/site-packages/airflow/example_dags/example_nested_branch_dag.py took 0.063 seconds
[2024-02-26T16:00:19.896+0000] {processor.py:161} INFO - Started process (PID=6096) to work on /home/airflow/.local/lib/python3.11/site-packages/airflow/example_dags/example_nested_branch_dag.py
[2024-02-26T16:00:19.897+0000] {processor.py:830} INFO - Processing file /home/airflow/.local/lib/python3.11/site-packages/airflow/example_dags/example_nested_branch_dag.py for tasks to queue
[2024-02-26T16:00:19.898+0000] {logging_mixin.py:188} INFO - [2024-02-26T16:00:19.898+0000] {dagbag.py:540} INFO - Filling up the DagBag from /home/airflow/.local/lib/python3.11/site-packages/airflow/example_dags/example_nested_branch_dag.py
[2024-02-26T16:00:19.906+0000] {processor.py:840} INFO - DAG(s) 'example_nested_branch_dag' retrieved from /home/airflow/.local/lib/python3.11/site-packages/airflow/example_dags/example_nested_branch_dag.py
[2024-02-26T16:00:19.927+0000] {logging_mixin.py:188} INFO - [2024-02-26T16:00:19.927+0000] {dag.py:3047} INFO - Sync 1 DAGs
[2024-02-26T16:00:19.942+0000] {logging_mixin.py:188} INFO - [2024-02-26T16:00:19.941+0000] {dag.py:3834} INFO - Setting next_dagrun for example_nested_branch_dag to 2024-02-25 00:00:00+00:00, run_after=2024-02-26 00:00:00+00:00
[2024-02-26T16:00:19.954+0000] {processor.py:183} INFO - Processing /home/airflow/.local/lib/python3.11/site-packages/airflow/example_dags/example_nested_branch_dag.py took 0.062 seconds
[2024-02-26T16:00:50.724+0000] {processor.py:161} INFO - Started process (PID=6340) to work on /home/airflow/.local/lib/python3.11/site-packages/airflow/example_dags/example_nested_branch_dag.py
[2024-02-26T16:00:50.726+0000] {processor.py:830} INFO - Processing file /home/airflow/.local/lib/python3.11/site-packages/airflow/example_dags/example_nested_branch_dag.py for tasks to queue
[2024-02-26T16:00:50.727+0000] {logging_mixin.py:188} INFO - [2024-02-26T16:00:50.727+0000] {dagbag.py:540} INFO - Filling up the DagBag from /home/airflow/.local/lib/python3.11/site-packages/airflow/example_dags/example_nested_branch_dag.py
[2024-02-26T16:00:50.736+0000] {processor.py:840} INFO - DAG(s) 'example_nested_branch_dag' retrieved from /home/airflow/.local/lib/python3.11/site-packages/airflow/example_dags/example_nested_branch_dag.py
[2024-02-26T16:00:50.757+0000] {logging_mixin.py:188} INFO - [2024-02-26T16:00:50.757+0000] {dag.py:3047} INFO - Sync 1 DAGs
[2024-02-26T16:00:50.772+0000] {logging_mixin.py:188} INFO - [2024-02-26T16:00:50.772+0000] {dag.py:3834} INFO - Setting next_dagrun for example_nested_branch_dag to 2024-02-25 00:00:00+00:00, run_after=2024-02-26 00:00:00+00:00
[2024-02-26T16:00:50.784+0000] {processor.py:183} INFO - Processing /home/airflow/.local/lib/python3.11/site-packages/airflow/example_dags/example_nested_branch_dag.py took 0.062 seconds
[2024-02-26T16:01:21.577+0000] {processor.py:161} INFO - Started process (PID=6587) to work on /home/airflow/.local/lib/python3.11/site-packages/airflow/example_dags/example_nested_branch_dag.py
[2024-02-26T16:01:21.580+0000] {processor.py:830} INFO - Processing file /home/airflow/.local/lib/python3.11/site-packages/airflow/example_dags/example_nested_branch_dag.py for tasks to queue
[2024-02-26T16:01:21.581+0000] {logging_mixin.py:188} INFO - [2024-02-26T16:01:21.581+0000] {dagbag.py:540} INFO - Filling up the DagBag from /home/airflow/.local/lib/python3.11/site-packages/airflow/example_dags/example_nested_branch_dag.py
[2024-02-26T16:01:21.594+0000] {processor.py:840} INFO - DAG(s) 'example_nested_branch_dag' retrieved from /home/airflow/.local/lib/python3.11/site-packages/airflow/example_dags/example_nested_branch_dag.py
[2024-02-26T16:01:21.616+0000] {logging_mixin.py:188} INFO - [2024-02-26T16:01:21.616+0000] {dag.py:3047} INFO - Sync 1 DAGs
[2024-02-26T16:01:21.631+0000] {logging_mixin.py:188} INFO - [2024-02-26T16:01:21.631+0000] {dag.py:3834} INFO - Setting next_dagrun for example_nested_branch_dag to 2024-02-25 00:00:00+00:00, run_after=2024-02-26 00:00:00+00:00
[2024-02-26T16:01:21.645+0000] {processor.py:183} INFO - Processing /home/airflow/.local/lib/python3.11/site-packages/airflow/example_dags/example_nested_branch_dag.py took 0.071 seconds
[2024-02-26T16:01:51.749+0000] {processor.py:161} INFO - Started process (PID=6836) to work on /home/airflow/.local/lib/python3.11/site-packages/airflow/example_dags/example_nested_branch_dag.py
[2024-02-26T16:01:51.751+0000] {processor.py:830} INFO - Processing file /home/airflow/.local/lib/python3.11/site-packages/airflow/example_dags/example_nested_branch_dag.py for tasks to queue
[2024-02-26T16:01:51.752+0000] {logging_mixin.py:188} INFO - [2024-02-26T16:01:51.752+0000] {dagbag.py:540} INFO - Filling up the DagBag from /home/airflow/.local/lib/python3.11/site-packages/airflow/example_dags/example_nested_branch_dag.py
[2024-02-26T16:01:51.760+0000] {processor.py:840} INFO - DAG(s) 'example_nested_branch_dag' retrieved from /home/airflow/.local/lib/python3.11/site-packages/airflow/example_dags/example_nested_branch_dag.py
[2024-02-26T16:01:51.779+0000] {logging_mixin.py:188} INFO - [2024-02-26T16:01:51.778+0000] {dag.py:3047} INFO - Sync 1 DAGs
[2024-02-26T16:01:51.792+0000] {logging_mixin.py:188} INFO - [2024-02-26T16:01:51.791+0000] {dag.py:3834} INFO - Setting next_dagrun for example_nested_branch_dag to 2024-02-25 00:00:00+00:00, run_after=2024-02-26 00:00:00+00:00
[2024-02-26T16:01:51.803+0000] {processor.py:183} INFO - Processing /home/airflow/.local/lib/python3.11/site-packages/airflow/example_dags/example_nested_branch_dag.py took 0.056 seconds
[2024-02-26T16:02:22.035+0000] {processor.py:161} INFO - Started process (PID=7081) to work on /home/airflow/.local/lib/python3.11/site-packages/airflow/example_dags/example_nested_branch_dag.py
[2024-02-26T16:02:22.038+0000] {processor.py:830} INFO - Processing file /home/airflow/.local/lib/python3.11/site-packages/airflow/example_dags/example_nested_branch_dag.py for tasks to queue
[2024-02-26T16:02:22.040+0000] {logging_mixin.py:188} INFO - [2024-02-26T16:02:22.040+0000] {dagbag.py:540} INFO - Filling up the DagBag from /home/airflow/.local/lib/python3.11/site-packages/airflow/example_dags/example_nested_branch_dag.py
[2024-02-26T16:02:22.049+0000] {processor.py:840} INFO - DAG(s) 'example_nested_branch_dag' retrieved from /home/airflow/.local/lib/python3.11/site-packages/airflow/example_dags/example_nested_branch_dag.py
[2024-02-26T16:02:22.077+0000] {logging_mixin.py:188} INFO - [2024-02-26T16:02:22.076+0000] {dag.py:3047} INFO - Sync 1 DAGs
[2024-02-26T16:02:22.094+0000] {logging_mixin.py:188} INFO - [2024-02-26T16:02:22.094+0000] {dag.py:3834} INFO - Setting next_dagrun for example_nested_branch_dag to 2024-02-25 00:00:00+00:00, run_after=2024-02-26 00:00:00+00:00
[2024-02-26T16:02:22.112+0000] {processor.py:183} INFO - Processing /home/airflow/.local/lib/python3.11/site-packages/airflow/example_dags/example_nested_branch_dag.py took 0.080 seconds
[2024-02-26T16:02:53.067+0000] {processor.py:161} INFO - Started process (PID=7328) to work on /home/airflow/.local/lib/python3.11/site-packages/airflow/example_dags/example_nested_branch_dag.py
[2024-02-26T16:02:53.069+0000] {processor.py:830} INFO - Processing file /home/airflow/.local/lib/python3.11/site-packages/airflow/example_dags/example_nested_branch_dag.py for tasks to queue
[2024-02-26T16:02:53.072+0000] {logging_mixin.py:188} INFO - [2024-02-26T16:02:53.071+0000] {dagbag.py:540} INFO - Filling up the DagBag from /home/airflow/.local/lib/python3.11/site-packages/airflow/example_dags/example_nested_branch_dag.py
[2024-02-26T16:02:53.081+0000] {processor.py:840} INFO - DAG(s) 'example_nested_branch_dag' retrieved from /home/airflow/.local/lib/python3.11/site-packages/airflow/example_dags/example_nested_branch_dag.py
[2024-02-26T16:02:53.104+0000] {logging_mixin.py:188} INFO - [2024-02-26T16:02:53.104+0000] {dag.py:3047} INFO - Sync 1 DAGs
[2024-02-26T16:02:53.125+0000] {logging_mixin.py:188} INFO - [2024-02-26T16:02:53.125+0000] {dag.py:3834} INFO - Setting next_dagrun for example_nested_branch_dag to 2024-02-25 00:00:00+00:00, run_after=2024-02-26 00:00:00+00:00
[2024-02-26T16:02:53.138+0000] {processor.py:183} INFO - Processing /home/airflow/.local/lib/python3.11/site-packages/airflow/example_dags/example_nested_branch_dag.py took 0.074 seconds
[2024-02-26T16:03:23.236+0000] {processor.py:161} INFO - Started process (PID=7577) to work on /home/airflow/.local/lib/python3.11/site-packages/airflow/example_dags/example_nested_branch_dag.py
[2024-02-26T16:03:23.237+0000] {processor.py:830} INFO - Processing file /home/airflow/.local/lib/python3.11/site-packages/airflow/example_dags/example_nested_branch_dag.py for tasks to queue
[2024-02-26T16:03:23.239+0000] {logging_mixin.py:188} INFO - [2024-02-26T16:03:23.239+0000] {dagbag.py:540} INFO - Filling up the DagBag from /home/airflow/.local/lib/python3.11/site-packages/airflow/example_dags/example_nested_branch_dag.py
[2024-02-26T16:03:23.247+0000] {processor.py:840} INFO - DAG(s) 'example_nested_branch_dag' retrieved from /home/airflow/.local/lib/python3.11/site-packages/airflow/example_dags/example_nested_branch_dag.py
[2024-02-26T16:03:23.265+0000] {logging_mixin.py:188} INFO - [2024-02-26T16:03:23.265+0000] {dag.py:3047} INFO - Sync 1 DAGs
[2024-02-26T16:03:23.279+0000] {logging_mixin.py:188} INFO - [2024-02-26T16:03:23.279+0000] {dag.py:3834} INFO - Setting next_dagrun for example_nested_branch_dag to 2024-02-25 00:00:00+00:00, run_after=2024-02-26 00:00:00+00:00
[2024-02-26T16:03:23.290+0000] {processor.py:183} INFO - Processing /home/airflow/.local/lib/python3.11/site-packages/airflow/example_dags/example_nested_branch_dag.py took 0.057 seconds
[2024-02-26T16:03:53.352+0000] {processor.py:161} INFO - Started process (PID=7823) to work on /home/airflow/.local/lib/python3.11/site-packages/airflow/example_dags/example_nested_branch_dag.py
[2024-02-26T16:03:53.354+0000] {processor.py:830} INFO - Processing file /home/airflow/.local/lib/python3.11/site-packages/airflow/example_dags/example_nested_branch_dag.py for tasks to queue
[2024-02-26T16:03:53.355+0000] {logging_mixin.py:188} INFO - [2024-02-26T16:03:53.355+0000] {dagbag.py:540} INFO - Filling up the DagBag from /home/airflow/.local/lib/python3.11/site-packages/airflow/example_dags/example_nested_branch_dag.py
[2024-02-26T16:03:53.364+0000] {processor.py:840} INFO - DAG(s) 'example_nested_branch_dag' retrieved from /home/airflow/.local/lib/python3.11/site-packages/airflow/example_dags/example_nested_branch_dag.py
[2024-02-26T16:03:53.384+0000] {logging_mixin.py:188} INFO - [2024-02-26T16:03:53.384+0000] {dag.py:3047} INFO - Sync 1 DAGs
[2024-02-26T16:03:53.401+0000] {logging_mixin.py:188} INFO - [2024-02-26T16:03:53.401+0000] {dag.py:3834} INFO - Setting next_dagrun for example_nested_branch_dag to 2024-02-25 00:00:00+00:00, run_after=2024-02-26 00:00:00+00:00
[2024-02-26T16:03:53.411+0000] {processor.py:183} INFO - Processing /home/airflow/.local/lib/python3.11/site-packages/airflow/example_dags/example_nested_branch_dag.py took 0.062 seconds
[2024-02-26T16:04:24.035+0000] {processor.py:161} INFO - Started process (PID=8070) to work on /home/airflow/.local/lib/python3.11/site-packages/airflow/example_dags/example_nested_branch_dag.py
[2024-02-26T16:04:24.037+0000] {processor.py:830} INFO - Processing file /home/airflow/.local/lib/python3.11/site-packages/airflow/example_dags/example_nested_branch_dag.py for tasks to queue
[2024-02-26T16:04:24.038+0000] {logging_mixin.py:188} INFO - [2024-02-26T16:04:24.038+0000] {dagbag.py:540} INFO - Filling up the DagBag from /home/airflow/.local/lib/python3.11/site-packages/airflow/example_dags/example_nested_branch_dag.py
[2024-02-26T16:04:24.047+0000] {processor.py:840} INFO - DAG(s) 'example_nested_branch_dag' retrieved from /home/airflow/.local/lib/python3.11/site-packages/airflow/example_dags/example_nested_branch_dag.py
[2024-02-26T16:04:24.068+0000] {logging_mixin.py:188} INFO - [2024-02-26T16:04:24.068+0000] {dag.py:3047} INFO - Sync 1 DAGs
[2024-02-26T16:04:24.083+0000] {logging_mixin.py:188} INFO - [2024-02-26T16:04:24.083+0000] {dag.py:3834} INFO - Setting next_dagrun for example_nested_branch_dag to 2024-02-25 00:00:00+00:00, run_after=2024-02-26 00:00:00+00:00
[2024-02-26T16:04:24.093+0000] {processor.py:183} INFO - Processing /home/airflow/.local/lib/python3.11/site-packages/airflow/example_dags/example_nested_branch_dag.py took 0.061 seconds
[2024-02-26T16:04:54.868+0000] {processor.py:161} INFO - Started process (PID=8317) to work on /home/airflow/.local/lib/python3.11/site-packages/airflow/example_dags/example_nested_branch_dag.py
[2024-02-26T16:04:54.869+0000] {processor.py:830} INFO - Processing file /home/airflow/.local/lib/python3.11/site-packages/airflow/example_dags/example_nested_branch_dag.py for tasks to queue
[2024-02-26T16:04:54.871+0000] {logging_mixin.py:188} INFO - [2024-02-26T16:04:54.871+0000] {dagbag.py:540} INFO - Filling up the DagBag from /home/airflow/.local/lib/python3.11/site-packages/airflow/example_dags/example_nested_branch_dag.py
[2024-02-26T16:04:54.880+0000] {processor.py:840} INFO - DAG(s) 'example_nested_branch_dag' retrieved from /home/airflow/.local/lib/python3.11/site-packages/airflow/example_dags/example_nested_branch_dag.py
[2024-02-26T16:04:54.899+0000] {logging_mixin.py:188} INFO - [2024-02-26T16:04:54.899+0000] {dag.py:3047} INFO - Sync 1 DAGs
[2024-02-26T16:04:54.912+0000] {logging_mixin.py:188} INFO - [2024-02-26T16:04:54.912+0000] {dag.py:3834} INFO - Setting next_dagrun for example_nested_branch_dag to 2024-02-25 00:00:00+00:00, run_after=2024-02-26 00:00:00+00:00
[2024-02-26T16:04:54.925+0000] {processor.py:183} INFO - Processing /home/airflow/.local/lib/python3.11/site-packages/airflow/example_dags/example_nested_branch_dag.py took 0.060 seconds
[2024-02-26T16:05:25.609+0000] {processor.py:161} INFO - Started process (PID=8564) to work on /home/airflow/.local/lib/python3.11/site-packages/airflow/example_dags/example_nested_branch_dag.py
[2024-02-26T16:05:25.610+0000] {processor.py:830} INFO - Processing file /home/airflow/.local/lib/python3.11/site-packages/airflow/example_dags/example_nested_branch_dag.py for tasks to queue
[2024-02-26T16:05:25.612+0000] {logging_mixin.py:188} INFO - [2024-02-26T16:05:25.611+0000] {dagbag.py:540} INFO - Filling up the DagBag from /home/airflow/.local/lib/python3.11/site-packages/airflow/example_dags/example_nested_branch_dag.py
[2024-02-26T16:05:25.620+0000] {processor.py:840} INFO - DAG(s) 'example_nested_branch_dag' retrieved from /home/airflow/.local/lib/python3.11/site-packages/airflow/example_dags/example_nested_branch_dag.py
[2024-02-26T16:05:25.641+0000] {logging_mixin.py:188} INFO - [2024-02-26T16:05:25.641+0000] {dag.py:3047} INFO - Sync 1 DAGs
[2024-02-26T16:05:25.659+0000] {logging_mixin.py:188} INFO - [2024-02-26T16:05:25.659+0000] {dag.py:3834} INFO - Setting next_dagrun for example_nested_branch_dag to 2024-02-25 00:00:00+00:00, run_after=2024-02-26 00:00:00+00:00
[2024-02-26T16:05:25.672+0000] {processor.py:183} INFO - Processing /home/airflow/.local/lib/python3.11/site-packages/airflow/example_dags/example_nested_branch_dag.py took 0.067 seconds
[2024-02-26T16:05:56.364+0000] {processor.py:161} INFO - Started process (PID=8813) to work on /home/airflow/.local/lib/python3.11/site-packages/airflow/example_dags/example_nested_branch_dag.py
[2024-02-26T16:05:56.365+0000] {processor.py:830} INFO - Processing file /home/airflow/.local/lib/python3.11/site-packages/airflow/example_dags/example_nested_branch_dag.py for tasks to queue
[2024-02-26T16:05:56.367+0000] {logging_mixin.py:188} INFO - [2024-02-26T16:05:56.366+0000] {dagbag.py:540} INFO - Filling up the DagBag from /home/airflow/.local/lib/python3.11/site-packages/airflow/example_dags/example_nested_branch_dag.py
[2024-02-26T16:05:56.375+0000] {processor.py:840} INFO - DAG(s) 'example_nested_branch_dag' retrieved from /home/airflow/.local/lib/python3.11/site-packages/airflow/example_dags/example_nested_branch_dag.py
[2024-02-26T16:05:56.394+0000] {logging_mixin.py:188} INFO - [2024-02-26T16:05:56.394+0000] {dag.py:3047} INFO - Sync 1 DAGs
[2024-02-26T16:05:56.408+0000] {logging_mixin.py:188} INFO - [2024-02-26T16:05:56.407+0000] {dag.py:3834} INFO - Setting next_dagrun for example_nested_branch_dag to 2024-02-25 00:00:00+00:00, run_after=2024-02-26 00:00:00+00:00
[2024-02-26T16:05:56.418+0000] {processor.py:183} INFO - Processing /home/airflow/.local/lib/python3.11/site-packages/airflow/example_dags/example_nested_branch_dag.py took 0.056 seconds
[2024-02-26T16:06:27.253+0000] {processor.py:161} INFO - Started process (PID=9058) to work on /home/airflow/.local/lib/python3.11/site-packages/airflow/example_dags/example_nested_branch_dag.py
[2024-02-26T16:06:27.255+0000] {processor.py:830} INFO - Processing file /home/airflow/.local/lib/python3.11/site-packages/airflow/example_dags/example_nested_branch_dag.py for tasks to queue
[2024-02-26T16:06:27.257+0000] {logging_mixin.py:188} INFO - [2024-02-26T16:06:27.256+0000] {dagbag.py:540} INFO - Filling up the DagBag from /home/airflow/.local/lib/python3.11/site-packages/airflow/example_dags/example_nested_branch_dag.py
[2024-02-26T16:06:27.267+0000] {processor.py:840} INFO - DAG(s) 'example_nested_branch_dag' retrieved from /home/airflow/.local/lib/python3.11/site-packages/airflow/example_dags/example_nested_branch_dag.py
[2024-02-26T16:06:27.289+0000] {logging_mixin.py:188} INFO - [2024-02-26T16:06:27.289+0000] {dag.py:3047} INFO - Sync 1 DAGs
[2024-02-26T16:06:27.303+0000] {logging_mixin.py:188} INFO - [2024-02-26T16:06:27.303+0000] {dag.py:3834} INFO - Setting next_dagrun for example_nested_branch_dag to 2024-02-25 00:00:00+00:00, run_after=2024-02-26 00:00:00+00:00
[2024-02-26T16:06:27.314+0000] {processor.py:183} INFO - Processing /home/airflow/.local/lib/python3.11/site-packages/airflow/example_dags/example_nested_branch_dag.py took 0.064 seconds
[2024-02-26T16:06:58.132+0000] {processor.py:161} INFO - Started process (PID=9311) to work on /home/airflow/.local/lib/python3.11/site-packages/airflow/example_dags/example_nested_branch_dag.py
[2024-02-26T16:06:58.134+0000] {processor.py:830} INFO - Processing file /home/airflow/.local/lib/python3.11/site-packages/airflow/example_dags/example_nested_branch_dag.py for tasks to queue
[2024-02-26T16:06:58.135+0000] {logging_mixin.py:188} INFO - [2024-02-26T16:06:58.135+0000] {dagbag.py:540} INFO - Filling up the DagBag from /home/airflow/.local/lib/python3.11/site-packages/airflow/example_dags/example_nested_branch_dag.py
[2024-02-26T16:06:58.144+0000] {processor.py:840} INFO - DAG(s) 'example_nested_branch_dag' retrieved from /home/airflow/.local/lib/python3.11/site-packages/airflow/example_dags/example_nested_branch_dag.py
[2024-02-26T16:06:58.162+0000] {logging_mixin.py:188} INFO - [2024-02-26T16:06:58.162+0000] {dag.py:3047} INFO - Sync 1 DAGs
[2024-02-26T16:06:58.175+0000] {logging_mixin.py:188} INFO - [2024-02-26T16:06:58.174+0000] {dag.py:3834} INFO - Setting next_dagrun for example_nested_branch_dag to 2024-02-25 00:00:00+00:00, run_after=2024-02-26 00:00:00+00:00
[2024-02-26T16:06:58.185+0000] {processor.py:183} INFO - Processing /home/airflow/.local/lib/python3.11/site-packages/airflow/example_dags/example_nested_branch_dag.py took 0.056 seconds
[2024-02-26T16:07:28.334+0000] {processor.py:161} INFO - Started process (PID=9558) to work on /home/airflow/.local/lib/python3.11/site-packages/airflow/example_dags/example_nested_branch_dag.py
[2024-02-26T16:07:28.336+0000] {processor.py:830} INFO - Processing file /home/airflow/.local/lib/python3.11/site-packages/airflow/example_dags/example_nested_branch_dag.py for tasks to queue
[2024-02-26T16:07:28.337+0000] {logging_mixin.py:188} INFO - [2024-02-26T16:07:28.337+0000] {dagbag.py:540} INFO - Filling up the DagBag from /home/airflow/.local/lib/python3.11/site-packages/airflow/example_dags/example_nested_branch_dag.py
[2024-02-26T16:07:28.346+0000] {processor.py:840} INFO - DAG(s) 'example_nested_branch_dag' retrieved from /home/airflow/.local/lib/python3.11/site-packages/airflow/example_dags/example_nested_branch_dag.py
[2024-02-26T16:07:28.370+0000] {logging_mixin.py:188} INFO - [2024-02-26T16:07:28.369+0000] {dag.py:3047} INFO - Sync 1 DAGs
[2024-02-26T16:07:28.387+0000] {logging_mixin.py:188} INFO - [2024-02-26T16:07:28.387+0000] {dag.py:3834} INFO - Setting next_dagrun for example_nested_branch_dag to 2024-02-25 00:00:00+00:00, run_after=2024-02-26 00:00:00+00:00
[2024-02-26T16:07:28.397+0000] {processor.py:183} INFO - Processing /home/airflow/.local/lib/python3.11/site-packages/airflow/example_dags/example_nested_branch_dag.py took 0.066 seconds
[2024-02-26T16:07:58.550+0000] {processor.py:161} INFO - Started process (PID=9805) to work on /home/airflow/.local/lib/python3.11/site-packages/airflow/example_dags/example_nested_branch_dag.py
[2024-02-26T16:07:58.551+0000] {processor.py:830} INFO - Processing file /home/airflow/.local/lib/python3.11/site-packages/airflow/example_dags/example_nested_branch_dag.py for tasks to queue
[2024-02-26T16:07:58.553+0000] {logging_mixin.py:188} INFO - [2024-02-26T16:07:58.552+0000] {dagbag.py:540} INFO - Filling up the DagBag from /home/airflow/.local/lib/python3.11/site-packages/airflow/example_dags/example_nested_branch_dag.py
[2024-02-26T16:07:58.562+0000] {processor.py:840} INFO - DAG(s) 'example_nested_branch_dag' retrieved from /home/airflow/.local/lib/python3.11/site-packages/airflow/example_dags/example_nested_branch_dag.py
[2024-02-26T16:07:58.582+0000] {logging_mixin.py:188} INFO - [2024-02-26T16:07:58.582+0000] {dag.py:3047} INFO - Sync 1 DAGs
[2024-02-26T16:07:58.598+0000] {logging_mixin.py:188} INFO - [2024-02-26T16:07:58.598+0000] {dag.py:3834} INFO - Setting next_dagrun for example_nested_branch_dag to 2024-02-25 00:00:00+00:00, run_after=2024-02-26 00:00:00+00:00
[2024-02-26T16:07:58.609+0000] {processor.py:183} INFO - Processing /home/airflow/.local/lib/python3.11/site-packages/airflow/example_dags/example_nested_branch_dag.py took 0.062 seconds
[2024-02-26T16:08:29.716+0000] {processor.py:161} INFO - Started process (PID=10054) to work on /home/airflow/.local/lib/python3.11/site-packages/airflow/example_dags/example_nested_branch_dag.py
[2024-02-26T16:08:29.717+0000] {processor.py:830} INFO - Processing file /home/airflow/.local/lib/python3.11/site-packages/airflow/example_dags/example_nested_branch_dag.py for tasks to queue
[2024-02-26T16:08:29.718+0000] {logging_mixin.py:188} INFO - [2024-02-26T16:08:29.718+0000] {dagbag.py:540} INFO - Filling up the DagBag from /home/airflow/.local/lib/python3.11/site-packages/airflow/example_dags/example_nested_branch_dag.py
[2024-02-26T16:08:29.725+0000] {processor.py:840} INFO - DAG(s) 'example_nested_branch_dag' retrieved from /home/airflow/.local/lib/python3.11/site-packages/airflow/example_dags/example_nested_branch_dag.py
[2024-02-26T16:08:29.743+0000] {logging_mixin.py:188} INFO - [2024-02-26T16:08:29.743+0000] {dag.py:3047} INFO - Sync 1 DAGs
[2024-02-26T16:08:29.757+0000] {logging_mixin.py:188} INFO - [2024-02-26T16:08:29.757+0000] {dag.py:3834} INFO - Setting next_dagrun for example_nested_branch_dag to 2024-02-25 00:00:00+00:00, run_after=2024-02-26 00:00:00+00:00
[2024-02-26T16:08:29.767+0000] {processor.py:183} INFO - Processing /home/airflow/.local/lib/python3.11/site-packages/airflow/example_dags/example_nested_branch_dag.py took 0.054 seconds
[2024-02-26T16:09:00.178+0000] {processor.py:161} INFO - Started process (PID=10301) to work on /home/airflow/.local/lib/python3.11/site-packages/airflow/example_dags/example_nested_branch_dag.py
[2024-02-26T16:09:00.180+0000] {processor.py:830} INFO - Processing file /home/airflow/.local/lib/python3.11/site-packages/airflow/example_dags/example_nested_branch_dag.py for tasks to queue
[2024-02-26T16:09:00.182+0000] {logging_mixin.py:188} INFO - [2024-02-26T16:09:00.182+0000] {dagbag.py:540} INFO - Filling up the DagBag from /home/airflow/.local/lib/python3.11/site-packages/airflow/example_dags/example_nested_branch_dag.py
[2024-02-26T16:09:00.190+0000] {processor.py:840} INFO - DAG(s) 'example_nested_branch_dag' retrieved from /home/airflow/.local/lib/python3.11/site-packages/airflow/example_dags/example_nested_branch_dag.py
[2024-02-26T16:09:00.209+0000] {logging_mixin.py:188} INFO - [2024-02-26T16:09:00.209+0000] {dag.py:3047} INFO - Sync 1 DAGs
[2024-02-26T16:09:00.223+0000] {logging_mixin.py:188} INFO - [2024-02-26T16:09:00.223+0000] {dag.py:3834} INFO - Setting next_dagrun for example_nested_branch_dag to 2024-02-25 00:00:00+00:00, run_after=2024-02-26 00:00:00+00:00
[2024-02-26T16:09:00.233+0000] {processor.py:183} INFO - Processing /home/airflow/.local/lib/python3.11/site-packages/airflow/example_dags/example_nested_branch_dag.py took 0.058 seconds
[2024-02-26T16:09:30.345+0000] {processor.py:161} INFO - Started process (PID=10546) to work on /home/airflow/.local/lib/python3.11/site-packages/airflow/example_dags/example_nested_branch_dag.py
[2024-02-26T16:09:30.347+0000] {processor.py:830} INFO - Processing file /home/airflow/.local/lib/python3.11/site-packages/airflow/example_dags/example_nested_branch_dag.py for tasks to queue
[2024-02-26T16:09:30.348+0000] {logging_mixin.py:188} INFO - [2024-02-26T16:09:30.348+0000] {dagbag.py:540} INFO - Filling up the DagBag from /home/airflow/.local/lib/python3.11/site-packages/airflow/example_dags/example_nested_branch_dag.py
[2024-02-26T16:09:30.357+0000] {processor.py:840} INFO - DAG(s) 'example_nested_branch_dag' retrieved from /home/airflow/.local/lib/python3.11/site-packages/airflow/example_dags/example_nested_branch_dag.py
[2024-02-26T16:09:30.378+0000] {logging_mixin.py:188} INFO - [2024-02-26T16:09:30.378+0000] {dag.py:3047} INFO - Sync 1 DAGs
[2024-02-26T16:09:30.395+0000] {logging_mixin.py:188} INFO - [2024-02-26T16:09:30.395+0000] {dag.py:3834} INFO - Setting next_dagrun for example_nested_branch_dag to 2024-02-25 00:00:00+00:00, run_after=2024-02-26 00:00:00+00:00
[2024-02-26T16:09:30.408+0000] {processor.py:183} INFO - Processing /home/airflow/.local/lib/python3.11/site-packages/airflow/example_dags/example_nested_branch_dag.py took 0.066 seconds
[2024-02-26T16:10:00.456+0000] {processor.py:161} INFO - Started process (PID=10793) to work on /home/airflow/.local/lib/python3.11/site-packages/airflow/example_dags/example_nested_branch_dag.py
[2024-02-26T16:10:00.458+0000] {processor.py:830} INFO - Processing file /home/airflow/.local/lib/python3.11/site-packages/airflow/example_dags/example_nested_branch_dag.py for tasks to queue
[2024-02-26T16:10:00.459+0000] {logging_mixin.py:188} INFO - [2024-02-26T16:10:00.459+0000] {dagbag.py:540} INFO - Filling up the DagBag from /home/airflow/.local/lib/python3.11/site-packages/airflow/example_dags/example_nested_branch_dag.py
[2024-02-26T16:10:00.468+0000] {processor.py:840} INFO - DAG(s) 'example_nested_branch_dag' retrieved from /home/airflow/.local/lib/python3.11/site-packages/airflow/example_dags/example_nested_branch_dag.py
[2024-02-26T16:10:00.490+0000] {logging_mixin.py:188} INFO - [2024-02-26T16:10:00.490+0000] {dag.py:3047} INFO - Sync 1 DAGs
[2024-02-26T16:10:00.508+0000] {logging_mixin.py:188} INFO - [2024-02-26T16:10:00.508+0000] {dag.py:3834} INFO - Setting next_dagrun for example_nested_branch_dag to 2024-02-25 00:00:00+00:00, run_after=2024-02-26 00:00:00+00:00
[2024-02-26T16:10:00.521+0000] {processor.py:183} INFO - Processing /home/airflow/.local/lib/python3.11/site-packages/airflow/example_dags/example_nested_branch_dag.py took 0.068 seconds
[2024-02-26T16:10:30.682+0000] {processor.py:161} INFO - Started process (PID=11040) to work on /home/airflow/.local/lib/python3.11/site-packages/airflow/example_dags/example_nested_branch_dag.py
[2024-02-26T16:10:30.685+0000] {processor.py:830} INFO - Processing file /home/airflow/.local/lib/python3.11/site-packages/airflow/example_dags/example_nested_branch_dag.py for tasks to queue
[2024-02-26T16:10:30.686+0000] {logging_mixin.py:188} INFO - [2024-02-26T16:10:30.686+0000] {dagbag.py:540} INFO - Filling up the DagBag from /home/airflow/.local/lib/python3.11/site-packages/airflow/example_dags/example_nested_branch_dag.py
[2024-02-26T16:10:30.700+0000] {processor.py:840} INFO - DAG(s) 'example_nested_branch_dag' retrieved from /home/airflow/.local/lib/python3.11/site-packages/airflow/example_dags/example_nested_branch_dag.py
[2024-02-26T16:10:30.725+0000] {logging_mixin.py:188} INFO - [2024-02-26T16:10:30.725+0000] {dag.py:3047} INFO - Sync 1 DAGs
[2024-02-26T16:10:30.739+0000] {logging_mixin.py:188} INFO - [2024-02-26T16:10:30.739+0000] {dag.py:3834} INFO - Setting next_dagrun for example_nested_branch_dag to 2024-02-25 00:00:00+00:00, run_after=2024-02-26 00:00:00+00:00
[2024-02-26T16:10:30.756+0000] {processor.py:183} INFO - Processing /home/airflow/.local/lib/python3.11/site-packages/airflow/example_dags/example_nested_branch_dag.py took 0.078 seconds
[2024-02-26T16:11:01.091+0000] {processor.py:161} INFO - Started process (PID=11287) to work on /home/airflow/.local/lib/python3.11/site-packages/airflow/example_dags/example_nested_branch_dag.py
[2024-02-26T16:11:01.094+0000] {processor.py:830} INFO - Processing file /home/airflow/.local/lib/python3.11/site-packages/airflow/example_dags/example_nested_branch_dag.py for tasks to queue
[2024-02-26T16:11:01.095+0000] {logging_mixin.py:188} INFO - [2024-02-26T16:11:01.095+0000] {dagbag.py:540} INFO - Filling up the DagBag from /home/airflow/.local/lib/python3.11/site-packages/airflow/example_dags/example_nested_branch_dag.py
[2024-02-26T16:11:01.104+0000] {processor.py:840} INFO - DAG(s) 'example_nested_branch_dag' retrieved from /home/airflow/.local/lib/python3.11/site-packages/airflow/example_dags/example_nested_branch_dag.py
[2024-02-26T16:11:01.125+0000] {logging_mixin.py:188} INFO - [2024-02-26T16:11:01.125+0000] {dag.py:3047} INFO - Sync 1 DAGs
[2024-02-26T16:11:01.149+0000] {logging_mixin.py:188} INFO - [2024-02-26T16:11:01.149+0000] {dag.py:3834} INFO - Setting next_dagrun for example_nested_branch_dag to 2024-02-25 00:00:00+00:00, run_after=2024-02-26 00:00:00+00:00
[2024-02-26T16:11:01.167+0000] {processor.py:183} INFO - Processing /home/airflow/.local/lib/python3.11/site-packages/airflow/example_dags/example_nested_branch_dag.py took 0.079 seconds
[2024-02-26T16:11:31.228+0000] {processor.py:161} INFO - Started process (PID=11534) to work on /home/airflow/.local/lib/python3.11/site-packages/airflow/example_dags/example_nested_branch_dag.py
[2024-02-26T16:11:31.229+0000] {processor.py:830} INFO - Processing file /home/airflow/.local/lib/python3.11/site-packages/airflow/example_dags/example_nested_branch_dag.py for tasks to queue
[2024-02-26T16:11:31.235+0000] {logging_mixin.py:188} INFO - [2024-02-26T16:11:31.235+0000] {dagbag.py:540} INFO - Filling up the DagBag from /home/airflow/.local/lib/python3.11/site-packages/airflow/example_dags/example_nested_branch_dag.py
[2024-02-26T16:11:31.244+0000] {processor.py:840} INFO - DAG(s) 'example_nested_branch_dag' retrieved from /home/airflow/.local/lib/python3.11/site-packages/airflow/example_dags/example_nested_branch_dag.py
[2024-02-26T16:11:31.266+0000] {logging_mixin.py:188} INFO - [2024-02-26T16:11:31.266+0000] {dag.py:3047} INFO - Sync 1 DAGs
[2024-02-26T16:11:31.285+0000] {logging_mixin.py:188} INFO - [2024-02-26T16:11:31.285+0000] {dag.py:3834} INFO - Setting next_dagrun for example_nested_branch_dag to 2024-02-25 00:00:00+00:00, run_after=2024-02-26 00:00:00+00:00
[2024-02-26T16:11:31.304+0000] {processor.py:183} INFO - Processing /home/airflow/.local/lib/python3.11/site-packages/airflow/example_dags/example_nested_branch_dag.py took 0.080 seconds
[2024-02-26T16:12:01.379+0000] {processor.py:161} INFO - Started process (PID=11781) to work on /home/airflow/.local/lib/python3.11/site-packages/airflow/example_dags/example_nested_branch_dag.py
[2024-02-26T16:12:01.380+0000] {processor.py:830} INFO - Processing file /home/airflow/.local/lib/python3.11/site-packages/airflow/example_dags/example_nested_branch_dag.py for tasks to queue
[2024-02-26T16:12:01.385+0000] {logging_mixin.py:188} INFO - [2024-02-26T16:12:01.385+0000] {dagbag.py:540} INFO - Filling up the DagBag from /home/airflow/.local/lib/python3.11/site-packages/airflow/example_dags/example_nested_branch_dag.py
[2024-02-26T16:12:01.394+0000] {processor.py:840} INFO - DAG(s) 'example_nested_branch_dag' retrieved from /home/airflow/.local/lib/python3.11/site-packages/airflow/example_dags/example_nested_branch_dag.py
[2024-02-26T16:12:01.419+0000] {logging_mixin.py:188} INFO - [2024-02-26T16:12:01.419+0000] {dag.py:3047} INFO - Sync 1 DAGs
[2024-02-26T16:12:01.434+0000] {logging_mixin.py:188} INFO - [2024-02-26T16:12:01.434+0000] {dag.py:3834} INFO - Setting next_dagrun for example_nested_branch_dag to 2024-02-25 00:00:00+00:00, run_after=2024-02-26 00:00:00+00:00
[2024-02-26T16:12:01.446+0000] {processor.py:183} INFO - Processing /home/airflow/.local/lib/python3.11/site-packages/airflow/example_dags/example_nested_branch_dag.py took 0.071 seconds
[2024-02-26T16:12:31.567+0000] {processor.py:161} INFO - Started process (PID=12031) to work on /home/airflow/.local/lib/python3.11/site-packages/airflow/example_dags/example_nested_branch_dag.py
[2024-02-26T16:12:31.569+0000] {processor.py:830} INFO - Processing file /home/airflow/.local/lib/python3.11/site-packages/airflow/example_dags/example_nested_branch_dag.py for tasks to queue
[2024-02-26T16:12:31.570+0000] {logging_mixin.py:188} INFO - [2024-02-26T16:12:31.570+0000] {dagbag.py:540} INFO - Filling up the DagBag from /home/airflow/.local/lib/python3.11/site-packages/airflow/example_dags/example_nested_branch_dag.py
[2024-02-26T16:12:31.578+0000] {processor.py:840} INFO - DAG(s) 'example_nested_branch_dag' retrieved from /home/airflow/.local/lib/python3.11/site-packages/airflow/example_dags/example_nested_branch_dag.py
[2024-02-26T16:12:31.597+0000] {logging_mixin.py:188} INFO - [2024-02-26T16:12:31.597+0000] {dag.py:3047} INFO - Sync 1 DAGs
[2024-02-26T16:12:31.610+0000] {logging_mixin.py:188} INFO - [2024-02-26T16:12:31.610+0000] {dag.py:3834} INFO - Setting next_dagrun for example_nested_branch_dag to 2024-02-25 00:00:00+00:00, run_after=2024-02-26 00:00:00+00:00
[2024-02-26T16:12:31.620+0000] {processor.py:183} INFO - Processing /home/airflow/.local/lib/python3.11/site-packages/airflow/example_dags/example_nested_branch_dag.py took 0.055 seconds
[2024-02-26T16:13:01.786+0000] {processor.py:161} INFO - Started process (PID=12278) to work on /home/airflow/.local/lib/python3.11/site-packages/airflow/example_dags/example_nested_branch_dag.py
[2024-02-26T16:13:01.788+0000] {processor.py:830} INFO - Processing file /home/airflow/.local/lib/python3.11/site-packages/airflow/example_dags/example_nested_branch_dag.py for tasks to queue
[2024-02-26T16:13:01.790+0000] {logging_mixin.py:188} INFO - [2024-02-26T16:13:01.789+0000] {dagbag.py:540} INFO - Filling up the DagBag from /home/airflow/.local/lib/python3.11/site-packages/airflow/example_dags/example_nested_branch_dag.py
[2024-02-26T16:13:01.799+0000] {processor.py:840} INFO - DAG(s) 'example_nested_branch_dag' retrieved from /home/airflow/.local/lib/python3.11/site-packages/airflow/example_dags/example_nested_branch_dag.py
[2024-02-26T16:13:01.820+0000] {logging_mixin.py:188} INFO - [2024-02-26T16:13:01.820+0000] {dag.py:3047} INFO - Sync 1 DAGs
[2024-02-26T16:13:01.834+0000] {logging_mixin.py:188} INFO - [2024-02-26T16:13:01.834+0000] {dag.py:3834} INFO - Setting next_dagrun for example_nested_branch_dag to 2024-02-25 00:00:00+00:00, run_after=2024-02-26 00:00:00+00:00
[2024-02-26T16:13:01.846+0000] {processor.py:183} INFO - Processing /home/airflow/.local/lib/python3.11/site-packages/airflow/example_dags/example_nested_branch_dag.py took 0.062 seconds
[2024-02-26T16:13:31.883+0000] {processor.py:161} INFO - Started process (PID=12526) to work on /home/airflow/.local/lib/python3.11/site-packages/airflow/example_dags/example_nested_branch_dag.py
[2024-02-26T16:13:31.885+0000] {processor.py:830} INFO - Processing file /home/airflow/.local/lib/python3.11/site-packages/airflow/example_dags/example_nested_branch_dag.py for tasks to queue
[2024-02-26T16:13:31.886+0000] {logging_mixin.py:188} INFO - [2024-02-26T16:13:31.886+0000] {dagbag.py:540} INFO - Filling up the DagBag from /home/airflow/.local/lib/python3.11/site-packages/airflow/example_dags/example_nested_branch_dag.py
[2024-02-26T16:13:31.893+0000] {processor.py:840} INFO - DAG(s) 'example_nested_branch_dag' retrieved from /home/airflow/.local/lib/python3.11/site-packages/airflow/example_dags/example_nested_branch_dag.py
[2024-02-26T16:13:31.912+0000] {logging_mixin.py:188} INFO - [2024-02-26T16:13:31.911+0000] {dag.py:3047} INFO - Sync 1 DAGs
[2024-02-26T16:13:31.925+0000] {logging_mixin.py:188} INFO - [2024-02-26T16:13:31.925+0000] {dag.py:3834} INFO - Setting next_dagrun for example_nested_branch_dag to 2024-02-25 00:00:00+00:00, run_after=2024-02-26 00:00:00+00:00
[2024-02-26T16:13:31.935+0000] {processor.py:183} INFO - Processing /home/airflow/.local/lib/python3.11/site-packages/airflow/example_dags/example_nested_branch_dag.py took 0.055 seconds
[2024-02-26T16:14:02.358+0000] {processor.py:161} INFO - Started process (PID=12772) to work on /home/airflow/.local/lib/python3.11/site-packages/airflow/example_dags/example_nested_branch_dag.py
[2024-02-26T16:14:02.360+0000] {processor.py:830} INFO - Processing file /home/airflow/.local/lib/python3.11/site-packages/airflow/example_dags/example_nested_branch_dag.py for tasks to queue
[2024-02-26T16:14:02.362+0000] {logging_mixin.py:188} INFO - [2024-02-26T16:14:02.361+0000] {dagbag.py:540} INFO - Filling up the DagBag from /home/airflow/.local/lib/python3.11/site-packages/airflow/example_dags/example_nested_branch_dag.py
[2024-02-26T16:14:02.371+0000] {processor.py:840} INFO - DAG(s) 'example_nested_branch_dag' retrieved from /home/airflow/.local/lib/python3.11/site-packages/airflow/example_dags/example_nested_branch_dag.py
[2024-02-26T16:14:02.391+0000] {logging_mixin.py:188} INFO - [2024-02-26T16:14:02.391+0000] {dag.py:3047} INFO - Sync 1 DAGs
[2024-02-26T16:14:02.405+0000] {logging_mixin.py:188} INFO - [2024-02-26T16:14:02.405+0000] {dag.py:3834} INFO - Setting next_dagrun for example_nested_branch_dag to 2024-02-25 00:00:00+00:00, run_after=2024-02-26 00:00:00+00:00
[2024-02-26T16:14:02.415+0000] {processor.py:183} INFO - Processing /home/airflow/.local/lib/python3.11/site-packages/airflow/example_dags/example_nested_branch_dag.py took 0.061 seconds
[2024-02-26T16:14:32.668+0000] {processor.py:161} INFO - Started process (PID=13019) to work on /home/airflow/.local/lib/python3.11/site-packages/airflow/example_dags/example_nested_branch_dag.py
[2024-02-26T16:14:32.670+0000] {processor.py:830} INFO - Processing file /home/airflow/.local/lib/python3.11/site-packages/airflow/example_dags/example_nested_branch_dag.py for tasks to queue
[2024-02-26T16:14:32.671+0000] {logging_mixin.py:188} INFO - [2024-02-26T16:14:32.671+0000] {dagbag.py:540} INFO - Filling up the DagBag from /home/airflow/.local/lib/python3.11/site-packages/airflow/example_dags/example_nested_branch_dag.py
[2024-02-26T16:14:32.681+0000] {processor.py:840} INFO - DAG(s) 'example_nested_branch_dag' retrieved from /home/airflow/.local/lib/python3.11/site-packages/airflow/example_dags/example_nested_branch_dag.py
[2024-02-26T16:14:32.701+0000] {logging_mixin.py:188} INFO - [2024-02-26T16:14:32.701+0000] {dag.py:3047} INFO - Sync 1 DAGs
[2024-02-26T16:14:32.716+0000] {logging_mixin.py:188} INFO - [2024-02-26T16:14:32.716+0000] {dag.py:3834} INFO - Setting next_dagrun for example_nested_branch_dag to 2024-02-25 00:00:00+00:00, run_after=2024-02-26 00:00:00+00:00
[2024-02-26T16:14:32.726+0000] {processor.py:183} INFO - Processing /home/airflow/.local/lib/python3.11/site-packages/airflow/example_dags/example_nested_branch_dag.py took 0.062 seconds
