[2024-02-26T15:48:33.071+0000] {processor.py:161} INFO - Started process (PID=204) to work on /home/airflow/.local/lib/python3.11/site-packages/airflow/example_dags/example_external_task_marker_dag.py
[2024-02-26T15:48:33.073+0000] {processor.py:830} INFO - Processing file /home/airflow/.local/lib/python3.11/site-packages/airflow/example_dags/example_external_task_marker_dag.py for tasks to queue
[2024-02-26T15:48:33.075+0000] {logging_mixin.py:188} INFO - [2024-02-26T15:48:33.074+0000] {dagbag.py:540} INFO - Filling up the DagBag from /home/airflow/.local/lib/python3.11/site-packages/airflow/example_dags/example_external_task_marker_dag.py
[2024-02-26T15:48:33.081+0000] {processor.py:840} INFO - DAG(s) 'example_external_task_marker_parent', 'example_external_task_marker_child' retrieved from /home/airflow/.local/lib/python3.11/site-packages/airflow/example_dags/example_external_task_marker_dag.py
[2024-02-26T15:48:33.097+0000] {logging_mixin.py:188} INFO - [2024-02-26T15:48:33.096+0000] {dag.py:3047} INFO - Sync 2 DAGs
[2024-02-26T15:48:33.109+0000] {logging_mixin.py:188} INFO - [2024-02-26T15:48:33.109+0000] {dag.py:3834} INFO - Setting next_dagrun for example_external_task_marker_child to None, run_after=None
[2024-02-26T15:48:33.116+0000] {logging_mixin.py:188} INFO - [2024-02-26T15:48:33.116+0000] {dag.py:3834} INFO - Setting next_dagrun for example_external_task_marker_parent to None, run_after=None
[2024-02-26T15:48:33.134+0000] {processor.py:183} INFO - Processing /home/airflow/.local/lib/python3.11/site-packages/airflow/example_dags/example_external_task_marker_dag.py took 0.066 seconds
[2024-02-26T15:49:03.457+0000] {processor.py:161} INFO - Started process (PID=451) to work on /home/airflow/.local/lib/python3.11/site-packages/airflow/example_dags/example_external_task_marker_dag.py
[2024-02-26T15:49:03.459+0000] {processor.py:830} INFO - Processing file /home/airflow/.local/lib/python3.11/site-packages/airflow/example_dags/example_external_task_marker_dag.py for tasks to queue
[2024-02-26T15:49:03.460+0000] {logging_mixin.py:188} INFO - [2024-02-26T15:49:03.460+0000] {dagbag.py:540} INFO - Filling up the DagBag from /home/airflow/.local/lib/python3.11/site-packages/airflow/example_dags/example_external_task_marker_dag.py
[2024-02-26T15:49:03.466+0000] {processor.py:840} INFO - DAG(s) 'example_external_task_marker_child', 'example_external_task_marker_parent' retrieved from /home/airflow/.local/lib/python3.11/site-packages/airflow/example_dags/example_external_task_marker_dag.py
[2024-02-26T15:49:03.534+0000] {logging_mixin.py:188} INFO - [2024-02-26T15:49:03.533+0000] {dag.py:3047} INFO - Sync 2 DAGs
[2024-02-26T15:49:03.541+0000] {logging_mixin.py:188} INFO - [2024-02-26T15:49:03.541+0000] {dag.py:3834} INFO - Setting next_dagrun for example_external_task_marker_child to None, run_after=None
[2024-02-26T15:49:03.545+0000] {logging_mixin.py:188} INFO - [2024-02-26T15:49:03.545+0000] {dag.py:3834} INFO - Setting next_dagrun for example_external_task_marker_parent to None, run_after=None
[2024-02-26T15:49:03.557+0000] {processor.py:183} INFO - Processing /home/airflow/.local/lib/python3.11/site-packages/airflow/example_dags/example_external_task_marker_dag.py took 0.103 seconds
[2024-02-26T15:49:34.258+0000] {processor.py:161} INFO - Started process (PID=698) to work on /home/airflow/.local/lib/python3.11/site-packages/airflow/example_dags/example_external_task_marker_dag.py
[2024-02-26T15:49:34.260+0000] {processor.py:830} INFO - Processing file /home/airflow/.local/lib/python3.11/site-packages/airflow/example_dags/example_external_task_marker_dag.py for tasks to queue
[2024-02-26T15:49:34.261+0000] {logging_mixin.py:188} INFO - [2024-02-26T15:49:34.261+0000] {dagbag.py:540} INFO - Filling up the DagBag from /home/airflow/.local/lib/python3.11/site-packages/airflow/example_dags/example_external_task_marker_dag.py
[2024-02-26T15:49:34.267+0000] {processor.py:840} INFO - DAG(s) 'example_external_task_marker_child', 'example_external_task_marker_parent' retrieved from /home/airflow/.local/lib/python3.11/site-packages/airflow/example_dags/example_external_task_marker_dag.py
[2024-02-26T15:49:34.289+0000] {logging_mixin.py:188} INFO - [2024-02-26T15:49:34.289+0000] {dag.py:3047} INFO - Sync 2 DAGs
[2024-02-26T15:49:34.297+0000] {logging_mixin.py:188} INFO - [2024-02-26T15:49:34.297+0000] {dag.py:3834} INFO - Setting next_dagrun for example_external_task_marker_child to None, run_after=None
[2024-02-26T15:49:34.301+0000] {logging_mixin.py:188} INFO - [2024-02-26T15:49:34.301+0000] {dag.py:3834} INFO - Setting next_dagrun for example_external_task_marker_parent to None, run_after=None
[2024-02-26T15:49:34.312+0000] {processor.py:183} INFO - Processing /home/airflow/.local/lib/python3.11/site-packages/airflow/example_dags/example_external_task_marker_dag.py took 0.057 seconds
[2024-02-26T15:50:04.892+0000] {processor.py:161} INFO - Started process (PID=946) to work on /home/airflow/.local/lib/python3.11/site-packages/airflow/example_dags/example_external_task_marker_dag.py
[2024-02-26T15:50:04.893+0000] {processor.py:830} INFO - Processing file /home/airflow/.local/lib/python3.11/site-packages/airflow/example_dags/example_external_task_marker_dag.py for tasks to queue
[2024-02-26T15:50:04.895+0000] {logging_mixin.py:188} INFO - [2024-02-26T15:50:04.894+0000] {dagbag.py:540} INFO - Filling up the DagBag from /home/airflow/.local/lib/python3.11/site-packages/airflow/example_dags/example_external_task_marker_dag.py
[2024-02-26T15:50:04.900+0000] {processor.py:840} INFO - DAG(s) 'example_external_task_marker_parent', 'example_external_task_marker_child' retrieved from /home/airflow/.local/lib/python3.11/site-packages/airflow/example_dags/example_external_task_marker_dag.py
[2024-02-26T15:50:04.920+0000] {logging_mixin.py:188} INFO - [2024-02-26T15:50:04.920+0000] {dag.py:3047} INFO - Sync 2 DAGs
[2024-02-26T15:50:04.929+0000] {logging_mixin.py:188} INFO - [2024-02-26T15:50:04.929+0000] {dag.py:3834} INFO - Setting next_dagrun for example_external_task_marker_child to None, run_after=None
[2024-02-26T15:50:04.932+0000] {logging_mixin.py:188} INFO - [2024-02-26T15:50:04.932+0000] {dag.py:3834} INFO - Setting next_dagrun for example_external_task_marker_parent to None, run_after=None
[2024-02-26T15:50:04.942+0000] {processor.py:183} INFO - Processing /home/airflow/.local/lib/python3.11/site-packages/airflow/example_dags/example_external_task_marker_dag.py took 0.053 seconds
[2024-02-26T15:50:35.982+0000] {processor.py:161} INFO - Started process (PID=1192) to work on /home/airflow/.local/lib/python3.11/site-packages/airflow/example_dags/example_external_task_marker_dag.py
[2024-02-26T15:50:35.984+0000] {processor.py:830} INFO - Processing file /home/airflow/.local/lib/python3.11/site-packages/airflow/example_dags/example_external_task_marker_dag.py for tasks to queue
[2024-02-26T15:50:35.988+0000] {logging_mixin.py:188} INFO - [2024-02-26T15:50:35.988+0000] {dagbag.py:540} INFO - Filling up the DagBag from /home/airflow/.local/lib/python3.11/site-packages/airflow/example_dags/example_external_task_marker_dag.py
[2024-02-26T15:50:35.997+0000] {processor.py:840} INFO - DAG(s) 'example_external_task_marker_child', 'example_external_task_marker_parent' retrieved from /home/airflow/.local/lib/python3.11/site-packages/airflow/example_dags/example_external_task_marker_dag.py
[2024-02-26T15:50:36.025+0000] {logging_mixin.py:188} INFO - [2024-02-26T15:50:36.024+0000] {dag.py:3047} INFO - Sync 2 DAGs
[2024-02-26T15:50:36.036+0000] {logging_mixin.py:188} INFO - [2024-02-26T15:50:36.036+0000] {dag.py:3834} INFO - Setting next_dagrun for example_external_task_marker_child to None, run_after=None
[2024-02-26T15:50:36.040+0000] {logging_mixin.py:188} INFO - [2024-02-26T15:50:36.040+0000] {dag.py:3834} INFO - Setting next_dagrun for example_external_task_marker_parent to None, run_after=None
[2024-02-26T15:50:36.054+0000] {processor.py:183} INFO - Processing /home/airflow/.local/lib/python3.11/site-packages/airflow/example_dags/example_external_task_marker_dag.py took 0.076 seconds
[2024-02-26T15:51:07.008+0000] {processor.py:161} INFO - Started process (PID=1439) to work on /home/airflow/.local/lib/python3.11/site-packages/airflow/example_dags/example_external_task_marker_dag.py
[2024-02-26T15:51:07.011+0000] {processor.py:830} INFO - Processing file /home/airflow/.local/lib/python3.11/site-packages/airflow/example_dags/example_external_task_marker_dag.py for tasks to queue
[2024-02-26T15:51:07.013+0000] {logging_mixin.py:188} INFO - [2024-02-26T15:51:07.012+0000] {dagbag.py:540} INFO - Filling up the DagBag from /home/airflow/.local/lib/python3.11/site-packages/airflow/example_dags/example_external_task_marker_dag.py
[2024-02-26T15:51:07.019+0000] {processor.py:840} INFO - DAG(s) 'example_external_task_marker_child', 'example_external_task_marker_parent' retrieved from /home/airflow/.local/lib/python3.11/site-packages/airflow/example_dags/example_external_task_marker_dag.py
[2024-02-26T15:51:07.039+0000] {logging_mixin.py:188} INFO - [2024-02-26T15:51:07.039+0000] {dag.py:3047} INFO - Sync 2 DAGs
[2024-02-26T15:51:07.051+0000] {logging_mixin.py:188} INFO - [2024-02-26T15:51:07.050+0000] {dag.py:3834} INFO - Setting next_dagrun for example_external_task_marker_child to None, run_after=None
[2024-02-26T15:51:07.053+0000] {logging_mixin.py:188} INFO - [2024-02-26T15:51:07.053+0000] {dag.py:3834} INFO - Setting next_dagrun for example_external_task_marker_parent to None, run_after=None
[2024-02-26T15:51:07.064+0000] {processor.py:183} INFO - Processing /home/airflow/.local/lib/python3.11/site-packages/airflow/example_dags/example_external_task_marker_dag.py took 0.059 seconds
[2024-02-26T15:51:37.852+0000] {processor.py:161} INFO - Started process (PID=1688) to work on /home/airflow/.local/lib/python3.11/site-packages/airflow/example_dags/example_external_task_marker_dag.py
[2024-02-26T15:51:37.854+0000] {processor.py:830} INFO - Processing file /home/airflow/.local/lib/python3.11/site-packages/airflow/example_dags/example_external_task_marker_dag.py for tasks to queue
[2024-02-26T15:51:37.856+0000] {logging_mixin.py:188} INFO - [2024-02-26T15:51:37.855+0000] {dagbag.py:540} INFO - Filling up the DagBag from /home/airflow/.local/lib/python3.11/site-packages/airflow/example_dags/example_external_task_marker_dag.py
[2024-02-26T15:51:37.865+0000] {processor.py:840} INFO - DAG(s) 'example_external_task_marker_child', 'example_external_task_marker_parent' retrieved from /home/airflow/.local/lib/python3.11/site-packages/airflow/example_dags/example_external_task_marker_dag.py
[2024-02-26T15:51:37.889+0000] {logging_mixin.py:188} INFO - [2024-02-26T15:51:37.889+0000] {dag.py:3047} INFO - Sync 2 DAGs
[2024-02-26T15:51:37.898+0000] {logging_mixin.py:188} INFO - [2024-02-26T15:51:37.898+0000] {dag.py:3834} INFO - Setting next_dagrun for example_external_task_marker_child to None, run_after=None
[2024-02-26T15:51:37.901+0000] {logging_mixin.py:188} INFO - [2024-02-26T15:51:37.901+0000] {dag.py:3834} INFO - Setting next_dagrun for example_external_task_marker_parent to None, run_after=None
[2024-02-26T15:51:37.913+0000] {processor.py:183} INFO - Processing /home/airflow/.local/lib/python3.11/site-packages/airflow/example_dags/example_external_task_marker_dag.py took 0.065 seconds
[2024-02-26T15:52:08.742+0000] {processor.py:161} INFO - Started process (PID=1983) to work on /home/airflow/.local/lib/python3.11/site-packages/airflow/example_dags/example_external_task_marker_dag.py
[2024-02-26T15:52:08.743+0000] {processor.py:830} INFO - Processing file /home/airflow/.local/lib/python3.11/site-packages/airflow/example_dags/example_external_task_marker_dag.py for tasks to queue
[2024-02-26T15:52:08.745+0000] {logging_mixin.py:188} INFO - [2024-02-26T15:52:08.744+0000] {dagbag.py:540} INFO - Filling up the DagBag from /home/airflow/.local/lib/python3.11/site-packages/airflow/example_dags/example_external_task_marker_dag.py
[2024-02-26T15:52:08.751+0000] {processor.py:840} INFO - DAG(s) 'example_external_task_marker_parent', 'example_external_task_marker_child' retrieved from /home/airflow/.local/lib/python3.11/site-packages/airflow/example_dags/example_external_task_marker_dag.py
[2024-02-26T15:52:08.773+0000] {logging_mixin.py:188} INFO - [2024-02-26T15:52:08.773+0000] {dag.py:3047} INFO - Sync 2 DAGs
[2024-02-26T15:52:08.783+0000] {logging_mixin.py:188} INFO - [2024-02-26T15:52:08.783+0000] {dag.py:3834} INFO - Setting next_dagrun for example_external_task_marker_child to None, run_after=None
[2024-02-26T15:52:08.787+0000] {logging_mixin.py:188} INFO - [2024-02-26T15:52:08.787+0000] {dag.py:3834} INFO - Setting next_dagrun for example_external_task_marker_parent to None, run_after=None
[2024-02-26T15:52:08.797+0000] {processor.py:183} INFO - Processing /home/airflow/.local/lib/python3.11/site-packages/airflow/example_dags/example_external_task_marker_dag.py took 0.059 seconds
[2024-02-26T15:52:39.240+0000] {processor.py:161} INFO - Started process (PID=2252) to work on /home/airflow/.local/lib/python3.11/site-packages/airflow/example_dags/example_external_task_marker_dag.py
[2024-02-26T15:52:39.242+0000] {processor.py:830} INFO - Processing file /home/airflow/.local/lib/python3.11/site-packages/airflow/example_dags/example_external_task_marker_dag.py for tasks to queue
[2024-02-26T15:52:39.243+0000] {logging_mixin.py:188} INFO - [2024-02-26T15:52:39.243+0000] {dagbag.py:540} INFO - Filling up the DagBag from /home/airflow/.local/lib/python3.11/site-packages/airflow/example_dags/example_external_task_marker_dag.py
[2024-02-26T15:52:39.249+0000] {processor.py:840} INFO - DAG(s) 'example_external_task_marker_child', 'example_external_task_marker_parent' retrieved from /home/airflow/.local/lib/python3.11/site-packages/airflow/example_dags/example_external_task_marker_dag.py
[2024-02-26T15:52:39.270+0000] {logging_mixin.py:188} INFO - [2024-02-26T15:52:39.270+0000] {dag.py:3047} INFO - Sync 2 DAGs
[2024-02-26T15:52:39.279+0000] {logging_mixin.py:188} INFO - [2024-02-26T15:52:39.279+0000] {dag.py:3834} INFO - Setting next_dagrun for example_external_task_marker_child to None, run_after=None
[2024-02-26T15:52:39.282+0000] {logging_mixin.py:188} INFO - [2024-02-26T15:52:39.282+0000] {dag.py:3834} INFO - Setting next_dagrun for example_external_task_marker_parent to None, run_after=None
[2024-02-26T15:52:39.292+0000] {processor.py:183} INFO - Processing /home/airflow/.local/lib/python3.11/site-packages/airflow/example_dags/example_external_task_marker_dag.py took 0.056 seconds
[2024-02-26T15:53:10.006+0000] {processor.py:161} INFO - Started process (PID=2499) to work on /home/airflow/.local/lib/python3.11/site-packages/airflow/example_dags/example_external_task_marker_dag.py
[2024-02-26T15:53:10.009+0000] {processor.py:830} INFO - Processing file /home/airflow/.local/lib/python3.11/site-packages/airflow/example_dags/example_external_task_marker_dag.py for tasks to queue
[2024-02-26T15:53:10.010+0000] {logging_mixin.py:188} INFO - [2024-02-26T15:53:10.010+0000] {dagbag.py:540} INFO - Filling up the DagBag from /home/airflow/.local/lib/python3.11/site-packages/airflow/example_dags/example_external_task_marker_dag.py
[2024-02-26T15:53:10.016+0000] {processor.py:840} INFO - DAG(s) 'example_external_task_marker_parent', 'example_external_task_marker_child' retrieved from /home/airflow/.local/lib/python3.11/site-packages/airflow/example_dags/example_external_task_marker_dag.py
[2024-02-26T15:53:10.037+0000] {logging_mixin.py:188} INFO - [2024-02-26T15:53:10.037+0000] {dag.py:3047} INFO - Sync 2 DAGs
[2024-02-26T15:53:10.047+0000] {logging_mixin.py:188} INFO - [2024-02-26T15:53:10.046+0000] {dag.py:3834} INFO - Setting next_dagrun for example_external_task_marker_child to None, run_after=None
[2024-02-26T15:53:10.051+0000] {logging_mixin.py:188} INFO - [2024-02-26T15:53:10.051+0000] {dag.py:3834} INFO - Setting next_dagrun for example_external_task_marker_parent to None, run_after=None
[2024-02-26T15:53:10.061+0000] {processor.py:183} INFO - Processing /home/airflow/.local/lib/python3.11/site-packages/airflow/example_dags/example_external_task_marker_dag.py took 0.058 seconds
[2024-02-26T15:53:40.922+0000] {processor.py:161} INFO - Started process (PID=2748) to work on /home/airflow/.local/lib/python3.11/site-packages/airflow/example_dags/example_external_task_marker_dag.py
[2024-02-26T15:53:40.926+0000] {processor.py:830} INFO - Processing file /home/airflow/.local/lib/python3.11/site-packages/airflow/example_dags/example_external_task_marker_dag.py for tasks to queue
[2024-02-26T15:53:40.927+0000] {logging_mixin.py:188} INFO - [2024-02-26T15:53:40.927+0000] {dagbag.py:540} INFO - Filling up the DagBag from /home/airflow/.local/lib/python3.11/site-packages/airflow/example_dags/example_external_task_marker_dag.py
[2024-02-26T15:53:40.933+0000] {processor.py:840} INFO - DAG(s) 'example_external_task_marker_child', 'example_external_task_marker_parent' retrieved from /home/airflow/.local/lib/python3.11/site-packages/airflow/example_dags/example_external_task_marker_dag.py
[2024-02-26T15:53:40.953+0000] {logging_mixin.py:188} INFO - [2024-02-26T15:53:40.953+0000] {dag.py:3047} INFO - Sync 2 DAGs
[2024-02-26T15:53:40.963+0000] {logging_mixin.py:188} INFO - [2024-02-26T15:53:40.963+0000] {dag.py:3834} INFO - Setting next_dagrun for example_external_task_marker_child to None, run_after=None
[2024-02-26T15:53:40.967+0000] {logging_mixin.py:188} INFO - [2024-02-26T15:53:40.967+0000] {dag.py:3834} INFO - Setting next_dagrun for example_external_task_marker_parent to None, run_after=None
[2024-02-26T15:53:40.977+0000] {processor.py:183} INFO - Processing /home/airflow/.local/lib/python3.11/site-packages/airflow/example_dags/example_external_task_marker_dag.py took 0.058 seconds
[2024-02-26T15:54:11.687+0000] {processor.py:161} INFO - Started process (PID=2995) to work on /home/airflow/.local/lib/python3.11/site-packages/airflow/example_dags/example_external_task_marker_dag.py
[2024-02-26T15:54:11.688+0000] {processor.py:830} INFO - Processing file /home/airflow/.local/lib/python3.11/site-packages/airflow/example_dags/example_external_task_marker_dag.py for tasks to queue
[2024-02-26T15:54:11.690+0000] {logging_mixin.py:188} INFO - [2024-02-26T15:54:11.690+0000] {dagbag.py:540} INFO - Filling up the DagBag from /home/airflow/.local/lib/python3.11/site-packages/airflow/example_dags/example_external_task_marker_dag.py
[2024-02-26T15:54:11.696+0000] {processor.py:840} INFO - DAG(s) 'example_external_task_marker_parent', 'example_external_task_marker_child' retrieved from /home/airflow/.local/lib/python3.11/site-packages/airflow/example_dags/example_external_task_marker_dag.py
[2024-02-26T15:54:11.718+0000] {logging_mixin.py:188} INFO - [2024-02-26T15:54:11.718+0000] {dag.py:3047} INFO - Sync 2 DAGs
[2024-02-26T15:54:11.727+0000] {logging_mixin.py:188} INFO - [2024-02-26T15:54:11.727+0000] {dag.py:3834} INFO - Setting next_dagrun for example_external_task_marker_child to None, run_after=None
[2024-02-26T15:54:11.731+0000] {logging_mixin.py:188} INFO - [2024-02-26T15:54:11.731+0000] {dag.py:3834} INFO - Setting next_dagrun for example_external_task_marker_parent to None, run_after=None
[2024-02-26T15:54:11.741+0000] {processor.py:183} INFO - Processing /home/airflow/.local/lib/python3.11/site-packages/airflow/example_dags/example_external_task_marker_dag.py took 0.057 seconds
[2024-02-26T15:54:42.381+0000] {processor.py:161} INFO - Started process (PID=3240) to work on /home/airflow/.local/lib/python3.11/site-packages/airflow/example_dags/example_external_task_marker_dag.py
[2024-02-26T15:54:42.382+0000] {processor.py:830} INFO - Processing file /home/airflow/.local/lib/python3.11/site-packages/airflow/example_dags/example_external_task_marker_dag.py for tasks to queue
[2024-02-26T15:54:42.384+0000] {logging_mixin.py:188} INFO - [2024-02-26T15:54:42.384+0000] {dagbag.py:540} INFO - Filling up the DagBag from /home/airflow/.local/lib/python3.11/site-packages/airflow/example_dags/example_external_task_marker_dag.py
[2024-02-26T15:54:42.389+0000] {processor.py:840} INFO - DAG(s) 'example_external_task_marker_child', 'example_external_task_marker_parent' retrieved from /home/airflow/.local/lib/python3.11/site-packages/airflow/example_dags/example_external_task_marker_dag.py
[2024-02-26T15:54:42.411+0000] {logging_mixin.py:188} INFO - [2024-02-26T15:54:42.411+0000] {dag.py:3047} INFO - Sync 2 DAGs
[2024-02-26T15:54:42.420+0000] {logging_mixin.py:188} INFO - [2024-02-26T15:54:42.420+0000] {dag.py:3834} INFO - Setting next_dagrun for example_external_task_marker_child to None, run_after=None
[2024-02-26T15:54:42.423+0000] {logging_mixin.py:188} INFO - [2024-02-26T15:54:42.423+0000] {dag.py:3834} INFO - Setting next_dagrun for example_external_task_marker_parent to None, run_after=None
[2024-02-26T15:54:42.434+0000] {processor.py:183} INFO - Processing /home/airflow/.local/lib/python3.11/site-packages/airflow/example_dags/example_external_task_marker_dag.py took 0.057 seconds
[2024-02-26T15:55:13.299+0000] {processor.py:161} INFO - Started process (PID=3486) to work on /home/airflow/.local/lib/python3.11/site-packages/airflow/example_dags/example_external_task_marker_dag.py
[2024-02-26T15:55:13.301+0000] {processor.py:830} INFO - Processing file /home/airflow/.local/lib/python3.11/site-packages/airflow/example_dags/example_external_task_marker_dag.py for tasks to queue
[2024-02-26T15:55:13.302+0000] {logging_mixin.py:188} INFO - [2024-02-26T15:55:13.302+0000] {dagbag.py:540} INFO - Filling up the DagBag from /home/airflow/.local/lib/python3.11/site-packages/airflow/example_dags/example_external_task_marker_dag.py
[2024-02-26T15:55:13.307+0000] {processor.py:840} INFO - DAG(s) 'example_external_task_marker_child', 'example_external_task_marker_parent' retrieved from /home/airflow/.local/lib/python3.11/site-packages/airflow/example_dags/example_external_task_marker_dag.py
[2024-02-26T15:55:13.330+0000] {logging_mixin.py:188} INFO - [2024-02-26T15:55:13.329+0000] {dag.py:3047} INFO - Sync 2 DAGs
[2024-02-26T15:55:13.338+0000] {logging_mixin.py:188} INFO - [2024-02-26T15:55:13.338+0000] {dag.py:3834} INFO - Setting next_dagrun for example_external_task_marker_child to None, run_after=None
[2024-02-26T15:55:13.342+0000] {logging_mixin.py:188} INFO - [2024-02-26T15:55:13.342+0000] {dag.py:3834} INFO - Setting next_dagrun for example_external_task_marker_parent to None, run_after=None
[2024-02-26T15:55:13.354+0000] {processor.py:183} INFO - Processing /home/airflow/.local/lib/python3.11/site-packages/airflow/example_dags/example_external_task_marker_dag.py took 0.058 seconds
[2024-02-26T15:55:44.382+0000] {processor.py:161} INFO - Started process (PID=3733) to work on /home/airflow/.local/lib/python3.11/site-packages/airflow/example_dags/example_external_task_marker_dag.py
[2024-02-26T15:55:44.384+0000] {processor.py:830} INFO - Processing file /home/airflow/.local/lib/python3.11/site-packages/airflow/example_dags/example_external_task_marker_dag.py for tasks to queue
[2024-02-26T15:55:44.385+0000] {logging_mixin.py:188} INFO - [2024-02-26T15:55:44.385+0000] {dagbag.py:540} INFO - Filling up the DagBag from /home/airflow/.local/lib/python3.11/site-packages/airflow/example_dags/example_external_task_marker_dag.py
[2024-02-26T15:55:44.391+0000] {processor.py:840} INFO - DAG(s) 'example_external_task_marker_parent', 'example_external_task_marker_child' retrieved from /home/airflow/.local/lib/python3.11/site-packages/airflow/example_dags/example_external_task_marker_dag.py
[2024-02-26T15:55:44.413+0000] {logging_mixin.py:188} INFO - [2024-02-26T15:55:44.413+0000] {dag.py:3047} INFO - Sync 2 DAGs
[2024-02-26T15:55:44.422+0000] {logging_mixin.py:188} INFO - [2024-02-26T15:55:44.422+0000] {dag.py:3834} INFO - Setting next_dagrun for example_external_task_marker_child to None, run_after=None
[2024-02-26T15:55:44.426+0000] {logging_mixin.py:188} INFO - [2024-02-26T15:55:44.426+0000] {dag.py:3834} INFO - Setting next_dagrun for example_external_task_marker_parent to None, run_after=None
[2024-02-26T15:55:44.437+0000] {processor.py:183} INFO - Processing /home/airflow/.local/lib/python3.11/site-packages/airflow/example_dags/example_external_task_marker_dag.py took 0.058 seconds
[2024-02-26T15:56:14.580+0000] {processor.py:161} INFO - Started process (PID=3980) to work on /home/airflow/.local/lib/python3.11/site-packages/airflow/example_dags/example_external_task_marker_dag.py
[2024-02-26T15:56:14.583+0000] {processor.py:830} INFO - Processing file /home/airflow/.local/lib/python3.11/site-packages/airflow/example_dags/example_external_task_marker_dag.py for tasks to queue
[2024-02-26T15:56:14.590+0000] {logging_mixin.py:188} INFO - [2024-02-26T15:56:14.589+0000] {dagbag.py:540} INFO - Filling up the DagBag from /home/airflow/.local/lib/python3.11/site-packages/airflow/example_dags/example_external_task_marker_dag.py
[2024-02-26T15:56:14.600+0000] {processor.py:840} INFO - DAG(s) 'example_external_task_marker_child', 'example_external_task_marker_parent' retrieved from /home/airflow/.local/lib/python3.11/site-packages/airflow/example_dags/example_external_task_marker_dag.py
[2024-02-26T15:56:14.637+0000] {logging_mixin.py:188} INFO - [2024-02-26T15:56:14.637+0000] {dag.py:3047} INFO - Sync 2 DAGs
[2024-02-26T15:56:14.648+0000] {logging_mixin.py:188} INFO - [2024-02-26T15:56:14.648+0000] {dag.py:3834} INFO - Setting next_dagrun for example_external_task_marker_child to None, run_after=None
[2024-02-26T15:56:14.653+0000] {logging_mixin.py:188} INFO - [2024-02-26T15:56:14.652+0000] {dag.py:3834} INFO - Setting next_dagrun for example_external_task_marker_parent to None, run_after=None
[2024-02-26T15:56:14.672+0000] {processor.py:183} INFO - Processing /home/airflow/.local/lib/python3.11/site-packages/airflow/example_dags/example_external_task_marker_dag.py took 0.096 seconds
[2024-02-26T15:56:44.897+0000] {processor.py:161} INFO - Started process (PID=4228) to work on /home/airflow/.local/lib/python3.11/site-packages/airflow/example_dags/example_external_task_marker_dag.py
[2024-02-26T15:56:44.900+0000] {processor.py:830} INFO - Processing file /home/airflow/.local/lib/python3.11/site-packages/airflow/example_dags/example_external_task_marker_dag.py for tasks to queue
[2024-02-26T15:56:44.902+0000] {logging_mixin.py:188} INFO - [2024-02-26T15:56:44.901+0000] {dagbag.py:540} INFO - Filling up the DagBag from /home/airflow/.local/lib/python3.11/site-packages/airflow/example_dags/example_external_task_marker_dag.py
[2024-02-26T15:56:44.908+0000] {processor.py:840} INFO - DAG(s) 'example_external_task_marker_child', 'example_external_task_marker_parent' retrieved from /home/airflow/.local/lib/python3.11/site-packages/airflow/example_dags/example_external_task_marker_dag.py
[2024-02-26T15:56:44.932+0000] {logging_mixin.py:188} INFO - [2024-02-26T15:56:44.932+0000] {dag.py:3047} INFO - Sync 2 DAGs
[2024-02-26T15:56:44.943+0000] {logging_mixin.py:188} INFO - [2024-02-26T15:56:44.943+0000] {dag.py:3834} INFO - Setting next_dagrun for example_external_task_marker_child to None, run_after=None
[2024-02-26T15:56:44.947+0000] {logging_mixin.py:188} INFO - [2024-02-26T15:56:44.947+0000] {dag.py:3834} INFO - Setting next_dagrun for example_external_task_marker_parent to None, run_after=None
[2024-02-26T15:56:44.961+0000] {processor.py:183} INFO - Processing /home/airflow/.local/lib/python3.11/site-packages/airflow/example_dags/example_external_task_marker_dag.py took 0.068 seconds
[2024-02-26T15:57:15.395+0000] {processor.py:161} INFO - Started process (PID=4477) to work on /home/airflow/.local/lib/python3.11/site-packages/airflow/example_dags/example_external_task_marker_dag.py
[2024-02-26T15:57:15.397+0000] {processor.py:830} INFO - Processing file /home/airflow/.local/lib/python3.11/site-packages/airflow/example_dags/example_external_task_marker_dag.py for tasks to queue
[2024-02-26T15:57:15.398+0000] {logging_mixin.py:188} INFO - [2024-02-26T15:57:15.398+0000] {dagbag.py:540} INFO - Filling up the DagBag from /home/airflow/.local/lib/python3.11/site-packages/airflow/example_dags/example_external_task_marker_dag.py
[2024-02-26T15:57:15.404+0000] {processor.py:840} INFO - DAG(s) 'example_external_task_marker_parent', 'example_external_task_marker_child' retrieved from /home/airflow/.local/lib/python3.11/site-packages/airflow/example_dags/example_external_task_marker_dag.py
[2024-02-26T15:57:15.426+0000] {logging_mixin.py:188} INFO - [2024-02-26T15:57:15.426+0000] {dag.py:3047} INFO - Sync 2 DAGs
[2024-02-26T15:57:15.437+0000] {logging_mixin.py:188} INFO - [2024-02-26T15:57:15.437+0000] {dag.py:3834} INFO - Setting next_dagrun for example_external_task_marker_child to None, run_after=None
[2024-02-26T15:57:15.441+0000] {logging_mixin.py:188} INFO - [2024-02-26T15:57:15.441+0000] {dag.py:3834} INFO - Setting next_dagrun for example_external_task_marker_parent to None, run_after=None
[2024-02-26T15:57:15.452+0000] {processor.py:183} INFO - Processing /home/airflow/.local/lib/python3.11/site-packages/airflow/example_dags/example_external_task_marker_dag.py took 0.061 seconds
[2024-02-26T15:57:45.606+0000] {processor.py:161} INFO - Started process (PID=4724) to work on /home/airflow/.local/lib/python3.11/site-packages/airflow/example_dags/example_external_task_marker_dag.py
[2024-02-26T15:57:45.608+0000] {processor.py:830} INFO - Processing file /home/airflow/.local/lib/python3.11/site-packages/airflow/example_dags/example_external_task_marker_dag.py for tasks to queue
[2024-02-26T15:57:45.610+0000] {logging_mixin.py:188} INFO - [2024-02-26T15:57:45.610+0000] {dagbag.py:540} INFO - Filling up the DagBag from /home/airflow/.local/lib/python3.11/site-packages/airflow/example_dags/example_external_task_marker_dag.py
[2024-02-26T15:57:45.616+0000] {processor.py:840} INFO - DAG(s) 'example_external_task_marker_parent', 'example_external_task_marker_child' retrieved from /home/airflow/.local/lib/python3.11/site-packages/airflow/example_dags/example_external_task_marker_dag.py
[2024-02-26T15:57:45.638+0000] {logging_mixin.py:188} INFO - [2024-02-26T15:57:45.638+0000] {dag.py:3047} INFO - Sync 2 DAGs
[2024-02-26T15:57:45.648+0000] {logging_mixin.py:188} INFO - [2024-02-26T15:57:45.648+0000] {dag.py:3834} INFO - Setting next_dagrun for example_external_task_marker_child to None, run_after=None
[2024-02-26T15:57:45.653+0000] {logging_mixin.py:188} INFO - [2024-02-26T15:57:45.653+0000] {dag.py:3834} INFO - Setting next_dagrun for example_external_task_marker_parent to None, run_after=None
[2024-02-26T15:57:45.663+0000] {processor.py:183} INFO - Processing /home/airflow/.local/lib/python3.11/site-packages/airflow/example_dags/example_external_task_marker_dag.py took 0.060 seconds
[2024-02-26T15:58:15.712+0000] {processor.py:161} INFO - Started process (PID=4969) to work on /home/airflow/.local/lib/python3.11/site-packages/airflow/example_dags/example_external_task_marker_dag.py
[2024-02-26T15:58:15.714+0000] {processor.py:830} INFO - Processing file /home/airflow/.local/lib/python3.11/site-packages/airflow/example_dags/example_external_task_marker_dag.py for tasks to queue
[2024-02-26T15:58:15.716+0000] {logging_mixin.py:188} INFO - [2024-02-26T15:58:15.716+0000] {dagbag.py:540} INFO - Filling up the DagBag from /home/airflow/.local/lib/python3.11/site-packages/airflow/example_dags/example_external_task_marker_dag.py
[2024-02-26T15:58:15.722+0000] {processor.py:840} INFO - DAG(s) 'example_external_task_marker_parent', 'example_external_task_marker_child' retrieved from /home/airflow/.local/lib/python3.11/site-packages/airflow/example_dags/example_external_task_marker_dag.py
[2024-02-26T15:58:15.747+0000] {logging_mixin.py:188} INFO - [2024-02-26T15:58:15.746+0000] {dag.py:3047} INFO - Sync 2 DAGs
[2024-02-26T15:58:15.758+0000] {logging_mixin.py:188} INFO - [2024-02-26T15:58:15.758+0000] {dag.py:3834} INFO - Setting next_dagrun for example_external_task_marker_child to None, run_after=None
[2024-02-26T15:58:15.762+0000] {logging_mixin.py:188} INFO - [2024-02-26T15:58:15.762+0000] {dag.py:3834} INFO - Setting next_dagrun for example_external_task_marker_parent to None, run_after=None
[2024-02-26T15:58:15.773+0000] {processor.py:183} INFO - Processing /home/airflow/.local/lib/python3.11/site-packages/airflow/example_dags/example_external_task_marker_dag.py took 0.064 seconds
[2024-02-26T15:58:46.072+0000] {processor.py:161} INFO - Started process (PID=5219) to work on /home/airflow/.local/lib/python3.11/site-packages/airflow/example_dags/example_external_task_marker_dag.py
[2024-02-26T15:58:46.075+0000] {processor.py:830} INFO - Processing file /home/airflow/.local/lib/python3.11/site-packages/airflow/example_dags/example_external_task_marker_dag.py for tasks to queue
[2024-02-26T15:58:46.078+0000] {logging_mixin.py:188} INFO - [2024-02-26T15:58:46.077+0000] {dagbag.py:540} INFO - Filling up the DagBag from /home/airflow/.local/lib/python3.11/site-packages/airflow/example_dags/example_external_task_marker_dag.py
[2024-02-26T15:58:46.086+0000] {processor.py:840} INFO - DAG(s) 'example_external_task_marker_parent', 'example_external_task_marker_child' retrieved from /home/airflow/.local/lib/python3.11/site-packages/airflow/example_dags/example_external_task_marker_dag.py
[2024-02-26T15:58:46.123+0000] {logging_mixin.py:188} INFO - [2024-02-26T15:58:46.123+0000] {dag.py:3047} INFO - Sync 2 DAGs
[2024-02-26T15:58:46.138+0000] {logging_mixin.py:188} INFO - [2024-02-26T15:58:46.138+0000] {dag.py:3834} INFO - Setting next_dagrun for example_external_task_marker_child to None, run_after=None
[2024-02-26T15:58:46.147+0000] {logging_mixin.py:188} INFO - [2024-02-26T15:58:46.147+0000] {dag.py:3834} INFO - Setting next_dagrun for example_external_task_marker_parent to None, run_after=None
[2024-02-26T15:58:46.162+0000] {processor.py:183} INFO - Processing /home/airflow/.local/lib/python3.11/site-packages/airflow/example_dags/example_external_task_marker_dag.py took 0.095 seconds
[2024-02-26T15:59:16.314+0000] {processor.py:161} INFO - Started process (PID=5467) to work on /home/airflow/.local/lib/python3.11/site-packages/airflow/example_dags/example_external_task_marker_dag.py
[2024-02-26T15:59:16.315+0000] {processor.py:830} INFO - Processing file /home/airflow/.local/lib/python3.11/site-packages/airflow/example_dags/example_external_task_marker_dag.py for tasks to queue
[2024-02-26T15:59:16.317+0000] {logging_mixin.py:188} INFO - [2024-02-26T15:59:16.316+0000] {dagbag.py:540} INFO - Filling up the DagBag from /home/airflow/.local/lib/python3.11/site-packages/airflow/example_dags/example_external_task_marker_dag.py
[2024-02-26T15:59:16.323+0000] {processor.py:840} INFO - DAG(s) 'example_external_task_marker_parent', 'example_external_task_marker_child' retrieved from /home/airflow/.local/lib/python3.11/site-packages/airflow/example_dags/example_external_task_marker_dag.py
[2024-02-26T15:59:16.348+0000] {logging_mixin.py:188} INFO - [2024-02-26T15:59:16.348+0000] {dag.py:3047} INFO - Sync 2 DAGs
[2024-02-26T15:59:16.358+0000] {logging_mixin.py:188} INFO - [2024-02-26T15:59:16.357+0000] {dag.py:3834} INFO - Setting next_dagrun for example_external_task_marker_child to None, run_after=None
[2024-02-26T15:59:16.362+0000] {logging_mixin.py:188} INFO - [2024-02-26T15:59:16.361+0000] {dag.py:3834} INFO - Setting next_dagrun for example_external_task_marker_parent to None, run_after=None
[2024-02-26T15:59:16.372+0000] {processor.py:183} INFO - Processing /home/airflow/.local/lib/python3.11/site-packages/airflow/example_dags/example_external_task_marker_dag.py took 0.062 seconds
[2024-02-26T15:59:46.631+0000] {processor.py:161} INFO - Started process (PID=5712) to work on /home/airflow/.local/lib/python3.11/site-packages/airflow/example_dags/example_external_task_marker_dag.py
[2024-02-26T15:59:46.633+0000] {processor.py:830} INFO - Processing file /home/airflow/.local/lib/python3.11/site-packages/airflow/example_dags/example_external_task_marker_dag.py for tasks to queue
[2024-02-26T15:59:46.634+0000] {logging_mixin.py:188} INFO - [2024-02-26T15:59:46.634+0000] {dagbag.py:540} INFO - Filling up the DagBag from /home/airflow/.local/lib/python3.11/site-packages/airflow/example_dags/example_external_task_marker_dag.py
[2024-02-26T15:59:46.639+0000] {processor.py:840} INFO - DAG(s) 'example_external_task_marker_parent', 'example_external_task_marker_child' retrieved from /home/airflow/.local/lib/python3.11/site-packages/airflow/example_dags/example_external_task_marker_dag.py
[2024-02-26T15:59:46.660+0000] {logging_mixin.py:188} INFO - [2024-02-26T15:59:46.660+0000] {dag.py:3047} INFO - Sync 2 DAGs
[2024-02-26T15:59:46.669+0000] {logging_mixin.py:188} INFO - [2024-02-26T15:59:46.669+0000] {dag.py:3834} INFO - Setting next_dagrun for example_external_task_marker_child to None, run_after=None
[2024-02-26T15:59:46.673+0000] {logging_mixin.py:188} INFO - [2024-02-26T15:59:46.673+0000] {dag.py:3834} INFO - Setting next_dagrun for example_external_task_marker_parent to None, run_after=None
[2024-02-26T15:59:46.683+0000] {processor.py:183} INFO - Processing /home/airflow/.local/lib/python3.11/site-packages/airflow/example_dags/example_external_task_marker_dag.py took 0.055 seconds
[2024-02-26T16:00:17.476+0000] {processor.py:161} INFO - Started process (PID=5961) to work on /home/airflow/.local/lib/python3.11/site-packages/airflow/example_dags/example_external_task_marker_dag.py
[2024-02-26T16:00:17.479+0000] {processor.py:830} INFO - Processing file /home/airflow/.local/lib/python3.11/site-packages/airflow/example_dags/example_external_task_marker_dag.py for tasks to queue
[2024-02-26T16:00:17.481+0000] {logging_mixin.py:188} INFO - [2024-02-26T16:00:17.480+0000] {dagbag.py:540} INFO - Filling up the DagBag from /home/airflow/.local/lib/python3.11/site-packages/airflow/example_dags/example_external_task_marker_dag.py
[2024-02-26T16:00:17.487+0000] {processor.py:840} INFO - DAG(s) 'example_external_task_marker_parent', 'example_external_task_marker_child' retrieved from /home/airflow/.local/lib/python3.11/site-packages/airflow/example_dags/example_external_task_marker_dag.py
[2024-02-26T16:00:17.509+0000] {logging_mixin.py:188} INFO - [2024-02-26T16:00:17.509+0000] {dag.py:3047} INFO - Sync 2 DAGs
[2024-02-26T16:00:17.520+0000] {logging_mixin.py:188} INFO - [2024-02-26T16:00:17.520+0000] {dag.py:3834} INFO - Setting next_dagrun for example_external_task_marker_child to None, run_after=None
[2024-02-26T16:00:17.523+0000] {logging_mixin.py:188} INFO - [2024-02-26T16:00:17.523+0000] {dag.py:3834} INFO - Setting next_dagrun for example_external_task_marker_parent to None, run_after=None
[2024-02-26T16:00:17.532+0000] {processor.py:183} INFO - Processing /home/airflow/.local/lib/python3.11/site-packages/airflow/example_dags/example_external_task_marker_dag.py took 0.060 seconds
[2024-02-26T16:00:48.321+0000] {processor.py:161} INFO - Started process (PID=6207) to work on /home/airflow/.local/lib/python3.11/site-packages/airflow/example_dags/example_external_task_marker_dag.py
[2024-02-26T16:00:48.323+0000] {processor.py:830} INFO - Processing file /home/airflow/.local/lib/python3.11/site-packages/airflow/example_dags/example_external_task_marker_dag.py for tasks to queue
[2024-02-26T16:00:48.324+0000] {logging_mixin.py:188} INFO - [2024-02-26T16:00:48.324+0000] {dagbag.py:540} INFO - Filling up the DagBag from /home/airflow/.local/lib/python3.11/site-packages/airflow/example_dags/example_external_task_marker_dag.py
[2024-02-26T16:00:48.330+0000] {processor.py:840} INFO - DAG(s) 'example_external_task_marker_child', 'example_external_task_marker_parent' retrieved from /home/airflow/.local/lib/python3.11/site-packages/airflow/example_dags/example_external_task_marker_dag.py
[2024-02-26T16:00:48.353+0000] {logging_mixin.py:188} INFO - [2024-02-26T16:00:48.353+0000] {dag.py:3047} INFO - Sync 2 DAGs
[2024-02-26T16:00:48.364+0000] {logging_mixin.py:188} INFO - [2024-02-26T16:00:48.363+0000] {dag.py:3834} INFO - Setting next_dagrun for example_external_task_marker_child to None, run_after=None
[2024-02-26T16:00:48.367+0000] {logging_mixin.py:188} INFO - [2024-02-26T16:00:48.367+0000] {dag.py:3834} INFO - Setting next_dagrun for example_external_task_marker_parent to None, run_after=None
[2024-02-26T16:00:48.378+0000] {processor.py:183} INFO - Processing /home/airflow/.local/lib/python3.11/site-packages/airflow/example_dags/example_external_task_marker_dag.py took 0.060 seconds
[2024-02-26T16:01:19.027+0000] {processor.py:161} INFO - Started process (PID=6452) to work on /home/airflow/.local/lib/python3.11/site-packages/airflow/example_dags/example_external_task_marker_dag.py
[2024-02-26T16:01:19.029+0000] {processor.py:830} INFO - Processing file /home/airflow/.local/lib/python3.11/site-packages/airflow/example_dags/example_external_task_marker_dag.py for tasks to queue
[2024-02-26T16:01:19.032+0000] {logging_mixin.py:188} INFO - [2024-02-26T16:01:19.031+0000] {dagbag.py:540} INFO - Filling up the DagBag from /home/airflow/.local/lib/python3.11/site-packages/airflow/example_dags/example_external_task_marker_dag.py
[2024-02-26T16:01:19.038+0000] {processor.py:840} INFO - DAG(s) 'example_external_task_marker_parent', 'example_external_task_marker_child' retrieved from /home/airflow/.local/lib/python3.11/site-packages/airflow/example_dags/example_external_task_marker_dag.py
[2024-02-26T16:01:19.060+0000] {logging_mixin.py:188} INFO - [2024-02-26T16:01:19.060+0000] {dag.py:3047} INFO - Sync 2 DAGs
[2024-02-26T16:01:19.075+0000] {logging_mixin.py:188} INFO - [2024-02-26T16:01:19.075+0000] {dag.py:3834} INFO - Setting next_dagrun for example_external_task_marker_child to None, run_after=None
[2024-02-26T16:01:19.079+0000] {logging_mixin.py:188} INFO - [2024-02-26T16:01:19.079+0000] {dag.py:3834} INFO - Setting next_dagrun for example_external_task_marker_parent to None, run_after=None
[2024-02-26T16:01:19.095+0000] {processor.py:183} INFO - Processing /home/airflow/.local/lib/python3.11/site-packages/airflow/example_dags/example_external_task_marker_dag.py took 0.070 seconds
[2024-02-26T16:01:49.262+0000] {processor.py:161} INFO - Started process (PID=6701) to work on /home/airflow/.local/lib/python3.11/site-packages/airflow/example_dags/example_external_task_marker_dag.py
[2024-02-26T16:01:49.263+0000] {processor.py:830} INFO - Processing file /home/airflow/.local/lib/python3.11/site-packages/airflow/example_dags/example_external_task_marker_dag.py for tasks to queue
[2024-02-26T16:01:49.265+0000] {logging_mixin.py:188} INFO - [2024-02-26T16:01:49.265+0000] {dagbag.py:540} INFO - Filling up the DagBag from /home/airflow/.local/lib/python3.11/site-packages/airflow/example_dags/example_external_task_marker_dag.py
[2024-02-26T16:01:49.270+0000] {processor.py:840} INFO - DAG(s) 'example_external_task_marker_parent', 'example_external_task_marker_child' retrieved from /home/airflow/.local/lib/python3.11/site-packages/airflow/example_dags/example_external_task_marker_dag.py
[2024-02-26T16:01:49.290+0000] {logging_mixin.py:188} INFO - [2024-02-26T16:01:49.290+0000] {dag.py:3047} INFO - Sync 2 DAGs
[2024-02-26T16:01:49.299+0000] {logging_mixin.py:188} INFO - [2024-02-26T16:01:49.298+0000] {dag.py:3834} INFO - Setting next_dagrun for example_external_task_marker_child to None, run_after=None
[2024-02-26T16:01:49.302+0000] {logging_mixin.py:188} INFO - [2024-02-26T16:01:49.301+0000] {dag.py:3834} INFO - Setting next_dagrun for example_external_task_marker_parent to None, run_after=None
[2024-02-26T16:01:49.311+0000] {processor.py:183} INFO - Processing /home/airflow/.local/lib/python3.11/site-packages/airflow/example_dags/example_external_task_marker_dag.py took 0.052 seconds
[2024-02-26T16:02:20.287+0000] {processor.py:161} INFO - Started process (PID=6948) to work on /home/airflow/.local/lib/python3.11/site-packages/airflow/example_dags/example_external_task_marker_dag.py
[2024-02-26T16:02:20.290+0000] {processor.py:830} INFO - Processing file /home/airflow/.local/lib/python3.11/site-packages/airflow/example_dags/example_external_task_marker_dag.py for tasks to queue
[2024-02-26T16:02:20.291+0000] {logging_mixin.py:188} INFO - [2024-02-26T16:02:20.291+0000] {dagbag.py:540} INFO - Filling up the DagBag from /home/airflow/.local/lib/python3.11/site-packages/airflow/example_dags/example_external_task_marker_dag.py
[2024-02-26T16:02:20.297+0000] {processor.py:840} INFO - DAG(s) 'example_external_task_marker_child', 'example_external_task_marker_parent' retrieved from /home/airflow/.local/lib/python3.11/site-packages/airflow/example_dags/example_external_task_marker_dag.py
[2024-02-26T16:02:20.322+0000] {logging_mixin.py:188} INFO - [2024-02-26T16:02:20.322+0000] {dag.py:3047} INFO - Sync 2 DAGs
[2024-02-26T16:02:20.335+0000] {logging_mixin.py:188} INFO - [2024-02-26T16:02:20.335+0000] {dag.py:3834} INFO - Setting next_dagrun for example_external_task_marker_child to None, run_after=None
[2024-02-26T16:02:20.341+0000] {logging_mixin.py:188} INFO - [2024-02-26T16:02:20.341+0000] {dag.py:3834} INFO - Setting next_dagrun for example_external_task_marker_parent to None, run_after=None
[2024-02-26T16:02:20.353+0000] {processor.py:183} INFO - Processing /home/airflow/.local/lib/python3.11/site-packages/airflow/example_dags/example_external_task_marker_dag.py took 0.072 seconds
[2024-02-26T16:02:50.541+0000] {processor.py:161} INFO - Started process (PID=7195) to work on /home/airflow/.local/lib/python3.11/site-packages/airflow/example_dags/example_external_task_marker_dag.py
[2024-02-26T16:02:50.545+0000] {processor.py:830} INFO - Processing file /home/airflow/.local/lib/python3.11/site-packages/airflow/example_dags/example_external_task_marker_dag.py for tasks to queue
[2024-02-26T16:02:50.546+0000] {logging_mixin.py:188} INFO - [2024-02-26T16:02:50.546+0000] {dagbag.py:540} INFO - Filling up the DagBag from /home/airflow/.local/lib/python3.11/site-packages/airflow/example_dags/example_external_task_marker_dag.py
[2024-02-26T16:02:50.554+0000] {processor.py:840} INFO - DAG(s) 'example_external_task_marker_child', 'example_external_task_marker_parent' retrieved from /home/airflow/.local/lib/python3.11/site-packages/airflow/example_dags/example_external_task_marker_dag.py
[2024-02-26T16:02:50.577+0000] {logging_mixin.py:188} INFO - [2024-02-26T16:02:50.577+0000] {dag.py:3047} INFO - Sync 2 DAGs
[2024-02-26T16:02:50.587+0000] {logging_mixin.py:188} INFO - [2024-02-26T16:02:50.587+0000] {dag.py:3834} INFO - Setting next_dagrun for example_external_task_marker_child to None, run_after=None
[2024-02-26T16:02:50.591+0000] {logging_mixin.py:188} INFO - [2024-02-26T16:02:50.590+0000] {dag.py:3834} INFO - Setting next_dagrun for example_external_task_marker_parent to None, run_after=None
[2024-02-26T16:02:50.601+0000] {processor.py:183} INFO - Processing /home/airflow/.local/lib/python3.11/site-packages/airflow/example_dags/example_external_task_marker_dag.py took 0.064 seconds
[2024-02-26T16:03:20.640+0000] {processor.py:161} INFO - Started process (PID=7440) to work on /home/airflow/.local/lib/python3.11/site-packages/airflow/example_dags/example_external_task_marker_dag.py
[2024-02-26T16:03:20.642+0000] {processor.py:830} INFO - Processing file /home/airflow/.local/lib/python3.11/site-packages/airflow/example_dags/example_external_task_marker_dag.py for tasks to queue
[2024-02-26T16:03:20.644+0000] {logging_mixin.py:188} INFO - [2024-02-26T16:03:20.643+0000] {dagbag.py:540} INFO - Filling up the DagBag from /home/airflow/.local/lib/python3.11/site-packages/airflow/example_dags/example_external_task_marker_dag.py
[2024-02-26T16:03:20.649+0000] {processor.py:840} INFO - DAG(s) 'example_external_task_marker_parent', 'example_external_task_marker_child' retrieved from /home/airflow/.local/lib/python3.11/site-packages/airflow/example_dags/example_external_task_marker_dag.py
[2024-02-26T16:03:20.672+0000] {logging_mixin.py:188} INFO - [2024-02-26T16:03:20.672+0000] {dag.py:3047} INFO - Sync 2 DAGs
[2024-02-26T16:03:20.681+0000] {logging_mixin.py:188} INFO - [2024-02-26T16:03:20.681+0000] {dag.py:3834} INFO - Setting next_dagrun for example_external_task_marker_child to None, run_after=None
[2024-02-26T16:03:20.685+0000] {logging_mixin.py:188} INFO - [2024-02-26T16:03:20.685+0000] {dag.py:3834} INFO - Setting next_dagrun for example_external_task_marker_parent to None, run_after=None
[2024-02-26T16:03:20.694+0000] {processor.py:183} INFO - Processing /home/airflow/.local/lib/python3.11/site-packages/airflow/example_dags/example_external_task_marker_dag.py took 0.057 seconds
[2024-02-26T16:03:50.874+0000] {processor.py:161} INFO - Started process (PID=7685) to work on /home/airflow/.local/lib/python3.11/site-packages/airflow/example_dags/example_external_task_marker_dag.py
[2024-02-26T16:03:50.876+0000] {processor.py:830} INFO - Processing file /home/airflow/.local/lib/python3.11/site-packages/airflow/example_dags/example_external_task_marker_dag.py for tasks to queue
[2024-02-26T16:03:50.877+0000] {logging_mixin.py:188} INFO - [2024-02-26T16:03:50.877+0000] {dagbag.py:540} INFO - Filling up the DagBag from /home/airflow/.local/lib/python3.11/site-packages/airflow/example_dags/example_external_task_marker_dag.py
[2024-02-26T16:03:50.883+0000] {processor.py:840} INFO - DAG(s) 'example_external_task_marker_parent', 'example_external_task_marker_child' retrieved from /home/airflow/.local/lib/python3.11/site-packages/airflow/example_dags/example_external_task_marker_dag.py
[2024-02-26T16:03:50.903+0000] {logging_mixin.py:188} INFO - [2024-02-26T16:03:50.903+0000] {dag.py:3047} INFO - Sync 2 DAGs
[2024-02-26T16:03:50.912+0000] {logging_mixin.py:188} INFO - [2024-02-26T16:03:50.911+0000] {dag.py:3834} INFO - Setting next_dagrun for example_external_task_marker_child to None, run_after=None
[2024-02-26T16:03:50.914+0000] {logging_mixin.py:188} INFO - [2024-02-26T16:03:50.914+0000] {dag.py:3834} INFO - Setting next_dagrun for example_external_task_marker_parent to None, run_after=None
[2024-02-26T16:03:50.923+0000] {processor.py:183} INFO - Processing /home/airflow/.local/lib/python3.11/site-packages/airflow/example_dags/example_external_task_marker_dag.py took 0.052 seconds
[2024-02-26T16:04:21.658+0000] {processor.py:161} INFO - Started process (PID=7937) to work on /home/airflow/.local/lib/python3.11/site-packages/airflow/example_dags/example_external_task_marker_dag.py
[2024-02-26T16:04:21.662+0000] {processor.py:830} INFO - Processing file /home/airflow/.local/lib/python3.11/site-packages/airflow/example_dags/example_external_task_marker_dag.py for tasks to queue
[2024-02-26T16:04:21.664+0000] {logging_mixin.py:188} INFO - [2024-02-26T16:04:21.663+0000] {dagbag.py:540} INFO - Filling up the DagBag from /home/airflow/.local/lib/python3.11/site-packages/airflow/example_dags/example_external_task_marker_dag.py
[2024-02-26T16:04:21.670+0000] {processor.py:840} INFO - DAG(s) 'example_external_task_marker_child', 'example_external_task_marker_parent' retrieved from /home/airflow/.local/lib/python3.11/site-packages/airflow/example_dags/example_external_task_marker_dag.py
[2024-02-26T16:04:21.692+0000] {logging_mixin.py:188} INFO - [2024-02-26T16:04:21.691+0000] {dag.py:3047} INFO - Sync 2 DAGs
[2024-02-26T16:04:21.701+0000] {logging_mixin.py:188} INFO - [2024-02-26T16:04:21.701+0000] {dag.py:3834} INFO - Setting next_dagrun for example_external_task_marker_child to None, run_after=None
[2024-02-26T16:04:21.705+0000] {logging_mixin.py:188} INFO - [2024-02-26T16:04:21.705+0000] {dag.py:3834} INFO - Setting next_dagrun for example_external_task_marker_parent to None, run_after=None
[2024-02-26T16:04:21.716+0000] {processor.py:183} INFO - Processing /home/airflow/.local/lib/python3.11/site-packages/airflow/example_dags/example_external_task_marker_dag.py took 0.061 seconds
[2024-02-26T16:04:52.461+0000] {processor.py:161} INFO - Started process (PID=8184) to work on /home/airflow/.local/lib/python3.11/site-packages/airflow/example_dags/example_external_task_marker_dag.py
[2024-02-26T16:04:52.462+0000] {processor.py:830} INFO - Processing file /home/airflow/.local/lib/python3.11/site-packages/airflow/example_dags/example_external_task_marker_dag.py for tasks to queue
[2024-02-26T16:04:52.464+0000] {logging_mixin.py:188} INFO - [2024-02-26T16:04:52.464+0000] {dagbag.py:540} INFO - Filling up the DagBag from /home/airflow/.local/lib/python3.11/site-packages/airflow/example_dags/example_external_task_marker_dag.py
[2024-02-26T16:04:52.470+0000] {processor.py:840} INFO - DAG(s) 'example_external_task_marker_parent', 'example_external_task_marker_child' retrieved from /home/airflow/.local/lib/python3.11/site-packages/airflow/example_dags/example_external_task_marker_dag.py
[2024-02-26T16:04:52.492+0000] {logging_mixin.py:188} INFO - [2024-02-26T16:04:52.491+0000] {dag.py:3047} INFO - Sync 2 DAGs
[2024-02-26T16:04:52.500+0000] {logging_mixin.py:188} INFO - [2024-02-26T16:04:52.500+0000] {dag.py:3834} INFO - Setting next_dagrun for example_external_task_marker_child to None, run_after=None
[2024-02-26T16:04:52.507+0000] {logging_mixin.py:188} INFO - [2024-02-26T16:04:52.507+0000] {dag.py:3834} INFO - Setting next_dagrun for example_external_task_marker_parent to None, run_after=None
[2024-02-26T16:04:52.519+0000] {processor.py:183} INFO - Processing /home/airflow/.local/lib/python3.11/site-packages/airflow/example_dags/example_external_task_marker_dag.py took 0.061 seconds
[2024-02-26T16:05:23.280+0000] {processor.py:161} INFO - Started process (PID=8431) to work on /home/airflow/.local/lib/python3.11/site-packages/airflow/example_dags/example_external_task_marker_dag.py
[2024-02-26T16:05:23.282+0000] {processor.py:830} INFO - Processing file /home/airflow/.local/lib/python3.11/site-packages/airflow/example_dags/example_external_task_marker_dag.py for tasks to queue
[2024-02-26T16:05:23.283+0000] {logging_mixin.py:188} INFO - [2024-02-26T16:05:23.283+0000] {dagbag.py:540} INFO - Filling up the DagBag from /home/airflow/.local/lib/python3.11/site-packages/airflow/example_dags/example_external_task_marker_dag.py
[2024-02-26T16:05:23.289+0000] {processor.py:840} INFO - DAG(s) 'example_external_task_marker_child', 'example_external_task_marker_parent' retrieved from /home/airflow/.local/lib/python3.11/site-packages/airflow/example_dags/example_external_task_marker_dag.py
[2024-02-26T16:05:23.310+0000] {logging_mixin.py:188} INFO - [2024-02-26T16:05:23.310+0000] {dag.py:3047} INFO - Sync 2 DAGs
[2024-02-26T16:05:23.319+0000] {logging_mixin.py:188} INFO - [2024-02-26T16:05:23.319+0000] {dag.py:3834} INFO - Setting next_dagrun for example_external_task_marker_child to None, run_after=None
[2024-02-26T16:05:23.323+0000] {logging_mixin.py:188} INFO - [2024-02-26T16:05:23.323+0000] {dag.py:3834} INFO - Setting next_dagrun for example_external_task_marker_parent to None, run_after=None
[2024-02-26T16:05:23.334+0000] {processor.py:183} INFO - Processing /home/airflow/.local/lib/python3.11/site-packages/airflow/example_dags/example_external_task_marker_dag.py took 0.057 seconds
[2024-02-26T16:05:53.923+0000] {processor.py:161} INFO - Started process (PID=8676) to work on /home/airflow/.local/lib/python3.11/site-packages/airflow/example_dags/example_external_task_marker_dag.py
[2024-02-26T16:05:53.925+0000] {processor.py:830} INFO - Processing file /home/airflow/.local/lib/python3.11/site-packages/airflow/example_dags/example_external_task_marker_dag.py for tasks to queue
[2024-02-26T16:05:53.927+0000] {logging_mixin.py:188} INFO - [2024-02-26T16:05:53.927+0000] {dagbag.py:540} INFO - Filling up the DagBag from /home/airflow/.local/lib/python3.11/site-packages/airflow/example_dags/example_external_task_marker_dag.py
[2024-02-26T16:05:53.933+0000] {processor.py:840} INFO - DAG(s) 'example_external_task_marker_child', 'example_external_task_marker_parent' retrieved from /home/airflow/.local/lib/python3.11/site-packages/airflow/example_dags/example_external_task_marker_dag.py
[2024-02-26T16:05:53.954+0000] {logging_mixin.py:188} INFO - [2024-02-26T16:05:53.954+0000] {dag.py:3047} INFO - Sync 2 DAGs
[2024-02-26T16:05:53.965+0000] {logging_mixin.py:188} INFO - [2024-02-26T16:05:53.965+0000] {dag.py:3834} INFO - Setting next_dagrun for example_external_task_marker_child to None, run_after=None
[2024-02-26T16:05:53.969+0000] {logging_mixin.py:188} INFO - [2024-02-26T16:05:53.969+0000] {dag.py:3834} INFO - Setting next_dagrun for example_external_task_marker_parent to None, run_after=None
[2024-02-26T16:05:53.978+0000] {processor.py:183} INFO - Processing /home/airflow/.local/lib/python3.11/site-packages/airflow/example_dags/example_external_task_marker_dag.py took 0.059 seconds
[2024-02-26T16:06:24.871+0000] {processor.py:161} INFO - Started process (PID=8925) to work on /home/airflow/.local/lib/python3.11/site-packages/airflow/example_dags/example_external_task_marker_dag.py
[2024-02-26T16:06:24.873+0000] {processor.py:830} INFO - Processing file /home/airflow/.local/lib/python3.11/site-packages/airflow/example_dags/example_external_task_marker_dag.py for tasks to queue
[2024-02-26T16:06:24.874+0000] {logging_mixin.py:188} INFO - [2024-02-26T16:06:24.874+0000] {dagbag.py:540} INFO - Filling up the DagBag from /home/airflow/.local/lib/python3.11/site-packages/airflow/example_dags/example_external_task_marker_dag.py
[2024-02-26T16:06:24.884+0000] {processor.py:840} INFO - DAG(s) 'example_external_task_marker_parent', 'example_external_task_marker_child' retrieved from /home/airflow/.local/lib/python3.11/site-packages/airflow/example_dags/example_external_task_marker_dag.py
[2024-02-26T16:06:24.907+0000] {logging_mixin.py:188} INFO - [2024-02-26T16:06:24.906+0000] {dag.py:3047} INFO - Sync 2 DAGs
[2024-02-26T16:06:24.917+0000] {logging_mixin.py:188} INFO - [2024-02-26T16:06:24.917+0000] {dag.py:3834} INFO - Setting next_dagrun for example_external_task_marker_child to None, run_after=None
[2024-02-26T16:06:24.920+0000] {logging_mixin.py:188} INFO - [2024-02-26T16:06:24.920+0000] {dag.py:3834} INFO - Setting next_dagrun for example_external_task_marker_parent to None, run_after=None
[2024-02-26T16:06:24.933+0000] {processor.py:183} INFO - Processing /home/airflow/.local/lib/python3.11/site-packages/airflow/example_dags/example_external_task_marker_dag.py took 0.065 seconds
[2024-02-26T16:06:55.650+0000] {processor.py:161} INFO - Started process (PID=9172) to work on /home/airflow/.local/lib/python3.11/site-packages/airflow/example_dags/example_external_task_marker_dag.py
[2024-02-26T16:06:55.652+0000] {processor.py:830} INFO - Processing file /home/airflow/.local/lib/python3.11/site-packages/airflow/example_dags/example_external_task_marker_dag.py for tasks to queue
[2024-02-26T16:06:55.653+0000] {logging_mixin.py:188} INFO - [2024-02-26T16:06:55.653+0000] {dagbag.py:540} INFO - Filling up the DagBag from /home/airflow/.local/lib/python3.11/site-packages/airflow/example_dags/example_external_task_marker_dag.py
[2024-02-26T16:06:55.661+0000] {processor.py:840} INFO - DAG(s) 'example_external_task_marker_child', 'example_external_task_marker_parent' retrieved from /home/airflow/.local/lib/python3.11/site-packages/airflow/example_dags/example_external_task_marker_dag.py
[2024-02-26T16:06:55.683+0000] {logging_mixin.py:188} INFO - [2024-02-26T16:06:55.683+0000] {dag.py:3047} INFO - Sync 2 DAGs
[2024-02-26T16:06:55.692+0000] {logging_mixin.py:188} INFO - [2024-02-26T16:06:55.692+0000] {dag.py:3834} INFO - Setting next_dagrun for example_external_task_marker_child to None, run_after=None
[2024-02-26T16:06:55.696+0000] {logging_mixin.py:188} INFO - [2024-02-26T16:06:55.696+0000] {dag.py:3834} INFO - Setting next_dagrun for example_external_task_marker_parent to None, run_after=None
[2024-02-26T16:06:55.706+0000] {processor.py:183} INFO - Processing /home/airflow/.local/lib/python3.11/site-packages/airflow/example_dags/example_external_task_marker_dag.py took 0.059 seconds
[2024-02-26T16:07:25.802+0000] {processor.py:161} INFO - Started process (PID=9419) to work on /home/airflow/.local/lib/python3.11/site-packages/airflow/example_dags/example_external_task_marker_dag.py
[2024-02-26T16:07:25.803+0000] {processor.py:830} INFO - Processing file /home/airflow/.local/lib/python3.11/site-packages/airflow/example_dags/example_external_task_marker_dag.py for tasks to queue
[2024-02-26T16:07:25.805+0000] {logging_mixin.py:188} INFO - [2024-02-26T16:07:25.805+0000] {dagbag.py:540} INFO - Filling up the DagBag from /home/airflow/.local/lib/python3.11/site-packages/airflow/example_dags/example_external_task_marker_dag.py
[2024-02-26T16:07:25.811+0000] {processor.py:840} INFO - DAG(s) 'example_external_task_marker_child', 'example_external_task_marker_parent' retrieved from /home/airflow/.local/lib/python3.11/site-packages/airflow/example_dags/example_external_task_marker_dag.py
[2024-02-26T16:07:25.834+0000] {logging_mixin.py:188} INFO - [2024-02-26T16:07:25.834+0000] {dag.py:3047} INFO - Sync 2 DAGs
[2024-02-26T16:07:25.844+0000] {logging_mixin.py:188} INFO - [2024-02-26T16:07:25.844+0000] {dag.py:3834} INFO - Setting next_dagrun for example_external_task_marker_child to None, run_after=None
[2024-02-26T16:07:25.848+0000] {logging_mixin.py:188} INFO - [2024-02-26T16:07:25.848+0000] {dag.py:3834} INFO - Setting next_dagrun for example_external_task_marker_parent to None, run_after=None
[2024-02-26T16:07:25.860+0000] {processor.py:183} INFO - Processing /home/airflow/.local/lib/python3.11/site-packages/airflow/example_dags/example_external_task_marker_dag.py took 0.061 seconds
[2024-02-26T16:07:55.974+0000] {processor.py:161} INFO - Started process (PID=9666) to work on /home/airflow/.local/lib/python3.11/site-packages/airflow/example_dags/example_external_task_marker_dag.py
[2024-02-26T16:07:55.976+0000] {processor.py:830} INFO - Processing file /home/airflow/.local/lib/python3.11/site-packages/airflow/example_dags/example_external_task_marker_dag.py for tasks to queue
[2024-02-26T16:07:55.977+0000] {logging_mixin.py:188} INFO - [2024-02-26T16:07:55.977+0000] {dagbag.py:540} INFO - Filling up the DagBag from /home/airflow/.local/lib/python3.11/site-packages/airflow/example_dags/example_external_task_marker_dag.py
[2024-02-26T16:07:55.984+0000] {processor.py:840} INFO - DAG(s) 'example_external_task_marker_parent', 'example_external_task_marker_child' retrieved from /home/airflow/.local/lib/python3.11/site-packages/airflow/example_dags/example_external_task_marker_dag.py
[2024-02-26T16:07:56.020+0000] {logging_mixin.py:188} INFO - [2024-02-26T16:07:56.019+0000] {dag.py:3047} INFO - Sync 2 DAGs
[2024-02-26T16:07:56.031+0000] {logging_mixin.py:188} INFO - [2024-02-26T16:07:56.031+0000] {dag.py:3834} INFO - Setting next_dagrun for example_external_task_marker_child to None, run_after=None
[2024-02-26T16:07:56.036+0000] {logging_mixin.py:188} INFO - [2024-02-26T16:07:56.036+0000] {dag.py:3834} INFO - Setting next_dagrun for example_external_task_marker_parent to None, run_after=None
[2024-02-26T16:07:56.051+0000] {processor.py:183} INFO - Processing /home/airflow/.local/lib/python3.11/site-packages/airflow/example_dags/example_external_task_marker_dag.py took 0.081 seconds
[2024-02-26T16:08:26.151+0000] {processor.py:161} INFO - Started process (PID=9911) to work on /home/airflow/.local/lib/python3.11/site-packages/airflow/example_dags/example_external_task_marker_dag.py
[2024-02-26T16:08:26.154+0000] {processor.py:830} INFO - Processing file /home/airflow/.local/lib/python3.11/site-packages/airflow/example_dags/example_external_task_marker_dag.py for tasks to queue
[2024-02-26T16:08:26.155+0000] {logging_mixin.py:188} INFO - [2024-02-26T16:08:26.155+0000] {dagbag.py:540} INFO - Filling up the DagBag from /home/airflow/.local/lib/python3.11/site-packages/airflow/example_dags/example_external_task_marker_dag.py
[2024-02-26T16:08:26.163+0000] {processor.py:840} INFO - DAG(s) 'example_external_task_marker_child', 'example_external_task_marker_parent' retrieved from /home/airflow/.local/lib/python3.11/site-packages/airflow/example_dags/example_external_task_marker_dag.py
[2024-02-26T16:08:26.184+0000] {logging_mixin.py:188} INFO - [2024-02-26T16:08:26.184+0000] {dag.py:3047} INFO - Sync 2 DAGs
[2024-02-26T16:08:26.195+0000] {logging_mixin.py:188} INFO - [2024-02-26T16:08:26.195+0000] {dag.py:3834} INFO - Setting next_dagrun for example_external_task_marker_child to None, run_after=None
[2024-02-26T16:08:26.198+0000] {logging_mixin.py:188} INFO - [2024-02-26T16:08:26.198+0000] {dag.py:3834} INFO - Setting next_dagrun for example_external_task_marker_parent to None, run_after=None
[2024-02-26T16:08:26.208+0000] {processor.py:183} INFO - Processing /home/airflow/.local/lib/python3.11/site-packages/airflow/example_dags/example_external_task_marker_dag.py took 0.060 seconds
[2024-02-26T16:08:56.425+0000] {processor.py:161} INFO - Started process (PID=10160) to work on /home/airflow/.local/lib/python3.11/site-packages/airflow/example_dags/example_external_task_marker_dag.py
[2024-02-26T16:08:56.427+0000] {processor.py:830} INFO - Processing file /home/airflow/.local/lib/python3.11/site-packages/airflow/example_dags/example_external_task_marker_dag.py for tasks to queue
[2024-02-26T16:08:56.428+0000] {logging_mixin.py:188} INFO - [2024-02-26T16:08:56.428+0000] {dagbag.py:540} INFO - Filling up the DagBag from /home/airflow/.local/lib/python3.11/site-packages/airflow/example_dags/example_external_task_marker_dag.py
[2024-02-26T16:08:56.435+0000] {processor.py:840} INFO - DAG(s) 'example_external_task_marker_parent', 'example_external_task_marker_child' retrieved from /home/airflow/.local/lib/python3.11/site-packages/airflow/example_dags/example_external_task_marker_dag.py
[2024-02-26T16:08:56.459+0000] {logging_mixin.py:188} INFO - [2024-02-26T16:08:56.458+0000] {dag.py:3047} INFO - Sync 2 DAGs
[2024-02-26T16:08:56.469+0000] {logging_mixin.py:188} INFO - [2024-02-26T16:08:56.468+0000] {dag.py:3834} INFO - Setting next_dagrun for example_external_task_marker_child to None, run_after=None
[2024-02-26T16:08:56.472+0000] {logging_mixin.py:188} INFO - [2024-02-26T16:08:56.472+0000] {dag.py:3834} INFO - Setting next_dagrun for example_external_task_marker_parent to None, run_after=None
[2024-02-26T16:08:56.482+0000] {processor.py:183} INFO - Processing /home/airflow/.local/lib/python3.11/site-packages/airflow/example_dags/example_external_task_marker_dag.py took 0.060 seconds
[2024-02-26T16:09:26.569+0000] {processor.py:161} INFO - Started process (PID=10405) to work on /home/airflow/.local/lib/python3.11/site-packages/airflow/example_dags/example_external_task_marker_dag.py
[2024-02-26T16:09:26.571+0000] {processor.py:830} INFO - Processing file /home/airflow/.local/lib/python3.11/site-packages/airflow/example_dags/example_external_task_marker_dag.py for tasks to queue
[2024-02-26T16:09:26.573+0000] {logging_mixin.py:188} INFO - [2024-02-26T16:09:26.572+0000] {dagbag.py:540} INFO - Filling up the DagBag from /home/airflow/.local/lib/python3.11/site-packages/airflow/example_dags/example_external_task_marker_dag.py
[2024-02-26T16:09:26.578+0000] {processor.py:840} INFO - DAG(s) 'example_external_task_marker_parent', 'example_external_task_marker_child' retrieved from /home/airflow/.local/lib/python3.11/site-packages/airflow/example_dags/example_external_task_marker_dag.py
[2024-02-26T16:09:26.600+0000] {logging_mixin.py:188} INFO - [2024-02-26T16:09:26.600+0000] {dag.py:3047} INFO - Sync 2 DAGs
[2024-02-26T16:09:26.610+0000] {logging_mixin.py:188} INFO - [2024-02-26T16:09:26.610+0000] {dag.py:3834} INFO - Setting next_dagrun for example_external_task_marker_child to None, run_after=None
[2024-02-26T16:09:26.615+0000] {logging_mixin.py:188} INFO - [2024-02-26T16:09:26.614+0000] {dag.py:3834} INFO - Setting next_dagrun for example_external_task_marker_parent to None, run_after=None
[2024-02-26T16:09:26.625+0000] {processor.py:183} INFO - Processing /home/airflow/.local/lib/python3.11/site-packages/airflow/example_dags/example_external_task_marker_dag.py took 0.059 seconds
[2024-02-26T16:09:56.760+0000] {processor.py:161} INFO - Started process (PID=10652) to work on /home/airflow/.local/lib/python3.11/site-packages/airflow/example_dags/example_external_task_marker_dag.py
[2024-02-26T16:09:56.762+0000] {processor.py:830} INFO - Processing file /home/airflow/.local/lib/python3.11/site-packages/airflow/example_dags/example_external_task_marker_dag.py for tasks to queue
[2024-02-26T16:09:56.764+0000] {logging_mixin.py:188} INFO - [2024-02-26T16:09:56.763+0000] {dagbag.py:540} INFO - Filling up the DagBag from /home/airflow/.local/lib/python3.11/site-packages/airflow/example_dags/example_external_task_marker_dag.py
[2024-02-26T16:09:56.771+0000] {processor.py:840} INFO - DAG(s) 'example_external_task_marker_parent', 'example_external_task_marker_child' retrieved from /home/airflow/.local/lib/python3.11/site-packages/airflow/example_dags/example_external_task_marker_dag.py
[2024-02-26T16:09:56.795+0000] {logging_mixin.py:188} INFO - [2024-02-26T16:09:56.795+0000] {dag.py:3047} INFO - Sync 2 DAGs
[2024-02-26T16:09:56.805+0000] {logging_mixin.py:188} INFO - [2024-02-26T16:09:56.805+0000] {dag.py:3834} INFO - Setting next_dagrun for example_external_task_marker_child to None, run_after=None
[2024-02-26T16:09:56.809+0000] {logging_mixin.py:188} INFO - [2024-02-26T16:09:56.809+0000] {dag.py:3834} INFO - Setting next_dagrun for example_external_task_marker_parent to None, run_after=None
[2024-02-26T16:09:56.823+0000] {processor.py:183} INFO - Processing /home/airflow/.local/lib/python3.11/site-packages/airflow/example_dags/example_external_task_marker_dag.py took 0.067 seconds
[2024-02-26T16:10:27.062+0000] {processor.py:161} INFO - Started process (PID=10901) to work on /home/airflow/.local/lib/python3.11/site-packages/airflow/example_dags/example_external_task_marker_dag.py
[2024-02-26T16:10:27.063+0000] {processor.py:830} INFO - Processing file /home/airflow/.local/lib/python3.11/site-packages/airflow/example_dags/example_external_task_marker_dag.py for tasks to queue
[2024-02-26T16:10:27.065+0000] {logging_mixin.py:188} INFO - [2024-02-26T16:10:27.064+0000] {dagbag.py:540} INFO - Filling up the DagBag from /home/airflow/.local/lib/python3.11/site-packages/airflow/example_dags/example_external_task_marker_dag.py
[2024-02-26T16:10:27.070+0000] {processor.py:840} INFO - DAG(s) 'example_external_task_marker_parent', 'example_external_task_marker_child' retrieved from /home/airflow/.local/lib/python3.11/site-packages/airflow/example_dags/example_external_task_marker_dag.py
[2024-02-26T16:10:27.092+0000] {logging_mixin.py:188} INFO - [2024-02-26T16:10:27.092+0000] {dag.py:3047} INFO - Sync 2 DAGs
[2024-02-26T16:10:27.100+0000] {logging_mixin.py:188} INFO - [2024-02-26T16:10:27.100+0000] {dag.py:3834} INFO - Setting next_dagrun for example_external_task_marker_child to None, run_after=None
[2024-02-26T16:10:27.104+0000] {logging_mixin.py:188} INFO - [2024-02-26T16:10:27.103+0000] {dag.py:3834} INFO - Setting next_dagrun for example_external_task_marker_parent to None, run_after=None
[2024-02-26T16:10:27.113+0000] {processor.py:183} INFO - Processing /home/airflow/.local/lib/python3.11/site-packages/airflow/example_dags/example_external_task_marker_dag.py took 0.054 seconds
[2024-02-26T16:10:57.256+0000] {processor.py:161} INFO - Started process (PID=11146) to work on /home/airflow/.local/lib/python3.11/site-packages/airflow/example_dags/example_external_task_marker_dag.py
[2024-02-26T16:10:57.258+0000] {processor.py:830} INFO - Processing file /home/airflow/.local/lib/python3.11/site-packages/airflow/example_dags/example_external_task_marker_dag.py for tasks to queue
[2024-02-26T16:10:57.259+0000] {logging_mixin.py:188} INFO - [2024-02-26T16:10:57.259+0000] {dagbag.py:540} INFO - Filling up the DagBag from /home/airflow/.local/lib/python3.11/site-packages/airflow/example_dags/example_external_task_marker_dag.py
[2024-02-26T16:10:57.265+0000] {processor.py:840} INFO - DAG(s) 'example_external_task_marker_parent', 'example_external_task_marker_child' retrieved from /home/airflow/.local/lib/python3.11/site-packages/airflow/example_dags/example_external_task_marker_dag.py
[2024-02-26T16:10:57.287+0000] {logging_mixin.py:188} INFO - [2024-02-26T16:10:57.287+0000] {dag.py:3047} INFO - Sync 2 DAGs
[2024-02-26T16:10:57.296+0000] {logging_mixin.py:188} INFO - [2024-02-26T16:10:57.296+0000] {dag.py:3834} INFO - Setting next_dagrun for example_external_task_marker_child to None, run_after=None
[2024-02-26T16:10:57.299+0000] {logging_mixin.py:188} INFO - [2024-02-26T16:10:57.299+0000] {dag.py:3834} INFO - Setting next_dagrun for example_external_task_marker_parent to None, run_after=None
[2024-02-26T16:10:57.309+0000] {processor.py:183} INFO - Processing /home/airflow/.local/lib/python3.11/site-packages/airflow/example_dags/example_external_task_marker_dag.py took 0.056 seconds
[2024-02-26T16:11:27.574+0000] {processor.py:161} INFO - Started process (PID=11395) to work on /home/airflow/.local/lib/python3.11/site-packages/airflow/example_dags/example_external_task_marker_dag.py
[2024-02-26T16:11:27.575+0000] {processor.py:830} INFO - Processing file /home/airflow/.local/lib/python3.11/site-packages/airflow/example_dags/example_external_task_marker_dag.py for tasks to queue
[2024-02-26T16:11:27.576+0000] {logging_mixin.py:188} INFO - [2024-02-26T16:11:27.576+0000] {dagbag.py:540} INFO - Filling up the DagBag from /home/airflow/.local/lib/python3.11/site-packages/airflow/example_dags/example_external_task_marker_dag.py
[2024-02-26T16:11:27.582+0000] {processor.py:840} INFO - DAG(s) 'example_external_task_marker_child', 'example_external_task_marker_parent' retrieved from /home/airflow/.local/lib/python3.11/site-packages/airflow/example_dags/example_external_task_marker_dag.py
[2024-02-26T16:11:27.604+0000] {logging_mixin.py:188} INFO - [2024-02-26T16:11:27.604+0000] {dag.py:3047} INFO - Sync 2 DAGs
[2024-02-26T16:11:27.613+0000] {logging_mixin.py:188} INFO - [2024-02-26T16:11:27.613+0000] {dag.py:3834} INFO - Setting next_dagrun for example_external_task_marker_child to None, run_after=None
[2024-02-26T16:11:27.616+0000] {logging_mixin.py:188} INFO - [2024-02-26T16:11:27.616+0000] {dag.py:3834} INFO - Setting next_dagrun for example_external_task_marker_parent to None, run_after=None
[2024-02-26T16:11:27.625+0000] {processor.py:183} INFO - Processing /home/airflow/.local/lib/python3.11/site-packages/airflow/example_dags/example_external_task_marker_dag.py took 0.054 seconds
[2024-02-26T16:11:57.733+0000] {processor.py:161} INFO - Started process (PID=11640) to work on /home/airflow/.local/lib/python3.11/site-packages/airflow/example_dags/example_external_task_marker_dag.py
[2024-02-26T16:11:57.734+0000] {processor.py:830} INFO - Processing file /home/airflow/.local/lib/python3.11/site-packages/airflow/example_dags/example_external_task_marker_dag.py for tasks to queue
[2024-02-26T16:11:57.736+0000] {logging_mixin.py:188} INFO - [2024-02-26T16:11:57.735+0000] {dagbag.py:540} INFO - Filling up the DagBag from /home/airflow/.local/lib/python3.11/site-packages/airflow/example_dags/example_external_task_marker_dag.py
[2024-02-26T16:11:57.741+0000] {processor.py:840} INFO - DAG(s) 'example_external_task_marker_child', 'example_external_task_marker_parent' retrieved from /home/airflow/.local/lib/python3.11/site-packages/airflow/example_dags/example_external_task_marker_dag.py
[2024-02-26T16:11:57.763+0000] {logging_mixin.py:188} INFO - [2024-02-26T16:11:57.763+0000] {dag.py:3047} INFO - Sync 2 DAGs
[2024-02-26T16:11:57.772+0000] {logging_mixin.py:188} INFO - [2024-02-26T16:11:57.772+0000] {dag.py:3834} INFO - Setting next_dagrun for example_external_task_marker_child to None, run_after=None
[2024-02-26T16:11:57.775+0000] {logging_mixin.py:188} INFO - [2024-02-26T16:11:57.775+0000] {dag.py:3834} INFO - Setting next_dagrun for example_external_task_marker_parent to None, run_after=None
[2024-02-26T16:11:57.784+0000] {processor.py:183} INFO - Processing /home/airflow/.local/lib/python3.11/site-packages/airflow/example_dags/example_external_task_marker_dag.py took 0.055 seconds
[2024-02-26T16:12:27.936+0000] {processor.py:161} INFO - Started process (PID=11887) to work on /home/airflow/.local/lib/python3.11/site-packages/airflow/example_dags/example_external_task_marker_dag.py
[2024-02-26T16:12:27.938+0000] {processor.py:830} INFO - Processing file /home/airflow/.local/lib/python3.11/site-packages/airflow/example_dags/example_external_task_marker_dag.py for tasks to queue
[2024-02-26T16:12:27.939+0000] {logging_mixin.py:188} INFO - [2024-02-26T16:12:27.939+0000] {dagbag.py:540} INFO - Filling up the DagBag from /home/airflow/.local/lib/python3.11/site-packages/airflow/example_dags/example_external_task_marker_dag.py
[2024-02-26T16:12:27.947+0000] {processor.py:840} INFO - DAG(s) 'example_external_task_marker_child', 'example_external_task_marker_parent' retrieved from /home/airflow/.local/lib/python3.11/site-packages/airflow/example_dags/example_external_task_marker_dag.py
[2024-02-26T16:12:27.969+0000] {logging_mixin.py:188} INFO - [2024-02-26T16:12:27.969+0000] {dag.py:3047} INFO - Sync 2 DAGs
[2024-02-26T16:12:27.979+0000] {logging_mixin.py:188} INFO - [2024-02-26T16:12:27.979+0000] {dag.py:3834} INFO - Setting next_dagrun for example_external_task_marker_child to None, run_after=None
[2024-02-26T16:12:27.983+0000] {logging_mixin.py:188} INFO - [2024-02-26T16:12:27.983+0000] {dag.py:3834} INFO - Setting next_dagrun for example_external_task_marker_parent to None, run_after=None
[2024-02-26T16:12:27.993+0000] {processor.py:183} INFO - Processing /home/airflow/.local/lib/python3.11/site-packages/airflow/example_dags/example_external_task_marker_dag.py took 0.060 seconds
[2024-02-26T16:12:58.128+0000] {processor.py:161} INFO - Started process (PID=12135) to work on /home/airflow/.local/lib/python3.11/site-packages/airflow/example_dags/example_external_task_marker_dag.py
[2024-02-26T16:12:58.130+0000] {processor.py:830} INFO - Processing file /home/airflow/.local/lib/python3.11/site-packages/airflow/example_dags/example_external_task_marker_dag.py for tasks to queue
[2024-02-26T16:12:58.136+0000] {logging_mixin.py:188} INFO - [2024-02-26T16:12:58.136+0000] {dagbag.py:540} INFO - Filling up the DagBag from /home/airflow/.local/lib/python3.11/site-packages/airflow/example_dags/example_external_task_marker_dag.py
[2024-02-26T16:12:58.142+0000] {processor.py:840} INFO - DAG(s) 'example_external_task_marker_parent', 'example_external_task_marker_child' retrieved from /home/airflow/.local/lib/python3.11/site-packages/airflow/example_dags/example_external_task_marker_dag.py
[2024-02-26T16:12:58.163+0000] {logging_mixin.py:188} INFO - [2024-02-26T16:12:58.163+0000] {dag.py:3047} INFO - Sync 2 DAGs
[2024-02-26T16:12:58.173+0000] {logging_mixin.py:188} INFO - [2024-02-26T16:12:58.173+0000] {dag.py:3834} INFO - Setting next_dagrun for example_external_task_marker_child to None, run_after=None
[2024-02-26T16:12:58.177+0000] {logging_mixin.py:188} INFO - [2024-02-26T16:12:58.177+0000] {dag.py:3834} INFO - Setting next_dagrun for example_external_task_marker_parent to None, run_after=None
[2024-02-26T16:12:58.186+0000] {processor.py:183} INFO - Processing /home/airflow/.local/lib/python3.11/site-packages/airflow/example_dags/example_external_task_marker_dag.py took 0.061 seconds
[2024-02-26T16:13:28.268+0000] {processor.py:161} INFO - Started process (PID=12382) to work on /home/airflow/.local/lib/python3.11/site-packages/airflow/example_dags/example_external_task_marker_dag.py
[2024-02-26T16:13:28.269+0000] {processor.py:830} INFO - Processing file /home/airflow/.local/lib/python3.11/site-packages/airflow/example_dags/example_external_task_marker_dag.py for tasks to queue
[2024-02-26T16:13:28.273+0000] {logging_mixin.py:188} INFO - [2024-02-26T16:13:28.273+0000] {dagbag.py:540} INFO - Filling up the DagBag from /home/airflow/.local/lib/python3.11/site-packages/airflow/example_dags/example_external_task_marker_dag.py
[2024-02-26T16:13:28.279+0000] {processor.py:840} INFO - DAG(s) 'example_external_task_marker_child', 'example_external_task_marker_parent' retrieved from /home/airflow/.local/lib/python3.11/site-packages/airflow/example_dags/example_external_task_marker_dag.py
[2024-02-26T16:13:28.301+0000] {logging_mixin.py:188} INFO - [2024-02-26T16:13:28.300+0000] {dag.py:3047} INFO - Sync 2 DAGs
[2024-02-26T16:13:28.309+0000] {logging_mixin.py:188} INFO - [2024-02-26T16:13:28.309+0000] {dag.py:3834} INFO - Setting next_dagrun for example_external_task_marker_child to None, run_after=None
[2024-02-26T16:13:28.313+0000] {logging_mixin.py:188} INFO - [2024-02-26T16:13:28.313+0000] {dag.py:3834} INFO - Setting next_dagrun for example_external_task_marker_parent to None, run_after=None
[2024-02-26T16:13:28.324+0000] {processor.py:183} INFO - Processing /home/airflow/.local/lib/python3.11/site-packages/airflow/example_dags/example_external_task_marker_dag.py took 0.059 seconds
[2024-02-26T16:13:58.462+0000] {processor.py:161} INFO - Started process (PID=12630) to work on /home/airflow/.local/lib/python3.11/site-packages/airflow/example_dags/example_external_task_marker_dag.py
[2024-02-26T16:13:58.465+0000] {processor.py:830} INFO - Processing file /home/airflow/.local/lib/python3.11/site-packages/airflow/example_dags/example_external_task_marker_dag.py for tasks to queue
[2024-02-26T16:13:58.467+0000] {logging_mixin.py:188} INFO - [2024-02-26T16:13:58.467+0000] {dagbag.py:540} INFO - Filling up the DagBag from /home/airflow/.local/lib/python3.11/site-packages/airflow/example_dags/example_external_task_marker_dag.py
[2024-02-26T16:13:58.474+0000] {processor.py:840} INFO - DAG(s) 'example_external_task_marker_parent', 'example_external_task_marker_child' retrieved from /home/airflow/.local/lib/python3.11/site-packages/airflow/example_dags/example_external_task_marker_dag.py
[2024-02-26T16:13:58.509+0000] {logging_mixin.py:188} INFO - [2024-02-26T16:13:58.509+0000] {dag.py:3047} INFO - Sync 2 DAGs
[2024-02-26T16:13:58.524+0000] {logging_mixin.py:188} INFO - [2024-02-26T16:13:58.524+0000] {dag.py:3834} INFO - Setting next_dagrun for example_external_task_marker_child to None, run_after=None
[2024-02-26T16:13:58.531+0000] {logging_mixin.py:188} INFO - [2024-02-26T16:13:58.531+0000] {dag.py:3834} INFO - Setting next_dagrun for example_external_task_marker_parent to None, run_after=None
[2024-02-26T16:13:58.550+0000] {processor.py:183} INFO - Processing /home/airflow/.local/lib/python3.11/site-packages/airflow/example_dags/example_external_task_marker_dag.py took 0.091 seconds
[2024-02-26T16:14:28.861+0000] {processor.py:161} INFO - Started process (PID=12878) to work on /home/airflow/.local/lib/python3.11/site-packages/airflow/example_dags/example_external_task_marker_dag.py
[2024-02-26T16:14:28.863+0000] {processor.py:830} INFO - Processing file /home/airflow/.local/lib/python3.11/site-packages/airflow/example_dags/example_external_task_marker_dag.py for tasks to queue
[2024-02-26T16:14:28.864+0000] {logging_mixin.py:188} INFO - [2024-02-26T16:14:28.864+0000] {dagbag.py:540} INFO - Filling up the DagBag from /home/airflow/.local/lib/python3.11/site-packages/airflow/example_dags/example_external_task_marker_dag.py
[2024-02-26T16:14:28.870+0000] {processor.py:840} INFO - DAG(s) 'example_external_task_marker_child', 'example_external_task_marker_parent' retrieved from /home/airflow/.local/lib/python3.11/site-packages/airflow/example_dags/example_external_task_marker_dag.py
[2024-02-26T16:14:28.898+0000] {logging_mixin.py:188} INFO - [2024-02-26T16:14:28.898+0000] {dag.py:3047} INFO - Sync 2 DAGs
[2024-02-26T16:14:28.911+0000] {logging_mixin.py:188} INFO - [2024-02-26T16:14:28.910+0000] {dag.py:3834} INFO - Setting next_dagrun for example_external_task_marker_child to None, run_after=None
[2024-02-26T16:14:28.915+0000] {logging_mixin.py:188} INFO - [2024-02-26T16:14:28.915+0000] {dag.py:3834} INFO - Setting next_dagrun for example_external_task_marker_parent to None, run_after=None
[2024-02-26T16:14:28.928+0000] {processor.py:183} INFO - Processing /home/airflow/.local/lib/python3.11/site-packages/airflow/example_dags/example_external_task_marker_dag.py took 0.071 seconds
