[2024-02-26T15:48:35.354+0000] {processor.py:161} INFO - Started process (PID=324) to work on /home/airflow/.local/lib/python3.11/site-packages/airflow/example_dags/example_trigger_target_dag.py
[2024-02-26T15:48:35.356+0000] {processor.py:830} INFO - Processing file /home/airflow/.local/lib/python3.11/site-packages/airflow/example_dags/example_trigger_target_dag.py for tasks to queue
[2024-02-26T15:48:35.358+0000] {logging_mixin.py:188} INFO - [2024-02-26T15:48:35.358+0000] {dagbag.py:540} INFO - Filling up the DagBag from /home/airflow/.local/lib/python3.11/site-packages/airflow/example_dags/example_trigger_target_dag.py
[2024-02-26T15:48:35.368+0000] {processor.py:840} INFO - DAG(s) 'example_trigger_target_dag' retrieved from /home/airflow/.local/lib/python3.11/site-packages/airflow/example_dags/example_trigger_target_dag.py
[2024-02-26T15:48:35.385+0000] {logging_mixin.py:188} INFO - [2024-02-26T15:48:35.385+0000] {dag.py:3047} INFO - Sync 1 DAGs
[2024-02-26T15:48:35.401+0000] {logging_mixin.py:188} INFO - [2024-02-26T15:48:35.400+0000] {dag.py:3834} INFO - Setting next_dagrun for example_trigger_target_dag to None, run_after=None
[2024-02-26T15:48:35.424+0000] {processor.py:183} INFO - Processing /home/airflow/.local/lib/python3.11/site-packages/airflow/example_dags/example_trigger_target_dag.py took 0.074 seconds
[2024-02-26T15:49:05.585+0000] {processor.py:161} INFO - Started process (PID=571) to work on /home/airflow/.local/lib/python3.11/site-packages/airflow/example_dags/example_trigger_target_dag.py
[2024-02-26T15:49:05.587+0000] {processor.py:830} INFO - Processing file /home/airflow/.local/lib/python3.11/site-packages/airflow/example_dags/example_trigger_target_dag.py for tasks to queue
[2024-02-26T15:49:05.588+0000] {logging_mixin.py:188} INFO - [2024-02-26T15:49:05.588+0000] {dagbag.py:540} INFO - Filling up the DagBag from /home/airflow/.local/lib/python3.11/site-packages/airflow/example_dags/example_trigger_target_dag.py
[2024-02-26T15:49:05.594+0000] {processor.py:840} INFO - DAG(s) 'example_trigger_target_dag' retrieved from /home/airflow/.local/lib/python3.11/site-packages/airflow/example_dags/example_trigger_target_dag.py
[2024-02-26T15:49:05.656+0000] {logging_mixin.py:188} INFO - [2024-02-26T15:49:05.656+0000] {dag.py:3047} INFO - Sync 1 DAGs
[2024-02-26T15:49:05.664+0000] {logging_mixin.py:188} INFO - [2024-02-26T15:49:05.664+0000] {dag.py:3834} INFO - Setting next_dagrun for example_trigger_target_dag to None, run_after=None
[2024-02-26T15:49:05.677+0000] {processor.py:183} INFO - Processing /home/airflow/.local/lib/python3.11/site-packages/airflow/example_dags/example_trigger_target_dag.py took 0.095 seconds
[2024-02-26T15:49:36.474+0000] {processor.py:161} INFO - Started process (PID=818) to work on /home/airflow/.local/lib/python3.11/site-packages/airflow/example_dags/example_trigger_target_dag.py
[2024-02-26T15:49:36.476+0000] {processor.py:830} INFO - Processing file /home/airflow/.local/lib/python3.11/site-packages/airflow/example_dags/example_trigger_target_dag.py for tasks to queue
[2024-02-26T15:49:36.477+0000] {logging_mixin.py:188} INFO - [2024-02-26T15:49:36.477+0000] {dagbag.py:540} INFO - Filling up the DagBag from /home/airflow/.local/lib/python3.11/site-packages/airflow/example_dags/example_trigger_target_dag.py
[2024-02-26T15:49:36.483+0000] {processor.py:840} INFO - DAG(s) 'example_trigger_target_dag' retrieved from /home/airflow/.local/lib/python3.11/site-packages/airflow/example_dags/example_trigger_target_dag.py
[2024-02-26T15:49:36.501+0000] {logging_mixin.py:188} INFO - [2024-02-26T15:49:36.501+0000] {dag.py:3047} INFO - Sync 1 DAGs
[2024-02-26T15:49:36.510+0000] {logging_mixin.py:188} INFO - [2024-02-26T15:49:36.509+0000] {dag.py:3834} INFO - Setting next_dagrun for example_trigger_target_dag to None, run_after=None
[2024-02-26T15:49:36.523+0000] {processor.py:183} INFO - Processing /home/airflow/.local/lib/python3.11/site-packages/airflow/example_dags/example_trigger_target_dag.py took 0.051 seconds
[2024-02-26T15:50:07.271+0000] {processor.py:161} INFO - Started process (PID=1068) to work on /home/airflow/.local/lib/python3.11/site-packages/airflow/example_dags/example_trigger_target_dag.py
[2024-02-26T15:50:07.273+0000] {processor.py:830} INFO - Processing file /home/airflow/.local/lib/python3.11/site-packages/airflow/example_dags/example_trigger_target_dag.py for tasks to queue
[2024-02-26T15:50:07.275+0000] {logging_mixin.py:188} INFO - [2024-02-26T15:50:07.275+0000] {dagbag.py:540} INFO - Filling up the DagBag from /home/airflow/.local/lib/python3.11/site-packages/airflow/example_dags/example_trigger_target_dag.py
[2024-02-26T15:50:07.281+0000] {processor.py:840} INFO - DAG(s) 'example_trigger_target_dag' retrieved from /home/airflow/.local/lib/python3.11/site-packages/airflow/example_dags/example_trigger_target_dag.py
[2024-02-26T15:50:07.301+0000] {logging_mixin.py:188} INFO - [2024-02-26T15:50:07.300+0000] {dag.py:3047} INFO - Sync 1 DAGs
[2024-02-26T15:50:07.309+0000] {logging_mixin.py:188} INFO - [2024-02-26T15:50:07.309+0000] {dag.py:3834} INFO - Setting next_dagrun for example_trigger_target_dag to None, run_after=None
[2024-02-26T15:50:07.321+0000] {processor.py:183} INFO - Processing /home/airflow/.local/lib/python3.11/site-packages/airflow/example_dags/example_trigger_target_dag.py took 0.053 seconds
[2024-02-26T15:50:37.579+0000] {processor.py:161} INFO - Started process (PID=1314) to work on /home/airflow/.local/lib/python3.11/site-packages/airflow/example_dags/example_trigger_target_dag.py
[2024-02-26T15:50:37.581+0000] {processor.py:830} INFO - Processing file /home/airflow/.local/lib/python3.11/site-packages/airflow/example_dags/example_trigger_target_dag.py for tasks to queue
[2024-02-26T15:50:37.583+0000] {logging_mixin.py:188} INFO - [2024-02-26T15:50:37.582+0000] {dagbag.py:540} INFO - Filling up the DagBag from /home/airflow/.local/lib/python3.11/site-packages/airflow/example_dags/example_trigger_target_dag.py
[2024-02-26T15:50:37.588+0000] {processor.py:840} INFO - DAG(s) 'example_trigger_target_dag' retrieved from /home/airflow/.local/lib/python3.11/site-packages/airflow/example_dags/example_trigger_target_dag.py
[2024-02-26T15:50:37.606+0000] {logging_mixin.py:188} INFO - [2024-02-26T15:50:37.605+0000] {dag.py:3047} INFO - Sync 1 DAGs
[2024-02-26T15:50:37.614+0000] {logging_mixin.py:188} INFO - [2024-02-26T15:50:37.614+0000] {dag.py:3834} INFO - Setting next_dagrun for example_trigger_target_dag to None, run_after=None
[2024-02-26T15:50:37.624+0000] {processor.py:183} INFO - Processing /home/airflow/.local/lib/python3.11/site-packages/airflow/example_dags/example_trigger_target_dag.py took 0.047 seconds
[2024-02-26T15:51:08.299+0000] {processor.py:161} INFO - Started process (PID=1559) to work on /home/airflow/.local/lib/python3.11/site-packages/airflow/example_dags/example_trigger_target_dag.py
[2024-02-26T15:51:08.300+0000] {processor.py:830} INFO - Processing file /home/airflow/.local/lib/python3.11/site-packages/airflow/example_dags/example_trigger_target_dag.py for tasks to queue
[2024-02-26T15:51:08.303+0000] {logging_mixin.py:188} INFO - [2024-02-26T15:51:08.303+0000] {dagbag.py:540} INFO - Filling up the DagBag from /home/airflow/.local/lib/python3.11/site-packages/airflow/example_dags/example_trigger_target_dag.py
[2024-02-26T15:51:08.309+0000] {processor.py:840} INFO - DAG(s) 'example_trigger_target_dag' retrieved from /home/airflow/.local/lib/python3.11/site-packages/airflow/example_dags/example_trigger_target_dag.py
[2024-02-26T15:51:08.331+0000] {logging_mixin.py:188} INFO - [2024-02-26T15:51:08.330+0000] {dag.py:3047} INFO - Sync 1 DAGs
[2024-02-26T15:51:08.339+0000] {logging_mixin.py:188} INFO - [2024-02-26T15:51:08.339+0000] {dag.py:3834} INFO - Setting next_dagrun for example_trigger_target_dag to None, run_after=None
[2024-02-26T15:51:08.353+0000] {processor.py:183} INFO - Processing /home/airflow/.local/lib/python3.11/site-packages/airflow/example_dags/example_trigger_target_dag.py took 0.057 seconds
[2024-02-26T15:51:39.217+0000] {processor.py:161} INFO - Started process (PID=1806) to work on /home/airflow/.local/lib/python3.11/site-packages/airflow/example_dags/example_trigger_target_dag.py
[2024-02-26T15:51:39.220+0000] {processor.py:830} INFO - Processing file /home/airflow/.local/lib/python3.11/site-packages/airflow/example_dags/example_trigger_target_dag.py for tasks to queue
[2024-02-26T15:51:39.221+0000] {logging_mixin.py:188} INFO - [2024-02-26T15:51:39.221+0000] {dagbag.py:540} INFO - Filling up the DagBag from /home/airflow/.local/lib/python3.11/site-packages/airflow/example_dags/example_trigger_target_dag.py
[2024-02-26T15:51:39.227+0000] {processor.py:840} INFO - DAG(s) 'example_trigger_target_dag' retrieved from /home/airflow/.local/lib/python3.11/site-packages/airflow/example_dags/example_trigger_target_dag.py
[2024-02-26T15:51:39.245+0000] {logging_mixin.py:188} INFO - [2024-02-26T15:51:39.244+0000] {dag.py:3047} INFO - Sync 1 DAGs
[2024-02-26T15:51:39.253+0000] {logging_mixin.py:188} INFO - [2024-02-26T15:51:39.253+0000] {dag.py:3834} INFO - Setting next_dagrun for example_trigger_target_dag to None, run_after=None
[2024-02-26T15:51:39.265+0000] {processor.py:183} INFO - Processing /home/airflow/.local/lib/python3.11/site-packages/airflow/example_dags/example_trigger_target_dag.py took 0.051 seconds
[2024-02-26T15:52:10.080+0000] {processor.py:161} INFO - Started process (PID=2101) to work on /home/airflow/.local/lib/python3.11/site-packages/airflow/example_dags/example_trigger_target_dag.py
[2024-02-26T15:52:10.083+0000] {processor.py:830} INFO - Processing file /home/airflow/.local/lib/python3.11/site-packages/airflow/example_dags/example_trigger_target_dag.py for tasks to queue
[2024-02-26T15:52:10.085+0000] {logging_mixin.py:188} INFO - [2024-02-26T15:52:10.084+0000] {dagbag.py:540} INFO - Filling up the DagBag from /home/airflow/.local/lib/python3.11/site-packages/airflow/example_dags/example_trigger_target_dag.py
[2024-02-26T15:52:10.091+0000] {processor.py:840} INFO - DAG(s) 'example_trigger_target_dag' retrieved from /home/airflow/.local/lib/python3.11/site-packages/airflow/example_dags/example_trigger_target_dag.py
[2024-02-26T15:52:10.112+0000] {logging_mixin.py:188} INFO - [2024-02-26T15:52:10.112+0000] {dag.py:3047} INFO - Sync 1 DAGs
[2024-02-26T15:52:10.123+0000] {logging_mixin.py:188} INFO - [2024-02-26T15:52:10.122+0000] {dag.py:3834} INFO - Setting next_dagrun for example_trigger_target_dag to None, run_after=None
[2024-02-26T15:52:10.135+0000] {processor.py:183} INFO - Processing /home/airflow/.local/lib/python3.11/site-packages/airflow/example_dags/example_trigger_target_dag.py took 0.059 seconds
[2024-02-26T15:52:40.482+0000] {processor.py:161} INFO - Started process (PID=2372) to work on /home/airflow/.local/lib/python3.11/site-packages/airflow/example_dags/example_trigger_target_dag.py
[2024-02-26T15:52:40.484+0000] {processor.py:830} INFO - Processing file /home/airflow/.local/lib/python3.11/site-packages/airflow/example_dags/example_trigger_target_dag.py for tasks to queue
[2024-02-26T15:52:40.485+0000] {logging_mixin.py:188} INFO - [2024-02-26T15:52:40.485+0000] {dagbag.py:540} INFO - Filling up the DagBag from /home/airflow/.local/lib/python3.11/site-packages/airflow/example_dags/example_trigger_target_dag.py
[2024-02-26T15:52:40.491+0000] {processor.py:840} INFO - DAG(s) 'example_trigger_target_dag' retrieved from /home/airflow/.local/lib/python3.11/site-packages/airflow/example_dags/example_trigger_target_dag.py
[2024-02-26T15:52:40.511+0000] {logging_mixin.py:188} INFO - [2024-02-26T15:52:40.511+0000] {dag.py:3047} INFO - Sync 1 DAGs
[2024-02-26T15:52:40.520+0000] {logging_mixin.py:188} INFO - [2024-02-26T15:52:40.520+0000] {dag.py:3834} INFO - Setting next_dagrun for example_trigger_target_dag to None, run_after=None
[2024-02-26T15:52:40.532+0000] {processor.py:183} INFO - Processing /home/airflow/.local/lib/python3.11/site-packages/airflow/example_dags/example_trigger_target_dag.py took 0.053 seconds
[2024-02-26T15:53:11.241+0000] {processor.py:161} INFO - Started process (PID=2619) to work on /home/airflow/.local/lib/python3.11/site-packages/airflow/example_dags/example_trigger_target_dag.py
[2024-02-26T15:53:11.243+0000] {processor.py:830} INFO - Processing file /home/airflow/.local/lib/python3.11/site-packages/airflow/example_dags/example_trigger_target_dag.py for tasks to queue
[2024-02-26T15:53:11.245+0000] {logging_mixin.py:188} INFO - [2024-02-26T15:53:11.245+0000] {dagbag.py:540} INFO - Filling up the DagBag from /home/airflow/.local/lib/python3.11/site-packages/airflow/example_dags/example_trigger_target_dag.py
[2024-02-26T15:53:11.251+0000] {processor.py:840} INFO - DAG(s) 'example_trigger_target_dag' retrieved from /home/airflow/.local/lib/python3.11/site-packages/airflow/example_dags/example_trigger_target_dag.py
[2024-02-26T15:53:11.270+0000] {logging_mixin.py:188} INFO - [2024-02-26T15:53:11.270+0000] {dag.py:3047} INFO - Sync 1 DAGs
[2024-02-26T15:53:11.280+0000] {logging_mixin.py:188} INFO - [2024-02-26T15:53:11.280+0000] {dag.py:3834} INFO - Setting next_dagrun for example_trigger_target_dag to None, run_after=None
[2024-02-26T15:53:11.293+0000] {processor.py:183} INFO - Processing /home/airflow/.local/lib/python3.11/site-packages/airflow/example_dags/example_trigger_target_dag.py took 0.054 seconds
[2024-02-26T15:53:42.057+0000] {processor.py:161} INFO - Started process (PID=2866) to work on /home/airflow/.local/lib/python3.11/site-packages/airflow/example_dags/example_trigger_target_dag.py
[2024-02-26T15:53:42.059+0000] {processor.py:830} INFO - Processing file /home/airflow/.local/lib/python3.11/site-packages/airflow/example_dags/example_trigger_target_dag.py for tasks to queue
[2024-02-26T15:53:42.060+0000] {logging_mixin.py:188} INFO - [2024-02-26T15:53:42.060+0000] {dagbag.py:540} INFO - Filling up the DagBag from /home/airflow/.local/lib/python3.11/site-packages/airflow/example_dags/example_trigger_target_dag.py
[2024-02-26T15:53:42.066+0000] {processor.py:840} INFO - DAG(s) 'example_trigger_target_dag' retrieved from /home/airflow/.local/lib/python3.11/site-packages/airflow/example_dags/example_trigger_target_dag.py
[2024-02-26T15:53:42.085+0000] {logging_mixin.py:188} INFO - [2024-02-26T15:53:42.085+0000] {dag.py:3047} INFO - Sync 1 DAGs
[2024-02-26T15:53:42.094+0000] {logging_mixin.py:188} INFO - [2024-02-26T15:53:42.094+0000] {dag.py:3834} INFO - Setting next_dagrun for example_trigger_target_dag to None, run_after=None
[2024-02-26T15:53:42.107+0000] {processor.py:183} INFO - Processing /home/airflow/.local/lib/python3.11/site-packages/airflow/example_dags/example_trigger_target_dag.py took 0.053 seconds
[2024-02-26T15:54:12.834+0000] {processor.py:161} INFO - Started process (PID=3113) to work on /home/airflow/.local/lib/python3.11/site-packages/airflow/example_dags/example_trigger_target_dag.py
[2024-02-26T15:54:12.836+0000] {processor.py:830} INFO - Processing file /home/airflow/.local/lib/python3.11/site-packages/airflow/example_dags/example_trigger_target_dag.py for tasks to queue
[2024-02-26T15:54:12.837+0000] {logging_mixin.py:188} INFO - [2024-02-26T15:54:12.837+0000] {dagbag.py:540} INFO - Filling up the DagBag from /home/airflow/.local/lib/python3.11/site-packages/airflow/example_dags/example_trigger_target_dag.py
[2024-02-26T15:54:12.845+0000] {processor.py:840} INFO - DAG(s) 'example_trigger_target_dag' retrieved from /home/airflow/.local/lib/python3.11/site-packages/airflow/example_dags/example_trigger_target_dag.py
[2024-02-26T15:54:12.863+0000] {logging_mixin.py:188} INFO - [2024-02-26T15:54:12.863+0000] {dag.py:3047} INFO - Sync 1 DAGs
[2024-02-26T15:54:12.872+0000] {logging_mixin.py:188} INFO - [2024-02-26T15:54:12.872+0000] {dag.py:3834} INFO - Setting next_dagrun for example_trigger_target_dag to None, run_after=None
[2024-02-26T15:54:12.883+0000] {processor.py:183} INFO - Processing /home/airflow/.local/lib/python3.11/site-packages/airflow/example_dags/example_trigger_target_dag.py took 0.052 seconds
[2024-02-26T15:54:43.789+0000] {processor.py:161} INFO - Started process (PID=3360) to work on /home/airflow/.local/lib/python3.11/site-packages/airflow/example_dags/example_trigger_target_dag.py
[2024-02-26T15:54:43.791+0000] {processor.py:830} INFO - Processing file /home/airflow/.local/lib/python3.11/site-packages/airflow/example_dags/example_trigger_target_dag.py for tasks to queue
[2024-02-26T15:54:43.794+0000] {logging_mixin.py:188} INFO - [2024-02-26T15:54:43.793+0000] {dagbag.py:540} INFO - Filling up the DagBag from /home/airflow/.local/lib/python3.11/site-packages/airflow/example_dags/example_trigger_target_dag.py
[2024-02-26T15:54:43.800+0000] {processor.py:840} INFO - DAG(s) 'example_trigger_target_dag' retrieved from /home/airflow/.local/lib/python3.11/site-packages/airflow/example_dags/example_trigger_target_dag.py
[2024-02-26T15:54:43.821+0000] {logging_mixin.py:188} INFO - [2024-02-26T15:54:43.821+0000] {dag.py:3047} INFO - Sync 1 DAGs
[2024-02-26T15:54:43.829+0000] {logging_mixin.py:188} INFO - [2024-02-26T15:54:43.829+0000] {dag.py:3834} INFO - Setting next_dagrun for example_trigger_target_dag to None, run_after=None
[2024-02-26T15:54:43.841+0000] {processor.py:183} INFO - Processing /home/airflow/.local/lib/python3.11/site-packages/airflow/example_dags/example_trigger_target_dag.py took 0.055 seconds
[2024-02-26T15:55:14.691+0000] {processor.py:161} INFO - Started process (PID=3606) to work on /home/airflow/.local/lib/python3.11/site-packages/airflow/example_dags/example_trigger_target_dag.py
[2024-02-26T15:55:14.693+0000] {processor.py:830} INFO - Processing file /home/airflow/.local/lib/python3.11/site-packages/airflow/example_dags/example_trigger_target_dag.py for tasks to queue
[2024-02-26T15:55:14.697+0000] {logging_mixin.py:188} INFO - [2024-02-26T15:55:14.697+0000] {dagbag.py:540} INFO - Filling up the DagBag from /home/airflow/.local/lib/python3.11/site-packages/airflow/example_dags/example_trigger_target_dag.py
[2024-02-26T15:55:14.730+0000] {processor.py:840} INFO - DAG(s) 'example_trigger_target_dag' retrieved from /home/airflow/.local/lib/python3.11/site-packages/airflow/example_dags/example_trigger_target_dag.py
[2024-02-26T15:55:14.755+0000] {logging_mixin.py:188} INFO - [2024-02-26T15:55:14.754+0000] {dag.py:3047} INFO - Sync 1 DAGs
[2024-02-26T15:55:14.764+0000] {logging_mixin.py:188} INFO - [2024-02-26T15:55:14.763+0000] {dag.py:3834} INFO - Setting next_dagrun for example_trigger_target_dag to None, run_after=None
[2024-02-26T15:55:14.776+0000] {processor.py:183} INFO - Processing /home/airflow/.local/lib/python3.11/site-packages/airflow/example_dags/example_trigger_target_dag.py took 0.088 seconds
[2024-02-26T15:55:45.850+0000] {processor.py:161} INFO - Started process (PID=3853) to work on /home/airflow/.local/lib/python3.11/site-packages/airflow/example_dags/example_trigger_target_dag.py
[2024-02-26T15:55:45.853+0000] {processor.py:830} INFO - Processing file /home/airflow/.local/lib/python3.11/site-packages/airflow/example_dags/example_trigger_target_dag.py for tasks to queue
[2024-02-26T15:55:45.856+0000] {logging_mixin.py:188} INFO - [2024-02-26T15:55:45.855+0000] {dagbag.py:540} INFO - Filling up the DagBag from /home/airflow/.local/lib/python3.11/site-packages/airflow/example_dags/example_trigger_target_dag.py
[2024-02-26T15:55:45.864+0000] {processor.py:840} INFO - DAG(s) 'example_trigger_target_dag' retrieved from /home/airflow/.local/lib/python3.11/site-packages/airflow/example_dags/example_trigger_target_dag.py
[2024-02-26T15:55:45.888+0000] {logging_mixin.py:188} INFO - [2024-02-26T15:55:45.888+0000] {dag.py:3047} INFO - Sync 1 DAGs
[2024-02-26T15:55:45.901+0000] {logging_mixin.py:188} INFO - [2024-02-26T15:55:45.901+0000] {dag.py:3834} INFO - Setting next_dagrun for example_trigger_target_dag to None, run_after=None
[2024-02-26T15:55:45.915+0000] {processor.py:183} INFO - Processing /home/airflow/.local/lib/python3.11/site-packages/airflow/example_dags/example_trigger_target_dag.py took 0.068 seconds
[2024-02-26T15:56:15.976+0000] {processor.py:161} INFO - Started process (PID=4100) to work on /home/airflow/.local/lib/python3.11/site-packages/airflow/example_dags/example_trigger_target_dag.py
[2024-02-26T15:56:15.978+0000] {processor.py:830} INFO - Processing file /home/airflow/.local/lib/python3.11/site-packages/airflow/example_dags/example_trigger_target_dag.py for tasks to queue
[2024-02-26T15:56:15.980+0000] {logging_mixin.py:188} INFO - [2024-02-26T15:56:15.980+0000] {dagbag.py:540} INFO - Filling up the DagBag from /home/airflow/.local/lib/python3.11/site-packages/airflow/example_dags/example_trigger_target_dag.py
[2024-02-26T15:56:15.986+0000] {processor.py:840} INFO - DAG(s) 'example_trigger_target_dag' retrieved from /home/airflow/.local/lib/python3.11/site-packages/airflow/example_dags/example_trigger_target_dag.py
[2024-02-26T15:56:16.004+0000] {logging_mixin.py:188} INFO - [2024-02-26T15:56:16.004+0000] {dag.py:3047} INFO - Sync 1 DAGs
[2024-02-26T15:56:16.012+0000] {logging_mixin.py:188} INFO - [2024-02-26T15:56:16.012+0000] {dag.py:3834} INFO - Setting next_dagrun for example_trigger_target_dag to None, run_after=None
[2024-02-26T15:56:16.025+0000] {processor.py:183} INFO - Processing /home/airflow/.local/lib/python3.11/site-packages/airflow/example_dags/example_trigger_target_dag.py took 0.052 seconds
[2024-02-26T15:56:46.461+0000] {processor.py:161} INFO - Started process (PID=4350) to work on /home/airflow/.local/lib/python3.11/site-packages/airflow/example_dags/example_trigger_target_dag.py
[2024-02-26T15:56:46.467+0000] {processor.py:830} INFO - Processing file /home/airflow/.local/lib/python3.11/site-packages/airflow/example_dags/example_trigger_target_dag.py for tasks to queue
[2024-02-26T15:56:46.469+0000] {logging_mixin.py:188} INFO - [2024-02-26T15:56:46.468+0000] {dagbag.py:540} INFO - Filling up the DagBag from /home/airflow/.local/lib/python3.11/site-packages/airflow/example_dags/example_trigger_target_dag.py
[2024-02-26T15:56:46.480+0000] {processor.py:840} INFO - DAG(s) 'example_trigger_target_dag' retrieved from /home/airflow/.local/lib/python3.11/site-packages/airflow/example_dags/example_trigger_target_dag.py
[2024-02-26T15:56:46.506+0000] {logging_mixin.py:188} INFO - [2024-02-26T15:56:46.505+0000] {dag.py:3047} INFO - Sync 1 DAGs
[2024-02-26T15:56:46.517+0000] {logging_mixin.py:188} INFO - [2024-02-26T15:56:46.517+0000] {dag.py:3834} INFO - Setting next_dagrun for example_trigger_target_dag to None, run_after=None
[2024-02-26T15:56:46.545+0000] {processor.py:183} INFO - Processing /home/airflow/.local/lib/python3.11/site-packages/airflow/example_dags/example_trigger_target_dag.py took 0.089 seconds
[2024-02-26T15:57:16.813+0000] {processor.py:161} INFO - Started process (PID=4595) to work on /home/airflow/.local/lib/python3.11/site-packages/airflow/example_dags/example_trigger_target_dag.py
[2024-02-26T15:57:16.816+0000] {processor.py:830} INFO - Processing file /home/airflow/.local/lib/python3.11/site-packages/airflow/example_dags/example_trigger_target_dag.py for tasks to queue
[2024-02-26T15:57:16.818+0000] {logging_mixin.py:188} INFO - [2024-02-26T15:57:16.818+0000] {dagbag.py:540} INFO - Filling up the DagBag from /home/airflow/.local/lib/python3.11/site-packages/airflow/example_dags/example_trigger_target_dag.py
[2024-02-26T15:57:16.825+0000] {processor.py:840} INFO - DAG(s) 'example_trigger_target_dag' retrieved from /home/airflow/.local/lib/python3.11/site-packages/airflow/example_dags/example_trigger_target_dag.py
[2024-02-26T15:57:16.853+0000] {logging_mixin.py:188} INFO - [2024-02-26T15:57:16.853+0000] {dag.py:3047} INFO - Sync 1 DAGs
[2024-02-26T15:57:16.868+0000] {logging_mixin.py:188} INFO - [2024-02-26T15:57:16.868+0000] {dag.py:3834} INFO - Setting next_dagrun for example_trigger_target_dag to None, run_after=None
[2024-02-26T15:57:16.885+0000] {processor.py:183} INFO - Processing /home/airflow/.local/lib/python3.11/site-packages/airflow/example_dags/example_trigger_target_dag.py took 0.076 seconds
[2024-02-26T15:57:47.084+0000] {processor.py:161} INFO - Started process (PID=4842) to work on /home/airflow/.local/lib/python3.11/site-packages/airflow/example_dags/example_trigger_target_dag.py
[2024-02-26T15:57:47.088+0000] {processor.py:830} INFO - Processing file /home/airflow/.local/lib/python3.11/site-packages/airflow/example_dags/example_trigger_target_dag.py for tasks to queue
[2024-02-26T15:57:47.089+0000] {logging_mixin.py:188} INFO - [2024-02-26T15:57:47.089+0000] {dagbag.py:540} INFO - Filling up the DagBag from /home/airflow/.local/lib/python3.11/site-packages/airflow/example_dags/example_trigger_target_dag.py
[2024-02-26T15:57:47.095+0000] {processor.py:840} INFO - DAG(s) 'example_trigger_target_dag' retrieved from /home/airflow/.local/lib/python3.11/site-packages/airflow/example_dags/example_trigger_target_dag.py
[2024-02-26T15:57:47.121+0000] {logging_mixin.py:188} INFO - [2024-02-26T15:57:47.121+0000] {dag.py:3047} INFO - Sync 1 DAGs
[2024-02-26T15:57:47.130+0000] {logging_mixin.py:188} INFO - [2024-02-26T15:57:47.130+0000] {dag.py:3834} INFO - Setting next_dagrun for example_trigger_target_dag to None, run_after=None
[2024-02-26T15:57:47.145+0000] {processor.py:183} INFO - Processing /home/airflow/.local/lib/python3.11/site-packages/airflow/example_dags/example_trigger_target_dag.py took 0.064 seconds
[2024-02-26T15:58:17.381+0000] {processor.py:161} INFO - Started process (PID=5089) to work on /home/airflow/.local/lib/python3.11/site-packages/airflow/example_dags/example_trigger_target_dag.py
[2024-02-26T15:58:17.383+0000] {processor.py:830} INFO - Processing file /home/airflow/.local/lib/python3.11/site-packages/airflow/example_dags/example_trigger_target_dag.py for tasks to queue
[2024-02-26T15:58:17.386+0000] {logging_mixin.py:188} INFO - [2024-02-26T15:58:17.385+0000] {dagbag.py:540} INFO - Filling up the DagBag from /home/airflow/.local/lib/python3.11/site-packages/airflow/example_dags/example_trigger_target_dag.py
[2024-02-26T15:58:17.396+0000] {processor.py:840} INFO - DAG(s) 'example_trigger_target_dag' retrieved from /home/airflow/.local/lib/python3.11/site-packages/airflow/example_dags/example_trigger_target_dag.py
[2024-02-26T15:58:17.418+0000] {logging_mixin.py:188} INFO - [2024-02-26T15:58:17.418+0000] {dag.py:3047} INFO - Sync 1 DAGs
[2024-02-26T15:58:17.430+0000] {logging_mixin.py:188} INFO - [2024-02-26T15:58:17.429+0000] {dag.py:3834} INFO - Setting next_dagrun for example_trigger_target_dag to None, run_after=None
[2024-02-26T15:58:17.443+0000] {processor.py:183} INFO - Processing /home/airflow/.local/lib/python3.11/site-packages/airflow/example_dags/example_trigger_target_dag.py took 0.066 seconds
[2024-02-26T15:58:47.711+0000] {processor.py:161} INFO - Started process (PID=5337) to work on /home/airflow/.local/lib/python3.11/site-packages/airflow/example_dags/example_trigger_target_dag.py
[2024-02-26T15:58:47.714+0000] {processor.py:830} INFO - Processing file /home/airflow/.local/lib/python3.11/site-packages/airflow/example_dags/example_trigger_target_dag.py for tasks to queue
[2024-02-26T15:58:47.715+0000] {logging_mixin.py:188} INFO - [2024-02-26T15:58:47.715+0000] {dagbag.py:540} INFO - Filling up the DagBag from /home/airflow/.local/lib/python3.11/site-packages/airflow/example_dags/example_trigger_target_dag.py
[2024-02-26T15:58:47.723+0000] {processor.py:840} INFO - DAG(s) 'example_trigger_target_dag' retrieved from /home/airflow/.local/lib/python3.11/site-packages/airflow/example_dags/example_trigger_target_dag.py
[2024-02-26T15:58:47.753+0000] {logging_mixin.py:188} INFO - [2024-02-26T15:58:47.753+0000] {dag.py:3047} INFO - Sync 1 DAGs
[2024-02-26T15:58:47.762+0000] {logging_mixin.py:188} INFO - [2024-02-26T15:58:47.762+0000] {dag.py:3834} INFO - Setting next_dagrun for example_trigger_target_dag to None, run_after=None
[2024-02-26T15:58:47.777+0000] {processor.py:183} INFO - Processing /home/airflow/.local/lib/python3.11/site-packages/airflow/example_dags/example_trigger_target_dag.py took 0.070 seconds
[2024-02-26T15:59:17.864+0000] {processor.py:161} INFO - Started process (PID=5585) to work on /home/airflow/.local/lib/python3.11/site-packages/airflow/example_dags/example_trigger_target_dag.py
[2024-02-26T15:59:17.866+0000] {processor.py:830} INFO - Processing file /home/airflow/.local/lib/python3.11/site-packages/airflow/example_dags/example_trigger_target_dag.py for tasks to queue
[2024-02-26T15:59:17.867+0000] {logging_mixin.py:188} INFO - [2024-02-26T15:59:17.866+0000] {dagbag.py:540} INFO - Filling up the DagBag from /home/airflow/.local/lib/python3.11/site-packages/airflow/example_dags/example_trigger_target_dag.py
[2024-02-26T15:59:17.875+0000] {processor.py:840} INFO - DAG(s) 'example_trigger_target_dag' retrieved from /home/airflow/.local/lib/python3.11/site-packages/airflow/example_dags/example_trigger_target_dag.py
[2024-02-26T15:59:17.897+0000] {logging_mixin.py:188} INFO - [2024-02-26T15:59:17.897+0000] {dag.py:3047} INFO - Sync 1 DAGs
[2024-02-26T15:59:17.908+0000] {logging_mixin.py:188} INFO - [2024-02-26T15:59:17.908+0000] {dag.py:3834} INFO - Setting next_dagrun for example_trigger_target_dag to None, run_after=None
[2024-02-26T15:59:17.920+0000] {processor.py:183} INFO - Processing /home/airflow/.local/lib/python3.11/site-packages/airflow/example_dags/example_trigger_target_dag.py took 0.060 seconds
[2024-02-26T15:59:48.886+0000] {processor.py:161} INFO - Started process (PID=5832) to work on /home/airflow/.local/lib/python3.11/site-packages/airflow/example_dags/example_trigger_target_dag.py
[2024-02-26T15:59:48.888+0000] {processor.py:830} INFO - Processing file /home/airflow/.local/lib/python3.11/site-packages/airflow/example_dags/example_trigger_target_dag.py for tasks to queue
[2024-02-26T15:59:48.890+0000] {logging_mixin.py:188} INFO - [2024-02-26T15:59:48.889+0000] {dagbag.py:540} INFO - Filling up the DagBag from /home/airflow/.local/lib/python3.11/site-packages/airflow/example_dags/example_trigger_target_dag.py
[2024-02-26T15:59:48.897+0000] {processor.py:840} INFO - DAG(s) 'example_trigger_target_dag' retrieved from /home/airflow/.local/lib/python3.11/site-packages/airflow/example_dags/example_trigger_target_dag.py
[2024-02-26T15:59:48.918+0000] {logging_mixin.py:188} INFO - [2024-02-26T15:59:48.917+0000] {dag.py:3047} INFO - Sync 1 DAGs
[2024-02-26T15:59:48.928+0000] {logging_mixin.py:188} INFO - [2024-02-26T15:59:48.928+0000] {dag.py:3834} INFO - Setting next_dagrun for example_trigger_target_dag to None, run_after=None
[2024-02-26T15:59:48.941+0000] {processor.py:183} INFO - Processing /home/airflow/.local/lib/python3.11/site-packages/airflow/example_dags/example_trigger_target_dag.py took 0.058 seconds
[2024-02-26T16:00:19.742+0000] {processor.py:161} INFO - Started process (PID=6079) to work on /home/airflow/.local/lib/python3.11/site-packages/airflow/example_dags/example_trigger_target_dag.py
[2024-02-26T16:00:19.744+0000] {processor.py:830} INFO - Processing file /home/airflow/.local/lib/python3.11/site-packages/airflow/example_dags/example_trigger_target_dag.py for tasks to queue
[2024-02-26T16:00:19.745+0000] {logging_mixin.py:188} INFO - [2024-02-26T16:00:19.745+0000] {dagbag.py:540} INFO - Filling up the DagBag from /home/airflow/.local/lib/python3.11/site-packages/airflow/example_dags/example_trigger_target_dag.py
[2024-02-26T16:00:19.751+0000] {processor.py:840} INFO - DAG(s) 'example_trigger_target_dag' retrieved from /home/airflow/.local/lib/python3.11/site-packages/airflow/example_dags/example_trigger_target_dag.py
[2024-02-26T16:00:19.770+0000] {logging_mixin.py:188} INFO - [2024-02-26T16:00:19.769+0000] {dag.py:3047} INFO - Sync 1 DAGs
[2024-02-26T16:00:19.779+0000] {logging_mixin.py:188} INFO - [2024-02-26T16:00:19.779+0000] {dag.py:3834} INFO - Setting next_dagrun for example_trigger_target_dag to None, run_after=None
[2024-02-26T16:00:19.791+0000] {processor.py:183} INFO - Processing /home/airflow/.local/lib/python3.11/site-packages/airflow/example_dags/example_trigger_target_dag.py took 0.052 seconds
[2024-02-26T16:00:50.595+0000] {processor.py:161} INFO - Started process (PID=6325) to work on /home/airflow/.local/lib/python3.11/site-packages/airflow/example_dags/example_trigger_target_dag.py
[2024-02-26T16:00:50.596+0000] {processor.py:830} INFO - Processing file /home/airflow/.local/lib/python3.11/site-packages/airflow/example_dags/example_trigger_target_dag.py for tasks to queue
[2024-02-26T16:00:50.598+0000] {logging_mixin.py:188} INFO - [2024-02-26T16:00:50.597+0000] {dagbag.py:540} INFO - Filling up the DagBag from /home/airflow/.local/lib/python3.11/site-packages/airflow/example_dags/example_trigger_target_dag.py
[2024-02-26T16:00:50.605+0000] {processor.py:840} INFO - DAG(s) 'example_trigger_target_dag' retrieved from /home/airflow/.local/lib/python3.11/site-packages/airflow/example_dags/example_trigger_target_dag.py
[2024-02-26T16:00:50.625+0000] {logging_mixin.py:188} INFO - [2024-02-26T16:00:50.625+0000] {dag.py:3047} INFO - Sync 1 DAGs
[2024-02-26T16:00:50.636+0000] {logging_mixin.py:188} INFO - [2024-02-26T16:00:50.636+0000] {dag.py:3834} INFO - Setting next_dagrun for example_trigger_target_dag to None, run_after=None
[2024-02-26T16:00:50.647+0000] {processor.py:183} INFO - Processing /home/airflow/.local/lib/python3.11/site-packages/airflow/example_dags/example_trigger_target_dag.py took 0.055 seconds
[2024-02-26T16:01:21.391+0000] {processor.py:161} INFO - Started process (PID=6572) to work on /home/airflow/.local/lib/python3.11/site-packages/airflow/example_dags/example_trigger_target_dag.py
[2024-02-26T16:01:21.393+0000] {processor.py:830} INFO - Processing file /home/airflow/.local/lib/python3.11/site-packages/airflow/example_dags/example_trigger_target_dag.py for tasks to queue
[2024-02-26T16:01:21.394+0000] {logging_mixin.py:188} INFO - [2024-02-26T16:01:21.394+0000] {dagbag.py:540} INFO - Filling up the DagBag from /home/airflow/.local/lib/python3.11/site-packages/airflow/example_dags/example_trigger_target_dag.py
[2024-02-26T16:01:21.400+0000] {processor.py:840} INFO - DAG(s) 'example_trigger_target_dag' retrieved from /home/airflow/.local/lib/python3.11/site-packages/airflow/example_dags/example_trigger_target_dag.py
[2024-02-26T16:01:21.418+0000] {logging_mixin.py:188} INFO - [2024-02-26T16:01:21.418+0000] {dag.py:3047} INFO - Sync 1 DAGs
[2024-02-26T16:01:21.426+0000] {logging_mixin.py:188} INFO - [2024-02-26T16:01:21.426+0000] {dag.py:3834} INFO - Setting next_dagrun for example_trigger_target_dag to None, run_after=None
[2024-02-26T16:01:21.438+0000] {processor.py:183} INFO - Processing /home/airflow/.local/lib/python3.11/site-packages/airflow/example_dags/example_trigger_target_dag.py took 0.050 seconds
[2024-02-26T16:01:51.514+0000] {processor.py:161} INFO - Started process (PID=6819) to work on /home/airflow/.local/lib/python3.11/site-packages/airflow/example_dags/example_trigger_target_dag.py
[2024-02-26T16:01:51.516+0000] {processor.py:830} INFO - Processing file /home/airflow/.local/lib/python3.11/site-packages/airflow/example_dags/example_trigger_target_dag.py for tasks to queue
[2024-02-26T16:01:51.518+0000] {logging_mixin.py:188} INFO - [2024-02-26T16:01:51.517+0000] {dagbag.py:540} INFO - Filling up the DagBag from /home/airflow/.local/lib/python3.11/site-packages/airflow/example_dags/example_trigger_target_dag.py
[2024-02-26T16:01:51.524+0000] {processor.py:840} INFO - DAG(s) 'example_trigger_target_dag' retrieved from /home/airflow/.local/lib/python3.11/site-packages/airflow/example_dags/example_trigger_target_dag.py
[2024-02-26T16:01:51.545+0000] {logging_mixin.py:188} INFO - [2024-02-26T16:01:51.545+0000] {dag.py:3047} INFO - Sync 1 DAGs
[2024-02-26T16:01:51.553+0000] {logging_mixin.py:188} INFO - [2024-02-26T16:01:51.553+0000] {dag.py:3834} INFO - Setting next_dagrun for example_trigger_target_dag to None, run_after=None
[2024-02-26T16:01:51.564+0000] {processor.py:183} INFO - Processing /home/airflow/.local/lib/python3.11/site-packages/airflow/example_dags/example_trigger_target_dag.py took 0.054 seconds
[2024-02-26T16:02:21.901+0000] {processor.py:161} INFO - Started process (PID=7068) to work on /home/airflow/.local/lib/python3.11/site-packages/airflow/example_dags/example_trigger_target_dag.py
[2024-02-26T16:02:21.903+0000] {processor.py:830} INFO - Processing file /home/airflow/.local/lib/python3.11/site-packages/airflow/example_dags/example_trigger_target_dag.py for tasks to queue
[2024-02-26T16:02:21.905+0000] {logging_mixin.py:188} INFO - [2024-02-26T16:02:21.905+0000] {dagbag.py:540} INFO - Filling up the DagBag from /home/airflow/.local/lib/python3.11/site-packages/airflow/example_dags/example_trigger_target_dag.py
[2024-02-26T16:02:21.914+0000] {processor.py:840} INFO - DAG(s) 'example_trigger_target_dag' retrieved from /home/airflow/.local/lib/python3.11/site-packages/airflow/example_dags/example_trigger_target_dag.py
[2024-02-26T16:02:21.938+0000] {logging_mixin.py:188} INFO - [2024-02-26T16:02:21.938+0000] {dag.py:3047} INFO - Sync 1 DAGs
[2024-02-26T16:02:21.948+0000] {logging_mixin.py:188} INFO - [2024-02-26T16:02:21.948+0000] {dag.py:3834} INFO - Setting next_dagrun for example_trigger_target_dag to None, run_after=None
[2024-02-26T16:02:21.976+0000] {processor.py:183} INFO - Processing /home/airflow/.local/lib/python3.11/site-packages/airflow/example_dags/example_trigger_target_dag.py took 0.079 seconds
[2024-02-26T16:02:52.947+0000] {processor.py:161} INFO - Started process (PID=7315) to work on /home/airflow/.local/lib/python3.11/site-packages/airflow/example_dags/example_trigger_target_dag.py
[2024-02-26T16:02:52.950+0000] {processor.py:830} INFO - Processing file /home/airflow/.local/lib/python3.11/site-packages/airflow/example_dags/example_trigger_target_dag.py for tasks to queue
[2024-02-26T16:02:52.952+0000] {logging_mixin.py:188} INFO - [2024-02-26T16:02:52.952+0000] {dagbag.py:540} INFO - Filling up the DagBag from /home/airflow/.local/lib/python3.11/site-packages/airflow/example_dags/example_trigger_target_dag.py
[2024-02-26T16:02:52.963+0000] {processor.py:840} INFO - DAG(s) 'example_trigger_target_dag' retrieved from /home/airflow/.local/lib/python3.11/site-packages/airflow/example_dags/example_trigger_target_dag.py
[2024-02-26T16:02:52.985+0000] {logging_mixin.py:188} INFO - [2024-02-26T16:02:52.985+0000] {dag.py:3047} INFO - Sync 1 DAGs
[2024-02-26T16:02:52.995+0000] {logging_mixin.py:188} INFO - [2024-02-26T16:02:52.995+0000] {dag.py:3834} INFO - Setting next_dagrun for example_trigger_target_dag to None, run_after=None
[2024-02-26T16:02:53.014+0000] {processor.py:183} INFO - Processing /home/airflow/.local/lib/python3.11/site-packages/airflow/example_dags/example_trigger_target_dag.py took 0.073 seconds
[2024-02-26T16:03:23.071+0000] {processor.py:161} INFO - Started process (PID=7562) to work on /home/airflow/.local/lib/python3.11/site-packages/airflow/example_dags/example_trigger_target_dag.py
[2024-02-26T16:03:23.074+0000] {processor.py:830} INFO - Processing file /home/airflow/.local/lib/python3.11/site-packages/airflow/example_dags/example_trigger_target_dag.py for tasks to queue
[2024-02-26T16:03:23.075+0000] {logging_mixin.py:188} INFO - [2024-02-26T16:03:23.075+0000] {dagbag.py:540} INFO - Filling up the DagBag from /home/airflow/.local/lib/python3.11/site-packages/airflow/example_dags/example_trigger_target_dag.py
[2024-02-26T16:03:23.081+0000] {processor.py:840} INFO - DAG(s) 'example_trigger_target_dag' retrieved from /home/airflow/.local/lib/python3.11/site-packages/airflow/example_dags/example_trigger_target_dag.py
[2024-02-26T16:03:23.100+0000] {logging_mixin.py:188} INFO - [2024-02-26T16:03:23.100+0000] {dag.py:3047} INFO - Sync 1 DAGs
[2024-02-26T16:03:23.110+0000] {logging_mixin.py:188} INFO - [2024-02-26T16:03:23.110+0000] {dag.py:3834} INFO - Setting next_dagrun for example_trigger_target_dag to None, run_after=None
[2024-02-26T16:03:23.122+0000] {processor.py:183} INFO - Processing /home/airflow/.local/lib/python3.11/site-packages/airflow/example_dags/example_trigger_target_dag.py took 0.054 seconds
[2024-02-26T16:03:53.234+0000] {processor.py:161} INFO - Started process (PID=7810) to work on /home/airflow/.local/lib/python3.11/site-packages/airflow/example_dags/example_trigger_target_dag.py
[2024-02-26T16:03:53.236+0000] {processor.py:830} INFO - Processing file /home/airflow/.local/lib/python3.11/site-packages/airflow/example_dags/example_trigger_target_dag.py for tasks to queue
[2024-02-26T16:03:53.237+0000] {logging_mixin.py:188} INFO - [2024-02-26T16:03:53.237+0000] {dagbag.py:540} INFO - Filling up the DagBag from /home/airflow/.local/lib/python3.11/site-packages/airflow/example_dags/example_trigger_target_dag.py
[2024-02-26T16:03:53.245+0000] {processor.py:840} INFO - DAG(s) 'example_trigger_target_dag' retrieved from /home/airflow/.local/lib/python3.11/site-packages/airflow/example_dags/example_trigger_target_dag.py
[2024-02-26T16:03:53.267+0000] {logging_mixin.py:188} INFO - [2024-02-26T16:03:53.267+0000] {dag.py:3047} INFO - Sync 1 DAGs
[2024-02-26T16:03:53.276+0000] {logging_mixin.py:188} INFO - [2024-02-26T16:03:53.276+0000] {dag.py:3834} INFO - Setting next_dagrun for example_trigger_target_dag to None, run_after=None
[2024-02-26T16:03:53.287+0000] {processor.py:183} INFO - Processing /home/airflow/.local/lib/python3.11/site-packages/airflow/example_dags/example_trigger_target_dag.py took 0.056 seconds
[2024-02-26T16:04:23.899+0000] {processor.py:161} INFO - Started process (PID=8055) to work on /home/airflow/.local/lib/python3.11/site-packages/airflow/example_dags/example_trigger_target_dag.py
[2024-02-26T16:04:23.900+0000] {processor.py:830} INFO - Processing file /home/airflow/.local/lib/python3.11/site-packages/airflow/example_dags/example_trigger_target_dag.py for tasks to queue
[2024-02-26T16:04:23.903+0000] {logging_mixin.py:188} INFO - [2024-02-26T16:04:23.902+0000] {dagbag.py:540} INFO - Filling up the DagBag from /home/airflow/.local/lib/python3.11/site-packages/airflow/example_dags/example_trigger_target_dag.py
[2024-02-26T16:04:23.910+0000] {processor.py:840} INFO - DAG(s) 'example_trigger_target_dag' retrieved from /home/airflow/.local/lib/python3.11/site-packages/airflow/example_dags/example_trigger_target_dag.py
[2024-02-26T16:04:23.930+0000] {logging_mixin.py:188} INFO - [2024-02-26T16:04:23.929+0000] {dag.py:3047} INFO - Sync 1 DAGs
[2024-02-26T16:04:23.939+0000] {logging_mixin.py:188} INFO - [2024-02-26T16:04:23.939+0000] {dag.py:3834} INFO - Setting next_dagrun for example_trigger_target_dag to None, run_after=None
[2024-02-26T16:04:23.952+0000] {processor.py:183} INFO - Processing /home/airflow/.local/lib/python3.11/site-packages/airflow/example_dags/example_trigger_target_dag.py took 0.057 seconds
[2024-02-26T16:04:54.727+0000] {processor.py:161} INFO - Started process (PID=8302) to work on /home/airflow/.local/lib/python3.11/site-packages/airflow/example_dags/example_trigger_target_dag.py
[2024-02-26T16:04:54.729+0000] {processor.py:830} INFO - Processing file /home/airflow/.local/lib/python3.11/site-packages/airflow/example_dags/example_trigger_target_dag.py for tasks to queue
[2024-02-26T16:04:54.731+0000] {logging_mixin.py:188} INFO - [2024-02-26T16:04:54.730+0000] {dagbag.py:540} INFO - Filling up the DagBag from /home/airflow/.local/lib/python3.11/site-packages/airflow/example_dags/example_trigger_target_dag.py
[2024-02-26T16:04:54.737+0000] {processor.py:840} INFO - DAG(s) 'example_trigger_target_dag' retrieved from /home/airflow/.local/lib/python3.11/site-packages/airflow/example_dags/example_trigger_target_dag.py
[2024-02-26T16:04:54.757+0000] {logging_mixin.py:188} INFO - [2024-02-26T16:04:54.757+0000] {dag.py:3047} INFO - Sync 1 DAGs
[2024-02-26T16:04:54.767+0000] {logging_mixin.py:188} INFO - [2024-02-26T16:04:54.767+0000] {dag.py:3834} INFO - Setting next_dagrun for example_trigger_target_dag to None, run_after=None
[2024-02-26T16:04:54.780+0000] {processor.py:183} INFO - Processing /home/airflow/.local/lib/python3.11/site-packages/airflow/example_dags/example_trigger_target_dag.py took 0.056 seconds
[2024-02-26T16:05:25.488+0000] {processor.py:161} INFO - Started process (PID=8551) to work on /home/airflow/.local/lib/python3.11/site-packages/airflow/example_dags/example_trigger_target_dag.py
[2024-02-26T16:05:25.490+0000] {processor.py:830} INFO - Processing file /home/airflow/.local/lib/python3.11/site-packages/airflow/example_dags/example_trigger_target_dag.py for tasks to queue
[2024-02-26T16:05:25.491+0000] {logging_mixin.py:188} INFO - [2024-02-26T16:05:25.491+0000] {dagbag.py:540} INFO - Filling up the DagBag from /home/airflow/.local/lib/python3.11/site-packages/airflow/example_dags/example_trigger_target_dag.py
[2024-02-26T16:05:25.501+0000] {processor.py:840} INFO - DAG(s) 'example_trigger_target_dag' retrieved from /home/airflow/.local/lib/python3.11/site-packages/airflow/example_dags/example_trigger_target_dag.py
[2024-02-26T16:05:25.521+0000] {logging_mixin.py:188} INFO - [2024-02-26T16:05:25.521+0000] {dag.py:3047} INFO - Sync 1 DAGs
[2024-02-26T16:05:25.530+0000] {logging_mixin.py:188} INFO - [2024-02-26T16:05:25.530+0000] {dag.py:3834} INFO - Setting next_dagrun for example_trigger_target_dag to None, run_after=None
[2024-02-26T16:05:25.542+0000] {processor.py:183} INFO - Processing /home/airflow/.local/lib/python3.11/site-packages/airflow/example_dags/example_trigger_target_dag.py took 0.057 seconds
[2024-02-26T16:05:56.203+0000] {processor.py:161} INFO - Started process (PID=8796) to work on /home/airflow/.local/lib/python3.11/site-packages/airflow/example_dags/example_trigger_target_dag.py
[2024-02-26T16:05:56.205+0000] {processor.py:830} INFO - Processing file /home/airflow/.local/lib/python3.11/site-packages/airflow/example_dags/example_trigger_target_dag.py for tasks to queue
[2024-02-26T16:05:56.209+0000] {logging_mixin.py:188} INFO - [2024-02-26T16:05:56.209+0000] {dagbag.py:540} INFO - Filling up the DagBag from /home/airflow/.local/lib/python3.11/site-packages/airflow/example_dags/example_trigger_target_dag.py
[2024-02-26T16:05:56.214+0000] {processor.py:840} INFO - DAG(s) 'example_trigger_target_dag' retrieved from /home/airflow/.local/lib/python3.11/site-packages/airflow/example_dags/example_trigger_target_dag.py
[2024-02-26T16:05:56.233+0000] {logging_mixin.py:188} INFO - [2024-02-26T16:05:56.233+0000] {dag.py:3047} INFO - Sync 1 DAGs
[2024-02-26T16:05:56.243+0000] {logging_mixin.py:188} INFO - [2024-02-26T16:05:56.243+0000] {dag.py:3834} INFO - Setting next_dagrun for example_trigger_target_dag to None, run_after=None
[2024-02-26T16:05:56.256+0000] {processor.py:183} INFO - Processing /home/airflow/.local/lib/python3.11/site-packages/airflow/example_dags/example_trigger_target_dag.py took 0.057 seconds
[2024-02-26T16:06:27.099+0000] {processor.py:161} INFO - Started process (PID=9043) to work on /home/airflow/.local/lib/python3.11/site-packages/airflow/example_dags/example_trigger_target_dag.py
[2024-02-26T16:06:27.101+0000] {processor.py:830} INFO - Processing file /home/airflow/.local/lib/python3.11/site-packages/airflow/example_dags/example_trigger_target_dag.py for tasks to queue
[2024-02-26T16:06:27.102+0000] {logging_mixin.py:188} INFO - [2024-02-26T16:06:27.102+0000] {dagbag.py:540} INFO - Filling up the DagBag from /home/airflow/.local/lib/python3.11/site-packages/airflow/example_dags/example_trigger_target_dag.py
[2024-02-26T16:06:27.108+0000] {processor.py:840} INFO - DAG(s) 'example_trigger_target_dag' retrieved from /home/airflow/.local/lib/python3.11/site-packages/airflow/example_dags/example_trigger_target_dag.py
[2024-02-26T16:06:27.128+0000] {logging_mixin.py:188} INFO - [2024-02-26T16:06:27.128+0000] {dag.py:3047} INFO - Sync 1 DAGs
[2024-02-26T16:06:27.137+0000] {logging_mixin.py:188} INFO - [2024-02-26T16:06:27.137+0000] {dag.py:3834} INFO - Setting next_dagrun for example_trigger_target_dag to None, run_after=None
[2024-02-26T16:06:27.150+0000] {processor.py:183} INFO - Processing /home/airflow/.local/lib/python3.11/site-packages/airflow/example_dags/example_trigger_target_dag.py took 0.054 seconds
[2024-02-26T16:06:57.981+0000] {processor.py:161} INFO - Started process (PID=9296) to work on /home/airflow/.local/lib/python3.11/site-packages/airflow/example_dags/example_trigger_target_dag.py
[2024-02-26T16:06:57.983+0000] {processor.py:830} INFO - Processing file /home/airflow/.local/lib/python3.11/site-packages/airflow/example_dags/example_trigger_target_dag.py for tasks to queue
[2024-02-26T16:06:57.984+0000] {logging_mixin.py:188} INFO - [2024-02-26T16:06:57.984+0000] {dagbag.py:540} INFO - Filling up the DagBag from /home/airflow/.local/lib/python3.11/site-packages/airflow/example_dags/example_trigger_target_dag.py
[2024-02-26T16:06:57.991+0000] {processor.py:840} INFO - DAG(s) 'example_trigger_target_dag' retrieved from /home/airflow/.local/lib/python3.11/site-packages/airflow/example_dags/example_trigger_target_dag.py
[2024-02-26T16:06:58.011+0000] {logging_mixin.py:188} INFO - [2024-02-26T16:06:58.010+0000] {dag.py:3047} INFO - Sync 1 DAGs
[2024-02-26T16:06:58.020+0000] {logging_mixin.py:188} INFO - [2024-02-26T16:06:58.020+0000] {dag.py:3834} INFO - Setting next_dagrun for example_trigger_target_dag to None, run_after=None
[2024-02-26T16:06:58.033+0000] {processor.py:183} INFO - Processing /home/airflow/.local/lib/python3.11/site-packages/airflow/example_dags/example_trigger_target_dag.py took 0.055 seconds
[2024-02-26T16:07:28.203+0000] {processor.py:161} INFO - Started process (PID=9543) to work on /home/airflow/.local/lib/python3.11/site-packages/airflow/example_dags/example_trigger_target_dag.py
[2024-02-26T16:07:28.205+0000] {processor.py:830} INFO - Processing file /home/airflow/.local/lib/python3.11/site-packages/airflow/example_dags/example_trigger_target_dag.py for tasks to queue
[2024-02-26T16:07:28.207+0000] {logging_mixin.py:188} INFO - [2024-02-26T16:07:28.206+0000] {dagbag.py:540} INFO - Filling up the DagBag from /home/airflow/.local/lib/python3.11/site-packages/airflow/example_dags/example_trigger_target_dag.py
[2024-02-26T16:07:28.213+0000] {processor.py:840} INFO - DAG(s) 'example_trigger_target_dag' retrieved from /home/airflow/.local/lib/python3.11/site-packages/airflow/example_dags/example_trigger_target_dag.py
[2024-02-26T16:07:28.235+0000] {logging_mixin.py:188} INFO - [2024-02-26T16:07:28.235+0000] {dag.py:3047} INFO - Sync 1 DAGs
[2024-02-26T16:07:28.244+0000] {logging_mixin.py:188} INFO - [2024-02-26T16:07:28.244+0000] {dag.py:3834} INFO - Setting next_dagrun for example_trigger_target_dag to None, run_after=None
[2024-02-26T16:07:28.259+0000] {processor.py:183} INFO - Processing /home/airflow/.local/lib/python3.11/site-packages/airflow/example_dags/example_trigger_target_dag.py took 0.060 seconds
[2024-02-26T16:07:58.437+0000] {processor.py:161} INFO - Started process (PID=9792) to work on /home/airflow/.local/lib/python3.11/site-packages/airflow/example_dags/example_trigger_target_dag.py
[2024-02-26T16:07:58.439+0000] {processor.py:830} INFO - Processing file /home/airflow/.local/lib/python3.11/site-packages/airflow/example_dags/example_trigger_target_dag.py for tasks to queue
[2024-02-26T16:07:58.440+0000] {logging_mixin.py:188} INFO - [2024-02-26T16:07:58.440+0000] {dagbag.py:540} INFO - Filling up the DagBag from /home/airflow/.local/lib/python3.11/site-packages/airflow/example_dags/example_trigger_target_dag.py
[2024-02-26T16:07:58.446+0000] {processor.py:840} INFO - DAG(s) 'example_trigger_target_dag' retrieved from /home/airflow/.local/lib/python3.11/site-packages/airflow/example_dags/example_trigger_target_dag.py
[2024-02-26T16:07:58.467+0000] {logging_mixin.py:188} INFO - [2024-02-26T16:07:58.467+0000] {dag.py:3047} INFO - Sync 1 DAGs
[2024-02-26T16:07:58.477+0000] {logging_mixin.py:188} INFO - [2024-02-26T16:07:58.476+0000] {dag.py:3834} INFO - Setting next_dagrun for example_trigger_target_dag to None, run_after=None
[2024-02-26T16:07:58.488+0000] {processor.py:183} INFO - Processing /home/airflow/.local/lib/python3.11/site-packages/airflow/example_dags/example_trigger_target_dag.py took 0.054 seconds
[2024-02-26T16:08:29.547+0000] {processor.py:161} INFO - Started process (PID=10039) to work on /home/airflow/.local/lib/python3.11/site-packages/airflow/example_dags/example_trigger_target_dag.py
[2024-02-26T16:08:29.548+0000] {processor.py:830} INFO - Processing file /home/airflow/.local/lib/python3.11/site-packages/airflow/example_dags/example_trigger_target_dag.py for tasks to queue
[2024-02-26T16:08:29.550+0000] {logging_mixin.py:188} INFO - [2024-02-26T16:08:29.549+0000] {dagbag.py:540} INFO - Filling up the DagBag from /home/airflow/.local/lib/python3.11/site-packages/airflow/example_dags/example_trigger_target_dag.py
[2024-02-26T16:08:29.559+0000] {processor.py:840} INFO - DAG(s) 'example_trigger_target_dag' retrieved from /home/airflow/.local/lib/python3.11/site-packages/airflow/example_dags/example_trigger_target_dag.py
[2024-02-26T16:08:29.577+0000] {logging_mixin.py:188} INFO - [2024-02-26T16:08:29.577+0000] {dag.py:3047} INFO - Sync 1 DAGs
[2024-02-26T16:08:29.586+0000] {logging_mixin.py:188} INFO - [2024-02-26T16:08:29.586+0000] {dag.py:3834} INFO - Setting next_dagrun for example_trigger_target_dag to None, run_after=None
[2024-02-26T16:08:29.598+0000] {processor.py:183} INFO - Processing /home/airflow/.local/lib/python3.11/site-packages/airflow/example_dags/example_trigger_target_dag.py took 0.054 seconds
[2024-02-26T16:09:00.003+0000] {processor.py:161} INFO - Started process (PID=10286) to work on /home/airflow/.local/lib/python3.11/site-packages/airflow/example_dags/example_trigger_target_dag.py
[2024-02-26T16:09:00.005+0000] {processor.py:830} INFO - Processing file /home/airflow/.local/lib/python3.11/site-packages/airflow/example_dags/example_trigger_target_dag.py for tasks to queue
[2024-02-26T16:09:00.006+0000] {logging_mixin.py:188} INFO - [2024-02-26T16:09:00.006+0000] {dagbag.py:540} INFO - Filling up the DagBag from /home/airflow/.local/lib/python3.11/site-packages/airflow/example_dags/example_trigger_target_dag.py
[2024-02-26T16:09:00.012+0000] {processor.py:840} INFO - DAG(s) 'example_trigger_target_dag' retrieved from /home/airflow/.local/lib/python3.11/site-packages/airflow/example_dags/example_trigger_target_dag.py
[2024-02-26T16:09:00.031+0000] {logging_mixin.py:188} INFO - [2024-02-26T16:09:00.031+0000] {dag.py:3047} INFO - Sync 1 DAGs
[2024-02-26T16:09:00.039+0000] {logging_mixin.py:188} INFO - [2024-02-26T16:09:00.039+0000] {dag.py:3834} INFO - Setting next_dagrun for example_trigger_target_dag to None, run_after=None
[2024-02-26T16:09:00.048+0000] {processor.py:183} INFO - Processing /home/airflow/.local/lib/python3.11/site-packages/airflow/example_dags/example_trigger_target_dag.py took 0.048 seconds
[2024-02-26T16:09:30.237+0000] {processor.py:161} INFO - Started process (PID=10533) to work on /home/airflow/.local/lib/python3.11/site-packages/airflow/example_dags/example_trigger_target_dag.py
[2024-02-26T16:09:30.239+0000] {processor.py:830} INFO - Processing file /home/airflow/.local/lib/python3.11/site-packages/airflow/example_dags/example_trigger_target_dag.py for tasks to queue
[2024-02-26T16:09:30.245+0000] {logging_mixin.py:188} INFO - [2024-02-26T16:09:30.244+0000] {dagbag.py:540} INFO - Filling up the DagBag from /home/airflow/.local/lib/python3.11/site-packages/airflow/example_dags/example_trigger_target_dag.py
[2024-02-26T16:09:30.251+0000] {processor.py:840} INFO - DAG(s) 'example_trigger_target_dag' retrieved from /home/airflow/.local/lib/python3.11/site-packages/airflow/example_dags/example_trigger_target_dag.py
[2024-02-26T16:09:30.270+0000] {logging_mixin.py:188} INFO - [2024-02-26T16:09:30.270+0000] {dag.py:3047} INFO - Sync 1 DAGs
[2024-02-26T16:09:30.280+0000] {logging_mixin.py:188} INFO - [2024-02-26T16:09:30.280+0000] {dag.py:3834} INFO - Setting next_dagrun for example_trigger_target_dag to None, run_after=None
[2024-02-26T16:09:30.294+0000] {processor.py:183} INFO - Processing /home/airflow/.local/lib/python3.11/site-packages/airflow/example_dags/example_trigger_target_dag.py took 0.060 seconds
[2024-02-26T16:10:00.348+0000] {processor.py:161} INFO - Started process (PID=10780) to work on /home/airflow/.local/lib/python3.11/site-packages/airflow/example_dags/example_trigger_target_dag.py
[2024-02-26T16:10:00.350+0000] {processor.py:830} INFO - Processing file /home/airflow/.local/lib/python3.11/site-packages/airflow/example_dags/example_trigger_target_dag.py for tasks to queue
[2024-02-26T16:10:00.351+0000] {logging_mixin.py:188} INFO - [2024-02-26T16:10:00.351+0000] {dagbag.py:540} INFO - Filling up the DagBag from /home/airflow/.local/lib/python3.11/site-packages/airflow/example_dags/example_trigger_target_dag.py
[2024-02-26T16:10:00.358+0000] {processor.py:840} INFO - DAG(s) 'example_trigger_target_dag' retrieved from /home/airflow/.local/lib/python3.11/site-packages/airflow/example_dags/example_trigger_target_dag.py
[2024-02-26T16:10:00.378+0000] {logging_mixin.py:188} INFO - [2024-02-26T16:10:00.377+0000] {dag.py:3047} INFO - Sync 1 DAGs
[2024-02-26T16:10:00.386+0000] {logging_mixin.py:188} INFO - [2024-02-26T16:10:00.386+0000] {dag.py:3834} INFO - Setting next_dagrun for example_trigger_target_dag to None, run_after=None
[2024-02-26T16:10:00.399+0000] {processor.py:183} INFO - Processing /home/airflow/.local/lib/python3.11/site-packages/airflow/example_dags/example_trigger_target_dag.py took 0.054 seconds
[2024-02-26T16:10:30.498+0000] {processor.py:161} INFO - Started process (PID=11027) to work on /home/airflow/.local/lib/python3.11/site-packages/airflow/example_dags/example_trigger_target_dag.py
[2024-02-26T16:10:30.500+0000] {processor.py:830} INFO - Processing file /home/airflow/.local/lib/python3.11/site-packages/airflow/example_dags/example_trigger_target_dag.py for tasks to queue
[2024-02-26T16:10:30.501+0000] {logging_mixin.py:188} INFO - [2024-02-26T16:10:30.501+0000] {dagbag.py:540} INFO - Filling up the DagBag from /home/airflow/.local/lib/python3.11/site-packages/airflow/example_dags/example_trigger_target_dag.py
[2024-02-26T16:10:30.507+0000] {processor.py:840} INFO - DAG(s) 'example_trigger_target_dag' retrieved from /home/airflow/.local/lib/python3.11/site-packages/airflow/example_dags/example_trigger_target_dag.py
[2024-02-26T16:10:30.526+0000] {logging_mixin.py:188} INFO - [2024-02-26T16:10:30.526+0000] {dag.py:3047} INFO - Sync 1 DAGs
[2024-02-26T16:10:30.534+0000] {logging_mixin.py:188} INFO - [2024-02-26T16:10:30.534+0000] {dag.py:3834} INFO - Setting next_dagrun for example_trigger_target_dag to None, run_after=None
[2024-02-26T16:10:30.545+0000] {processor.py:183} INFO - Processing /home/airflow/.local/lib/python3.11/site-packages/airflow/example_dags/example_trigger_target_dag.py took 0.050 seconds
[2024-02-26T16:11:00.907+0000] {processor.py:161} INFO - Started process (PID=11272) to work on /home/airflow/.local/lib/python3.11/site-packages/airflow/example_dags/example_trigger_target_dag.py
[2024-02-26T16:11:00.909+0000] {processor.py:830} INFO - Processing file /home/airflow/.local/lib/python3.11/site-packages/airflow/example_dags/example_trigger_target_dag.py for tasks to queue
[2024-02-26T16:11:00.910+0000] {logging_mixin.py:188} INFO - [2024-02-26T16:11:00.910+0000] {dagbag.py:540} INFO - Filling up the DagBag from /home/airflow/.local/lib/python3.11/site-packages/airflow/example_dags/example_trigger_target_dag.py
[2024-02-26T16:11:00.917+0000] {processor.py:840} INFO - DAG(s) 'example_trigger_target_dag' retrieved from /home/airflow/.local/lib/python3.11/site-packages/airflow/example_dags/example_trigger_target_dag.py
[2024-02-26T16:11:00.937+0000] {logging_mixin.py:188} INFO - [2024-02-26T16:11:00.937+0000] {dag.py:3047} INFO - Sync 1 DAGs
[2024-02-26T16:11:00.947+0000] {logging_mixin.py:188} INFO - [2024-02-26T16:11:00.947+0000] {dag.py:3834} INFO - Setting next_dagrun for example_trigger_target_dag to None, run_after=None
[2024-02-26T16:11:00.959+0000] {processor.py:183} INFO - Processing /home/airflow/.local/lib/python3.11/site-packages/airflow/example_dags/example_trigger_target_dag.py took 0.057 seconds
[2024-02-26T16:11:31.046+0000] {processor.py:161} INFO - Started process (PID=11519) to work on /home/airflow/.local/lib/python3.11/site-packages/airflow/example_dags/example_trigger_target_dag.py
[2024-02-26T16:11:31.048+0000] {processor.py:830} INFO - Processing file /home/airflow/.local/lib/python3.11/site-packages/airflow/example_dags/example_trigger_target_dag.py for tasks to queue
[2024-02-26T16:11:31.049+0000] {logging_mixin.py:188} INFO - [2024-02-26T16:11:31.049+0000] {dagbag.py:540} INFO - Filling up the DagBag from /home/airflow/.local/lib/python3.11/site-packages/airflow/example_dags/example_trigger_target_dag.py
[2024-02-26T16:11:31.057+0000] {processor.py:840} INFO - DAG(s) 'example_trigger_target_dag' retrieved from /home/airflow/.local/lib/python3.11/site-packages/airflow/example_dags/example_trigger_target_dag.py
[2024-02-26T16:11:31.076+0000] {logging_mixin.py:188} INFO - [2024-02-26T16:11:31.075+0000] {dag.py:3047} INFO - Sync 1 DAGs
[2024-02-26T16:11:31.084+0000] {logging_mixin.py:188} INFO - [2024-02-26T16:11:31.084+0000] {dag.py:3834} INFO - Setting next_dagrun for example_trigger_target_dag to None, run_after=None
[2024-02-26T16:11:31.096+0000] {processor.py:183} INFO - Processing /home/airflow/.local/lib/python3.11/site-packages/airflow/example_dags/example_trigger_target_dag.py took 0.053 seconds
[2024-02-26T16:12:01.212+0000] {processor.py:161} INFO - Started process (PID=11766) to work on /home/airflow/.local/lib/python3.11/site-packages/airflow/example_dags/example_trigger_target_dag.py
[2024-02-26T16:12:01.213+0000] {processor.py:830} INFO - Processing file /home/airflow/.local/lib/python3.11/site-packages/airflow/example_dags/example_trigger_target_dag.py for tasks to queue
[2024-02-26T16:12:01.214+0000] {logging_mixin.py:188} INFO - [2024-02-26T16:12:01.214+0000] {dagbag.py:540} INFO - Filling up the DagBag from /home/airflow/.local/lib/python3.11/site-packages/airflow/example_dags/example_trigger_target_dag.py
[2024-02-26T16:12:01.220+0000] {processor.py:840} INFO - DAG(s) 'example_trigger_target_dag' retrieved from /home/airflow/.local/lib/python3.11/site-packages/airflow/example_dags/example_trigger_target_dag.py
[2024-02-26T16:12:01.239+0000] {logging_mixin.py:188} INFO - [2024-02-26T16:12:01.239+0000] {dag.py:3047} INFO - Sync 1 DAGs
[2024-02-26T16:12:01.247+0000] {logging_mixin.py:188} INFO - [2024-02-26T16:12:01.247+0000] {dag.py:3834} INFO - Setting next_dagrun for example_trigger_target_dag to None, run_after=None
[2024-02-26T16:12:01.259+0000] {processor.py:183} INFO - Processing /home/airflow/.local/lib/python3.11/site-packages/airflow/example_dags/example_trigger_target_dag.py took 0.050 seconds
[2024-02-26T16:12:31.406+0000] {processor.py:161} INFO - Started process (PID=12016) to work on /home/airflow/.local/lib/python3.11/site-packages/airflow/example_dags/example_trigger_target_dag.py
[2024-02-26T16:12:31.408+0000] {processor.py:830} INFO - Processing file /home/airflow/.local/lib/python3.11/site-packages/airflow/example_dags/example_trigger_target_dag.py for tasks to queue
[2024-02-26T16:12:31.409+0000] {logging_mixin.py:188} INFO - [2024-02-26T16:12:31.409+0000] {dagbag.py:540} INFO - Filling up the DagBag from /home/airflow/.local/lib/python3.11/site-packages/airflow/example_dags/example_trigger_target_dag.py
[2024-02-26T16:12:31.415+0000] {processor.py:840} INFO - DAG(s) 'example_trigger_target_dag' retrieved from /home/airflow/.local/lib/python3.11/site-packages/airflow/example_dags/example_trigger_target_dag.py
[2024-02-26T16:12:31.433+0000] {logging_mixin.py:188} INFO - [2024-02-26T16:12:31.432+0000] {dag.py:3047} INFO - Sync 1 DAGs
[2024-02-26T16:12:31.441+0000] {logging_mixin.py:188} INFO - [2024-02-26T16:12:31.441+0000] {dag.py:3834} INFO - Setting next_dagrun for example_trigger_target_dag to None, run_after=None
[2024-02-26T16:12:31.451+0000] {processor.py:183} INFO - Processing /home/airflow/.local/lib/python3.11/site-packages/airflow/example_dags/example_trigger_target_dag.py took 0.047 seconds
[2024-02-26T16:13:01.533+0000] {processor.py:161} INFO - Started process (PID=12261) to work on /home/airflow/.local/lib/python3.11/site-packages/airflow/example_dags/example_trigger_target_dag.py
[2024-02-26T16:13:01.535+0000] {processor.py:830} INFO - Processing file /home/airflow/.local/lib/python3.11/site-packages/airflow/example_dags/example_trigger_target_dag.py for tasks to queue
[2024-02-26T16:13:01.536+0000] {logging_mixin.py:188} INFO - [2024-02-26T16:13:01.536+0000] {dagbag.py:540} INFO - Filling up the DagBag from /home/airflow/.local/lib/python3.11/site-packages/airflow/example_dags/example_trigger_target_dag.py
[2024-02-26T16:13:01.542+0000] {processor.py:840} INFO - DAG(s) 'example_trigger_target_dag' retrieved from /home/airflow/.local/lib/python3.11/site-packages/airflow/example_dags/example_trigger_target_dag.py
[2024-02-26T16:13:01.560+0000] {logging_mixin.py:188} INFO - [2024-02-26T16:13:01.559+0000] {dag.py:3047} INFO - Sync 1 DAGs
[2024-02-26T16:13:01.568+0000] {logging_mixin.py:188} INFO - [2024-02-26T16:13:01.567+0000] {dag.py:3834} INFO - Setting next_dagrun for example_trigger_target_dag to None, run_after=None
[2024-02-26T16:13:01.579+0000] {processor.py:183} INFO - Processing /home/airflow/.local/lib/python3.11/site-packages/airflow/example_dags/example_trigger_target_dag.py took 0.049 seconds
[2024-02-26T16:13:31.634+0000] {processor.py:161} INFO - Started process (PID=12509) to work on /home/airflow/.local/lib/python3.11/site-packages/airflow/example_dags/example_trigger_target_dag.py
[2024-02-26T16:13:31.636+0000] {processor.py:830} INFO - Processing file /home/airflow/.local/lib/python3.11/site-packages/airflow/example_dags/example_trigger_target_dag.py for tasks to queue
[2024-02-26T16:13:31.638+0000] {logging_mixin.py:188} INFO - [2024-02-26T16:13:31.637+0000] {dagbag.py:540} INFO - Filling up the DagBag from /home/airflow/.local/lib/python3.11/site-packages/airflow/example_dags/example_trigger_target_dag.py
[2024-02-26T16:13:31.644+0000] {processor.py:840} INFO - DAG(s) 'example_trigger_target_dag' retrieved from /home/airflow/.local/lib/python3.11/site-packages/airflow/example_dags/example_trigger_target_dag.py
[2024-02-26T16:13:31.662+0000] {logging_mixin.py:188} INFO - [2024-02-26T16:13:31.662+0000] {dag.py:3047} INFO - Sync 1 DAGs
[2024-02-26T16:13:31.671+0000] {logging_mixin.py:188} INFO - [2024-02-26T16:13:31.670+0000] {dag.py:3834} INFO - Setting next_dagrun for example_trigger_target_dag to None, run_after=None
[2024-02-26T16:13:31.682+0000] {processor.py:183} INFO - Processing /home/airflow/.local/lib/python3.11/site-packages/airflow/example_dags/example_trigger_target_dag.py took 0.051 seconds
[2024-02-26T16:14:02.181+0000] {processor.py:161} INFO - Started process (PID=12755) to work on /home/airflow/.local/lib/python3.11/site-packages/airflow/example_dags/example_trigger_target_dag.py
[2024-02-26T16:14:02.183+0000] {processor.py:830} INFO - Processing file /home/airflow/.local/lib/python3.11/site-packages/airflow/example_dags/example_trigger_target_dag.py for tasks to queue
[2024-02-26T16:14:02.184+0000] {logging_mixin.py:188} INFO - [2024-02-26T16:14:02.184+0000] {dagbag.py:540} INFO - Filling up the DagBag from /home/airflow/.local/lib/python3.11/site-packages/airflow/example_dags/example_trigger_target_dag.py
[2024-02-26T16:14:02.191+0000] {processor.py:840} INFO - DAG(s) 'example_trigger_target_dag' retrieved from /home/airflow/.local/lib/python3.11/site-packages/airflow/example_dags/example_trigger_target_dag.py
[2024-02-26T16:14:02.212+0000] {logging_mixin.py:188} INFO - [2024-02-26T16:14:02.211+0000] {dag.py:3047} INFO - Sync 1 DAGs
[2024-02-26T16:14:02.221+0000] {logging_mixin.py:188} INFO - [2024-02-26T16:14:02.220+0000] {dag.py:3834} INFO - Setting next_dagrun for example_trigger_target_dag to None, run_after=None
[2024-02-26T16:14:02.234+0000] {processor.py:183} INFO - Processing /home/airflow/.local/lib/python3.11/site-packages/airflow/example_dags/example_trigger_target_dag.py took 0.057 seconds
[2024-02-26T16:14:32.421+0000] {processor.py:161} INFO - Started process (PID=13002) to work on /home/airflow/.local/lib/python3.11/site-packages/airflow/example_dags/example_trigger_target_dag.py
[2024-02-26T16:14:32.423+0000] {processor.py:830} INFO - Processing file /home/airflow/.local/lib/python3.11/site-packages/airflow/example_dags/example_trigger_target_dag.py for tasks to queue
[2024-02-26T16:14:32.426+0000] {logging_mixin.py:188} INFO - [2024-02-26T16:14:32.426+0000] {dagbag.py:540} INFO - Filling up the DagBag from /home/airflow/.local/lib/python3.11/site-packages/airflow/example_dags/example_trigger_target_dag.py
[2024-02-26T16:14:32.431+0000] {processor.py:840} INFO - DAG(s) 'example_trigger_target_dag' retrieved from /home/airflow/.local/lib/python3.11/site-packages/airflow/example_dags/example_trigger_target_dag.py
[2024-02-26T16:14:32.451+0000] {logging_mixin.py:188} INFO - [2024-02-26T16:14:32.451+0000] {dag.py:3047} INFO - Sync 1 DAGs
[2024-02-26T16:14:32.461+0000] {logging_mixin.py:188} INFO - [2024-02-26T16:14:32.460+0000] {dag.py:3834} INFO - Setting next_dagrun for example_trigger_target_dag to None, run_after=None
[2024-02-26T16:14:32.471+0000] {processor.py:183} INFO - Processing /home/airflow/.local/lib/python3.11/site-packages/airflow/example_dags/example_trigger_target_dag.py took 0.052 seconds
