[2024-02-26T15:48:35.479+0000] {processor.py:161} INFO - Started process (PID=331) to work on /home/airflow/.local/lib/python3.11/site-packages/airflow/example_dags/example_short_circuit_decorator.py
[2024-02-26T15:48:35.481+0000] {processor.py:830} INFO - Processing file /home/airflow/.local/lib/python3.11/site-packages/airflow/example_dags/example_short_circuit_decorator.py for tasks to queue
[2024-02-26T15:48:35.482+0000] {logging_mixin.py:188} INFO - [2024-02-26T15:48:35.482+0000] {dagbag.py:540} INFO - Filling up the DagBag from /home/airflow/.local/lib/python3.11/site-packages/airflow/example_dags/example_short_circuit_decorator.py
[2024-02-26T15:48:35.492+0000] {processor.py:840} INFO - DAG(s) 'example_short_circuit_decorator' retrieved from /home/airflow/.local/lib/python3.11/site-packages/airflow/example_dags/example_short_circuit_decorator.py
[2024-02-26T15:48:35.509+0000] {logging_mixin.py:188} INFO - [2024-02-26T15:48:35.509+0000] {dag.py:3047} INFO - Sync 1 DAGs
[2024-02-26T15:48:35.632+0000] {logging_mixin.py:188} INFO - [2024-02-26T15:48:35.632+0000] {dag.py:3834} INFO - Setting next_dagrun for example_short_circuit_decorator to 2024-02-25 00:00:00+00:00, run_after=2024-02-26 00:00:00+00:00
[2024-02-26T15:48:35.643+0000] {processor.py:183} INFO - Processing /home/airflow/.local/lib/python3.11/site-packages/airflow/example_dags/example_short_circuit_decorator.py took 0.167 seconds
[2024-02-26T15:49:05.718+0000] {processor.py:161} INFO - Started process (PID=578) to work on /home/airflow/.local/lib/python3.11/site-packages/airflow/example_dags/example_short_circuit_decorator.py
[2024-02-26T15:49:05.720+0000] {processor.py:830} INFO - Processing file /home/airflow/.local/lib/python3.11/site-packages/airflow/example_dags/example_short_circuit_decorator.py for tasks to queue
[2024-02-26T15:49:05.721+0000] {logging_mixin.py:188} INFO - [2024-02-26T15:49:05.721+0000] {dagbag.py:540} INFO - Filling up the DagBag from /home/airflow/.local/lib/python3.11/site-packages/airflow/example_dags/example_short_circuit_decorator.py
[2024-02-26T15:49:05.729+0000] {processor.py:840} INFO - DAG(s) 'example_short_circuit_decorator' retrieved from /home/airflow/.local/lib/python3.11/site-packages/airflow/example_dags/example_short_circuit_decorator.py
[2024-02-26T15:49:05.790+0000] {logging_mixin.py:188} INFO - [2024-02-26T15:49:05.790+0000] {dag.py:3047} INFO - Sync 1 DAGs
[2024-02-26T15:49:05.803+0000] {logging_mixin.py:188} INFO - [2024-02-26T15:49:05.802+0000] {dag.py:3834} INFO - Setting next_dagrun for example_short_circuit_decorator to 2024-02-25 00:00:00+00:00, run_after=2024-02-26 00:00:00+00:00
[2024-02-26T15:49:05.813+0000] {processor.py:183} INFO - Processing /home/airflow/.local/lib/python3.11/site-packages/airflow/example_dags/example_short_circuit_decorator.py took 0.098 seconds
[2024-02-26T15:49:36.541+0000] {processor.py:161} INFO - Started process (PID=825) to work on /home/airflow/.local/lib/python3.11/site-packages/airflow/example_dags/example_short_circuit_decorator.py
[2024-02-26T15:49:36.543+0000] {processor.py:830} INFO - Processing file /home/airflow/.local/lib/python3.11/site-packages/airflow/example_dags/example_short_circuit_decorator.py for tasks to queue
[2024-02-26T15:49:36.544+0000] {logging_mixin.py:188} INFO - [2024-02-26T15:49:36.544+0000] {dagbag.py:540} INFO - Filling up the DagBag from /home/airflow/.local/lib/python3.11/site-packages/airflow/example_dags/example_short_circuit_decorator.py
[2024-02-26T15:49:36.551+0000] {processor.py:840} INFO - DAG(s) 'example_short_circuit_decorator' retrieved from /home/airflow/.local/lib/python3.11/site-packages/airflow/example_dags/example_short_circuit_decorator.py
[2024-02-26T15:49:36.569+0000] {logging_mixin.py:188} INFO - [2024-02-26T15:49:36.569+0000] {dag.py:3047} INFO - Sync 1 DAGs
[2024-02-26T15:49:36.581+0000] {logging_mixin.py:188} INFO - [2024-02-26T15:49:36.581+0000] {dag.py:3834} INFO - Setting next_dagrun for example_short_circuit_decorator to 2024-02-25 00:00:00+00:00, run_after=2024-02-26 00:00:00+00:00
[2024-02-26T15:49:36.592+0000] {processor.py:183} INFO - Processing /home/airflow/.local/lib/python3.11/site-packages/airflow/example_dags/example_short_circuit_decorator.py took 0.053 seconds
[2024-02-26T15:50:07.279+0000] {processor.py:161} INFO - Started process (PID=1071) to work on /home/airflow/.local/lib/python3.11/site-packages/airflow/example_dags/example_short_circuit_decorator.py
[2024-02-26T15:50:07.281+0000] {processor.py:830} INFO - Processing file /home/airflow/.local/lib/python3.11/site-packages/airflow/example_dags/example_short_circuit_decorator.py for tasks to queue
[2024-02-26T15:50:07.283+0000] {logging_mixin.py:188} INFO - [2024-02-26T15:50:07.282+0000] {dagbag.py:540} INFO - Filling up the DagBag from /home/airflow/.local/lib/python3.11/site-packages/airflow/example_dags/example_short_circuit_decorator.py
[2024-02-26T15:50:07.291+0000] {processor.py:840} INFO - DAG(s) 'example_short_circuit_decorator' retrieved from /home/airflow/.local/lib/python3.11/site-packages/airflow/example_dags/example_short_circuit_decorator.py
[2024-02-26T15:50:07.311+0000] {logging_mixin.py:188} INFO - [2024-02-26T15:50:07.311+0000] {dag.py:3047} INFO - Sync 1 DAGs
[2024-02-26T15:50:07.329+0000] {logging_mixin.py:188} INFO - [2024-02-26T15:50:07.329+0000] {dag.py:3834} INFO - Setting next_dagrun for example_short_circuit_decorator to 2024-02-25 00:00:00+00:00, run_after=2024-02-26 00:00:00+00:00
[2024-02-26T15:50:07.341+0000] {processor.py:183} INFO - Processing /home/airflow/.local/lib/python3.11/site-packages/airflow/example_dags/example_short_circuit_decorator.py took 0.065 seconds
[2024-02-26T15:50:37.653+0000] {processor.py:161} INFO - Started process (PID=1319) to work on /home/airflow/.local/lib/python3.11/site-packages/airflow/example_dags/example_short_circuit_decorator.py
[2024-02-26T15:50:37.655+0000] {processor.py:830} INFO - Processing file /home/airflow/.local/lib/python3.11/site-packages/airflow/example_dags/example_short_circuit_decorator.py for tasks to queue
[2024-02-26T15:50:37.657+0000] {logging_mixin.py:188} INFO - [2024-02-26T15:50:37.656+0000] {dagbag.py:540} INFO - Filling up the DagBag from /home/airflow/.local/lib/python3.11/site-packages/airflow/example_dags/example_short_circuit_decorator.py
[2024-02-26T15:50:37.665+0000] {processor.py:840} INFO - DAG(s) 'example_short_circuit_decorator' retrieved from /home/airflow/.local/lib/python3.11/site-packages/airflow/example_dags/example_short_circuit_decorator.py
[2024-02-26T15:50:37.684+0000] {logging_mixin.py:188} INFO - [2024-02-26T15:50:37.683+0000] {dag.py:3047} INFO - Sync 1 DAGs
[2024-02-26T15:50:37.696+0000] {logging_mixin.py:188} INFO - [2024-02-26T15:50:37.696+0000] {dag.py:3834} INFO - Setting next_dagrun for example_short_circuit_decorator to 2024-02-25 00:00:00+00:00, run_after=2024-02-26 00:00:00+00:00
[2024-02-26T15:50:37.706+0000] {processor.py:183} INFO - Processing /home/airflow/.local/lib/python3.11/site-packages/airflow/example_dags/example_short_circuit_decorator.py took 0.056 seconds
[2024-02-26T15:51:08.350+0000] {processor.py:161} INFO - Started process (PID=1564) to work on /home/airflow/.local/lib/python3.11/site-packages/airflow/example_dags/example_short_circuit_decorator.py
[2024-02-26T15:51:08.352+0000] {processor.py:830} INFO - Processing file /home/airflow/.local/lib/python3.11/site-packages/airflow/example_dags/example_short_circuit_decorator.py for tasks to queue
[2024-02-26T15:51:08.354+0000] {logging_mixin.py:188} INFO - [2024-02-26T15:51:08.354+0000] {dagbag.py:540} INFO - Filling up the DagBag from /home/airflow/.local/lib/python3.11/site-packages/airflow/example_dags/example_short_circuit_decorator.py
[2024-02-26T15:51:08.363+0000] {processor.py:840} INFO - DAG(s) 'example_short_circuit_decorator' retrieved from /home/airflow/.local/lib/python3.11/site-packages/airflow/example_dags/example_short_circuit_decorator.py
[2024-02-26T15:51:08.382+0000] {logging_mixin.py:188} INFO - [2024-02-26T15:51:08.382+0000] {dag.py:3047} INFO - Sync 1 DAGs
[2024-02-26T15:51:08.395+0000] {logging_mixin.py:188} INFO - [2024-02-26T15:51:08.395+0000] {dag.py:3834} INFO - Setting next_dagrun for example_short_circuit_decorator to 2024-02-25 00:00:00+00:00, run_after=2024-02-26 00:00:00+00:00
[2024-02-26T15:51:08.407+0000] {processor.py:183} INFO - Processing /home/airflow/.local/lib/python3.11/site-packages/airflow/example_dags/example_short_circuit_decorator.py took 0.061 seconds
[2024-02-26T15:51:39.277+0000] {processor.py:161} INFO - Started process (PID=1811) to work on /home/airflow/.local/lib/python3.11/site-packages/airflow/example_dags/example_short_circuit_decorator.py
[2024-02-26T15:51:39.278+0000] {processor.py:830} INFO - Processing file /home/airflow/.local/lib/python3.11/site-packages/airflow/example_dags/example_short_circuit_decorator.py for tasks to queue
[2024-02-26T15:51:39.280+0000] {logging_mixin.py:188} INFO - [2024-02-26T15:51:39.279+0000] {dagbag.py:540} INFO - Filling up the DagBag from /home/airflow/.local/lib/python3.11/site-packages/airflow/example_dags/example_short_circuit_decorator.py
[2024-02-26T15:51:39.287+0000] {processor.py:840} INFO - DAG(s) 'example_short_circuit_decorator' retrieved from /home/airflow/.local/lib/python3.11/site-packages/airflow/example_dags/example_short_circuit_decorator.py
[2024-02-26T15:51:39.306+0000] {logging_mixin.py:188} INFO - [2024-02-26T15:51:39.306+0000] {dag.py:3047} INFO - Sync 1 DAGs
[2024-02-26T15:51:39.318+0000] {logging_mixin.py:188} INFO - [2024-02-26T15:51:39.318+0000] {dag.py:3834} INFO - Setting next_dagrun for example_short_circuit_decorator to 2024-02-25 00:00:00+00:00, run_after=2024-02-26 00:00:00+00:00
[2024-02-26T15:51:39.327+0000] {processor.py:183} INFO - Processing /home/airflow/.local/lib/python3.11/site-packages/airflow/example_dags/example_short_circuit_decorator.py took 0.054 seconds
[2024-02-26T15:52:10.128+0000] {processor.py:161} INFO - Started process (PID=2106) to work on /home/airflow/.local/lib/python3.11/site-packages/airflow/example_dags/example_short_circuit_decorator.py
[2024-02-26T15:52:10.130+0000] {processor.py:830} INFO - Processing file /home/airflow/.local/lib/python3.11/site-packages/airflow/example_dags/example_short_circuit_decorator.py for tasks to queue
[2024-02-26T15:52:10.131+0000] {logging_mixin.py:188} INFO - [2024-02-26T15:52:10.131+0000] {dagbag.py:540} INFO - Filling up the DagBag from /home/airflow/.local/lib/python3.11/site-packages/airflow/example_dags/example_short_circuit_decorator.py
[2024-02-26T15:52:10.141+0000] {processor.py:840} INFO - DAG(s) 'example_short_circuit_decorator' retrieved from /home/airflow/.local/lib/python3.11/site-packages/airflow/example_dags/example_short_circuit_decorator.py
[2024-02-26T15:52:10.161+0000] {logging_mixin.py:188} INFO - [2024-02-26T15:52:10.160+0000] {dag.py:3047} INFO - Sync 1 DAGs
[2024-02-26T15:52:10.173+0000] {logging_mixin.py:188} INFO - [2024-02-26T15:52:10.173+0000] {dag.py:3834} INFO - Setting next_dagrun for example_short_circuit_decorator to 2024-02-25 00:00:00+00:00, run_after=2024-02-26 00:00:00+00:00
[2024-02-26T15:52:10.184+0000] {processor.py:183} INFO - Processing /home/airflow/.local/lib/python3.11/site-packages/airflow/example_dags/example_short_circuit_decorator.py took 0.059 seconds
[2024-02-26T15:52:40.524+0000] {processor.py:161} INFO - Started process (PID=2377) to work on /home/airflow/.local/lib/python3.11/site-packages/airflow/example_dags/example_short_circuit_decorator.py
[2024-02-26T15:52:40.527+0000] {processor.py:830} INFO - Processing file /home/airflow/.local/lib/python3.11/site-packages/airflow/example_dags/example_short_circuit_decorator.py for tasks to queue
[2024-02-26T15:52:40.529+0000] {logging_mixin.py:188} INFO - [2024-02-26T15:52:40.528+0000] {dagbag.py:540} INFO - Filling up the DagBag from /home/airflow/.local/lib/python3.11/site-packages/airflow/example_dags/example_short_circuit_decorator.py
[2024-02-26T15:52:40.537+0000] {processor.py:840} INFO - DAG(s) 'example_short_circuit_decorator' retrieved from /home/airflow/.local/lib/python3.11/site-packages/airflow/example_dags/example_short_circuit_decorator.py
[2024-02-26T15:52:40.557+0000] {logging_mixin.py:188} INFO - [2024-02-26T15:52:40.557+0000] {dag.py:3047} INFO - Sync 1 DAGs
[2024-02-26T15:52:40.571+0000] {logging_mixin.py:188} INFO - [2024-02-26T15:52:40.571+0000] {dag.py:3834} INFO - Setting next_dagrun for example_short_circuit_decorator to 2024-02-25 00:00:00+00:00, run_after=2024-02-26 00:00:00+00:00
[2024-02-26T15:52:40.582+0000] {processor.py:183} INFO - Processing /home/airflow/.local/lib/python3.11/site-packages/airflow/example_dags/example_short_circuit_decorator.py took 0.061 seconds
[2024-02-26T15:53:11.299+0000] {processor.py:161} INFO - Started process (PID=2624) to work on /home/airflow/.local/lib/python3.11/site-packages/airflow/example_dags/example_short_circuit_decorator.py
[2024-02-26T15:53:11.302+0000] {processor.py:830} INFO - Processing file /home/airflow/.local/lib/python3.11/site-packages/airflow/example_dags/example_short_circuit_decorator.py for tasks to queue
[2024-02-26T15:53:11.304+0000] {logging_mixin.py:188} INFO - [2024-02-26T15:53:11.303+0000] {dagbag.py:540} INFO - Filling up the DagBag from /home/airflow/.local/lib/python3.11/site-packages/airflow/example_dags/example_short_circuit_decorator.py
[2024-02-26T15:53:11.312+0000] {processor.py:840} INFO - DAG(s) 'example_short_circuit_decorator' retrieved from /home/airflow/.local/lib/python3.11/site-packages/airflow/example_dags/example_short_circuit_decorator.py
[2024-02-26T15:53:11.331+0000] {logging_mixin.py:188} INFO - [2024-02-26T15:53:11.331+0000] {dag.py:3047} INFO - Sync 1 DAGs
[2024-02-26T15:53:11.344+0000] {logging_mixin.py:188} INFO - [2024-02-26T15:53:11.344+0000] {dag.py:3834} INFO - Setting next_dagrun for example_short_circuit_decorator to 2024-02-25 00:00:00+00:00, run_after=2024-02-26 00:00:00+00:00
[2024-02-26T15:53:11.355+0000] {processor.py:183} INFO - Processing /home/airflow/.local/lib/python3.11/site-packages/airflow/example_dags/example_short_circuit_decorator.py took 0.058 seconds
[2024-02-26T15:53:42.102+0000] {processor.py:161} INFO - Started process (PID=2871) to work on /home/airflow/.local/lib/python3.11/site-packages/airflow/example_dags/example_short_circuit_decorator.py
[2024-02-26T15:53:42.103+0000] {processor.py:830} INFO - Processing file /home/airflow/.local/lib/python3.11/site-packages/airflow/example_dags/example_short_circuit_decorator.py for tasks to queue
[2024-02-26T15:53:42.105+0000] {logging_mixin.py:188} INFO - [2024-02-26T15:53:42.104+0000] {dagbag.py:540} INFO - Filling up the DagBag from /home/airflow/.local/lib/python3.11/site-packages/airflow/example_dags/example_short_circuit_decorator.py
[2024-02-26T15:53:42.113+0000] {processor.py:840} INFO - DAG(s) 'example_short_circuit_decorator' retrieved from /home/airflow/.local/lib/python3.11/site-packages/airflow/example_dags/example_short_circuit_decorator.py
[2024-02-26T15:53:42.133+0000] {logging_mixin.py:188} INFO - [2024-02-26T15:53:42.133+0000] {dag.py:3047} INFO - Sync 1 DAGs
[2024-02-26T15:53:42.146+0000] {logging_mixin.py:188} INFO - [2024-02-26T15:53:42.146+0000] {dag.py:3834} INFO - Setting next_dagrun for example_short_circuit_decorator to 2024-02-25 00:00:00+00:00, run_after=2024-02-26 00:00:00+00:00
[2024-02-26T15:53:42.155+0000] {processor.py:183} INFO - Processing /home/airflow/.local/lib/python3.11/site-packages/airflow/example_dags/example_short_circuit_decorator.py took 0.057 seconds
[2024-02-26T15:54:12.872+0000] {processor.py:161} INFO - Started process (PID=3118) to work on /home/airflow/.local/lib/python3.11/site-packages/airflow/example_dags/example_short_circuit_decorator.py
[2024-02-26T15:54:12.874+0000] {processor.py:830} INFO - Processing file /home/airflow/.local/lib/python3.11/site-packages/airflow/example_dags/example_short_circuit_decorator.py for tasks to queue
[2024-02-26T15:54:12.875+0000] {logging_mixin.py:188} INFO - [2024-02-26T15:54:12.875+0000] {dagbag.py:540} INFO - Filling up the DagBag from /home/airflow/.local/lib/python3.11/site-packages/airflow/example_dags/example_short_circuit_decorator.py
[2024-02-26T15:54:12.883+0000] {processor.py:840} INFO - DAG(s) 'example_short_circuit_decorator' retrieved from /home/airflow/.local/lib/python3.11/site-packages/airflow/example_dags/example_short_circuit_decorator.py
[2024-02-26T15:54:12.904+0000] {logging_mixin.py:188} INFO - [2024-02-26T15:54:12.904+0000] {dag.py:3047} INFO - Sync 1 DAGs
[2024-02-26T15:54:12.917+0000] {logging_mixin.py:188} INFO - [2024-02-26T15:54:12.917+0000] {dag.py:3834} INFO - Setting next_dagrun for example_short_circuit_decorator to 2024-02-25 00:00:00+00:00, run_after=2024-02-26 00:00:00+00:00
[2024-02-26T15:54:12.928+0000] {processor.py:183} INFO - Processing /home/airflow/.local/lib/python3.11/site-packages/airflow/example_dags/example_short_circuit_decorator.py took 0.059 seconds
[2024-02-26T15:54:43.810+0000] {processor.py:161} INFO - Started process (PID=3365) to work on /home/airflow/.local/lib/python3.11/site-packages/airflow/example_dags/example_short_circuit_decorator.py
[2024-02-26T15:54:43.812+0000] {processor.py:830} INFO - Processing file /home/airflow/.local/lib/python3.11/site-packages/airflow/example_dags/example_short_circuit_decorator.py for tasks to queue
[2024-02-26T15:54:43.813+0000] {logging_mixin.py:188} INFO - [2024-02-26T15:54:43.813+0000] {dagbag.py:540} INFO - Filling up the DagBag from /home/airflow/.local/lib/python3.11/site-packages/airflow/example_dags/example_short_circuit_decorator.py
[2024-02-26T15:54:43.821+0000] {processor.py:840} INFO - DAG(s) 'example_short_circuit_decorator' retrieved from /home/airflow/.local/lib/python3.11/site-packages/airflow/example_dags/example_short_circuit_decorator.py
[2024-02-26T15:54:43.840+0000] {logging_mixin.py:188} INFO - [2024-02-26T15:54:43.840+0000] {dag.py:3047} INFO - Sync 1 DAGs
[2024-02-26T15:54:43.856+0000] {logging_mixin.py:188} INFO - [2024-02-26T15:54:43.856+0000] {dag.py:3834} INFO - Setting next_dagrun for example_short_circuit_decorator to 2024-02-25 00:00:00+00:00, run_after=2024-02-26 00:00:00+00:00
[2024-02-26T15:54:43.867+0000] {processor.py:183} INFO - Processing /home/airflow/.local/lib/python3.11/site-packages/airflow/example_dags/example_short_circuit_decorator.py took 0.060 seconds
[2024-02-26T15:55:14.756+0000] {processor.py:161} INFO - Started process (PID=3611) to work on /home/airflow/.local/lib/python3.11/site-packages/airflow/example_dags/example_short_circuit_decorator.py
[2024-02-26T15:55:14.758+0000] {processor.py:830} INFO - Processing file /home/airflow/.local/lib/python3.11/site-packages/airflow/example_dags/example_short_circuit_decorator.py for tasks to queue
[2024-02-26T15:55:14.760+0000] {logging_mixin.py:188} INFO - [2024-02-26T15:55:14.759+0000] {dagbag.py:540} INFO - Filling up the DagBag from /home/airflow/.local/lib/python3.11/site-packages/airflow/example_dags/example_short_circuit_decorator.py
[2024-02-26T15:55:14.768+0000] {processor.py:840} INFO - DAG(s) 'example_short_circuit_decorator' retrieved from /home/airflow/.local/lib/python3.11/site-packages/airflow/example_dags/example_short_circuit_decorator.py
[2024-02-26T15:55:14.788+0000] {logging_mixin.py:188} INFO - [2024-02-26T15:55:14.788+0000] {dag.py:3047} INFO - Sync 1 DAGs
[2024-02-26T15:55:14.803+0000] {logging_mixin.py:188} INFO - [2024-02-26T15:55:14.803+0000] {dag.py:3834} INFO - Setting next_dagrun for example_short_circuit_decorator to 2024-02-25 00:00:00+00:00, run_after=2024-02-26 00:00:00+00:00
[2024-02-26T15:55:14.813+0000] {processor.py:183} INFO - Processing /home/airflow/.local/lib/python3.11/site-packages/airflow/example_dags/example_short_circuit_decorator.py took 0.061 seconds
[2024-02-26T15:55:45.901+0000] {processor.py:161} INFO - Started process (PID=3858) to work on /home/airflow/.local/lib/python3.11/site-packages/airflow/example_dags/example_short_circuit_decorator.py
[2024-02-26T15:55:45.906+0000] {processor.py:830} INFO - Processing file /home/airflow/.local/lib/python3.11/site-packages/airflow/example_dags/example_short_circuit_decorator.py for tasks to queue
[2024-02-26T15:55:45.909+0000] {logging_mixin.py:188} INFO - [2024-02-26T15:55:45.908+0000] {dagbag.py:540} INFO - Filling up the DagBag from /home/airflow/.local/lib/python3.11/site-packages/airflow/example_dags/example_short_circuit_decorator.py
[2024-02-26T15:55:45.921+0000] {processor.py:840} INFO - DAG(s) 'example_short_circuit_decorator' retrieved from /home/airflow/.local/lib/python3.11/site-packages/airflow/example_dags/example_short_circuit_decorator.py
[2024-02-26T15:55:45.951+0000] {logging_mixin.py:188} INFO - [2024-02-26T15:55:45.951+0000] {dag.py:3047} INFO - Sync 1 DAGs
[2024-02-26T15:55:45.970+0000] {logging_mixin.py:188} INFO - [2024-02-26T15:55:45.970+0000] {dag.py:3834} INFO - Setting next_dagrun for example_short_circuit_decorator to 2024-02-25 00:00:00+00:00, run_after=2024-02-26 00:00:00+00:00
[2024-02-26T15:55:45.987+0000] {processor.py:183} INFO - Processing /home/airflow/.local/lib/python3.11/site-packages/airflow/example_dags/example_short_circuit_decorator.py took 0.088 seconds
[2024-02-26T15:56:16.054+0000] {processor.py:161} INFO - Started process (PID=4107) to work on /home/airflow/.local/lib/python3.11/site-packages/airflow/example_dags/example_short_circuit_decorator.py
[2024-02-26T15:56:16.056+0000] {processor.py:830} INFO - Processing file /home/airflow/.local/lib/python3.11/site-packages/airflow/example_dags/example_short_circuit_decorator.py for tasks to queue
[2024-02-26T15:56:16.057+0000] {logging_mixin.py:188} INFO - [2024-02-26T15:56:16.057+0000] {dagbag.py:540} INFO - Filling up the DagBag from /home/airflow/.local/lib/python3.11/site-packages/airflow/example_dags/example_short_circuit_decorator.py
[2024-02-26T15:56:16.065+0000] {processor.py:840} INFO - DAG(s) 'example_short_circuit_decorator' retrieved from /home/airflow/.local/lib/python3.11/site-packages/airflow/example_dags/example_short_circuit_decorator.py
[2024-02-26T15:56:16.084+0000] {logging_mixin.py:188} INFO - [2024-02-26T15:56:16.083+0000] {dag.py:3047} INFO - Sync 1 DAGs
[2024-02-26T15:56:16.096+0000] {logging_mixin.py:188} INFO - [2024-02-26T15:56:16.096+0000] {dag.py:3834} INFO - Setting next_dagrun for example_short_circuit_decorator to 2024-02-25 00:00:00+00:00, run_after=2024-02-26 00:00:00+00:00
[2024-02-26T15:56:16.107+0000] {processor.py:183} INFO - Processing /home/airflow/.local/lib/python3.11/site-packages/airflow/example_dags/example_short_circuit_decorator.py took 0.056 seconds
[2024-02-26T15:56:46.486+0000] {processor.py:161} INFO - Started process (PID=4353) to work on /home/airflow/.local/lib/python3.11/site-packages/airflow/example_dags/example_short_circuit_decorator.py
[2024-02-26T15:56:46.488+0000] {processor.py:830} INFO - Processing file /home/airflow/.local/lib/python3.11/site-packages/airflow/example_dags/example_short_circuit_decorator.py for tasks to queue
[2024-02-26T15:56:46.490+0000] {logging_mixin.py:188} INFO - [2024-02-26T15:56:46.490+0000] {dagbag.py:540} INFO - Filling up the DagBag from /home/airflow/.local/lib/python3.11/site-packages/airflow/example_dags/example_short_circuit_decorator.py
[2024-02-26T15:56:46.500+0000] {processor.py:840} INFO - DAG(s) 'example_short_circuit_decorator' retrieved from /home/airflow/.local/lib/python3.11/site-packages/airflow/example_dags/example_short_circuit_decorator.py
[2024-02-26T15:56:46.531+0000] {logging_mixin.py:188} INFO - [2024-02-26T15:56:46.531+0000] {dag.py:3047} INFO - Sync 1 DAGs
[2024-02-26T15:56:46.580+0000] {logging_mixin.py:188} INFO - [2024-02-26T15:56:46.580+0000] {dag.py:3834} INFO - Setting next_dagrun for example_short_circuit_decorator to 2024-02-25 00:00:00+00:00, run_after=2024-02-26 00:00:00+00:00
[2024-02-26T15:56:46.599+0000] {processor.py:183} INFO - Processing /home/airflow/.local/lib/python3.11/site-packages/airflow/example_dags/example_short_circuit_decorator.py took 0.117 seconds
[2024-02-26T15:57:16.843+0000] {processor.py:161} INFO - Started process (PID=4600) to work on /home/airflow/.local/lib/python3.11/site-packages/airflow/example_dags/example_short_circuit_decorator.py
[2024-02-26T15:57:16.845+0000] {processor.py:830} INFO - Processing file /home/airflow/.local/lib/python3.11/site-packages/airflow/example_dags/example_short_circuit_decorator.py for tasks to queue
[2024-02-26T15:57:16.848+0000] {logging_mixin.py:188} INFO - [2024-02-26T15:57:16.847+0000] {dagbag.py:540} INFO - Filling up the DagBag from /home/airflow/.local/lib/python3.11/site-packages/airflow/example_dags/example_short_circuit_decorator.py
[2024-02-26T15:57:16.858+0000] {processor.py:840} INFO - DAG(s) 'example_short_circuit_decorator' retrieved from /home/airflow/.local/lib/python3.11/site-packages/airflow/example_dags/example_short_circuit_decorator.py
[2024-02-26T15:57:16.883+0000] {logging_mixin.py:188} INFO - [2024-02-26T15:57:16.882+0000] {dag.py:3047} INFO - Sync 1 DAGs
[2024-02-26T15:57:16.904+0000] {logging_mixin.py:188} INFO - [2024-02-26T15:57:16.904+0000] {dag.py:3834} INFO - Setting next_dagrun for example_short_circuit_decorator to 2024-02-25 00:00:00+00:00, run_after=2024-02-26 00:00:00+00:00
[2024-02-26T15:57:16.927+0000] {processor.py:183} INFO - Processing /home/airflow/.local/lib/python3.11/site-packages/airflow/example_dags/example_short_circuit_decorator.py took 0.087 seconds
[2024-02-26T15:57:47.143+0000] {processor.py:161} INFO - Started process (PID=4847) to work on /home/airflow/.local/lib/python3.11/site-packages/airflow/example_dags/example_short_circuit_decorator.py
[2024-02-26T15:57:47.145+0000] {processor.py:830} INFO - Processing file /home/airflow/.local/lib/python3.11/site-packages/airflow/example_dags/example_short_circuit_decorator.py for tasks to queue
[2024-02-26T15:57:47.147+0000] {logging_mixin.py:188} INFO - [2024-02-26T15:57:47.146+0000] {dagbag.py:540} INFO - Filling up the DagBag from /home/airflow/.local/lib/python3.11/site-packages/airflow/example_dags/example_short_circuit_decorator.py
[2024-02-26T15:57:47.157+0000] {processor.py:840} INFO - DAG(s) 'example_short_circuit_decorator' retrieved from /home/airflow/.local/lib/python3.11/site-packages/airflow/example_dags/example_short_circuit_decorator.py
[2024-02-26T15:57:47.182+0000] {logging_mixin.py:188} INFO - [2024-02-26T15:57:47.181+0000] {dag.py:3047} INFO - Sync 1 DAGs
[2024-02-26T15:57:47.197+0000] {logging_mixin.py:188} INFO - [2024-02-26T15:57:47.197+0000] {dag.py:3834} INFO - Setting next_dagrun for example_short_circuit_decorator to 2024-02-25 00:00:00+00:00, run_after=2024-02-26 00:00:00+00:00
[2024-02-26T15:57:47.212+0000] {processor.py:183} INFO - Processing /home/airflow/.local/lib/python3.11/site-packages/airflow/example_dags/example_short_circuit_decorator.py took 0.073 seconds
[2024-02-26T15:58:17.425+0000] {processor.py:161} INFO - Started process (PID=5094) to work on /home/airflow/.local/lib/python3.11/site-packages/airflow/example_dags/example_short_circuit_decorator.py
[2024-02-26T15:58:17.427+0000] {processor.py:830} INFO - Processing file /home/airflow/.local/lib/python3.11/site-packages/airflow/example_dags/example_short_circuit_decorator.py for tasks to queue
[2024-02-26T15:58:17.428+0000] {logging_mixin.py:188} INFO - [2024-02-26T15:58:17.428+0000] {dagbag.py:540} INFO - Filling up the DagBag from /home/airflow/.local/lib/python3.11/site-packages/airflow/example_dags/example_short_circuit_decorator.py
[2024-02-26T15:58:17.439+0000] {processor.py:840} INFO - DAG(s) 'example_short_circuit_decorator' retrieved from /home/airflow/.local/lib/python3.11/site-packages/airflow/example_dags/example_short_circuit_decorator.py
[2024-02-26T15:58:17.464+0000] {logging_mixin.py:188} INFO - [2024-02-26T15:58:17.464+0000] {dag.py:3047} INFO - Sync 1 DAGs
[2024-02-26T15:58:17.482+0000] {logging_mixin.py:188} INFO - [2024-02-26T15:58:17.482+0000] {dag.py:3834} INFO - Setting next_dagrun for example_short_circuit_decorator to 2024-02-25 00:00:00+00:00, run_after=2024-02-26 00:00:00+00:00
[2024-02-26T15:58:17.495+0000] {processor.py:183} INFO - Processing /home/airflow/.local/lib/python3.11/site-packages/airflow/example_dags/example_short_circuit_decorator.py took 0.073 seconds
[2024-02-26T15:58:47.749+0000] {processor.py:161} INFO - Started process (PID=5342) to work on /home/airflow/.local/lib/python3.11/site-packages/airflow/example_dags/example_short_circuit_decorator.py
[2024-02-26T15:58:47.752+0000] {processor.py:830} INFO - Processing file /home/airflow/.local/lib/python3.11/site-packages/airflow/example_dags/example_short_circuit_decorator.py for tasks to queue
[2024-02-26T15:58:47.754+0000] {logging_mixin.py:188} INFO - [2024-02-26T15:58:47.754+0000] {dagbag.py:540} INFO - Filling up the DagBag from /home/airflow/.local/lib/python3.11/site-packages/airflow/example_dags/example_short_circuit_decorator.py
[2024-02-26T15:58:47.766+0000] {processor.py:840} INFO - DAG(s) 'example_short_circuit_decorator' retrieved from /home/airflow/.local/lib/python3.11/site-packages/airflow/example_dags/example_short_circuit_decorator.py
[2024-02-26T15:58:47.791+0000] {logging_mixin.py:188} INFO - [2024-02-26T15:58:47.791+0000] {dag.py:3047} INFO - Sync 1 DAGs
[2024-02-26T15:58:47.809+0000] {logging_mixin.py:188} INFO - [2024-02-26T15:58:47.809+0000] {dag.py:3834} INFO - Setting next_dagrun for example_short_circuit_decorator to 2024-02-25 00:00:00+00:00, run_after=2024-02-26 00:00:00+00:00
[2024-02-26T15:58:47.822+0000] {processor.py:183} INFO - Processing /home/airflow/.local/lib/python3.11/site-packages/airflow/example_dags/example_short_circuit_decorator.py took 0.077 seconds
[2024-02-26T15:59:17.910+0000] {processor.py:161} INFO - Started process (PID=5590) to work on /home/airflow/.local/lib/python3.11/site-packages/airflow/example_dags/example_short_circuit_decorator.py
[2024-02-26T15:59:17.912+0000] {processor.py:830} INFO - Processing file /home/airflow/.local/lib/python3.11/site-packages/airflow/example_dags/example_short_circuit_decorator.py for tasks to queue
[2024-02-26T15:59:17.914+0000] {logging_mixin.py:188} INFO - [2024-02-26T15:59:17.913+0000] {dagbag.py:540} INFO - Filling up the DagBag from /home/airflow/.local/lib/python3.11/site-packages/airflow/example_dags/example_short_circuit_decorator.py
[2024-02-26T15:59:17.922+0000] {processor.py:840} INFO - DAG(s) 'example_short_circuit_decorator' retrieved from /home/airflow/.local/lib/python3.11/site-packages/airflow/example_dags/example_short_circuit_decorator.py
[2024-02-26T15:59:17.943+0000] {logging_mixin.py:188} INFO - [2024-02-26T15:59:17.943+0000] {dag.py:3047} INFO - Sync 1 DAGs
[2024-02-26T15:59:17.959+0000] {logging_mixin.py:188} INFO - [2024-02-26T15:59:17.959+0000] {dag.py:3834} INFO - Setting next_dagrun for example_short_circuit_decorator to 2024-02-25 00:00:00+00:00, run_after=2024-02-26 00:00:00+00:00
[2024-02-26T15:59:17.973+0000] {processor.py:183} INFO - Processing /home/airflow/.local/lib/python3.11/site-packages/airflow/example_dags/example_short_circuit_decorator.py took 0.067 seconds
[2024-02-26T15:59:48.942+0000] {processor.py:161} INFO - Started process (PID=5837) to work on /home/airflow/.local/lib/python3.11/site-packages/airflow/example_dags/example_short_circuit_decorator.py
[2024-02-26T15:59:48.944+0000] {processor.py:830} INFO - Processing file /home/airflow/.local/lib/python3.11/site-packages/airflow/example_dags/example_short_circuit_decorator.py for tasks to queue
[2024-02-26T15:59:48.949+0000] {logging_mixin.py:188} INFO - [2024-02-26T15:59:48.949+0000] {dagbag.py:540} INFO - Filling up the DagBag from /home/airflow/.local/lib/python3.11/site-packages/airflow/example_dags/example_short_circuit_decorator.py
[2024-02-26T15:59:48.959+0000] {processor.py:840} INFO - DAG(s) 'example_short_circuit_decorator' retrieved from /home/airflow/.local/lib/python3.11/site-packages/airflow/example_dags/example_short_circuit_decorator.py
[2024-02-26T15:59:48.982+0000] {logging_mixin.py:188} INFO - [2024-02-26T15:59:48.982+0000] {dag.py:3047} INFO - Sync 1 DAGs
[2024-02-26T15:59:48.996+0000] {logging_mixin.py:188} INFO - [2024-02-26T15:59:48.996+0000] {dag.py:3834} INFO - Setting next_dagrun for example_short_circuit_decorator to 2024-02-25 00:00:00+00:00, run_after=2024-02-26 00:00:00+00:00
[2024-02-26T15:59:49.009+0000] {processor.py:183} INFO - Processing /home/airflow/.local/lib/python3.11/site-packages/airflow/example_dags/example_short_circuit_decorator.py took 0.070 seconds
[2024-02-26T16:00:19.801+0000] {processor.py:161} INFO - Started process (PID=6084) to work on /home/airflow/.local/lib/python3.11/site-packages/airflow/example_dags/example_short_circuit_decorator.py
[2024-02-26T16:00:19.804+0000] {processor.py:830} INFO - Processing file /home/airflow/.local/lib/python3.11/site-packages/airflow/example_dags/example_short_circuit_decorator.py for tasks to queue
[2024-02-26T16:00:19.806+0000] {logging_mixin.py:188} INFO - [2024-02-26T16:00:19.805+0000] {dagbag.py:540} INFO - Filling up the DagBag from /home/airflow/.local/lib/python3.11/site-packages/airflow/example_dags/example_short_circuit_decorator.py
[2024-02-26T16:00:19.814+0000] {processor.py:840} INFO - DAG(s) 'example_short_circuit_decorator' retrieved from /home/airflow/.local/lib/python3.11/site-packages/airflow/example_dags/example_short_circuit_decorator.py
[2024-02-26T16:00:19.835+0000] {logging_mixin.py:188} INFO - [2024-02-26T16:00:19.835+0000] {dag.py:3047} INFO - Sync 1 DAGs
[2024-02-26T16:00:19.849+0000] {logging_mixin.py:188} INFO - [2024-02-26T16:00:19.849+0000] {dag.py:3834} INFO - Setting next_dagrun for example_short_circuit_decorator to 2024-02-25 00:00:00+00:00, run_after=2024-02-26 00:00:00+00:00
[2024-02-26T16:00:19.861+0000] {processor.py:183} INFO - Processing /home/airflow/.local/lib/python3.11/site-packages/airflow/example_dags/example_short_circuit_decorator.py took 0.063 seconds
[2024-02-26T16:00:50.633+0000] {processor.py:161} INFO - Started process (PID=6330) to work on /home/airflow/.local/lib/python3.11/site-packages/airflow/example_dags/example_short_circuit_decorator.py
[2024-02-26T16:00:50.635+0000] {processor.py:830} INFO - Processing file /home/airflow/.local/lib/python3.11/site-packages/airflow/example_dags/example_short_circuit_decorator.py for tasks to queue
[2024-02-26T16:00:50.637+0000] {logging_mixin.py:188} INFO - [2024-02-26T16:00:50.636+0000] {dagbag.py:540} INFO - Filling up the DagBag from /home/airflow/.local/lib/python3.11/site-packages/airflow/example_dags/example_short_circuit_decorator.py
[2024-02-26T16:00:50.645+0000] {processor.py:840} INFO - DAG(s) 'example_short_circuit_decorator' retrieved from /home/airflow/.local/lib/python3.11/site-packages/airflow/example_dags/example_short_circuit_decorator.py
[2024-02-26T16:00:50.666+0000] {logging_mixin.py:188} INFO - [2024-02-26T16:00:50.666+0000] {dag.py:3047} INFO - Sync 1 DAGs
[2024-02-26T16:00:50.681+0000] {logging_mixin.py:188} INFO - [2024-02-26T16:00:50.681+0000] {dag.py:3834} INFO - Setting next_dagrun for example_short_circuit_decorator to 2024-02-25 00:00:00+00:00, run_after=2024-02-26 00:00:00+00:00
[2024-02-26T16:00:50.692+0000] {processor.py:183} INFO - Processing /home/airflow/.local/lib/python3.11/site-packages/airflow/example_dags/example_short_circuit_decorator.py took 0.062 seconds
[2024-02-26T16:01:21.475+0000] {processor.py:161} INFO - Started process (PID=6579) to work on /home/airflow/.local/lib/python3.11/site-packages/airflow/example_dags/example_short_circuit_decorator.py
[2024-02-26T16:01:21.477+0000] {processor.py:830} INFO - Processing file /home/airflow/.local/lib/python3.11/site-packages/airflow/example_dags/example_short_circuit_decorator.py for tasks to queue
[2024-02-26T16:01:21.478+0000] {logging_mixin.py:188} INFO - [2024-02-26T16:01:21.478+0000] {dagbag.py:540} INFO - Filling up the DagBag from /home/airflow/.local/lib/python3.11/site-packages/airflow/example_dags/example_short_circuit_decorator.py
[2024-02-26T16:01:21.485+0000] {processor.py:840} INFO - DAG(s) 'example_short_circuit_decorator' retrieved from /home/airflow/.local/lib/python3.11/site-packages/airflow/example_dags/example_short_circuit_decorator.py
[2024-02-26T16:01:21.504+0000] {logging_mixin.py:188} INFO - [2024-02-26T16:01:21.504+0000] {dag.py:3047} INFO - Sync 1 DAGs
[2024-02-26T16:01:21.517+0000] {logging_mixin.py:188} INFO - [2024-02-26T16:01:21.517+0000] {dag.py:3834} INFO - Setting next_dagrun for example_short_circuit_decorator to 2024-02-25 00:00:00+00:00, run_after=2024-02-26 00:00:00+00:00
[2024-02-26T16:01:21.528+0000] {processor.py:183} INFO - Processing /home/airflow/.local/lib/python3.11/site-packages/airflow/example_dags/example_short_circuit_decorator.py took 0.055 seconds
[2024-02-26T16:01:51.589+0000] {processor.py:161} INFO - Started process (PID=6826) to work on /home/airflow/.local/lib/python3.11/site-packages/airflow/example_dags/example_short_circuit_decorator.py
[2024-02-26T16:01:51.591+0000] {processor.py:830} INFO - Processing file /home/airflow/.local/lib/python3.11/site-packages/airflow/example_dags/example_short_circuit_decorator.py for tasks to queue
[2024-02-26T16:01:51.592+0000] {logging_mixin.py:188} INFO - [2024-02-26T16:01:51.592+0000] {dagbag.py:540} INFO - Filling up the DagBag from /home/airflow/.local/lib/python3.11/site-packages/airflow/example_dags/example_short_circuit_decorator.py
[2024-02-26T16:01:51.599+0000] {processor.py:840} INFO - DAG(s) 'example_short_circuit_decorator' retrieved from /home/airflow/.local/lib/python3.11/site-packages/airflow/example_dags/example_short_circuit_decorator.py
[2024-02-26T16:01:51.617+0000] {logging_mixin.py:188} INFO - [2024-02-26T16:01:51.617+0000] {dag.py:3047} INFO - Sync 1 DAGs
[2024-02-26T16:01:51.630+0000] {logging_mixin.py:188} INFO - [2024-02-26T16:01:51.630+0000] {dag.py:3834} INFO - Setting next_dagrun for example_short_circuit_decorator to 2024-02-25 00:00:00+00:00, run_after=2024-02-26 00:00:00+00:00
[2024-02-26T16:01:51.641+0000] {processor.py:183} INFO - Processing /home/airflow/.local/lib/python3.11/site-packages/airflow/example_dags/example_short_circuit_decorator.py took 0.053 seconds
[2024-02-26T16:02:21.914+0000] {processor.py:161} INFO - Started process (PID=7071) to work on /home/airflow/.local/lib/python3.11/site-packages/airflow/example_dags/example_short_circuit_decorator.py
[2024-02-26T16:02:21.917+0000] {processor.py:830} INFO - Processing file /home/airflow/.local/lib/python3.11/site-packages/airflow/example_dags/example_short_circuit_decorator.py for tasks to queue
[2024-02-26T16:02:21.919+0000] {logging_mixin.py:188} INFO - [2024-02-26T16:02:21.919+0000] {dagbag.py:540} INFO - Filling up the DagBag from /home/airflow/.local/lib/python3.11/site-packages/airflow/example_dags/example_short_circuit_decorator.py
[2024-02-26T16:02:21.928+0000] {processor.py:840} INFO - DAG(s) 'example_short_circuit_decorator' retrieved from /home/airflow/.local/lib/python3.11/site-packages/airflow/example_dags/example_short_circuit_decorator.py
[2024-02-26T16:02:21.950+0000] {logging_mixin.py:188} INFO - [2024-02-26T16:02:21.950+0000] {dag.py:3047} INFO - Sync 1 DAGs
[2024-02-26T16:02:21.983+0000] {logging_mixin.py:188} INFO - [2024-02-26T16:02:21.982+0000] {dag.py:3834} INFO - Setting next_dagrun for example_short_circuit_decorator to 2024-02-25 00:00:00+00:00, run_after=2024-02-26 00:00:00+00:00
[2024-02-26T16:02:21.997+0000] {processor.py:183} INFO - Processing /home/airflow/.local/lib/python3.11/site-packages/airflow/example_dags/example_short_circuit_decorator.py took 0.086 seconds
[2024-02-26T16:02:52.954+0000] {processor.py:161} INFO - Started process (PID=7318) to work on /home/airflow/.local/lib/python3.11/site-packages/airflow/example_dags/example_short_circuit_decorator.py
[2024-02-26T16:02:52.956+0000] {processor.py:830} INFO - Processing file /home/airflow/.local/lib/python3.11/site-packages/airflow/example_dags/example_short_circuit_decorator.py for tasks to queue
[2024-02-26T16:02:52.958+0000] {logging_mixin.py:188} INFO - [2024-02-26T16:02:52.958+0000] {dagbag.py:540} INFO - Filling up the DagBag from /home/airflow/.local/lib/python3.11/site-packages/airflow/example_dags/example_short_circuit_decorator.py
[2024-02-26T16:02:52.970+0000] {processor.py:840} INFO - DAG(s) 'example_short_circuit_decorator' retrieved from /home/airflow/.local/lib/python3.11/site-packages/airflow/example_dags/example_short_circuit_decorator.py
[2024-02-26T16:02:52.993+0000] {logging_mixin.py:188} INFO - [2024-02-26T16:02:52.993+0000] {dag.py:3047} INFO - Sync 1 DAGs
[2024-02-26T16:02:53.013+0000] {logging_mixin.py:188} INFO - [2024-02-26T16:02:53.013+0000] {dag.py:3834} INFO - Setting next_dagrun for example_short_circuit_decorator to 2024-02-25 00:00:00+00:00, run_after=2024-02-26 00:00:00+00:00
[2024-02-26T16:02:53.026+0000] {processor.py:183} INFO - Processing /home/airflow/.local/lib/python3.11/site-packages/airflow/example_dags/example_short_circuit_decorator.py took 0.077 seconds
[2024-02-26T16:03:23.077+0000] {processor.py:161} INFO - Started process (PID=7565) to work on /home/airflow/.local/lib/python3.11/site-packages/airflow/example_dags/example_short_circuit_decorator.py
[2024-02-26T16:03:23.079+0000] {processor.py:830} INFO - Processing file /home/airflow/.local/lib/python3.11/site-packages/airflow/example_dags/example_short_circuit_decorator.py for tasks to queue
[2024-02-26T16:03:23.081+0000] {logging_mixin.py:188} INFO - [2024-02-26T16:03:23.080+0000] {dagbag.py:540} INFO - Filling up the DagBag from /home/airflow/.local/lib/python3.11/site-packages/airflow/example_dags/example_short_circuit_decorator.py
[2024-02-26T16:03:23.089+0000] {processor.py:840} INFO - DAG(s) 'example_short_circuit_decorator' retrieved from /home/airflow/.local/lib/python3.11/site-packages/airflow/example_dags/example_short_circuit_decorator.py
[2024-02-26T16:03:23.109+0000] {logging_mixin.py:188} INFO - [2024-02-26T16:03:23.109+0000] {dag.py:3047} INFO - Sync 1 DAGs
[2024-02-26T16:03:23.124+0000] {logging_mixin.py:188} INFO - [2024-02-26T16:03:23.124+0000] {dag.py:3834} INFO - Setting next_dagrun for example_short_circuit_decorator to 2024-02-25 00:00:00+00:00, run_after=2024-02-26 00:00:00+00:00
[2024-02-26T16:03:23.137+0000] {processor.py:183} INFO - Processing /home/airflow/.local/lib/python3.11/site-packages/airflow/example_dags/example_short_circuit_decorator.py took 0.063 seconds
[2024-02-26T16:03:53.253+0000] {processor.py:161} INFO - Started process (PID=7813) to work on /home/airflow/.local/lib/python3.11/site-packages/airflow/example_dags/example_short_circuit_decorator.py
[2024-02-26T16:03:53.255+0000] {processor.py:830} INFO - Processing file /home/airflow/.local/lib/python3.11/site-packages/airflow/example_dags/example_short_circuit_decorator.py for tasks to queue
[2024-02-26T16:03:53.256+0000] {logging_mixin.py:188} INFO - [2024-02-26T16:03:53.255+0000] {dagbag.py:540} INFO - Filling up the DagBag from /home/airflow/.local/lib/python3.11/site-packages/airflow/example_dags/example_short_circuit_decorator.py
[2024-02-26T16:03:53.264+0000] {processor.py:840} INFO - DAG(s) 'example_short_circuit_decorator' retrieved from /home/airflow/.local/lib/python3.11/site-packages/airflow/example_dags/example_short_circuit_decorator.py
[2024-02-26T16:03:53.285+0000] {logging_mixin.py:188} INFO - [2024-02-26T16:03:53.285+0000] {dag.py:3047} INFO - Sync 1 DAGs
[2024-02-26T16:03:53.300+0000] {logging_mixin.py:188} INFO - [2024-02-26T16:03:53.300+0000] {dag.py:3834} INFO - Setting next_dagrun for example_short_circuit_decorator to 2024-02-25 00:00:00+00:00, run_after=2024-02-26 00:00:00+00:00
[2024-02-26T16:03:53.313+0000] {processor.py:183} INFO - Processing /home/airflow/.local/lib/python3.11/site-packages/airflow/example_dags/example_short_circuit_decorator.py took 0.063 seconds
[2024-02-26T16:04:23.939+0000] {processor.py:161} INFO - Started process (PID=8060) to work on /home/airflow/.local/lib/python3.11/site-packages/airflow/example_dags/example_short_circuit_decorator.py
[2024-02-26T16:04:23.940+0000] {processor.py:830} INFO - Processing file /home/airflow/.local/lib/python3.11/site-packages/airflow/example_dags/example_short_circuit_decorator.py for tasks to queue
[2024-02-26T16:04:23.942+0000] {logging_mixin.py:188} INFO - [2024-02-26T16:04:23.941+0000] {dagbag.py:540} INFO - Filling up the DagBag from /home/airflow/.local/lib/python3.11/site-packages/airflow/example_dags/example_short_circuit_decorator.py
[2024-02-26T16:04:23.950+0000] {processor.py:840} INFO - DAG(s) 'example_short_circuit_decorator' retrieved from /home/airflow/.local/lib/python3.11/site-packages/airflow/example_dags/example_short_circuit_decorator.py
[2024-02-26T16:04:23.972+0000] {logging_mixin.py:188} INFO - [2024-02-26T16:04:23.972+0000] {dag.py:3047} INFO - Sync 1 DAGs
[2024-02-26T16:04:23.989+0000] {logging_mixin.py:188} INFO - [2024-02-26T16:04:23.989+0000] {dag.py:3834} INFO - Setting next_dagrun for example_short_circuit_decorator to 2024-02-25 00:00:00+00:00, run_after=2024-02-26 00:00:00+00:00
[2024-02-26T16:04:24.003+0000] {processor.py:183} INFO - Processing /home/airflow/.local/lib/python3.11/site-packages/airflow/example_dags/example_short_circuit_decorator.py took 0.067 seconds
[2024-02-26T16:04:54.766+0000] {processor.py:161} INFO - Started process (PID=8307) to work on /home/airflow/.local/lib/python3.11/site-packages/airflow/example_dags/example_short_circuit_decorator.py
[2024-02-26T16:04:54.768+0000] {processor.py:830} INFO - Processing file /home/airflow/.local/lib/python3.11/site-packages/airflow/example_dags/example_short_circuit_decorator.py for tasks to queue
[2024-02-26T16:04:54.770+0000] {logging_mixin.py:188} INFO - [2024-02-26T16:04:54.769+0000] {dagbag.py:540} INFO - Filling up the DagBag from /home/airflow/.local/lib/python3.11/site-packages/airflow/example_dags/example_short_circuit_decorator.py
[2024-02-26T16:04:54.778+0000] {processor.py:840} INFO - DAG(s) 'example_short_circuit_decorator' retrieved from /home/airflow/.local/lib/python3.11/site-packages/airflow/example_dags/example_short_circuit_decorator.py
[2024-02-26T16:04:54.799+0000] {logging_mixin.py:188} INFO - [2024-02-26T16:04:54.799+0000] {dag.py:3047} INFO - Sync 1 DAGs
[2024-02-26T16:04:54.819+0000] {logging_mixin.py:188} INFO - [2024-02-26T16:04:54.819+0000] {dag.py:3834} INFO - Setting next_dagrun for example_short_circuit_decorator to 2024-02-25 00:00:00+00:00, run_after=2024-02-26 00:00:00+00:00
[2024-02-26T16:04:54.832+0000] {processor.py:183} INFO - Processing /home/airflow/.local/lib/python3.11/site-packages/airflow/example_dags/example_short_circuit_decorator.py took 0.070 seconds
[2024-02-26T16:05:25.508+0000] {processor.py:161} INFO - Started process (PID=8554) to work on /home/airflow/.local/lib/python3.11/site-packages/airflow/example_dags/example_short_circuit_decorator.py
[2024-02-26T16:05:25.510+0000] {processor.py:830} INFO - Processing file /home/airflow/.local/lib/python3.11/site-packages/airflow/example_dags/example_short_circuit_decorator.py for tasks to queue
[2024-02-26T16:05:25.511+0000] {logging_mixin.py:188} INFO - [2024-02-26T16:05:25.511+0000] {dagbag.py:540} INFO - Filling up the DagBag from /home/airflow/.local/lib/python3.11/site-packages/airflow/example_dags/example_short_circuit_decorator.py
[2024-02-26T16:05:25.520+0000] {processor.py:840} INFO - DAG(s) 'example_short_circuit_decorator' retrieved from /home/airflow/.local/lib/python3.11/site-packages/airflow/example_dags/example_short_circuit_decorator.py
[2024-02-26T16:05:25.541+0000] {logging_mixin.py:188} INFO - [2024-02-26T16:05:25.541+0000] {dag.py:3047} INFO - Sync 1 DAGs
[2024-02-26T16:05:25.558+0000] {logging_mixin.py:188} INFO - [2024-02-26T16:05:25.558+0000] {dag.py:3834} INFO - Setting next_dagrun for example_short_circuit_decorator to 2024-02-25 00:00:00+00:00, run_after=2024-02-26 00:00:00+00:00
[2024-02-26T16:05:25.571+0000] {processor.py:183} INFO - Processing /home/airflow/.local/lib/python3.11/site-packages/airflow/example_dags/example_short_circuit_decorator.py took 0.066 seconds
[2024-02-26T16:05:56.269+0000] {processor.py:161} INFO - Started process (PID=8801) to work on /home/airflow/.local/lib/python3.11/site-packages/airflow/example_dags/example_short_circuit_decorator.py
[2024-02-26T16:05:56.271+0000] {processor.py:830} INFO - Processing file /home/airflow/.local/lib/python3.11/site-packages/airflow/example_dags/example_short_circuit_decorator.py for tasks to queue
[2024-02-26T16:05:56.272+0000] {logging_mixin.py:188} INFO - [2024-02-26T16:05:56.272+0000] {dagbag.py:540} INFO - Filling up the DagBag from /home/airflow/.local/lib/python3.11/site-packages/airflow/example_dags/example_short_circuit_decorator.py
[2024-02-26T16:05:56.280+0000] {processor.py:840} INFO - DAG(s) 'example_short_circuit_decorator' retrieved from /home/airflow/.local/lib/python3.11/site-packages/airflow/example_dags/example_short_circuit_decorator.py
[2024-02-26T16:05:56.302+0000] {logging_mixin.py:188} INFO - [2024-02-26T16:05:56.302+0000] {dag.py:3047} INFO - Sync 1 DAGs
[2024-02-26T16:05:56.317+0000] {logging_mixin.py:188} INFO - [2024-02-26T16:05:56.317+0000] {dag.py:3834} INFO - Setting next_dagrun for example_short_circuit_decorator to 2024-02-25 00:00:00+00:00, run_after=2024-02-26 00:00:00+00:00
[2024-02-26T16:05:56.329+0000] {processor.py:183} INFO - Processing /home/airflow/.local/lib/python3.11/site-packages/airflow/example_dags/example_short_circuit_decorator.py took 0.063 seconds
[2024-02-26T16:06:27.157+0000] {processor.py:161} INFO - Started process (PID=9048) to work on /home/airflow/.local/lib/python3.11/site-packages/airflow/example_dags/example_short_circuit_decorator.py
[2024-02-26T16:06:27.159+0000] {processor.py:830} INFO - Processing file /home/airflow/.local/lib/python3.11/site-packages/airflow/example_dags/example_short_circuit_decorator.py for tasks to queue
[2024-02-26T16:06:27.161+0000] {logging_mixin.py:188} INFO - [2024-02-26T16:06:27.160+0000] {dagbag.py:540} INFO - Filling up the DagBag from /home/airflow/.local/lib/python3.11/site-packages/airflow/example_dags/example_short_circuit_decorator.py
[2024-02-26T16:06:27.170+0000] {processor.py:840} INFO - DAG(s) 'example_short_circuit_decorator' retrieved from /home/airflow/.local/lib/python3.11/site-packages/airflow/example_dags/example_short_circuit_decorator.py
[2024-02-26T16:06:27.190+0000] {logging_mixin.py:188} INFO - [2024-02-26T16:06:27.190+0000] {dag.py:3047} INFO - Sync 1 DAGs
[2024-02-26T16:06:27.207+0000] {logging_mixin.py:188} INFO - [2024-02-26T16:06:27.207+0000] {dag.py:3834} INFO - Setting next_dagrun for example_short_circuit_decorator to 2024-02-25 00:00:00+00:00, run_after=2024-02-26 00:00:00+00:00
[2024-02-26T16:06:27.220+0000] {processor.py:183} INFO - Processing /home/airflow/.local/lib/python3.11/site-packages/airflow/example_dags/example_short_circuit_decorator.py took 0.065 seconds
[2024-02-26T16:06:58.030+0000] {processor.py:161} INFO - Started process (PID=9301) to work on /home/airflow/.local/lib/python3.11/site-packages/airflow/example_dags/example_short_circuit_decorator.py
[2024-02-26T16:06:58.031+0000] {processor.py:830} INFO - Processing file /home/airflow/.local/lib/python3.11/site-packages/airflow/example_dags/example_short_circuit_decorator.py for tasks to queue
[2024-02-26T16:06:58.033+0000] {logging_mixin.py:188} INFO - [2024-02-26T16:06:58.032+0000] {dagbag.py:540} INFO - Filling up the DagBag from /home/airflow/.local/lib/python3.11/site-packages/airflow/example_dags/example_short_circuit_decorator.py
[2024-02-26T16:06:58.042+0000] {processor.py:840} INFO - DAG(s) 'example_short_circuit_decorator' retrieved from /home/airflow/.local/lib/python3.11/site-packages/airflow/example_dags/example_short_circuit_decorator.py
[2024-02-26T16:06:58.063+0000] {logging_mixin.py:188} INFO - [2024-02-26T16:06:58.063+0000] {dag.py:3047} INFO - Sync 1 DAGs
[2024-02-26T16:06:58.078+0000] {logging_mixin.py:188} INFO - [2024-02-26T16:06:58.078+0000] {dag.py:3834} INFO - Setting next_dagrun for example_short_circuit_decorator to 2024-02-25 00:00:00+00:00, run_after=2024-02-26 00:00:00+00:00
[2024-02-26T16:06:58.089+0000] {processor.py:183} INFO - Processing /home/airflow/.local/lib/python3.11/site-packages/airflow/example_dags/example_short_circuit_decorator.py took 0.063 seconds
[2024-02-26T16:07:28.229+0000] {processor.py:161} INFO - Started process (PID=9548) to work on /home/airflow/.local/lib/python3.11/site-packages/airflow/example_dags/example_short_circuit_decorator.py
[2024-02-26T16:07:28.231+0000] {processor.py:830} INFO - Processing file /home/airflow/.local/lib/python3.11/site-packages/airflow/example_dags/example_short_circuit_decorator.py for tasks to queue
[2024-02-26T16:07:28.233+0000] {logging_mixin.py:188} INFO - [2024-02-26T16:07:28.233+0000] {dagbag.py:540} INFO - Filling up the DagBag from /home/airflow/.local/lib/python3.11/site-packages/airflow/example_dags/example_short_circuit_decorator.py
[2024-02-26T16:07:28.242+0000] {processor.py:840} INFO - DAG(s) 'example_short_circuit_decorator' retrieved from /home/airflow/.local/lib/python3.11/site-packages/airflow/example_dags/example_short_circuit_decorator.py
[2024-02-26T16:07:28.264+0000] {logging_mixin.py:188} INFO - [2024-02-26T16:07:28.264+0000] {dag.py:3047} INFO - Sync 1 DAGs
[2024-02-26T16:07:28.279+0000] {logging_mixin.py:188} INFO - [2024-02-26T16:07:28.279+0000] {dag.py:3834} INFO - Setting next_dagrun for example_short_circuit_decorator to 2024-02-25 00:00:00+00:00, run_after=2024-02-26 00:00:00+00:00
[2024-02-26T16:07:28.295+0000] {processor.py:183} INFO - Processing /home/airflow/.local/lib/python3.11/site-packages/airflow/example_dags/example_short_circuit_decorator.py took 0.069 seconds
[2024-02-26T16:07:58.443+0000] {processor.py:161} INFO - Started process (PID=9795) to work on /home/airflow/.local/lib/python3.11/site-packages/airflow/example_dags/example_short_circuit_decorator.py
[2024-02-26T16:07:58.449+0000] {processor.py:830} INFO - Processing file /home/airflow/.local/lib/python3.11/site-packages/airflow/example_dags/example_short_circuit_decorator.py for tasks to queue
[2024-02-26T16:07:58.450+0000] {logging_mixin.py:188} INFO - [2024-02-26T16:07:58.450+0000] {dagbag.py:540} INFO - Filling up the DagBag from /home/airflow/.local/lib/python3.11/site-packages/airflow/example_dags/example_short_circuit_decorator.py
[2024-02-26T16:07:58.459+0000] {processor.py:840} INFO - DAG(s) 'example_short_circuit_decorator' retrieved from /home/airflow/.local/lib/python3.11/site-packages/airflow/example_dags/example_short_circuit_decorator.py
[2024-02-26T16:07:58.481+0000] {logging_mixin.py:188} INFO - [2024-02-26T16:07:58.480+0000] {dag.py:3047} INFO - Sync 1 DAGs
[2024-02-26T16:07:58.496+0000] {logging_mixin.py:188} INFO - [2024-02-26T16:07:58.495+0000] {dag.py:3834} INFO - Setting next_dagrun for example_short_circuit_decorator to 2024-02-25 00:00:00+00:00, run_after=2024-02-26 00:00:00+00:00
[2024-02-26T16:07:58.508+0000] {processor.py:183} INFO - Processing /home/airflow/.local/lib/python3.11/site-packages/airflow/example_dags/example_short_circuit_decorator.py took 0.068 seconds
[2024-02-26T16:08:29.630+0000] {processor.py:161} INFO - Started process (PID=10044) to work on /home/airflow/.local/lib/python3.11/site-packages/airflow/example_dags/example_short_circuit_decorator.py
[2024-02-26T16:08:29.632+0000] {processor.py:830} INFO - Processing file /home/airflow/.local/lib/python3.11/site-packages/airflow/example_dags/example_short_circuit_decorator.py for tasks to queue
[2024-02-26T16:08:29.633+0000] {logging_mixin.py:188} INFO - [2024-02-26T16:08:29.633+0000] {dagbag.py:540} INFO - Filling up the DagBag from /home/airflow/.local/lib/python3.11/site-packages/airflow/example_dags/example_short_circuit_decorator.py
[2024-02-26T16:08:29.642+0000] {processor.py:840} INFO - DAG(s) 'example_short_circuit_decorator' retrieved from /home/airflow/.local/lib/python3.11/site-packages/airflow/example_dags/example_short_circuit_decorator.py
[2024-02-26T16:08:29.662+0000] {logging_mixin.py:188} INFO - [2024-02-26T16:08:29.661+0000] {dag.py:3047} INFO - Sync 1 DAGs
[2024-02-26T16:08:29.677+0000] {logging_mixin.py:188} INFO - [2024-02-26T16:08:29.677+0000] {dag.py:3834} INFO - Setting next_dagrun for example_short_circuit_decorator to 2024-02-25 00:00:00+00:00, run_after=2024-02-26 00:00:00+00:00
[2024-02-26T16:08:29.691+0000] {processor.py:183} INFO - Processing /home/airflow/.local/lib/python3.11/site-packages/airflow/example_dags/example_short_circuit_decorator.py took 0.064 seconds
[2024-02-26T16:09:00.079+0000] {processor.py:161} INFO - Started process (PID=10291) to work on /home/airflow/.local/lib/python3.11/site-packages/airflow/example_dags/example_short_circuit_decorator.py
[2024-02-26T16:09:00.081+0000] {processor.py:830} INFO - Processing file /home/airflow/.local/lib/python3.11/site-packages/airflow/example_dags/example_short_circuit_decorator.py for tasks to queue
[2024-02-26T16:09:00.086+0000] {logging_mixin.py:188} INFO - [2024-02-26T16:09:00.086+0000] {dagbag.py:540} INFO - Filling up the DagBag from /home/airflow/.local/lib/python3.11/site-packages/airflow/example_dags/example_short_circuit_decorator.py
[2024-02-26T16:09:00.095+0000] {processor.py:840} INFO - DAG(s) 'example_short_circuit_decorator' retrieved from /home/airflow/.local/lib/python3.11/site-packages/airflow/example_dags/example_short_circuit_decorator.py
[2024-02-26T16:09:00.115+0000] {logging_mixin.py:188} INFO - [2024-02-26T16:09:00.114+0000] {dag.py:3047} INFO - Sync 1 DAGs
[2024-02-26T16:09:00.129+0000] {logging_mixin.py:188} INFO - [2024-02-26T16:09:00.129+0000] {dag.py:3834} INFO - Setting next_dagrun for example_short_circuit_decorator to 2024-02-25 00:00:00+00:00, run_after=2024-02-26 00:00:00+00:00
[2024-02-26T16:09:00.140+0000] {processor.py:183} INFO - Processing /home/airflow/.local/lib/python3.11/site-packages/airflow/example_dags/example_short_circuit_decorator.py took 0.064 seconds
[2024-02-26T16:09:30.243+0000] {processor.py:161} INFO - Started process (PID=10536) to work on /home/airflow/.local/lib/python3.11/site-packages/airflow/example_dags/example_short_circuit_decorator.py
[2024-02-26T16:09:30.244+0000] {processor.py:830} INFO - Processing file /home/airflow/.local/lib/python3.11/site-packages/airflow/example_dags/example_short_circuit_decorator.py for tasks to queue
[2024-02-26T16:09:30.246+0000] {logging_mixin.py:188} INFO - [2024-02-26T16:09:30.245+0000] {dagbag.py:540} INFO - Filling up the DagBag from /home/airflow/.local/lib/python3.11/site-packages/airflow/example_dags/example_short_circuit_decorator.py
[2024-02-26T16:09:30.253+0000] {processor.py:840} INFO - DAG(s) 'example_short_circuit_decorator' retrieved from /home/airflow/.local/lib/python3.11/site-packages/airflow/example_dags/example_short_circuit_decorator.py
[2024-02-26T16:09:30.272+0000] {logging_mixin.py:188} INFO - [2024-02-26T16:09:30.272+0000] {dag.py:3047} INFO - Sync 1 DAGs
[2024-02-26T16:09:30.288+0000] {logging_mixin.py:188} INFO - [2024-02-26T16:09:30.288+0000] {dag.py:3834} INFO - Setting next_dagrun for example_short_circuit_decorator to 2024-02-25 00:00:00+00:00, run_after=2024-02-26 00:00:00+00:00
[2024-02-26T16:09:30.302+0000] {processor.py:183} INFO - Processing /home/airflow/.local/lib/python3.11/site-packages/airflow/example_dags/example_short_circuit_decorator.py took 0.063 seconds
[2024-02-26T16:10:00.354+0000] {processor.py:161} INFO - Started process (PID=10783) to work on /home/airflow/.local/lib/python3.11/site-packages/airflow/example_dags/example_short_circuit_decorator.py
[2024-02-26T16:10:00.356+0000] {processor.py:830} INFO - Processing file /home/airflow/.local/lib/python3.11/site-packages/airflow/example_dags/example_short_circuit_decorator.py for tasks to queue
[2024-02-26T16:10:00.357+0000] {logging_mixin.py:188} INFO - [2024-02-26T16:10:00.357+0000] {dagbag.py:540} INFO - Filling up the DagBag from /home/airflow/.local/lib/python3.11/site-packages/airflow/example_dags/example_short_circuit_decorator.py
[2024-02-26T16:10:00.366+0000] {processor.py:840} INFO - DAG(s) 'example_short_circuit_decorator' retrieved from /home/airflow/.local/lib/python3.11/site-packages/airflow/example_dags/example_short_circuit_decorator.py
[2024-02-26T16:10:00.387+0000] {logging_mixin.py:188} INFO - [2024-02-26T16:10:00.387+0000] {dag.py:3047} INFO - Sync 1 DAGs
[2024-02-26T16:10:00.401+0000] {logging_mixin.py:188} INFO - [2024-02-26T16:10:00.401+0000] {dag.py:3834} INFO - Setting next_dagrun for example_short_circuit_decorator to 2024-02-25 00:00:00+00:00, run_after=2024-02-26 00:00:00+00:00
[2024-02-26T16:10:00.416+0000] {processor.py:183} INFO - Processing /home/airflow/.local/lib/python3.11/site-packages/airflow/example_dags/example_short_circuit_decorator.py took 0.066 seconds
[2024-02-26T16:10:30.581+0000] {processor.py:161} INFO - Started process (PID=11032) to work on /home/airflow/.local/lib/python3.11/site-packages/airflow/example_dags/example_short_circuit_decorator.py
[2024-02-26T16:10:30.583+0000] {processor.py:830} INFO - Processing file /home/airflow/.local/lib/python3.11/site-packages/airflow/example_dags/example_short_circuit_decorator.py for tasks to queue
[2024-02-26T16:10:30.585+0000] {logging_mixin.py:188} INFO - [2024-02-26T16:10:30.584+0000] {dagbag.py:540} INFO - Filling up the DagBag from /home/airflow/.local/lib/python3.11/site-packages/airflow/example_dags/example_short_circuit_decorator.py
[2024-02-26T16:10:30.594+0000] {processor.py:840} INFO - DAG(s) 'example_short_circuit_decorator' retrieved from /home/airflow/.local/lib/python3.11/site-packages/airflow/example_dags/example_short_circuit_decorator.py
[2024-02-26T16:10:30.613+0000] {logging_mixin.py:188} INFO - [2024-02-26T16:10:30.613+0000] {dag.py:3047} INFO - Sync 1 DAGs
[2024-02-26T16:10:30.626+0000] {logging_mixin.py:188} INFO - [2024-02-26T16:10:30.626+0000] {dag.py:3834} INFO - Setting next_dagrun for example_short_circuit_decorator to 2024-02-25 00:00:00+00:00, run_after=2024-02-26 00:00:00+00:00
[2024-02-26T16:10:30.638+0000] {processor.py:183} INFO - Processing /home/airflow/.local/lib/python3.11/site-packages/airflow/example_dags/example_short_circuit_decorator.py took 0.059 seconds
[2024-02-26T16:11:00.991+0000] {processor.py:161} INFO - Started process (PID=11279) to work on /home/airflow/.local/lib/python3.11/site-packages/airflow/example_dags/example_short_circuit_decorator.py
[2024-02-26T16:11:00.993+0000] {processor.py:830} INFO - Processing file /home/airflow/.local/lib/python3.11/site-packages/airflow/example_dags/example_short_circuit_decorator.py for tasks to queue
[2024-02-26T16:11:00.995+0000] {logging_mixin.py:188} INFO - [2024-02-26T16:11:00.994+0000] {dagbag.py:540} INFO - Filling up the DagBag from /home/airflow/.local/lib/python3.11/site-packages/airflow/example_dags/example_short_circuit_decorator.py
[2024-02-26T16:11:01.003+0000] {processor.py:840} INFO - DAG(s) 'example_short_circuit_decorator' retrieved from /home/airflow/.local/lib/python3.11/site-packages/airflow/example_dags/example_short_circuit_decorator.py
[2024-02-26T16:11:01.022+0000] {logging_mixin.py:188} INFO - [2024-02-26T16:11:01.022+0000] {dag.py:3047} INFO - Sync 1 DAGs
[2024-02-26T16:11:01.036+0000] {logging_mixin.py:188} INFO - [2024-02-26T16:11:01.035+0000] {dag.py:3834} INFO - Setting next_dagrun for example_short_circuit_decorator to 2024-02-25 00:00:00+00:00, run_after=2024-02-26 00:00:00+00:00
[2024-02-26T16:11:01.048+0000] {processor.py:183} INFO - Processing /home/airflow/.local/lib/python3.11/site-packages/airflow/example_dags/example_short_circuit_decorator.py took 0.059 seconds
[2024-02-26T16:11:31.130+0000] {processor.py:161} INFO - Started process (PID=11526) to work on /home/airflow/.local/lib/python3.11/site-packages/airflow/example_dags/example_short_circuit_decorator.py
[2024-02-26T16:11:31.131+0000] {processor.py:830} INFO - Processing file /home/airflow/.local/lib/python3.11/site-packages/airflow/example_dags/example_short_circuit_decorator.py for tasks to queue
[2024-02-26T16:11:31.133+0000] {logging_mixin.py:188} INFO - [2024-02-26T16:11:31.132+0000] {dagbag.py:540} INFO - Filling up the DagBag from /home/airflow/.local/lib/python3.11/site-packages/airflow/example_dags/example_short_circuit_decorator.py
[2024-02-26T16:11:31.141+0000] {processor.py:840} INFO - DAG(s) 'example_short_circuit_decorator' retrieved from /home/airflow/.local/lib/python3.11/site-packages/airflow/example_dags/example_short_circuit_decorator.py
[2024-02-26T16:11:31.163+0000] {logging_mixin.py:188} INFO - [2024-02-26T16:11:31.162+0000] {dag.py:3047} INFO - Sync 1 DAGs
[2024-02-26T16:11:31.176+0000] {logging_mixin.py:188} INFO - [2024-02-26T16:11:31.176+0000] {dag.py:3834} INFO - Setting next_dagrun for example_short_circuit_decorator to 2024-02-25 00:00:00+00:00, run_after=2024-02-26 00:00:00+00:00
[2024-02-26T16:11:31.187+0000] {processor.py:183} INFO - Processing /home/airflow/.local/lib/python3.11/site-packages/airflow/example_dags/example_short_circuit_decorator.py took 0.060 seconds
[2024-02-26T16:12:01.287+0000] {processor.py:161} INFO - Started process (PID=11773) to work on /home/airflow/.local/lib/python3.11/site-packages/airflow/example_dags/example_short_circuit_decorator.py
[2024-02-26T16:12:01.288+0000] {processor.py:830} INFO - Processing file /home/airflow/.local/lib/python3.11/site-packages/airflow/example_dags/example_short_circuit_decorator.py for tasks to queue
[2024-02-26T16:12:01.291+0000] {logging_mixin.py:188} INFO - [2024-02-26T16:12:01.291+0000] {dagbag.py:540} INFO - Filling up the DagBag from /home/airflow/.local/lib/python3.11/site-packages/airflow/example_dags/example_short_circuit_decorator.py
[2024-02-26T16:12:01.298+0000] {processor.py:840} INFO - DAG(s) 'example_short_circuit_decorator' retrieved from /home/airflow/.local/lib/python3.11/site-packages/airflow/example_dags/example_short_circuit_decorator.py
[2024-02-26T16:12:01.317+0000] {logging_mixin.py:188} INFO - [2024-02-26T16:12:01.317+0000] {dag.py:3047} INFO - Sync 1 DAGs
[2024-02-26T16:12:01.330+0000] {logging_mixin.py:188} INFO - [2024-02-26T16:12:01.330+0000] {dag.py:3834} INFO - Setting next_dagrun for example_short_circuit_decorator to 2024-02-25 00:00:00+00:00, run_after=2024-02-26 00:00:00+00:00
[2024-02-26T16:12:01.341+0000] {processor.py:183} INFO - Processing /home/airflow/.local/lib/python3.11/site-packages/airflow/example_dags/example_short_circuit_decorator.py took 0.057 seconds
[2024-02-26T16:12:31.482+0000] {processor.py:161} INFO - Started process (PID=12021) to work on /home/airflow/.local/lib/python3.11/site-packages/airflow/example_dags/example_short_circuit_decorator.py
[2024-02-26T16:12:31.483+0000] {processor.py:830} INFO - Processing file /home/airflow/.local/lib/python3.11/site-packages/airflow/example_dags/example_short_circuit_decorator.py for tasks to queue
[2024-02-26T16:12:31.485+0000] {logging_mixin.py:188} INFO - [2024-02-26T16:12:31.485+0000] {dagbag.py:540} INFO - Filling up the DagBag from /home/airflow/.local/lib/python3.11/site-packages/airflow/example_dags/example_short_circuit_decorator.py
[2024-02-26T16:12:31.494+0000] {processor.py:840} INFO - DAG(s) 'example_short_circuit_decorator' retrieved from /home/airflow/.local/lib/python3.11/site-packages/airflow/example_dags/example_short_circuit_decorator.py
[2024-02-26T16:12:31.513+0000] {logging_mixin.py:188} INFO - [2024-02-26T16:12:31.513+0000] {dag.py:3047} INFO - Sync 1 DAGs
[2024-02-26T16:12:31.527+0000] {logging_mixin.py:188} INFO - [2024-02-26T16:12:31.527+0000] {dag.py:3834} INFO - Setting next_dagrun for example_short_circuit_decorator to 2024-02-25 00:00:00+00:00, run_after=2024-02-26 00:00:00+00:00
[2024-02-26T16:12:31.539+0000] {processor.py:183} INFO - Processing /home/airflow/.local/lib/python3.11/site-packages/airflow/example_dags/example_short_circuit_decorator.py took 0.060 seconds
[2024-02-26T16:13:01.613+0000] {processor.py:161} INFO - Started process (PID=12268) to work on /home/airflow/.local/lib/python3.11/site-packages/airflow/example_dags/example_short_circuit_decorator.py
[2024-02-26T16:13:01.614+0000] {processor.py:830} INFO - Processing file /home/airflow/.local/lib/python3.11/site-packages/airflow/example_dags/example_short_circuit_decorator.py for tasks to queue
[2024-02-26T16:13:01.619+0000] {logging_mixin.py:188} INFO - [2024-02-26T16:13:01.619+0000] {dagbag.py:540} INFO - Filling up the DagBag from /home/airflow/.local/lib/python3.11/site-packages/airflow/example_dags/example_short_circuit_decorator.py
[2024-02-26T16:13:01.627+0000] {processor.py:840} INFO - DAG(s) 'example_short_circuit_decorator' retrieved from /home/airflow/.local/lib/python3.11/site-packages/airflow/example_dags/example_short_circuit_decorator.py
[2024-02-26T16:13:01.646+0000] {logging_mixin.py:188} INFO - [2024-02-26T16:13:01.646+0000] {dag.py:3047} INFO - Sync 1 DAGs
[2024-02-26T16:13:01.660+0000] {logging_mixin.py:188} INFO - [2024-02-26T16:13:01.660+0000] {dag.py:3834} INFO - Setting next_dagrun for example_short_circuit_decorator to 2024-02-25 00:00:00+00:00, run_after=2024-02-26 00:00:00+00:00
[2024-02-26T16:13:01.670+0000] {processor.py:183} INFO - Processing /home/airflow/.local/lib/python3.11/site-packages/airflow/example_dags/example_short_circuit_decorator.py took 0.060 seconds
[2024-02-26T16:13:31.715+0000] {processor.py:161} INFO - Started process (PID=12514) to work on /home/airflow/.local/lib/python3.11/site-packages/airflow/example_dags/example_short_circuit_decorator.py
[2024-02-26T16:13:31.718+0000] {processor.py:830} INFO - Processing file /home/airflow/.local/lib/python3.11/site-packages/airflow/example_dags/example_short_circuit_decorator.py for tasks to queue
[2024-02-26T16:13:31.720+0000] {logging_mixin.py:188} INFO - [2024-02-26T16:13:31.719+0000] {dagbag.py:540} INFO - Filling up the DagBag from /home/airflow/.local/lib/python3.11/site-packages/airflow/example_dags/example_short_circuit_decorator.py
[2024-02-26T16:13:31.727+0000] {processor.py:840} INFO - DAG(s) 'example_short_circuit_decorator' retrieved from /home/airflow/.local/lib/python3.11/site-packages/airflow/example_dags/example_short_circuit_decorator.py
[2024-02-26T16:13:31.746+0000] {logging_mixin.py:188} INFO - [2024-02-26T16:13:31.746+0000] {dag.py:3047} INFO - Sync 1 DAGs
[2024-02-26T16:13:31.760+0000] {logging_mixin.py:188} INFO - [2024-02-26T16:13:31.760+0000] {dag.py:3834} INFO - Setting next_dagrun for example_short_circuit_decorator to 2024-02-25 00:00:00+00:00, run_after=2024-02-26 00:00:00+00:00
[2024-02-26T16:13:31.771+0000] {processor.py:183} INFO - Processing /home/airflow/.local/lib/python3.11/site-packages/airflow/example_dags/example_short_circuit_decorator.py took 0.058 seconds
[2024-02-26T16:14:02.256+0000] {processor.py:161} INFO - Started process (PID=12762) to work on /home/airflow/.local/lib/python3.11/site-packages/airflow/example_dags/example_short_circuit_decorator.py
[2024-02-26T16:14:02.258+0000] {processor.py:830} INFO - Processing file /home/airflow/.local/lib/python3.11/site-packages/airflow/example_dags/example_short_circuit_decorator.py for tasks to queue
[2024-02-26T16:14:02.260+0000] {logging_mixin.py:188} INFO - [2024-02-26T16:14:02.259+0000] {dagbag.py:540} INFO - Filling up the DagBag from /home/airflow/.local/lib/python3.11/site-packages/airflow/example_dags/example_short_circuit_decorator.py
[2024-02-26T16:14:02.272+0000] {processor.py:840} INFO - DAG(s) 'example_short_circuit_decorator' retrieved from /home/airflow/.local/lib/python3.11/site-packages/airflow/example_dags/example_short_circuit_decorator.py
[2024-02-26T16:14:02.294+0000] {logging_mixin.py:188} INFO - [2024-02-26T16:14:02.294+0000] {dag.py:3047} INFO - Sync 1 DAGs
[2024-02-26T16:14:02.310+0000] {logging_mixin.py:188} INFO - [2024-02-26T16:14:02.310+0000] {dag.py:3834} INFO - Setting next_dagrun for example_short_circuit_decorator to 2024-02-25 00:00:00+00:00, run_after=2024-02-26 00:00:00+00:00
[2024-02-26T16:14:02.323+0000] {processor.py:183} INFO - Processing /home/airflow/.local/lib/python3.11/site-packages/airflow/example_dags/example_short_circuit_decorator.py took 0.069 seconds
[2024-02-26T16:14:32.503+0000] {processor.py:161} INFO - Started process (PID=13009) to work on /home/airflow/.local/lib/python3.11/site-packages/airflow/example_dags/example_short_circuit_decorator.py
[2024-02-26T16:14:32.505+0000] {processor.py:830} INFO - Processing file /home/airflow/.local/lib/python3.11/site-packages/airflow/example_dags/example_short_circuit_decorator.py for tasks to queue
[2024-02-26T16:14:32.510+0000] {logging_mixin.py:188} INFO - [2024-02-26T16:14:32.509+0000] {dagbag.py:540} INFO - Filling up the DagBag from /home/airflow/.local/lib/python3.11/site-packages/airflow/example_dags/example_short_circuit_decorator.py
[2024-02-26T16:14:32.517+0000] {processor.py:840} INFO - DAG(s) 'example_short_circuit_decorator' retrieved from /home/airflow/.local/lib/python3.11/site-packages/airflow/example_dags/example_short_circuit_decorator.py
[2024-02-26T16:14:32.536+0000] {logging_mixin.py:188} INFO - [2024-02-26T16:14:32.536+0000] {dag.py:3047} INFO - Sync 1 DAGs
[2024-02-26T16:14:32.550+0000] {logging_mixin.py:188} INFO - [2024-02-26T16:14:32.549+0000] {dag.py:3834} INFO - Setting next_dagrun for example_short_circuit_decorator to 2024-02-25 00:00:00+00:00, run_after=2024-02-26 00:00:00+00:00
[2024-02-26T16:14:32.560+0000] {processor.py:183} INFO - Processing /home/airflow/.local/lib/python3.11/site-packages/airflow/example_dags/example_short_circuit_decorator.py took 0.060 seconds
