[2024-02-26T15:48:34.007+0000] {processor.py:161} INFO - Started process (PID=259) to work on /home/airflow/.local/lib/python3.11/site-packages/airflow/example_dags/example_dag_decorator.py
[2024-02-26T15:48:34.008+0000] {processor.py:830} INFO - Processing file /home/airflow/.local/lib/python3.11/site-packages/airflow/example_dags/example_dag_decorator.py for tasks to queue
[2024-02-26T15:48:34.010+0000] {logging_mixin.py:188} INFO - [2024-02-26T15:48:34.010+0000] {dagbag.py:540} INFO - Filling up the DagBag from /home/airflow/.local/lib/python3.11/site-packages/airflow/example_dags/example_dag_decorator.py
[2024-02-26T15:48:34.276+0000] {processor.py:840} INFO - DAG(s) 'example_dag_decorator' retrieved from /home/airflow/.local/lib/python3.11/site-packages/airflow/example_dags/example_dag_decorator.py
[2024-02-26T15:48:34.290+0000] {logging_mixin.py:188} INFO - [2024-02-26T15:48:34.290+0000] {dag.py:3047} INFO - Sync 1 DAGs
[2024-02-26T15:48:34.299+0000] {logging_mixin.py:188} INFO - [2024-02-26T15:48:34.299+0000] {dag.py:3834} INFO - Setting next_dagrun for example_dag_decorator to None, run_after=None
[2024-02-26T15:48:34.311+0000] {processor.py:183} INFO - Processing /home/airflow/.local/lib/python3.11/site-packages/airflow/example_dags/example_dag_decorator.py took 0.308 seconds
[2024-02-26T15:49:04.357+0000] {processor.py:161} INFO - Started process (PID=511) to work on /home/airflow/.local/lib/python3.11/site-packages/airflow/example_dags/example_dag_decorator.py
[2024-02-26T15:49:04.359+0000] {processor.py:830} INFO - Processing file /home/airflow/.local/lib/python3.11/site-packages/airflow/example_dags/example_dag_decorator.py for tasks to queue
[2024-02-26T15:49:04.361+0000] {logging_mixin.py:188} INFO - [2024-02-26T15:49:04.360+0000] {dagbag.py:540} INFO - Filling up the DagBag from /home/airflow/.local/lib/python3.11/site-packages/airflow/example_dags/example_dag_decorator.py
[2024-02-26T15:49:04.412+0000] {processor.py:840} INFO - DAG(s) 'example_dag_decorator' retrieved from /home/airflow/.local/lib/python3.11/site-packages/airflow/example_dags/example_dag_decorator.py
[2024-02-26T15:49:04.479+0000] {logging_mixin.py:188} INFO - [2024-02-26T15:49:04.479+0000] {dag.py:3047} INFO - Sync 1 DAGs
[2024-02-26T15:49:04.488+0000] {logging_mixin.py:188} INFO - [2024-02-26T15:49:04.488+0000] {dag.py:3834} INFO - Setting next_dagrun for example_dag_decorator to None, run_after=None
[2024-02-26T15:49:04.501+0000] {processor.py:183} INFO - Processing /home/airflow/.local/lib/python3.11/site-packages/airflow/example_dags/example_dag_decorator.py took 0.148 seconds
[2024-02-26T15:49:34.800+0000] {processor.py:161} INFO - Started process (PID=753) to work on /home/airflow/.local/lib/python3.11/site-packages/airflow/example_dags/example_dag_decorator.py
[2024-02-26T15:49:34.802+0000] {processor.py:830} INFO - Processing file /home/airflow/.local/lib/python3.11/site-packages/airflow/example_dags/example_dag_decorator.py for tasks to queue
[2024-02-26T15:49:34.804+0000] {logging_mixin.py:188} INFO - [2024-02-26T15:49:34.803+0000] {dagbag.py:540} INFO - Filling up the DagBag from /home/airflow/.local/lib/python3.11/site-packages/airflow/example_dags/example_dag_decorator.py
[2024-02-26T15:49:34.856+0000] {processor.py:840} INFO - DAG(s) 'example_dag_decorator' retrieved from /home/airflow/.local/lib/python3.11/site-packages/airflow/example_dags/example_dag_decorator.py
[2024-02-26T15:49:34.921+0000] {logging_mixin.py:188} INFO - [2024-02-26T15:49:34.920+0000] {dag.py:3047} INFO - Sync 1 DAGs
[2024-02-26T15:49:34.928+0000] {logging_mixin.py:188} INFO - [2024-02-26T15:49:34.928+0000] {dag.py:3834} INFO - Setting next_dagrun for example_dag_decorator to None, run_after=None
[2024-02-26T15:49:34.942+0000] {processor.py:183} INFO - Processing /home/airflow/.local/lib/python3.11/site-packages/airflow/example_dags/example_dag_decorator.py took 0.145 seconds
[2024-02-26T15:50:05.538+0000] {processor.py:161} INFO - Started process (PID=1001) to work on /home/airflow/.local/lib/python3.11/site-packages/airflow/example_dags/example_dag_decorator.py
[2024-02-26T15:50:05.541+0000] {processor.py:830} INFO - Processing file /home/airflow/.local/lib/python3.11/site-packages/airflow/example_dags/example_dag_decorator.py for tasks to queue
[2024-02-26T15:50:05.543+0000] {logging_mixin.py:188} INFO - [2024-02-26T15:50:05.542+0000] {dagbag.py:540} INFO - Filling up the DagBag from /home/airflow/.local/lib/python3.11/site-packages/airflow/example_dags/example_dag_decorator.py
[2024-02-26T15:50:05.594+0000] {processor.py:840} INFO - DAG(s) 'example_dag_decorator' retrieved from /home/airflow/.local/lib/python3.11/site-packages/airflow/example_dags/example_dag_decorator.py
[2024-02-26T15:50:05.656+0000] {logging_mixin.py:188} INFO - [2024-02-26T15:50:05.655+0000] {dag.py:3047} INFO - Sync 1 DAGs
[2024-02-26T15:50:05.663+0000] {logging_mixin.py:188} INFO - [2024-02-26T15:50:05.663+0000] {dag.py:3834} INFO - Setting next_dagrun for example_dag_decorator to None, run_after=None
[2024-02-26T15:50:05.677+0000] {processor.py:183} INFO - Processing /home/airflow/.local/lib/python3.11/site-packages/airflow/example_dags/example_dag_decorator.py took 0.143 seconds
[2024-02-26T15:50:36.776+0000] {processor.py:161} INFO - Started process (PID=1247) to work on /home/airflow/.local/lib/python3.11/site-packages/airflow/example_dags/example_dag_decorator.py
[2024-02-26T15:50:36.780+0000] {processor.py:830} INFO - Processing file /home/airflow/.local/lib/python3.11/site-packages/airflow/example_dags/example_dag_decorator.py for tasks to queue
[2024-02-26T15:50:36.782+0000] {logging_mixin.py:188} INFO - [2024-02-26T15:50:36.781+0000] {dagbag.py:540} INFO - Filling up the DagBag from /home/airflow/.local/lib/python3.11/site-packages/airflow/example_dags/example_dag_decorator.py
[2024-02-26T15:50:36.845+0000] {processor.py:840} INFO - DAG(s) 'example_dag_decorator' retrieved from /home/airflow/.local/lib/python3.11/site-packages/airflow/example_dags/example_dag_decorator.py
[2024-02-26T15:50:36.932+0000] {logging_mixin.py:188} INFO - [2024-02-26T15:50:36.932+0000] {dag.py:3047} INFO - Sync 1 DAGs
[2024-02-26T15:50:36.940+0000] {logging_mixin.py:188} INFO - [2024-02-26T15:50:36.940+0000] {dag.py:3834} INFO - Setting next_dagrun for example_dag_decorator to None, run_after=None
[2024-02-26T15:50:36.959+0000] {processor.py:183} INFO - Processing /home/airflow/.local/lib/python3.11/site-packages/airflow/example_dags/example_dag_decorator.py took 0.186 seconds
[2024-02-26T15:51:07.668+0000] {processor.py:161} INFO - Started process (PID=1494) to work on /home/airflow/.local/lib/python3.11/site-packages/airflow/example_dags/example_dag_decorator.py
[2024-02-26T15:51:07.670+0000] {processor.py:830} INFO - Processing file /home/airflow/.local/lib/python3.11/site-packages/airflow/example_dags/example_dag_decorator.py for tasks to queue
[2024-02-26T15:51:07.671+0000] {logging_mixin.py:188} INFO - [2024-02-26T15:51:07.671+0000] {dagbag.py:540} INFO - Filling up the DagBag from /home/airflow/.local/lib/python3.11/site-packages/airflow/example_dags/example_dag_decorator.py
[2024-02-26T15:51:07.721+0000] {processor.py:840} INFO - DAG(s) 'example_dag_decorator' retrieved from /home/airflow/.local/lib/python3.11/site-packages/airflow/example_dags/example_dag_decorator.py
[2024-02-26T15:51:07.743+0000] {logging_mixin.py:188} INFO - [2024-02-26T15:51:07.743+0000] {dag.py:3047} INFO - Sync 1 DAGs
[2024-02-26T15:51:07.752+0000] {logging_mixin.py:188} INFO - [2024-02-26T15:51:07.752+0000] {dag.py:3834} INFO - Setting next_dagrun for example_dag_decorator to None, run_after=None
[2024-02-26T15:51:07.763+0000] {processor.py:183} INFO - Processing /home/airflow/.local/lib/python3.11/site-packages/airflow/example_dags/example_dag_decorator.py took 0.099 seconds
[2024-02-26T15:51:38.481+0000] {processor.py:161} INFO - Started process (PID=1741) to work on /home/airflow/.local/lib/python3.11/site-packages/airflow/example_dags/example_dag_decorator.py
[2024-02-26T15:51:38.483+0000] {processor.py:830} INFO - Processing file /home/airflow/.local/lib/python3.11/site-packages/airflow/example_dags/example_dag_decorator.py for tasks to queue
[2024-02-26T15:51:38.488+0000] {logging_mixin.py:188} INFO - [2024-02-26T15:51:38.487+0000] {dagbag.py:540} INFO - Filling up the DagBag from /home/airflow/.local/lib/python3.11/site-packages/airflow/example_dags/example_dag_decorator.py
[2024-02-26T15:51:38.547+0000] {processor.py:840} INFO - DAG(s) 'example_dag_decorator' retrieved from /home/airflow/.local/lib/python3.11/site-packages/airflow/example_dags/example_dag_decorator.py
[2024-02-26T15:51:38.629+0000] {logging_mixin.py:188} INFO - [2024-02-26T15:51:38.629+0000] {dag.py:3047} INFO - Sync 1 DAGs
[2024-02-26T15:51:38.637+0000] {logging_mixin.py:188} INFO - [2024-02-26T15:51:38.637+0000] {dag.py:3834} INFO - Setting next_dagrun for example_dag_decorator to None, run_after=None
[2024-02-26T15:51:38.654+0000] {processor.py:183} INFO - Processing /home/airflow/.local/lib/python3.11/site-packages/airflow/example_dags/example_dag_decorator.py took 0.176 seconds
[2024-02-26T15:52:09.253+0000] {processor.py:161} INFO - Started process (PID=2036) to work on /home/airflow/.local/lib/python3.11/site-packages/airflow/example_dags/example_dag_decorator.py
[2024-02-26T15:52:09.257+0000] {processor.py:830} INFO - Processing file /home/airflow/.local/lib/python3.11/site-packages/airflow/example_dags/example_dag_decorator.py for tasks to queue
[2024-02-26T15:52:09.259+0000] {logging_mixin.py:188} INFO - [2024-02-26T15:52:09.258+0000] {dagbag.py:540} INFO - Filling up the DagBag from /home/airflow/.local/lib/python3.11/site-packages/airflow/example_dags/example_dag_decorator.py
[2024-02-26T15:52:09.334+0000] {processor.py:840} INFO - DAG(s) 'example_dag_decorator' retrieved from /home/airflow/.local/lib/python3.11/site-packages/airflow/example_dags/example_dag_decorator.py
[2024-02-26T15:52:09.514+0000] {logging_mixin.py:188} INFO - [2024-02-26T15:52:09.514+0000] {dag.py:3047} INFO - Sync 1 DAGs
[2024-02-26T15:52:09.524+0000] {logging_mixin.py:188} INFO - [2024-02-26T15:52:09.524+0000] {dag.py:3834} INFO - Setting next_dagrun for example_dag_decorator to None, run_after=None
[2024-02-26T15:52:09.549+0000] {processor.py:183} INFO - Processing /home/airflow/.local/lib/python3.11/site-packages/airflow/example_dags/example_dag_decorator.py took 0.302 seconds
[2024-02-26T15:52:39.840+0000] {processor.py:161} INFO - Started process (PID=2312) to work on /home/airflow/.local/lib/python3.11/site-packages/airflow/example_dags/example_dag_decorator.py
[2024-02-26T15:52:39.842+0000] {processor.py:830} INFO - Processing file /home/airflow/.local/lib/python3.11/site-packages/airflow/example_dags/example_dag_decorator.py for tasks to queue
[2024-02-26T15:52:39.845+0000] {logging_mixin.py:188} INFO - [2024-02-26T15:52:39.844+0000] {dagbag.py:540} INFO - Filling up the DagBag from /home/airflow/.local/lib/python3.11/site-packages/airflow/example_dags/example_dag_decorator.py
[2024-02-26T15:52:39.910+0000] {processor.py:840} INFO - DAG(s) 'example_dag_decorator' retrieved from /home/airflow/.local/lib/python3.11/site-packages/airflow/example_dags/example_dag_decorator.py
[2024-02-26T15:52:39.978+0000] {logging_mixin.py:188} INFO - [2024-02-26T15:52:39.978+0000] {dag.py:3047} INFO - Sync 1 DAGs
[2024-02-26T15:52:39.985+0000] {logging_mixin.py:188} INFO - [2024-02-26T15:52:39.985+0000] {dag.py:3834} INFO - Setting next_dagrun for example_dag_decorator to None, run_after=None
[2024-02-26T15:52:39.998+0000] {processor.py:183} INFO - Processing /home/airflow/.local/lib/python3.11/site-packages/airflow/example_dags/example_dag_decorator.py took 0.161 seconds
[2024-02-26T15:53:10.600+0000] {processor.py:161} INFO - Started process (PID=2554) to work on /home/airflow/.local/lib/python3.11/site-packages/airflow/example_dags/example_dag_decorator.py
[2024-02-26T15:53:10.602+0000] {processor.py:830} INFO - Processing file /home/airflow/.local/lib/python3.11/site-packages/airflow/example_dags/example_dag_decorator.py for tasks to queue
[2024-02-26T15:53:10.604+0000] {logging_mixin.py:188} INFO - [2024-02-26T15:53:10.603+0000] {dagbag.py:540} INFO - Filling up the DagBag from /home/airflow/.local/lib/python3.11/site-packages/airflow/example_dags/example_dag_decorator.py
[2024-02-26T15:53:10.658+0000] {processor.py:840} INFO - DAG(s) 'example_dag_decorator' retrieved from /home/airflow/.local/lib/python3.11/site-packages/airflow/example_dags/example_dag_decorator.py
[2024-02-26T15:53:10.718+0000] {logging_mixin.py:188} INFO - [2024-02-26T15:53:10.718+0000] {dag.py:3047} INFO - Sync 1 DAGs
[2024-02-26T15:53:10.725+0000] {logging_mixin.py:188} INFO - [2024-02-26T15:53:10.725+0000] {dag.py:3834} INFO - Setting next_dagrun for example_dag_decorator to None, run_after=None
[2024-02-26T15:53:10.736+0000] {processor.py:183} INFO - Processing /home/airflow/.local/lib/python3.11/site-packages/airflow/example_dags/example_dag_decorator.py took 0.139 seconds
[2024-02-26T15:53:41.427+0000] {processor.py:161} INFO - Started process (PID=2801) to work on /home/airflow/.local/lib/python3.11/site-packages/airflow/example_dags/example_dag_decorator.py
[2024-02-26T15:53:41.429+0000] {processor.py:830} INFO - Processing file /home/airflow/.local/lib/python3.11/site-packages/airflow/example_dags/example_dag_decorator.py for tasks to queue
[2024-02-26T15:53:41.430+0000] {logging_mixin.py:188} INFO - [2024-02-26T15:53:41.430+0000] {dagbag.py:540} INFO - Filling up the DagBag from /home/airflow/.local/lib/python3.11/site-packages/airflow/example_dags/example_dag_decorator.py
[2024-02-26T15:53:41.488+0000] {processor.py:840} INFO - DAG(s) 'example_dag_decorator' retrieved from /home/airflow/.local/lib/python3.11/site-packages/airflow/example_dags/example_dag_decorator.py
[2024-02-26T15:53:41.553+0000] {logging_mixin.py:188} INFO - [2024-02-26T15:53:41.553+0000] {dag.py:3047} INFO - Sync 1 DAGs
[2024-02-26T15:53:41.561+0000] {logging_mixin.py:188} INFO - [2024-02-26T15:53:41.561+0000] {dag.py:3834} INFO - Setting next_dagrun for example_dag_decorator to None, run_after=None
[2024-02-26T15:53:41.571+0000] {processor.py:183} INFO - Processing /home/airflow/.local/lib/python3.11/site-packages/airflow/example_dags/example_dag_decorator.py took 0.147 seconds
[2024-02-26T15:54:12.194+0000] {processor.py:161} INFO - Started process (PID=3048) to work on /home/airflow/.local/lib/python3.11/site-packages/airflow/example_dags/example_dag_decorator.py
[2024-02-26T15:54:12.195+0000] {processor.py:830} INFO - Processing file /home/airflow/.local/lib/python3.11/site-packages/airflow/example_dags/example_dag_decorator.py for tasks to queue
[2024-02-26T15:54:12.198+0000] {logging_mixin.py:188} INFO - [2024-02-26T15:54:12.197+0000] {dagbag.py:540} INFO - Filling up the DagBag from /home/airflow/.local/lib/python3.11/site-packages/airflow/example_dags/example_dag_decorator.py
[2024-02-26T15:54:12.254+0000] {processor.py:840} INFO - DAG(s) 'example_dag_decorator' retrieved from /home/airflow/.local/lib/python3.11/site-packages/airflow/example_dags/example_dag_decorator.py
[2024-02-26T15:54:12.322+0000] {logging_mixin.py:188} INFO - [2024-02-26T15:54:12.322+0000] {dag.py:3047} INFO - Sync 1 DAGs
[2024-02-26T15:54:12.330+0000] {logging_mixin.py:188} INFO - [2024-02-26T15:54:12.330+0000] {dag.py:3834} INFO - Setting next_dagrun for example_dag_decorator to None, run_after=None
[2024-02-26T15:54:12.341+0000] {processor.py:183} INFO - Processing /home/airflow/.local/lib/python3.11/site-packages/airflow/example_dags/example_dag_decorator.py took 0.151 seconds
[2024-02-26T15:54:43.084+0000] {processor.py:161} INFO - Started process (PID=3297) to work on /home/airflow/.local/lib/python3.11/site-packages/airflow/example_dags/example_dag_decorator.py
[2024-02-26T15:54:43.086+0000] {processor.py:830} INFO - Processing file /home/airflow/.local/lib/python3.11/site-packages/airflow/example_dags/example_dag_decorator.py for tasks to queue
[2024-02-26T15:54:43.089+0000] {logging_mixin.py:188} INFO - [2024-02-26T15:54:43.088+0000] {dagbag.py:540} INFO - Filling up the DagBag from /home/airflow/.local/lib/python3.11/site-packages/airflow/example_dags/example_dag_decorator.py
[2024-02-26T15:54:43.138+0000] {processor.py:840} INFO - DAG(s) 'example_dag_decorator' retrieved from /home/airflow/.local/lib/python3.11/site-packages/airflow/example_dags/example_dag_decorator.py
[2024-02-26T15:54:43.209+0000] {logging_mixin.py:188} INFO - [2024-02-26T15:54:43.208+0000] {dag.py:3047} INFO - Sync 1 DAGs
[2024-02-26T15:54:43.216+0000] {logging_mixin.py:188} INFO - [2024-02-26T15:54:43.216+0000] {dag.py:3834} INFO - Setting next_dagrun for example_dag_decorator to None, run_after=None
[2024-02-26T15:54:43.228+0000] {processor.py:183} INFO - Processing /home/airflow/.local/lib/python3.11/site-packages/airflow/example_dags/example_dag_decorator.py took 0.146 seconds
[2024-02-26T15:55:14.047+0000] {processor.py:161} INFO - Started process (PID=3543) to work on /home/airflow/.local/lib/python3.11/site-packages/airflow/example_dags/example_dag_decorator.py
[2024-02-26T15:55:14.049+0000] {processor.py:830} INFO - Processing file /home/airflow/.local/lib/python3.11/site-packages/airflow/example_dags/example_dag_decorator.py for tasks to queue
[2024-02-26T15:55:14.051+0000] {logging_mixin.py:188} INFO - [2024-02-26T15:55:14.051+0000] {dagbag.py:540} INFO - Filling up the DagBag from /home/airflow/.local/lib/python3.11/site-packages/airflow/example_dags/example_dag_decorator.py
[2024-02-26T15:55:14.102+0000] {processor.py:840} INFO - DAG(s) 'example_dag_decorator' retrieved from /home/airflow/.local/lib/python3.11/site-packages/airflow/example_dags/example_dag_decorator.py
[2024-02-26T15:55:14.170+0000] {logging_mixin.py:188} INFO - [2024-02-26T15:55:14.170+0000] {dag.py:3047} INFO - Sync 1 DAGs
[2024-02-26T15:55:14.178+0000] {logging_mixin.py:188} INFO - [2024-02-26T15:55:14.178+0000] {dag.py:3834} INFO - Setting next_dagrun for example_dag_decorator to None, run_after=None
[2024-02-26T15:55:14.190+0000] {processor.py:183} INFO - Processing /home/airflow/.local/lib/python3.11/site-packages/airflow/example_dags/example_dag_decorator.py took 0.146 seconds
[2024-02-26T15:55:45.137+0000] {processor.py:161} INFO - Started process (PID=3793) to work on /home/airflow/.local/lib/python3.11/site-packages/airflow/example_dags/example_dag_decorator.py
[2024-02-26T15:55:45.139+0000] {processor.py:830} INFO - Processing file /home/airflow/.local/lib/python3.11/site-packages/airflow/example_dags/example_dag_decorator.py for tasks to queue
[2024-02-26T15:55:45.141+0000] {logging_mixin.py:188} INFO - [2024-02-26T15:55:45.141+0000] {dagbag.py:540} INFO - Filling up the DagBag from /home/airflow/.local/lib/python3.11/site-packages/airflow/example_dags/example_dag_decorator.py
[2024-02-26T15:55:45.197+0000] {processor.py:840} INFO - DAG(s) 'example_dag_decorator' retrieved from /home/airflow/.local/lib/python3.11/site-packages/airflow/example_dags/example_dag_decorator.py
[2024-02-26T15:55:45.263+0000] {logging_mixin.py:188} INFO - [2024-02-26T15:55:45.263+0000] {dag.py:3047} INFO - Sync 1 DAGs
[2024-02-26T15:55:45.270+0000] {logging_mixin.py:188} INFO - [2024-02-26T15:55:45.269+0000] {dag.py:3834} INFO - Setting next_dagrun for example_dag_decorator to None, run_after=None
[2024-02-26T15:55:45.281+0000] {processor.py:183} INFO - Processing /home/airflow/.local/lib/python3.11/site-packages/airflow/example_dags/example_dag_decorator.py took 0.148 seconds
[2024-02-26T15:56:15.325+0000] {processor.py:161} INFO - Started process (PID=4040) to work on /home/airflow/.local/lib/python3.11/site-packages/airflow/example_dags/example_dag_decorator.py
[2024-02-26T15:56:15.328+0000] {processor.py:830} INFO - Processing file /home/airflow/.local/lib/python3.11/site-packages/airflow/example_dags/example_dag_decorator.py for tasks to queue
[2024-02-26T15:56:15.329+0000] {logging_mixin.py:188} INFO - [2024-02-26T15:56:15.329+0000] {dagbag.py:540} INFO - Filling up the DagBag from /home/airflow/.local/lib/python3.11/site-packages/airflow/example_dags/example_dag_decorator.py
[2024-02-26T15:56:15.381+0000] {processor.py:840} INFO - DAG(s) 'example_dag_decorator' retrieved from /home/airflow/.local/lib/python3.11/site-packages/airflow/example_dags/example_dag_decorator.py
[2024-02-26T15:56:15.446+0000] {logging_mixin.py:188} INFO - [2024-02-26T15:56:15.446+0000] {dag.py:3047} INFO - Sync 1 DAGs
[2024-02-26T15:56:15.455+0000] {logging_mixin.py:188} INFO - [2024-02-26T15:56:15.455+0000] {dag.py:3834} INFO - Setting next_dagrun for example_dag_decorator to None, run_after=None
[2024-02-26T15:56:15.467+0000] {processor.py:183} INFO - Processing /home/airflow/.local/lib/python3.11/site-packages/airflow/example_dags/example_dag_decorator.py took 0.146 seconds
[2024-02-26T15:56:45.749+0000] {processor.py:161} INFO - Started process (PID=4288) to work on /home/airflow/.local/lib/python3.11/site-packages/airflow/example_dags/example_dag_decorator.py
[2024-02-26T15:56:45.752+0000] {processor.py:830} INFO - Processing file /home/airflow/.local/lib/python3.11/site-packages/airflow/example_dags/example_dag_decorator.py for tasks to queue
[2024-02-26T15:56:45.754+0000] {logging_mixin.py:188} INFO - [2024-02-26T15:56:45.754+0000] {dagbag.py:540} INFO - Filling up the DagBag from /home/airflow/.local/lib/python3.11/site-packages/airflow/example_dags/example_dag_decorator.py
[2024-02-26T15:56:45.811+0000] {processor.py:840} INFO - DAG(s) 'example_dag_decorator' retrieved from /home/airflow/.local/lib/python3.11/site-packages/airflow/example_dags/example_dag_decorator.py
[2024-02-26T15:56:45.830+0000] {logging_mixin.py:188} INFO - [2024-02-26T15:56:45.830+0000] {dag.py:3047} INFO - Sync 1 DAGs
[2024-02-26T15:56:45.840+0000] {logging_mixin.py:188} INFO - [2024-02-26T15:56:45.839+0000] {dag.py:3834} INFO - Setting next_dagrun for example_dag_decorator to None, run_after=None
[2024-02-26T15:56:45.853+0000] {processor.py:183} INFO - Processing /home/airflow/.local/lib/python3.11/site-packages/airflow/example_dags/example_dag_decorator.py took 0.107 seconds
[2024-02-26T15:57:16.076+0000] {processor.py:161} INFO - Started process (PID=4535) to work on /home/airflow/.local/lib/python3.11/site-packages/airflow/example_dags/example_dag_decorator.py
[2024-02-26T15:57:16.077+0000] {processor.py:830} INFO - Processing file /home/airflow/.local/lib/python3.11/site-packages/airflow/example_dags/example_dag_decorator.py for tasks to queue
[2024-02-26T15:57:16.079+0000] {logging_mixin.py:188} INFO - [2024-02-26T15:57:16.078+0000] {dagbag.py:540} INFO - Filling up the DagBag from /home/airflow/.local/lib/python3.11/site-packages/airflow/example_dags/example_dag_decorator.py
[2024-02-26T15:57:16.153+0000] {processor.py:840} INFO - DAG(s) 'example_dag_decorator' retrieved from /home/airflow/.local/lib/python3.11/site-packages/airflow/example_dags/example_dag_decorator.py
[2024-02-26T15:57:16.180+0000] {logging_mixin.py:188} INFO - [2024-02-26T15:57:16.179+0000] {dag.py:3047} INFO - Sync 1 DAGs
[2024-02-26T15:57:16.189+0000] {logging_mixin.py:188} INFO - [2024-02-26T15:57:16.189+0000] {dag.py:3834} INFO - Setting next_dagrun for example_dag_decorator to None, run_after=None
[2024-02-26T15:57:16.204+0000] {processor.py:183} INFO - Processing /home/airflow/.local/lib/python3.11/site-packages/airflow/example_dags/example_dag_decorator.py took 0.131 seconds
[2024-02-26T15:57:46.349+0000] {processor.py:161} INFO - Started process (PID=4782) to work on /home/airflow/.local/lib/python3.11/site-packages/airflow/example_dags/example_dag_decorator.py
[2024-02-26T15:57:46.352+0000] {processor.py:830} INFO - Processing file /home/airflow/.local/lib/python3.11/site-packages/airflow/example_dags/example_dag_decorator.py for tasks to queue
[2024-02-26T15:57:46.353+0000] {logging_mixin.py:188} INFO - [2024-02-26T15:57:46.353+0000] {dagbag.py:540} INFO - Filling up the DagBag from /home/airflow/.local/lib/python3.11/site-packages/airflow/example_dags/example_dag_decorator.py
[2024-02-26T15:57:46.408+0000] {processor.py:840} INFO - DAG(s) 'example_dag_decorator' retrieved from /home/airflow/.local/lib/python3.11/site-packages/airflow/example_dags/example_dag_decorator.py
[2024-02-26T15:57:46.524+0000] {logging_mixin.py:188} INFO - [2024-02-26T15:57:46.524+0000] {dag.py:3047} INFO - Sync 1 DAGs
[2024-02-26T15:57:46.547+0000] {logging_mixin.py:188} INFO - [2024-02-26T15:57:46.546+0000] {dag.py:3834} INFO - Setting next_dagrun for example_dag_decorator to None, run_after=None
[2024-02-26T15:57:46.564+0000] {processor.py:183} INFO - Processing /home/airflow/.local/lib/python3.11/site-packages/airflow/example_dags/example_dag_decorator.py took 0.219 seconds
[2024-02-26T15:58:16.742+0000] {processor.py:161} INFO - Started process (PID=5036) to work on /home/airflow/.local/lib/python3.11/site-packages/airflow/example_dags/example_dag_decorator.py
[2024-02-26T15:58:16.745+0000] {processor.py:830} INFO - Processing file /home/airflow/.local/lib/python3.11/site-packages/airflow/example_dags/example_dag_decorator.py for tasks to queue
[2024-02-26T15:58:16.750+0000] {logging_mixin.py:188} INFO - [2024-02-26T15:58:16.749+0000] {dagbag.py:540} INFO - Filling up the DagBag from /home/airflow/.local/lib/python3.11/site-packages/airflow/example_dags/example_dag_decorator.py
[2024-02-26T15:58:16.811+0000] {processor.py:840} INFO - DAG(s) 'example_dag_decorator' retrieved from /home/airflow/.local/lib/python3.11/site-packages/airflow/example_dags/example_dag_decorator.py
[2024-02-26T15:58:16.889+0000] {logging_mixin.py:188} INFO - [2024-02-26T15:58:16.889+0000] {dag.py:3047} INFO - Sync 1 DAGs
[2024-02-26T15:58:16.898+0000] {logging_mixin.py:188} INFO - [2024-02-26T15:58:16.897+0000] {dag.py:3834} INFO - Setting next_dagrun for example_dag_decorator to None, run_after=None
[2024-02-26T15:58:16.915+0000] {processor.py:183} INFO - Processing /home/airflow/.local/lib/python3.11/site-packages/airflow/example_dags/example_dag_decorator.py took 0.181 seconds
[2024-02-26T15:58:47.034+0000] {processor.py:161} INFO - Started process (PID=5284) to work on /home/airflow/.local/lib/python3.11/site-packages/airflow/example_dags/example_dag_decorator.py
[2024-02-26T15:58:47.036+0000] {processor.py:830} INFO - Processing file /home/airflow/.local/lib/python3.11/site-packages/airflow/example_dags/example_dag_decorator.py for tasks to queue
[2024-02-26T15:58:47.039+0000] {logging_mixin.py:188} INFO - [2024-02-26T15:58:47.038+0000] {dagbag.py:540} INFO - Filling up the DagBag from /home/airflow/.local/lib/python3.11/site-packages/airflow/example_dags/example_dag_decorator.py
[2024-02-26T15:58:47.085+0000] {processor.py:840} INFO - DAG(s) 'example_dag_decorator' retrieved from /home/airflow/.local/lib/python3.11/site-packages/airflow/example_dags/example_dag_decorator.py
[2024-02-26T15:58:47.146+0000] {logging_mixin.py:188} INFO - [2024-02-26T15:58:47.146+0000] {dag.py:3047} INFO - Sync 1 DAGs
[2024-02-26T15:58:47.153+0000] {logging_mixin.py:188} INFO - [2024-02-26T15:58:47.153+0000] {dag.py:3834} INFO - Setting next_dagrun for example_dag_decorator to None, run_after=None
[2024-02-26T15:58:47.164+0000] {processor.py:183} INFO - Processing /home/airflow/.local/lib/python3.11/site-packages/airflow/example_dags/example_dag_decorator.py took 0.134 seconds
[2024-02-26T15:59:17.249+0000] {processor.py:161} INFO - Started process (PID=5532) to work on /home/airflow/.local/lib/python3.11/site-packages/airflow/example_dags/example_dag_decorator.py
[2024-02-26T15:59:17.251+0000] {processor.py:830} INFO - Processing file /home/airflow/.local/lib/python3.11/site-packages/airflow/example_dags/example_dag_decorator.py for tasks to queue
[2024-02-26T15:59:17.252+0000] {logging_mixin.py:188} INFO - [2024-02-26T15:59:17.252+0000] {dagbag.py:540} INFO - Filling up the DagBag from /home/airflow/.local/lib/python3.11/site-packages/airflow/example_dags/example_dag_decorator.py
[2024-02-26T15:59:17.302+0000] {processor.py:840} INFO - DAG(s) 'example_dag_decorator' retrieved from /home/airflow/.local/lib/python3.11/site-packages/airflow/example_dags/example_dag_decorator.py
[2024-02-26T15:59:17.361+0000] {logging_mixin.py:188} INFO - [2024-02-26T15:59:17.361+0000] {dag.py:3047} INFO - Sync 1 DAGs
[2024-02-26T15:59:17.368+0000] {logging_mixin.py:188} INFO - [2024-02-26T15:59:17.368+0000] {dag.py:3834} INFO - Setting next_dagrun for example_dag_decorator to None, run_after=None
[2024-02-26T15:59:17.377+0000] {processor.py:183} INFO - Processing /home/airflow/.local/lib/python3.11/site-packages/airflow/example_dags/example_dag_decorator.py took 0.131 seconds
[2024-02-26T15:59:48.320+0000] {processor.py:161} INFO - Started process (PID=5779) to work on /home/airflow/.local/lib/python3.11/site-packages/airflow/example_dags/example_dag_decorator.py
[2024-02-26T15:59:48.324+0000] {processor.py:830} INFO - Processing file /home/airflow/.local/lib/python3.11/site-packages/airflow/example_dags/example_dag_decorator.py for tasks to queue
[2024-02-26T15:59:48.326+0000] {logging_mixin.py:188} INFO - [2024-02-26T15:59:48.326+0000] {dagbag.py:540} INFO - Filling up the DagBag from /home/airflow/.local/lib/python3.11/site-packages/airflow/example_dags/example_dag_decorator.py
[2024-02-26T15:59:48.383+0000] {processor.py:840} INFO - DAG(s) 'example_dag_decorator' retrieved from /home/airflow/.local/lib/python3.11/site-packages/airflow/example_dags/example_dag_decorator.py
[2024-02-26T15:59:48.454+0000] {logging_mixin.py:188} INFO - [2024-02-26T15:59:48.454+0000] {dag.py:3047} INFO - Sync 1 DAGs
[2024-02-26T15:59:48.461+0000] {logging_mixin.py:188} INFO - [2024-02-26T15:59:48.461+0000] {dag.py:3834} INFO - Setting next_dagrun for example_dag_decorator to None, run_after=None
[2024-02-26T15:59:48.473+0000] {processor.py:183} INFO - Processing /home/airflow/.local/lib/python3.11/site-packages/airflow/example_dags/example_dag_decorator.py took 0.158 seconds
[2024-02-26T16:00:19.187+0000] {processor.py:161} INFO - Started process (PID=6026) to work on /home/airflow/.local/lib/python3.11/site-packages/airflow/example_dags/example_dag_decorator.py
[2024-02-26T16:00:19.189+0000] {processor.py:830} INFO - Processing file /home/airflow/.local/lib/python3.11/site-packages/airflow/example_dags/example_dag_decorator.py for tasks to queue
[2024-02-26T16:00:19.191+0000] {logging_mixin.py:188} INFO - [2024-02-26T16:00:19.191+0000] {dagbag.py:540} INFO - Filling up the DagBag from /home/airflow/.local/lib/python3.11/site-packages/airflow/example_dags/example_dag_decorator.py
[2024-02-26T16:00:19.245+0000] {processor.py:840} INFO - DAG(s) 'example_dag_decorator' retrieved from /home/airflow/.local/lib/python3.11/site-packages/airflow/example_dags/example_dag_decorator.py
[2024-02-26T16:00:19.314+0000] {logging_mixin.py:188} INFO - [2024-02-26T16:00:19.314+0000] {dag.py:3047} INFO - Sync 1 DAGs
[2024-02-26T16:00:19.320+0000] {logging_mixin.py:188} INFO - [2024-02-26T16:00:19.320+0000] {dag.py:3834} INFO - Setting next_dagrun for example_dag_decorator to None, run_after=None
[2024-02-26T16:00:19.332+0000] {processor.py:183} INFO - Processing /home/airflow/.local/lib/python3.11/site-packages/airflow/example_dags/example_dag_decorator.py took 0.150 seconds
[2024-02-26T16:00:50.029+0000] {processor.py:161} INFO - Started process (PID=6272) to work on /home/airflow/.local/lib/python3.11/site-packages/airflow/example_dags/example_dag_decorator.py
[2024-02-26T16:00:50.033+0000] {processor.py:830} INFO - Processing file /home/airflow/.local/lib/python3.11/site-packages/airflow/example_dags/example_dag_decorator.py for tasks to queue
[2024-02-26T16:00:50.037+0000] {logging_mixin.py:188} INFO - [2024-02-26T16:00:50.036+0000] {dagbag.py:540} INFO - Filling up the DagBag from /home/airflow/.local/lib/python3.11/site-packages/airflow/example_dags/example_dag_decorator.py
[2024-02-26T16:00:50.099+0000] {processor.py:840} INFO - DAG(s) 'example_dag_decorator' retrieved from /home/airflow/.local/lib/python3.11/site-packages/airflow/example_dags/example_dag_decorator.py
[2024-02-26T16:00:50.164+0000] {logging_mixin.py:188} INFO - [2024-02-26T16:00:50.164+0000] {dag.py:3047} INFO - Sync 1 DAGs
[2024-02-26T16:00:50.174+0000] {logging_mixin.py:188} INFO - [2024-02-26T16:00:50.174+0000] {dag.py:3834} INFO - Setting next_dagrun for example_dag_decorator to None, run_after=None
[2024-02-26T16:00:50.185+0000] {processor.py:183} INFO - Processing /home/airflow/.local/lib/python3.11/site-packages/airflow/example_dags/example_dag_decorator.py took 0.162 seconds
[2024-02-26T16:01:20.752+0000] {processor.py:161} INFO - Started process (PID=6519) to work on /home/airflow/.local/lib/python3.11/site-packages/airflow/example_dags/example_dag_decorator.py
[2024-02-26T16:01:20.755+0000] {processor.py:830} INFO - Processing file /home/airflow/.local/lib/python3.11/site-packages/airflow/example_dags/example_dag_decorator.py for tasks to queue
[2024-02-26T16:01:20.757+0000] {logging_mixin.py:188} INFO - [2024-02-26T16:01:20.757+0000] {dagbag.py:540} INFO - Filling up the DagBag from /home/airflow/.local/lib/python3.11/site-packages/airflow/example_dags/example_dag_decorator.py
[2024-02-26T16:01:20.815+0000] {processor.py:840} INFO - DAG(s) 'example_dag_decorator' retrieved from /home/airflow/.local/lib/python3.11/site-packages/airflow/example_dags/example_dag_decorator.py
[2024-02-26T16:01:20.883+0000] {logging_mixin.py:188} INFO - [2024-02-26T16:01:20.883+0000] {dag.py:3047} INFO - Sync 1 DAGs
[2024-02-26T16:01:20.889+0000] {logging_mixin.py:188} INFO - [2024-02-26T16:01:20.889+0000] {dag.py:3834} INFO - Setting next_dagrun for example_dag_decorator to None, run_after=None
[2024-02-26T16:01:20.903+0000] {processor.py:183} INFO - Processing /home/airflow/.local/lib/python3.11/site-packages/airflow/example_dags/example_dag_decorator.py took 0.155 seconds
[2024-02-26T16:01:50.988+0000] {processor.py:161} INFO - Started process (PID=6769) to work on /home/airflow/.local/lib/python3.11/site-packages/airflow/example_dags/example_dag_decorator.py
[2024-02-26T16:01:50.990+0000] {processor.py:830} INFO - Processing file /home/airflow/.local/lib/python3.11/site-packages/airflow/example_dags/example_dag_decorator.py for tasks to queue
[2024-02-26T16:01:50.992+0000] {logging_mixin.py:188} INFO - [2024-02-26T16:01:50.991+0000] {dagbag.py:540} INFO - Filling up the DagBag from /home/airflow/.local/lib/python3.11/site-packages/airflow/example_dags/example_dag_decorator.py
[2024-02-26T16:01:51.043+0000] {processor.py:840} INFO - DAG(s) 'example_dag_decorator' retrieved from /home/airflow/.local/lib/python3.11/site-packages/airflow/example_dags/example_dag_decorator.py
[2024-02-26T16:01:51.105+0000] {logging_mixin.py:188} INFO - [2024-02-26T16:01:51.105+0000] {dag.py:3047} INFO - Sync 1 DAGs
[2024-02-26T16:01:51.111+0000] {logging_mixin.py:188} INFO - [2024-02-26T16:01:51.111+0000] {dag.py:3834} INFO - Setting next_dagrun for example_dag_decorator to None, run_after=None
[2024-02-26T16:01:51.122+0000] {processor.py:183} INFO - Processing /home/airflow/.local/lib/python3.11/site-packages/airflow/example_dags/example_dag_decorator.py took 0.138 seconds
[2024-02-26T16:02:21.162+0000] {processor.py:161} INFO - Started process (PID=7018) to work on /home/airflow/.local/lib/python3.11/site-packages/airflow/example_dags/example_dag_decorator.py
[2024-02-26T16:02:21.167+0000] {processor.py:830} INFO - Processing file /home/airflow/.local/lib/python3.11/site-packages/airflow/example_dags/example_dag_decorator.py for tasks to queue
[2024-02-26T16:02:21.169+0000] {logging_mixin.py:188} INFO - [2024-02-26T16:02:21.169+0000] {dagbag.py:540} INFO - Filling up the DagBag from /home/airflow/.local/lib/python3.11/site-packages/airflow/example_dags/example_dag_decorator.py
[2024-02-26T16:02:21.227+0000] {processor.py:840} INFO - DAG(s) 'example_dag_decorator' retrieved from /home/airflow/.local/lib/python3.11/site-packages/airflow/example_dags/example_dag_decorator.py
[2024-02-26T16:02:21.304+0000] {logging_mixin.py:188} INFO - [2024-02-26T16:02:21.304+0000] {dag.py:3047} INFO - Sync 1 DAGs
[2024-02-26T16:02:21.314+0000] {logging_mixin.py:188} INFO - [2024-02-26T16:02:21.314+0000] {dag.py:3834} INFO - Setting next_dagrun for example_dag_decorator to None, run_after=None
[2024-02-26T16:02:21.328+0000] {processor.py:183} INFO - Processing /home/airflow/.local/lib/python3.11/site-packages/airflow/example_dags/example_dag_decorator.py took 0.170 seconds
[2024-02-26T16:02:51.416+0000] {processor.py:161} INFO - Started process (PID=7270) to work on /home/airflow/.local/lib/python3.11/site-packages/airflow/example_dags/example_dag_decorator.py
[2024-02-26T16:02:51.418+0000] {processor.py:830} INFO - Processing file /home/airflow/.local/lib/python3.11/site-packages/airflow/example_dags/example_dag_decorator.py for tasks to queue
[2024-02-26T16:02:51.420+0000] {logging_mixin.py:188} INFO - [2024-02-26T16:02:51.420+0000] {dagbag.py:540} INFO - Filling up the DagBag from /home/airflow/.local/lib/python3.11/site-packages/airflow/example_dags/example_dag_decorator.py
[2024-02-26T16:02:51.476+0000] {processor.py:840} INFO - DAG(s) 'example_dag_decorator' retrieved from /home/airflow/.local/lib/python3.11/site-packages/airflow/example_dags/example_dag_decorator.py
[2024-02-26T16:02:51.547+0000] {logging_mixin.py:188} INFO - [2024-02-26T16:02:51.547+0000] {dag.py:3047} INFO - Sync 1 DAGs
[2024-02-26T16:02:51.555+0000] {logging_mixin.py:188} INFO - [2024-02-26T16:02:51.555+0000] {dag.py:3834} INFO - Setting next_dagrun for example_dag_decorator to None, run_after=None
[2024-02-26T16:02:51.568+0000] {processor.py:183} INFO - Processing /home/airflow/.local/lib/python3.11/site-packages/airflow/example_dags/example_dag_decorator.py took 0.155 seconds
[2024-02-26T16:03:22.614+0000] {processor.py:161} INFO - Started process (PID=7522) to work on /home/airflow/.local/lib/python3.11/site-packages/airflow/example_dags/example_dag_decorator.py
[2024-02-26T16:03:22.618+0000] {processor.py:830} INFO - Processing file /home/airflow/.local/lib/python3.11/site-packages/airflow/example_dags/example_dag_decorator.py for tasks to queue
[2024-02-26T16:03:22.620+0000] {logging_mixin.py:188} INFO - [2024-02-26T16:03:22.620+0000] {dagbag.py:540} INFO - Filling up the DagBag from /home/airflow/.local/lib/python3.11/site-packages/airflow/example_dags/example_dag_decorator.py
[2024-02-26T16:03:22.678+0000] {processor.py:840} INFO - DAG(s) 'example_dag_decorator' retrieved from /home/airflow/.local/lib/python3.11/site-packages/airflow/example_dags/example_dag_decorator.py
[2024-02-26T16:03:22.747+0000] {logging_mixin.py:188} INFO - [2024-02-26T16:03:22.747+0000] {dag.py:3047} INFO - Sync 1 DAGs
[2024-02-26T16:03:22.753+0000] {logging_mixin.py:188} INFO - [2024-02-26T16:03:22.753+0000] {dag.py:3834} INFO - Setting next_dagrun for example_dag_decorator to None, run_after=None
[2024-02-26T16:03:22.764+0000] {processor.py:183} INFO - Processing /home/airflow/.local/lib/python3.11/site-packages/airflow/example_dags/example_dag_decorator.py took 0.160 seconds
[2024-02-26T16:03:52.874+0000] {processor.py:161} INFO - Started process (PID=7775) to work on /home/airflow/.local/lib/python3.11/site-packages/airflow/example_dags/example_dag_decorator.py
[2024-02-26T16:03:52.876+0000] {processor.py:830} INFO - Processing file /home/airflow/.local/lib/python3.11/site-packages/airflow/example_dags/example_dag_decorator.py for tasks to queue
[2024-02-26T16:03:52.878+0000] {logging_mixin.py:188} INFO - [2024-02-26T16:03:52.877+0000] {dagbag.py:540} INFO - Filling up the DagBag from /home/airflow/.local/lib/python3.11/site-packages/airflow/example_dags/example_dag_decorator.py
[2024-02-26T16:03:52.929+0000] {processor.py:840} INFO - DAG(s) 'example_dag_decorator' retrieved from /home/airflow/.local/lib/python3.11/site-packages/airflow/example_dags/example_dag_decorator.py
[2024-02-26T16:03:52.994+0000] {logging_mixin.py:188} INFO - [2024-02-26T16:03:52.994+0000] {dag.py:3047} INFO - Sync 1 DAGs
[2024-02-26T16:03:53.001+0000] {logging_mixin.py:188} INFO - [2024-02-26T16:03:53.001+0000] {dag.py:3834} INFO - Setting next_dagrun for example_dag_decorator to None, run_after=None
[2024-02-26T16:03:53.012+0000] {processor.py:183} INFO - Processing /home/airflow/.local/lib/python3.11/site-packages/airflow/example_dags/example_dag_decorator.py took 0.141 seconds
[2024-02-26T16:04:23.503+0000] {processor.py:161} INFO - Started process (PID=8017) to work on /home/airflow/.local/lib/python3.11/site-packages/airflow/example_dags/example_dag_decorator.py
[2024-02-26T16:04:23.506+0000] {processor.py:830} INFO - Processing file /home/airflow/.local/lib/python3.11/site-packages/airflow/example_dags/example_dag_decorator.py for tasks to queue
[2024-02-26T16:04:23.509+0000] {logging_mixin.py:188} INFO - [2024-02-26T16:04:23.508+0000] {dagbag.py:540} INFO - Filling up the DagBag from /home/airflow/.local/lib/python3.11/site-packages/airflow/example_dags/example_dag_decorator.py
[2024-02-26T16:04:23.563+0000] {processor.py:840} INFO - DAG(s) 'example_dag_decorator' retrieved from /home/airflow/.local/lib/python3.11/site-packages/airflow/example_dags/example_dag_decorator.py
[2024-02-26T16:04:23.582+0000] {logging_mixin.py:188} INFO - [2024-02-26T16:04:23.582+0000] {dag.py:3047} INFO - Sync 1 DAGs
[2024-02-26T16:04:23.595+0000] {logging_mixin.py:188} INFO - [2024-02-26T16:04:23.595+0000] {dag.py:3834} INFO - Setting next_dagrun for example_dag_decorator to None, run_after=None
[2024-02-26T16:04:23.608+0000] {processor.py:183} INFO - Processing /home/airflow/.local/lib/python3.11/site-packages/airflow/example_dags/example_dag_decorator.py took 0.111 seconds
[2024-02-26T16:04:54.331+0000] {processor.py:161} INFO - Started process (PID=8264) to work on /home/airflow/.local/lib/python3.11/site-packages/airflow/example_dags/example_dag_decorator.py
[2024-02-26T16:04:54.333+0000] {processor.py:830} INFO - Processing file /home/airflow/.local/lib/python3.11/site-packages/airflow/example_dags/example_dag_decorator.py for tasks to queue
[2024-02-26T16:04:54.335+0000] {logging_mixin.py:188} INFO - [2024-02-26T16:04:54.335+0000] {dagbag.py:540} INFO - Filling up the DagBag from /home/airflow/.local/lib/python3.11/site-packages/airflow/example_dags/example_dag_decorator.py
[2024-02-26T16:04:54.397+0000] {processor.py:840} INFO - DAG(s) 'example_dag_decorator' retrieved from /home/airflow/.local/lib/python3.11/site-packages/airflow/example_dags/example_dag_decorator.py
[2024-02-26T16:04:54.417+0000] {logging_mixin.py:188} INFO - [2024-02-26T16:04:54.416+0000] {dag.py:3047} INFO - Sync 1 DAGs
[2024-02-26T16:04:54.428+0000] {logging_mixin.py:188} INFO - [2024-02-26T16:04:54.428+0000] {dag.py:3834} INFO - Setting next_dagrun for example_dag_decorator to None, run_after=None
[2024-02-26T16:04:54.442+0000] {processor.py:183} INFO - Processing /home/airflow/.local/lib/python3.11/site-packages/airflow/example_dags/example_dag_decorator.py took 0.116 seconds
[2024-02-26T16:05:25.076+0000] {processor.py:161} INFO - Started process (PID=8511) to work on /home/airflow/.local/lib/python3.11/site-packages/airflow/example_dags/example_dag_decorator.py
[2024-02-26T16:05:25.080+0000] {processor.py:830} INFO - Processing file /home/airflow/.local/lib/python3.11/site-packages/airflow/example_dags/example_dag_decorator.py for tasks to queue
[2024-02-26T16:05:25.083+0000] {logging_mixin.py:188} INFO - [2024-02-26T16:05:25.082+0000] {dagbag.py:540} INFO - Filling up the DagBag from /home/airflow/.local/lib/python3.11/site-packages/airflow/example_dags/example_dag_decorator.py
[2024-02-26T16:05:25.138+0000] {processor.py:840} INFO - DAG(s) 'example_dag_decorator' retrieved from /home/airflow/.local/lib/python3.11/site-packages/airflow/example_dags/example_dag_decorator.py
[2024-02-26T16:05:25.158+0000] {logging_mixin.py:188} INFO - [2024-02-26T16:05:25.158+0000] {dag.py:3047} INFO - Sync 1 DAGs
[2024-02-26T16:05:25.167+0000] {logging_mixin.py:188} INFO - [2024-02-26T16:05:25.167+0000] {dag.py:3834} INFO - Setting next_dagrun for example_dag_decorator to None, run_after=None
[2024-02-26T16:05:25.180+0000] {processor.py:183} INFO - Processing /home/airflow/.local/lib/python3.11/site-packages/airflow/example_dags/example_dag_decorator.py took 0.110 seconds
[2024-02-26T16:05:55.797+0000] {processor.py:161} INFO - Started process (PID=8758) to work on /home/airflow/.local/lib/python3.11/site-packages/airflow/example_dags/example_dag_decorator.py
[2024-02-26T16:05:55.800+0000] {processor.py:830} INFO - Processing file /home/airflow/.local/lib/python3.11/site-packages/airflow/example_dags/example_dag_decorator.py for tasks to queue
[2024-02-26T16:05:55.804+0000] {logging_mixin.py:188} INFO - [2024-02-26T16:05:55.803+0000] {dagbag.py:540} INFO - Filling up the DagBag from /home/airflow/.local/lib/python3.11/site-packages/airflow/example_dags/example_dag_decorator.py
[2024-02-26T16:05:55.862+0000] {processor.py:840} INFO - DAG(s) 'example_dag_decorator' retrieved from /home/airflow/.local/lib/python3.11/site-packages/airflow/example_dags/example_dag_decorator.py
[2024-02-26T16:05:55.934+0000] {logging_mixin.py:188} INFO - [2024-02-26T16:05:55.934+0000] {dag.py:3047} INFO - Sync 1 DAGs
[2024-02-26T16:05:55.942+0000] {logging_mixin.py:188} INFO - [2024-02-26T16:05:55.941+0000] {dag.py:3834} INFO - Setting next_dagrun for example_dag_decorator to None, run_after=None
[2024-02-26T16:05:55.953+0000] {processor.py:183} INFO - Processing /home/airflow/.local/lib/python3.11/site-packages/airflow/example_dags/example_dag_decorator.py took 0.162 seconds
[2024-02-26T16:06:26.682+0000] {processor.py:161} INFO - Started process (PID=9005) to work on /home/airflow/.local/lib/python3.11/site-packages/airflow/example_dags/example_dag_decorator.py
[2024-02-26T16:06:26.685+0000] {processor.py:830} INFO - Processing file /home/airflow/.local/lib/python3.11/site-packages/airflow/example_dags/example_dag_decorator.py for tasks to queue
[2024-02-26T16:06:26.688+0000] {logging_mixin.py:188} INFO - [2024-02-26T16:06:26.688+0000] {dagbag.py:540} INFO - Filling up the DagBag from /home/airflow/.local/lib/python3.11/site-packages/airflow/example_dags/example_dag_decorator.py
[2024-02-26T16:06:26.749+0000] {processor.py:840} INFO - DAG(s) 'example_dag_decorator' retrieved from /home/airflow/.local/lib/python3.11/site-packages/airflow/example_dags/example_dag_decorator.py
[2024-02-26T16:06:26.823+0000] {logging_mixin.py:188} INFO - [2024-02-26T16:06:26.823+0000] {dag.py:3047} INFO - Sync 1 DAGs
[2024-02-26T16:06:26.830+0000] {logging_mixin.py:188} INFO - [2024-02-26T16:06:26.830+0000] {dag.py:3834} INFO - Setting next_dagrun for example_dag_decorator to None, run_after=None
[2024-02-26T16:06:26.841+0000] {processor.py:183} INFO - Processing /home/airflow/.local/lib/python3.11/site-packages/airflow/example_dags/example_dag_decorator.py took 0.165 seconds
[2024-02-26T16:06:57.543+0000] {processor.py:161} INFO - Started process (PID=9252) to work on /home/airflow/.local/lib/python3.11/site-packages/airflow/example_dags/example_dag_decorator.py
[2024-02-26T16:06:57.546+0000] {processor.py:830} INFO - Processing file /home/airflow/.local/lib/python3.11/site-packages/airflow/example_dags/example_dag_decorator.py for tasks to queue
[2024-02-26T16:06:57.548+0000] {logging_mixin.py:188} INFO - [2024-02-26T16:06:57.548+0000] {dagbag.py:540} INFO - Filling up the DagBag from /home/airflow/.local/lib/python3.11/site-packages/airflow/example_dags/example_dag_decorator.py
[2024-02-26T16:06:57.604+0000] {processor.py:840} INFO - DAG(s) 'example_dag_decorator' retrieved from /home/airflow/.local/lib/python3.11/site-packages/airflow/example_dags/example_dag_decorator.py
[2024-02-26T16:06:57.667+0000] {logging_mixin.py:188} INFO - [2024-02-26T16:06:57.667+0000] {dag.py:3047} INFO - Sync 1 DAGs
[2024-02-26T16:06:57.676+0000] {logging_mixin.py:188} INFO - [2024-02-26T16:06:57.676+0000] {dag.py:3834} INFO - Setting next_dagrun for example_dag_decorator to None, run_after=None
[2024-02-26T16:06:57.688+0000] {processor.py:183} INFO - Processing /home/airflow/.local/lib/python3.11/site-packages/airflow/example_dags/example_dag_decorator.py took 0.150 seconds
[2024-02-26T16:07:27.772+0000] {processor.py:161} INFO - Started process (PID=9504) to work on /home/airflow/.local/lib/python3.11/site-packages/airflow/example_dags/example_dag_decorator.py
[2024-02-26T16:07:27.773+0000] {processor.py:830} INFO - Processing file /home/airflow/.local/lib/python3.11/site-packages/airflow/example_dags/example_dag_decorator.py for tasks to queue
[2024-02-26T16:07:27.775+0000] {logging_mixin.py:188} INFO - [2024-02-26T16:07:27.775+0000] {dagbag.py:540} INFO - Filling up the DagBag from /home/airflow/.local/lib/python3.11/site-packages/airflow/example_dags/example_dag_decorator.py
[2024-02-26T16:07:27.831+0000] {processor.py:840} INFO - DAG(s) 'example_dag_decorator' retrieved from /home/airflow/.local/lib/python3.11/site-packages/airflow/example_dags/example_dag_decorator.py
[2024-02-26T16:07:27.919+0000] {logging_mixin.py:188} INFO - [2024-02-26T16:07:27.919+0000] {dag.py:3047} INFO - Sync 1 DAGs
[2024-02-26T16:07:27.931+0000] {logging_mixin.py:188} INFO - [2024-02-26T16:07:27.931+0000] {dag.py:3834} INFO - Setting next_dagrun for example_dag_decorator to None, run_after=None
[2024-02-26T16:07:27.944+0000] {processor.py:183} INFO - Processing /home/airflow/.local/lib/python3.11/site-packages/airflow/example_dags/example_dag_decorator.py took 0.175 seconds
[2024-02-26T16:07:58.007+0000] {processor.py:161} INFO - Started process (PID=9762) to work on /home/airflow/.local/lib/python3.11/site-packages/airflow/example_dags/example_dag_decorator.py
[2024-02-26T16:07:58.008+0000] {processor.py:830} INFO - Processing file /home/airflow/.local/lib/python3.11/site-packages/airflow/example_dags/example_dag_decorator.py for tasks to queue
[2024-02-26T16:07:58.011+0000] {logging_mixin.py:188} INFO - [2024-02-26T16:07:58.010+0000] {dagbag.py:540} INFO - Filling up the DagBag from /home/airflow/.local/lib/python3.11/site-packages/airflow/example_dags/example_dag_decorator.py
[2024-02-26T16:07:58.054+0000] {processor.py:840} INFO - DAG(s) 'example_dag_decorator' retrieved from /home/airflow/.local/lib/python3.11/site-packages/airflow/example_dags/example_dag_decorator.py
[2024-02-26T16:07:58.115+0000] {logging_mixin.py:188} INFO - [2024-02-26T16:07:58.115+0000] {dag.py:3047} INFO - Sync 1 DAGs
[2024-02-26T16:07:58.121+0000] {logging_mixin.py:188} INFO - [2024-02-26T16:07:58.121+0000] {dag.py:3834} INFO - Setting next_dagrun for example_dag_decorator to None, run_after=None
[2024-02-26T16:07:58.132+0000] {processor.py:183} INFO - Processing /home/airflow/.local/lib/python3.11/site-packages/airflow/example_dags/example_dag_decorator.py took 0.128 seconds
[2024-02-26T16:08:29.181+0000] {processor.py:161} INFO - Started process (PID=10009) to work on /home/airflow/.local/lib/python3.11/site-packages/airflow/example_dags/example_dag_decorator.py
[2024-02-26T16:08:29.184+0000] {processor.py:830} INFO - Processing file /home/airflow/.local/lib/python3.11/site-packages/airflow/example_dags/example_dag_decorator.py for tasks to queue
[2024-02-26T16:08:29.186+0000] {logging_mixin.py:188} INFO - [2024-02-26T16:08:29.186+0000] {dagbag.py:540} INFO - Filling up the DagBag from /home/airflow/.local/lib/python3.11/site-packages/airflow/example_dags/example_dag_decorator.py
[2024-02-26T16:08:29.246+0000] {processor.py:840} INFO - DAG(s) 'example_dag_decorator' retrieved from /home/airflow/.local/lib/python3.11/site-packages/airflow/example_dags/example_dag_decorator.py
[2024-02-26T16:08:29.309+0000] {logging_mixin.py:188} INFO - [2024-02-26T16:08:29.308+0000] {dag.py:3047} INFO - Sync 1 DAGs
[2024-02-26T16:08:29.316+0000] {logging_mixin.py:188} INFO - [2024-02-26T16:08:29.315+0000] {dag.py:3834} INFO - Setting next_dagrun for example_dag_decorator to None, run_after=None
[2024-02-26T16:08:29.327+0000] {processor.py:183} INFO - Processing /home/airflow/.local/lib/python3.11/site-packages/airflow/example_dags/example_dag_decorator.py took 0.152 seconds
[2024-02-26T16:08:59.609+0000] {processor.py:161} INFO - Started process (PID=10256) to work on /home/airflow/.local/lib/python3.11/site-packages/airflow/example_dags/example_dag_decorator.py
[2024-02-26T16:08:59.616+0000] {processor.py:830} INFO - Processing file /home/airflow/.local/lib/python3.11/site-packages/airflow/example_dags/example_dag_decorator.py for tasks to queue
[2024-02-26T16:08:59.619+0000] {logging_mixin.py:188} INFO - [2024-02-26T16:08:59.618+0000] {dagbag.py:540} INFO - Filling up the DagBag from /home/airflow/.local/lib/python3.11/site-packages/airflow/example_dags/example_dag_decorator.py
[2024-02-26T16:08:59.685+0000] {processor.py:840} INFO - DAG(s) 'example_dag_decorator' retrieved from /home/airflow/.local/lib/python3.11/site-packages/airflow/example_dags/example_dag_decorator.py
[2024-02-26T16:08:59.761+0000] {logging_mixin.py:188} INFO - [2024-02-26T16:08:59.761+0000] {dag.py:3047} INFO - Sync 1 DAGs
[2024-02-26T16:08:59.770+0000] {logging_mixin.py:188} INFO - [2024-02-26T16:08:59.770+0000] {dag.py:3834} INFO - Setting next_dagrun for example_dag_decorator to None, run_after=None
[2024-02-26T16:08:59.784+0000] {processor.py:183} INFO - Processing /home/airflow/.local/lib/python3.11/site-packages/airflow/example_dags/example_dag_decorator.py took 0.182 seconds
[2024-02-26T16:09:29.884+0000] {processor.py:161} INFO - Started process (PID=10508) to work on /home/airflow/.local/lib/python3.11/site-packages/airflow/example_dags/example_dag_decorator.py
[2024-02-26T16:09:29.886+0000] {processor.py:830} INFO - Processing file /home/airflow/.local/lib/python3.11/site-packages/airflow/example_dags/example_dag_decorator.py for tasks to queue
[2024-02-26T16:09:29.888+0000] {logging_mixin.py:188} INFO - [2024-02-26T16:09:29.888+0000] {dagbag.py:540} INFO - Filling up the DagBag from /home/airflow/.local/lib/python3.11/site-packages/airflow/example_dags/example_dag_decorator.py
[2024-02-26T16:09:29.943+0000] {processor.py:840} INFO - DAG(s) 'example_dag_decorator' retrieved from /home/airflow/.local/lib/python3.11/site-packages/airflow/example_dags/example_dag_decorator.py
[2024-02-26T16:09:30.018+0000] {logging_mixin.py:188} INFO - [2024-02-26T16:09:30.018+0000] {dag.py:3047} INFO - Sync 1 DAGs
[2024-02-26T16:09:30.026+0000] {logging_mixin.py:188} INFO - [2024-02-26T16:09:30.026+0000] {dag.py:3834} INFO - Setting next_dagrun for example_dag_decorator to None, run_after=None
[2024-02-26T16:09:30.041+0000] {processor.py:183} INFO - Processing /home/airflow/.local/lib/python3.11/site-packages/airflow/example_dags/example_dag_decorator.py took 0.160 seconds
[2024-02-26T16:10:00.084+0000] {processor.py:161} INFO - Started process (PID=10760) to work on /home/airflow/.local/lib/python3.11/site-packages/airflow/example_dags/example_dag_decorator.py
[2024-02-26T16:10:00.086+0000] {processor.py:830} INFO - Processing file /home/airflow/.local/lib/python3.11/site-packages/airflow/example_dags/example_dag_decorator.py for tasks to queue
[2024-02-26T16:10:00.088+0000] {logging_mixin.py:188} INFO - [2024-02-26T16:10:00.087+0000] {dagbag.py:540} INFO - Filling up the DagBag from /home/airflow/.local/lib/python3.11/site-packages/airflow/example_dags/example_dag_decorator.py
[2024-02-26T16:10:00.140+0000] {processor.py:840} INFO - DAG(s) 'example_dag_decorator' retrieved from /home/airflow/.local/lib/python3.11/site-packages/airflow/example_dags/example_dag_decorator.py
[2024-02-26T16:10:00.205+0000] {logging_mixin.py:188} INFO - [2024-02-26T16:10:00.205+0000] {dag.py:3047} INFO - Sync 1 DAGs
[2024-02-26T16:10:00.212+0000] {logging_mixin.py:188} INFO - [2024-02-26T16:10:00.212+0000] {dag.py:3834} INFO - Setting next_dagrun for example_dag_decorator to None, run_after=None
[2024-02-26T16:10:00.224+0000] {processor.py:183} INFO - Processing /home/airflow/.local/lib/python3.11/site-packages/airflow/example_dags/example_dag_decorator.py took 0.146 seconds
[2024-02-26T16:10:30.308+0000] {processor.py:161} INFO - Started process (PID=11012) to work on /home/airflow/.local/lib/python3.11/site-packages/airflow/example_dags/example_dag_decorator.py
[2024-02-26T16:10:30.310+0000] {processor.py:830} INFO - Processing file /home/airflow/.local/lib/python3.11/site-packages/airflow/example_dags/example_dag_decorator.py for tasks to queue
[2024-02-26T16:10:30.311+0000] {logging_mixin.py:188} INFO - [2024-02-26T16:10:30.311+0000] {dagbag.py:540} INFO - Filling up the DagBag from /home/airflow/.local/lib/python3.11/site-packages/airflow/example_dags/example_dag_decorator.py
[2024-02-26T16:10:30.366+0000] {processor.py:840} INFO - DAG(s) 'example_dag_decorator' retrieved from /home/airflow/.local/lib/python3.11/site-packages/airflow/example_dags/example_dag_decorator.py
[2024-02-26T16:10:30.434+0000] {logging_mixin.py:188} INFO - [2024-02-26T16:10:30.433+0000] {dag.py:3047} INFO - Sync 1 DAGs
[2024-02-26T16:10:30.441+0000] {logging_mixin.py:188} INFO - [2024-02-26T16:10:30.441+0000] {dag.py:3834} INFO - Setting next_dagrun for example_dag_decorator to None, run_after=None
[2024-02-26T16:10:30.453+0000] {processor.py:183} INFO - Processing /home/airflow/.local/lib/python3.11/site-packages/airflow/example_dags/example_dag_decorator.py took 0.148 seconds
[2024-02-26T16:11:00.524+0000] {processor.py:161} INFO - Started process (PID=11244) to work on /home/airflow/.local/lib/python3.11/site-packages/airflow/example_dags/example_dag_decorator.py
[2024-02-26T16:11:00.528+0000] {processor.py:830} INFO - Processing file /home/airflow/.local/lib/python3.11/site-packages/airflow/example_dags/example_dag_decorator.py for tasks to queue
[2024-02-26T16:11:00.531+0000] {logging_mixin.py:188} INFO - [2024-02-26T16:11:00.530+0000] {dagbag.py:540} INFO - Filling up the DagBag from /home/airflow/.local/lib/python3.11/site-packages/airflow/example_dags/example_dag_decorator.py
[2024-02-26T16:11:00.588+0000] {processor.py:840} INFO - DAG(s) 'example_dag_decorator' retrieved from /home/airflow/.local/lib/python3.11/site-packages/airflow/example_dags/example_dag_decorator.py
[2024-02-26T16:11:00.660+0000] {logging_mixin.py:188} INFO - [2024-02-26T16:11:00.660+0000] {dag.py:3047} INFO - Sync 1 DAGs
[2024-02-26T16:11:00.667+0000] {logging_mixin.py:188} INFO - [2024-02-26T16:11:00.667+0000] {dag.py:3834} INFO - Setting next_dagrun for example_dag_decorator to None, run_after=None
[2024-02-26T16:11:00.680+0000] {processor.py:183} INFO - Processing /home/airflow/.local/lib/python3.11/site-packages/airflow/example_dags/example_dag_decorator.py took 0.161 seconds
[2024-02-26T16:11:30.763+0000] {processor.py:161} INFO - Started process (PID=11496) to work on /home/airflow/.local/lib/python3.11/site-packages/airflow/example_dags/example_dag_decorator.py
[2024-02-26T16:11:30.765+0000] {processor.py:830} INFO - Processing file /home/airflow/.local/lib/python3.11/site-packages/airflow/example_dags/example_dag_decorator.py for tasks to queue
[2024-02-26T16:11:30.766+0000] {logging_mixin.py:188} INFO - [2024-02-26T16:11:30.766+0000] {dagbag.py:540} INFO - Filling up the DagBag from /home/airflow/.local/lib/python3.11/site-packages/airflow/example_dags/example_dag_decorator.py
[2024-02-26T16:11:30.821+0000] {processor.py:840} INFO - DAG(s) 'example_dag_decorator' retrieved from /home/airflow/.local/lib/python3.11/site-packages/airflow/example_dags/example_dag_decorator.py
[2024-02-26T16:11:30.892+0000] {logging_mixin.py:188} INFO - [2024-02-26T16:11:30.892+0000] {dag.py:3047} INFO - Sync 1 DAGs
[2024-02-26T16:11:30.899+0000] {logging_mixin.py:188} INFO - [2024-02-26T16:11:30.899+0000] {dag.py:3834} INFO - Setting next_dagrun for example_dag_decorator to None, run_after=None
[2024-02-26T16:11:30.914+0000] {processor.py:183} INFO - Processing /home/airflow/.local/lib/python3.11/site-packages/airflow/example_dags/example_dag_decorator.py took 0.154 seconds
[2024-02-26T16:12:01.019+0000] {processor.py:161} INFO - Started process (PID=11748) to work on /home/airflow/.local/lib/python3.11/site-packages/airflow/example_dags/example_dag_decorator.py
[2024-02-26T16:12:01.020+0000] {processor.py:830} INFO - Processing file /home/airflow/.local/lib/python3.11/site-packages/airflow/example_dags/example_dag_decorator.py for tasks to queue
[2024-02-26T16:12:01.022+0000] {logging_mixin.py:188} INFO - [2024-02-26T16:12:01.022+0000] {dagbag.py:540} INFO - Filling up the DagBag from /home/airflow/.local/lib/python3.11/site-packages/airflow/example_dags/example_dag_decorator.py
[2024-02-26T16:12:01.073+0000] {processor.py:840} INFO - DAG(s) 'example_dag_decorator' retrieved from /home/airflow/.local/lib/python3.11/site-packages/airflow/example_dags/example_dag_decorator.py
[2024-02-26T16:12:01.136+0000] {logging_mixin.py:188} INFO - [2024-02-26T16:12:01.135+0000] {dag.py:3047} INFO - Sync 1 DAGs
[2024-02-26T16:12:01.142+0000] {logging_mixin.py:188} INFO - [2024-02-26T16:12:01.142+0000] {dag.py:3834} INFO - Setting next_dagrun for example_dag_decorator to None, run_after=None
[2024-02-26T16:12:01.158+0000] {processor.py:183} INFO - Processing /home/airflow/.local/lib/python3.11/site-packages/airflow/example_dags/example_dag_decorator.py took 0.141 seconds
[2024-02-26T16:12:31.235+0000] {processor.py:161} INFO - Started process (PID=12001) to work on /home/airflow/.local/lib/python3.11/site-packages/airflow/example_dags/example_dag_decorator.py
[2024-02-26T16:12:31.240+0000] {processor.py:830} INFO - Processing file /home/airflow/.local/lib/python3.11/site-packages/airflow/example_dags/example_dag_decorator.py for tasks to queue
[2024-02-26T16:12:31.241+0000] {logging_mixin.py:188} INFO - [2024-02-26T16:12:31.241+0000] {dagbag.py:540} INFO - Filling up the DagBag from /home/airflow/.local/lib/python3.11/site-packages/airflow/example_dags/example_dag_decorator.py
[2024-02-26T16:12:31.290+0000] {processor.py:840} INFO - DAG(s) 'example_dag_decorator' retrieved from /home/airflow/.local/lib/python3.11/site-packages/airflow/example_dags/example_dag_decorator.py
[2024-02-26T16:12:31.352+0000] {logging_mixin.py:188} INFO - [2024-02-26T16:12:31.352+0000] {dag.py:3047} INFO - Sync 1 DAGs
[2024-02-26T16:12:31.360+0000] {logging_mixin.py:188} INFO - [2024-02-26T16:12:31.360+0000] {dag.py:3834} INFO - Setting next_dagrun for example_dag_decorator to None, run_after=None
[2024-02-26T16:12:31.374+0000] {processor.py:183} INFO - Processing /home/airflow/.local/lib/python3.11/site-packages/airflow/example_dags/example_dag_decorator.py took 0.141 seconds
[2024-02-26T16:13:01.442+0000] {processor.py:161} INFO - Started process (PID=12253) to work on /home/airflow/.local/lib/python3.11/site-packages/airflow/example_dags/example_dag_decorator.py
[2024-02-26T16:13:01.444+0000] {processor.py:830} INFO - Processing file /home/airflow/.local/lib/python3.11/site-packages/airflow/example_dags/example_dag_decorator.py for tasks to queue
[2024-02-26T16:13:01.445+0000] {logging_mixin.py:188} INFO - [2024-02-26T16:13:01.445+0000] {dagbag.py:540} INFO - Filling up the DagBag from /home/airflow/.local/lib/python3.11/site-packages/airflow/example_dags/example_dag_decorator.py
[2024-02-26T16:13:01.494+0000] {processor.py:840} INFO - DAG(s) 'example_dag_decorator' retrieved from /home/airflow/.local/lib/python3.11/site-packages/airflow/example_dags/example_dag_decorator.py
[2024-02-26T16:13:01.558+0000] {logging_mixin.py:188} INFO - [2024-02-26T16:13:01.557+0000] {dag.py:3047} INFO - Sync 1 DAGs
[2024-02-26T16:13:01.566+0000] {logging_mixin.py:188} INFO - [2024-02-26T16:13:01.566+0000] {dag.py:3834} INFO - Setting next_dagrun for example_dag_decorator to None, run_after=None
[2024-02-26T16:13:01.577+0000] {processor.py:183} INFO - Processing /home/airflow/.local/lib/python3.11/site-packages/airflow/example_dags/example_dag_decorator.py took 0.138 seconds
[2024-02-26T16:13:31.628+0000] {processor.py:161} INFO - Started process (PID=12506) to work on /home/airflow/.local/lib/python3.11/site-packages/airflow/example_dags/example_dag_decorator.py
[2024-02-26T16:13:31.630+0000] {processor.py:830} INFO - Processing file /home/airflow/.local/lib/python3.11/site-packages/airflow/example_dags/example_dag_decorator.py for tasks to queue
[2024-02-26T16:13:31.632+0000] {logging_mixin.py:188} INFO - [2024-02-26T16:13:31.631+0000] {dagbag.py:540} INFO - Filling up the DagBag from /home/airflow/.local/lib/python3.11/site-packages/airflow/example_dags/example_dag_decorator.py
[2024-02-26T16:13:31.685+0000] {processor.py:840} INFO - DAG(s) 'example_dag_decorator' retrieved from /home/airflow/.local/lib/python3.11/site-packages/airflow/example_dags/example_dag_decorator.py
[2024-02-26T16:13:31.755+0000] {logging_mixin.py:188} INFO - [2024-02-26T16:13:31.754+0000] {dag.py:3047} INFO - Sync 1 DAGs
[2024-02-26T16:13:31.761+0000] {logging_mixin.py:188} INFO - [2024-02-26T16:13:31.761+0000] {dag.py:3834} INFO - Setting next_dagrun for example_dag_decorator to None, run_after=None
[2024-02-26T16:13:31.776+0000] {processor.py:183} INFO - Processing /home/airflow/.local/lib/python3.11/site-packages/airflow/example_dags/example_dag_decorator.py took 0.151 seconds
[2024-02-26T16:14:01.861+0000] {processor.py:161} INFO - Started process (PID=12727) to work on /home/airflow/.local/lib/python3.11/site-packages/airflow/example_dags/example_dag_decorator.py
[2024-02-26T16:14:01.868+0000] {processor.py:830} INFO - Processing file /home/airflow/.local/lib/python3.11/site-packages/airflow/example_dags/example_dag_decorator.py for tasks to queue
[2024-02-26T16:14:01.871+0000] {logging_mixin.py:188} INFO - [2024-02-26T16:14:01.870+0000] {dagbag.py:540} INFO - Filling up the DagBag from /home/airflow/.local/lib/python3.11/site-packages/airflow/example_dags/example_dag_decorator.py
[2024-02-26T16:14:01.930+0000] {processor.py:840} INFO - DAG(s) 'example_dag_decorator' retrieved from /home/airflow/.local/lib/python3.11/site-packages/airflow/example_dags/example_dag_decorator.py
[2024-02-26T16:14:01.996+0000] {logging_mixin.py:188} INFO - [2024-02-26T16:14:01.996+0000] {dag.py:3047} INFO - Sync 1 DAGs
[2024-02-26T16:14:02.003+0000] {logging_mixin.py:188} INFO - [2024-02-26T16:14:02.003+0000] {dag.py:3834} INFO - Setting next_dagrun for example_dag_decorator to None, run_after=None
[2024-02-26T16:14:02.015+0000] {processor.py:183} INFO - Processing /home/airflow/.local/lib/python3.11/site-packages/airflow/example_dags/example_dag_decorator.py took 0.160 seconds
[2024-02-26T16:14:32.154+0000] {processor.py:161} INFO - Started process (PID=12979) to work on /home/airflow/.local/lib/python3.11/site-packages/airflow/example_dags/example_dag_decorator.py
[2024-02-26T16:14:32.156+0000] {processor.py:830} INFO - Processing file /home/airflow/.local/lib/python3.11/site-packages/airflow/example_dags/example_dag_decorator.py for tasks to queue
[2024-02-26T16:14:32.161+0000] {logging_mixin.py:188} INFO - [2024-02-26T16:14:32.160+0000] {dagbag.py:540} INFO - Filling up the DagBag from /home/airflow/.local/lib/python3.11/site-packages/airflow/example_dags/example_dag_decorator.py
[2024-02-26T16:14:32.213+0000] {processor.py:840} INFO - DAG(s) 'example_dag_decorator' retrieved from /home/airflow/.local/lib/python3.11/site-packages/airflow/example_dags/example_dag_decorator.py
[2024-02-26T16:14:32.283+0000] {logging_mixin.py:188} INFO - [2024-02-26T16:14:32.283+0000] {dag.py:3047} INFO - Sync 1 DAGs
[2024-02-26T16:14:32.290+0000] {logging_mixin.py:188} INFO - [2024-02-26T16:14:32.289+0000] {dag.py:3834} INFO - Setting next_dagrun for example_dag_decorator to None, run_after=None
[2024-02-26T16:14:32.303+0000] {processor.py:183} INFO - Processing /home/airflow/.local/lib/python3.11/site-packages/airflow/example_dags/example_dag_decorator.py took 0.154 seconds
