[2024-02-26T15:48:32.523+0000] {processor.py:161} INFO - Started process (PID=164) to work on /home/airflow/.local/lib/python3.11/site-packages/airflow/example_dags/example_python_decorator.py
[2024-02-26T15:48:32.527+0000] {processor.py:830} INFO - Processing file /home/airflow/.local/lib/python3.11/site-packages/airflow/example_dags/example_python_decorator.py for tasks to queue
[2024-02-26T15:48:32.530+0000] {logging_mixin.py:188} INFO - [2024-02-26T15:48:32.529+0000] {dagbag.py:540} INFO - Filling up the DagBag from /home/airflow/.local/lib/python3.11/site-packages/airflow/example_dags/example_python_decorator.py
[2024-02-26T15:48:32.557+0000] {processor.py:840} INFO - DAG(s) 'example_python_decorator' retrieved from /home/airflow/.local/lib/python3.11/site-packages/airflow/example_dags/example_python_decorator.py
[2024-02-26T15:48:32.584+0000] {logging_mixin.py:188} INFO - [2024-02-26T15:48:32.583+0000] {dag.py:3047} INFO - Sync 1 DAGs
[2024-02-26T15:48:32.596+0000] {logging_mixin.py:188} INFO - [2024-02-26T15:48:32.595+0000] {dag.py:3834} INFO - Setting next_dagrun for example_python_decorator to None, run_after=None
[2024-02-26T15:48:32.617+0000] {processor.py:183} INFO - Processing /home/airflow/.local/lib/python3.11/site-packages/airflow/example_dags/example_python_decorator.py took 0.098 seconds
[2024-02-26T15:49:02.819+0000] {processor.py:161} INFO - Started process (PID=411) to work on /home/airflow/.local/lib/python3.11/site-packages/airflow/example_dags/example_python_decorator.py
[2024-02-26T15:49:02.822+0000] {processor.py:830} INFO - Processing file /home/airflow/.local/lib/python3.11/site-packages/airflow/example_dags/example_python_decorator.py for tasks to queue
[2024-02-26T15:49:02.823+0000] {logging_mixin.py:188} INFO - [2024-02-26T15:49:02.823+0000] {dagbag.py:540} INFO - Filling up the DagBag from /home/airflow/.local/lib/python3.11/site-packages/airflow/example_dags/example_python_decorator.py
[2024-02-26T15:49:02.835+0000] {processor.py:840} INFO - DAG(s) 'example_python_decorator' retrieved from /home/airflow/.local/lib/python3.11/site-packages/airflow/example_dags/example_python_decorator.py
[2024-02-26T15:49:02.939+0000] {logging_mixin.py:188} INFO - [2024-02-26T15:49:02.939+0000] {dag.py:3047} INFO - Sync 1 DAGs
[2024-02-26T15:49:02.946+0000] {logging_mixin.py:188} INFO - [2024-02-26T15:49:02.946+0000] {dag.py:3834} INFO - Setting next_dagrun for example_python_decorator to None, run_after=None
[2024-02-26T15:49:02.958+0000] {processor.py:183} INFO - Processing /home/airflow/.local/lib/python3.11/site-packages/airflow/example_dags/example_python_decorator.py took 0.143 seconds
[2024-02-26T15:49:33.850+0000] {processor.py:161} INFO - Started process (PID=658) to work on /home/airflow/.local/lib/python3.11/site-packages/airflow/example_dags/example_python_decorator.py
[2024-02-26T15:49:33.853+0000] {processor.py:830} INFO - Processing file /home/airflow/.local/lib/python3.11/site-packages/airflow/example_dags/example_python_decorator.py for tasks to queue
[2024-02-26T15:49:33.855+0000] {logging_mixin.py:188} INFO - [2024-02-26T15:49:33.854+0000] {dagbag.py:540} INFO - Filling up the DagBag from /home/airflow/.local/lib/python3.11/site-packages/airflow/example_dags/example_python_decorator.py
[2024-02-26T15:49:33.870+0000] {processor.py:840} INFO - DAG(s) 'example_python_decorator' retrieved from /home/airflow/.local/lib/python3.11/site-packages/airflow/example_dags/example_python_decorator.py
[2024-02-26T15:49:33.891+0000] {logging_mixin.py:188} INFO - [2024-02-26T15:49:33.890+0000] {dag.py:3047} INFO - Sync 1 DAGs
[2024-02-26T15:49:33.899+0000] {logging_mixin.py:188} INFO - [2024-02-26T15:49:33.899+0000] {dag.py:3834} INFO - Setting next_dagrun for example_python_decorator to None, run_after=None
[2024-02-26T15:49:33.911+0000] {processor.py:183} INFO - Processing /home/airflow/.local/lib/python3.11/site-packages/airflow/example_dags/example_python_decorator.py took 0.068 seconds
[2024-02-26T15:50:04.481+0000] {processor.py:161} INFO - Started process (PID=906) to work on /home/airflow/.local/lib/python3.11/site-packages/airflow/example_dags/example_python_decorator.py
[2024-02-26T15:50:04.485+0000] {processor.py:830} INFO - Processing file /home/airflow/.local/lib/python3.11/site-packages/airflow/example_dags/example_python_decorator.py for tasks to queue
[2024-02-26T15:50:04.488+0000] {logging_mixin.py:188} INFO - [2024-02-26T15:50:04.487+0000] {dagbag.py:540} INFO - Filling up the DagBag from /home/airflow/.local/lib/python3.11/site-packages/airflow/example_dags/example_python_decorator.py
[2024-02-26T15:50:04.504+0000] {processor.py:840} INFO - DAG(s) 'example_python_decorator' retrieved from /home/airflow/.local/lib/python3.11/site-packages/airflow/example_dags/example_python_decorator.py
[2024-02-26T15:50:04.525+0000] {logging_mixin.py:188} INFO - [2024-02-26T15:50:04.525+0000] {dag.py:3047} INFO - Sync 1 DAGs
[2024-02-26T15:50:04.533+0000] {logging_mixin.py:188} INFO - [2024-02-26T15:50:04.533+0000] {dag.py:3834} INFO - Setting next_dagrun for example_python_decorator to None, run_after=None
[2024-02-26T15:50:04.547+0000] {processor.py:183} INFO - Processing /home/airflow/.local/lib/python3.11/site-packages/airflow/example_dags/example_python_decorator.py took 0.070 seconds
[2024-02-26T15:50:35.355+0000] {processor.py:161} INFO - Started process (PID=1152) to work on /home/airflow/.local/lib/python3.11/site-packages/airflow/example_dags/example_python_decorator.py
[2024-02-26T15:50:35.357+0000] {processor.py:830} INFO - Processing file /home/airflow/.local/lib/python3.11/site-packages/airflow/example_dags/example_python_decorator.py for tasks to queue
[2024-02-26T15:50:35.360+0000] {logging_mixin.py:188} INFO - [2024-02-26T15:50:35.359+0000] {dagbag.py:540} INFO - Filling up the DagBag from /home/airflow/.local/lib/python3.11/site-packages/airflow/example_dags/example_python_decorator.py
[2024-02-26T15:50:35.373+0000] {processor.py:840} INFO - DAG(s) 'example_python_decorator' retrieved from /home/airflow/.local/lib/python3.11/site-packages/airflow/example_dags/example_python_decorator.py
[2024-02-26T15:50:35.394+0000] {logging_mixin.py:188} INFO - [2024-02-26T15:50:35.394+0000] {dag.py:3047} INFO - Sync 1 DAGs
[2024-02-26T15:50:35.407+0000] {logging_mixin.py:188} INFO - [2024-02-26T15:50:35.407+0000] {dag.py:3834} INFO - Setting next_dagrun for example_python_decorator to None, run_after=None
[2024-02-26T15:50:35.422+0000] {processor.py:183} INFO - Processing /home/airflow/.local/lib/python3.11/site-packages/airflow/example_dags/example_python_decorator.py took 0.072 seconds
[2024-02-26T15:51:05.541+0000] {processor.py:161} INFO - Started process (PID=1399) to work on /home/airflow/.local/lib/python3.11/site-packages/airflow/example_dags/example_python_decorator.py
[2024-02-26T15:51:05.543+0000] {processor.py:830} INFO - Processing file /home/airflow/.local/lib/python3.11/site-packages/airflow/example_dags/example_python_decorator.py for tasks to queue
[2024-02-26T15:51:05.546+0000] {logging_mixin.py:188} INFO - [2024-02-26T15:51:05.545+0000] {dagbag.py:540} INFO - Filling up the DagBag from /home/airflow/.local/lib/python3.11/site-packages/airflow/example_dags/example_python_decorator.py
[2024-02-26T15:51:05.559+0000] {processor.py:840} INFO - DAG(s) 'example_python_decorator' retrieved from /home/airflow/.local/lib/python3.11/site-packages/airflow/example_dags/example_python_decorator.py
[2024-02-26T15:51:05.584+0000] {logging_mixin.py:188} INFO - [2024-02-26T15:51:05.584+0000] {dag.py:3047} INFO - Sync 1 DAGs
[2024-02-26T15:51:05.593+0000] {logging_mixin.py:188} INFO - [2024-02-26T15:51:05.593+0000] {dag.py:3834} INFO - Setting next_dagrun for example_python_decorator to None, run_after=None
[2024-02-26T15:51:05.612+0000] {processor.py:183} INFO - Processing /home/airflow/.local/lib/python3.11/site-packages/airflow/example_dags/example_python_decorator.py took 0.074 seconds
[2024-02-26T15:51:36.300+0000] {processor.py:161} INFO - Started process (PID=1646) to work on /home/airflow/.local/lib/python3.11/site-packages/airflow/example_dags/example_python_decorator.py
[2024-02-26T15:51:36.303+0000] {processor.py:830} INFO - Processing file /home/airflow/.local/lib/python3.11/site-packages/airflow/example_dags/example_python_decorator.py for tasks to queue
[2024-02-26T15:51:36.306+0000] {logging_mixin.py:188} INFO - [2024-02-26T15:51:36.305+0000] {dagbag.py:540} INFO - Filling up the DagBag from /home/airflow/.local/lib/python3.11/site-packages/airflow/example_dags/example_python_decorator.py
[2024-02-26T15:51:36.320+0000] {processor.py:840} INFO - DAG(s) 'example_python_decorator' retrieved from /home/airflow/.local/lib/python3.11/site-packages/airflow/example_dags/example_python_decorator.py
[2024-02-26T15:51:36.343+0000] {logging_mixin.py:188} INFO - [2024-02-26T15:51:36.343+0000] {dag.py:3047} INFO - Sync 1 DAGs
[2024-02-26T15:51:36.354+0000] {logging_mixin.py:188} INFO - [2024-02-26T15:51:36.354+0000] {dag.py:3834} INFO - Setting next_dagrun for example_python_decorator to None, run_after=None
[2024-02-26T15:51:36.368+0000] {processor.py:183} INFO - Processing /home/airflow/.local/lib/python3.11/site-packages/airflow/example_dags/example_python_decorator.py took 0.072 seconds
[2024-02-26T15:52:07.199+0000] {processor.py:161} INFO - Started process (PID=1941) to work on /home/airflow/.local/lib/python3.11/site-packages/airflow/example_dags/example_python_decorator.py
[2024-02-26T15:52:07.203+0000] {processor.py:830} INFO - Processing file /home/airflow/.local/lib/python3.11/site-packages/airflow/example_dags/example_python_decorator.py for tasks to queue
[2024-02-26T15:52:07.205+0000] {logging_mixin.py:188} INFO - [2024-02-26T15:52:07.204+0000] {dagbag.py:540} INFO - Filling up the DagBag from /home/airflow/.local/lib/python3.11/site-packages/airflow/example_dags/example_python_decorator.py
[2024-02-26T15:52:07.218+0000] {processor.py:840} INFO - DAG(s) 'example_python_decorator' retrieved from /home/airflow/.local/lib/python3.11/site-packages/airflow/example_dags/example_python_decorator.py
[2024-02-26T15:52:07.237+0000] {logging_mixin.py:188} INFO - [2024-02-26T15:52:07.236+0000] {dag.py:3047} INFO - Sync 1 DAGs
[2024-02-26T15:52:07.246+0000] {logging_mixin.py:188} INFO - [2024-02-26T15:52:07.246+0000] {dag.py:3834} INFO - Setting next_dagrun for example_python_decorator to None, run_after=None
[2024-02-26T15:52:07.259+0000] {processor.py:183} INFO - Processing /home/airflow/.local/lib/python3.11/site-packages/airflow/example_dags/example_python_decorator.py took 0.064 seconds
[2024-02-26T15:52:37.756+0000] {processor.py:161} INFO - Started process (PID=2212) to work on /home/airflow/.local/lib/python3.11/site-packages/airflow/example_dags/example_python_decorator.py
[2024-02-26T15:52:37.759+0000] {processor.py:830} INFO - Processing file /home/airflow/.local/lib/python3.11/site-packages/airflow/example_dags/example_python_decorator.py for tasks to queue
[2024-02-26T15:52:37.760+0000] {logging_mixin.py:188} INFO - [2024-02-26T15:52:37.760+0000] {dagbag.py:540} INFO - Filling up the DagBag from /home/airflow/.local/lib/python3.11/site-packages/airflow/example_dags/example_python_decorator.py
[2024-02-26T15:52:37.779+0000] {processor.py:840} INFO - DAG(s) 'example_python_decorator' retrieved from /home/airflow/.local/lib/python3.11/site-packages/airflow/example_dags/example_python_decorator.py
[2024-02-26T15:52:37.804+0000] {logging_mixin.py:188} INFO - [2024-02-26T15:52:37.804+0000] {dag.py:3047} INFO - Sync 1 DAGs
[2024-02-26T15:52:37.815+0000] {logging_mixin.py:188} INFO - [2024-02-26T15:52:37.815+0000] {dag.py:3834} INFO - Setting next_dagrun for example_python_decorator to None, run_after=None
[2024-02-26T15:52:37.832+0000] {processor.py:183} INFO - Processing /home/airflow/.local/lib/python3.11/site-packages/airflow/example_dags/example_python_decorator.py took 0.082 seconds
[2024-02-26T15:53:08.521+0000] {processor.py:161} INFO - Started process (PID=2459) to work on /home/airflow/.local/lib/python3.11/site-packages/airflow/example_dags/example_python_decorator.py
[2024-02-26T15:53:08.522+0000] {processor.py:830} INFO - Processing file /home/airflow/.local/lib/python3.11/site-packages/airflow/example_dags/example_python_decorator.py for tasks to queue
[2024-02-26T15:53:08.525+0000] {logging_mixin.py:188} INFO - [2024-02-26T15:53:08.524+0000] {dagbag.py:540} INFO - Filling up the DagBag from /home/airflow/.local/lib/python3.11/site-packages/airflow/example_dags/example_python_decorator.py
[2024-02-26T15:53:08.544+0000] {processor.py:840} INFO - DAG(s) 'example_python_decorator' retrieved from /home/airflow/.local/lib/python3.11/site-packages/airflow/example_dags/example_python_decorator.py
[2024-02-26T15:53:08.565+0000] {logging_mixin.py:188} INFO - [2024-02-26T15:53:08.565+0000] {dag.py:3047} INFO - Sync 1 DAGs
[2024-02-26T15:53:08.576+0000] {logging_mixin.py:188} INFO - [2024-02-26T15:53:08.576+0000] {dag.py:3834} INFO - Setting next_dagrun for example_python_decorator to None, run_after=None
[2024-02-26T15:53:08.587+0000] {processor.py:183} INFO - Processing /home/airflow/.local/lib/python3.11/site-packages/airflow/example_dags/example_python_decorator.py took 0.074 seconds
[2024-02-26T15:53:39.384+0000] {processor.py:161} INFO - Started process (PID=2706) to work on /home/airflow/.local/lib/python3.11/site-packages/airflow/example_dags/example_python_decorator.py
[2024-02-26T15:53:39.386+0000] {processor.py:830} INFO - Processing file /home/airflow/.local/lib/python3.11/site-packages/airflow/example_dags/example_python_decorator.py for tasks to queue
[2024-02-26T15:53:39.389+0000] {logging_mixin.py:188} INFO - [2024-02-26T15:53:39.388+0000] {dagbag.py:540} INFO - Filling up the DagBag from /home/airflow/.local/lib/python3.11/site-packages/airflow/example_dags/example_python_decorator.py
[2024-02-26T15:53:39.402+0000] {processor.py:840} INFO - DAG(s) 'example_python_decorator' retrieved from /home/airflow/.local/lib/python3.11/site-packages/airflow/example_dags/example_python_decorator.py
[2024-02-26T15:53:39.421+0000] {logging_mixin.py:188} INFO - [2024-02-26T15:53:39.420+0000] {dag.py:3047} INFO - Sync 1 DAGs
[2024-02-26T15:53:39.429+0000] {logging_mixin.py:188} INFO - [2024-02-26T15:53:39.429+0000] {dag.py:3834} INFO - Setting next_dagrun for example_python_decorator to None, run_after=None
[2024-02-26T15:53:39.442+0000] {processor.py:183} INFO - Processing /home/airflow/.local/lib/python3.11/site-packages/airflow/example_dags/example_python_decorator.py took 0.062 seconds
[2024-02-26T15:54:10.153+0000] {processor.py:161} INFO - Started process (PID=2953) to work on /home/airflow/.local/lib/python3.11/site-packages/airflow/example_dags/example_python_decorator.py
[2024-02-26T15:54:10.155+0000] {processor.py:830} INFO - Processing file /home/airflow/.local/lib/python3.11/site-packages/airflow/example_dags/example_python_decorator.py for tasks to queue
[2024-02-26T15:54:10.157+0000] {logging_mixin.py:188} INFO - [2024-02-26T15:54:10.156+0000] {dagbag.py:540} INFO - Filling up the DagBag from /home/airflow/.local/lib/python3.11/site-packages/airflow/example_dags/example_python_decorator.py
[2024-02-26T15:54:10.170+0000] {processor.py:840} INFO - DAG(s) 'example_python_decorator' retrieved from /home/airflow/.local/lib/python3.11/site-packages/airflow/example_dags/example_python_decorator.py
[2024-02-26T15:54:10.189+0000] {logging_mixin.py:188} INFO - [2024-02-26T15:54:10.189+0000] {dag.py:3047} INFO - Sync 1 DAGs
[2024-02-26T15:54:10.197+0000] {logging_mixin.py:188} INFO - [2024-02-26T15:54:10.197+0000] {dag.py:3834} INFO - Setting next_dagrun for example_python_decorator to None, run_after=None
[2024-02-26T15:54:10.212+0000] {processor.py:183} INFO - Processing /home/airflow/.local/lib/python3.11/site-packages/airflow/example_dags/example_python_decorator.py took 0.063 seconds
[2024-02-26T15:54:40.936+0000] {processor.py:161} INFO - Started process (PID=3200) to work on /home/airflow/.local/lib/python3.11/site-packages/airflow/example_dags/example_python_decorator.py
[2024-02-26T15:54:40.938+0000] {processor.py:830} INFO - Processing file /home/airflow/.local/lib/python3.11/site-packages/airflow/example_dags/example_python_decorator.py for tasks to queue
[2024-02-26T15:54:40.940+0000] {logging_mixin.py:188} INFO - [2024-02-26T15:54:40.940+0000] {dagbag.py:540} INFO - Filling up the DagBag from /home/airflow/.local/lib/python3.11/site-packages/airflow/example_dags/example_python_decorator.py
[2024-02-26T15:54:40.953+0000] {processor.py:840} INFO - DAG(s) 'example_python_decorator' retrieved from /home/airflow/.local/lib/python3.11/site-packages/airflow/example_dags/example_python_decorator.py
[2024-02-26T15:54:40.971+0000] {logging_mixin.py:188} INFO - [2024-02-26T15:54:40.971+0000] {dag.py:3047} INFO - Sync 1 DAGs
[2024-02-26T15:54:40.981+0000] {logging_mixin.py:188} INFO - [2024-02-26T15:54:40.981+0000] {dag.py:3834} INFO - Setting next_dagrun for example_python_decorator to None, run_after=None
[2024-02-26T15:54:40.993+0000] {processor.py:183} INFO - Processing /home/airflow/.local/lib/python3.11/site-packages/airflow/example_dags/example_python_decorator.py took 0.060 seconds
[2024-02-26T15:55:11.794+0000] {processor.py:161} INFO - Started process (PID=3446) to work on /home/airflow/.local/lib/python3.11/site-packages/airflow/example_dags/example_python_decorator.py
[2024-02-26T15:55:11.796+0000] {processor.py:830} INFO - Processing file /home/airflow/.local/lib/python3.11/site-packages/airflow/example_dags/example_python_decorator.py for tasks to queue
[2024-02-26T15:55:11.797+0000] {logging_mixin.py:188} INFO - [2024-02-26T15:55:11.797+0000] {dagbag.py:540} INFO - Filling up the DagBag from /home/airflow/.local/lib/python3.11/site-packages/airflow/example_dags/example_python_decorator.py
[2024-02-26T15:55:11.809+0000] {processor.py:840} INFO - DAG(s) 'example_python_decorator' retrieved from /home/airflow/.local/lib/python3.11/site-packages/airflow/example_dags/example_python_decorator.py
[2024-02-26T15:55:11.829+0000] {logging_mixin.py:188} INFO - [2024-02-26T15:55:11.829+0000] {dag.py:3047} INFO - Sync 1 DAGs
[2024-02-26T15:55:11.838+0000] {logging_mixin.py:188} INFO - [2024-02-26T15:55:11.838+0000] {dag.py:3834} INFO - Setting next_dagrun for example_python_decorator to None, run_after=None
[2024-02-26T15:55:11.852+0000] {processor.py:183} INFO - Processing /home/airflow/.local/lib/python3.11/site-packages/airflow/example_dags/example_python_decorator.py took 0.061 seconds
[2024-02-26T15:55:42.783+0000] {processor.py:161} INFO - Started process (PID=3693) to work on /home/airflow/.local/lib/python3.11/site-packages/airflow/example_dags/example_python_decorator.py
[2024-02-26T15:55:42.785+0000] {processor.py:830} INFO - Processing file /home/airflow/.local/lib/python3.11/site-packages/airflow/example_dags/example_python_decorator.py for tasks to queue
[2024-02-26T15:55:42.789+0000] {logging_mixin.py:188} INFO - [2024-02-26T15:55:42.788+0000] {dagbag.py:540} INFO - Filling up the DagBag from /home/airflow/.local/lib/python3.11/site-packages/airflow/example_dags/example_python_decorator.py
[2024-02-26T15:55:42.805+0000] {processor.py:840} INFO - DAG(s) 'example_python_decorator' retrieved from /home/airflow/.local/lib/python3.11/site-packages/airflow/example_dags/example_python_decorator.py
[2024-02-26T15:55:42.830+0000] {logging_mixin.py:188} INFO - [2024-02-26T15:55:42.830+0000] {dag.py:3047} INFO - Sync 1 DAGs
[2024-02-26T15:55:42.844+0000] {logging_mixin.py:188} INFO - [2024-02-26T15:55:42.844+0000] {dag.py:3834} INFO - Setting next_dagrun for example_python_decorator to None, run_after=None
[2024-02-26T15:55:42.864+0000] {processor.py:183} INFO - Processing /home/airflow/.local/lib/python3.11/site-packages/airflow/example_dags/example_python_decorator.py took 0.089 seconds
[2024-02-26T15:56:13.062+0000] {processor.py:161} INFO - Started process (PID=3940) to work on /home/airflow/.local/lib/python3.11/site-packages/airflow/example_dags/example_python_decorator.py
[2024-02-26T15:56:13.064+0000] {processor.py:830} INFO - Processing file /home/airflow/.local/lib/python3.11/site-packages/airflow/example_dags/example_python_decorator.py for tasks to queue
[2024-02-26T15:56:13.066+0000] {logging_mixin.py:188} INFO - [2024-02-26T15:56:13.065+0000] {dagbag.py:540} INFO - Filling up the DagBag from /home/airflow/.local/lib/python3.11/site-packages/airflow/example_dags/example_python_decorator.py
[2024-02-26T15:56:13.081+0000] {processor.py:840} INFO - DAG(s) 'example_python_decorator' retrieved from /home/airflow/.local/lib/python3.11/site-packages/airflow/example_dags/example_python_decorator.py
[2024-02-26T15:56:13.103+0000] {logging_mixin.py:188} INFO - [2024-02-26T15:56:13.103+0000] {dag.py:3047} INFO - Sync 1 DAGs
[2024-02-26T15:56:13.112+0000] {logging_mixin.py:188} INFO - [2024-02-26T15:56:13.112+0000] {dag.py:3834} INFO - Setting next_dagrun for example_python_decorator to None, run_after=None
[2024-02-26T15:56:13.126+0000] {processor.py:183} INFO - Processing /home/airflow/.local/lib/python3.11/site-packages/airflow/example_dags/example_python_decorator.py took 0.069 seconds
[2024-02-26T15:56:43.337+0000] {processor.py:161} INFO - Started process (PID=4188) to work on /home/airflow/.local/lib/python3.11/site-packages/airflow/example_dags/example_python_decorator.py
[2024-02-26T15:56:43.339+0000] {processor.py:830} INFO - Processing file /home/airflow/.local/lib/python3.11/site-packages/airflow/example_dags/example_python_decorator.py for tasks to queue
[2024-02-26T15:56:43.341+0000] {logging_mixin.py:188} INFO - [2024-02-26T15:56:43.340+0000] {dagbag.py:540} INFO - Filling up the DagBag from /home/airflow/.local/lib/python3.11/site-packages/airflow/example_dags/example_python_decorator.py
[2024-02-26T15:56:43.356+0000] {processor.py:840} INFO - DAG(s) 'example_python_decorator' retrieved from /home/airflow/.local/lib/python3.11/site-packages/airflow/example_dags/example_python_decorator.py
[2024-02-26T15:56:43.383+0000] {logging_mixin.py:188} INFO - [2024-02-26T15:56:43.382+0000] {dag.py:3047} INFO - Sync 1 DAGs
[2024-02-26T15:56:43.394+0000] {logging_mixin.py:188} INFO - [2024-02-26T15:56:43.394+0000] {dag.py:3834} INFO - Setting next_dagrun for example_python_decorator to None, run_after=None
[2024-02-26T15:56:43.416+0000] {processor.py:183} INFO - Processing /home/airflow/.local/lib/python3.11/site-packages/airflow/example_dags/example_python_decorator.py took 0.084 seconds
[2024-02-26T15:57:13.792+0000] {processor.py:161} INFO - Started process (PID=4435) to work on /home/airflow/.local/lib/python3.11/site-packages/airflow/example_dags/example_python_decorator.py
[2024-02-26T15:57:13.794+0000] {processor.py:830} INFO - Processing file /home/airflow/.local/lib/python3.11/site-packages/airflow/example_dags/example_python_decorator.py for tasks to queue
[2024-02-26T15:57:13.796+0000] {logging_mixin.py:188} INFO - [2024-02-26T15:57:13.795+0000] {dagbag.py:540} INFO - Filling up the DagBag from /home/airflow/.local/lib/python3.11/site-packages/airflow/example_dags/example_python_decorator.py
[2024-02-26T15:57:13.814+0000] {processor.py:840} INFO - DAG(s) 'example_python_decorator' retrieved from /home/airflow/.local/lib/python3.11/site-packages/airflow/example_dags/example_python_decorator.py
[2024-02-26T15:57:13.838+0000] {logging_mixin.py:188} INFO - [2024-02-26T15:57:13.837+0000] {dag.py:3047} INFO - Sync 1 DAGs
[2024-02-26T15:57:13.850+0000] {logging_mixin.py:188} INFO - [2024-02-26T15:57:13.850+0000] {dag.py:3834} INFO - Setting next_dagrun for example_python_decorator to None, run_after=None
[2024-02-26T15:57:13.865+0000] {processor.py:183} INFO - Processing /home/airflow/.local/lib/python3.11/site-packages/airflow/example_dags/example_python_decorator.py took 0.078 seconds
[2024-02-26T15:57:43.934+0000] {processor.py:161} INFO - Started process (PID=4679) to work on /home/airflow/.local/lib/python3.11/site-packages/airflow/example_dags/example_python_decorator.py
[2024-02-26T15:57:43.938+0000] {processor.py:830} INFO - Processing file /home/airflow/.local/lib/python3.11/site-packages/airflow/example_dags/example_python_decorator.py for tasks to queue
[2024-02-26T15:57:43.940+0000] {logging_mixin.py:188} INFO - [2024-02-26T15:57:43.939+0000] {dagbag.py:540} INFO - Filling up the DagBag from /home/airflow/.local/lib/python3.11/site-packages/airflow/example_dags/example_python_decorator.py
[2024-02-26T15:57:43.953+0000] {processor.py:840} INFO - DAG(s) 'example_python_decorator' retrieved from /home/airflow/.local/lib/python3.11/site-packages/airflow/example_dags/example_python_decorator.py
[2024-02-26T15:57:43.978+0000] {logging_mixin.py:188} INFO - [2024-02-26T15:57:43.978+0000] {dag.py:3047} INFO - Sync 1 DAGs
[2024-02-26T15:57:43.988+0000] {logging_mixin.py:188} INFO - [2024-02-26T15:57:43.988+0000] {dag.py:3834} INFO - Setting next_dagrun for example_python_decorator to None, run_after=None
[2024-02-26T15:57:44.000+0000] {processor.py:183} INFO - Processing /home/airflow/.local/lib/python3.11/site-packages/airflow/example_dags/example_python_decorator.py took 0.072 seconds
[2024-02-26T15:58:14.159+0000] {processor.py:161} INFO - Started process (PID=4926) to work on /home/airflow/.local/lib/python3.11/site-packages/airflow/example_dags/example_python_decorator.py
[2024-02-26T15:58:14.162+0000] {processor.py:830} INFO - Processing file /home/airflow/.local/lib/python3.11/site-packages/airflow/example_dags/example_python_decorator.py for tasks to queue
[2024-02-26T15:58:14.165+0000] {logging_mixin.py:188} INFO - [2024-02-26T15:58:14.164+0000] {dagbag.py:540} INFO - Filling up the DagBag from /home/airflow/.local/lib/python3.11/site-packages/airflow/example_dags/example_python_decorator.py
[2024-02-26T15:58:14.182+0000] {processor.py:840} INFO - DAG(s) 'example_python_decorator' retrieved from /home/airflow/.local/lib/python3.11/site-packages/airflow/example_dags/example_python_decorator.py
[2024-02-26T15:58:14.206+0000] {logging_mixin.py:188} INFO - [2024-02-26T15:58:14.206+0000] {dag.py:3047} INFO - Sync 1 DAGs
[2024-02-26T15:58:14.215+0000] {logging_mixin.py:188} INFO - [2024-02-26T15:58:14.215+0000] {dag.py:3834} INFO - Setting next_dagrun for example_python_decorator to None, run_after=None
[2024-02-26T15:58:14.227+0000] {processor.py:183} INFO - Processing /home/airflow/.local/lib/python3.11/site-packages/airflow/example_dags/example_python_decorator.py took 0.072 seconds
[2024-02-26T15:58:44.473+0000] {processor.py:161} INFO - Started process (PID=5177) to work on /home/airflow/.local/lib/python3.11/site-packages/airflow/example_dags/example_python_decorator.py
[2024-02-26T15:58:44.476+0000] {processor.py:830} INFO - Processing file /home/airflow/.local/lib/python3.11/site-packages/airflow/example_dags/example_python_decorator.py for tasks to queue
[2024-02-26T15:58:44.479+0000] {logging_mixin.py:188} INFO - [2024-02-26T15:58:44.478+0000] {dagbag.py:540} INFO - Filling up the DagBag from /home/airflow/.local/lib/python3.11/site-packages/airflow/example_dags/example_python_decorator.py
[2024-02-26T15:58:44.492+0000] {processor.py:840} INFO - DAG(s) 'example_python_decorator' retrieved from /home/airflow/.local/lib/python3.11/site-packages/airflow/example_dags/example_python_decorator.py
[2024-02-26T15:58:44.516+0000] {logging_mixin.py:188} INFO - [2024-02-26T15:58:44.515+0000] {dag.py:3047} INFO - Sync 1 DAGs
[2024-02-26T15:58:44.524+0000] {logging_mixin.py:188} INFO - [2024-02-26T15:58:44.524+0000] {dag.py:3834} INFO - Setting next_dagrun for example_python_decorator to None, run_after=None
[2024-02-26T15:58:44.537+0000] {processor.py:183} INFO - Processing /home/airflow/.local/lib/python3.11/site-packages/airflow/example_dags/example_python_decorator.py took 0.069 seconds
[2024-02-26T15:59:14.807+0000] {processor.py:161} INFO - Started process (PID=5425) to work on /home/airflow/.local/lib/python3.11/site-packages/airflow/example_dags/example_python_decorator.py
[2024-02-26T15:59:14.810+0000] {processor.py:830} INFO - Processing file /home/airflow/.local/lib/python3.11/site-packages/airflow/example_dags/example_python_decorator.py for tasks to queue
[2024-02-26T15:59:14.816+0000] {logging_mixin.py:188} INFO - [2024-02-26T15:59:14.815+0000] {dagbag.py:540} INFO - Filling up the DagBag from /home/airflow/.local/lib/python3.11/site-packages/airflow/example_dags/example_python_decorator.py
[2024-02-26T15:59:14.828+0000] {processor.py:840} INFO - DAG(s) 'example_python_decorator' retrieved from /home/airflow/.local/lib/python3.11/site-packages/airflow/example_dags/example_python_decorator.py
[2024-02-26T15:59:14.851+0000] {logging_mixin.py:188} INFO - [2024-02-26T15:59:14.851+0000] {dag.py:3047} INFO - Sync 1 DAGs
[2024-02-26T15:59:14.859+0000] {logging_mixin.py:188} INFO - [2024-02-26T15:59:14.859+0000] {dag.py:3834} INFO - Setting next_dagrun for example_python_decorator to None, run_after=None
[2024-02-26T15:59:14.874+0000] {processor.py:183} INFO - Processing /home/airflow/.local/lib/python3.11/site-packages/airflow/example_dags/example_python_decorator.py took 0.071 seconds
[2024-02-26T15:59:45.152+0000] {processor.py:161} INFO - Started process (PID=5672) to work on /home/airflow/.local/lib/python3.11/site-packages/airflow/example_dags/example_python_decorator.py
[2024-02-26T15:59:45.156+0000] {processor.py:830} INFO - Processing file /home/airflow/.local/lib/python3.11/site-packages/airflow/example_dags/example_python_decorator.py for tasks to queue
[2024-02-26T15:59:45.159+0000] {logging_mixin.py:188} INFO - [2024-02-26T15:59:45.158+0000] {dagbag.py:540} INFO - Filling up the DagBag from /home/airflow/.local/lib/python3.11/site-packages/airflow/example_dags/example_python_decorator.py
[2024-02-26T15:59:45.179+0000] {processor.py:840} INFO - DAG(s) 'example_python_decorator' retrieved from /home/airflow/.local/lib/python3.11/site-packages/airflow/example_dags/example_python_decorator.py
[2024-02-26T15:59:45.202+0000] {logging_mixin.py:188} INFO - [2024-02-26T15:59:45.202+0000] {dag.py:3047} INFO - Sync 1 DAGs
[2024-02-26T15:59:45.213+0000] {logging_mixin.py:188} INFO - [2024-02-26T15:59:45.213+0000] {dag.py:3834} INFO - Setting next_dagrun for example_python_decorator to None, run_after=None
[2024-02-26T15:59:45.227+0000] {processor.py:183} INFO - Processing /home/airflow/.local/lib/python3.11/site-packages/airflow/example_dags/example_python_decorator.py took 0.079 seconds
[2024-02-26T16:00:15.936+0000] {processor.py:161} INFO - Started process (PID=5919) to work on /home/airflow/.local/lib/python3.11/site-packages/airflow/example_dags/example_python_decorator.py
[2024-02-26T16:00:15.937+0000] {processor.py:830} INFO - Processing file /home/airflow/.local/lib/python3.11/site-packages/airflow/example_dags/example_python_decorator.py for tasks to queue
[2024-02-26T16:00:15.939+0000] {logging_mixin.py:188} INFO - [2024-02-26T16:00:15.939+0000] {dagbag.py:540} INFO - Filling up the DagBag from /home/airflow/.local/lib/python3.11/site-packages/airflow/example_dags/example_python_decorator.py
[2024-02-26T16:00:15.952+0000] {processor.py:840} INFO - DAG(s) 'example_python_decorator' retrieved from /home/airflow/.local/lib/python3.11/site-packages/airflow/example_dags/example_python_decorator.py
[2024-02-26T16:00:15.972+0000] {logging_mixin.py:188} INFO - [2024-02-26T16:00:15.972+0000] {dag.py:3047} INFO - Sync 1 DAGs
[2024-02-26T16:00:15.980+0000] {logging_mixin.py:188} INFO - [2024-02-26T16:00:15.980+0000] {dag.py:3834} INFO - Setting next_dagrun for example_python_decorator to None, run_after=None
[2024-02-26T16:00:15.997+0000] {processor.py:183} INFO - Processing /home/airflow/.local/lib/python3.11/site-packages/airflow/example_dags/example_python_decorator.py took 0.066 seconds
[2024-02-26T16:00:46.794+0000] {processor.py:161} INFO - Started process (PID=6165) to work on /home/airflow/.local/lib/python3.11/site-packages/airflow/example_dags/example_python_decorator.py
[2024-02-26T16:00:46.796+0000] {processor.py:830} INFO - Processing file /home/airflow/.local/lib/python3.11/site-packages/airflow/example_dags/example_python_decorator.py for tasks to queue
[2024-02-26T16:00:46.801+0000] {logging_mixin.py:188} INFO - [2024-02-26T16:00:46.801+0000] {dagbag.py:540} INFO - Filling up the DagBag from /home/airflow/.local/lib/python3.11/site-packages/airflow/example_dags/example_python_decorator.py
[2024-02-26T16:00:46.815+0000] {processor.py:840} INFO - DAG(s) 'example_python_decorator' retrieved from /home/airflow/.local/lib/python3.11/site-packages/airflow/example_dags/example_python_decorator.py
[2024-02-26T16:00:46.835+0000] {logging_mixin.py:188} INFO - [2024-02-26T16:00:46.834+0000] {dag.py:3047} INFO - Sync 1 DAGs
[2024-02-26T16:00:46.844+0000] {logging_mixin.py:188} INFO - [2024-02-26T16:00:46.844+0000] {dag.py:3834} INFO - Setting next_dagrun for example_python_decorator to None, run_after=None
[2024-02-26T16:00:46.858+0000] {processor.py:183} INFO - Processing /home/airflow/.local/lib/python3.11/site-packages/airflow/example_dags/example_python_decorator.py took 0.070 seconds
[2024-02-26T16:01:17.577+0000] {processor.py:161} INFO - Started process (PID=6412) to work on /home/airflow/.local/lib/python3.11/site-packages/airflow/example_dags/example_python_decorator.py
[2024-02-26T16:01:17.580+0000] {processor.py:830} INFO - Processing file /home/airflow/.local/lib/python3.11/site-packages/airflow/example_dags/example_python_decorator.py for tasks to queue
[2024-02-26T16:01:17.585+0000] {logging_mixin.py:188} INFO - [2024-02-26T16:01:17.584+0000] {dagbag.py:540} INFO - Filling up the DagBag from /home/airflow/.local/lib/python3.11/site-packages/airflow/example_dags/example_python_decorator.py
[2024-02-26T16:01:17.598+0000] {processor.py:840} INFO - DAG(s) 'example_python_decorator' retrieved from /home/airflow/.local/lib/python3.11/site-packages/airflow/example_dags/example_python_decorator.py
[2024-02-26T16:01:17.620+0000] {logging_mixin.py:188} INFO - [2024-02-26T16:01:17.619+0000] {dag.py:3047} INFO - Sync 1 DAGs
[2024-02-26T16:01:17.628+0000] {logging_mixin.py:188} INFO - [2024-02-26T16:01:17.628+0000] {dag.py:3834} INFO - Setting next_dagrun for example_python_decorator to None, run_after=None
[2024-02-26T16:01:17.643+0000] {processor.py:183} INFO - Processing /home/airflow/.local/lib/python3.11/site-packages/airflow/example_dags/example_python_decorator.py took 0.070 seconds
[2024-02-26T16:01:47.752+0000] {processor.py:161} INFO - Started process (PID=6659) to work on /home/airflow/.local/lib/python3.11/site-packages/airflow/example_dags/example_python_decorator.py
[2024-02-26T16:01:47.754+0000] {processor.py:830} INFO - Processing file /home/airflow/.local/lib/python3.11/site-packages/airflow/example_dags/example_python_decorator.py for tasks to queue
[2024-02-26T16:01:47.756+0000] {logging_mixin.py:188} INFO - [2024-02-26T16:01:47.755+0000] {dagbag.py:540} INFO - Filling up the DagBag from /home/airflow/.local/lib/python3.11/site-packages/airflow/example_dags/example_python_decorator.py
[2024-02-26T16:01:47.768+0000] {processor.py:840} INFO - DAG(s) 'example_python_decorator' retrieved from /home/airflow/.local/lib/python3.11/site-packages/airflow/example_dags/example_python_decorator.py
[2024-02-26T16:01:47.787+0000] {logging_mixin.py:188} INFO - [2024-02-26T16:01:47.787+0000] {dag.py:3047} INFO - Sync 1 DAGs
[2024-02-26T16:01:47.795+0000] {logging_mixin.py:188} INFO - [2024-02-26T16:01:47.795+0000] {dag.py:3834} INFO - Setting next_dagrun for example_python_decorator to None, run_after=None
[2024-02-26T16:01:47.809+0000] {processor.py:183} INFO - Processing /home/airflow/.local/lib/python3.11/site-packages/airflow/example_dags/example_python_decorator.py took 0.061 seconds
[2024-02-26T16:02:18.674+0000] {processor.py:161} INFO - Started process (PID=6906) to work on /home/airflow/.local/lib/python3.11/site-packages/airflow/example_dags/example_python_decorator.py
[2024-02-26T16:02:18.676+0000] {processor.py:830} INFO - Processing file /home/airflow/.local/lib/python3.11/site-packages/airflow/example_dags/example_python_decorator.py for tasks to queue
[2024-02-26T16:02:18.678+0000] {logging_mixin.py:188} INFO - [2024-02-26T16:02:18.677+0000] {dagbag.py:540} INFO - Filling up the DagBag from /home/airflow/.local/lib/python3.11/site-packages/airflow/example_dags/example_python_decorator.py
[2024-02-26T16:02:18.691+0000] {processor.py:840} INFO - DAG(s) 'example_python_decorator' retrieved from /home/airflow/.local/lib/python3.11/site-packages/airflow/example_dags/example_python_decorator.py
[2024-02-26T16:02:18.712+0000] {logging_mixin.py:188} INFO - [2024-02-26T16:02:18.711+0000] {dag.py:3047} INFO - Sync 1 DAGs
[2024-02-26T16:02:18.719+0000] {logging_mixin.py:188} INFO - [2024-02-26T16:02:18.719+0000] {dag.py:3834} INFO - Setting next_dagrun for example_python_decorator to None, run_after=None
[2024-02-26T16:02:18.732+0000] {processor.py:183} INFO - Processing /home/airflow/.local/lib/python3.11/site-packages/airflow/example_dags/example_python_decorator.py took 0.062 seconds
[2024-02-26T16:02:48.973+0000] {processor.py:161} INFO - Started process (PID=7153) to work on /home/airflow/.local/lib/python3.11/site-packages/airflow/example_dags/example_python_decorator.py
[2024-02-26T16:02:48.976+0000] {processor.py:830} INFO - Processing file /home/airflow/.local/lib/python3.11/site-packages/airflow/example_dags/example_python_decorator.py for tasks to queue
[2024-02-26T16:02:48.980+0000] {logging_mixin.py:188} INFO - [2024-02-26T16:02:48.979+0000] {dagbag.py:540} INFO - Filling up the DagBag from /home/airflow/.local/lib/python3.11/site-packages/airflow/example_dags/example_python_decorator.py
[2024-02-26T16:02:48.994+0000] {processor.py:840} INFO - DAG(s) 'example_python_decorator' retrieved from /home/airflow/.local/lib/python3.11/site-packages/airflow/example_dags/example_python_decorator.py
[2024-02-26T16:02:49.016+0000] {logging_mixin.py:188} INFO - [2024-02-26T16:02:49.015+0000] {dag.py:3047} INFO - Sync 1 DAGs
[2024-02-26T16:02:49.025+0000] {logging_mixin.py:188} INFO - [2024-02-26T16:02:49.024+0000] {dag.py:3834} INFO - Setting next_dagrun for example_python_decorator to None, run_after=None
[2024-02-26T16:02:49.040+0000] {processor.py:183} INFO - Processing /home/airflow/.local/lib/python3.11/site-packages/airflow/example_dags/example_python_decorator.py took 0.072 seconds
[2024-02-26T16:03:19.170+0000] {processor.py:161} INFO - Started process (PID=7400) to work on /home/airflow/.local/lib/python3.11/site-packages/airflow/example_dags/example_python_decorator.py
[2024-02-26T16:03:19.173+0000] {processor.py:830} INFO - Processing file /home/airflow/.local/lib/python3.11/site-packages/airflow/example_dags/example_python_decorator.py for tasks to queue
[2024-02-26T16:03:19.174+0000] {logging_mixin.py:188} INFO - [2024-02-26T16:03:19.174+0000] {dagbag.py:540} INFO - Filling up the DagBag from /home/airflow/.local/lib/python3.11/site-packages/airflow/example_dags/example_python_decorator.py
[2024-02-26T16:03:19.188+0000] {processor.py:840} INFO - DAG(s) 'example_python_decorator' retrieved from /home/airflow/.local/lib/python3.11/site-packages/airflow/example_dags/example_python_decorator.py
[2024-02-26T16:03:19.208+0000] {logging_mixin.py:188} INFO - [2024-02-26T16:03:19.208+0000] {dag.py:3047} INFO - Sync 1 DAGs
[2024-02-26T16:03:19.217+0000] {logging_mixin.py:188} INFO - [2024-02-26T16:03:19.217+0000] {dag.py:3834} INFO - Setting next_dagrun for example_python_decorator to None, run_after=None
[2024-02-26T16:03:19.233+0000] {processor.py:183} INFO - Processing /home/airflow/.local/lib/python3.11/site-packages/airflow/example_dags/example_python_decorator.py took 0.068 seconds
[2024-02-26T16:03:49.409+0000] {processor.py:161} INFO - Started process (PID=7648) to work on /home/airflow/.local/lib/python3.11/site-packages/airflow/example_dags/example_python_decorator.py
[2024-02-26T16:03:49.411+0000] {processor.py:830} INFO - Processing file /home/airflow/.local/lib/python3.11/site-packages/airflow/example_dags/example_python_decorator.py for tasks to queue
[2024-02-26T16:03:49.413+0000] {logging_mixin.py:188} INFO - [2024-02-26T16:03:49.413+0000] {dagbag.py:540} INFO - Filling up the DagBag from /home/airflow/.local/lib/python3.11/site-packages/airflow/example_dags/example_python_decorator.py
[2024-02-26T16:03:49.426+0000] {processor.py:840} INFO - DAG(s) 'example_python_decorator' retrieved from /home/airflow/.local/lib/python3.11/site-packages/airflow/example_dags/example_python_decorator.py
[2024-02-26T16:03:49.447+0000] {logging_mixin.py:188} INFO - [2024-02-26T16:03:49.447+0000] {dag.py:3047} INFO - Sync 1 DAGs
[2024-02-26T16:03:49.456+0000] {logging_mixin.py:188} INFO - [2024-02-26T16:03:49.456+0000] {dag.py:3834} INFO - Setting next_dagrun for example_python_decorator to None, run_after=None
[2024-02-26T16:03:49.471+0000] {processor.py:183} INFO - Processing /home/airflow/.local/lib/python3.11/site-packages/airflow/example_dags/example_python_decorator.py took 0.067 seconds
[2024-02-26T16:04:20.108+0000] {processor.py:161} INFO - Started process (PID=7895) to work on /home/airflow/.local/lib/python3.11/site-packages/airflow/example_dags/example_python_decorator.py
[2024-02-26T16:04:20.110+0000] {processor.py:830} INFO - Processing file /home/airflow/.local/lib/python3.11/site-packages/airflow/example_dags/example_python_decorator.py for tasks to queue
[2024-02-26T16:04:20.112+0000] {logging_mixin.py:188} INFO - [2024-02-26T16:04:20.111+0000] {dagbag.py:540} INFO - Filling up the DagBag from /home/airflow/.local/lib/python3.11/site-packages/airflow/example_dags/example_python_decorator.py
[2024-02-26T16:04:20.125+0000] {processor.py:840} INFO - DAG(s) 'example_python_decorator' retrieved from /home/airflow/.local/lib/python3.11/site-packages/airflow/example_dags/example_python_decorator.py
[2024-02-26T16:04:20.145+0000] {logging_mixin.py:188} INFO - [2024-02-26T16:04:20.144+0000] {dag.py:3047} INFO - Sync 1 DAGs
[2024-02-26T16:04:20.154+0000] {logging_mixin.py:188} INFO - [2024-02-26T16:04:20.154+0000] {dag.py:3834} INFO - Setting next_dagrun for example_python_decorator to None, run_after=None
[2024-02-26T16:04:20.167+0000] {processor.py:183} INFO - Processing /home/airflow/.local/lib/python3.11/site-packages/airflow/example_dags/example_python_decorator.py took 0.064 seconds
[2024-02-26T16:04:50.920+0000] {processor.py:161} INFO - Started process (PID=8142) to work on /home/airflow/.local/lib/python3.11/site-packages/airflow/example_dags/example_python_decorator.py
[2024-02-26T16:04:50.923+0000] {processor.py:830} INFO - Processing file /home/airflow/.local/lib/python3.11/site-packages/airflow/example_dags/example_python_decorator.py for tasks to queue
[2024-02-26T16:04:50.924+0000] {logging_mixin.py:188} INFO - [2024-02-26T16:04:50.924+0000] {dagbag.py:540} INFO - Filling up the DagBag from /home/airflow/.local/lib/python3.11/site-packages/airflow/example_dags/example_python_decorator.py
[2024-02-26T16:04:50.937+0000] {processor.py:840} INFO - DAG(s) 'example_python_decorator' retrieved from /home/airflow/.local/lib/python3.11/site-packages/airflow/example_dags/example_python_decorator.py
[2024-02-26T16:04:50.957+0000] {logging_mixin.py:188} INFO - [2024-02-26T16:04:50.957+0000] {dag.py:3047} INFO - Sync 1 DAGs
[2024-02-26T16:04:50.965+0000] {logging_mixin.py:188} INFO - [2024-02-26T16:04:50.965+0000] {dag.py:3834} INFO - Setting next_dagrun for example_python_decorator to None, run_after=None
[2024-02-26T16:04:50.978+0000] {processor.py:183} INFO - Processing /home/airflow/.local/lib/python3.11/site-packages/airflow/example_dags/example_python_decorator.py took 0.062 seconds
[2024-02-26T16:05:21.737+0000] {processor.py:161} INFO - Started process (PID=8389) to work on /home/airflow/.local/lib/python3.11/site-packages/airflow/example_dags/example_python_decorator.py
[2024-02-26T16:05:21.740+0000] {processor.py:830} INFO - Processing file /home/airflow/.local/lib/python3.11/site-packages/airflow/example_dags/example_python_decorator.py for tasks to queue
[2024-02-26T16:05:21.742+0000] {logging_mixin.py:188} INFO - [2024-02-26T16:05:21.741+0000] {dagbag.py:540} INFO - Filling up the DagBag from /home/airflow/.local/lib/python3.11/site-packages/airflow/example_dags/example_python_decorator.py
[2024-02-26T16:05:21.755+0000] {processor.py:840} INFO - DAG(s) 'example_python_decorator' retrieved from /home/airflow/.local/lib/python3.11/site-packages/airflow/example_dags/example_python_decorator.py
[2024-02-26T16:05:21.775+0000] {logging_mixin.py:188} INFO - [2024-02-26T16:05:21.774+0000] {dag.py:3047} INFO - Sync 1 DAGs
[2024-02-26T16:05:21.782+0000] {logging_mixin.py:188} INFO - [2024-02-26T16:05:21.782+0000] {dag.py:3834} INFO - Setting next_dagrun for example_python_decorator to None, run_after=None
[2024-02-26T16:05:21.795+0000] {processor.py:183} INFO - Processing /home/airflow/.local/lib/python3.11/site-packages/airflow/example_dags/example_python_decorator.py took 0.062 seconds
[2024-02-26T16:05:52.463+0000] {processor.py:161} INFO - Started process (PID=8636) to work on /home/airflow/.local/lib/python3.11/site-packages/airflow/example_dags/example_python_decorator.py
[2024-02-26T16:05:52.465+0000] {processor.py:830} INFO - Processing file /home/airflow/.local/lib/python3.11/site-packages/airflow/example_dags/example_python_decorator.py for tasks to queue
[2024-02-26T16:05:52.467+0000] {logging_mixin.py:188} INFO - [2024-02-26T16:05:52.466+0000] {dagbag.py:540} INFO - Filling up the DagBag from /home/airflow/.local/lib/python3.11/site-packages/airflow/example_dags/example_python_decorator.py
[2024-02-26T16:05:52.479+0000] {processor.py:840} INFO - DAG(s) 'example_python_decorator' retrieved from /home/airflow/.local/lib/python3.11/site-packages/airflow/example_dags/example_python_decorator.py
[2024-02-26T16:05:52.499+0000] {logging_mixin.py:188} INFO - [2024-02-26T16:05:52.499+0000] {dag.py:3047} INFO - Sync 1 DAGs
[2024-02-26T16:05:52.507+0000] {logging_mixin.py:188} INFO - [2024-02-26T16:05:52.507+0000] {dag.py:3834} INFO - Setting next_dagrun for example_python_decorator to None, run_after=None
[2024-02-26T16:05:52.521+0000] {processor.py:183} INFO - Processing /home/airflow/.local/lib/python3.11/site-packages/airflow/example_dags/example_python_decorator.py took 0.062 seconds
[2024-02-26T16:06:23.298+0000] {processor.py:161} INFO - Started process (PID=8883) to work on /home/airflow/.local/lib/python3.11/site-packages/airflow/example_dags/example_python_decorator.py
[2024-02-26T16:06:23.300+0000] {processor.py:830} INFO - Processing file /home/airflow/.local/lib/python3.11/site-packages/airflow/example_dags/example_python_decorator.py for tasks to queue
[2024-02-26T16:06:23.302+0000] {logging_mixin.py:188} INFO - [2024-02-26T16:06:23.302+0000] {dagbag.py:540} INFO - Filling up the DagBag from /home/airflow/.local/lib/python3.11/site-packages/airflow/example_dags/example_python_decorator.py
[2024-02-26T16:06:23.317+0000] {processor.py:840} INFO - DAG(s) 'example_python_decorator' retrieved from /home/airflow/.local/lib/python3.11/site-packages/airflow/example_dags/example_python_decorator.py
[2024-02-26T16:06:23.338+0000] {logging_mixin.py:188} INFO - [2024-02-26T16:06:23.338+0000] {dag.py:3047} INFO - Sync 1 DAGs
[2024-02-26T16:06:23.350+0000] {logging_mixin.py:188} INFO - [2024-02-26T16:06:23.350+0000] {dag.py:3834} INFO - Setting next_dagrun for example_python_decorator to None, run_after=None
[2024-02-26T16:06:23.365+0000] {processor.py:183} INFO - Processing /home/airflow/.local/lib/python3.11/site-packages/airflow/example_dags/example_python_decorator.py took 0.072 seconds
[2024-02-26T16:06:54.068+0000] {processor.py:161} INFO - Started process (PID=9130) to work on /home/airflow/.local/lib/python3.11/site-packages/airflow/example_dags/example_python_decorator.py
[2024-02-26T16:06:54.072+0000] {processor.py:830} INFO - Processing file /home/airflow/.local/lib/python3.11/site-packages/airflow/example_dags/example_python_decorator.py for tasks to queue
[2024-02-26T16:06:54.073+0000] {logging_mixin.py:188} INFO - [2024-02-26T16:06:54.073+0000] {dagbag.py:540} INFO - Filling up the DagBag from /home/airflow/.local/lib/python3.11/site-packages/airflow/example_dags/example_python_decorator.py
[2024-02-26T16:06:54.086+0000] {processor.py:840} INFO - DAG(s) 'example_python_decorator' retrieved from /home/airflow/.local/lib/python3.11/site-packages/airflow/example_dags/example_python_decorator.py
[2024-02-26T16:06:54.105+0000] {logging_mixin.py:188} INFO - [2024-02-26T16:06:54.105+0000] {dag.py:3047} INFO - Sync 1 DAGs
[2024-02-26T16:06:54.116+0000] {logging_mixin.py:188} INFO - [2024-02-26T16:06:54.116+0000] {dag.py:3834} INFO - Setting next_dagrun for example_python_decorator to None, run_after=None
[2024-02-26T16:06:54.129+0000] {processor.py:183} INFO - Processing /home/airflow/.local/lib/python3.11/site-packages/airflow/example_dags/example_python_decorator.py took 0.065 seconds
[2024-02-26T16:07:24.205+0000] {processor.py:161} INFO - Started process (PID=9374) to work on /home/airflow/.local/lib/python3.11/site-packages/airflow/example_dags/example_python_decorator.py
[2024-02-26T16:07:24.209+0000] {processor.py:830} INFO - Processing file /home/airflow/.local/lib/python3.11/site-packages/airflow/example_dags/example_python_decorator.py for tasks to queue
[2024-02-26T16:07:24.211+0000] {logging_mixin.py:188} INFO - [2024-02-26T16:07:24.210+0000] {dagbag.py:540} INFO - Filling up the DagBag from /home/airflow/.local/lib/python3.11/site-packages/airflow/example_dags/example_python_decorator.py
[2024-02-26T16:07:24.223+0000] {processor.py:840} INFO - DAG(s) 'example_python_decorator' retrieved from /home/airflow/.local/lib/python3.11/site-packages/airflow/example_dags/example_python_decorator.py
[2024-02-26T16:07:24.243+0000] {logging_mixin.py:188} INFO - [2024-02-26T16:07:24.243+0000] {dag.py:3047} INFO - Sync 1 DAGs
[2024-02-26T16:07:24.252+0000] {logging_mixin.py:188} INFO - [2024-02-26T16:07:24.251+0000] {dag.py:3834} INFO - Setting next_dagrun for example_python_decorator to None, run_after=None
[2024-02-26T16:07:24.262+0000] {processor.py:183} INFO - Processing /home/airflow/.local/lib/python3.11/site-packages/airflow/example_dags/example_python_decorator.py took 0.062 seconds
[2024-02-26T16:07:54.407+0000] {processor.py:161} INFO - Started process (PID=9621) to work on /home/airflow/.local/lib/python3.11/site-packages/airflow/example_dags/example_python_decorator.py
[2024-02-26T16:07:54.411+0000] {processor.py:830} INFO - Processing file /home/airflow/.local/lib/python3.11/site-packages/airflow/example_dags/example_python_decorator.py for tasks to queue
[2024-02-26T16:07:54.413+0000] {logging_mixin.py:188} INFO - [2024-02-26T16:07:54.412+0000] {dagbag.py:540} INFO - Filling up the DagBag from /home/airflow/.local/lib/python3.11/site-packages/airflow/example_dags/example_python_decorator.py
[2024-02-26T16:07:54.428+0000] {processor.py:840} INFO - DAG(s) 'example_python_decorator' retrieved from /home/airflow/.local/lib/python3.11/site-packages/airflow/example_dags/example_python_decorator.py
[2024-02-26T16:07:54.449+0000] {logging_mixin.py:188} INFO - [2024-02-26T16:07:54.449+0000] {dag.py:3047} INFO - Sync 1 DAGs
[2024-02-26T16:07:54.458+0000] {logging_mixin.py:188} INFO - [2024-02-26T16:07:54.457+0000] {dag.py:3834} INFO - Setting next_dagrun for example_python_decorator to None, run_after=None
[2024-02-26T16:07:54.469+0000] {processor.py:183} INFO - Processing /home/airflow/.local/lib/python3.11/site-packages/airflow/example_dags/example_python_decorator.py took 0.068 seconds
[2024-02-26T16:08:24.651+0000] {processor.py:161} INFO - Started process (PID=9868) to work on /home/airflow/.local/lib/python3.11/site-packages/airflow/example_dags/example_python_decorator.py
[2024-02-26T16:08:24.654+0000] {processor.py:830} INFO - Processing file /home/airflow/.local/lib/python3.11/site-packages/airflow/example_dags/example_python_decorator.py for tasks to queue
[2024-02-26T16:08:24.658+0000] {logging_mixin.py:188} INFO - [2024-02-26T16:08:24.658+0000] {dagbag.py:540} INFO - Filling up the DagBag from /home/airflow/.local/lib/python3.11/site-packages/airflow/example_dags/example_python_decorator.py
[2024-02-26T16:08:24.671+0000] {processor.py:840} INFO - DAG(s) 'example_python_decorator' retrieved from /home/airflow/.local/lib/python3.11/site-packages/airflow/example_dags/example_python_decorator.py
[2024-02-26T16:08:24.693+0000] {logging_mixin.py:188} INFO - [2024-02-26T16:08:24.693+0000] {dag.py:3047} INFO - Sync 1 DAGs
[2024-02-26T16:08:24.701+0000] {logging_mixin.py:188} INFO - [2024-02-26T16:08:24.701+0000] {dag.py:3834} INFO - Setting next_dagrun for example_python_decorator to None, run_after=None
[2024-02-26T16:08:24.718+0000] {processor.py:183} INFO - Processing /home/airflow/.local/lib/python3.11/site-packages/airflow/example_dags/example_python_decorator.py took 0.072 seconds
[2024-02-26T16:08:54.800+0000] {processor.py:161} INFO - Started process (PID=10115) to work on /home/airflow/.local/lib/python3.11/site-packages/airflow/example_dags/example_python_decorator.py
[2024-02-26T16:08:54.810+0000] {processor.py:830} INFO - Processing file /home/airflow/.local/lib/python3.11/site-packages/airflow/example_dags/example_python_decorator.py for tasks to queue
[2024-02-26T16:08:54.812+0000] {logging_mixin.py:188} INFO - [2024-02-26T16:08:54.811+0000] {dagbag.py:540} INFO - Filling up the DagBag from /home/airflow/.local/lib/python3.11/site-packages/airflow/example_dags/example_python_decorator.py
[2024-02-26T16:08:54.826+0000] {processor.py:840} INFO - DAG(s) 'example_python_decorator' retrieved from /home/airflow/.local/lib/python3.11/site-packages/airflow/example_dags/example_python_decorator.py
[2024-02-26T16:08:54.848+0000] {logging_mixin.py:188} INFO - [2024-02-26T16:08:54.848+0000] {dag.py:3047} INFO - Sync 1 DAGs
[2024-02-26T16:08:54.859+0000] {logging_mixin.py:188} INFO - [2024-02-26T16:08:54.859+0000] {dag.py:3834} INFO - Setting next_dagrun for example_python_decorator to None, run_after=None
[2024-02-26T16:08:54.872+0000] {processor.py:183} INFO - Processing /home/airflow/.local/lib/python3.11/site-packages/airflow/example_dags/example_python_decorator.py took 0.079 seconds
[2024-02-26T16:09:25.082+0000] {processor.py:161} INFO - Started process (PID=10365) to work on /home/airflow/.local/lib/python3.11/site-packages/airflow/example_dags/example_python_decorator.py
[2024-02-26T16:09:25.085+0000] {processor.py:830} INFO - Processing file /home/airflow/.local/lib/python3.11/site-packages/airflow/example_dags/example_python_decorator.py for tasks to queue
[2024-02-26T16:09:25.088+0000] {logging_mixin.py:188} INFO - [2024-02-26T16:09:25.087+0000] {dagbag.py:540} INFO - Filling up the DagBag from /home/airflow/.local/lib/python3.11/site-packages/airflow/example_dags/example_python_decorator.py
[2024-02-26T16:09:25.100+0000] {processor.py:840} INFO - DAG(s) 'example_python_decorator' retrieved from /home/airflow/.local/lib/python3.11/site-packages/airflow/example_dags/example_python_decorator.py
[2024-02-26T16:09:25.122+0000] {logging_mixin.py:188} INFO - [2024-02-26T16:09:25.122+0000] {dag.py:3047} INFO - Sync 1 DAGs
[2024-02-26T16:09:25.131+0000] {logging_mixin.py:188} INFO - [2024-02-26T16:09:25.131+0000] {dag.py:3834} INFO - Setting next_dagrun for example_python_decorator to None, run_after=None
[2024-02-26T16:09:25.145+0000] {processor.py:183} INFO - Processing /home/airflow/.local/lib/python3.11/site-packages/airflow/example_dags/example_python_decorator.py took 0.066 seconds
[2024-02-26T16:09:55.266+0000] {processor.py:161} INFO - Started process (PID=10612) to work on /home/airflow/.local/lib/python3.11/site-packages/airflow/example_dags/example_python_decorator.py
[2024-02-26T16:09:55.268+0000] {processor.py:830} INFO - Processing file /home/airflow/.local/lib/python3.11/site-packages/airflow/example_dags/example_python_decorator.py for tasks to queue
[2024-02-26T16:09:55.272+0000] {logging_mixin.py:188} INFO - [2024-02-26T16:09:55.271+0000] {dagbag.py:540} INFO - Filling up the DagBag from /home/airflow/.local/lib/python3.11/site-packages/airflow/example_dags/example_python_decorator.py
[2024-02-26T16:09:55.285+0000] {processor.py:840} INFO - DAG(s) 'example_python_decorator' retrieved from /home/airflow/.local/lib/python3.11/site-packages/airflow/example_dags/example_python_decorator.py
[2024-02-26T16:09:55.306+0000] {logging_mixin.py:188} INFO - [2024-02-26T16:09:55.305+0000] {dag.py:3047} INFO - Sync 1 DAGs
[2024-02-26T16:09:55.315+0000] {logging_mixin.py:188} INFO - [2024-02-26T16:09:55.315+0000] {dag.py:3834} INFO - Setting next_dagrun for example_python_decorator to None, run_after=None
[2024-02-26T16:09:55.328+0000] {processor.py:183} INFO - Processing /home/airflow/.local/lib/python3.11/site-packages/airflow/example_dags/example_python_decorator.py took 0.067 seconds
[2024-02-26T16:10:25.498+0000] {processor.py:161} INFO - Started process (PID=10859) to work on /home/airflow/.local/lib/python3.11/site-packages/airflow/example_dags/example_python_decorator.py
[2024-02-26T16:10:25.501+0000] {processor.py:830} INFO - Processing file /home/airflow/.local/lib/python3.11/site-packages/airflow/example_dags/example_python_decorator.py for tasks to queue
[2024-02-26T16:10:25.505+0000] {logging_mixin.py:188} INFO - [2024-02-26T16:10:25.504+0000] {dagbag.py:540} INFO - Filling up the DagBag from /home/airflow/.local/lib/python3.11/site-packages/airflow/example_dags/example_python_decorator.py
[2024-02-26T16:10:25.518+0000] {processor.py:840} INFO - DAG(s) 'example_python_decorator' retrieved from /home/airflow/.local/lib/python3.11/site-packages/airflow/example_dags/example_python_decorator.py
[2024-02-26T16:10:25.539+0000] {logging_mixin.py:188} INFO - [2024-02-26T16:10:25.539+0000] {dag.py:3047} INFO - Sync 1 DAGs
[2024-02-26T16:10:25.550+0000] {logging_mixin.py:188} INFO - [2024-02-26T16:10:25.550+0000] {dag.py:3834} INFO - Setting next_dagrun for example_python_decorator to None, run_after=None
[2024-02-26T16:10:25.562+0000] {processor.py:183} INFO - Processing /home/airflow/.local/lib/python3.11/site-packages/airflow/example_dags/example_python_decorator.py took 0.069 seconds
[2024-02-26T16:10:55.781+0000] {processor.py:161} INFO - Started process (PID=11106) to work on /home/airflow/.local/lib/python3.11/site-packages/airflow/example_dags/example_python_decorator.py
[2024-02-26T16:10:55.789+0000] {processor.py:830} INFO - Processing file /home/airflow/.local/lib/python3.11/site-packages/airflow/example_dags/example_python_decorator.py for tasks to queue
[2024-02-26T16:10:55.791+0000] {logging_mixin.py:188} INFO - [2024-02-26T16:10:55.791+0000] {dagbag.py:540} INFO - Filling up the DagBag from /home/airflow/.local/lib/python3.11/site-packages/airflow/example_dags/example_python_decorator.py
[2024-02-26T16:10:55.805+0000] {processor.py:840} INFO - DAG(s) 'example_python_decorator' retrieved from /home/airflow/.local/lib/python3.11/site-packages/airflow/example_dags/example_python_decorator.py
[2024-02-26T16:10:55.825+0000] {logging_mixin.py:188} INFO - [2024-02-26T16:10:55.825+0000] {dag.py:3047} INFO - Sync 1 DAGs
[2024-02-26T16:10:55.833+0000] {logging_mixin.py:188} INFO - [2024-02-26T16:10:55.833+0000] {dag.py:3834} INFO - Setting next_dagrun for example_python_decorator to None, run_after=None
[2024-02-26T16:10:55.847+0000] {processor.py:183} INFO - Processing /home/airflow/.local/lib/python3.11/site-packages/airflow/example_dags/example_python_decorator.py took 0.072 seconds
[2024-02-26T16:11:26.012+0000] {processor.py:161} INFO - Started process (PID=11353) to work on /home/airflow/.local/lib/python3.11/site-packages/airflow/example_dags/example_python_decorator.py
[2024-02-26T16:11:26.014+0000] {processor.py:830} INFO - Processing file /home/airflow/.local/lib/python3.11/site-packages/airflow/example_dags/example_python_decorator.py for tasks to queue
[2024-02-26T16:11:26.015+0000] {logging_mixin.py:188} INFO - [2024-02-26T16:11:26.015+0000] {dagbag.py:540} INFO - Filling up the DagBag from /home/airflow/.local/lib/python3.11/site-packages/airflow/example_dags/example_python_decorator.py
[2024-02-26T16:11:26.030+0000] {processor.py:840} INFO - DAG(s) 'example_python_decorator' retrieved from /home/airflow/.local/lib/python3.11/site-packages/airflow/example_dags/example_python_decorator.py
[2024-02-26T16:11:26.050+0000] {logging_mixin.py:188} INFO - [2024-02-26T16:11:26.050+0000] {dag.py:3047} INFO - Sync 1 DAGs
[2024-02-26T16:11:26.064+0000] {logging_mixin.py:188} INFO - [2024-02-26T16:11:26.063+0000] {dag.py:3834} INFO - Setting next_dagrun for example_python_decorator to None, run_after=None
[2024-02-26T16:11:26.078+0000] {processor.py:183} INFO - Processing /home/airflow/.local/lib/python3.11/site-packages/airflow/example_dags/example_python_decorator.py took 0.072 seconds
[2024-02-26T16:11:56.271+0000] {processor.py:161} INFO - Started process (PID=11600) to work on /home/airflow/.local/lib/python3.11/site-packages/airflow/example_dags/example_python_decorator.py
[2024-02-26T16:11:56.273+0000] {processor.py:830} INFO - Processing file /home/airflow/.local/lib/python3.11/site-packages/airflow/example_dags/example_python_decorator.py for tasks to queue
[2024-02-26T16:11:56.279+0000] {logging_mixin.py:188} INFO - [2024-02-26T16:11:56.279+0000] {dagbag.py:540} INFO - Filling up the DagBag from /home/airflow/.local/lib/python3.11/site-packages/airflow/example_dags/example_python_decorator.py
[2024-02-26T16:11:56.290+0000] {processor.py:840} INFO - DAG(s) 'example_python_decorator' retrieved from /home/airflow/.local/lib/python3.11/site-packages/airflow/example_dags/example_python_decorator.py
[2024-02-26T16:11:56.310+0000] {logging_mixin.py:188} INFO - [2024-02-26T16:11:56.310+0000] {dag.py:3047} INFO - Sync 1 DAGs
[2024-02-26T16:11:56.319+0000] {logging_mixin.py:188} INFO - [2024-02-26T16:11:56.319+0000] {dag.py:3834} INFO - Setting next_dagrun for example_python_decorator to None, run_after=None
[2024-02-26T16:11:56.333+0000] {processor.py:183} INFO - Processing /home/airflow/.local/lib/python3.11/site-packages/airflow/example_dags/example_python_decorator.py took 0.066 seconds
[2024-02-26T16:12:26.460+0000] {processor.py:161} INFO - Started process (PID=11847) to work on /home/airflow/.local/lib/python3.11/site-packages/airflow/example_dags/example_python_decorator.py
[2024-02-26T16:12:26.462+0000] {processor.py:830} INFO - Processing file /home/airflow/.local/lib/python3.11/site-packages/airflow/example_dags/example_python_decorator.py for tasks to queue
[2024-02-26T16:12:26.464+0000] {logging_mixin.py:188} INFO - [2024-02-26T16:12:26.464+0000] {dagbag.py:540} INFO - Filling up the DagBag from /home/airflow/.local/lib/python3.11/site-packages/airflow/example_dags/example_python_decorator.py
[2024-02-26T16:12:26.477+0000] {processor.py:840} INFO - DAG(s) 'example_python_decorator' retrieved from /home/airflow/.local/lib/python3.11/site-packages/airflow/example_dags/example_python_decorator.py
[2024-02-26T16:12:26.498+0000] {logging_mixin.py:188} INFO - [2024-02-26T16:12:26.498+0000] {dag.py:3047} INFO - Sync 1 DAGs
[2024-02-26T16:12:26.509+0000] {logging_mixin.py:188} INFO - [2024-02-26T16:12:26.509+0000] {dag.py:3834} INFO - Setting next_dagrun for example_python_decorator to None, run_after=None
[2024-02-26T16:12:26.522+0000] {processor.py:183} INFO - Processing /home/airflow/.local/lib/python3.11/site-packages/airflow/example_dags/example_python_decorator.py took 0.067 seconds
[2024-02-26T16:12:56.624+0000] {processor.py:161} INFO - Started process (PID=12095) to work on /home/airflow/.local/lib/python3.11/site-packages/airflow/example_dags/example_python_decorator.py
[2024-02-26T16:12:56.626+0000] {processor.py:830} INFO - Processing file /home/airflow/.local/lib/python3.11/site-packages/airflow/example_dags/example_python_decorator.py for tasks to queue
[2024-02-26T16:12:56.628+0000] {logging_mixin.py:188} INFO - [2024-02-26T16:12:56.628+0000] {dagbag.py:540} INFO - Filling up the DagBag from /home/airflow/.local/lib/python3.11/site-packages/airflow/example_dags/example_python_decorator.py
[2024-02-26T16:12:56.648+0000] {processor.py:840} INFO - DAG(s) 'example_python_decorator' retrieved from /home/airflow/.local/lib/python3.11/site-packages/airflow/example_dags/example_python_decorator.py
[2024-02-26T16:12:56.678+0000] {logging_mixin.py:188} INFO - [2024-02-26T16:12:56.678+0000] {dag.py:3047} INFO - Sync 1 DAGs
[2024-02-26T16:12:56.695+0000] {logging_mixin.py:188} INFO - [2024-02-26T16:12:56.695+0000] {dag.py:3834} INFO - Setting next_dagrun for example_python_decorator to None, run_after=None
[2024-02-26T16:12:56.714+0000] {processor.py:183} INFO - Processing /home/airflow/.local/lib/python3.11/site-packages/airflow/example_dags/example_python_decorator.py took 0.095 seconds
[2024-02-26T16:13:26.803+0000] {processor.py:161} INFO - Started process (PID=12339) to work on /home/airflow/.local/lib/python3.11/site-packages/airflow/example_dags/example_python_decorator.py
[2024-02-26T16:13:26.806+0000] {processor.py:830} INFO - Processing file /home/airflow/.local/lib/python3.11/site-packages/airflow/example_dags/example_python_decorator.py for tasks to queue
[2024-02-26T16:13:26.808+0000] {logging_mixin.py:188} INFO - [2024-02-26T16:13:26.807+0000] {dagbag.py:540} INFO - Filling up the DagBag from /home/airflow/.local/lib/python3.11/site-packages/airflow/example_dags/example_python_decorator.py
[2024-02-26T16:13:26.823+0000] {processor.py:840} INFO - DAG(s) 'example_python_decorator' retrieved from /home/airflow/.local/lib/python3.11/site-packages/airflow/example_dags/example_python_decorator.py
[2024-02-26T16:13:26.844+0000] {logging_mixin.py:188} INFO - [2024-02-26T16:13:26.844+0000] {dag.py:3047} INFO - Sync 1 DAGs
[2024-02-26T16:13:26.853+0000] {logging_mixin.py:188} INFO - [2024-02-26T16:13:26.853+0000] {dag.py:3834} INFO - Setting next_dagrun for example_python_decorator to None, run_after=None
[2024-02-26T16:13:26.865+0000] {processor.py:183} INFO - Processing /home/airflow/.local/lib/python3.11/site-packages/airflow/example_dags/example_python_decorator.py took 0.067 seconds
[2024-02-26T16:13:56.964+0000] {processor.py:161} INFO - Started process (PID=12587) to work on /home/airflow/.local/lib/python3.11/site-packages/airflow/example_dags/example_python_decorator.py
[2024-02-26T16:13:56.966+0000] {processor.py:830} INFO - Processing file /home/airflow/.local/lib/python3.11/site-packages/airflow/example_dags/example_python_decorator.py for tasks to queue
[2024-02-26T16:13:56.967+0000] {logging_mixin.py:188} INFO - [2024-02-26T16:13:56.967+0000] {dagbag.py:540} INFO - Filling up the DagBag from /home/airflow/.local/lib/python3.11/site-packages/airflow/example_dags/example_python_decorator.py
[2024-02-26T16:13:56.978+0000] {processor.py:840} INFO - DAG(s) 'example_python_decorator' retrieved from /home/airflow/.local/lib/python3.11/site-packages/airflow/example_dags/example_python_decorator.py
[2024-02-26T16:13:56.997+0000] {logging_mixin.py:188} INFO - [2024-02-26T16:13:56.997+0000] {dag.py:3047} INFO - Sync 1 DAGs
[2024-02-26T16:13:57.006+0000] {logging_mixin.py:188} INFO - [2024-02-26T16:13:57.005+0000] {dag.py:3834} INFO - Setting next_dagrun for example_python_decorator to None, run_after=None
[2024-02-26T16:13:57.017+0000] {processor.py:183} INFO - Processing /home/airflow/.local/lib/python3.11/site-packages/airflow/example_dags/example_python_decorator.py took 0.057 seconds
[2024-02-26T16:14:27.301+0000] {processor.py:161} INFO - Started process (PID=12836) to work on /home/airflow/.local/lib/python3.11/site-packages/airflow/example_dags/example_python_decorator.py
[2024-02-26T16:14:27.304+0000] {processor.py:830} INFO - Processing file /home/airflow/.local/lib/python3.11/site-packages/airflow/example_dags/example_python_decorator.py for tasks to queue
[2024-02-26T16:14:27.307+0000] {logging_mixin.py:188} INFO - [2024-02-26T16:14:27.307+0000] {dagbag.py:540} INFO - Filling up the DagBag from /home/airflow/.local/lib/python3.11/site-packages/airflow/example_dags/example_python_decorator.py
[2024-02-26T16:14:27.326+0000] {processor.py:840} INFO - DAG(s) 'example_python_decorator' retrieved from /home/airflow/.local/lib/python3.11/site-packages/airflow/example_dags/example_python_decorator.py
[2024-02-26T16:14:27.347+0000] {logging_mixin.py:188} INFO - [2024-02-26T16:14:27.347+0000] {dag.py:3047} INFO - Sync 1 DAGs
[2024-02-26T16:14:27.356+0000] {logging_mixin.py:188} INFO - [2024-02-26T16:14:27.356+0000] {dag.py:3834} INFO - Setting next_dagrun for example_python_decorator to None, run_after=None
[2024-02-26T16:14:27.369+0000] {processor.py:183} INFO - Processing /home/airflow/.local/lib/python3.11/site-packages/airflow/example_dags/example_python_decorator.py took 0.074 seconds
