[2024-02-26T15:48:34.359+0000] {processor.py:161} INFO - Started process (PID=274) to work on /home/airflow/.local/lib/python3.11/site-packages/airflow/example_dags/example_latest_only.py
[2024-02-26T15:48:34.362+0000] {processor.py:830} INFO - Processing file /home/airflow/.local/lib/python3.11/site-packages/airflow/example_dags/example_latest_only.py for tasks to queue
[2024-02-26T15:48:34.363+0000] {logging_mixin.py:188} INFO - [2024-02-26T15:48:34.363+0000] {dagbag.py:540} INFO - Filling up the DagBag from /home/airflow/.local/lib/python3.11/site-packages/airflow/example_dags/example_latest_only.py
[2024-02-26T15:48:34.369+0000] {processor.py:840} INFO - DAG(s) 'latest_only' retrieved from /home/airflow/.local/lib/python3.11/site-packages/airflow/example_dags/example_latest_only.py
[2024-02-26T15:48:34.386+0000] {logging_mixin.py:188} INFO - [2024-02-26T15:48:34.386+0000] {dag.py:3047} INFO - Sync 1 DAGs
[2024-02-26T15:48:34.401+0000] {logging_mixin.py:188} INFO - [2024-02-26T15:48:34.401+0000] {dag.py:3834} INFO - Setting next_dagrun for latest_only to 2024-02-26 08:00:00+00:00, run_after=2024-02-26 12:00:00+00:00
[2024-02-26T15:48:34.415+0000] {processor.py:183} INFO - Processing /home/airflow/.local/lib/python3.11/site-packages/airflow/example_dags/example_latest_only.py took 0.059 seconds
[2024-02-26T15:49:04.542+0000] {processor.py:161} INFO - Started process (PID=521) to work on /home/airflow/.local/lib/python3.11/site-packages/airflow/example_dags/example_latest_only.py
[2024-02-26T15:49:04.545+0000] {processor.py:830} INFO - Processing file /home/airflow/.local/lib/python3.11/site-packages/airflow/example_dags/example_latest_only.py for tasks to queue
[2024-02-26T15:49:04.546+0000] {logging_mixin.py:188} INFO - [2024-02-26T15:49:04.546+0000] {dagbag.py:540} INFO - Filling up the DagBag from /home/airflow/.local/lib/python3.11/site-packages/airflow/example_dags/example_latest_only.py
[2024-02-26T15:49:04.553+0000] {processor.py:840} INFO - DAG(s) 'latest_only' retrieved from /home/airflow/.local/lib/python3.11/site-packages/airflow/example_dags/example_latest_only.py
[2024-02-26T15:49:04.634+0000] {logging_mixin.py:188} INFO - [2024-02-26T15:49:04.634+0000] {dag.py:3047} INFO - Sync 1 DAGs
[2024-02-26T15:49:04.647+0000] {logging_mixin.py:188} INFO - [2024-02-26T15:49:04.647+0000] {dag.py:3834} INFO - Setting next_dagrun for latest_only to 2024-02-26 08:00:00+00:00, run_after=2024-02-26 12:00:00+00:00
[2024-02-26T15:49:04.659+0000] {processor.py:183} INFO - Processing /home/airflow/.local/lib/python3.11/site-packages/airflow/example_dags/example_latest_only.py took 0.120 seconds
[2024-02-26T15:49:34.982+0000] {processor.py:161} INFO - Started process (PID=768) to work on /home/airflow/.local/lib/python3.11/site-packages/airflow/example_dags/example_latest_only.py
[2024-02-26T15:49:34.984+0000] {processor.py:830} INFO - Processing file /home/airflow/.local/lib/python3.11/site-packages/airflow/example_dags/example_latest_only.py for tasks to queue
[2024-02-26T15:49:34.985+0000] {logging_mixin.py:188} INFO - [2024-02-26T15:49:34.985+0000] {dagbag.py:540} INFO - Filling up the DagBag from /home/airflow/.local/lib/python3.11/site-packages/airflow/example_dags/example_latest_only.py
[2024-02-26T15:49:34.990+0000] {processor.py:840} INFO - DAG(s) 'latest_only' retrieved from /home/airflow/.local/lib/python3.11/site-packages/airflow/example_dags/example_latest_only.py
[2024-02-26T15:49:35.009+0000] {logging_mixin.py:188} INFO - [2024-02-26T15:49:35.009+0000] {dag.py:3047} INFO - Sync 1 DAGs
[2024-02-26T15:49:35.025+0000] {logging_mixin.py:188} INFO - [2024-02-26T15:49:35.025+0000] {dag.py:3834} INFO - Setting next_dagrun for latest_only to 2024-02-26 08:00:00+00:00, run_after=2024-02-26 12:00:00+00:00
[2024-02-26T15:49:35.041+0000] {processor.py:183} INFO - Processing /home/airflow/.local/lib/python3.11/site-packages/airflow/example_dags/example_latest_only.py took 0.062 seconds
[2024-02-26T15:50:05.715+0000] {processor.py:161} INFO - Started process (PID=1016) to work on /home/airflow/.local/lib/python3.11/site-packages/airflow/example_dags/example_latest_only.py
[2024-02-26T15:50:05.717+0000] {processor.py:830} INFO - Processing file /home/airflow/.local/lib/python3.11/site-packages/airflow/example_dags/example_latest_only.py for tasks to queue
[2024-02-26T15:50:05.721+0000] {logging_mixin.py:188} INFO - [2024-02-26T15:50:05.720+0000] {dagbag.py:540} INFO - Filling up the DagBag from /home/airflow/.local/lib/python3.11/site-packages/airflow/example_dags/example_latest_only.py
[2024-02-26T15:50:05.725+0000] {processor.py:840} INFO - DAG(s) 'latest_only' retrieved from /home/airflow/.local/lib/python3.11/site-packages/airflow/example_dags/example_latest_only.py
[2024-02-26T15:50:05.745+0000] {logging_mixin.py:188} INFO - [2024-02-26T15:50:05.745+0000] {dag.py:3047} INFO - Sync 1 DAGs
[2024-02-26T15:50:05.760+0000] {logging_mixin.py:188} INFO - [2024-02-26T15:50:05.760+0000] {dag.py:3834} INFO - Setting next_dagrun for latest_only to 2024-02-26 08:00:00+00:00, run_after=2024-02-26 12:00:00+00:00
[2024-02-26T15:50:05.772+0000] {processor.py:183} INFO - Processing /home/airflow/.local/lib/python3.11/site-packages/airflow/example_dags/example_latest_only.py took 0.060 seconds
[2024-02-26T15:50:37.004+0000] {processor.py:161} INFO - Started process (PID=1262) to work on /home/airflow/.local/lib/python3.11/site-packages/airflow/example_dags/example_latest_only.py
[2024-02-26T15:50:37.006+0000] {processor.py:830} INFO - Processing file /home/airflow/.local/lib/python3.11/site-packages/airflow/example_dags/example_latest_only.py for tasks to queue
[2024-02-26T15:50:37.008+0000] {logging_mixin.py:188} INFO - [2024-02-26T15:50:37.007+0000] {dagbag.py:540} INFO - Filling up the DagBag from /home/airflow/.local/lib/python3.11/site-packages/airflow/example_dags/example_latest_only.py
[2024-02-26T15:50:37.016+0000] {processor.py:840} INFO - DAG(s) 'latest_only' retrieved from /home/airflow/.local/lib/python3.11/site-packages/airflow/example_dags/example_latest_only.py
[2024-02-26T15:50:37.039+0000] {logging_mixin.py:188} INFO - [2024-02-26T15:50:37.039+0000] {dag.py:3047} INFO - Sync 1 DAGs
[2024-02-26T15:50:37.059+0000] {logging_mixin.py:188} INFO - [2024-02-26T15:50:37.059+0000] {dag.py:3834} INFO - Setting next_dagrun for latest_only to 2024-02-26 08:00:00+00:00, run_after=2024-02-26 12:00:00+00:00
[2024-02-26T15:50:37.080+0000] {processor.py:183} INFO - Processing /home/airflow/.local/lib/python3.11/site-packages/airflow/example_dags/example_latest_only.py took 0.080 seconds
[2024-02-26T15:51:07.835+0000] {processor.py:161} INFO - Started process (PID=1509) to work on /home/airflow/.local/lib/python3.11/site-packages/airflow/example_dags/example_latest_only.py
[2024-02-26T15:51:07.837+0000] {processor.py:830} INFO - Processing file /home/airflow/.local/lib/python3.11/site-packages/airflow/example_dags/example_latest_only.py for tasks to queue
[2024-02-26T15:51:07.838+0000] {logging_mixin.py:188} INFO - [2024-02-26T15:51:07.838+0000] {dagbag.py:540} INFO - Filling up the DagBag from /home/airflow/.local/lib/python3.11/site-packages/airflow/example_dags/example_latest_only.py
[2024-02-26T15:51:07.843+0000] {processor.py:840} INFO - DAG(s) 'latest_only' retrieved from /home/airflow/.local/lib/python3.11/site-packages/airflow/example_dags/example_latest_only.py
[2024-02-26T15:51:07.863+0000] {logging_mixin.py:188} INFO - [2024-02-26T15:51:07.863+0000] {dag.py:3047} INFO - Sync 1 DAGs
[2024-02-26T15:51:07.880+0000] {logging_mixin.py:188} INFO - [2024-02-26T15:51:07.880+0000] {dag.py:3834} INFO - Setting next_dagrun for latest_only to 2024-02-26 08:00:00+00:00, run_after=2024-02-26 12:00:00+00:00
[2024-02-26T15:51:07.893+0000] {processor.py:183} INFO - Processing /home/airflow/.local/lib/python3.11/site-packages/airflow/example_dags/example_latest_only.py took 0.061 seconds
[2024-02-26T15:51:38.696+0000] {processor.py:161} INFO - Started process (PID=1756) to work on /home/airflow/.local/lib/python3.11/site-packages/airflow/example_dags/example_latest_only.py
[2024-02-26T15:51:38.698+0000] {processor.py:830} INFO - Processing file /home/airflow/.local/lib/python3.11/site-packages/airflow/example_dags/example_latest_only.py for tasks to queue
[2024-02-26T15:51:38.700+0000] {logging_mixin.py:188} INFO - [2024-02-26T15:51:38.700+0000] {dagbag.py:540} INFO - Filling up the DagBag from /home/airflow/.local/lib/python3.11/site-packages/airflow/example_dags/example_latest_only.py
[2024-02-26T15:51:38.705+0000] {processor.py:840} INFO - DAG(s) 'latest_only' retrieved from /home/airflow/.local/lib/python3.11/site-packages/airflow/example_dags/example_latest_only.py
[2024-02-26T15:51:38.725+0000] {logging_mixin.py:188} INFO - [2024-02-26T15:51:38.725+0000] {dag.py:3047} INFO - Sync 1 DAGs
[2024-02-26T15:51:38.740+0000] {logging_mixin.py:188} INFO - [2024-02-26T15:51:38.739+0000] {dag.py:3834} INFO - Setting next_dagrun for latest_only to 2024-02-26 08:00:00+00:00, run_after=2024-02-26 12:00:00+00:00
[2024-02-26T15:51:38.751+0000] {processor.py:183} INFO - Processing /home/airflow/.local/lib/python3.11/site-packages/airflow/example_dags/example_latest_only.py took 0.059 seconds
[2024-02-26T15:52:09.595+0000] {processor.py:161} INFO - Started process (PID=2051) to work on /home/airflow/.local/lib/python3.11/site-packages/airflow/example_dags/example_latest_only.py
[2024-02-26T15:52:09.597+0000] {processor.py:830} INFO - Processing file /home/airflow/.local/lib/python3.11/site-packages/airflow/example_dags/example_latest_only.py for tasks to queue
[2024-02-26T15:52:09.599+0000] {logging_mixin.py:188} INFO - [2024-02-26T15:52:09.598+0000] {dagbag.py:540} INFO - Filling up the DagBag from /home/airflow/.local/lib/python3.11/site-packages/airflow/example_dags/example_latest_only.py
[2024-02-26T15:52:09.604+0000] {processor.py:840} INFO - DAG(s) 'latest_only' retrieved from /home/airflow/.local/lib/python3.11/site-packages/airflow/example_dags/example_latest_only.py
[2024-02-26T15:52:09.628+0000] {logging_mixin.py:188} INFO - [2024-02-26T15:52:09.628+0000] {dag.py:3047} INFO - Sync 1 DAGs
[2024-02-26T15:52:09.649+0000] {logging_mixin.py:188} INFO - [2024-02-26T15:52:09.648+0000] {dag.py:3834} INFO - Setting next_dagrun for latest_only to 2024-02-26 08:00:00+00:00, run_after=2024-02-26 12:00:00+00:00
[2024-02-26T15:52:09.660+0000] {processor.py:183} INFO - Processing /home/airflow/.local/lib/python3.11/site-packages/airflow/example_dags/example_latest_only.py took 0.069 seconds
[2024-02-26T15:52:40.000+0000] {processor.py:161} INFO - Started process (PID=2322) to work on /home/airflow/.local/lib/python3.11/site-packages/airflow/example_dags/example_latest_only.py
[2024-02-26T15:52:40.001+0000] {processor.py:830} INFO - Processing file /home/airflow/.local/lib/python3.11/site-packages/airflow/example_dags/example_latest_only.py for tasks to queue
[2024-02-26T15:52:40.003+0000] {logging_mixin.py:188} INFO - [2024-02-26T15:52:40.003+0000] {dagbag.py:540} INFO - Filling up the DagBag from /home/airflow/.local/lib/python3.11/site-packages/airflow/example_dags/example_latest_only.py
[2024-02-26T15:52:40.008+0000] {processor.py:840} INFO - DAG(s) 'latest_only' retrieved from /home/airflow/.local/lib/python3.11/site-packages/airflow/example_dags/example_latest_only.py
[2024-02-26T15:52:40.028+0000] {logging_mixin.py:188} INFO - [2024-02-26T15:52:40.028+0000] {dag.py:3047} INFO - Sync 1 DAGs
[2024-02-26T15:52:40.044+0000] {logging_mixin.py:188} INFO - [2024-02-26T15:52:40.043+0000] {dag.py:3834} INFO - Setting next_dagrun for latest_only to 2024-02-26 08:00:00+00:00, run_after=2024-02-26 12:00:00+00:00
[2024-02-26T15:52:40.055+0000] {processor.py:183} INFO - Processing /home/airflow/.local/lib/python3.11/site-packages/airflow/example_dags/example_latest_only.py took 0.059 seconds
[2024-02-26T15:53:10.773+0000] {processor.py:161} INFO - Started process (PID=2569) to work on /home/airflow/.local/lib/python3.11/site-packages/airflow/example_dags/example_latest_only.py
[2024-02-26T15:53:10.775+0000] {processor.py:830} INFO - Processing file /home/airflow/.local/lib/python3.11/site-packages/airflow/example_dags/example_latest_only.py for tasks to queue
[2024-02-26T15:53:10.776+0000] {logging_mixin.py:188} INFO - [2024-02-26T15:53:10.776+0000] {dagbag.py:540} INFO - Filling up the DagBag from /home/airflow/.local/lib/python3.11/site-packages/airflow/example_dags/example_latest_only.py
[2024-02-26T15:53:10.782+0000] {processor.py:840} INFO - DAG(s) 'latest_only' retrieved from /home/airflow/.local/lib/python3.11/site-packages/airflow/example_dags/example_latest_only.py
[2024-02-26T15:53:10.801+0000] {logging_mixin.py:188} INFO - [2024-02-26T15:53:10.801+0000] {dag.py:3047} INFO - Sync 1 DAGs
[2024-02-26T15:53:10.817+0000] {logging_mixin.py:188} INFO - [2024-02-26T15:53:10.816+0000] {dag.py:3834} INFO - Setting next_dagrun for latest_only to 2024-02-26 08:00:00+00:00, run_after=2024-02-26 12:00:00+00:00
[2024-02-26T15:53:10.828+0000] {processor.py:183} INFO - Processing /home/airflow/.local/lib/python3.11/site-packages/airflow/example_dags/example_latest_only.py took 0.058 seconds
[2024-02-26T15:53:41.609+0000] {processor.py:161} INFO - Started process (PID=2816) to work on /home/airflow/.local/lib/python3.11/site-packages/airflow/example_dags/example_latest_only.py
[2024-02-26T15:53:41.611+0000] {processor.py:830} INFO - Processing file /home/airflow/.local/lib/python3.11/site-packages/airflow/example_dags/example_latest_only.py for tasks to queue
[2024-02-26T15:53:41.612+0000] {logging_mixin.py:188} INFO - [2024-02-26T15:53:41.612+0000] {dagbag.py:540} INFO - Filling up the DagBag from /home/airflow/.local/lib/python3.11/site-packages/airflow/example_dags/example_latest_only.py
[2024-02-26T15:53:41.618+0000] {processor.py:840} INFO - DAG(s) 'latest_only' retrieved from /home/airflow/.local/lib/python3.11/site-packages/airflow/example_dags/example_latest_only.py
[2024-02-26T15:53:41.640+0000] {logging_mixin.py:188} INFO - [2024-02-26T15:53:41.640+0000] {dag.py:3047} INFO - Sync 1 DAGs
[2024-02-26T15:53:41.654+0000] {logging_mixin.py:188} INFO - [2024-02-26T15:53:41.654+0000] {dag.py:3834} INFO - Setting next_dagrun for latest_only to 2024-02-26 08:00:00+00:00, run_after=2024-02-26 12:00:00+00:00
[2024-02-26T15:53:41.666+0000] {processor.py:183} INFO - Processing /home/airflow/.local/lib/python3.11/site-packages/airflow/example_dags/example_latest_only.py took 0.062 seconds
[2024-02-26T15:54:12.384+0000] {processor.py:161} INFO - Started process (PID=3063) to work on /home/airflow/.local/lib/python3.11/site-packages/airflow/example_dags/example_latest_only.py
[2024-02-26T15:54:12.386+0000] {processor.py:830} INFO - Processing file /home/airflow/.local/lib/python3.11/site-packages/airflow/example_dags/example_latest_only.py for tasks to queue
[2024-02-26T15:54:12.387+0000] {logging_mixin.py:188} INFO - [2024-02-26T15:54:12.387+0000] {dagbag.py:540} INFO - Filling up the DagBag from /home/airflow/.local/lib/python3.11/site-packages/airflow/example_dags/example_latest_only.py
[2024-02-26T15:54:12.393+0000] {processor.py:840} INFO - DAG(s) 'latest_only' retrieved from /home/airflow/.local/lib/python3.11/site-packages/airflow/example_dags/example_latest_only.py
[2024-02-26T15:54:12.412+0000] {logging_mixin.py:188} INFO - [2024-02-26T15:54:12.412+0000] {dag.py:3047} INFO - Sync 1 DAGs
[2024-02-26T15:54:12.425+0000] {logging_mixin.py:188} INFO - [2024-02-26T15:54:12.425+0000] {dag.py:3834} INFO - Setting next_dagrun for latest_only to 2024-02-26 08:00:00+00:00, run_after=2024-02-26 12:00:00+00:00
[2024-02-26T15:54:12.437+0000] {processor.py:183} INFO - Processing /home/airflow/.local/lib/python3.11/site-packages/airflow/example_dags/example_latest_only.py took 0.057 seconds
[2024-02-26T15:54:43.262+0000] {processor.py:161} INFO - Started process (PID=3312) to work on /home/airflow/.local/lib/python3.11/site-packages/airflow/example_dags/example_latest_only.py
[2024-02-26T15:54:43.263+0000] {processor.py:830} INFO - Processing file /home/airflow/.local/lib/python3.11/site-packages/airflow/example_dags/example_latest_only.py for tasks to queue
[2024-02-26T15:54:43.265+0000] {logging_mixin.py:188} INFO - [2024-02-26T15:54:43.264+0000] {dagbag.py:540} INFO - Filling up the DagBag from /home/airflow/.local/lib/python3.11/site-packages/airflow/example_dags/example_latest_only.py
[2024-02-26T15:54:43.271+0000] {processor.py:840} INFO - DAG(s) 'latest_only' retrieved from /home/airflow/.local/lib/python3.11/site-packages/airflow/example_dags/example_latest_only.py
[2024-02-26T15:54:43.290+0000] {logging_mixin.py:188} INFO - [2024-02-26T15:54:43.289+0000] {dag.py:3047} INFO - Sync 1 DAGs
[2024-02-26T15:54:43.302+0000] {logging_mixin.py:188} INFO - [2024-02-26T15:54:43.302+0000] {dag.py:3834} INFO - Setting next_dagrun for latest_only to 2024-02-26 08:00:00+00:00, run_after=2024-02-26 12:00:00+00:00
[2024-02-26T15:54:43.312+0000] {processor.py:183} INFO - Processing /home/airflow/.local/lib/python3.11/site-packages/airflow/example_dags/example_latest_only.py took 0.054 seconds
[2024-02-26T15:55:14.239+0000] {processor.py:161} INFO - Started process (PID=3558) to work on /home/airflow/.local/lib/python3.11/site-packages/airflow/example_dags/example_latest_only.py
[2024-02-26T15:55:14.241+0000] {processor.py:830} INFO - Processing file /home/airflow/.local/lib/python3.11/site-packages/airflow/example_dags/example_latest_only.py for tasks to queue
[2024-02-26T15:55:14.243+0000] {logging_mixin.py:188} INFO - [2024-02-26T15:55:14.242+0000] {dagbag.py:540} INFO - Filling up the DagBag from /home/airflow/.local/lib/python3.11/site-packages/airflow/example_dags/example_latest_only.py
[2024-02-26T15:55:14.251+0000] {processor.py:840} INFO - DAG(s) 'latest_only' retrieved from /home/airflow/.local/lib/python3.11/site-packages/airflow/example_dags/example_latest_only.py
[2024-02-26T15:55:14.271+0000] {logging_mixin.py:188} INFO - [2024-02-26T15:55:14.271+0000] {dag.py:3047} INFO - Sync 1 DAGs
[2024-02-26T15:55:14.287+0000] {logging_mixin.py:188} INFO - [2024-02-26T15:55:14.287+0000] {dag.py:3834} INFO - Setting next_dagrun for latest_only to 2024-02-26 08:00:00+00:00, run_after=2024-02-26 12:00:00+00:00
[2024-02-26T15:55:14.299+0000] {processor.py:183} INFO - Processing /home/airflow/.local/lib/python3.11/site-packages/airflow/example_dags/example_latest_only.py took 0.063 seconds
[2024-02-26T15:55:45.243+0000] {processor.py:161} INFO - Started process (PID=3803) to work on /home/airflow/.local/lib/python3.11/site-packages/airflow/example_dags/example_latest_only.py
[2024-02-26T15:55:45.245+0000] {processor.py:830} INFO - Processing file /home/airflow/.local/lib/python3.11/site-packages/airflow/example_dags/example_latest_only.py for tasks to queue
[2024-02-26T15:55:45.247+0000] {logging_mixin.py:188} INFO - [2024-02-26T15:55:45.247+0000] {dagbag.py:540} INFO - Filling up the DagBag from /home/airflow/.local/lib/python3.11/site-packages/airflow/example_dags/example_latest_only.py
[2024-02-26T15:55:45.252+0000] {processor.py:840} INFO - DAG(s) 'latest_only' retrieved from /home/airflow/.local/lib/python3.11/site-packages/airflow/example_dags/example_latest_only.py
[2024-02-26T15:55:45.271+0000] {logging_mixin.py:188} INFO - [2024-02-26T15:55:45.271+0000] {dag.py:3047} INFO - Sync 1 DAGs
[2024-02-26T15:55:45.286+0000] {logging_mixin.py:188} INFO - [2024-02-26T15:55:45.286+0000] {dag.py:3834} INFO - Setting next_dagrun for latest_only to 2024-02-26 08:00:00+00:00, run_after=2024-02-26 12:00:00+00:00
[2024-02-26T15:55:45.306+0000] {processor.py:183} INFO - Processing /home/airflow/.local/lib/python3.11/site-packages/airflow/example_dags/example_latest_only.py took 0.066 seconds
[2024-02-26T15:56:15.463+0000] {processor.py:161} INFO - Started process (PID=4050) to work on /home/airflow/.local/lib/python3.11/site-packages/airflow/example_dags/example_latest_only.py
[2024-02-26T15:56:15.465+0000] {processor.py:830} INFO - Processing file /home/airflow/.local/lib/python3.11/site-packages/airflow/example_dags/example_latest_only.py for tasks to queue
[2024-02-26T15:56:15.466+0000] {logging_mixin.py:188} INFO - [2024-02-26T15:56:15.466+0000] {dagbag.py:540} INFO - Filling up the DagBag from /home/airflow/.local/lib/python3.11/site-packages/airflow/example_dags/example_latest_only.py
[2024-02-26T15:56:15.471+0000] {processor.py:840} INFO - DAG(s) 'latest_only' retrieved from /home/airflow/.local/lib/python3.11/site-packages/airflow/example_dags/example_latest_only.py
[2024-02-26T15:56:15.493+0000] {logging_mixin.py:188} INFO - [2024-02-26T15:56:15.493+0000] {dag.py:3047} INFO - Sync 1 DAGs
[2024-02-26T15:56:15.509+0000] {logging_mixin.py:188} INFO - [2024-02-26T15:56:15.509+0000] {dag.py:3834} INFO - Setting next_dagrun for latest_only to 2024-02-26 08:00:00+00:00, run_after=2024-02-26 12:00:00+00:00
[2024-02-26T15:56:15.520+0000] {processor.py:183} INFO - Processing /home/airflow/.local/lib/python3.11/site-packages/airflow/example_dags/example_latest_only.py took 0.060 seconds
[2024-02-26T15:56:45.871+0000] {processor.py:161} INFO - Started process (PID=4298) to work on /home/airflow/.local/lib/python3.11/site-packages/airflow/example_dags/example_latest_only.py
[2024-02-26T15:56:45.873+0000] {processor.py:830} INFO - Processing file /home/airflow/.local/lib/python3.11/site-packages/airflow/example_dags/example_latest_only.py for tasks to queue
[2024-02-26T15:56:45.874+0000] {logging_mixin.py:188} INFO - [2024-02-26T15:56:45.874+0000] {dagbag.py:540} INFO - Filling up the DagBag from /home/airflow/.local/lib/python3.11/site-packages/airflow/example_dags/example_latest_only.py
[2024-02-26T15:56:45.879+0000] {processor.py:840} INFO - DAG(s) 'latest_only' retrieved from /home/airflow/.local/lib/python3.11/site-packages/airflow/example_dags/example_latest_only.py
[2024-02-26T15:56:45.901+0000] {logging_mixin.py:188} INFO - [2024-02-26T15:56:45.901+0000] {dag.py:3047} INFO - Sync 1 DAGs
[2024-02-26T15:56:45.915+0000] {logging_mixin.py:188} INFO - [2024-02-26T15:56:45.915+0000] {dag.py:3834} INFO - Setting next_dagrun for latest_only to 2024-02-26 08:00:00+00:00, run_after=2024-02-26 12:00:00+00:00
[2024-02-26T15:56:45.929+0000] {processor.py:183} INFO - Processing /home/airflow/.local/lib/python3.11/site-packages/airflow/example_dags/example_latest_only.py took 0.061 seconds
[2024-02-26T15:57:16.230+0000] {processor.py:161} INFO - Started process (PID=4547) to work on /home/airflow/.local/lib/python3.11/site-packages/airflow/example_dags/example_latest_only.py
[2024-02-26T15:57:16.232+0000] {processor.py:830} INFO - Processing file /home/airflow/.local/lib/python3.11/site-packages/airflow/example_dags/example_latest_only.py for tasks to queue
[2024-02-26T15:57:16.235+0000] {logging_mixin.py:188} INFO - [2024-02-26T15:57:16.234+0000] {dagbag.py:540} INFO - Filling up the DagBag from /home/airflow/.local/lib/python3.11/site-packages/airflow/example_dags/example_latest_only.py
[2024-02-26T15:57:16.243+0000] {processor.py:840} INFO - DAG(s) 'latest_only' retrieved from /home/airflow/.local/lib/python3.11/site-packages/airflow/example_dags/example_latest_only.py
[2024-02-26T15:57:16.263+0000] {logging_mixin.py:188} INFO - [2024-02-26T15:57:16.263+0000] {dag.py:3047} INFO - Sync 1 DAGs
[2024-02-26T15:57:16.279+0000] {logging_mixin.py:188} INFO - [2024-02-26T15:57:16.279+0000] {dag.py:3834} INFO - Setting next_dagrun for latest_only to 2024-02-26 08:00:00+00:00, run_after=2024-02-26 12:00:00+00:00
[2024-02-26T15:57:16.290+0000] {processor.py:183} INFO - Processing /home/airflow/.local/lib/python3.11/site-packages/airflow/example_dags/example_latest_only.py took 0.062 seconds
[2024-02-26T15:57:46.550+0000] {processor.py:161} INFO - Started process (PID=4792) to work on /home/airflow/.local/lib/python3.11/site-packages/airflow/example_dags/example_latest_only.py
[2024-02-26T15:57:46.553+0000] {processor.py:830} INFO - Processing file /home/airflow/.local/lib/python3.11/site-packages/airflow/example_dags/example_latest_only.py for tasks to queue
[2024-02-26T15:57:46.555+0000] {logging_mixin.py:188} INFO - [2024-02-26T15:57:46.555+0000] {dagbag.py:540} INFO - Filling up the DagBag from /home/airflow/.local/lib/python3.11/site-packages/airflow/example_dags/example_latest_only.py
[2024-02-26T15:57:46.560+0000] {processor.py:840} INFO - DAG(s) 'latest_only' retrieved from /home/airflow/.local/lib/python3.11/site-packages/airflow/example_dags/example_latest_only.py
[2024-02-26T15:57:46.584+0000] {logging_mixin.py:188} INFO - [2024-02-26T15:57:46.584+0000] {dag.py:3047} INFO - Sync 1 DAGs
[2024-02-26T15:57:46.603+0000] {logging_mixin.py:188} INFO - [2024-02-26T15:57:46.603+0000] {dag.py:3834} INFO - Setting next_dagrun for latest_only to 2024-02-26 08:00:00+00:00, run_after=2024-02-26 12:00:00+00:00
[2024-02-26T15:57:46.618+0000] {processor.py:183} INFO - Processing /home/airflow/.local/lib/python3.11/site-packages/airflow/example_dags/example_latest_only.py took 0.072 seconds
[2024-02-26T15:58:16.750+0000] {processor.py:161} INFO - Started process (PID=5039) to work on /home/airflow/.local/lib/python3.11/site-packages/airflow/example_dags/example_latest_only.py
[2024-02-26T15:58:16.753+0000] {processor.py:830} INFO - Processing file /home/airflow/.local/lib/python3.11/site-packages/airflow/example_dags/example_latest_only.py for tasks to queue
[2024-02-26T15:58:16.756+0000] {logging_mixin.py:188} INFO - [2024-02-26T15:58:16.755+0000] {dagbag.py:540} INFO - Filling up the DagBag from /home/airflow/.local/lib/python3.11/site-packages/airflow/example_dags/example_latest_only.py
[2024-02-26T15:58:16.762+0000] {processor.py:840} INFO - DAG(s) 'latest_only' retrieved from /home/airflow/.local/lib/python3.11/site-packages/airflow/example_dags/example_latest_only.py
[2024-02-26T15:58:16.786+0000] {logging_mixin.py:188} INFO - [2024-02-26T15:58:16.786+0000] {dag.py:3047} INFO - Sync 1 DAGs
[2024-02-26T15:58:16.802+0000] {logging_mixin.py:188} INFO - [2024-02-26T15:58:16.802+0000] {dag.py:3834} INFO - Setting next_dagrun for latest_only to 2024-02-26 08:00:00+00:00, run_after=2024-02-26 12:00:00+00:00
[2024-02-26T15:58:16.818+0000] {processor.py:183} INFO - Processing /home/airflow/.local/lib/python3.11/site-packages/airflow/example_dags/example_latest_only.py took 0.073 seconds
[2024-02-26T15:58:47.203+0000] {processor.py:161} INFO - Started process (PID=5289) to work on /home/airflow/.local/lib/python3.11/site-packages/airflow/example_dags/example_latest_only.py
[2024-02-26T15:58:47.205+0000] {processor.py:830} INFO - Processing file /home/airflow/.local/lib/python3.11/site-packages/airflow/example_dags/example_latest_only.py for tasks to queue
[2024-02-26T15:58:47.207+0000] {logging_mixin.py:188} INFO - [2024-02-26T15:58:47.207+0000] {dagbag.py:540} INFO - Filling up the DagBag from /home/airflow/.local/lib/python3.11/site-packages/airflow/example_dags/example_latest_only.py
[2024-02-26T15:58:47.213+0000] {processor.py:840} INFO - DAG(s) 'latest_only' retrieved from /home/airflow/.local/lib/python3.11/site-packages/airflow/example_dags/example_latest_only.py
[2024-02-26T15:58:47.233+0000] {logging_mixin.py:188} INFO - [2024-02-26T15:58:47.233+0000] {dag.py:3047} INFO - Sync 1 DAGs
[2024-02-26T15:58:47.251+0000] {logging_mixin.py:188} INFO - [2024-02-26T15:58:47.250+0000] {dag.py:3834} INFO - Setting next_dagrun for latest_only to 2024-02-26 08:00:00+00:00, run_after=2024-02-26 12:00:00+00:00
[2024-02-26T15:58:47.263+0000] {processor.py:183} INFO - Processing /home/airflow/.local/lib/python3.11/site-packages/airflow/example_dags/example_latest_only.py took 0.063 seconds
[2024-02-26T15:59:17.414+0000] {processor.py:161} INFO - Started process (PID=5537) to work on /home/airflow/.local/lib/python3.11/site-packages/airflow/example_dags/example_latest_only.py
[2024-02-26T15:59:17.416+0000] {processor.py:830} INFO - Processing file /home/airflow/.local/lib/python3.11/site-packages/airflow/example_dags/example_latest_only.py for tasks to queue
[2024-02-26T15:59:17.417+0000] {logging_mixin.py:188} INFO - [2024-02-26T15:59:17.417+0000] {dagbag.py:540} INFO - Filling up the DagBag from /home/airflow/.local/lib/python3.11/site-packages/airflow/example_dags/example_latest_only.py
[2024-02-26T15:59:17.422+0000] {processor.py:840} INFO - DAG(s) 'latest_only' retrieved from /home/airflow/.local/lib/python3.11/site-packages/airflow/example_dags/example_latest_only.py
[2024-02-26T15:59:17.441+0000] {logging_mixin.py:188} INFO - [2024-02-26T15:59:17.441+0000] {dag.py:3047} INFO - Sync 1 DAGs
[2024-02-26T15:59:17.456+0000] {logging_mixin.py:188} INFO - [2024-02-26T15:59:17.456+0000] {dag.py:3834} INFO - Setting next_dagrun for latest_only to 2024-02-26 08:00:00+00:00, run_after=2024-02-26 12:00:00+00:00
[2024-02-26T15:59:17.468+0000] {processor.py:183} INFO - Processing /home/airflow/.local/lib/python3.11/site-packages/airflow/example_dags/example_latest_only.py took 0.057 seconds
[2024-02-26T15:59:48.331+0000] {processor.py:161} INFO - Started process (PID=5782) to work on /home/airflow/.local/lib/python3.11/site-packages/airflow/example_dags/example_latest_only.py
[2024-02-26T15:59:48.336+0000] {processor.py:830} INFO - Processing file /home/airflow/.local/lib/python3.11/site-packages/airflow/example_dags/example_latest_only.py for tasks to queue
[2024-02-26T15:59:48.338+0000] {logging_mixin.py:188} INFO - [2024-02-26T15:59:48.338+0000] {dagbag.py:540} INFO - Filling up the DagBag from /home/airflow/.local/lib/python3.11/site-packages/airflow/example_dags/example_latest_only.py
[2024-02-26T15:59:48.345+0000] {processor.py:840} INFO - DAG(s) 'latest_only' retrieved from /home/airflow/.local/lib/python3.11/site-packages/airflow/example_dags/example_latest_only.py
[2024-02-26T15:59:48.365+0000] {logging_mixin.py:188} INFO - [2024-02-26T15:59:48.365+0000] {dag.py:3047} INFO - Sync 1 DAGs
[2024-02-26T15:59:48.378+0000] {logging_mixin.py:188} INFO - [2024-02-26T15:59:48.378+0000] {dag.py:3834} INFO - Setting next_dagrun for latest_only to 2024-02-26 08:00:00+00:00, run_after=2024-02-26 12:00:00+00:00
[2024-02-26T15:59:48.390+0000] {processor.py:183} INFO - Processing /home/airflow/.local/lib/python3.11/site-packages/airflow/example_dags/example_latest_only.py took 0.066 seconds
[2024-02-26T16:00:19.192+0000] {processor.py:161} INFO - Started process (PID=6029) to work on /home/airflow/.local/lib/python3.11/site-packages/airflow/example_dags/example_latest_only.py
[2024-02-26T16:00:19.195+0000] {processor.py:830} INFO - Processing file /home/airflow/.local/lib/python3.11/site-packages/airflow/example_dags/example_latest_only.py for tasks to queue
[2024-02-26T16:00:19.197+0000] {logging_mixin.py:188} INFO - [2024-02-26T16:00:19.196+0000] {dagbag.py:540} INFO - Filling up the DagBag from /home/airflow/.local/lib/python3.11/site-packages/airflow/example_dags/example_latest_only.py
[2024-02-26T16:00:19.203+0000] {processor.py:840} INFO - DAG(s) 'latest_only' retrieved from /home/airflow/.local/lib/python3.11/site-packages/airflow/example_dags/example_latest_only.py
[2024-02-26T16:00:19.224+0000] {logging_mixin.py:188} INFO - [2024-02-26T16:00:19.224+0000] {dag.py:3047} INFO - Sync 1 DAGs
[2024-02-26T16:00:19.237+0000] {logging_mixin.py:188} INFO - [2024-02-26T16:00:19.237+0000] {dag.py:3834} INFO - Setting next_dagrun for latest_only to 2024-02-26 12:00:00+00:00, run_after=2024-02-26 16:00:00+00:00
[2024-02-26T16:00:19.250+0000] {processor.py:183} INFO - Processing /home/airflow/.local/lib/python3.11/site-packages/airflow/example_dags/example_latest_only.py took 0.062 seconds
[2024-02-26T16:00:50.046+0000] {processor.py:161} INFO - Started process (PID=6275) to work on /home/airflow/.local/lib/python3.11/site-packages/airflow/example_dags/example_latest_only.py
[2024-02-26T16:00:50.049+0000] {processor.py:830} INFO - Processing file /home/airflow/.local/lib/python3.11/site-packages/airflow/example_dags/example_latest_only.py for tasks to queue
[2024-02-26T16:00:50.051+0000] {logging_mixin.py:188} INFO - [2024-02-26T16:00:50.051+0000] {dagbag.py:540} INFO - Filling up the DagBag from /home/airflow/.local/lib/python3.11/site-packages/airflow/example_dags/example_latest_only.py
[2024-02-26T16:00:50.063+0000] {processor.py:840} INFO - DAG(s) 'latest_only' retrieved from /home/airflow/.local/lib/python3.11/site-packages/airflow/example_dags/example_latest_only.py
[2024-02-26T16:00:50.085+0000] {logging_mixin.py:188} INFO - [2024-02-26T16:00:50.085+0000] {dag.py:3047} INFO - Sync 1 DAGs
[2024-02-26T16:00:50.105+0000] {logging_mixin.py:188} INFO - [2024-02-26T16:00:50.105+0000] {dag.py:3834} INFO - Setting next_dagrun for latest_only to 2024-02-26 12:00:00+00:00, run_after=2024-02-26 16:00:00+00:00
[2024-02-26T16:00:50.118+0000] {processor.py:183} INFO - Processing /home/airflow/.local/lib/python3.11/site-packages/airflow/example_dags/example_latest_only.py took 0.076 seconds
[2024-02-26T16:01:20.752+0000] {processor.py:161} INFO - Started process (PID=6522) to work on /home/airflow/.local/lib/python3.11/site-packages/airflow/example_dags/example_latest_only.py
[2024-02-26T16:01:20.754+0000] {processor.py:830} INFO - Processing file /home/airflow/.local/lib/python3.11/site-packages/airflow/example_dags/example_latest_only.py for tasks to queue
[2024-02-26T16:01:20.756+0000] {logging_mixin.py:188} INFO - [2024-02-26T16:01:20.755+0000] {dagbag.py:540} INFO - Filling up the DagBag from /home/airflow/.local/lib/python3.11/site-packages/airflow/example_dags/example_latest_only.py
[2024-02-26T16:01:20.761+0000] {processor.py:840} INFO - DAG(s) 'latest_only' retrieved from /home/airflow/.local/lib/python3.11/site-packages/airflow/example_dags/example_latest_only.py
[2024-02-26T16:01:20.784+0000] {logging_mixin.py:188} INFO - [2024-02-26T16:01:20.784+0000] {dag.py:3047} INFO - Sync 1 DAGs
[2024-02-26T16:01:20.801+0000] {logging_mixin.py:188} INFO - [2024-02-26T16:01:20.801+0000] {dag.py:3834} INFO - Setting next_dagrun for latest_only to 2024-02-26 12:00:00+00:00, run_after=2024-02-26 16:00:00+00:00
[2024-02-26T16:01:20.813+0000] {processor.py:183} INFO - Processing /home/airflow/.local/lib/python3.11/site-packages/airflow/example_dags/example_latest_only.py took 0.063 seconds
[2024-02-26T16:01:50.960+0000] {processor.py:161} INFO - Started process (PID=6766) to work on /home/airflow/.local/lib/python3.11/site-packages/airflow/example_dags/example_latest_only.py
[2024-02-26T16:01:50.964+0000] {processor.py:830} INFO - Processing file /home/airflow/.local/lib/python3.11/site-packages/airflow/example_dags/example_latest_only.py for tasks to queue
[2024-02-26T16:01:50.966+0000] {logging_mixin.py:188} INFO - [2024-02-26T16:01:50.965+0000] {dagbag.py:540} INFO - Filling up the DagBag from /home/airflow/.local/lib/python3.11/site-packages/airflow/example_dags/example_latest_only.py
[2024-02-26T16:01:50.973+0000] {processor.py:840} INFO - DAG(s) 'latest_only' retrieved from /home/airflow/.local/lib/python3.11/site-packages/airflow/example_dags/example_latest_only.py
[2024-02-26T16:01:50.998+0000] {logging_mixin.py:188} INFO - [2024-02-26T16:01:50.998+0000] {dag.py:3047} INFO - Sync 1 DAGs
[2024-02-26T16:01:51.012+0000] {logging_mixin.py:188} INFO - [2024-02-26T16:01:51.012+0000] {dag.py:3834} INFO - Setting next_dagrun for latest_only to 2024-02-26 12:00:00+00:00, run_after=2024-02-26 16:00:00+00:00
[2024-02-26T16:01:51.023+0000] {processor.py:183} INFO - Processing /home/airflow/.local/lib/python3.11/site-packages/airflow/example_dags/example_latest_only.py took 0.068 seconds
[2024-02-26T16:02:21.060+0000] {processor.py:161} INFO - Started process (PID=7011) to work on /home/airflow/.local/lib/python3.11/site-packages/airflow/example_dags/example_latest_only.py
[2024-02-26T16:02:21.062+0000] {processor.py:830} INFO - Processing file /home/airflow/.local/lib/python3.11/site-packages/airflow/example_dags/example_latest_only.py for tasks to queue
[2024-02-26T16:02:21.066+0000] {logging_mixin.py:188} INFO - [2024-02-26T16:02:21.066+0000] {dagbag.py:540} INFO - Filling up the DagBag from /home/airflow/.local/lib/python3.11/site-packages/airflow/example_dags/example_latest_only.py
[2024-02-26T16:02:21.072+0000] {processor.py:840} INFO - DAG(s) 'latest_only' retrieved from /home/airflow/.local/lib/python3.11/site-packages/airflow/example_dags/example_latest_only.py
[2024-02-26T16:02:21.093+0000] {logging_mixin.py:188} INFO - [2024-02-26T16:02:21.093+0000] {dag.py:3047} INFO - Sync 1 DAGs
[2024-02-26T16:02:21.109+0000] {logging_mixin.py:188} INFO - [2024-02-26T16:02:21.109+0000] {dag.py:3834} INFO - Setting next_dagrun for latest_only to 2024-02-26 12:00:00+00:00, run_after=2024-02-26 16:00:00+00:00
[2024-02-26T16:02:21.122+0000] {processor.py:183} INFO - Processing /home/airflow/.local/lib/python3.11/site-packages/airflow/example_dags/example_latest_only.py took 0.066 seconds
[2024-02-26T16:02:51.267+0000] {processor.py:161} INFO - Started process (PID=7258) to work on /home/airflow/.local/lib/python3.11/site-packages/airflow/example_dags/example_latest_only.py
[2024-02-26T16:02:51.269+0000] {processor.py:830} INFO - Processing file /home/airflow/.local/lib/python3.11/site-packages/airflow/example_dags/example_latest_only.py for tasks to queue
[2024-02-26T16:02:51.270+0000] {logging_mixin.py:188} INFO - [2024-02-26T16:02:51.270+0000] {dagbag.py:540} INFO - Filling up the DagBag from /home/airflow/.local/lib/python3.11/site-packages/airflow/example_dags/example_latest_only.py
[2024-02-26T16:02:51.276+0000] {processor.py:840} INFO - DAG(s) 'latest_only' retrieved from /home/airflow/.local/lib/python3.11/site-packages/airflow/example_dags/example_latest_only.py
[2024-02-26T16:02:51.295+0000] {logging_mixin.py:188} INFO - [2024-02-26T16:02:51.295+0000] {dag.py:3047} INFO - Sync 1 DAGs
[2024-02-26T16:02:51.312+0000] {logging_mixin.py:188} INFO - [2024-02-26T16:02:51.312+0000] {dag.py:3834} INFO - Setting next_dagrun for latest_only to 2024-02-26 12:00:00+00:00, run_after=2024-02-26 16:00:00+00:00
[2024-02-26T16:02:51.327+0000] {processor.py:183} INFO - Processing /home/airflow/.local/lib/python3.11/site-packages/airflow/example_dags/example_latest_only.py took 0.063 seconds
[2024-02-26T16:03:21.431+0000] {processor.py:161} INFO - Started process (PID=7505) to work on /home/airflow/.local/lib/python3.11/site-packages/airflow/example_dags/example_latest_only.py
[2024-02-26T16:03:21.433+0000] {processor.py:830} INFO - Processing file /home/airflow/.local/lib/python3.11/site-packages/airflow/example_dags/example_latest_only.py for tasks to queue
[2024-02-26T16:03:21.434+0000] {logging_mixin.py:188} INFO - [2024-02-26T16:03:21.434+0000] {dagbag.py:540} INFO - Filling up the DagBag from /home/airflow/.local/lib/python3.11/site-packages/airflow/example_dags/example_latest_only.py
[2024-02-26T16:03:21.439+0000] {processor.py:840} INFO - DAG(s) 'latest_only' retrieved from /home/airflow/.local/lib/python3.11/site-packages/airflow/example_dags/example_latest_only.py
[2024-02-26T16:03:21.460+0000] {logging_mixin.py:188} INFO - [2024-02-26T16:03:21.460+0000] {dag.py:3047} INFO - Sync 1 DAGs
[2024-02-26T16:03:21.477+0000] {logging_mixin.py:188} INFO - [2024-02-26T16:03:21.477+0000] {dag.py:3834} INFO - Setting next_dagrun for latest_only to 2024-02-26 12:00:00+00:00, run_after=2024-02-26 16:00:00+00:00
[2024-02-26T16:03:21.489+0000] {processor.py:183} INFO - Processing /home/airflow/.local/lib/python3.11/site-packages/airflow/example_dags/example_latest_only.py took 0.061 seconds
[2024-02-26T16:03:51.603+0000] {processor.py:161} INFO - Started process (PID=7753) to work on /home/airflow/.local/lib/python3.11/site-packages/airflow/example_dags/example_latest_only.py
[2024-02-26T16:03:51.605+0000] {processor.py:830} INFO - Processing file /home/airflow/.local/lib/python3.11/site-packages/airflow/example_dags/example_latest_only.py for tasks to queue
[2024-02-26T16:03:51.606+0000] {logging_mixin.py:188} INFO - [2024-02-26T16:03:51.606+0000] {dagbag.py:540} INFO - Filling up the DagBag from /home/airflow/.local/lib/python3.11/site-packages/airflow/example_dags/example_latest_only.py
[2024-02-26T16:03:51.612+0000] {processor.py:840} INFO - DAG(s) 'latest_only' retrieved from /home/airflow/.local/lib/python3.11/site-packages/airflow/example_dags/example_latest_only.py
[2024-02-26T16:03:51.631+0000] {logging_mixin.py:188} INFO - [2024-02-26T16:03:51.631+0000] {dag.py:3047} INFO - Sync 1 DAGs
[2024-02-26T16:03:51.646+0000] {logging_mixin.py:188} INFO - [2024-02-26T16:03:51.645+0000] {dag.py:3834} INFO - Setting next_dagrun for latest_only to 2024-02-26 12:00:00+00:00, run_after=2024-02-26 16:00:00+00:00
[2024-02-26T16:03:51.657+0000] {processor.py:183} INFO - Processing /home/airflow/.local/lib/python3.11/site-packages/airflow/example_dags/example_latest_only.py took 0.058 seconds
[2024-02-26T16:04:22.331+0000] {processor.py:161} INFO - Started process (PID=8000) to work on /home/airflow/.local/lib/python3.11/site-packages/airflow/example_dags/example_latest_only.py
[2024-02-26T16:04:22.335+0000] {processor.py:830} INFO - Processing file /home/airflow/.local/lib/python3.11/site-packages/airflow/example_dags/example_latest_only.py for tasks to queue
[2024-02-26T16:04:22.337+0000] {logging_mixin.py:188} INFO - [2024-02-26T16:04:22.336+0000] {dagbag.py:540} INFO - Filling up the DagBag from /home/airflow/.local/lib/python3.11/site-packages/airflow/example_dags/example_latest_only.py
[2024-02-26T16:04:22.342+0000] {processor.py:840} INFO - DAG(s) 'latest_only' retrieved from /home/airflow/.local/lib/python3.11/site-packages/airflow/example_dags/example_latest_only.py
[2024-02-26T16:04:22.368+0000] {logging_mixin.py:188} INFO - [2024-02-26T16:04:22.368+0000] {dag.py:3047} INFO - Sync 1 DAGs
[2024-02-26T16:04:22.383+0000] {logging_mixin.py:188} INFO - [2024-02-26T16:04:22.383+0000] {dag.py:3834} INFO - Setting next_dagrun for latest_only to 2024-02-26 12:00:00+00:00, run_after=2024-02-26 16:00:00+00:00
[2024-02-26T16:04:22.395+0000] {processor.py:183} INFO - Processing /home/airflow/.local/lib/python3.11/site-packages/airflow/example_dags/example_latest_only.py took 0.067 seconds
[2024-02-26T16:04:53.159+0000] {processor.py:161} INFO - Started process (PID=8247) to work on /home/airflow/.local/lib/python3.11/site-packages/airflow/example_dags/example_latest_only.py
[2024-02-26T16:04:53.161+0000] {processor.py:830} INFO - Processing file /home/airflow/.local/lib/python3.11/site-packages/airflow/example_dags/example_latest_only.py for tasks to queue
[2024-02-26T16:04:53.163+0000] {logging_mixin.py:188} INFO - [2024-02-26T16:04:53.163+0000] {dagbag.py:540} INFO - Filling up the DagBag from /home/airflow/.local/lib/python3.11/site-packages/airflow/example_dags/example_latest_only.py
[2024-02-26T16:04:53.168+0000] {processor.py:840} INFO - DAG(s) 'latest_only' retrieved from /home/airflow/.local/lib/python3.11/site-packages/airflow/example_dags/example_latest_only.py
[2024-02-26T16:04:53.190+0000] {logging_mixin.py:188} INFO - [2024-02-26T16:04:53.189+0000] {dag.py:3047} INFO - Sync 1 DAGs
[2024-02-26T16:04:53.206+0000] {logging_mixin.py:188} INFO - [2024-02-26T16:04:53.206+0000] {dag.py:3834} INFO - Setting next_dagrun for latest_only to 2024-02-26 12:00:00+00:00, run_after=2024-02-26 16:00:00+00:00
[2024-02-26T16:04:53.218+0000] {processor.py:183} INFO - Processing /home/airflow/.local/lib/python3.11/site-packages/airflow/example_dags/example_latest_only.py took 0.062 seconds
[2024-02-26T16:05:23.917+0000] {processor.py:161} INFO - Started process (PID=8494) to work on /home/airflow/.local/lib/python3.11/site-packages/airflow/example_dags/example_latest_only.py
[2024-02-26T16:05:23.920+0000] {processor.py:830} INFO - Processing file /home/airflow/.local/lib/python3.11/site-packages/airflow/example_dags/example_latest_only.py for tasks to queue
[2024-02-26T16:05:23.922+0000] {logging_mixin.py:188} INFO - [2024-02-26T16:05:23.921+0000] {dagbag.py:540} INFO - Filling up the DagBag from /home/airflow/.local/lib/python3.11/site-packages/airflow/example_dags/example_latest_only.py
[2024-02-26T16:05:23.928+0000] {processor.py:840} INFO - DAG(s) 'latest_only' retrieved from /home/airflow/.local/lib/python3.11/site-packages/airflow/example_dags/example_latest_only.py
[2024-02-26T16:05:23.949+0000] {logging_mixin.py:188} INFO - [2024-02-26T16:05:23.949+0000] {dag.py:3047} INFO - Sync 1 DAGs
[2024-02-26T16:05:23.968+0000] {logging_mixin.py:188} INFO - [2024-02-26T16:05:23.967+0000] {dag.py:3834} INFO - Setting next_dagrun for latest_only to 2024-02-26 12:00:00+00:00, run_after=2024-02-26 16:00:00+00:00
[2024-02-26T16:05:23.980+0000] {processor.py:183} INFO - Processing /home/airflow/.local/lib/python3.11/site-packages/airflow/example_dags/example_latest_only.py took 0.067 seconds
[2024-02-26T16:05:54.624+0000] {processor.py:161} INFO - Started process (PID=8741) to work on /home/airflow/.local/lib/python3.11/site-packages/airflow/example_dags/example_latest_only.py
[2024-02-26T16:05:54.625+0000] {processor.py:830} INFO - Processing file /home/airflow/.local/lib/python3.11/site-packages/airflow/example_dags/example_latest_only.py for tasks to queue
[2024-02-26T16:05:54.628+0000] {logging_mixin.py:188} INFO - [2024-02-26T16:05:54.627+0000] {dagbag.py:540} INFO - Filling up the DagBag from /home/airflow/.local/lib/python3.11/site-packages/airflow/example_dags/example_latest_only.py
[2024-02-26T16:05:54.633+0000] {processor.py:840} INFO - DAG(s) 'latest_only' retrieved from /home/airflow/.local/lib/python3.11/site-packages/airflow/example_dags/example_latest_only.py
[2024-02-26T16:05:54.653+0000] {logging_mixin.py:188} INFO - [2024-02-26T16:05:54.653+0000] {dag.py:3047} INFO - Sync 1 DAGs
[2024-02-26T16:05:54.669+0000] {logging_mixin.py:188} INFO - [2024-02-26T16:05:54.669+0000] {dag.py:3834} INFO - Setting next_dagrun for latest_only to 2024-02-26 12:00:00+00:00, run_after=2024-02-26 16:00:00+00:00
[2024-02-26T16:05:54.680+0000] {processor.py:183} INFO - Processing /home/airflow/.local/lib/python3.11/site-packages/airflow/example_dags/example_latest_only.py took 0.059 seconds
[2024-02-26T16:06:25.509+0000] {processor.py:161} INFO - Started process (PID=8988) to work on /home/airflow/.local/lib/python3.11/site-packages/airflow/example_dags/example_latest_only.py
[2024-02-26T16:06:25.511+0000] {processor.py:830} INFO - Processing file /home/airflow/.local/lib/python3.11/site-packages/airflow/example_dags/example_latest_only.py for tasks to queue
[2024-02-26T16:06:25.513+0000] {logging_mixin.py:188} INFO - [2024-02-26T16:06:25.513+0000] {dagbag.py:540} INFO - Filling up the DagBag from /home/airflow/.local/lib/python3.11/site-packages/airflow/example_dags/example_latest_only.py
[2024-02-26T16:06:25.519+0000] {processor.py:840} INFO - DAG(s) 'latest_only' retrieved from /home/airflow/.local/lib/python3.11/site-packages/airflow/example_dags/example_latest_only.py
[2024-02-26T16:06:25.538+0000] {logging_mixin.py:188} INFO - [2024-02-26T16:06:25.538+0000] {dag.py:3047} INFO - Sync 1 DAGs
[2024-02-26T16:06:25.554+0000] {logging_mixin.py:188} INFO - [2024-02-26T16:06:25.554+0000] {dag.py:3834} INFO - Setting next_dagrun for latest_only to 2024-02-26 12:00:00+00:00, run_after=2024-02-26 16:00:00+00:00
[2024-02-26T16:06:25.565+0000] {processor.py:183} INFO - Processing /home/airflow/.local/lib/python3.11/site-packages/airflow/example_dags/example_latest_only.py took 0.059 seconds
[2024-02-26T16:06:56.370+0000] {processor.py:161} INFO - Started process (PID=9235) to work on /home/airflow/.local/lib/python3.11/site-packages/airflow/example_dags/example_latest_only.py
[2024-02-26T16:06:56.373+0000] {processor.py:830} INFO - Processing file /home/airflow/.local/lib/python3.11/site-packages/airflow/example_dags/example_latest_only.py for tasks to queue
[2024-02-26T16:06:56.374+0000] {logging_mixin.py:188} INFO - [2024-02-26T16:06:56.374+0000] {dagbag.py:540} INFO - Filling up the DagBag from /home/airflow/.local/lib/python3.11/site-packages/airflow/example_dags/example_latest_only.py
[2024-02-26T16:06:56.382+0000] {processor.py:840} INFO - DAG(s) 'latest_only' retrieved from /home/airflow/.local/lib/python3.11/site-packages/airflow/example_dags/example_latest_only.py
[2024-02-26T16:06:56.404+0000] {logging_mixin.py:188} INFO - [2024-02-26T16:06:56.404+0000] {dag.py:3047} INFO - Sync 1 DAGs
[2024-02-26T16:06:56.422+0000] {logging_mixin.py:188} INFO - [2024-02-26T16:06:56.422+0000] {dag.py:3834} INFO - Setting next_dagrun for latest_only to 2024-02-26 12:00:00+00:00, run_after=2024-02-26 16:00:00+00:00
[2024-02-26T16:06:56.434+0000] {processor.py:183} INFO - Processing /home/airflow/.local/lib/python3.11/site-packages/airflow/example_dags/example_latest_only.py took 0.067 seconds
[2024-02-26T16:07:26.492+0000] {processor.py:161} INFO - Started process (PID=9482) to work on /home/airflow/.local/lib/python3.11/site-packages/airflow/example_dags/example_latest_only.py
[2024-02-26T16:07:26.494+0000] {processor.py:830} INFO - Processing file /home/airflow/.local/lib/python3.11/site-packages/airflow/example_dags/example_latest_only.py for tasks to queue
[2024-02-26T16:07:26.496+0000] {logging_mixin.py:188} INFO - [2024-02-26T16:07:26.496+0000] {dagbag.py:540} INFO - Filling up the DagBag from /home/airflow/.local/lib/python3.11/site-packages/airflow/example_dags/example_latest_only.py
[2024-02-26T16:07:26.503+0000] {processor.py:840} INFO - DAG(s) 'latest_only' retrieved from /home/airflow/.local/lib/python3.11/site-packages/airflow/example_dags/example_latest_only.py
[2024-02-26T16:07:26.523+0000] {logging_mixin.py:188} INFO - [2024-02-26T16:07:26.523+0000] {dag.py:3047} INFO - Sync 1 DAGs
[2024-02-26T16:07:26.538+0000] {logging_mixin.py:188} INFO - [2024-02-26T16:07:26.538+0000] {dag.py:3834} INFO - Setting next_dagrun for latest_only to 2024-02-26 12:00:00+00:00, run_after=2024-02-26 16:00:00+00:00
[2024-02-26T16:07:26.551+0000] {processor.py:183} INFO - Processing /home/airflow/.local/lib/python3.11/site-packages/airflow/example_dags/example_latest_only.py took 0.062 seconds
[2024-02-26T16:07:56.646+0000] {processor.py:161} INFO - Started process (PID=9729) to work on /home/airflow/.local/lib/python3.11/site-packages/airflow/example_dags/example_latest_only.py
[2024-02-26T16:07:56.648+0000] {processor.py:830} INFO - Processing file /home/airflow/.local/lib/python3.11/site-packages/airflow/example_dags/example_latest_only.py for tasks to queue
[2024-02-26T16:07:56.649+0000] {logging_mixin.py:188} INFO - [2024-02-26T16:07:56.649+0000] {dagbag.py:540} INFO - Filling up the DagBag from /home/airflow/.local/lib/python3.11/site-packages/airflow/example_dags/example_latest_only.py
[2024-02-26T16:07:56.655+0000] {processor.py:840} INFO - DAG(s) 'latest_only' retrieved from /home/airflow/.local/lib/python3.11/site-packages/airflow/example_dags/example_latest_only.py
[2024-02-26T16:07:56.676+0000] {logging_mixin.py:188} INFO - [2024-02-26T16:07:56.676+0000] {dag.py:3047} INFO - Sync 1 DAGs
[2024-02-26T16:07:56.691+0000] {logging_mixin.py:188} INFO - [2024-02-26T16:07:56.691+0000] {dag.py:3834} INFO - Setting next_dagrun for latest_only to 2024-02-26 12:00:00+00:00, run_after=2024-02-26 16:00:00+00:00
[2024-02-26T16:07:56.706+0000] {processor.py:183} INFO - Processing /home/airflow/.local/lib/python3.11/site-packages/airflow/example_dags/example_latest_only.py took 0.064 seconds
[2024-02-26T16:08:26.862+0000] {processor.py:161} INFO - Started process (PID=9976) to work on /home/airflow/.local/lib/python3.11/site-packages/airflow/example_dags/example_latest_only.py
[2024-02-26T16:08:26.863+0000] {processor.py:830} INFO - Processing file /home/airflow/.local/lib/python3.11/site-packages/airflow/example_dags/example_latest_only.py for tasks to queue
[2024-02-26T16:08:26.866+0000] {logging_mixin.py:188} INFO - [2024-02-26T16:08:26.865+0000] {dagbag.py:540} INFO - Filling up the DagBag from /home/airflow/.local/lib/python3.11/site-packages/airflow/example_dags/example_latest_only.py
[2024-02-26T16:08:26.871+0000] {processor.py:840} INFO - DAG(s) 'latest_only' retrieved from /home/airflow/.local/lib/python3.11/site-packages/airflow/example_dags/example_latest_only.py
[2024-02-26T16:08:26.891+0000] {logging_mixin.py:188} INFO - [2024-02-26T16:08:26.890+0000] {dag.py:3047} INFO - Sync 1 DAGs
[2024-02-26T16:08:26.905+0000] {logging_mixin.py:188} INFO - [2024-02-26T16:08:26.905+0000] {dag.py:3834} INFO - Setting next_dagrun for latest_only to 2024-02-26 12:00:00+00:00, run_after=2024-02-26 16:00:00+00:00
[2024-02-26T16:08:26.918+0000] {processor.py:183} INFO - Processing /home/airflow/.local/lib/python3.11/site-packages/airflow/example_dags/example_latest_only.py took 0.060 seconds
[2024-02-26T16:08:57.246+0000] {processor.py:161} INFO - Started process (PID=10223) to work on /home/airflow/.local/lib/python3.11/site-packages/airflow/example_dags/example_latest_only.py
[2024-02-26T16:08:57.249+0000] {processor.py:830} INFO - Processing file /home/airflow/.local/lib/python3.11/site-packages/airflow/example_dags/example_latest_only.py for tasks to queue
[2024-02-26T16:08:57.252+0000] {logging_mixin.py:188} INFO - [2024-02-26T16:08:57.251+0000] {dagbag.py:540} INFO - Filling up the DagBag from /home/airflow/.local/lib/python3.11/site-packages/airflow/example_dags/example_latest_only.py
[2024-02-26T16:08:57.261+0000] {processor.py:840} INFO - DAG(s) 'latest_only' retrieved from /home/airflow/.local/lib/python3.11/site-packages/airflow/example_dags/example_latest_only.py
[2024-02-26T16:08:57.288+0000] {logging_mixin.py:188} INFO - [2024-02-26T16:08:57.288+0000] {dag.py:3047} INFO - Sync 1 DAGs
[2024-02-26T16:08:57.307+0000] {logging_mixin.py:188} INFO - [2024-02-26T16:08:57.307+0000] {dag.py:3834} INFO - Setting next_dagrun for latest_only to 2024-02-26 12:00:00+00:00, run_after=2024-02-26 16:00:00+00:00
[2024-02-26T16:08:57.323+0000] {processor.py:183} INFO - Processing /home/airflow/.local/lib/python3.11/site-packages/airflow/example_dags/example_latest_only.py took 0.080 seconds
[2024-02-26T16:09:27.412+0000] {processor.py:161} INFO - Started process (PID=10472) to work on /home/airflow/.local/lib/python3.11/site-packages/airflow/example_dags/example_latest_only.py
[2024-02-26T16:09:27.416+0000] {processor.py:830} INFO - Processing file /home/airflow/.local/lib/python3.11/site-packages/airflow/example_dags/example_latest_only.py for tasks to queue
[2024-02-26T16:09:27.417+0000] {logging_mixin.py:188} INFO - [2024-02-26T16:09:27.417+0000] {dagbag.py:540} INFO - Filling up the DagBag from /home/airflow/.local/lib/python3.11/site-packages/airflow/example_dags/example_latest_only.py
[2024-02-26T16:09:27.422+0000] {processor.py:840} INFO - DAG(s) 'latest_only' retrieved from /home/airflow/.local/lib/python3.11/site-packages/airflow/example_dags/example_latest_only.py
[2024-02-26T16:09:27.440+0000] {logging_mixin.py:188} INFO - [2024-02-26T16:09:27.440+0000] {dag.py:3047} INFO - Sync 1 DAGs
[2024-02-26T16:09:27.453+0000] {logging_mixin.py:188} INFO - [2024-02-26T16:09:27.453+0000] {dag.py:3834} INFO - Setting next_dagrun for latest_only to 2024-02-26 12:00:00+00:00, run_after=2024-02-26 16:00:00+00:00
[2024-02-26T16:09:27.463+0000] {processor.py:183} INFO - Processing /home/airflow/.local/lib/python3.11/site-packages/airflow/example_dags/example_latest_only.py took 0.054 seconds
[2024-02-26T16:09:57.528+0000] {processor.py:161} INFO - Started process (PID=10717) to work on /home/airflow/.local/lib/python3.11/site-packages/airflow/example_dags/example_latest_only.py
[2024-02-26T16:09:57.530+0000] {processor.py:830} INFO - Processing file /home/airflow/.local/lib/python3.11/site-packages/airflow/example_dags/example_latest_only.py for tasks to queue
[2024-02-26T16:09:57.531+0000] {logging_mixin.py:188} INFO - [2024-02-26T16:09:57.531+0000] {dagbag.py:540} INFO - Filling up the DagBag from /home/airflow/.local/lib/python3.11/site-packages/airflow/example_dags/example_latest_only.py
[2024-02-26T16:09:57.541+0000] {processor.py:840} INFO - DAG(s) 'latest_only' retrieved from /home/airflow/.local/lib/python3.11/site-packages/airflow/example_dags/example_latest_only.py
[2024-02-26T16:09:57.562+0000] {logging_mixin.py:188} INFO - [2024-02-26T16:09:57.561+0000] {dag.py:3047} INFO - Sync 1 DAGs
[2024-02-26T16:09:57.580+0000] {logging_mixin.py:188} INFO - [2024-02-26T16:09:57.580+0000] {dag.py:3834} INFO - Setting next_dagrun for latest_only to 2024-02-26 12:00:00+00:00, run_after=2024-02-26 16:00:00+00:00
[2024-02-26T16:09:57.599+0000] {processor.py:183} INFO - Processing /home/airflow/.local/lib/python3.11/site-packages/airflow/example_dags/example_latest_only.py took 0.074 seconds
[2024-02-26T16:10:27.789+0000] {processor.py:161} INFO - Started process (PID=10964) to work on /home/airflow/.local/lib/python3.11/site-packages/airflow/example_dags/example_latest_only.py
[2024-02-26T16:10:27.791+0000] {processor.py:830} INFO - Processing file /home/airflow/.local/lib/python3.11/site-packages/airflow/example_dags/example_latest_only.py for tasks to queue
[2024-02-26T16:10:27.793+0000] {logging_mixin.py:188} INFO - [2024-02-26T16:10:27.792+0000] {dagbag.py:540} INFO - Filling up the DagBag from /home/airflow/.local/lib/python3.11/site-packages/airflow/example_dags/example_latest_only.py
[2024-02-26T16:10:27.798+0000] {processor.py:840} INFO - DAG(s) 'latest_only' retrieved from /home/airflow/.local/lib/python3.11/site-packages/airflow/example_dags/example_latest_only.py
[2024-02-26T16:10:27.822+0000] {logging_mixin.py:188} INFO - [2024-02-26T16:10:27.821+0000] {dag.py:3047} INFO - Sync 1 DAGs
[2024-02-26T16:10:27.842+0000] {logging_mixin.py:188} INFO - [2024-02-26T16:10:27.842+0000] {dag.py:3834} INFO - Setting next_dagrun for latest_only to 2024-02-26 12:00:00+00:00, run_after=2024-02-26 16:00:00+00:00
[2024-02-26T16:10:27.855+0000] {processor.py:183} INFO - Processing /home/airflow/.local/lib/python3.11/site-packages/airflow/example_dags/example_latest_only.py took 0.069 seconds
[2024-02-26T16:10:57.951+0000] {processor.py:161} INFO - Started process (PID=11211) to work on /home/airflow/.local/lib/python3.11/site-packages/airflow/example_dags/example_latest_only.py
[2024-02-26T16:10:57.955+0000] {processor.py:830} INFO - Processing file /home/airflow/.local/lib/python3.11/site-packages/airflow/example_dags/example_latest_only.py for tasks to queue
[2024-02-26T16:10:57.957+0000] {logging_mixin.py:188} INFO - [2024-02-26T16:10:57.957+0000] {dagbag.py:540} INFO - Filling up the DagBag from /home/airflow/.local/lib/python3.11/site-packages/airflow/example_dags/example_latest_only.py
[2024-02-26T16:10:57.966+0000] {processor.py:840} INFO - DAG(s) 'latest_only' retrieved from /home/airflow/.local/lib/python3.11/site-packages/airflow/example_dags/example_latest_only.py
[2024-02-26T16:10:57.994+0000] {logging_mixin.py:188} INFO - [2024-02-26T16:10:57.994+0000] {dag.py:3047} INFO - Sync 1 DAGs
[2024-02-26T16:10:58.022+0000] {logging_mixin.py:188} INFO - [2024-02-26T16:10:58.021+0000] {dag.py:3834} INFO - Setting next_dagrun for latest_only to 2024-02-26 12:00:00+00:00, run_after=2024-02-26 16:00:00+00:00
[2024-02-26T16:10:58.042+0000] {processor.py:183} INFO - Processing /home/airflow/.local/lib/python3.11/site-packages/airflow/example_dags/example_latest_only.py took 0.093 seconds
[2024-02-26T16:11:28.330+0000] {processor.py:161} INFO - Started process (PID=11458) to work on /home/airflow/.local/lib/python3.11/site-packages/airflow/example_dags/example_latest_only.py
[2024-02-26T16:11:28.332+0000] {processor.py:830} INFO - Processing file /home/airflow/.local/lib/python3.11/site-packages/airflow/example_dags/example_latest_only.py for tasks to queue
[2024-02-26T16:11:28.333+0000] {logging_mixin.py:188} INFO - [2024-02-26T16:11:28.333+0000] {dagbag.py:540} INFO - Filling up the DagBag from /home/airflow/.local/lib/python3.11/site-packages/airflow/example_dags/example_latest_only.py
[2024-02-26T16:11:28.339+0000] {processor.py:840} INFO - DAG(s) 'latest_only' retrieved from /home/airflow/.local/lib/python3.11/site-packages/airflow/example_dags/example_latest_only.py
[2024-02-26T16:11:28.359+0000] {logging_mixin.py:188} INFO - [2024-02-26T16:11:28.359+0000] {dag.py:3047} INFO - Sync 1 DAGs
[2024-02-26T16:11:28.378+0000] {logging_mixin.py:188} INFO - [2024-02-26T16:11:28.377+0000] {dag.py:3834} INFO - Setting next_dagrun for latest_only to 2024-02-26 12:00:00+00:00, run_after=2024-02-26 16:00:00+00:00
[2024-02-26T16:11:28.391+0000] {processor.py:183} INFO - Processing /home/airflow/.local/lib/python3.11/site-packages/airflow/example_dags/example_latest_only.py took 0.064 seconds
[2024-02-26T16:11:58.493+0000] {processor.py:161} INFO - Started process (PID=11705) to work on /home/airflow/.local/lib/python3.11/site-packages/airflow/example_dags/example_latest_only.py
[2024-02-26T16:11:58.495+0000] {processor.py:830} INFO - Processing file /home/airflow/.local/lib/python3.11/site-packages/airflow/example_dags/example_latest_only.py for tasks to queue
[2024-02-26T16:11:58.496+0000] {logging_mixin.py:188} INFO - [2024-02-26T16:11:58.496+0000] {dagbag.py:540} INFO - Filling up the DagBag from /home/airflow/.local/lib/python3.11/site-packages/airflow/example_dags/example_latest_only.py
[2024-02-26T16:11:58.501+0000] {processor.py:840} INFO - DAG(s) 'latest_only' retrieved from /home/airflow/.local/lib/python3.11/site-packages/airflow/example_dags/example_latest_only.py
[2024-02-26T16:11:58.522+0000] {logging_mixin.py:188} INFO - [2024-02-26T16:11:58.522+0000] {dag.py:3047} INFO - Sync 1 DAGs
[2024-02-26T16:11:58.540+0000] {logging_mixin.py:188} INFO - [2024-02-26T16:11:58.540+0000] {dag.py:3834} INFO - Setting next_dagrun for latest_only to 2024-02-26 12:00:00+00:00, run_after=2024-02-26 16:00:00+00:00
[2024-02-26T16:11:58.561+0000] {processor.py:183} INFO - Processing /home/airflow/.local/lib/python3.11/site-packages/airflow/example_dags/example_latest_only.py took 0.071 seconds
[2024-02-26T16:12:28.628+0000] {processor.py:161} INFO - Started process (PID=11952) to work on /home/airflow/.local/lib/python3.11/site-packages/airflow/example_dags/example_latest_only.py
[2024-02-26T16:12:28.633+0000] {processor.py:830} INFO - Processing file /home/airflow/.local/lib/python3.11/site-packages/airflow/example_dags/example_latest_only.py for tasks to queue
[2024-02-26T16:12:28.635+0000] {logging_mixin.py:188} INFO - [2024-02-26T16:12:28.635+0000] {dagbag.py:540} INFO - Filling up the DagBag from /home/airflow/.local/lib/python3.11/site-packages/airflow/example_dags/example_latest_only.py
[2024-02-26T16:12:28.642+0000] {processor.py:840} INFO - DAG(s) 'latest_only' retrieved from /home/airflow/.local/lib/python3.11/site-packages/airflow/example_dags/example_latest_only.py
[2024-02-26T16:12:28.676+0000] {logging_mixin.py:188} INFO - [2024-02-26T16:12:28.676+0000] {dag.py:3047} INFO - Sync 1 DAGs
[2024-02-26T16:12:28.694+0000] {logging_mixin.py:188} INFO - [2024-02-26T16:12:28.694+0000] {dag.py:3834} INFO - Setting next_dagrun for latest_only to 2024-02-26 12:00:00+00:00, run_after=2024-02-26 16:00:00+00:00
[2024-02-26T16:12:28.706+0000] {processor.py:183} INFO - Processing /home/airflow/.local/lib/python3.11/site-packages/airflow/example_dags/example_latest_only.py took 0.082 seconds
[2024-02-26T16:12:58.842+0000] {processor.py:161} INFO - Started process (PID=12206) to work on /home/airflow/.local/lib/python3.11/site-packages/airflow/example_dags/example_latest_only.py
[2024-02-26T16:12:58.844+0000] {processor.py:830} INFO - Processing file /home/airflow/.local/lib/python3.11/site-packages/airflow/example_dags/example_latest_only.py for tasks to queue
[2024-02-26T16:12:58.846+0000] {logging_mixin.py:188} INFO - [2024-02-26T16:12:58.845+0000] {dagbag.py:540} INFO - Filling up the DagBag from /home/airflow/.local/lib/python3.11/site-packages/airflow/example_dags/example_latest_only.py
[2024-02-26T16:12:58.851+0000] {processor.py:840} INFO - DAG(s) 'latest_only' retrieved from /home/airflow/.local/lib/python3.11/site-packages/airflow/example_dags/example_latest_only.py
[2024-02-26T16:12:58.874+0000] {logging_mixin.py:188} INFO - [2024-02-26T16:12:58.874+0000] {dag.py:3047} INFO - Sync 1 DAGs
[2024-02-26T16:12:58.890+0000] {logging_mixin.py:188} INFO - [2024-02-26T16:12:58.890+0000] {dag.py:3834} INFO - Setting next_dagrun for latest_only to 2024-02-26 12:00:00+00:00, run_after=2024-02-26 16:00:00+00:00
[2024-02-26T16:12:58.901+0000] {processor.py:183} INFO - Processing /home/airflow/.local/lib/python3.11/site-packages/airflow/example_dags/example_latest_only.py took 0.061 seconds
[2024-02-26T16:13:29.022+0000] {processor.py:161} INFO - Started process (PID=12454) to work on /home/airflow/.local/lib/python3.11/site-packages/airflow/example_dags/example_latest_only.py
[2024-02-26T16:13:29.024+0000] {processor.py:830} INFO - Processing file /home/airflow/.local/lib/python3.11/site-packages/airflow/example_dags/example_latest_only.py for tasks to queue
[2024-02-26T16:13:29.025+0000] {logging_mixin.py:188} INFO - [2024-02-26T16:13:29.025+0000] {dagbag.py:540} INFO - Filling up the DagBag from /home/airflow/.local/lib/python3.11/site-packages/airflow/example_dags/example_latest_only.py
[2024-02-26T16:13:29.031+0000] {processor.py:840} INFO - DAG(s) 'latest_only' retrieved from /home/airflow/.local/lib/python3.11/site-packages/airflow/example_dags/example_latest_only.py
[2024-02-26T16:13:29.053+0000] {logging_mixin.py:188} INFO - [2024-02-26T16:13:29.053+0000] {dag.py:3047} INFO - Sync 1 DAGs
[2024-02-26T16:13:29.074+0000] {logging_mixin.py:188} INFO - [2024-02-26T16:13:29.073+0000] {dag.py:3834} INFO - Setting next_dagrun for latest_only to 2024-02-26 12:00:00+00:00, run_after=2024-02-26 16:00:00+00:00
[2024-02-26T16:13:29.085+0000] {processor.py:183} INFO - Processing /home/airflow/.local/lib/python3.11/site-packages/airflow/example_dags/example_latest_only.py took 0.066 seconds
[2024-02-26T16:13:59.453+0000] {processor.py:161} INFO - Started process (PID=12700) to work on /home/airflow/.local/lib/python3.11/site-packages/airflow/example_dags/example_latest_only.py
[2024-02-26T16:13:59.456+0000] {processor.py:830} INFO - Processing file /home/airflow/.local/lib/python3.11/site-packages/airflow/example_dags/example_latest_only.py for tasks to queue
[2024-02-26T16:13:59.457+0000] {logging_mixin.py:188} INFO - [2024-02-26T16:13:59.457+0000] {dagbag.py:540} INFO - Filling up the DagBag from /home/airflow/.local/lib/python3.11/site-packages/airflow/example_dags/example_latest_only.py
[2024-02-26T16:13:59.466+0000] {processor.py:840} INFO - DAG(s) 'latest_only' retrieved from /home/airflow/.local/lib/python3.11/site-packages/airflow/example_dags/example_latest_only.py
[2024-02-26T16:13:59.490+0000] {logging_mixin.py:188} INFO - [2024-02-26T16:13:59.490+0000] {dag.py:3047} INFO - Sync 1 DAGs
[2024-02-26T16:13:59.509+0000] {logging_mixin.py:188} INFO - [2024-02-26T16:13:59.509+0000] {dag.py:3834} INFO - Setting next_dagrun for latest_only to 2024-02-26 12:00:00+00:00, run_after=2024-02-26 16:00:00+00:00
[2024-02-26T16:13:59.525+0000] {processor.py:183} INFO - Processing /home/airflow/.local/lib/python3.11/site-packages/airflow/example_dags/example_latest_only.py took 0.078 seconds
[2024-02-26T16:14:29.712+0000] {processor.py:161} INFO - Started process (PID=12949) to work on /home/airflow/.local/lib/python3.11/site-packages/airflow/example_dags/example_latest_only.py
[2024-02-26T16:14:29.714+0000] {processor.py:830} INFO - Processing file /home/airflow/.local/lib/python3.11/site-packages/airflow/example_dags/example_latest_only.py for tasks to queue
[2024-02-26T16:14:29.715+0000] {logging_mixin.py:188} INFO - [2024-02-26T16:14:29.715+0000] {dagbag.py:540} INFO - Filling up the DagBag from /home/airflow/.local/lib/python3.11/site-packages/airflow/example_dags/example_latest_only.py
[2024-02-26T16:14:29.720+0000] {processor.py:840} INFO - DAG(s) 'latest_only' retrieved from /home/airflow/.local/lib/python3.11/site-packages/airflow/example_dags/example_latest_only.py
[2024-02-26T16:14:29.739+0000] {logging_mixin.py:188} INFO - [2024-02-26T16:14:29.739+0000] {dag.py:3047} INFO - Sync 1 DAGs
[2024-02-26T16:14:29.756+0000] {logging_mixin.py:188} INFO - [2024-02-26T16:14:29.756+0000] {dag.py:3834} INFO - Setting next_dagrun for latest_only to 2024-02-26 12:00:00+00:00, run_after=2024-02-26 16:00:00+00:00
[2024-02-26T16:14:29.768+0000] {processor.py:183} INFO - Processing /home/airflow/.local/lib/python3.11/site-packages/airflow/example_dags/example_latest_only.py took 0.059 seconds
