[2024-02-26T15:48:32.898+0000] {processor.py:161} INFO - Started process (PID=189) to work on /home/airflow/.local/lib/python3.11/site-packages/airflow/example_dags/example_kubernetes_executor.py
[2024-02-26T15:48:32.901+0000] {processor.py:830} INFO - Processing file /home/airflow/.local/lib/python3.11/site-packages/airflow/example_dags/example_kubernetes_executor.py for tasks to queue
[2024-02-26T15:48:32.904+0000] {logging_mixin.py:188} INFO - [2024-02-26T15:48:32.903+0000] {dagbag.py:540} INFO - Filling up the DagBag from /home/airflow/.local/lib/python3.11/site-packages/airflow/example_dags/example_kubernetes_executor.py
[2024-02-26T15:48:32.921+0000] {processor.py:840} INFO - DAG(s) 'example_kubernetes_executor' retrieved from /home/airflow/.local/lib/python3.11/site-packages/airflow/example_dags/example_kubernetes_executor.py
[2024-02-26T15:48:32.941+0000] {logging_mixin.py:188} INFO - [2024-02-26T15:48:32.941+0000] {dag.py:3047} INFO - Sync 1 DAGs
[2024-02-26T15:48:32.951+0000] {logging_mixin.py:188} INFO - [2024-02-26T15:48:32.951+0000] {dag.py:3834} INFO - Setting next_dagrun for example_kubernetes_executor to None, run_after=None
[2024-02-26T15:48:32.967+0000] {processor.py:183} INFO - Processing /home/airflow/.local/lib/python3.11/site-packages/airflow/example_dags/example_kubernetes_executor.py took 0.074 seconds
[2024-02-26T15:49:03.277+0000] {processor.py:161} INFO - Started process (PID=436) to work on /home/airflow/.local/lib/python3.11/site-packages/airflow/example_dags/example_kubernetes_executor.py
[2024-02-26T15:49:03.278+0000] {processor.py:830} INFO - Processing file /home/airflow/.local/lib/python3.11/site-packages/airflow/example_dags/example_kubernetes_executor.py for tasks to queue
[2024-02-26T15:49:03.280+0000] {logging_mixin.py:188} INFO - [2024-02-26T15:49:03.279+0000] {dagbag.py:540} INFO - Filling up the DagBag from /home/airflow/.local/lib/python3.11/site-packages/airflow/example_dags/example_kubernetes_executor.py
[2024-02-26T15:49:03.289+0000] {processor.py:840} INFO - DAG(s) 'example_kubernetes_executor' retrieved from /home/airflow/.local/lib/python3.11/site-packages/airflow/example_dags/example_kubernetes_executor.py
[2024-02-26T15:49:03.366+0000] {logging_mixin.py:188} INFO - [2024-02-26T15:49:03.366+0000] {dag.py:3047} INFO - Sync 1 DAGs
[2024-02-26T15:49:03.372+0000] {logging_mixin.py:188} INFO - [2024-02-26T15:49:03.372+0000] {dag.py:3834} INFO - Setting next_dagrun for example_kubernetes_executor to None, run_after=None
[2024-02-26T15:49:03.383+0000] {processor.py:183} INFO - Processing /home/airflow/.local/lib/python3.11/site-packages/airflow/example_dags/example_kubernetes_executor.py took 0.109 seconds
[2024-02-26T15:49:34.132+0000] {processor.py:161} INFO - Started process (PID=683) to work on /home/airflow/.local/lib/python3.11/site-packages/airflow/example_dags/example_kubernetes_executor.py
[2024-02-26T15:49:34.135+0000] {processor.py:830} INFO - Processing file /home/airflow/.local/lib/python3.11/site-packages/airflow/example_dags/example_kubernetes_executor.py for tasks to queue
[2024-02-26T15:49:34.136+0000] {logging_mixin.py:188} INFO - [2024-02-26T15:49:34.136+0000] {dagbag.py:540} INFO - Filling up the DagBag from /home/airflow/.local/lib/python3.11/site-packages/airflow/example_dags/example_kubernetes_executor.py
[2024-02-26T15:49:34.145+0000] {processor.py:840} INFO - DAG(s) 'example_kubernetes_executor' retrieved from /home/airflow/.local/lib/python3.11/site-packages/airflow/example_dags/example_kubernetes_executor.py
[2024-02-26T15:49:34.175+0000] {logging_mixin.py:188} INFO - [2024-02-26T15:49:34.175+0000] {dag.py:3047} INFO - Sync 1 DAGs
[2024-02-26T15:49:34.183+0000] {logging_mixin.py:188} INFO - [2024-02-26T15:49:34.183+0000] {dag.py:3834} INFO - Setting next_dagrun for example_kubernetes_executor to None, run_after=None
[2024-02-26T15:49:34.195+0000] {processor.py:183} INFO - Processing /home/airflow/.local/lib/python3.11/site-packages/airflow/example_dags/example_kubernetes_executor.py took 0.067 seconds
[2024-02-26T15:50:04.773+0000] {processor.py:161} INFO - Started process (PID=933) to work on /home/airflow/.local/lib/python3.11/site-packages/airflow/example_dags/example_kubernetes_executor.py
[2024-02-26T15:50:04.776+0000] {processor.py:830} INFO - Processing file /home/airflow/.local/lib/python3.11/site-packages/airflow/example_dags/example_kubernetes_executor.py for tasks to queue
[2024-02-26T15:50:04.778+0000] {logging_mixin.py:188} INFO - [2024-02-26T15:50:04.778+0000] {dagbag.py:540} INFO - Filling up the DagBag from /home/airflow/.local/lib/python3.11/site-packages/airflow/example_dags/example_kubernetes_executor.py
[2024-02-26T15:50:04.787+0000] {processor.py:840} INFO - DAG(s) 'example_kubernetes_executor' retrieved from /home/airflow/.local/lib/python3.11/site-packages/airflow/example_dags/example_kubernetes_executor.py
[2024-02-26T15:50:04.816+0000] {logging_mixin.py:188} INFO - [2024-02-26T15:50:04.816+0000] {dag.py:3047} INFO - Sync 1 DAGs
[2024-02-26T15:50:04.824+0000] {logging_mixin.py:188} INFO - [2024-02-26T15:50:04.824+0000] {dag.py:3834} INFO - Setting next_dagrun for example_kubernetes_executor to None, run_after=None
[2024-02-26T15:50:04.835+0000] {processor.py:183} INFO - Processing /home/airflow/.local/lib/python3.11/site-packages/airflow/example_dags/example_kubernetes_executor.py took 0.065 seconds
[2024-02-26T15:50:35.734+0000] {processor.py:161} INFO - Started process (PID=1179) to work on /home/airflow/.local/lib/python3.11/site-packages/airflow/example_dags/example_kubernetes_executor.py
[2024-02-26T15:50:35.738+0000] {processor.py:830} INFO - Processing file /home/airflow/.local/lib/python3.11/site-packages/airflow/example_dags/example_kubernetes_executor.py for tasks to queue
[2024-02-26T15:50:35.742+0000] {logging_mixin.py:188} INFO - [2024-02-26T15:50:35.742+0000] {dagbag.py:540} INFO - Filling up the DagBag from /home/airflow/.local/lib/python3.11/site-packages/airflow/example_dags/example_kubernetes_executor.py
[2024-02-26T15:50:35.763+0000] {processor.py:840} INFO - DAG(s) 'example_kubernetes_executor' retrieved from /home/airflow/.local/lib/python3.11/site-packages/airflow/example_dags/example_kubernetes_executor.py
[2024-02-26T15:50:35.814+0000] {logging_mixin.py:188} INFO - [2024-02-26T15:50:35.814+0000] {dag.py:3047} INFO - Sync 1 DAGs
[2024-02-26T15:50:35.830+0000] {logging_mixin.py:188} INFO - [2024-02-26T15:50:35.830+0000] {dag.py:3834} INFO - Setting next_dagrun for example_kubernetes_executor to None, run_after=None
[2024-02-26T15:50:35.871+0000] {processor.py:183} INFO - Processing /home/airflow/.local/lib/python3.11/site-packages/airflow/example_dags/example_kubernetes_executor.py took 0.140 seconds
[2024-02-26T15:51:06.879+0000] {processor.py:161} INFO - Started process (PID=1426) to work on /home/airflow/.local/lib/python3.11/site-packages/airflow/example_dags/example_kubernetes_executor.py
[2024-02-26T15:51:06.882+0000] {processor.py:830} INFO - Processing file /home/airflow/.local/lib/python3.11/site-packages/airflow/example_dags/example_kubernetes_executor.py for tasks to queue
[2024-02-26T15:51:06.883+0000] {logging_mixin.py:188} INFO - [2024-02-26T15:51:06.883+0000] {dagbag.py:540} INFO - Filling up the DagBag from /home/airflow/.local/lib/python3.11/site-packages/airflow/example_dags/example_kubernetes_executor.py
[2024-02-26T15:51:06.898+0000] {processor.py:840} INFO - DAG(s) 'example_kubernetes_executor' retrieved from /home/airflow/.local/lib/python3.11/site-packages/airflow/example_dags/example_kubernetes_executor.py
[2024-02-26T15:51:06.932+0000] {logging_mixin.py:188} INFO - [2024-02-26T15:51:06.932+0000] {dag.py:3047} INFO - Sync 1 DAGs
[2024-02-26T15:51:06.942+0000] {logging_mixin.py:188} INFO - [2024-02-26T15:51:06.942+0000] {dag.py:3834} INFO - Setting next_dagrun for example_kubernetes_executor to None, run_after=None
[2024-02-26T15:51:06.955+0000] {processor.py:183} INFO - Processing /home/airflow/.local/lib/python3.11/site-packages/airflow/example_dags/example_kubernetes_executor.py took 0.080 seconds
[2024-02-26T15:51:37.632+0000] {processor.py:161} INFO - Started process (PID=1673) to work on /home/airflow/.local/lib/python3.11/site-packages/airflow/example_dags/example_kubernetes_executor.py
[2024-02-26T15:51:37.634+0000] {processor.py:830} INFO - Processing file /home/airflow/.local/lib/python3.11/site-packages/airflow/example_dags/example_kubernetes_executor.py for tasks to queue
[2024-02-26T15:51:37.637+0000] {logging_mixin.py:188} INFO - [2024-02-26T15:51:37.636+0000] {dagbag.py:540} INFO - Filling up the DagBag from /home/airflow/.local/lib/python3.11/site-packages/airflow/example_dags/example_kubernetes_executor.py
[2024-02-26T15:51:37.649+0000] {processor.py:840} INFO - DAG(s) 'example_kubernetes_executor' retrieved from /home/airflow/.local/lib/python3.11/site-packages/airflow/example_dags/example_kubernetes_executor.py
[2024-02-26T15:51:37.684+0000] {logging_mixin.py:188} INFO - [2024-02-26T15:51:37.683+0000] {dag.py:3047} INFO - Sync 1 DAGs
[2024-02-26T15:51:37.692+0000] {logging_mixin.py:188} INFO - [2024-02-26T15:51:37.692+0000] {dag.py:3834} INFO - Setting next_dagrun for example_kubernetes_executor to None, run_after=None
[2024-02-26T15:51:37.704+0000] {processor.py:183} INFO - Processing /home/airflow/.local/lib/python3.11/site-packages/airflow/example_dags/example_kubernetes_executor.py took 0.075 seconds
[2024-02-26T15:52:08.529+0000] {processor.py:161} INFO - Started process (PID=1968) to work on /home/airflow/.local/lib/python3.11/site-packages/airflow/example_dags/example_kubernetes_executor.py
[2024-02-26T15:52:08.533+0000] {processor.py:830} INFO - Processing file /home/airflow/.local/lib/python3.11/site-packages/airflow/example_dags/example_kubernetes_executor.py for tasks to queue
[2024-02-26T15:52:08.537+0000] {logging_mixin.py:188} INFO - [2024-02-26T15:52:08.536+0000] {dagbag.py:540} INFO - Filling up the DagBag from /home/airflow/.local/lib/python3.11/site-packages/airflow/example_dags/example_kubernetes_executor.py
[2024-02-26T15:52:08.550+0000] {processor.py:840} INFO - DAG(s) 'example_kubernetes_executor' retrieved from /home/airflow/.local/lib/python3.11/site-packages/airflow/example_dags/example_kubernetes_executor.py
[2024-02-26T15:52:08.585+0000] {logging_mixin.py:188} INFO - [2024-02-26T15:52:08.585+0000] {dag.py:3047} INFO - Sync 1 DAGs
[2024-02-26T15:52:08.593+0000] {logging_mixin.py:188} INFO - [2024-02-26T15:52:08.593+0000] {dag.py:3834} INFO - Setting next_dagrun for example_kubernetes_executor to None, run_after=None
[2024-02-26T15:52:08.605+0000] {processor.py:183} INFO - Processing /home/airflow/.local/lib/python3.11/site-packages/airflow/example_dags/example_kubernetes_executor.py took 0.080 seconds
[2024-02-26T15:52:39.107+0000] {processor.py:161} INFO - Started process (PID=2239) to work on /home/airflow/.local/lib/python3.11/site-packages/airflow/example_dags/example_kubernetes_executor.py
[2024-02-26T15:52:39.110+0000] {processor.py:830} INFO - Processing file /home/airflow/.local/lib/python3.11/site-packages/airflow/example_dags/example_kubernetes_executor.py for tasks to queue
[2024-02-26T15:52:39.114+0000] {logging_mixin.py:188} INFO - [2024-02-26T15:52:39.113+0000] {dagbag.py:540} INFO - Filling up the DagBag from /home/airflow/.local/lib/python3.11/site-packages/airflow/example_dags/example_kubernetes_executor.py
[2024-02-26T15:52:39.130+0000] {processor.py:840} INFO - DAG(s) 'example_kubernetes_executor' retrieved from /home/airflow/.local/lib/python3.11/site-packages/airflow/example_dags/example_kubernetes_executor.py
[2024-02-26T15:52:39.171+0000] {logging_mixin.py:188} INFO - [2024-02-26T15:52:39.171+0000] {dag.py:3047} INFO - Sync 1 DAGs
[2024-02-26T15:52:39.181+0000] {logging_mixin.py:188} INFO - [2024-02-26T15:52:39.181+0000] {dag.py:3834} INFO - Setting next_dagrun for example_kubernetes_executor to None, run_after=None
[2024-02-26T15:52:39.192+0000] {processor.py:183} INFO - Processing /home/airflow/.local/lib/python3.11/site-packages/airflow/example_dags/example_kubernetes_executor.py took 0.091 seconds
[2024-02-26T15:53:09.877+0000] {processor.py:161} INFO - Started process (PID=2486) to work on /home/airflow/.local/lib/python3.11/site-packages/airflow/example_dags/example_kubernetes_executor.py
[2024-02-26T15:53:09.881+0000] {processor.py:830} INFO - Processing file /home/airflow/.local/lib/python3.11/site-packages/airflow/example_dags/example_kubernetes_executor.py for tasks to queue
[2024-02-26T15:53:09.883+0000] {logging_mixin.py:188} INFO - [2024-02-26T15:53:09.883+0000] {dagbag.py:540} INFO - Filling up the DagBag from /home/airflow/.local/lib/python3.11/site-packages/airflow/example_dags/example_kubernetes_executor.py
[2024-02-26T15:53:09.898+0000] {processor.py:840} INFO - DAG(s) 'example_kubernetes_executor' retrieved from /home/airflow/.local/lib/python3.11/site-packages/airflow/example_dags/example_kubernetes_executor.py
[2024-02-26T15:53:09.931+0000] {logging_mixin.py:188} INFO - [2024-02-26T15:53:09.931+0000] {dag.py:3047} INFO - Sync 1 DAGs
[2024-02-26T15:53:09.941+0000] {logging_mixin.py:188} INFO - [2024-02-26T15:53:09.941+0000] {dag.py:3834} INFO - Setting next_dagrun for example_kubernetes_executor to None, run_after=None
[2024-02-26T15:53:09.953+0000] {processor.py:183} INFO - Processing /home/airflow/.local/lib/python3.11/site-packages/airflow/example_dags/example_kubernetes_executor.py took 0.081 seconds
[2024-02-26T15:53:40.719+0000] {processor.py:161} INFO - Started process (PID=2733) to work on /home/airflow/.local/lib/python3.11/site-packages/airflow/example_dags/example_kubernetes_executor.py
[2024-02-26T15:53:40.722+0000] {processor.py:830} INFO - Processing file /home/airflow/.local/lib/python3.11/site-packages/airflow/example_dags/example_kubernetes_executor.py for tasks to queue
[2024-02-26T15:53:40.725+0000] {logging_mixin.py:188} INFO - [2024-02-26T15:53:40.724+0000] {dagbag.py:540} INFO - Filling up the DagBag from /home/airflow/.local/lib/python3.11/site-packages/airflow/example_dags/example_kubernetes_executor.py
[2024-02-26T15:53:40.739+0000] {processor.py:840} INFO - DAG(s) 'example_kubernetes_executor' retrieved from /home/airflow/.local/lib/python3.11/site-packages/airflow/example_dags/example_kubernetes_executor.py
[2024-02-26T15:53:40.773+0000] {logging_mixin.py:188} INFO - [2024-02-26T15:53:40.773+0000] {dag.py:3047} INFO - Sync 1 DAGs
[2024-02-26T15:53:40.780+0000] {logging_mixin.py:188} INFO - [2024-02-26T15:53:40.780+0000] {dag.py:3834} INFO - Setting next_dagrun for example_kubernetes_executor to None, run_after=None
[2024-02-26T15:53:40.792+0000] {processor.py:183} INFO - Processing /home/airflow/.local/lib/python3.11/site-packages/airflow/example_dags/example_kubernetes_executor.py took 0.078 seconds
[2024-02-26T15:54:11.482+0000] {processor.py:161} INFO - Started process (PID=2980) to work on /home/airflow/.local/lib/python3.11/site-packages/airflow/example_dags/example_kubernetes_executor.py
[2024-02-26T15:54:11.485+0000] {processor.py:830} INFO - Processing file /home/airflow/.local/lib/python3.11/site-packages/airflow/example_dags/example_kubernetes_executor.py for tasks to queue
[2024-02-26T15:54:11.491+0000] {logging_mixin.py:188} INFO - [2024-02-26T15:54:11.486+0000] {dagbag.py:540} INFO - Filling up the DagBag from /home/airflow/.local/lib/python3.11/site-packages/airflow/example_dags/example_kubernetes_executor.py
[2024-02-26T15:54:11.503+0000] {processor.py:840} INFO - DAG(s) 'example_kubernetes_executor' retrieved from /home/airflow/.local/lib/python3.11/site-packages/airflow/example_dags/example_kubernetes_executor.py
[2024-02-26T15:54:11.536+0000] {logging_mixin.py:188} INFO - [2024-02-26T15:54:11.536+0000] {dag.py:3047} INFO - Sync 1 DAGs
[2024-02-26T15:54:11.543+0000] {logging_mixin.py:188} INFO - [2024-02-26T15:54:11.543+0000] {dag.py:3834} INFO - Setting next_dagrun for example_kubernetes_executor to None, run_after=None
[2024-02-26T15:54:11.555+0000] {processor.py:183} INFO - Processing /home/airflow/.local/lib/python3.11/site-packages/airflow/example_dags/example_kubernetes_executor.py took 0.079 seconds
[2024-02-26T15:54:42.259+0000] {processor.py:161} INFO - Started process (PID=3227) to work on /home/airflow/.local/lib/python3.11/site-packages/airflow/example_dags/example_kubernetes_executor.py
[2024-02-26T15:54:42.261+0000] {processor.py:830} INFO - Processing file /home/airflow/.local/lib/python3.11/site-packages/airflow/example_dags/example_kubernetes_executor.py for tasks to queue
[2024-02-26T15:54:42.265+0000] {logging_mixin.py:188} INFO - [2024-02-26T15:54:42.265+0000] {dagbag.py:540} INFO - Filling up the DagBag from /home/airflow/.local/lib/python3.11/site-packages/airflow/example_dags/example_kubernetes_executor.py
[2024-02-26T15:54:42.278+0000] {processor.py:840} INFO - DAG(s) 'example_kubernetes_executor' retrieved from /home/airflow/.local/lib/python3.11/site-packages/airflow/example_dags/example_kubernetes_executor.py
[2024-02-26T15:54:42.311+0000] {logging_mixin.py:188} INFO - [2024-02-26T15:54:42.311+0000] {dag.py:3047} INFO - Sync 1 DAGs
[2024-02-26T15:54:42.319+0000] {logging_mixin.py:188} INFO - [2024-02-26T15:54:42.319+0000] {dag.py:3834} INFO - Setting next_dagrun for example_kubernetes_executor to None, run_after=None
[2024-02-26T15:54:42.331+0000] {processor.py:183} INFO - Processing /home/airflow/.local/lib/python3.11/site-packages/airflow/example_dags/example_kubernetes_executor.py took 0.077 seconds
[2024-02-26T15:55:13.169+0000] {processor.py:161} INFO - Started process (PID=3473) to work on /home/airflow/.local/lib/python3.11/site-packages/airflow/example_dags/example_kubernetes_executor.py
[2024-02-26T15:55:13.174+0000] {processor.py:830} INFO - Processing file /home/airflow/.local/lib/python3.11/site-packages/airflow/example_dags/example_kubernetes_executor.py for tasks to queue
[2024-02-26T15:55:13.177+0000] {logging_mixin.py:188} INFO - [2024-02-26T15:55:13.176+0000] {dagbag.py:540} INFO - Filling up the DagBag from /home/airflow/.local/lib/python3.11/site-packages/airflow/example_dags/example_kubernetes_executor.py
[2024-02-26T15:55:13.195+0000] {processor.py:840} INFO - DAG(s) 'example_kubernetes_executor' retrieved from /home/airflow/.local/lib/python3.11/site-packages/airflow/example_dags/example_kubernetes_executor.py
[2024-02-26T15:55:13.232+0000] {logging_mixin.py:188} INFO - [2024-02-26T15:55:13.232+0000] {dag.py:3047} INFO - Sync 1 DAGs
[2024-02-26T15:55:13.241+0000] {logging_mixin.py:188} INFO - [2024-02-26T15:55:13.240+0000] {dag.py:3834} INFO - Setting next_dagrun for example_kubernetes_executor to None, run_after=None
[2024-02-26T15:55:13.253+0000] {processor.py:183} INFO - Processing /home/airflow/.local/lib/python3.11/site-packages/airflow/example_dags/example_kubernetes_executor.py took 0.088 seconds
[2024-02-26T15:55:44.253+0000] {processor.py:161} INFO - Started process (PID=3720) to work on /home/airflow/.local/lib/python3.11/site-packages/airflow/example_dags/example_kubernetes_executor.py
[2024-02-26T15:55:44.257+0000] {processor.py:830} INFO - Processing file /home/airflow/.local/lib/python3.11/site-packages/airflow/example_dags/example_kubernetes_executor.py for tasks to queue
[2024-02-26T15:55:44.259+0000] {logging_mixin.py:188} INFO - [2024-02-26T15:55:44.259+0000] {dagbag.py:540} INFO - Filling up the DagBag from /home/airflow/.local/lib/python3.11/site-packages/airflow/example_dags/example_kubernetes_executor.py
[2024-02-26T15:55:44.273+0000] {processor.py:840} INFO - DAG(s) 'example_kubernetes_executor' retrieved from /home/airflow/.local/lib/python3.11/site-packages/airflow/example_dags/example_kubernetes_executor.py
[2024-02-26T15:55:44.311+0000] {logging_mixin.py:188} INFO - [2024-02-26T15:55:44.310+0000] {dag.py:3047} INFO - Sync 1 DAGs
[2024-02-26T15:55:44.321+0000] {logging_mixin.py:188} INFO - [2024-02-26T15:55:44.321+0000] {dag.py:3834} INFO - Setting next_dagrun for example_kubernetes_executor to None, run_after=None
[2024-02-26T15:55:44.334+0000] {processor.py:183} INFO - Processing /home/airflow/.local/lib/python3.11/site-packages/airflow/example_dags/example_kubernetes_executor.py took 0.087 seconds
[2024-02-26T15:56:14.434+0000] {processor.py:161} INFO - Started process (PID=3967) to work on /home/airflow/.local/lib/python3.11/site-packages/airflow/example_dags/example_kubernetes_executor.py
[2024-02-26T15:56:14.439+0000] {processor.py:830} INFO - Processing file /home/airflow/.local/lib/python3.11/site-packages/airflow/example_dags/example_kubernetes_executor.py for tasks to queue
[2024-02-26T15:56:14.442+0000] {logging_mixin.py:188} INFO - [2024-02-26T15:56:14.441+0000] {dagbag.py:540} INFO - Filling up the DagBag from /home/airflow/.local/lib/python3.11/site-packages/airflow/example_dags/example_kubernetes_executor.py
[2024-02-26T15:56:14.452+0000] {processor.py:840} INFO - DAG(s) 'example_kubernetes_executor' retrieved from /home/airflow/.local/lib/python3.11/site-packages/airflow/example_dags/example_kubernetes_executor.py
[2024-02-26T15:56:14.487+0000] {logging_mixin.py:188} INFO - [2024-02-26T15:56:14.487+0000] {dag.py:3047} INFO - Sync 1 DAGs
[2024-02-26T15:56:14.499+0000] {logging_mixin.py:188} INFO - [2024-02-26T15:56:14.499+0000] {dag.py:3834} INFO - Setting next_dagrun for example_kubernetes_executor to None, run_after=None
[2024-02-26T15:56:14.516+0000] {processor.py:183} INFO - Processing /home/airflow/.local/lib/python3.11/site-packages/airflow/example_dags/example_kubernetes_executor.py took 0.086 seconds
[2024-02-26T15:56:44.729+0000] {processor.py:161} INFO - Started process (PID=4215) to work on /home/airflow/.local/lib/python3.11/site-packages/airflow/example_dags/example_kubernetes_executor.py
[2024-02-26T15:56:44.732+0000] {processor.py:830} INFO - Processing file /home/airflow/.local/lib/python3.11/site-packages/airflow/example_dags/example_kubernetes_executor.py for tasks to queue
[2024-02-26T15:56:44.738+0000] {logging_mixin.py:188} INFO - [2024-02-26T15:56:44.737+0000] {dagbag.py:540} INFO - Filling up the DagBag from /home/airflow/.local/lib/python3.11/site-packages/airflow/example_dags/example_kubernetes_executor.py
[2024-02-26T15:56:44.762+0000] {processor.py:840} INFO - DAG(s) 'example_kubernetes_executor' retrieved from /home/airflow/.local/lib/python3.11/site-packages/airflow/example_dags/example_kubernetes_executor.py
[2024-02-26T15:56:44.810+0000] {logging_mixin.py:188} INFO - [2024-02-26T15:56:44.810+0000] {dag.py:3047} INFO - Sync 1 DAGs
[2024-02-26T15:56:44.820+0000] {logging_mixin.py:188} INFO - [2024-02-26T15:56:44.820+0000] {dag.py:3834} INFO - Setting next_dagrun for example_kubernetes_executor to None, run_after=None
[2024-02-26T15:56:44.835+0000] {processor.py:183} INFO - Processing /home/airflow/.local/lib/python3.11/site-packages/airflow/example_dags/example_kubernetes_executor.py took 0.111 seconds
[2024-02-26T15:57:15.188+0000] {processor.py:161} INFO - Started process (PID=4462) to work on /home/airflow/.local/lib/python3.11/site-packages/airflow/example_dags/example_kubernetes_executor.py
[2024-02-26T15:57:15.191+0000] {processor.py:830} INFO - Processing file /home/airflow/.local/lib/python3.11/site-packages/airflow/example_dags/example_kubernetes_executor.py for tasks to queue
[2024-02-26T15:57:15.196+0000] {logging_mixin.py:188} INFO - [2024-02-26T15:57:15.195+0000] {dagbag.py:540} INFO - Filling up the DagBag from /home/airflow/.local/lib/python3.11/site-packages/airflow/example_dags/example_kubernetes_executor.py
[2024-02-26T15:57:15.209+0000] {processor.py:840} INFO - DAG(s) 'example_kubernetes_executor' retrieved from /home/airflow/.local/lib/python3.11/site-packages/airflow/example_dags/example_kubernetes_executor.py
[2024-02-26T15:57:15.243+0000] {logging_mixin.py:188} INFO - [2024-02-26T15:57:15.243+0000] {dag.py:3047} INFO - Sync 1 DAGs
[2024-02-26T15:57:15.251+0000] {logging_mixin.py:188} INFO - [2024-02-26T15:57:15.251+0000] {dag.py:3834} INFO - Setting next_dagrun for example_kubernetes_executor to None, run_after=None
[2024-02-26T15:57:15.263+0000] {processor.py:183} INFO - Processing /home/airflow/.local/lib/python3.11/site-packages/airflow/example_dags/example_kubernetes_executor.py took 0.080 seconds
[2024-02-26T15:57:45.362+0000] {processor.py:161} INFO - Started process (PID=4709) to work on /home/airflow/.local/lib/python3.11/site-packages/airflow/example_dags/example_kubernetes_executor.py
[2024-02-26T15:57:45.365+0000] {processor.py:830} INFO - Processing file /home/airflow/.local/lib/python3.11/site-packages/airflow/example_dags/example_kubernetes_executor.py for tasks to queue
[2024-02-26T15:57:45.369+0000] {logging_mixin.py:188} INFO - [2024-02-26T15:57:45.368+0000] {dagbag.py:540} INFO - Filling up the DagBag from /home/airflow/.local/lib/python3.11/site-packages/airflow/example_dags/example_kubernetes_executor.py
[2024-02-26T15:57:45.384+0000] {processor.py:840} INFO - DAG(s) 'example_kubernetes_executor' retrieved from /home/airflow/.local/lib/python3.11/site-packages/airflow/example_dags/example_kubernetes_executor.py
[2024-02-26T15:57:45.424+0000] {logging_mixin.py:188} INFO - [2024-02-26T15:57:45.424+0000] {dag.py:3047} INFO - Sync 1 DAGs
[2024-02-26T15:57:45.432+0000] {logging_mixin.py:188} INFO - [2024-02-26T15:57:45.432+0000] {dag.py:3834} INFO - Setting next_dagrun for example_kubernetes_executor to None, run_after=None
[2024-02-26T15:57:45.447+0000] {processor.py:183} INFO - Processing /home/airflow/.local/lib/python3.11/site-packages/airflow/example_dags/example_kubernetes_executor.py took 0.090 seconds
[2024-02-26T15:58:15.572+0000] {processor.py:161} INFO - Started process (PID=4956) to work on /home/airflow/.local/lib/python3.11/site-packages/airflow/example_dags/example_kubernetes_executor.py
[2024-02-26T15:58:15.575+0000] {processor.py:830} INFO - Processing file /home/airflow/.local/lib/python3.11/site-packages/airflow/example_dags/example_kubernetes_executor.py for tasks to queue
[2024-02-26T15:58:15.578+0000] {logging_mixin.py:188} INFO - [2024-02-26T15:58:15.577+0000] {dagbag.py:540} INFO - Filling up the DagBag from /home/airflow/.local/lib/python3.11/site-packages/airflow/example_dags/example_kubernetes_executor.py
[2024-02-26T15:58:15.592+0000] {processor.py:840} INFO - DAG(s) 'example_kubernetes_executor' retrieved from /home/airflow/.local/lib/python3.11/site-packages/airflow/example_dags/example_kubernetes_executor.py
[2024-02-26T15:58:15.628+0000] {logging_mixin.py:188} INFO - [2024-02-26T15:58:15.628+0000] {dag.py:3047} INFO - Sync 1 DAGs
[2024-02-26T15:58:15.637+0000] {logging_mixin.py:188} INFO - [2024-02-26T15:58:15.637+0000] {dag.py:3834} INFO - Setting next_dagrun for example_kubernetes_executor to None, run_after=None
[2024-02-26T15:58:15.653+0000] {processor.py:183} INFO - Processing /home/airflow/.local/lib/python3.11/site-packages/airflow/example_dags/example_kubernetes_executor.py took 0.088 seconds
[2024-02-26T15:58:45.839+0000] {processor.py:161} INFO - Started process (PID=5204) to work on /home/airflow/.local/lib/python3.11/site-packages/airflow/example_dags/example_kubernetes_executor.py
[2024-02-26T15:58:45.842+0000] {processor.py:830} INFO - Processing file /home/airflow/.local/lib/python3.11/site-packages/airflow/example_dags/example_kubernetes_executor.py for tasks to queue
[2024-02-26T15:58:45.844+0000] {logging_mixin.py:188} INFO - [2024-02-26T15:58:45.844+0000] {dagbag.py:540} INFO - Filling up the DagBag from /home/airflow/.local/lib/python3.11/site-packages/airflow/example_dags/example_kubernetes_executor.py
[2024-02-26T15:58:45.855+0000] {processor.py:840} INFO - DAG(s) 'example_kubernetes_executor' retrieved from /home/airflow/.local/lib/python3.11/site-packages/airflow/example_dags/example_kubernetes_executor.py
[2024-02-26T15:58:45.890+0000] {logging_mixin.py:188} INFO - [2024-02-26T15:58:45.890+0000] {dag.py:3047} INFO - Sync 1 DAGs
[2024-02-26T15:58:45.898+0000] {logging_mixin.py:188} INFO - [2024-02-26T15:58:45.898+0000] {dag.py:3834} INFO - Setting next_dagrun for example_kubernetes_executor to None, run_after=None
[2024-02-26T15:58:45.913+0000] {processor.py:183} INFO - Processing /home/airflow/.local/lib/python3.11/site-packages/airflow/example_dags/example_kubernetes_executor.py took 0.083 seconds
[2024-02-26T15:59:16.104+0000] {processor.py:161} INFO - Started process (PID=5452) to work on /home/airflow/.local/lib/python3.11/site-packages/airflow/example_dags/example_kubernetes_executor.py
[2024-02-26T15:59:16.107+0000] {processor.py:830} INFO - Processing file /home/airflow/.local/lib/python3.11/site-packages/airflow/example_dags/example_kubernetes_executor.py for tasks to queue
[2024-02-26T15:59:16.109+0000] {logging_mixin.py:188} INFO - [2024-02-26T15:59:16.109+0000] {dagbag.py:540} INFO - Filling up the DagBag from /home/airflow/.local/lib/python3.11/site-packages/airflow/example_dags/example_kubernetes_executor.py
[2024-02-26T15:59:16.122+0000] {processor.py:840} INFO - DAG(s) 'example_kubernetes_executor' retrieved from /home/airflow/.local/lib/python3.11/site-packages/airflow/example_dags/example_kubernetes_executor.py
[2024-02-26T15:59:16.158+0000] {logging_mixin.py:188} INFO - [2024-02-26T15:59:16.157+0000] {dag.py:3047} INFO - Sync 1 DAGs
[2024-02-26T15:59:16.166+0000] {logging_mixin.py:188} INFO - [2024-02-26T15:59:16.166+0000] {dag.py:3834} INFO - Setting next_dagrun for example_kubernetes_executor to None, run_after=None
[2024-02-26T15:59:16.178+0000] {processor.py:183} INFO - Processing /home/airflow/.local/lib/python3.11/site-packages/airflow/example_dags/example_kubernetes_executor.py took 0.079 seconds
[2024-02-26T15:59:46.487+0000] {processor.py:161} INFO - Started process (PID=5699) to work on /home/airflow/.local/lib/python3.11/site-packages/airflow/example_dags/example_kubernetes_executor.py
[2024-02-26T15:59:46.491+0000] {processor.py:830} INFO - Processing file /home/airflow/.local/lib/python3.11/site-packages/airflow/example_dags/example_kubernetes_executor.py for tasks to queue
[2024-02-26T15:59:46.497+0000] {logging_mixin.py:188} INFO - [2024-02-26T15:59:46.496+0000] {dagbag.py:540} INFO - Filling up the DagBag from /home/airflow/.local/lib/python3.11/site-packages/airflow/example_dags/example_kubernetes_executor.py
[2024-02-26T15:59:46.517+0000] {processor.py:840} INFO - DAG(s) 'example_kubernetes_executor' retrieved from /home/airflow/.local/lib/python3.11/site-packages/airflow/example_dags/example_kubernetes_executor.py
[2024-02-26T15:59:46.554+0000] {logging_mixin.py:188} INFO - [2024-02-26T15:59:46.554+0000] {dag.py:3047} INFO - Sync 1 DAGs
[2024-02-26T15:59:46.564+0000] {logging_mixin.py:188} INFO - [2024-02-26T15:59:46.564+0000] {dag.py:3834} INFO - Setting next_dagrun for example_kubernetes_executor to None, run_after=None
[2024-02-26T15:59:46.576+0000] {processor.py:183} INFO - Processing /home/airflow/.local/lib/python3.11/site-packages/airflow/example_dags/example_kubernetes_executor.py took 0.095 seconds
[2024-02-26T16:00:17.270+0000] {processor.py:161} INFO - Started process (PID=5946) to work on /home/airflow/.local/lib/python3.11/site-packages/airflow/example_dags/example_kubernetes_executor.py
[2024-02-26T16:00:17.273+0000] {processor.py:830} INFO - Processing file /home/airflow/.local/lib/python3.11/site-packages/airflow/example_dags/example_kubernetes_executor.py for tasks to queue
[2024-02-26T16:00:17.276+0000] {logging_mixin.py:188} INFO - [2024-02-26T16:00:17.275+0000] {dagbag.py:540} INFO - Filling up the DagBag from /home/airflow/.local/lib/python3.11/site-packages/airflow/example_dags/example_kubernetes_executor.py
[2024-02-26T16:00:17.293+0000] {processor.py:840} INFO - DAG(s) 'example_kubernetes_executor' retrieved from /home/airflow/.local/lib/python3.11/site-packages/airflow/example_dags/example_kubernetes_executor.py
[2024-02-26T16:00:17.326+0000] {logging_mixin.py:188} INFO - [2024-02-26T16:00:17.326+0000] {dag.py:3047} INFO - Sync 1 DAGs
[2024-02-26T16:00:17.335+0000] {logging_mixin.py:188} INFO - [2024-02-26T16:00:17.335+0000] {dag.py:3834} INFO - Setting next_dagrun for example_kubernetes_executor to None, run_after=None
[2024-02-26T16:00:17.347+0000] {processor.py:183} INFO - Processing /home/airflow/.local/lib/python3.11/site-packages/airflow/example_dags/example_kubernetes_executor.py took 0.082 seconds
[2024-02-26T16:00:48.113+0000] {processor.py:161} INFO - Started process (PID=6192) to work on /home/airflow/.local/lib/python3.11/site-packages/airflow/example_dags/example_kubernetes_executor.py
[2024-02-26T16:00:48.115+0000] {processor.py:830} INFO - Processing file /home/airflow/.local/lib/python3.11/site-packages/airflow/example_dags/example_kubernetes_executor.py for tasks to queue
[2024-02-26T16:00:48.117+0000] {logging_mixin.py:188} INFO - [2024-02-26T16:00:48.116+0000] {dagbag.py:540} INFO - Filling up the DagBag from /home/airflow/.local/lib/python3.11/site-packages/airflow/example_dags/example_kubernetes_executor.py
[2024-02-26T16:00:48.132+0000] {processor.py:840} INFO - DAG(s) 'example_kubernetes_executor' retrieved from /home/airflow/.local/lib/python3.11/site-packages/airflow/example_dags/example_kubernetes_executor.py
[2024-02-26T16:00:48.170+0000] {logging_mixin.py:188} INFO - [2024-02-26T16:00:48.170+0000] {dag.py:3047} INFO - Sync 1 DAGs
[2024-02-26T16:00:48.178+0000] {logging_mixin.py:188} INFO - [2024-02-26T16:00:48.178+0000] {dag.py:3834} INFO - Setting next_dagrun for example_kubernetes_executor to None, run_after=None
[2024-02-26T16:00:48.190+0000] {processor.py:183} INFO - Processing /home/airflow/.local/lib/python3.11/site-packages/airflow/example_dags/example_kubernetes_executor.py took 0.080 seconds
[2024-02-26T16:01:18.902+0000] {processor.py:161} INFO - Started process (PID=6439) to work on /home/airflow/.local/lib/python3.11/site-packages/airflow/example_dags/example_kubernetes_executor.py
[2024-02-26T16:01:18.905+0000] {processor.py:830} INFO - Processing file /home/airflow/.local/lib/python3.11/site-packages/airflow/example_dags/example_kubernetes_executor.py for tasks to queue
[2024-02-26T16:01:18.909+0000] {logging_mixin.py:188} INFO - [2024-02-26T16:01:18.908+0000] {dagbag.py:540} INFO - Filling up the DagBag from /home/airflow/.local/lib/python3.11/site-packages/airflow/example_dags/example_kubernetes_executor.py
[2024-02-26T16:01:18.922+0000] {processor.py:840} INFO - DAG(s) 'example_kubernetes_executor' retrieved from /home/airflow/.local/lib/python3.11/site-packages/airflow/example_dags/example_kubernetes_executor.py
[2024-02-26T16:01:18.955+0000] {logging_mixin.py:188} INFO - [2024-02-26T16:01:18.955+0000] {dag.py:3047} INFO - Sync 1 DAGs
[2024-02-26T16:01:18.963+0000] {logging_mixin.py:188} INFO - [2024-02-26T16:01:18.963+0000] {dag.py:3834} INFO - Setting next_dagrun for example_kubernetes_executor to None, run_after=None
[2024-02-26T16:01:18.976+0000] {processor.py:183} INFO - Processing /home/airflow/.local/lib/python3.11/site-packages/airflow/example_dags/example_kubernetes_executor.py took 0.079 seconds
[2024-02-26T16:01:49.064+0000] {processor.py:161} INFO - Started process (PID=6686) to work on /home/airflow/.local/lib/python3.11/site-packages/airflow/example_dags/example_kubernetes_executor.py
[2024-02-26T16:01:49.066+0000] {processor.py:830} INFO - Processing file /home/airflow/.local/lib/python3.11/site-packages/airflow/example_dags/example_kubernetes_executor.py for tasks to queue
[2024-02-26T16:01:49.068+0000] {logging_mixin.py:188} INFO - [2024-02-26T16:01:49.067+0000] {dagbag.py:540} INFO - Filling up the DagBag from /home/airflow/.local/lib/python3.11/site-packages/airflow/example_dags/example_kubernetes_executor.py
[2024-02-26T16:01:49.079+0000] {processor.py:840} INFO - DAG(s) 'example_kubernetes_executor' retrieved from /home/airflow/.local/lib/python3.11/site-packages/airflow/example_dags/example_kubernetes_executor.py
[2024-02-26T16:01:49.112+0000] {logging_mixin.py:188} INFO - [2024-02-26T16:01:49.112+0000] {dag.py:3047} INFO - Sync 1 DAGs
[2024-02-26T16:01:49.120+0000] {logging_mixin.py:188} INFO - [2024-02-26T16:01:49.120+0000] {dag.py:3834} INFO - Setting next_dagrun for example_kubernetes_executor to None, run_after=None
[2024-02-26T16:01:49.131+0000] {processor.py:183} INFO - Processing /home/airflow/.local/lib/python3.11/site-packages/airflow/example_dags/example_kubernetes_executor.py took 0.072 seconds
[2024-02-26T16:02:20.030+0000] {processor.py:161} INFO - Started process (PID=6933) to work on /home/airflow/.local/lib/python3.11/site-packages/airflow/example_dags/example_kubernetes_executor.py
[2024-02-26T16:02:20.034+0000] {processor.py:830} INFO - Processing file /home/airflow/.local/lib/python3.11/site-packages/airflow/example_dags/example_kubernetes_executor.py for tasks to queue
[2024-02-26T16:02:20.038+0000] {logging_mixin.py:188} INFO - [2024-02-26T16:02:20.037+0000] {dagbag.py:540} INFO - Filling up the DagBag from /home/airflow/.local/lib/python3.11/site-packages/airflow/example_dags/example_kubernetes_executor.py
[2024-02-26T16:02:20.057+0000] {processor.py:840} INFO - DAG(s) 'example_kubernetes_executor' retrieved from /home/airflow/.local/lib/python3.11/site-packages/airflow/example_dags/example_kubernetes_executor.py
[2024-02-26T16:02:20.096+0000] {logging_mixin.py:188} INFO - [2024-02-26T16:02:20.096+0000] {dag.py:3047} INFO - Sync 1 DAGs
[2024-02-26T16:02:20.107+0000] {logging_mixin.py:188} INFO - [2024-02-26T16:02:20.107+0000] {dag.py:3834} INFO - Setting next_dagrun for example_kubernetes_executor to None, run_after=None
[2024-02-26T16:02:20.121+0000] {processor.py:183} INFO - Processing /home/airflow/.local/lib/python3.11/site-packages/airflow/example_dags/example_kubernetes_executor.py took 0.097 seconds
[2024-02-26T16:02:50.320+0000] {processor.py:161} INFO - Started process (PID=7180) to work on /home/airflow/.local/lib/python3.11/site-packages/airflow/example_dags/example_kubernetes_executor.py
[2024-02-26T16:02:50.322+0000] {processor.py:830} INFO - Processing file /home/airflow/.local/lib/python3.11/site-packages/airflow/example_dags/example_kubernetes_executor.py for tasks to queue
[2024-02-26T16:02:50.325+0000] {logging_mixin.py:188} INFO - [2024-02-26T16:02:50.325+0000] {dagbag.py:540} INFO - Filling up the DagBag from /home/airflow/.local/lib/python3.11/site-packages/airflow/example_dags/example_kubernetes_executor.py
[2024-02-26T16:02:50.339+0000] {processor.py:840} INFO - DAG(s) 'example_kubernetes_executor' retrieved from /home/airflow/.local/lib/python3.11/site-packages/airflow/example_dags/example_kubernetes_executor.py
[2024-02-26T16:02:50.373+0000] {logging_mixin.py:188} INFO - [2024-02-26T16:02:50.373+0000] {dag.py:3047} INFO - Sync 1 DAGs
[2024-02-26T16:02:50.384+0000] {logging_mixin.py:188} INFO - [2024-02-26T16:02:50.384+0000] {dag.py:3834} INFO - Setting next_dagrun for example_kubernetes_executor to None, run_after=None
[2024-02-26T16:02:50.396+0000] {processor.py:183} INFO - Processing /home/airflow/.local/lib/python3.11/site-packages/airflow/example_dags/example_kubernetes_executor.py took 0.083 seconds
[2024-02-26T16:03:20.517+0000] {processor.py:161} INFO - Started process (PID=7427) to work on /home/airflow/.local/lib/python3.11/site-packages/airflow/example_dags/example_kubernetes_executor.py
[2024-02-26T16:03:20.520+0000] {processor.py:830} INFO - Processing file /home/airflow/.local/lib/python3.11/site-packages/airflow/example_dags/example_kubernetes_executor.py for tasks to queue
[2024-02-26T16:03:20.522+0000] {logging_mixin.py:188} INFO - [2024-02-26T16:03:20.522+0000] {dagbag.py:540} INFO - Filling up the DagBag from /home/airflow/.local/lib/python3.11/site-packages/airflow/example_dags/example_kubernetes_executor.py
[2024-02-26T16:03:20.541+0000] {processor.py:840} INFO - DAG(s) 'example_kubernetes_executor' retrieved from /home/airflow/.local/lib/python3.11/site-packages/airflow/example_dags/example_kubernetes_executor.py
[2024-02-26T16:03:20.575+0000] {logging_mixin.py:188} INFO - [2024-02-26T16:03:20.575+0000] {dag.py:3047} INFO - Sync 1 DAGs
[2024-02-26T16:03:20.583+0000] {logging_mixin.py:188} INFO - [2024-02-26T16:03:20.583+0000] {dag.py:3834} INFO - Setting next_dagrun for example_kubernetes_executor to None, run_after=None
[2024-02-26T16:03:20.595+0000] {processor.py:183} INFO - Processing /home/airflow/.local/lib/python3.11/site-packages/airflow/example_dags/example_kubernetes_executor.py took 0.084 seconds
[2024-02-26T16:03:50.761+0000] {processor.py:161} INFO - Started process (PID=7675) to work on /home/airflow/.local/lib/python3.11/site-packages/airflow/example_dags/example_kubernetes_executor.py
[2024-02-26T16:03:50.765+0000] {processor.py:830} INFO - Processing file /home/airflow/.local/lib/python3.11/site-packages/airflow/example_dags/example_kubernetes_executor.py for tasks to queue
[2024-02-26T16:03:50.767+0000] {logging_mixin.py:188} INFO - [2024-02-26T16:03:50.767+0000] {dagbag.py:540} INFO - Filling up the DagBag from /home/airflow/.local/lib/python3.11/site-packages/airflow/example_dags/example_kubernetes_executor.py
[2024-02-26T16:03:50.784+0000] {processor.py:840} INFO - DAG(s) 'example_kubernetes_executor' retrieved from /home/airflow/.local/lib/python3.11/site-packages/airflow/example_dags/example_kubernetes_executor.py
[2024-02-26T16:03:50.816+0000] {logging_mixin.py:188} INFO - [2024-02-26T16:03:50.816+0000] {dag.py:3047} INFO - Sync 1 DAGs
[2024-02-26T16:03:50.823+0000] {logging_mixin.py:188} INFO - [2024-02-26T16:03:50.823+0000] {dag.py:3834} INFO - Setting next_dagrun for example_kubernetes_executor to None, run_after=None
[2024-02-26T16:03:50.836+0000] {processor.py:183} INFO - Processing /home/airflow/.local/lib/python3.11/site-packages/airflow/example_dags/example_kubernetes_executor.py took 0.080 seconds
[2024-02-26T16:04:21.445+0000] {processor.py:161} INFO - Started process (PID=7922) to work on /home/airflow/.local/lib/python3.11/site-packages/airflow/example_dags/example_kubernetes_executor.py
[2024-02-26T16:04:21.448+0000] {processor.py:830} INFO - Processing file /home/airflow/.local/lib/python3.11/site-packages/airflow/example_dags/example_kubernetes_executor.py for tasks to queue
[2024-02-26T16:04:21.451+0000] {logging_mixin.py:188} INFO - [2024-02-26T16:04:21.450+0000] {dagbag.py:540} INFO - Filling up the DagBag from /home/airflow/.local/lib/python3.11/site-packages/airflow/example_dags/example_kubernetes_executor.py
[2024-02-26T16:04:21.464+0000] {processor.py:840} INFO - DAG(s) 'example_kubernetes_executor' retrieved from /home/airflow/.local/lib/python3.11/site-packages/airflow/example_dags/example_kubernetes_executor.py
[2024-02-26T16:04:21.502+0000] {logging_mixin.py:188} INFO - [2024-02-26T16:04:21.502+0000] {dag.py:3047} INFO - Sync 1 DAGs
[2024-02-26T16:04:21.510+0000] {logging_mixin.py:188} INFO - [2024-02-26T16:04:21.510+0000] {dag.py:3834} INFO - Setting next_dagrun for example_kubernetes_executor to None, run_after=None
[2024-02-26T16:04:21.522+0000] {processor.py:183} INFO - Processing /home/airflow/.local/lib/python3.11/site-packages/airflow/example_dags/example_kubernetes_executor.py took 0.083 seconds
[2024-02-26T16:04:52.254+0000] {processor.py:161} INFO - Started process (PID=8169) to work on /home/airflow/.local/lib/python3.11/site-packages/airflow/example_dags/example_kubernetes_executor.py
[2024-02-26T16:04:52.257+0000] {processor.py:830} INFO - Processing file /home/airflow/.local/lib/python3.11/site-packages/airflow/example_dags/example_kubernetes_executor.py for tasks to queue
[2024-02-26T16:04:52.260+0000] {logging_mixin.py:188} INFO - [2024-02-26T16:04:52.259+0000] {dagbag.py:540} INFO - Filling up the DagBag from /home/airflow/.local/lib/python3.11/site-packages/airflow/example_dags/example_kubernetes_executor.py
[2024-02-26T16:04:52.275+0000] {processor.py:840} INFO - DAG(s) 'example_kubernetes_executor' retrieved from /home/airflow/.local/lib/python3.11/site-packages/airflow/example_dags/example_kubernetes_executor.py
[2024-02-26T16:04:52.310+0000] {logging_mixin.py:188} INFO - [2024-02-26T16:04:52.310+0000] {dag.py:3047} INFO - Sync 1 DAGs
[2024-02-26T16:04:52.319+0000] {logging_mixin.py:188} INFO - [2024-02-26T16:04:52.319+0000] {dag.py:3834} INFO - Setting next_dagrun for example_kubernetes_executor to None, run_after=None
[2024-02-26T16:04:52.330+0000] {processor.py:183} INFO - Processing /home/airflow/.local/lib/python3.11/site-packages/airflow/example_dags/example_kubernetes_executor.py took 0.083 seconds
[2024-02-26T16:05:23.070+0000] {processor.py:161} INFO - Started process (PID=8416) to work on /home/airflow/.local/lib/python3.11/site-packages/airflow/example_dags/example_kubernetes_executor.py
[2024-02-26T16:05:23.073+0000] {processor.py:830} INFO - Processing file /home/airflow/.local/lib/python3.11/site-packages/airflow/example_dags/example_kubernetes_executor.py for tasks to queue
[2024-02-26T16:05:23.075+0000] {logging_mixin.py:188} INFO - [2024-02-26T16:05:23.074+0000] {dagbag.py:540} INFO - Filling up the DagBag from /home/airflow/.local/lib/python3.11/site-packages/airflow/example_dags/example_kubernetes_executor.py
[2024-02-26T16:05:23.089+0000] {processor.py:840} INFO - DAG(s) 'example_kubernetes_executor' retrieved from /home/airflow/.local/lib/python3.11/site-packages/airflow/example_dags/example_kubernetes_executor.py
[2024-02-26T16:05:23.123+0000] {logging_mixin.py:188} INFO - [2024-02-26T16:05:23.123+0000] {dag.py:3047} INFO - Sync 1 DAGs
[2024-02-26T16:05:23.132+0000] {logging_mixin.py:188} INFO - [2024-02-26T16:05:23.132+0000] {dag.py:3834} INFO - Setting next_dagrun for example_kubernetes_executor to None, run_after=None
[2024-02-26T16:05:23.143+0000] {processor.py:183} INFO - Processing /home/airflow/.local/lib/python3.11/site-packages/airflow/example_dags/example_kubernetes_executor.py took 0.078 seconds
[2024-02-26T16:05:53.796+0000] {processor.py:161} INFO - Started process (PID=8663) to work on /home/airflow/.local/lib/python3.11/site-packages/airflow/example_dags/example_kubernetes_executor.py
[2024-02-26T16:05:53.798+0000] {processor.py:830} INFO - Processing file /home/airflow/.local/lib/python3.11/site-packages/airflow/example_dags/example_kubernetes_executor.py for tasks to queue
[2024-02-26T16:05:53.800+0000] {logging_mixin.py:188} INFO - [2024-02-26T16:05:53.800+0000] {dagbag.py:540} INFO - Filling up the DagBag from /home/airflow/.local/lib/python3.11/site-packages/airflow/example_dags/example_kubernetes_executor.py
[2024-02-26T16:05:53.814+0000] {processor.py:840} INFO - DAG(s) 'example_kubernetes_executor' retrieved from /home/airflow/.local/lib/python3.11/site-packages/airflow/example_dags/example_kubernetes_executor.py
[2024-02-26T16:05:53.847+0000] {logging_mixin.py:188} INFO - [2024-02-26T16:05:53.847+0000] {dag.py:3047} INFO - Sync 1 DAGs
[2024-02-26T16:05:53.856+0000] {logging_mixin.py:188} INFO - [2024-02-26T16:05:53.856+0000] {dag.py:3834} INFO - Setting next_dagrun for example_kubernetes_executor to None, run_after=None
[2024-02-26T16:05:53.868+0000] {processor.py:183} INFO - Processing /home/airflow/.local/lib/python3.11/site-packages/airflow/example_dags/example_kubernetes_executor.py took 0.078 seconds
[2024-02-26T16:06:24.658+0000] {processor.py:161} INFO - Started process (PID=8910) to work on /home/airflow/.local/lib/python3.11/site-packages/airflow/example_dags/example_kubernetes_executor.py
[2024-02-26T16:06:24.665+0000] {processor.py:830} INFO - Processing file /home/airflow/.local/lib/python3.11/site-packages/airflow/example_dags/example_kubernetes_executor.py for tasks to queue
[2024-02-26T16:06:24.667+0000] {logging_mixin.py:188} INFO - [2024-02-26T16:06:24.667+0000] {dagbag.py:540} INFO - Filling up the DagBag from /home/airflow/.local/lib/python3.11/site-packages/airflow/example_dags/example_kubernetes_executor.py
[2024-02-26T16:06:24.681+0000] {processor.py:840} INFO - DAG(s) 'example_kubernetes_executor' retrieved from /home/airflow/.local/lib/python3.11/site-packages/airflow/example_dags/example_kubernetes_executor.py
[2024-02-26T16:06:24.716+0000] {logging_mixin.py:188} INFO - [2024-02-26T16:06:24.716+0000] {dag.py:3047} INFO - Sync 1 DAGs
[2024-02-26T16:06:24.725+0000] {logging_mixin.py:188} INFO - [2024-02-26T16:06:24.725+0000] {dag.py:3834} INFO - Setting next_dagrun for example_kubernetes_executor to None, run_after=None
[2024-02-26T16:06:24.737+0000] {processor.py:183} INFO - Processing /home/airflow/.local/lib/python3.11/site-packages/airflow/example_dags/example_kubernetes_executor.py took 0.085 seconds
[2024-02-26T16:06:55.418+0000] {processor.py:161} INFO - Started process (PID=9157) to work on /home/airflow/.local/lib/python3.11/site-packages/airflow/example_dags/example_kubernetes_executor.py
[2024-02-26T16:06:55.421+0000] {processor.py:830} INFO - Processing file /home/airflow/.local/lib/python3.11/site-packages/airflow/example_dags/example_kubernetes_executor.py for tasks to queue
[2024-02-26T16:06:55.423+0000] {logging_mixin.py:188} INFO - [2024-02-26T16:06:55.423+0000] {dagbag.py:540} INFO - Filling up the DagBag from /home/airflow/.local/lib/python3.11/site-packages/airflow/example_dags/example_kubernetes_executor.py
[2024-02-26T16:06:55.439+0000] {processor.py:840} INFO - DAG(s) 'example_kubernetes_executor' retrieved from /home/airflow/.local/lib/python3.11/site-packages/airflow/example_dags/example_kubernetes_executor.py
[2024-02-26T16:06:55.477+0000] {logging_mixin.py:188} INFO - [2024-02-26T16:06:55.477+0000] {dag.py:3047} INFO - Sync 1 DAGs
[2024-02-26T16:06:55.490+0000] {logging_mixin.py:188} INFO - [2024-02-26T16:06:55.490+0000] {dag.py:3834} INFO - Setting next_dagrun for example_kubernetes_executor to None, run_after=None
[2024-02-26T16:06:55.505+0000] {processor.py:183} INFO - Processing /home/airflow/.local/lib/python3.11/site-packages/airflow/example_dags/example_kubernetes_executor.py took 0.093 seconds
[2024-02-26T16:07:25.599+0000] {processor.py:161} INFO - Started process (PID=9404) to work on /home/airflow/.local/lib/python3.11/site-packages/airflow/example_dags/example_kubernetes_executor.py
[2024-02-26T16:07:25.602+0000] {processor.py:830} INFO - Processing file /home/airflow/.local/lib/python3.11/site-packages/airflow/example_dags/example_kubernetes_executor.py for tasks to queue
[2024-02-26T16:07:25.604+0000] {logging_mixin.py:188} INFO - [2024-02-26T16:07:25.604+0000] {dagbag.py:540} INFO - Filling up the DagBag from /home/airflow/.local/lib/python3.11/site-packages/airflow/example_dags/example_kubernetes_executor.py
[2024-02-26T16:07:25.616+0000] {processor.py:840} INFO - DAG(s) 'example_kubernetes_executor' retrieved from /home/airflow/.local/lib/python3.11/site-packages/airflow/example_dags/example_kubernetes_executor.py
[2024-02-26T16:07:25.649+0000] {logging_mixin.py:188} INFO - [2024-02-26T16:07:25.649+0000] {dag.py:3047} INFO - Sync 1 DAGs
[2024-02-26T16:07:25.657+0000] {logging_mixin.py:188} INFO - [2024-02-26T16:07:25.657+0000] {dag.py:3834} INFO - Setting next_dagrun for example_kubernetes_executor to None, run_after=None
[2024-02-26T16:07:25.671+0000] {processor.py:183} INFO - Processing /home/airflow/.local/lib/python3.11/site-packages/airflow/example_dags/example_kubernetes_executor.py took 0.077 seconds
[2024-02-26T16:07:55.755+0000] {processor.py:161} INFO - Started process (PID=9651) to work on /home/airflow/.local/lib/python3.11/site-packages/airflow/example_dags/example_kubernetes_executor.py
[2024-02-26T16:07:55.758+0000] {processor.py:830} INFO - Processing file /home/airflow/.local/lib/python3.11/site-packages/airflow/example_dags/example_kubernetes_executor.py for tasks to queue
[2024-02-26T16:07:55.760+0000] {logging_mixin.py:188} INFO - [2024-02-26T16:07:55.760+0000] {dagbag.py:540} INFO - Filling up the DagBag from /home/airflow/.local/lib/python3.11/site-packages/airflow/example_dags/example_kubernetes_executor.py
[2024-02-26T16:07:55.773+0000] {processor.py:840} INFO - DAG(s) 'example_kubernetes_executor' retrieved from /home/airflow/.local/lib/python3.11/site-packages/airflow/example_dags/example_kubernetes_executor.py
[2024-02-26T16:07:55.810+0000] {logging_mixin.py:188} INFO - [2024-02-26T16:07:55.810+0000] {dag.py:3047} INFO - Sync 1 DAGs
[2024-02-26T16:07:55.818+0000] {logging_mixin.py:188} INFO - [2024-02-26T16:07:55.818+0000] {dag.py:3834} INFO - Setting next_dagrun for example_kubernetes_executor to None, run_after=None
[2024-02-26T16:07:55.831+0000] {processor.py:183} INFO - Processing /home/airflow/.local/lib/python3.11/site-packages/airflow/example_dags/example_kubernetes_executor.py took 0.080 seconds
[2024-02-26T16:08:26.022+0000] {processor.py:161} INFO - Started process (PID=9898) to work on /home/airflow/.local/lib/python3.11/site-packages/airflow/example_dags/example_kubernetes_executor.py
[2024-02-26T16:08:26.025+0000] {processor.py:830} INFO - Processing file /home/airflow/.local/lib/python3.11/site-packages/airflow/example_dags/example_kubernetes_executor.py for tasks to queue
[2024-02-26T16:08:26.027+0000] {logging_mixin.py:188} INFO - [2024-02-26T16:08:26.027+0000] {dagbag.py:540} INFO - Filling up the DagBag from /home/airflow/.local/lib/python3.11/site-packages/airflow/example_dags/example_kubernetes_executor.py
[2024-02-26T16:08:26.044+0000] {processor.py:840} INFO - DAG(s) 'example_kubernetes_executor' retrieved from /home/airflow/.local/lib/python3.11/site-packages/airflow/example_dags/example_kubernetes_executor.py
[2024-02-26T16:08:26.078+0000] {logging_mixin.py:188} INFO - [2024-02-26T16:08:26.078+0000] {dag.py:3047} INFO - Sync 1 DAGs
[2024-02-26T16:08:26.088+0000] {logging_mixin.py:188} INFO - [2024-02-26T16:08:26.088+0000] {dag.py:3834} INFO - Setting next_dagrun for example_kubernetes_executor to None, run_after=None
[2024-02-26T16:08:26.100+0000] {processor.py:183} INFO - Processing /home/airflow/.local/lib/python3.11/site-packages/airflow/example_dags/example_kubernetes_executor.py took 0.084 seconds
[2024-02-26T16:08:56.167+0000] {processor.py:161} INFO - Started process (PID=10145) to work on /home/airflow/.local/lib/python3.11/site-packages/airflow/example_dags/example_kubernetes_executor.py
[2024-02-26T16:08:56.169+0000] {processor.py:830} INFO - Processing file /home/airflow/.local/lib/python3.11/site-packages/airflow/example_dags/example_kubernetes_executor.py for tasks to queue
[2024-02-26T16:08:56.172+0000] {logging_mixin.py:188} INFO - [2024-02-26T16:08:56.171+0000] {dagbag.py:540} INFO - Filling up the DagBag from /home/airflow/.local/lib/python3.11/site-packages/airflow/example_dags/example_kubernetes_executor.py
[2024-02-26T16:08:56.184+0000] {processor.py:840} INFO - DAG(s) 'example_kubernetes_executor' retrieved from /home/airflow/.local/lib/python3.11/site-packages/airflow/example_dags/example_kubernetes_executor.py
[2024-02-26T16:08:56.224+0000] {logging_mixin.py:188} INFO - [2024-02-26T16:08:56.224+0000] {dag.py:3047} INFO - Sync 1 DAGs
[2024-02-26T16:08:56.236+0000] {logging_mixin.py:188} INFO - [2024-02-26T16:08:56.236+0000] {dag.py:3834} INFO - Setting next_dagrun for example_kubernetes_executor to None, run_after=None
[2024-02-26T16:08:56.250+0000] {processor.py:183} INFO - Processing /home/airflow/.local/lib/python3.11/site-packages/airflow/example_dags/example_kubernetes_executor.py took 0.086 seconds
[2024-02-26T16:09:26.444+0000] {processor.py:161} INFO - Started process (PID=10392) to work on /home/airflow/.local/lib/python3.11/site-packages/airflow/example_dags/example_kubernetes_executor.py
[2024-02-26T16:09:26.447+0000] {processor.py:830} INFO - Processing file /home/airflow/.local/lib/python3.11/site-packages/airflow/example_dags/example_kubernetes_executor.py for tasks to queue
[2024-02-26T16:09:26.450+0000] {logging_mixin.py:188} INFO - [2024-02-26T16:09:26.449+0000] {dagbag.py:540} INFO - Filling up the DagBag from /home/airflow/.local/lib/python3.11/site-packages/airflow/example_dags/example_kubernetes_executor.py
[2024-02-26T16:09:26.464+0000] {processor.py:840} INFO - DAG(s) 'example_kubernetes_executor' retrieved from /home/airflow/.local/lib/python3.11/site-packages/airflow/example_dags/example_kubernetes_executor.py
[2024-02-26T16:09:26.499+0000] {logging_mixin.py:188} INFO - [2024-02-26T16:09:26.499+0000] {dag.py:3047} INFO - Sync 1 DAGs
[2024-02-26T16:09:26.508+0000] {logging_mixin.py:188} INFO - [2024-02-26T16:09:26.508+0000] {dag.py:3834} INFO - Setting next_dagrun for example_kubernetes_executor to None, run_after=None
[2024-02-26T16:09:26.520+0000] {processor.py:183} INFO - Processing /home/airflow/.local/lib/python3.11/site-packages/airflow/example_dags/example_kubernetes_executor.py took 0.082 seconds
[2024-02-26T16:09:56.618+0000] {processor.py:161} INFO - Started process (PID=10639) to work on /home/airflow/.local/lib/python3.11/site-packages/airflow/example_dags/example_kubernetes_executor.py
[2024-02-26T16:09:56.621+0000] {processor.py:830} INFO - Processing file /home/airflow/.local/lib/python3.11/site-packages/airflow/example_dags/example_kubernetes_executor.py for tasks to queue
[2024-02-26T16:09:56.625+0000] {logging_mixin.py:188} INFO - [2024-02-26T16:09:56.624+0000] {dagbag.py:540} INFO - Filling up the DagBag from /home/airflow/.local/lib/python3.11/site-packages/airflow/example_dags/example_kubernetes_executor.py
[2024-02-26T16:09:56.644+0000] {processor.py:840} INFO - DAG(s) 'example_kubernetes_executor' retrieved from /home/airflow/.local/lib/python3.11/site-packages/airflow/example_dags/example_kubernetes_executor.py
[2024-02-26T16:09:56.683+0000] {logging_mixin.py:188} INFO - [2024-02-26T16:09:56.682+0000] {dag.py:3047} INFO - Sync 1 DAGs
[2024-02-26T16:09:56.691+0000] {logging_mixin.py:188} INFO - [2024-02-26T16:09:56.691+0000] {dag.py:3834} INFO - Setting next_dagrun for example_kubernetes_executor to None, run_after=None
[2024-02-26T16:09:56.705+0000] {processor.py:183} INFO - Processing /home/airflow/.local/lib/python3.11/site-packages/airflow/example_dags/example_kubernetes_executor.py took 0.093 seconds
[2024-02-26T16:10:26.842+0000] {processor.py:161} INFO - Started process (PID=10886) to work on /home/airflow/.local/lib/python3.11/site-packages/airflow/example_dags/example_kubernetes_executor.py
[2024-02-26T16:10:26.845+0000] {processor.py:830} INFO - Processing file /home/airflow/.local/lib/python3.11/site-packages/airflow/example_dags/example_kubernetes_executor.py for tasks to queue
[2024-02-26T16:10:26.848+0000] {logging_mixin.py:188} INFO - [2024-02-26T16:10:26.847+0000] {dagbag.py:540} INFO - Filling up the DagBag from /home/airflow/.local/lib/python3.11/site-packages/airflow/example_dags/example_kubernetes_executor.py
[2024-02-26T16:10:26.862+0000] {processor.py:840} INFO - DAG(s) 'example_kubernetes_executor' retrieved from /home/airflow/.local/lib/python3.11/site-packages/airflow/example_dags/example_kubernetes_executor.py
[2024-02-26T16:10:26.896+0000] {logging_mixin.py:188} INFO - [2024-02-26T16:10:26.896+0000] {dag.py:3047} INFO - Sync 1 DAGs
[2024-02-26T16:10:26.906+0000] {logging_mixin.py:188} INFO - [2024-02-26T16:10:26.906+0000] {dag.py:3834} INFO - Setting next_dagrun for example_kubernetes_executor to None, run_after=None
[2024-02-26T16:10:26.919+0000] {processor.py:183} INFO - Processing /home/airflow/.local/lib/python3.11/site-packages/airflow/example_dags/example_kubernetes_executor.py took 0.082 seconds
[2024-02-26T16:10:57.129+0000] {processor.py:161} INFO - Started process (PID=11133) to work on /home/airflow/.local/lib/python3.11/site-packages/airflow/example_dags/example_kubernetes_executor.py
[2024-02-26T16:10:57.132+0000] {processor.py:830} INFO - Processing file /home/airflow/.local/lib/python3.11/site-packages/airflow/example_dags/example_kubernetes_executor.py for tasks to queue
[2024-02-26T16:10:57.134+0000] {logging_mixin.py:188} INFO - [2024-02-26T16:10:57.134+0000] {dagbag.py:540} INFO - Filling up the DagBag from /home/airflow/.local/lib/python3.11/site-packages/airflow/example_dags/example_kubernetes_executor.py
[2024-02-26T16:10:57.147+0000] {processor.py:840} INFO - DAG(s) 'example_kubernetes_executor' retrieved from /home/airflow/.local/lib/python3.11/site-packages/airflow/example_dags/example_kubernetes_executor.py
[2024-02-26T16:10:57.180+0000] {logging_mixin.py:188} INFO - [2024-02-26T16:10:57.180+0000] {dag.py:3047} INFO - Sync 1 DAGs
[2024-02-26T16:10:57.189+0000] {logging_mixin.py:188} INFO - [2024-02-26T16:10:57.189+0000] {dag.py:3834} INFO - Setting next_dagrun for example_kubernetes_executor to None, run_after=None
[2024-02-26T16:10:57.201+0000] {processor.py:183} INFO - Processing /home/airflow/.local/lib/python3.11/site-packages/airflow/example_dags/example_kubernetes_executor.py took 0.077 seconds
[2024-02-26T16:11:27.358+0000] {processor.py:161} INFO - Started process (PID=11380) to work on /home/airflow/.local/lib/python3.11/site-packages/airflow/example_dags/example_kubernetes_executor.py
[2024-02-26T16:11:27.361+0000] {processor.py:830} INFO - Processing file /home/airflow/.local/lib/python3.11/site-packages/airflow/example_dags/example_kubernetes_executor.py for tasks to queue
[2024-02-26T16:11:27.365+0000] {logging_mixin.py:188} INFO - [2024-02-26T16:11:27.363+0000] {dagbag.py:540} INFO - Filling up the DagBag from /home/airflow/.local/lib/python3.11/site-packages/airflow/example_dags/example_kubernetes_executor.py
[2024-02-26T16:11:27.378+0000] {processor.py:840} INFO - DAG(s) 'example_kubernetes_executor' retrieved from /home/airflow/.local/lib/python3.11/site-packages/airflow/example_dags/example_kubernetes_executor.py
[2024-02-26T16:11:27.413+0000] {logging_mixin.py:188} INFO - [2024-02-26T16:11:27.412+0000] {dag.py:3047} INFO - Sync 1 DAGs
[2024-02-26T16:11:27.421+0000] {logging_mixin.py:188} INFO - [2024-02-26T16:11:27.421+0000] {dag.py:3834} INFO - Setting next_dagrun for example_kubernetes_executor to None, run_after=None
[2024-02-26T16:11:27.434+0000] {processor.py:183} INFO - Processing /home/airflow/.local/lib/python3.11/site-packages/airflow/example_dags/example_kubernetes_executor.py took 0.081 seconds
[2024-02-26T16:11:57.612+0000] {processor.py:161} INFO - Started process (PID=11627) to work on /home/airflow/.local/lib/python3.11/site-packages/airflow/example_dags/example_kubernetes_executor.py
[2024-02-26T16:11:57.614+0000] {processor.py:830} INFO - Processing file /home/airflow/.local/lib/python3.11/site-packages/airflow/example_dags/example_kubernetes_executor.py for tasks to queue
[2024-02-26T16:11:57.616+0000] {logging_mixin.py:188} INFO - [2024-02-26T16:11:57.616+0000] {dagbag.py:540} INFO - Filling up the DagBag from /home/airflow/.local/lib/python3.11/site-packages/airflow/example_dags/example_kubernetes_executor.py
[2024-02-26T16:11:57.629+0000] {processor.py:840} INFO - DAG(s) 'example_kubernetes_executor' retrieved from /home/airflow/.local/lib/python3.11/site-packages/airflow/example_dags/example_kubernetes_executor.py
[2024-02-26T16:11:57.662+0000] {logging_mixin.py:188} INFO - [2024-02-26T16:11:57.662+0000] {dag.py:3047} INFO - Sync 1 DAGs
[2024-02-26T16:11:57.670+0000] {logging_mixin.py:188} INFO - [2024-02-26T16:11:57.670+0000] {dag.py:3834} INFO - Setting next_dagrun for example_kubernetes_executor to None, run_after=None
[2024-02-26T16:11:57.680+0000] {processor.py:183} INFO - Processing /home/airflow/.local/lib/python3.11/site-packages/airflow/example_dags/example_kubernetes_executor.py took 0.074 seconds
[2024-02-26T16:12:27.800+0000] {processor.py:161} INFO - Started process (PID=11874) to work on /home/airflow/.local/lib/python3.11/site-packages/airflow/example_dags/example_kubernetes_executor.py
[2024-02-26T16:12:27.803+0000] {processor.py:830} INFO - Processing file /home/airflow/.local/lib/python3.11/site-packages/airflow/example_dags/example_kubernetes_executor.py for tasks to queue
[2024-02-26T16:12:27.809+0000] {logging_mixin.py:188} INFO - [2024-02-26T16:12:27.808+0000] {dagbag.py:540} INFO - Filling up the DagBag from /home/airflow/.local/lib/python3.11/site-packages/airflow/example_dags/example_kubernetes_executor.py
[2024-02-26T16:12:27.822+0000] {processor.py:840} INFO - DAG(s) 'example_kubernetes_executor' retrieved from /home/airflow/.local/lib/python3.11/site-packages/airflow/example_dags/example_kubernetes_executor.py
[2024-02-26T16:12:27.857+0000] {logging_mixin.py:188} INFO - [2024-02-26T16:12:27.856+0000] {dag.py:3047} INFO - Sync 1 DAGs
[2024-02-26T16:12:27.868+0000] {logging_mixin.py:188} INFO - [2024-02-26T16:12:27.868+0000] {dag.py:3834} INFO - Setting next_dagrun for example_kubernetes_executor to None, run_after=None
[2024-02-26T16:12:27.882+0000] {processor.py:183} INFO - Processing /home/airflow/.local/lib/python3.11/site-packages/airflow/example_dags/example_kubernetes_executor.py took 0.086 seconds
[2024-02-26T16:12:58.006+0000] {processor.py:161} INFO - Started process (PID=12122) to work on /home/airflow/.local/lib/python3.11/site-packages/airflow/example_dags/example_kubernetes_executor.py
[2024-02-26T16:12:58.009+0000] {processor.py:830} INFO - Processing file /home/airflow/.local/lib/python3.11/site-packages/airflow/example_dags/example_kubernetes_executor.py for tasks to queue
[2024-02-26T16:12:58.011+0000] {logging_mixin.py:188} INFO - [2024-02-26T16:12:58.011+0000] {dagbag.py:540} INFO - Filling up the DagBag from /home/airflow/.local/lib/python3.11/site-packages/airflow/example_dags/example_kubernetes_executor.py
[2024-02-26T16:12:58.024+0000] {processor.py:840} INFO - DAG(s) 'example_kubernetes_executor' retrieved from /home/airflow/.local/lib/python3.11/site-packages/airflow/example_dags/example_kubernetes_executor.py
[2024-02-26T16:12:58.059+0000] {logging_mixin.py:188} INFO - [2024-02-26T16:12:58.059+0000] {dag.py:3047} INFO - Sync 1 DAGs
[2024-02-26T16:12:58.068+0000] {logging_mixin.py:188} INFO - [2024-02-26T16:12:58.068+0000] {dag.py:3834} INFO - Setting next_dagrun for example_kubernetes_executor to None, run_after=None
[2024-02-26T16:12:58.080+0000] {processor.py:183} INFO - Processing /home/airflow/.local/lib/python3.11/site-packages/airflow/example_dags/example_kubernetes_executor.py took 0.079 seconds
[2024-02-26T16:13:28.151+0000] {processor.py:161} INFO - Started process (PID=12369) to work on /home/airflow/.local/lib/python3.11/site-packages/airflow/example_dags/example_kubernetes_executor.py
[2024-02-26T16:13:28.155+0000] {processor.py:830} INFO - Processing file /home/airflow/.local/lib/python3.11/site-packages/airflow/example_dags/example_kubernetes_executor.py for tasks to queue
[2024-02-26T16:13:28.157+0000] {logging_mixin.py:188} INFO - [2024-02-26T16:13:28.157+0000] {dagbag.py:540} INFO - Filling up the DagBag from /home/airflow/.local/lib/python3.11/site-packages/airflow/example_dags/example_kubernetes_executor.py
[2024-02-26T16:13:28.168+0000] {processor.py:840} INFO - DAG(s) 'example_kubernetes_executor' retrieved from /home/airflow/.local/lib/python3.11/site-packages/airflow/example_dags/example_kubernetes_executor.py
[2024-02-26T16:13:28.200+0000] {logging_mixin.py:188} INFO - [2024-02-26T16:13:28.200+0000] {dag.py:3047} INFO - Sync 1 DAGs
[2024-02-26T16:13:28.209+0000] {logging_mixin.py:188} INFO - [2024-02-26T16:13:28.209+0000] {dag.py:3834} INFO - Setting next_dagrun for example_kubernetes_executor to None, run_after=None
[2024-02-26T16:13:28.219+0000] {processor.py:183} INFO - Processing /home/airflow/.local/lib/python3.11/site-packages/airflow/example_dags/example_kubernetes_executor.py took 0.072 seconds
[2024-02-26T16:13:58.301+0000] {processor.py:161} INFO - Started process (PID=12617) to work on /home/airflow/.local/lib/python3.11/site-packages/airflow/example_dags/example_kubernetes_executor.py
[2024-02-26T16:13:58.303+0000] {processor.py:830} INFO - Processing file /home/airflow/.local/lib/python3.11/site-packages/airflow/example_dags/example_kubernetes_executor.py for tasks to queue
[2024-02-26T16:13:58.305+0000] {logging_mixin.py:188} INFO - [2024-02-26T16:13:58.304+0000] {dagbag.py:540} INFO - Filling up the DagBag from /home/airflow/.local/lib/python3.11/site-packages/airflow/example_dags/example_kubernetes_executor.py
[2024-02-26T16:13:58.318+0000] {processor.py:840} INFO - DAG(s) 'example_kubernetes_executor' retrieved from /home/airflow/.local/lib/python3.11/site-packages/airflow/example_dags/example_kubernetes_executor.py
[2024-02-26T16:13:58.358+0000] {logging_mixin.py:188} INFO - [2024-02-26T16:13:58.357+0000] {dag.py:3047} INFO - Sync 1 DAGs
[2024-02-26T16:13:58.367+0000] {logging_mixin.py:188} INFO - [2024-02-26T16:13:58.367+0000] {dag.py:3834} INFO - Setting next_dagrun for example_kubernetes_executor to None, run_after=None
[2024-02-26T16:13:58.387+0000] {processor.py:183} INFO - Processing /home/airflow/.local/lib/python3.11/site-packages/airflow/example_dags/example_kubernetes_executor.py took 0.090 seconds
[2024-02-26T16:14:28.655+0000] {processor.py:161} INFO - Started process (PID=12863) to work on /home/airflow/.local/lib/python3.11/site-packages/airflow/example_dags/example_kubernetes_executor.py
[2024-02-26T16:14:28.659+0000] {processor.py:830} INFO - Processing file /home/airflow/.local/lib/python3.11/site-packages/airflow/example_dags/example_kubernetes_executor.py for tasks to queue
[2024-02-26T16:14:28.662+0000] {logging_mixin.py:188} INFO - [2024-02-26T16:14:28.661+0000] {dagbag.py:540} INFO - Filling up the DagBag from /home/airflow/.local/lib/python3.11/site-packages/airflow/example_dags/example_kubernetes_executor.py
[2024-02-26T16:14:28.675+0000] {processor.py:840} INFO - DAG(s) 'example_kubernetes_executor' retrieved from /home/airflow/.local/lib/python3.11/site-packages/airflow/example_dags/example_kubernetes_executor.py
[2024-02-26T16:14:28.709+0000] {logging_mixin.py:188} INFO - [2024-02-26T16:14:28.709+0000] {dag.py:3047} INFO - Sync 1 DAGs
[2024-02-26T16:14:28.721+0000] {logging_mixin.py:188} INFO - [2024-02-26T16:14:28.721+0000] {dag.py:3834} INFO - Setting next_dagrun for example_kubernetes_executor to None, run_after=None
[2024-02-26T16:14:28.731+0000] {processor.py:183} INFO - Processing /home/airflow/.local/lib/python3.11/site-packages/airflow/example_dags/example_kubernetes_executor.py took 0.085 seconds
