[2024-02-26T15:48:36.268+0000] {processor.py:161} INFO - Started process (PID=371) to work on /home/airflow/.local/lib/python3.11/site-packages/airflow/example_dags/example_trigger_controller_dag.py
[2024-02-26T15:48:36.270+0000] {processor.py:830} INFO - Processing file /home/airflow/.local/lib/python3.11/site-packages/airflow/example_dags/example_trigger_controller_dag.py for tasks to queue
[2024-02-26T15:48:36.272+0000] {logging_mixin.py:188} INFO - [2024-02-26T15:48:36.271+0000] {dagbag.py:540} INFO - Filling up the DagBag from /home/airflow/.local/lib/python3.11/site-packages/airflow/example_dags/example_trigger_controller_dag.py
[2024-02-26T15:48:36.277+0000] {processor.py:840} INFO - DAG(s) 'example_trigger_controller_dag' retrieved from /home/airflow/.local/lib/python3.11/site-packages/airflow/example_dags/example_trigger_controller_dag.py
[2024-02-26T15:48:36.294+0000] {logging_mixin.py:188} INFO - [2024-02-26T15:48:36.294+0000] {dag.py:3047} INFO - Sync 1 DAGs
[2024-02-26T15:48:36.313+0000] {logging_mixin.py:188} INFO - [2024-02-26T15:48:36.313+0000] {dag.py:3834} INFO - Setting next_dagrun for example_trigger_controller_dag to 2021-01-01 00:00:00+00:00, run_after=2021-01-01 00:00:00+00:00
[2024-02-26T15:48:36.329+0000] {processor.py:183} INFO - Processing /home/airflow/.local/lib/python3.11/site-packages/airflow/example_dags/example_trigger_controller_dag.py took 0.064 seconds
[2024-02-26T15:49:07.285+0000] {processor.py:161} INFO - Started process (PID=618) to work on /home/airflow/.local/lib/python3.11/site-packages/airflow/example_dags/example_trigger_controller_dag.py
[2024-02-26T15:49:07.286+0000] {processor.py:830} INFO - Processing file /home/airflow/.local/lib/python3.11/site-packages/airflow/example_dags/example_trigger_controller_dag.py for tasks to queue
[2024-02-26T15:49:07.287+0000] {logging_mixin.py:188} INFO - [2024-02-26T15:49:07.287+0000] {dagbag.py:540} INFO - Filling up the DagBag from /home/airflow/.local/lib/python3.11/site-packages/airflow/example_dags/example_trigger_controller_dag.py
[2024-02-26T15:49:07.292+0000] {processor.py:840} INFO - DAG(s) 'example_trigger_controller_dag' retrieved from /home/airflow/.local/lib/python3.11/site-packages/airflow/example_dags/example_trigger_controller_dag.py
[2024-02-26T15:49:07.354+0000] {logging_mixin.py:188} INFO - [2024-02-26T15:49:07.354+0000] {dag.py:3047} INFO - Sync 1 DAGs
[2024-02-26T15:49:07.365+0000] {logging_mixin.py:188} INFO - [2024-02-26T15:49:07.365+0000] {dag.py:3834} INFO - Setting next_dagrun for example_trigger_controller_dag to 2021-01-01 00:00:00+00:00, run_after=2021-01-01 00:00:00+00:00
[2024-02-26T15:49:07.377+0000] {processor.py:183} INFO - Processing /home/airflow/.local/lib/python3.11/site-packages/airflow/example_dags/example_trigger_controller_dag.py took 0.095 seconds
[2024-02-26T15:49:37.950+0000] {processor.py:161} INFO - Started process (PID=865) to work on /home/airflow/.local/lib/python3.11/site-packages/airflow/example_dags/example_trigger_controller_dag.py
[2024-02-26T15:49:37.952+0000] {processor.py:830} INFO - Processing file /home/airflow/.local/lib/python3.11/site-packages/airflow/example_dags/example_trigger_controller_dag.py for tasks to queue
[2024-02-26T15:49:37.954+0000] {logging_mixin.py:188} INFO - [2024-02-26T15:49:37.954+0000] {dagbag.py:540} INFO - Filling up the DagBag from /home/airflow/.local/lib/python3.11/site-packages/airflow/example_dags/example_trigger_controller_dag.py
[2024-02-26T15:49:37.960+0000] {processor.py:840} INFO - DAG(s) 'example_trigger_controller_dag' retrieved from /home/airflow/.local/lib/python3.11/site-packages/airflow/example_dags/example_trigger_controller_dag.py
[2024-02-26T15:49:37.979+0000] {logging_mixin.py:188} INFO - [2024-02-26T15:49:37.979+0000] {dag.py:3047} INFO - Sync 1 DAGs
[2024-02-26T15:49:37.993+0000] {logging_mixin.py:188} INFO - [2024-02-26T15:49:37.993+0000] {dag.py:3834} INFO - Setting next_dagrun for example_trigger_controller_dag to 2021-01-01 00:00:00+00:00, run_after=2021-01-01 00:00:00+00:00
[2024-02-26T15:49:38.025+0000] {processor.py:183} INFO - Processing /home/airflow/.local/lib/python3.11/site-packages/airflow/example_dags/example_trigger_controller_dag.py took 0.080 seconds
[2024-02-26T15:50:08.740+0000] {processor.py:161} INFO - Started process (PID=1111) to work on /home/airflow/.local/lib/python3.11/site-packages/airflow/example_dags/example_trigger_controller_dag.py
[2024-02-26T15:50:08.742+0000] {processor.py:830} INFO - Processing file /home/airflow/.local/lib/python3.11/site-packages/airflow/example_dags/example_trigger_controller_dag.py for tasks to queue
[2024-02-26T15:50:08.743+0000] {logging_mixin.py:188} INFO - [2024-02-26T15:50:08.743+0000] {dagbag.py:540} INFO - Filling up the DagBag from /home/airflow/.local/lib/python3.11/site-packages/airflow/example_dags/example_trigger_controller_dag.py
[2024-02-26T15:50:08.748+0000] {processor.py:840} INFO - DAG(s) 'example_trigger_controller_dag' retrieved from /home/airflow/.local/lib/python3.11/site-packages/airflow/example_dags/example_trigger_controller_dag.py
[2024-02-26T15:50:08.767+0000] {logging_mixin.py:188} INFO - [2024-02-26T15:50:08.767+0000] {dag.py:3047} INFO - Sync 1 DAGs
[2024-02-26T15:50:08.780+0000] {logging_mixin.py:188} INFO - [2024-02-26T15:50:08.780+0000] {dag.py:3834} INFO - Setting next_dagrun for example_trigger_controller_dag to 2021-01-01 00:00:00+00:00, run_after=2021-01-01 00:00:00+00:00
[2024-02-26T15:50:08.792+0000] {processor.py:183} INFO - Processing /home/airflow/.local/lib/python3.11/site-packages/airflow/example_dags/example_trigger_controller_dag.py took 0.056 seconds
[2024-02-26T15:50:39.010+0000] {processor.py:161} INFO - Started process (PID=1357) to work on /home/airflow/.local/lib/python3.11/site-packages/airflow/example_dags/example_trigger_controller_dag.py
[2024-02-26T15:50:39.012+0000] {processor.py:830} INFO - Processing file /home/airflow/.local/lib/python3.11/site-packages/airflow/example_dags/example_trigger_controller_dag.py for tasks to queue
[2024-02-26T15:50:39.013+0000] {logging_mixin.py:188} INFO - [2024-02-26T15:50:39.013+0000] {dagbag.py:540} INFO - Filling up the DagBag from /home/airflow/.local/lib/python3.11/site-packages/airflow/example_dags/example_trigger_controller_dag.py
[2024-02-26T15:50:39.018+0000] {processor.py:840} INFO - DAG(s) 'example_trigger_controller_dag' retrieved from /home/airflow/.local/lib/python3.11/site-packages/airflow/example_dags/example_trigger_controller_dag.py
[2024-02-26T15:50:39.038+0000] {logging_mixin.py:188} INFO - [2024-02-26T15:50:39.038+0000] {dag.py:3047} INFO - Sync 1 DAGs
[2024-02-26T15:50:39.053+0000] {logging_mixin.py:188} INFO - [2024-02-26T15:50:39.053+0000] {dag.py:3834} INFO - Setting next_dagrun for example_trigger_controller_dag to 2021-01-01 00:00:00+00:00, run_after=2021-01-01 00:00:00+00:00
[2024-02-26T15:50:39.068+0000] {processor.py:183} INFO - Processing /home/airflow/.local/lib/python3.11/site-packages/airflow/example_dags/example_trigger_controller_dag.py took 0.061 seconds
[2024-02-26T15:51:09.753+0000] {processor.py:161} INFO - Started process (PID=1604) to work on /home/airflow/.local/lib/python3.11/site-packages/airflow/example_dags/example_trigger_controller_dag.py
[2024-02-26T15:51:09.755+0000] {processor.py:830} INFO - Processing file /home/airflow/.local/lib/python3.11/site-packages/airflow/example_dags/example_trigger_controller_dag.py for tasks to queue
[2024-02-26T15:51:09.760+0000] {logging_mixin.py:188} INFO - [2024-02-26T15:51:09.759+0000] {dagbag.py:540} INFO - Filling up the DagBag from /home/airflow/.local/lib/python3.11/site-packages/airflow/example_dags/example_trigger_controller_dag.py
[2024-02-26T15:51:09.765+0000] {processor.py:840} INFO - DAG(s) 'example_trigger_controller_dag' retrieved from /home/airflow/.local/lib/python3.11/site-packages/airflow/example_dags/example_trigger_controller_dag.py
[2024-02-26T15:51:09.786+0000] {logging_mixin.py:188} INFO - [2024-02-26T15:51:09.785+0000] {dag.py:3047} INFO - Sync 1 DAGs
[2024-02-26T15:51:09.801+0000] {logging_mixin.py:188} INFO - [2024-02-26T15:51:09.801+0000] {dag.py:3834} INFO - Setting next_dagrun for example_trigger_controller_dag to 2021-01-01 00:00:00+00:00, run_after=2021-01-01 00:00:00+00:00
[2024-02-26T15:51:09.817+0000] {processor.py:183} INFO - Processing /home/airflow/.local/lib/python3.11/site-packages/airflow/example_dags/example_trigger_controller_dag.py took 0.067 seconds
[2024-02-26T15:51:40.632+0000] {processor.py:161} INFO - Started process (PID=1851) to work on /home/airflow/.local/lib/python3.11/site-packages/airflow/example_dags/example_trigger_controller_dag.py
[2024-02-26T15:51:40.634+0000] {processor.py:830} INFO - Processing file /home/airflow/.local/lib/python3.11/site-packages/airflow/example_dags/example_trigger_controller_dag.py for tasks to queue
[2024-02-26T15:51:40.636+0000] {logging_mixin.py:188} INFO - [2024-02-26T15:51:40.635+0000] {dagbag.py:540} INFO - Filling up the DagBag from /home/airflow/.local/lib/python3.11/site-packages/airflow/example_dags/example_trigger_controller_dag.py
[2024-02-26T15:51:40.641+0000] {processor.py:840} INFO - DAG(s) 'example_trigger_controller_dag' retrieved from /home/airflow/.local/lib/python3.11/site-packages/airflow/example_dags/example_trigger_controller_dag.py
[2024-02-26T15:51:40.661+0000] {logging_mixin.py:188} INFO - [2024-02-26T15:51:40.661+0000] {dag.py:3047} INFO - Sync 1 DAGs
[2024-02-26T15:51:40.675+0000] {logging_mixin.py:188} INFO - [2024-02-26T15:51:40.674+0000] {dag.py:3834} INFO - Setting next_dagrun for example_trigger_controller_dag to 2021-01-01 00:00:00+00:00, run_after=2021-01-01 00:00:00+00:00
[2024-02-26T15:51:40.689+0000] {processor.py:183} INFO - Processing /home/airflow/.local/lib/python3.11/site-packages/airflow/example_dags/example_trigger_controller_dag.py took 0.060 seconds
[2024-02-26T15:52:11.777+0000] {processor.py:161} INFO - Started process (PID=2150) to work on /home/airflow/.local/lib/python3.11/site-packages/airflow/example_dags/example_trigger_controller_dag.py
[2024-02-26T15:52:11.779+0000] {processor.py:830} INFO - Processing file /home/airflow/.local/lib/python3.11/site-packages/airflow/example_dags/example_trigger_controller_dag.py for tasks to queue
[2024-02-26T15:52:11.781+0000] {logging_mixin.py:188} INFO - [2024-02-26T15:52:11.781+0000] {dagbag.py:540} INFO - Filling up the DagBag from /home/airflow/.local/lib/python3.11/site-packages/airflow/example_dags/example_trigger_controller_dag.py
[2024-02-26T15:52:11.789+0000] {processor.py:840} INFO - DAG(s) 'example_trigger_controller_dag' retrieved from /home/airflow/.local/lib/python3.11/site-packages/airflow/example_dags/example_trigger_controller_dag.py
[2024-02-26T15:52:11.862+0000] {logging_mixin.py:188} INFO - [2024-02-26T15:52:11.861+0000] {dag.py:3047} INFO - Sync 1 DAGs
[2024-02-26T15:52:11.890+0000] {logging_mixin.py:188} INFO - [2024-02-26T15:52:11.890+0000] {dag.py:3834} INFO - Setting next_dagrun for example_trigger_controller_dag to 2021-01-01 00:00:00+00:00, run_after=2021-01-01 00:00:00+00:00
[2024-02-26T15:52:11.919+0000] {processor.py:183} INFO - Processing /home/airflow/.local/lib/python3.11/site-packages/airflow/example_dags/example_trigger_controller_dag.py took 0.145 seconds
[2024-02-26T15:52:42.926+0000] {processor.py:161} INFO - Started process (PID=2417) to work on /home/airflow/.local/lib/python3.11/site-packages/airflow/example_dags/example_trigger_controller_dag.py
[2024-02-26T15:52:42.928+0000] {processor.py:830} INFO - Processing file /home/airflow/.local/lib/python3.11/site-packages/airflow/example_dags/example_trigger_controller_dag.py for tasks to queue
[2024-02-26T15:52:42.930+0000] {logging_mixin.py:188} INFO - [2024-02-26T15:52:42.929+0000] {dagbag.py:540} INFO - Filling up the DagBag from /home/airflow/.local/lib/python3.11/site-packages/airflow/example_dags/example_trigger_controller_dag.py
[2024-02-26T15:52:42.935+0000] {processor.py:840} INFO - DAG(s) 'example_trigger_controller_dag' retrieved from /home/airflow/.local/lib/python3.11/site-packages/airflow/example_dags/example_trigger_controller_dag.py
[2024-02-26T15:52:42.958+0000] {logging_mixin.py:188} INFO - [2024-02-26T15:52:42.958+0000] {dag.py:3047} INFO - Sync 1 DAGs
[2024-02-26T15:52:42.972+0000] {logging_mixin.py:188} INFO - [2024-02-26T15:52:42.972+0000] {dag.py:3834} INFO - Setting next_dagrun for example_trigger_controller_dag to 2021-01-01 00:00:00+00:00, run_after=2021-01-01 00:00:00+00:00
[2024-02-26T15:52:42.984+0000] {processor.py:183} INFO - Processing /home/airflow/.local/lib/python3.11/site-packages/airflow/example_dags/example_trigger_controller_dag.py took 0.062 seconds
[2024-02-26T15:53:13.700+0000] {processor.py:161} INFO - Started process (PID=2664) to work on /home/airflow/.local/lib/python3.11/site-packages/airflow/example_dags/example_trigger_controller_dag.py
[2024-02-26T15:53:13.702+0000] {processor.py:830} INFO - Processing file /home/airflow/.local/lib/python3.11/site-packages/airflow/example_dags/example_trigger_controller_dag.py for tasks to queue
[2024-02-26T15:53:13.704+0000] {logging_mixin.py:188} INFO - [2024-02-26T15:53:13.703+0000] {dagbag.py:540} INFO - Filling up the DagBag from /home/airflow/.local/lib/python3.11/site-packages/airflow/example_dags/example_trigger_controller_dag.py
[2024-02-26T15:53:13.710+0000] {processor.py:840} INFO - DAG(s) 'example_trigger_controller_dag' retrieved from /home/airflow/.local/lib/python3.11/site-packages/airflow/example_dags/example_trigger_controller_dag.py
[2024-02-26T15:53:13.731+0000] {logging_mixin.py:188} INFO - [2024-02-26T15:53:13.731+0000] {dag.py:3047} INFO - Sync 1 DAGs
[2024-02-26T15:53:13.744+0000] {logging_mixin.py:188} INFO - [2024-02-26T15:53:13.744+0000] {dag.py:3834} INFO - Setting next_dagrun for example_trigger_controller_dag to 2021-01-01 00:00:00+00:00, run_after=2021-01-01 00:00:00+00:00
[2024-02-26T15:53:13.755+0000] {processor.py:183} INFO - Processing /home/airflow/.local/lib/python3.11/site-packages/airflow/example_dags/example_trigger_controller_dag.py took 0.060 seconds
[2024-02-26T15:53:44.506+0000] {processor.py:161} INFO - Started process (PID=2911) to work on /home/airflow/.local/lib/python3.11/site-packages/airflow/example_dags/example_trigger_controller_dag.py
[2024-02-26T15:53:44.509+0000] {processor.py:830} INFO - Processing file /home/airflow/.local/lib/python3.11/site-packages/airflow/example_dags/example_trigger_controller_dag.py for tasks to queue
[2024-02-26T15:53:44.511+0000] {logging_mixin.py:188} INFO - [2024-02-26T15:53:44.511+0000] {dagbag.py:540} INFO - Filling up the DagBag from /home/airflow/.local/lib/python3.11/site-packages/airflow/example_dags/example_trigger_controller_dag.py
[2024-02-26T15:53:44.517+0000] {processor.py:840} INFO - DAG(s) 'example_trigger_controller_dag' retrieved from /home/airflow/.local/lib/python3.11/site-packages/airflow/example_dags/example_trigger_controller_dag.py
[2024-02-26T15:53:44.537+0000] {logging_mixin.py:188} INFO - [2024-02-26T15:53:44.537+0000] {dag.py:3047} INFO - Sync 1 DAGs
[2024-02-26T15:53:44.550+0000] {logging_mixin.py:188} INFO - [2024-02-26T15:53:44.550+0000] {dag.py:3834} INFO - Setting next_dagrun for example_trigger_controller_dag to 2021-01-01 00:00:00+00:00, run_after=2021-01-01 00:00:00+00:00
[2024-02-26T15:53:44.561+0000] {processor.py:183} INFO - Processing /home/airflow/.local/lib/python3.11/site-packages/airflow/example_dags/example_trigger_controller_dag.py took 0.060 seconds
[2024-02-26T15:54:15.298+0000] {processor.py:161} INFO - Started process (PID=3158) to work on /home/airflow/.local/lib/python3.11/site-packages/airflow/example_dags/example_trigger_controller_dag.py
[2024-02-26T15:54:15.300+0000] {processor.py:830} INFO - Processing file /home/airflow/.local/lib/python3.11/site-packages/airflow/example_dags/example_trigger_controller_dag.py for tasks to queue
[2024-02-26T15:54:15.302+0000] {logging_mixin.py:188} INFO - [2024-02-26T15:54:15.302+0000] {dagbag.py:540} INFO - Filling up the DagBag from /home/airflow/.local/lib/python3.11/site-packages/airflow/example_dags/example_trigger_controller_dag.py
[2024-02-26T15:54:15.310+0000] {processor.py:840} INFO - DAG(s) 'example_trigger_controller_dag' retrieved from /home/airflow/.local/lib/python3.11/site-packages/airflow/example_dags/example_trigger_controller_dag.py
[2024-02-26T15:54:15.334+0000] {logging_mixin.py:188} INFO - [2024-02-26T15:54:15.334+0000] {dag.py:3047} INFO - Sync 1 DAGs
[2024-02-26T15:54:15.347+0000] {logging_mixin.py:188} INFO - [2024-02-26T15:54:15.347+0000] {dag.py:3834} INFO - Setting next_dagrun for example_trigger_controller_dag to 2021-01-01 00:00:00+00:00, run_after=2021-01-01 00:00:00+00:00
[2024-02-26T15:54:15.358+0000] {processor.py:183} INFO - Processing /home/airflow/.local/lib/python3.11/site-packages/airflow/example_dags/example_trigger_controller_dag.py took 0.065 seconds
[2024-02-26T15:54:46.240+0000] {processor.py:161} INFO - Started process (PID=3405) to work on /home/airflow/.local/lib/python3.11/site-packages/airflow/example_dags/example_trigger_controller_dag.py
[2024-02-26T15:54:46.243+0000] {processor.py:830} INFO - Processing file /home/airflow/.local/lib/python3.11/site-packages/airflow/example_dags/example_trigger_controller_dag.py for tasks to queue
[2024-02-26T15:54:46.245+0000] {logging_mixin.py:188} INFO - [2024-02-26T15:54:46.244+0000] {dagbag.py:540} INFO - Filling up the DagBag from /home/airflow/.local/lib/python3.11/site-packages/airflow/example_dags/example_trigger_controller_dag.py
[2024-02-26T15:54:46.251+0000] {processor.py:840} INFO - DAG(s) 'example_trigger_controller_dag' retrieved from /home/airflow/.local/lib/python3.11/site-packages/airflow/example_dags/example_trigger_controller_dag.py
[2024-02-26T15:54:46.271+0000] {logging_mixin.py:188} INFO - [2024-02-26T15:54:46.270+0000] {dag.py:3047} INFO - Sync 1 DAGs
[2024-02-26T15:54:46.283+0000] {logging_mixin.py:188} INFO - [2024-02-26T15:54:46.283+0000] {dag.py:3834} INFO - Setting next_dagrun for example_trigger_controller_dag to 2021-01-01 00:00:00+00:00, run_after=2021-01-01 00:00:00+00:00
[2024-02-26T15:54:46.294+0000] {processor.py:183} INFO - Processing /home/airflow/.local/lib/python3.11/site-packages/airflow/example_dags/example_trigger_controller_dag.py took 0.058 seconds
[2024-02-26T15:55:17.175+0000] {processor.py:161} INFO - Started process (PID=3651) to work on /home/airflow/.local/lib/python3.11/site-packages/airflow/example_dags/example_trigger_controller_dag.py
[2024-02-26T15:55:17.178+0000] {processor.py:830} INFO - Processing file /home/airflow/.local/lib/python3.11/site-packages/airflow/example_dags/example_trigger_controller_dag.py for tasks to queue
[2024-02-26T15:55:17.179+0000] {logging_mixin.py:188} INFO - [2024-02-26T15:55:17.179+0000] {dagbag.py:540} INFO - Filling up the DagBag from /home/airflow/.local/lib/python3.11/site-packages/airflow/example_dags/example_trigger_controller_dag.py
[2024-02-26T15:55:17.185+0000] {processor.py:840} INFO - DAG(s) 'example_trigger_controller_dag' retrieved from /home/airflow/.local/lib/python3.11/site-packages/airflow/example_dags/example_trigger_controller_dag.py
[2024-02-26T15:55:17.207+0000] {logging_mixin.py:188} INFO - [2024-02-26T15:55:17.207+0000] {dag.py:3047} INFO - Sync 1 DAGs
[2024-02-26T15:55:17.221+0000] {logging_mixin.py:188} INFO - [2024-02-26T15:55:17.221+0000] {dag.py:3834} INFO - Setting next_dagrun for example_trigger_controller_dag to 2021-01-01 00:00:00+00:00, run_after=2021-01-01 00:00:00+00:00
[2024-02-26T15:55:17.232+0000] {processor.py:183} INFO - Processing /home/airflow/.local/lib/python3.11/site-packages/airflow/example_dags/example_trigger_controller_dag.py took 0.061 seconds
[2024-02-26T15:55:47.381+0000] {processor.py:161} INFO - Started process (PID=3898) to work on /home/airflow/.local/lib/python3.11/site-packages/airflow/example_dags/example_trigger_controller_dag.py
[2024-02-26T15:55:47.384+0000] {processor.py:830} INFO - Processing file /home/airflow/.local/lib/python3.11/site-packages/airflow/example_dags/example_trigger_controller_dag.py for tasks to queue
[2024-02-26T15:55:47.387+0000] {logging_mixin.py:188} INFO - [2024-02-26T15:55:47.386+0000] {dagbag.py:540} INFO - Filling up the DagBag from /home/airflow/.local/lib/python3.11/site-packages/airflow/example_dags/example_trigger_controller_dag.py
[2024-02-26T15:55:47.393+0000] {processor.py:840} INFO - DAG(s) 'example_trigger_controller_dag' retrieved from /home/airflow/.local/lib/python3.11/site-packages/airflow/example_dags/example_trigger_controller_dag.py
[2024-02-26T15:55:47.416+0000] {logging_mixin.py:188} INFO - [2024-02-26T15:55:47.416+0000] {dag.py:3047} INFO - Sync 1 DAGs
[2024-02-26T15:55:47.430+0000] {logging_mixin.py:188} INFO - [2024-02-26T15:55:47.430+0000] {dag.py:3834} INFO - Setting next_dagrun for example_trigger_controller_dag to 2021-01-01 00:00:00+00:00, run_after=2021-01-01 00:00:00+00:00
[2024-02-26T15:55:47.444+0000] {processor.py:183} INFO - Processing /home/airflow/.local/lib/python3.11/site-packages/airflow/example_dags/example_trigger_controller_dag.py took 0.068 seconds
[2024-02-26T15:56:17.543+0000] {processor.py:161} INFO - Started process (PID=4145) to work on /home/airflow/.local/lib/python3.11/site-packages/airflow/example_dags/example_trigger_controller_dag.py
[2024-02-26T15:56:17.547+0000] {processor.py:830} INFO - Processing file /home/airflow/.local/lib/python3.11/site-packages/airflow/example_dags/example_trigger_controller_dag.py for tasks to queue
[2024-02-26T15:56:17.549+0000] {logging_mixin.py:188} INFO - [2024-02-26T15:56:17.548+0000] {dagbag.py:540} INFO - Filling up the DagBag from /home/airflow/.local/lib/python3.11/site-packages/airflow/example_dags/example_trigger_controller_dag.py
[2024-02-26T15:56:17.555+0000] {processor.py:840} INFO - DAG(s) 'example_trigger_controller_dag' retrieved from /home/airflow/.local/lib/python3.11/site-packages/airflow/example_dags/example_trigger_controller_dag.py
[2024-02-26T15:56:17.580+0000] {logging_mixin.py:188} INFO - [2024-02-26T15:56:17.580+0000] {dag.py:3047} INFO - Sync 1 DAGs
[2024-02-26T15:56:17.595+0000] {logging_mixin.py:188} INFO - [2024-02-26T15:56:17.595+0000] {dag.py:3834} INFO - Setting next_dagrun for example_trigger_controller_dag to 2021-01-01 00:00:00+00:00, run_after=2021-01-01 00:00:00+00:00
[2024-02-26T15:56:17.611+0000] {processor.py:183} INFO - Processing /home/airflow/.local/lib/python3.11/site-packages/airflow/example_dags/example_trigger_controller_dag.py took 0.074 seconds
[2024-02-26T15:56:47.991+0000] {processor.py:161} INFO - Started process (PID=4393) to work on /home/airflow/.local/lib/python3.11/site-packages/airflow/example_dags/example_trigger_controller_dag.py
[2024-02-26T15:56:47.993+0000] {processor.py:830} INFO - Processing file /home/airflow/.local/lib/python3.11/site-packages/airflow/example_dags/example_trigger_controller_dag.py for tasks to queue
[2024-02-26T15:56:47.998+0000] {logging_mixin.py:188} INFO - [2024-02-26T15:56:47.997+0000] {dagbag.py:540} INFO - Filling up the DagBag from /home/airflow/.local/lib/python3.11/site-packages/airflow/example_dags/example_trigger_controller_dag.py
[2024-02-26T15:56:48.020+0000] {processor.py:840} INFO - DAG(s) 'example_trigger_controller_dag' retrieved from /home/airflow/.local/lib/python3.11/site-packages/airflow/example_dags/example_trigger_controller_dag.py
[2024-02-26T15:56:48.052+0000] {logging_mixin.py:188} INFO - [2024-02-26T15:56:48.051+0000] {dag.py:3047} INFO - Sync 1 DAGs
[2024-02-26T15:56:48.072+0000] {logging_mixin.py:188} INFO - [2024-02-26T15:56:48.071+0000] {dag.py:3834} INFO - Setting next_dagrun for example_trigger_controller_dag to 2021-01-01 00:00:00+00:00, run_after=2021-01-01 00:00:00+00:00
[2024-02-26T15:56:48.093+0000] {processor.py:183} INFO - Processing /home/airflow/.local/lib/python3.11/site-packages/airflow/example_dags/example_trigger_controller_dag.py took 0.106 seconds
[2024-02-26T15:57:18.277+0000] {processor.py:161} INFO - Started process (PID=4640) to work on /home/airflow/.local/lib/python3.11/site-packages/airflow/example_dags/example_trigger_controller_dag.py
[2024-02-26T15:57:18.279+0000] {processor.py:830} INFO - Processing file /home/airflow/.local/lib/python3.11/site-packages/airflow/example_dags/example_trigger_controller_dag.py for tasks to queue
[2024-02-26T15:57:18.280+0000] {logging_mixin.py:188} INFO - [2024-02-26T15:57:18.280+0000] {dagbag.py:540} INFO - Filling up the DagBag from /home/airflow/.local/lib/python3.11/site-packages/airflow/example_dags/example_trigger_controller_dag.py
[2024-02-26T15:57:18.286+0000] {processor.py:840} INFO - DAG(s) 'example_trigger_controller_dag' retrieved from /home/airflow/.local/lib/python3.11/site-packages/airflow/example_dags/example_trigger_controller_dag.py
[2024-02-26T15:57:18.308+0000] {logging_mixin.py:188} INFO - [2024-02-26T15:57:18.308+0000] {dag.py:3047} INFO - Sync 1 DAGs
[2024-02-26T15:57:18.323+0000] {logging_mixin.py:188} INFO - [2024-02-26T15:57:18.323+0000] {dag.py:3834} INFO - Setting next_dagrun for example_trigger_controller_dag to 2021-01-01 00:00:00+00:00, run_after=2021-01-01 00:00:00+00:00
[2024-02-26T15:57:18.337+0000] {processor.py:183} INFO - Processing /home/airflow/.local/lib/python3.11/site-packages/airflow/example_dags/example_trigger_controller_dag.py took 0.062 seconds
[2024-02-26T15:57:48.537+0000] {processor.py:161} INFO - Started process (PID=4887) to work on /home/airflow/.local/lib/python3.11/site-packages/airflow/example_dags/example_trigger_controller_dag.py
[2024-02-26T15:57:48.540+0000] {processor.py:830} INFO - Processing file /home/airflow/.local/lib/python3.11/site-packages/airflow/example_dags/example_trigger_controller_dag.py for tasks to queue
[2024-02-26T15:57:48.543+0000] {logging_mixin.py:188} INFO - [2024-02-26T15:57:48.543+0000] {dagbag.py:540} INFO - Filling up the DagBag from /home/airflow/.local/lib/python3.11/site-packages/airflow/example_dags/example_trigger_controller_dag.py
[2024-02-26T15:57:48.551+0000] {processor.py:840} INFO - DAG(s) 'example_trigger_controller_dag' retrieved from /home/airflow/.local/lib/python3.11/site-packages/airflow/example_dags/example_trigger_controller_dag.py
[2024-02-26T15:57:48.572+0000] {logging_mixin.py:188} INFO - [2024-02-26T15:57:48.572+0000] {dag.py:3047} INFO - Sync 1 DAGs
[2024-02-26T15:57:48.589+0000] {logging_mixin.py:188} INFO - [2024-02-26T15:57:48.589+0000] {dag.py:3834} INFO - Setting next_dagrun for example_trigger_controller_dag to 2021-01-01 00:00:00+00:00, run_after=2021-01-01 00:00:00+00:00
[2024-02-26T15:57:48.603+0000] {processor.py:183} INFO - Processing /home/airflow/.local/lib/python3.11/site-packages/airflow/example_dags/example_trigger_controller_dag.py took 0.069 seconds
[2024-02-26T15:58:18.846+0000] {processor.py:161} INFO - Started process (PID=5134) to work on /home/airflow/.local/lib/python3.11/site-packages/airflow/example_dags/example_trigger_controller_dag.py
[2024-02-26T15:58:18.848+0000] {processor.py:830} INFO - Processing file /home/airflow/.local/lib/python3.11/site-packages/airflow/example_dags/example_trigger_controller_dag.py for tasks to queue
[2024-02-26T15:58:18.850+0000] {logging_mixin.py:188} INFO - [2024-02-26T15:58:18.849+0000] {dagbag.py:540} INFO - Filling up the DagBag from /home/airflow/.local/lib/python3.11/site-packages/airflow/example_dags/example_trigger_controller_dag.py
[2024-02-26T15:58:18.856+0000] {processor.py:840} INFO - DAG(s) 'example_trigger_controller_dag' retrieved from /home/airflow/.local/lib/python3.11/site-packages/airflow/example_dags/example_trigger_controller_dag.py
[2024-02-26T15:58:18.882+0000] {logging_mixin.py:188} INFO - [2024-02-26T15:58:18.882+0000] {dag.py:3047} INFO - Sync 1 DAGs
[2024-02-26T15:58:18.896+0000] {logging_mixin.py:188} INFO - [2024-02-26T15:58:18.896+0000] {dag.py:3834} INFO - Setting next_dagrun for example_trigger_controller_dag to 2021-01-01 00:00:00+00:00, run_after=2021-01-01 00:00:00+00:00
[2024-02-26T15:58:18.910+0000] {processor.py:183} INFO - Processing /home/airflow/.local/lib/python3.11/site-packages/airflow/example_dags/example_trigger_controller_dag.py took 0.068 seconds
[2024-02-26T15:58:49.203+0000] {processor.py:161} INFO - Started process (PID=5382) to work on /home/airflow/.local/lib/python3.11/site-packages/airflow/example_dags/example_trigger_controller_dag.py
[2024-02-26T15:58:49.206+0000] {processor.py:830} INFO - Processing file /home/airflow/.local/lib/python3.11/site-packages/airflow/example_dags/example_trigger_controller_dag.py for tasks to queue
[2024-02-26T15:58:49.209+0000] {logging_mixin.py:188} INFO - [2024-02-26T15:58:49.208+0000] {dagbag.py:540} INFO - Filling up the DagBag from /home/airflow/.local/lib/python3.11/site-packages/airflow/example_dags/example_trigger_controller_dag.py
[2024-02-26T15:58:49.217+0000] {processor.py:840} INFO - DAG(s) 'example_trigger_controller_dag' retrieved from /home/airflow/.local/lib/python3.11/site-packages/airflow/example_dags/example_trigger_controller_dag.py
[2024-02-26T15:58:49.241+0000] {logging_mixin.py:188} INFO - [2024-02-26T15:58:49.240+0000] {dag.py:3047} INFO - Sync 1 DAGs
[2024-02-26T15:58:49.256+0000] {logging_mixin.py:188} INFO - [2024-02-26T15:58:49.256+0000] {dag.py:3834} INFO - Setting next_dagrun for example_trigger_controller_dag to 2021-01-01 00:00:00+00:00, run_after=2021-01-01 00:00:00+00:00
[2024-02-26T15:58:49.267+0000] {processor.py:183} INFO - Processing /home/airflow/.local/lib/python3.11/site-packages/airflow/example_dags/example_trigger_controller_dag.py took 0.068 seconds
[2024-02-26T15:59:19.382+0000] {processor.py:161} INFO - Started process (PID=5630) to work on /home/airflow/.local/lib/python3.11/site-packages/airflow/example_dags/example_trigger_controller_dag.py
[2024-02-26T15:59:19.384+0000] {processor.py:830} INFO - Processing file /home/airflow/.local/lib/python3.11/site-packages/airflow/example_dags/example_trigger_controller_dag.py for tasks to queue
[2024-02-26T15:59:19.386+0000] {logging_mixin.py:188} INFO - [2024-02-26T15:59:19.385+0000] {dagbag.py:540} INFO - Filling up the DagBag from /home/airflow/.local/lib/python3.11/site-packages/airflow/example_dags/example_trigger_controller_dag.py
[2024-02-26T15:59:19.391+0000] {processor.py:840} INFO - DAG(s) 'example_trigger_controller_dag' retrieved from /home/airflow/.local/lib/python3.11/site-packages/airflow/example_dags/example_trigger_controller_dag.py
[2024-02-26T15:59:19.412+0000] {logging_mixin.py:188} INFO - [2024-02-26T15:59:19.412+0000] {dag.py:3047} INFO - Sync 1 DAGs
[2024-02-26T15:59:19.425+0000] {logging_mixin.py:188} INFO - [2024-02-26T15:59:19.425+0000] {dag.py:3834} INFO - Setting next_dagrun for example_trigger_controller_dag to 2021-01-01 00:00:00+00:00, run_after=2021-01-01 00:00:00+00:00
[2024-02-26T15:59:19.437+0000] {processor.py:183} INFO - Processing /home/airflow/.local/lib/python3.11/site-packages/airflow/example_dags/example_trigger_controller_dag.py took 0.059 seconds
[2024-02-26T15:59:50.323+0000] {processor.py:161} INFO - Started process (PID=5877) to work on /home/airflow/.local/lib/python3.11/site-packages/airflow/example_dags/example_trigger_controller_dag.py
[2024-02-26T15:59:50.326+0000] {processor.py:830} INFO - Processing file /home/airflow/.local/lib/python3.11/site-packages/airflow/example_dags/example_trigger_controller_dag.py for tasks to queue
[2024-02-26T15:59:50.328+0000] {logging_mixin.py:188} INFO - [2024-02-26T15:59:50.327+0000] {dagbag.py:540} INFO - Filling up the DagBag from /home/airflow/.local/lib/python3.11/site-packages/airflow/example_dags/example_trigger_controller_dag.py
[2024-02-26T15:59:50.334+0000] {processor.py:840} INFO - DAG(s) 'example_trigger_controller_dag' retrieved from /home/airflow/.local/lib/python3.11/site-packages/airflow/example_dags/example_trigger_controller_dag.py
[2024-02-26T15:59:50.354+0000] {logging_mixin.py:188} INFO - [2024-02-26T15:59:50.354+0000] {dag.py:3047} INFO - Sync 1 DAGs
[2024-02-26T15:59:50.367+0000] {logging_mixin.py:188} INFO - [2024-02-26T15:59:50.367+0000] {dag.py:3834} INFO - Setting next_dagrun for example_trigger_controller_dag to 2021-01-01 00:00:00+00:00, run_after=2021-01-01 00:00:00+00:00
[2024-02-26T15:59:50.379+0000] {processor.py:183} INFO - Processing /home/airflow/.local/lib/python3.11/site-packages/airflow/example_dags/example_trigger_controller_dag.py took 0.062 seconds
[2024-02-26T16:00:21.164+0000] {processor.py:161} INFO - Started process (PID=6124) to work on /home/airflow/.local/lib/python3.11/site-packages/airflow/example_dags/example_trigger_controller_dag.py
[2024-02-26T16:00:21.166+0000] {processor.py:830} INFO - Processing file /home/airflow/.local/lib/python3.11/site-packages/airflow/example_dags/example_trigger_controller_dag.py for tasks to queue
[2024-02-26T16:00:21.169+0000] {logging_mixin.py:188} INFO - [2024-02-26T16:00:21.168+0000] {dagbag.py:540} INFO - Filling up the DagBag from /home/airflow/.local/lib/python3.11/site-packages/airflow/example_dags/example_trigger_controller_dag.py
[2024-02-26T16:00:21.174+0000] {processor.py:840} INFO - DAG(s) 'example_trigger_controller_dag' retrieved from /home/airflow/.local/lib/python3.11/site-packages/airflow/example_dags/example_trigger_controller_dag.py
[2024-02-26T16:00:21.195+0000] {logging_mixin.py:188} INFO - [2024-02-26T16:00:21.195+0000] {dag.py:3047} INFO - Sync 1 DAGs
[2024-02-26T16:00:21.208+0000] {logging_mixin.py:188} INFO - [2024-02-26T16:00:21.208+0000] {dag.py:3834} INFO - Setting next_dagrun for example_trigger_controller_dag to 2021-01-01 00:00:00+00:00, run_after=2021-01-01 00:00:00+00:00
[2024-02-26T16:00:21.219+0000] {processor.py:183} INFO - Processing /home/airflow/.local/lib/python3.11/site-packages/airflow/example_dags/example_trigger_controller_dag.py took 0.059 seconds
[2024-02-26T16:00:51.993+0000] {processor.py:161} INFO - Started process (PID=6370) to work on /home/airflow/.local/lib/python3.11/site-packages/airflow/example_dags/example_trigger_controller_dag.py
[2024-02-26T16:00:51.996+0000] {processor.py:830} INFO - Processing file /home/airflow/.local/lib/python3.11/site-packages/airflow/example_dags/example_trigger_controller_dag.py for tasks to queue
[2024-02-26T16:00:51.998+0000] {logging_mixin.py:188} INFO - [2024-02-26T16:00:51.997+0000] {dagbag.py:540} INFO - Filling up the DagBag from /home/airflow/.local/lib/python3.11/site-packages/airflow/example_dags/example_trigger_controller_dag.py
[2024-02-26T16:00:52.003+0000] {processor.py:840} INFO - DAG(s) 'example_trigger_controller_dag' retrieved from /home/airflow/.local/lib/python3.11/site-packages/airflow/example_dags/example_trigger_controller_dag.py
[2024-02-26T16:00:52.026+0000] {logging_mixin.py:188} INFO - [2024-02-26T16:00:52.026+0000] {dag.py:3047} INFO - Sync 1 DAGs
[2024-02-26T16:00:52.040+0000] {logging_mixin.py:188} INFO - [2024-02-26T16:00:52.040+0000] {dag.py:3834} INFO - Setting next_dagrun for example_trigger_controller_dag to 2021-01-01 00:00:00+00:00, run_after=2021-01-01 00:00:00+00:00
[2024-02-26T16:00:52.052+0000] {processor.py:183} INFO - Processing /home/airflow/.local/lib/python3.11/site-packages/airflow/example_dags/example_trigger_controller_dag.py took 0.062 seconds
[2024-02-26T16:01:22.910+0000] {processor.py:161} INFO - Started process (PID=6617) to work on /home/airflow/.local/lib/python3.11/site-packages/airflow/example_dags/example_trigger_controller_dag.py
[2024-02-26T16:01:22.912+0000] {processor.py:830} INFO - Processing file /home/airflow/.local/lib/python3.11/site-packages/airflow/example_dags/example_trigger_controller_dag.py for tasks to queue
[2024-02-26T16:01:22.914+0000] {logging_mixin.py:188} INFO - [2024-02-26T16:01:22.914+0000] {dagbag.py:540} INFO - Filling up the DagBag from /home/airflow/.local/lib/python3.11/site-packages/airflow/example_dags/example_trigger_controller_dag.py
[2024-02-26T16:01:22.920+0000] {processor.py:840} INFO - DAG(s) 'example_trigger_controller_dag' retrieved from /home/airflow/.local/lib/python3.11/site-packages/airflow/example_dags/example_trigger_controller_dag.py
[2024-02-26T16:01:22.942+0000] {logging_mixin.py:188} INFO - [2024-02-26T16:01:22.942+0000] {dag.py:3047} INFO - Sync 1 DAGs
[2024-02-26T16:01:22.956+0000] {logging_mixin.py:188} INFO - [2024-02-26T16:01:22.956+0000] {dag.py:3834} INFO - Setting next_dagrun for example_trigger_controller_dag to 2021-01-01 00:00:00+00:00, run_after=2021-01-01 00:00:00+00:00
[2024-02-26T16:01:22.967+0000] {processor.py:183} INFO - Processing /home/airflow/.local/lib/python3.11/site-packages/airflow/example_dags/example_trigger_controller_dag.py took 0.062 seconds
[2024-02-26T16:01:53.072+0000] {processor.py:161} INFO - Started process (PID=6864) to work on /home/airflow/.local/lib/python3.11/site-packages/airflow/example_dags/example_trigger_controller_dag.py
[2024-02-26T16:01:53.075+0000] {processor.py:830} INFO - Processing file /home/airflow/.local/lib/python3.11/site-packages/airflow/example_dags/example_trigger_controller_dag.py for tasks to queue
[2024-02-26T16:01:53.077+0000] {logging_mixin.py:188} INFO - [2024-02-26T16:01:53.076+0000] {dagbag.py:540} INFO - Filling up the DagBag from /home/airflow/.local/lib/python3.11/site-packages/airflow/example_dags/example_trigger_controller_dag.py
[2024-02-26T16:01:53.083+0000] {processor.py:840} INFO - DAG(s) 'example_trigger_controller_dag' retrieved from /home/airflow/.local/lib/python3.11/site-packages/airflow/example_dags/example_trigger_controller_dag.py
[2024-02-26T16:01:53.103+0000] {logging_mixin.py:188} INFO - [2024-02-26T16:01:53.103+0000] {dag.py:3047} INFO - Sync 1 DAGs
[2024-02-26T16:01:53.116+0000] {logging_mixin.py:188} INFO - [2024-02-26T16:01:53.116+0000] {dag.py:3834} INFO - Setting next_dagrun for example_trigger_controller_dag to 2021-01-01 00:00:00+00:00, run_after=2021-01-01 00:00:00+00:00
[2024-02-26T16:01:53.128+0000] {processor.py:183} INFO - Processing /home/airflow/.local/lib/python3.11/site-packages/airflow/example_dags/example_trigger_controller_dag.py took 0.059 seconds
[2024-02-26T16:02:23.380+0000] {processor.py:161} INFO - Started process (PID=7111) to work on /home/airflow/.local/lib/python3.11/site-packages/airflow/example_dags/example_trigger_controller_dag.py
[2024-02-26T16:02:23.383+0000] {processor.py:830} INFO - Processing file /home/airflow/.local/lib/python3.11/site-packages/airflow/example_dags/example_trigger_controller_dag.py for tasks to queue
[2024-02-26T16:02:23.387+0000] {logging_mixin.py:188} INFO - [2024-02-26T16:02:23.386+0000] {dagbag.py:540} INFO - Filling up the DagBag from /home/airflow/.local/lib/python3.11/site-packages/airflow/example_dags/example_trigger_controller_dag.py
[2024-02-26T16:02:23.393+0000] {processor.py:840} INFO - DAG(s) 'example_trigger_controller_dag' retrieved from /home/airflow/.local/lib/python3.11/site-packages/airflow/example_dags/example_trigger_controller_dag.py
[2024-02-26T16:02:23.416+0000] {logging_mixin.py:188} INFO - [2024-02-26T16:02:23.416+0000] {dag.py:3047} INFO - Sync 1 DAGs
[2024-02-26T16:02:23.431+0000] {logging_mixin.py:188} INFO - [2024-02-26T16:02:23.431+0000] {dag.py:3834} INFO - Setting next_dagrun for example_trigger_controller_dag to 2021-01-01 00:00:00+00:00, run_after=2021-01-01 00:00:00+00:00
[2024-02-26T16:02:23.445+0000] {processor.py:183} INFO - Processing /home/airflow/.local/lib/python3.11/site-packages/airflow/example_dags/example_trigger_controller_dag.py took 0.069 seconds
[2024-02-26T16:02:54.386+0000] {processor.py:161} INFO - Started process (PID=7358) to work on /home/airflow/.local/lib/python3.11/site-packages/airflow/example_dags/example_trigger_controller_dag.py
[2024-02-26T16:02:54.389+0000] {processor.py:830} INFO - Processing file /home/airflow/.local/lib/python3.11/site-packages/airflow/example_dags/example_trigger_controller_dag.py for tasks to queue
[2024-02-26T16:02:54.391+0000] {logging_mixin.py:188} INFO - [2024-02-26T16:02:54.390+0000] {dagbag.py:540} INFO - Filling up the DagBag from /home/airflow/.local/lib/python3.11/site-packages/airflow/example_dags/example_trigger_controller_dag.py
[2024-02-26T16:02:54.398+0000] {processor.py:840} INFO - DAG(s) 'example_trigger_controller_dag' retrieved from /home/airflow/.local/lib/python3.11/site-packages/airflow/example_dags/example_trigger_controller_dag.py
[2024-02-26T16:02:54.421+0000] {logging_mixin.py:188} INFO - [2024-02-26T16:02:54.420+0000] {dag.py:3047} INFO - Sync 1 DAGs
[2024-02-26T16:02:54.434+0000] {logging_mixin.py:188} INFO - [2024-02-26T16:02:54.434+0000] {dag.py:3834} INFO - Setting next_dagrun for example_trigger_controller_dag to 2021-01-01 00:00:00+00:00, run_after=2021-01-01 00:00:00+00:00
[2024-02-26T16:02:54.447+0000] {processor.py:183} INFO - Processing /home/airflow/.local/lib/python3.11/site-packages/airflow/example_dags/example_trigger_controller_dag.py took 0.065 seconds
[2024-02-26T16:03:24.645+0000] {processor.py:161} INFO - Started process (PID=7605) to work on /home/airflow/.local/lib/python3.11/site-packages/airflow/example_dags/example_trigger_controller_dag.py
[2024-02-26T16:03:24.652+0000] {processor.py:830} INFO - Processing file /home/airflow/.local/lib/python3.11/site-packages/airflow/example_dags/example_trigger_controller_dag.py for tasks to queue
[2024-02-26T16:03:24.655+0000] {logging_mixin.py:188} INFO - [2024-02-26T16:03:24.654+0000] {dagbag.py:540} INFO - Filling up the DagBag from /home/airflow/.local/lib/python3.11/site-packages/airflow/example_dags/example_trigger_controller_dag.py
[2024-02-26T16:03:24.661+0000] {processor.py:840} INFO - DAG(s) 'example_trigger_controller_dag' retrieved from /home/airflow/.local/lib/python3.11/site-packages/airflow/example_dags/example_trigger_controller_dag.py
[2024-02-26T16:03:24.683+0000] {logging_mixin.py:188} INFO - [2024-02-26T16:03:24.683+0000] {dag.py:3047} INFO - Sync 1 DAGs
[2024-02-26T16:03:24.697+0000] {logging_mixin.py:188} INFO - [2024-02-26T16:03:24.697+0000] {dag.py:3834} INFO - Setting next_dagrun for example_trigger_controller_dag to 2021-01-01 00:00:00+00:00, run_after=2021-01-01 00:00:00+00:00
[2024-02-26T16:03:24.710+0000] {processor.py:183} INFO - Processing /home/airflow/.local/lib/python3.11/site-packages/airflow/example_dags/example_trigger_controller_dag.py took 0.070 seconds
[2024-02-26T16:03:55.567+0000] {processor.py:161} INFO - Started process (PID=7853) to work on /home/airflow/.local/lib/python3.11/site-packages/airflow/example_dags/example_trigger_controller_dag.py
[2024-02-26T16:03:55.569+0000] {processor.py:830} INFO - Processing file /home/airflow/.local/lib/python3.11/site-packages/airflow/example_dags/example_trigger_controller_dag.py for tasks to queue
[2024-02-26T16:03:55.570+0000] {logging_mixin.py:188} INFO - [2024-02-26T16:03:55.570+0000] {dagbag.py:540} INFO - Filling up the DagBag from /home/airflow/.local/lib/python3.11/site-packages/airflow/example_dags/example_trigger_controller_dag.py
[2024-02-26T16:03:55.575+0000] {processor.py:840} INFO - DAG(s) 'example_trigger_controller_dag' retrieved from /home/airflow/.local/lib/python3.11/site-packages/airflow/example_dags/example_trigger_controller_dag.py
[2024-02-26T16:03:55.595+0000] {logging_mixin.py:188} INFO - [2024-02-26T16:03:55.595+0000] {dag.py:3047} INFO - Sync 1 DAGs
[2024-02-26T16:03:55.609+0000] {logging_mixin.py:188} INFO - [2024-02-26T16:03:55.609+0000] {dag.py:3834} INFO - Setting next_dagrun for example_trigger_controller_dag to 2021-01-01 00:00:00+00:00, run_after=2021-01-01 00:00:00+00:00
[2024-02-26T16:03:55.622+0000] {processor.py:183} INFO - Processing /home/airflow/.local/lib/python3.11/site-packages/airflow/example_dags/example_trigger_controller_dag.py took 0.058 seconds
[2024-02-26T16:04:26.345+0000] {processor.py:161} INFO - Started process (PID=8100) to work on /home/airflow/.local/lib/python3.11/site-packages/airflow/example_dags/example_trigger_controller_dag.py
[2024-02-26T16:04:26.348+0000] {processor.py:830} INFO - Processing file /home/airflow/.local/lib/python3.11/site-packages/airflow/example_dags/example_trigger_controller_dag.py for tasks to queue
[2024-02-26T16:04:26.350+0000] {logging_mixin.py:188} INFO - [2024-02-26T16:04:26.349+0000] {dagbag.py:540} INFO - Filling up the DagBag from /home/airflow/.local/lib/python3.11/site-packages/airflow/example_dags/example_trigger_controller_dag.py
[2024-02-26T16:04:26.356+0000] {processor.py:840} INFO - DAG(s) 'example_trigger_controller_dag' retrieved from /home/airflow/.local/lib/python3.11/site-packages/airflow/example_dags/example_trigger_controller_dag.py
[2024-02-26T16:04:26.376+0000] {logging_mixin.py:188} INFO - [2024-02-26T16:04:26.376+0000] {dag.py:3047} INFO - Sync 1 DAGs
[2024-02-26T16:04:26.389+0000] {logging_mixin.py:188} INFO - [2024-02-26T16:04:26.389+0000] {dag.py:3834} INFO - Setting next_dagrun for example_trigger_controller_dag to 2021-01-01 00:00:00+00:00, run_after=2021-01-01 00:00:00+00:00
[2024-02-26T16:04:26.400+0000] {processor.py:183} INFO - Processing /home/airflow/.local/lib/python3.11/site-packages/airflow/example_dags/example_trigger_controller_dag.py took 0.060 seconds
[2024-02-26T16:04:57.142+0000] {processor.py:161} INFO - Started process (PID=8347) to work on /home/airflow/.local/lib/python3.11/site-packages/airflow/example_dags/example_trigger_controller_dag.py
[2024-02-26T16:04:57.145+0000] {processor.py:830} INFO - Processing file /home/airflow/.local/lib/python3.11/site-packages/airflow/example_dags/example_trigger_controller_dag.py for tasks to queue
[2024-02-26T16:04:57.147+0000] {logging_mixin.py:188} INFO - [2024-02-26T16:04:57.146+0000] {dagbag.py:540} INFO - Filling up the DagBag from /home/airflow/.local/lib/python3.11/site-packages/airflow/example_dags/example_trigger_controller_dag.py
[2024-02-26T16:04:57.156+0000] {processor.py:840} INFO - DAG(s) 'example_trigger_controller_dag' retrieved from /home/airflow/.local/lib/python3.11/site-packages/airflow/example_dags/example_trigger_controller_dag.py
[2024-02-26T16:04:57.177+0000] {logging_mixin.py:188} INFO - [2024-02-26T16:04:57.177+0000] {dag.py:3047} INFO - Sync 1 DAGs
[2024-02-26T16:04:57.190+0000] {logging_mixin.py:188} INFO - [2024-02-26T16:04:57.190+0000] {dag.py:3834} INFO - Setting next_dagrun for example_trigger_controller_dag to 2021-01-01 00:00:00+00:00, run_after=2021-01-01 00:00:00+00:00
[2024-02-26T16:04:57.203+0000] {processor.py:183} INFO - Processing /home/airflow/.local/lib/python3.11/site-packages/airflow/example_dags/example_trigger_controller_dag.py took 0.066 seconds
[2024-02-26T16:05:27.935+0000] {processor.py:161} INFO - Started process (PID=8600) to work on /home/airflow/.local/lib/python3.11/site-packages/airflow/example_dags/example_trigger_controller_dag.py
[2024-02-26T16:05:27.937+0000] {processor.py:830} INFO - Processing file /home/airflow/.local/lib/python3.11/site-packages/airflow/example_dags/example_trigger_controller_dag.py for tasks to queue
[2024-02-26T16:05:27.938+0000] {logging_mixin.py:188} INFO - [2024-02-26T16:05:27.938+0000] {dagbag.py:540} INFO - Filling up the DagBag from /home/airflow/.local/lib/python3.11/site-packages/airflow/example_dags/example_trigger_controller_dag.py
[2024-02-26T16:05:27.944+0000] {processor.py:840} INFO - DAG(s) 'example_trigger_controller_dag' retrieved from /home/airflow/.local/lib/python3.11/site-packages/airflow/example_dags/example_trigger_controller_dag.py
[2024-02-26T16:05:27.963+0000] {logging_mixin.py:188} INFO - [2024-02-26T16:05:27.963+0000] {dag.py:3047} INFO - Sync 1 DAGs
[2024-02-26T16:05:27.977+0000] {logging_mixin.py:188} INFO - [2024-02-26T16:05:27.977+0000] {dag.py:3834} INFO - Setting next_dagrun for example_trigger_controller_dag to 2021-01-01 00:00:00+00:00, run_after=2021-01-01 00:00:00+00:00
[2024-02-26T16:05:27.989+0000] {processor.py:183} INFO - Processing /home/airflow/.local/lib/python3.11/site-packages/airflow/example_dags/example_trigger_controller_dag.py took 0.057 seconds
[2024-02-26T16:05:58.645+0000] {processor.py:161} INFO - Started process (PID=8847) to work on /home/airflow/.local/lib/python3.11/site-packages/airflow/example_dags/example_trigger_controller_dag.py
[2024-02-26T16:05:58.647+0000] {processor.py:830} INFO - Processing file /home/airflow/.local/lib/python3.11/site-packages/airflow/example_dags/example_trigger_controller_dag.py for tasks to queue
[2024-02-26T16:05:58.649+0000] {logging_mixin.py:188} INFO - [2024-02-26T16:05:58.649+0000] {dagbag.py:540} INFO - Filling up the DagBag from /home/airflow/.local/lib/python3.11/site-packages/airflow/example_dags/example_trigger_controller_dag.py
[2024-02-26T16:05:58.656+0000] {processor.py:840} INFO - DAG(s) 'example_trigger_controller_dag' retrieved from /home/airflow/.local/lib/python3.11/site-packages/airflow/example_dags/example_trigger_controller_dag.py
[2024-02-26T16:05:58.680+0000] {logging_mixin.py:188} INFO - [2024-02-26T16:05:58.680+0000] {dag.py:3047} INFO - Sync 1 DAGs
[2024-02-26T16:05:58.697+0000] {logging_mixin.py:188} INFO - [2024-02-26T16:05:58.697+0000] {dag.py:3834} INFO - Setting next_dagrun for example_trigger_controller_dag to 2021-01-01 00:00:00+00:00, run_after=2021-01-01 00:00:00+00:00
[2024-02-26T16:05:58.711+0000] {processor.py:183} INFO - Processing /home/airflow/.local/lib/python3.11/site-packages/airflow/example_dags/example_trigger_controller_dag.py took 0.070 seconds
[2024-02-26T16:06:29.563+0000] {processor.py:161} INFO - Started process (PID=9094) to work on /home/airflow/.local/lib/python3.11/site-packages/airflow/example_dags/example_trigger_controller_dag.py
[2024-02-26T16:06:29.565+0000] {processor.py:830} INFO - Processing file /home/airflow/.local/lib/python3.11/site-packages/airflow/example_dags/example_trigger_controller_dag.py for tasks to queue
[2024-02-26T16:06:29.567+0000] {logging_mixin.py:188} INFO - [2024-02-26T16:06:29.566+0000] {dagbag.py:540} INFO - Filling up the DagBag from /home/airflow/.local/lib/python3.11/site-packages/airflow/example_dags/example_trigger_controller_dag.py
[2024-02-26T16:06:29.572+0000] {processor.py:840} INFO - DAG(s) 'example_trigger_controller_dag' retrieved from /home/airflow/.local/lib/python3.11/site-packages/airflow/example_dags/example_trigger_controller_dag.py
[2024-02-26T16:06:29.594+0000] {logging_mixin.py:188} INFO - [2024-02-26T16:06:29.594+0000] {dag.py:3047} INFO - Sync 1 DAGs
[2024-02-26T16:06:29.609+0000] {logging_mixin.py:188} INFO - [2024-02-26T16:06:29.608+0000] {dag.py:3834} INFO - Setting next_dagrun for example_trigger_controller_dag to 2021-01-01 00:00:00+00:00, run_after=2021-01-01 00:00:00+00:00
[2024-02-26T16:06:29.622+0000] {processor.py:183} INFO - Processing /home/airflow/.local/lib/python3.11/site-packages/airflow/example_dags/example_trigger_controller_dag.py took 0.064 seconds
[2024-02-26T16:07:00.435+0000] {processor.py:161} INFO - Started process (PID=9341) to work on /home/airflow/.local/lib/python3.11/site-packages/airflow/example_dags/example_trigger_controller_dag.py
[2024-02-26T16:07:00.438+0000] {processor.py:830} INFO - Processing file /home/airflow/.local/lib/python3.11/site-packages/airflow/example_dags/example_trigger_controller_dag.py for tasks to queue
[2024-02-26T16:07:00.440+0000] {logging_mixin.py:188} INFO - [2024-02-26T16:07:00.440+0000] {dagbag.py:540} INFO - Filling up the DagBag from /home/airflow/.local/lib/python3.11/site-packages/airflow/example_dags/example_trigger_controller_dag.py
[2024-02-26T16:07:00.447+0000] {processor.py:840} INFO - DAG(s) 'example_trigger_controller_dag' retrieved from /home/airflow/.local/lib/python3.11/site-packages/airflow/example_dags/example_trigger_controller_dag.py
[2024-02-26T16:07:00.470+0000] {logging_mixin.py:188} INFO - [2024-02-26T16:07:00.470+0000] {dag.py:3047} INFO - Sync 1 DAGs
[2024-02-26T16:07:00.485+0000] {logging_mixin.py:188} INFO - [2024-02-26T16:07:00.485+0000] {dag.py:3834} INFO - Setting next_dagrun for example_trigger_controller_dag to 2021-01-01 00:00:00+00:00, run_after=2021-01-01 00:00:00+00:00
[2024-02-26T16:07:00.496+0000] {processor.py:183} INFO - Processing /home/airflow/.local/lib/python3.11/site-packages/airflow/example_dags/example_trigger_controller_dag.py took 0.065 seconds
[2024-02-26T16:07:30.639+0000] {processor.py:161} INFO - Started process (PID=9588) to work on /home/airflow/.local/lib/python3.11/site-packages/airflow/example_dags/example_trigger_controller_dag.py
[2024-02-26T16:07:30.640+0000] {processor.py:830} INFO - Processing file /home/airflow/.local/lib/python3.11/site-packages/airflow/example_dags/example_trigger_controller_dag.py for tasks to queue
[2024-02-26T16:07:30.642+0000] {logging_mixin.py:188} INFO - [2024-02-26T16:07:30.642+0000] {dagbag.py:540} INFO - Filling up the DagBag from /home/airflow/.local/lib/python3.11/site-packages/airflow/example_dags/example_trigger_controller_dag.py
[2024-02-26T16:07:30.647+0000] {processor.py:840} INFO - DAG(s) 'example_trigger_controller_dag' retrieved from /home/airflow/.local/lib/python3.11/site-packages/airflow/example_dags/example_trigger_controller_dag.py
[2024-02-26T16:07:30.667+0000] {logging_mixin.py:188} INFO - [2024-02-26T16:07:30.667+0000] {dag.py:3047} INFO - Sync 1 DAGs
[2024-02-26T16:07:30.681+0000] {logging_mixin.py:188} INFO - [2024-02-26T16:07:30.681+0000] {dag.py:3834} INFO - Setting next_dagrun for example_trigger_controller_dag to 2021-01-01 00:00:00+00:00, run_after=2021-01-01 00:00:00+00:00
[2024-02-26T16:07:30.694+0000] {processor.py:183} INFO - Processing /home/airflow/.local/lib/python3.11/site-packages/airflow/example_dags/example_trigger_controller_dag.py took 0.058 seconds
[2024-02-26T16:08:00.888+0000] {processor.py:161} INFO - Started process (PID=9835) to work on /home/airflow/.local/lib/python3.11/site-packages/airflow/example_dags/example_trigger_controller_dag.py
[2024-02-26T16:08:00.891+0000] {processor.py:830} INFO - Processing file /home/airflow/.local/lib/python3.11/site-packages/airflow/example_dags/example_trigger_controller_dag.py for tasks to queue
[2024-02-26T16:08:00.893+0000] {logging_mixin.py:188} INFO - [2024-02-26T16:08:00.892+0000] {dagbag.py:540} INFO - Filling up the DagBag from /home/airflow/.local/lib/python3.11/site-packages/airflow/example_dags/example_trigger_controller_dag.py
[2024-02-26T16:08:00.898+0000] {processor.py:840} INFO - DAG(s) 'example_trigger_controller_dag' retrieved from /home/airflow/.local/lib/python3.11/site-packages/airflow/example_dags/example_trigger_controller_dag.py
[2024-02-26T16:08:00.920+0000] {logging_mixin.py:188} INFO - [2024-02-26T16:08:00.920+0000] {dag.py:3047} INFO - Sync 1 DAGs
[2024-02-26T16:08:00.933+0000] {logging_mixin.py:188} INFO - [2024-02-26T16:08:00.933+0000] {dag.py:3834} INFO - Setting next_dagrun for example_trigger_controller_dag to 2021-01-01 00:00:00+00:00, run_after=2021-01-01 00:00:00+00:00
[2024-02-26T16:08:00.945+0000] {processor.py:183} INFO - Processing /home/airflow/.local/lib/python3.11/site-packages/airflow/example_dags/example_trigger_controller_dag.py took 0.062 seconds
[2024-02-26T16:08:31.033+0000] {processor.py:161} INFO - Started process (PID=10082) to work on /home/airflow/.local/lib/python3.11/site-packages/airflow/example_dags/example_trigger_controller_dag.py
[2024-02-26T16:08:31.035+0000] {processor.py:830} INFO - Processing file /home/airflow/.local/lib/python3.11/site-packages/airflow/example_dags/example_trigger_controller_dag.py for tasks to queue
[2024-02-26T16:08:31.043+0000] {logging_mixin.py:188} INFO - [2024-02-26T16:08:31.042+0000] {dagbag.py:540} INFO - Filling up the DagBag from /home/airflow/.local/lib/python3.11/site-packages/airflow/example_dags/example_trigger_controller_dag.py
[2024-02-26T16:08:31.048+0000] {processor.py:840} INFO - DAG(s) 'example_trigger_controller_dag' retrieved from /home/airflow/.local/lib/python3.11/site-packages/airflow/example_dags/example_trigger_controller_dag.py
[2024-02-26T16:08:31.068+0000] {logging_mixin.py:188} INFO - [2024-02-26T16:08:31.068+0000] {dag.py:3047} INFO - Sync 1 DAGs
[2024-02-26T16:08:31.080+0000] {logging_mixin.py:188} INFO - [2024-02-26T16:08:31.080+0000] {dag.py:3834} INFO - Setting next_dagrun for example_trigger_controller_dag to 2021-01-01 00:00:00+00:00, run_after=2021-01-01 00:00:00+00:00
[2024-02-26T16:08:31.091+0000] {processor.py:183} INFO - Processing /home/airflow/.local/lib/python3.11/site-packages/airflow/example_dags/example_trigger_controller_dag.py took 0.062 seconds
[2024-02-26T16:09:01.482+0000] {processor.py:161} INFO - Started process (PID=10329) to work on /home/airflow/.local/lib/python3.11/site-packages/airflow/example_dags/example_trigger_controller_dag.py
[2024-02-26T16:09:01.487+0000] {processor.py:830} INFO - Processing file /home/airflow/.local/lib/python3.11/site-packages/airflow/example_dags/example_trigger_controller_dag.py for tasks to queue
[2024-02-26T16:09:01.489+0000] {logging_mixin.py:188} INFO - [2024-02-26T16:09:01.488+0000] {dagbag.py:540} INFO - Filling up the DagBag from /home/airflow/.local/lib/python3.11/site-packages/airflow/example_dags/example_trigger_controller_dag.py
[2024-02-26T16:09:01.494+0000] {processor.py:840} INFO - DAG(s) 'example_trigger_controller_dag' retrieved from /home/airflow/.local/lib/python3.11/site-packages/airflow/example_dags/example_trigger_controller_dag.py
[2024-02-26T16:09:01.515+0000] {logging_mixin.py:188} INFO - [2024-02-26T16:09:01.515+0000] {dag.py:3047} INFO - Sync 1 DAGs
[2024-02-26T16:09:01.530+0000] {logging_mixin.py:188} INFO - [2024-02-26T16:09:01.530+0000] {dag.py:3834} INFO - Setting next_dagrun for example_trigger_controller_dag to 2021-01-01 00:00:00+00:00, run_after=2021-01-01 00:00:00+00:00
[2024-02-26T16:09:01.540+0000] {processor.py:183} INFO - Processing /home/airflow/.local/lib/python3.11/site-packages/airflow/example_dags/example_trigger_controller_dag.py took 0.063 seconds
[2024-02-26T16:09:31.659+0000] {processor.py:161} INFO - Started process (PID=10576) to work on /home/airflow/.local/lib/python3.11/site-packages/airflow/example_dags/example_trigger_controller_dag.py
[2024-02-26T16:09:31.662+0000] {processor.py:830} INFO - Processing file /home/airflow/.local/lib/python3.11/site-packages/airflow/example_dags/example_trigger_controller_dag.py for tasks to queue
[2024-02-26T16:09:31.667+0000] {logging_mixin.py:188} INFO - [2024-02-26T16:09:31.666+0000] {dagbag.py:540} INFO - Filling up the DagBag from /home/airflow/.local/lib/python3.11/site-packages/airflow/example_dags/example_trigger_controller_dag.py
[2024-02-26T16:09:31.672+0000] {processor.py:840} INFO - DAG(s) 'example_trigger_controller_dag' retrieved from /home/airflow/.local/lib/python3.11/site-packages/airflow/example_dags/example_trigger_controller_dag.py
[2024-02-26T16:09:31.693+0000] {logging_mixin.py:188} INFO - [2024-02-26T16:09:31.693+0000] {dag.py:3047} INFO - Sync 1 DAGs
[2024-02-26T16:09:31.708+0000] {logging_mixin.py:188} INFO - [2024-02-26T16:09:31.708+0000] {dag.py:3834} INFO - Setting next_dagrun for example_trigger_controller_dag to 2021-01-01 00:00:00+00:00, run_after=2021-01-01 00:00:00+00:00
[2024-02-26T16:09:31.721+0000] {processor.py:183} INFO - Processing /home/airflow/.local/lib/python3.11/site-packages/airflow/example_dags/example_trigger_controller_dag.py took 0.065 seconds
[2024-02-26T16:10:02.796+0000] {processor.py:161} INFO - Started process (PID=10823) to work on /home/airflow/.local/lib/python3.11/site-packages/airflow/example_dags/example_trigger_controller_dag.py
[2024-02-26T16:10:02.804+0000] {processor.py:830} INFO - Processing file /home/airflow/.local/lib/python3.11/site-packages/airflow/example_dags/example_trigger_controller_dag.py for tasks to queue
[2024-02-26T16:10:02.807+0000] {logging_mixin.py:188} INFO - [2024-02-26T16:10:02.806+0000] {dagbag.py:540} INFO - Filling up the DagBag from /home/airflow/.local/lib/python3.11/site-packages/airflow/example_dags/example_trigger_controller_dag.py
[2024-02-26T16:10:02.813+0000] {processor.py:840} INFO - DAG(s) 'example_trigger_controller_dag' retrieved from /home/airflow/.local/lib/python3.11/site-packages/airflow/example_dags/example_trigger_controller_dag.py
[2024-02-26T16:10:02.834+0000] {logging_mixin.py:188} INFO - [2024-02-26T16:10:02.834+0000] {dag.py:3047} INFO - Sync 1 DAGs
[2024-02-26T16:10:02.851+0000] {logging_mixin.py:188} INFO - [2024-02-26T16:10:02.851+0000] {dag.py:3834} INFO - Setting next_dagrun for example_trigger_controller_dag to 2021-01-01 00:00:00+00:00, run_after=2021-01-01 00:00:00+00:00
[2024-02-26T16:10:02.866+0000] {processor.py:183} INFO - Processing /home/airflow/.local/lib/python3.11/site-packages/airflow/example_dags/example_trigger_controller_dag.py took 0.074 seconds
[2024-02-26T16:10:33.027+0000] {processor.py:161} INFO - Started process (PID=11070) to work on /home/airflow/.local/lib/python3.11/site-packages/airflow/example_dags/example_trigger_controller_dag.py
[2024-02-26T16:10:33.029+0000] {processor.py:830} INFO - Processing file /home/airflow/.local/lib/python3.11/site-packages/airflow/example_dags/example_trigger_controller_dag.py for tasks to queue
[2024-02-26T16:10:33.032+0000] {logging_mixin.py:188} INFO - [2024-02-26T16:10:33.031+0000] {dagbag.py:540} INFO - Filling up the DagBag from /home/airflow/.local/lib/python3.11/site-packages/airflow/example_dags/example_trigger_controller_dag.py
[2024-02-26T16:10:33.040+0000] {processor.py:840} INFO - DAG(s) 'example_trigger_controller_dag' retrieved from /home/airflow/.local/lib/python3.11/site-packages/airflow/example_dags/example_trigger_controller_dag.py
[2024-02-26T16:10:33.062+0000] {logging_mixin.py:188} INFO - [2024-02-26T16:10:33.062+0000] {dag.py:3047} INFO - Sync 1 DAGs
[2024-02-26T16:10:33.077+0000] {logging_mixin.py:188} INFO - [2024-02-26T16:10:33.077+0000] {dag.py:3834} INFO - Setting next_dagrun for example_trigger_controller_dag to 2021-01-01 00:00:00+00:00, run_after=2021-01-01 00:00:00+00:00
[2024-02-26T16:10:33.089+0000] {processor.py:183} INFO - Processing /home/airflow/.local/lib/python3.11/site-packages/airflow/example_dags/example_trigger_controller_dag.py took 0.067 seconds
[2024-02-26T16:11:03.454+0000] {processor.py:161} INFO - Started process (PID=11317) to work on /home/airflow/.local/lib/python3.11/site-packages/airflow/example_dags/example_trigger_controller_dag.py
[2024-02-26T16:11:03.456+0000] {processor.py:830} INFO - Processing file /home/airflow/.local/lib/python3.11/site-packages/airflow/example_dags/example_trigger_controller_dag.py for tasks to queue
[2024-02-26T16:11:03.464+0000] {logging_mixin.py:188} INFO - [2024-02-26T16:11:03.463+0000] {dagbag.py:540} INFO - Filling up the DagBag from /home/airflow/.local/lib/python3.11/site-packages/airflow/example_dags/example_trigger_controller_dag.py
[2024-02-26T16:11:03.469+0000] {processor.py:840} INFO - DAG(s) 'example_trigger_controller_dag' retrieved from /home/airflow/.local/lib/python3.11/site-packages/airflow/example_dags/example_trigger_controller_dag.py
[2024-02-26T16:11:03.490+0000] {logging_mixin.py:188} INFO - [2024-02-26T16:11:03.489+0000] {dag.py:3047} INFO - Sync 1 DAGs
[2024-02-26T16:11:03.503+0000] {logging_mixin.py:188} INFO - [2024-02-26T16:11:03.503+0000] {dag.py:3834} INFO - Setting next_dagrun for example_trigger_controller_dag to 2021-01-01 00:00:00+00:00, run_after=2021-01-01 00:00:00+00:00
[2024-02-26T16:11:03.514+0000] {processor.py:183} INFO - Processing /home/airflow/.local/lib/python3.11/site-packages/airflow/example_dags/example_trigger_controller_dag.py took 0.065 seconds
[2024-02-26T16:11:33.659+0000] {processor.py:161} INFO - Started process (PID=11564) to work on /home/airflow/.local/lib/python3.11/site-packages/airflow/example_dags/example_trigger_controller_dag.py
[2024-02-26T16:11:33.661+0000] {processor.py:830} INFO - Processing file /home/airflow/.local/lib/python3.11/site-packages/airflow/example_dags/example_trigger_controller_dag.py for tasks to queue
[2024-02-26T16:11:33.663+0000] {logging_mixin.py:188} INFO - [2024-02-26T16:11:33.662+0000] {dagbag.py:540} INFO - Filling up the DagBag from /home/airflow/.local/lib/python3.11/site-packages/airflow/example_dags/example_trigger_controller_dag.py
[2024-02-26T16:11:33.669+0000] {processor.py:840} INFO - DAG(s) 'example_trigger_controller_dag' retrieved from /home/airflow/.local/lib/python3.11/site-packages/airflow/example_dags/example_trigger_controller_dag.py
[2024-02-26T16:11:33.690+0000] {logging_mixin.py:188} INFO - [2024-02-26T16:11:33.690+0000] {dag.py:3047} INFO - Sync 1 DAGs
[2024-02-26T16:11:33.704+0000] {logging_mixin.py:188} INFO - [2024-02-26T16:11:33.703+0000] {dag.py:3834} INFO - Setting next_dagrun for example_trigger_controller_dag to 2021-01-01 00:00:00+00:00, run_after=2021-01-01 00:00:00+00:00
[2024-02-26T16:11:33.716+0000] {processor.py:183} INFO - Processing /home/airflow/.local/lib/python3.11/site-packages/airflow/example_dags/example_trigger_controller_dag.py took 0.062 seconds
[2024-02-26T16:12:04.729+0000] {processor.py:161} INFO - Started process (PID=11811) to work on /home/airflow/.local/lib/python3.11/site-packages/airflow/example_dags/example_trigger_controller_dag.py
[2024-02-26T16:12:04.731+0000] {processor.py:830} INFO - Processing file /home/airflow/.local/lib/python3.11/site-packages/airflow/example_dags/example_trigger_controller_dag.py for tasks to queue
[2024-02-26T16:12:04.733+0000] {logging_mixin.py:188} INFO - [2024-02-26T16:12:04.732+0000] {dagbag.py:540} INFO - Filling up the DagBag from /home/airflow/.local/lib/python3.11/site-packages/airflow/example_dags/example_trigger_controller_dag.py
[2024-02-26T16:12:04.740+0000] {processor.py:840} INFO - DAG(s) 'example_trigger_controller_dag' retrieved from /home/airflow/.local/lib/python3.11/site-packages/airflow/example_dags/example_trigger_controller_dag.py
[2024-02-26T16:12:04.763+0000] {logging_mixin.py:188} INFO - [2024-02-26T16:12:04.763+0000] {dag.py:3047} INFO - Sync 1 DAGs
[2024-02-26T16:12:04.777+0000] {logging_mixin.py:188} INFO - [2024-02-26T16:12:04.777+0000] {dag.py:3834} INFO - Setting next_dagrun for example_trigger_controller_dag to 2021-01-01 00:00:00+00:00, run_after=2021-01-01 00:00:00+00:00
[2024-02-26T16:12:04.789+0000] {processor.py:183} INFO - Processing /home/airflow/.local/lib/python3.11/site-packages/airflow/example_dags/example_trigger_controller_dag.py took 0.064 seconds
[2024-02-26T16:12:34.904+0000] {processor.py:161} INFO - Started process (PID=12059) to work on /home/airflow/.local/lib/python3.11/site-packages/airflow/example_dags/example_trigger_controller_dag.py
[2024-02-26T16:12:34.907+0000] {processor.py:830} INFO - Processing file /home/airflow/.local/lib/python3.11/site-packages/airflow/example_dags/example_trigger_controller_dag.py for tasks to queue
[2024-02-26T16:12:34.909+0000] {logging_mixin.py:188} INFO - [2024-02-26T16:12:34.908+0000] {dagbag.py:540} INFO - Filling up the DagBag from /home/airflow/.local/lib/python3.11/site-packages/airflow/example_dags/example_trigger_controller_dag.py
[2024-02-26T16:12:34.921+0000] {processor.py:840} INFO - DAG(s) 'example_trigger_controller_dag' retrieved from /home/airflow/.local/lib/python3.11/site-packages/airflow/example_dags/example_trigger_controller_dag.py
[2024-02-26T16:12:34.943+0000] {logging_mixin.py:188} INFO - [2024-02-26T16:12:34.943+0000] {dag.py:3047} INFO - Sync 1 DAGs
[2024-02-26T16:12:34.958+0000] {logging_mixin.py:188} INFO - [2024-02-26T16:12:34.958+0000] {dag.py:3834} INFO - Setting next_dagrun for example_trigger_controller_dag to 2021-01-01 00:00:00+00:00, run_after=2021-01-01 00:00:00+00:00
[2024-02-26T16:12:34.970+0000] {processor.py:183} INFO - Processing /home/airflow/.local/lib/python3.11/site-packages/airflow/example_dags/example_trigger_controller_dag.py took 0.070 seconds
[2024-02-26T16:13:05.049+0000] {processor.py:161} INFO - Started process (PID=12306) to work on /home/airflow/.local/lib/python3.11/site-packages/airflow/example_dags/example_trigger_controller_dag.py
[2024-02-26T16:13:05.051+0000] {processor.py:830} INFO - Processing file /home/airflow/.local/lib/python3.11/site-packages/airflow/example_dags/example_trigger_controller_dag.py for tasks to queue
[2024-02-26T16:13:05.053+0000] {logging_mixin.py:188} INFO - [2024-02-26T16:13:05.053+0000] {dagbag.py:540} INFO - Filling up the DagBag from /home/airflow/.local/lib/python3.11/site-packages/airflow/example_dags/example_trigger_controller_dag.py
[2024-02-26T16:13:05.059+0000] {processor.py:840} INFO - DAG(s) 'example_trigger_controller_dag' retrieved from /home/airflow/.local/lib/python3.11/site-packages/airflow/example_dags/example_trigger_controller_dag.py
[2024-02-26T16:13:05.080+0000] {logging_mixin.py:188} INFO - [2024-02-26T16:13:05.080+0000] {dag.py:3047} INFO - Sync 1 DAGs
[2024-02-26T16:13:05.093+0000] {logging_mixin.py:188} INFO - [2024-02-26T16:13:05.093+0000] {dag.py:3834} INFO - Setting next_dagrun for example_trigger_controller_dag to 2021-01-01 00:00:00+00:00, run_after=2021-01-01 00:00:00+00:00
[2024-02-26T16:13:05.104+0000] {processor.py:183} INFO - Processing /home/airflow/.local/lib/python3.11/site-packages/airflow/example_dags/example_trigger_controller_dag.py took 0.059 seconds
[2024-02-26T16:13:35.249+0000] {processor.py:161} INFO - Started process (PID=12554) to work on /home/airflow/.local/lib/python3.11/site-packages/airflow/example_dags/example_trigger_controller_dag.py
[2024-02-26T16:13:35.251+0000] {processor.py:830} INFO - Processing file /home/airflow/.local/lib/python3.11/site-packages/airflow/example_dags/example_trigger_controller_dag.py for tasks to queue
[2024-02-26T16:13:35.252+0000] {logging_mixin.py:188} INFO - [2024-02-26T16:13:35.252+0000] {dagbag.py:540} INFO - Filling up the DagBag from /home/airflow/.local/lib/python3.11/site-packages/airflow/example_dags/example_trigger_controller_dag.py
[2024-02-26T16:13:35.258+0000] {processor.py:840} INFO - DAG(s) 'example_trigger_controller_dag' retrieved from /home/airflow/.local/lib/python3.11/site-packages/airflow/example_dags/example_trigger_controller_dag.py
[2024-02-26T16:13:35.276+0000] {logging_mixin.py:188} INFO - [2024-02-26T16:13:35.276+0000] {dag.py:3047} INFO - Sync 1 DAGs
[2024-02-26T16:13:35.289+0000] {logging_mixin.py:188} INFO - [2024-02-26T16:13:35.289+0000] {dag.py:3834} INFO - Setting next_dagrun for example_trigger_controller_dag to 2021-01-01 00:00:00+00:00, run_after=2021-01-01 00:00:00+00:00
[2024-02-26T16:13:35.300+0000] {processor.py:183} INFO - Processing /home/airflow/.local/lib/python3.11/site-packages/airflow/example_dags/example_trigger_controller_dag.py took 0.053 seconds
[2024-02-26T16:14:05.717+0000] {processor.py:161} INFO - Started process (PID=12800) to work on /home/airflow/.local/lib/python3.11/site-packages/airflow/example_dags/example_trigger_controller_dag.py
[2024-02-26T16:14:05.723+0000] {processor.py:830} INFO - Processing file /home/airflow/.local/lib/python3.11/site-packages/airflow/example_dags/example_trigger_controller_dag.py for tasks to queue
[2024-02-26T16:14:05.725+0000] {logging_mixin.py:188} INFO - [2024-02-26T16:14:05.725+0000] {dagbag.py:540} INFO - Filling up the DagBag from /home/airflow/.local/lib/python3.11/site-packages/airflow/example_dags/example_trigger_controller_dag.py
[2024-02-26T16:14:05.733+0000] {processor.py:840} INFO - DAG(s) 'example_trigger_controller_dag' retrieved from /home/airflow/.local/lib/python3.11/site-packages/airflow/example_dags/example_trigger_controller_dag.py
[2024-02-26T16:14:05.757+0000] {logging_mixin.py:188} INFO - [2024-02-26T16:14:05.757+0000] {dag.py:3047} INFO - Sync 1 DAGs
[2024-02-26T16:14:05.772+0000] {logging_mixin.py:188} INFO - [2024-02-26T16:14:05.771+0000] {dag.py:3834} INFO - Setting next_dagrun for example_trigger_controller_dag to 2021-01-01 00:00:00+00:00, run_after=2021-01-01 00:00:00+00:00
[2024-02-26T16:14:05.785+0000] {processor.py:183} INFO - Processing /home/airflow/.local/lib/python3.11/site-packages/airflow/example_dags/example_trigger_controller_dag.py took 0.074 seconds
[2024-02-26T16:14:35.910+0000] {processor.py:161} INFO - Started process (PID=13047) to work on /home/airflow/.local/lib/python3.11/site-packages/airflow/example_dags/example_trigger_controller_dag.py
[2024-02-26T16:14:35.913+0000] {processor.py:830} INFO - Processing file /home/airflow/.local/lib/python3.11/site-packages/airflow/example_dags/example_trigger_controller_dag.py for tasks to queue
[2024-02-26T16:14:35.915+0000] {logging_mixin.py:188} INFO - [2024-02-26T16:14:35.914+0000] {dagbag.py:540} INFO - Filling up the DagBag from /home/airflow/.local/lib/python3.11/site-packages/airflow/example_dags/example_trigger_controller_dag.py
[2024-02-26T16:14:35.922+0000] {processor.py:840} INFO - DAG(s) 'example_trigger_controller_dag' retrieved from /home/airflow/.local/lib/python3.11/site-packages/airflow/example_dags/example_trigger_controller_dag.py
[2024-02-26T16:14:35.945+0000] {logging_mixin.py:188} INFO - [2024-02-26T16:14:35.945+0000] {dag.py:3047} INFO - Sync 1 DAGs
[2024-02-26T16:14:35.959+0000] {logging_mixin.py:188} INFO - [2024-02-26T16:14:35.959+0000] {dag.py:3834} INFO - Setting next_dagrun for example_trigger_controller_dag to 2021-01-01 00:00:00+00:00, run_after=2021-01-01 00:00:00+00:00
[2024-02-26T16:14:35.971+0000] {processor.py:183} INFO - Processing /home/airflow/.local/lib/python3.11/site-packages/airflow/example_dags/example_trigger_controller_dag.py took 0.066 seconds
