[2024-02-26T15:48:33.633+0000] {processor.py:161} INFO - Started process (PID=244) to work on /home/airflow/.local/lib/python3.11/site-packages/airflow/example_dags/example_xcomargs.py
[2024-02-26T15:48:33.636+0000] {processor.py:830} INFO - Processing file /home/airflow/.local/lib/python3.11/site-packages/airflow/example_dags/example_xcomargs.py for tasks to queue
[2024-02-26T15:48:33.639+0000] {logging_mixin.py:188} INFO - [2024-02-26T15:48:33.638+0000] {dagbag.py:540} INFO - Filling up the DagBag from /home/airflow/.local/lib/python3.11/site-packages/airflow/example_dags/example_xcomargs.py
[2024-02-26T15:48:33.648+0000] {processor.py:840} INFO - DAG(s) 'example_xcom_args', 'example_xcom_args_with_operators' retrieved from /home/airflow/.local/lib/python3.11/site-packages/airflow/example_dags/example_xcomargs.py
[2024-02-26T15:48:33.666+0000] {logging_mixin.py:188} INFO - [2024-02-26T15:48:33.666+0000] {dag.py:3047} INFO - Sync 2 DAGs
[2024-02-26T15:48:33.680+0000] {logging_mixin.py:188} INFO - [2024-02-26T15:48:33.680+0000] {dag.py:3834} INFO - Setting next_dagrun for example_xcom_args to None, run_after=None
[2024-02-26T15:48:33.684+0000] {logging_mixin.py:188} INFO - [2024-02-26T15:48:33.684+0000] {dag.py:3834} INFO - Setting next_dagrun for example_xcom_args_with_operators to None, run_after=None
[2024-02-26T15:48:33.703+0000] {processor.py:183} INFO - Processing /home/airflow/.local/lib/python3.11/site-packages/airflow/example_dags/example_xcomargs.py took 0.073 seconds
[2024-02-26T15:49:04.042+0000] {processor.py:161} INFO - Started process (PID=491) to work on /home/airflow/.local/lib/python3.11/site-packages/airflow/example_dags/example_xcomargs.py
[2024-02-26T15:49:04.044+0000] {processor.py:830} INFO - Processing file /home/airflow/.local/lib/python3.11/site-packages/airflow/example_dags/example_xcomargs.py for tasks to queue
[2024-02-26T15:49:04.045+0000] {logging_mixin.py:188} INFO - [2024-02-26T15:49:04.045+0000] {dagbag.py:540} INFO - Filling up the DagBag from /home/airflow/.local/lib/python3.11/site-packages/airflow/example_dags/example_xcomargs.py
[2024-02-26T15:49:04.053+0000] {processor.py:840} INFO - DAG(s) 'example_xcom_args_with_operators', 'example_xcom_args' retrieved from /home/airflow/.local/lib/python3.11/site-packages/airflow/example_dags/example_xcomargs.py
[2024-02-26T15:49:04.125+0000] {logging_mixin.py:188} INFO - [2024-02-26T15:49:04.124+0000] {dag.py:3047} INFO - Sync 2 DAGs
[2024-02-26T15:49:04.133+0000] {logging_mixin.py:188} INFO - [2024-02-26T15:49:04.133+0000] {dag.py:3834} INFO - Setting next_dagrun for example_xcom_args to None, run_after=None
[2024-02-26T15:49:04.138+0000] {logging_mixin.py:188} INFO - [2024-02-26T15:49:04.137+0000] {dag.py:3834} INFO - Setting next_dagrun for example_xcom_args_with_operators to None, run_after=None
[2024-02-26T15:49:04.151+0000] {processor.py:183} INFO - Processing /home/airflow/.local/lib/python3.11/site-packages/airflow/example_dags/example_xcomargs.py took 0.112 seconds
[2024-02-26T15:49:34.696+0000] {processor.py:161} INFO - Started process (PID=740) to work on /home/airflow/.local/lib/python3.11/site-packages/airflow/example_dags/example_xcomargs.py
[2024-02-26T15:49:34.697+0000] {processor.py:830} INFO - Processing file /home/airflow/.local/lib/python3.11/site-packages/airflow/example_dags/example_xcomargs.py for tasks to queue
[2024-02-26T15:49:34.698+0000] {logging_mixin.py:188} INFO - [2024-02-26T15:49:34.698+0000] {dagbag.py:540} INFO - Filling up the DagBag from /home/airflow/.local/lib/python3.11/site-packages/airflow/example_dags/example_xcomargs.py
[2024-02-26T15:49:34.706+0000] {processor.py:840} INFO - DAG(s) 'example_xcom_args', 'example_xcom_args_with_operators' retrieved from /home/airflow/.local/lib/python3.11/site-packages/airflow/example_dags/example_xcomargs.py
[2024-02-26T15:49:34.729+0000] {logging_mixin.py:188} INFO - [2024-02-26T15:49:34.727+0000] {dag.py:3047} INFO - Sync 2 DAGs
[2024-02-26T15:49:34.740+0000] {logging_mixin.py:188} INFO - [2024-02-26T15:49:34.740+0000] {dag.py:3834} INFO - Setting next_dagrun for example_xcom_args to None, run_after=None
[2024-02-26T15:49:34.744+0000] {logging_mixin.py:188} INFO - [2024-02-26T15:49:34.744+0000] {dag.py:3834} INFO - Setting next_dagrun for example_xcom_args_with_operators to None, run_after=None
[2024-02-26T15:49:34.753+0000] {processor.py:183} INFO - Processing /home/airflow/.local/lib/python3.11/site-packages/airflow/example_dags/example_xcomargs.py took 0.060 seconds
[2024-02-26T15:50:05.414+0000] {processor.py:161} INFO - Started process (PID=986) to work on /home/airflow/.local/lib/python3.11/site-packages/airflow/example_dags/example_xcomargs.py
[2024-02-26T15:50:05.416+0000] {processor.py:830} INFO - Processing file /home/airflow/.local/lib/python3.11/site-packages/airflow/example_dags/example_xcomargs.py for tasks to queue
[2024-02-26T15:50:05.418+0000] {logging_mixin.py:188} INFO - [2024-02-26T15:50:05.417+0000] {dagbag.py:540} INFO - Filling up the DagBag from /home/airflow/.local/lib/python3.11/site-packages/airflow/example_dags/example_xcomargs.py
[2024-02-26T15:50:05.425+0000] {processor.py:840} INFO - DAG(s) 'example_xcom_args', 'example_xcom_args_with_operators' retrieved from /home/airflow/.local/lib/python3.11/site-packages/airflow/example_dags/example_xcomargs.py
[2024-02-26T15:50:05.447+0000] {logging_mixin.py:188} INFO - [2024-02-26T15:50:05.446+0000] {dag.py:3047} INFO - Sync 2 DAGs
[2024-02-26T15:50:05.455+0000] {logging_mixin.py:188} INFO - [2024-02-26T15:50:05.455+0000] {dag.py:3834} INFO - Setting next_dagrun for example_xcom_args to None, run_after=None
[2024-02-26T15:50:05.458+0000] {logging_mixin.py:188} INFO - [2024-02-26T15:50:05.458+0000] {dag.py:3834} INFO - Setting next_dagrun for example_xcom_args_with_operators to None, run_after=None
[2024-02-26T15:50:05.469+0000] {processor.py:183} INFO - Processing /home/airflow/.local/lib/python3.11/site-packages/airflow/example_dags/example_xcomargs.py took 0.059 seconds
[2024-02-26T15:50:36.656+0000] {processor.py:161} INFO - Started process (PID=1234) to work on /home/airflow/.local/lib/python3.11/site-packages/airflow/example_dags/example_xcomargs.py
[2024-02-26T15:50:36.659+0000] {processor.py:830} INFO - Processing file /home/airflow/.local/lib/python3.11/site-packages/airflow/example_dags/example_xcomargs.py for tasks to queue
[2024-02-26T15:50:36.660+0000] {logging_mixin.py:188} INFO - [2024-02-26T15:50:36.660+0000] {dagbag.py:540} INFO - Filling up the DagBag from /home/airflow/.local/lib/python3.11/site-packages/airflow/example_dags/example_xcomargs.py
[2024-02-26T15:50:36.668+0000] {processor.py:840} INFO - DAG(s) 'example_xcom_args_with_operators', 'example_xcom_args' retrieved from /home/airflow/.local/lib/python3.11/site-packages/airflow/example_dags/example_xcomargs.py
[2024-02-26T15:50:36.695+0000] {logging_mixin.py:188} INFO - [2024-02-26T15:50:36.695+0000] {dag.py:3047} INFO - Sync 2 DAGs
[2024-02-26T15:50:36.704+0000] {logging_mixin.py:188} INFO - [2024-02-26T15:50:36.704+0000] {dag.py:3834} INFO - Setting next_dagrun for example_xcom_args to None, run_after=None
[2024-02-26T15:50:36.708+0000] {logging_mixin.py:188} INFO - [2024-02-26T15:50:36.708+0000] {dag.py:3834} INFO - Setting next_dagrun for example_xcom_args_with_operators to None, run_after=None
[2024-02-26T15:50:36.721+0000] {processor.py:183} INFO - Processing /home/airflow/.local/lib/python3.11/site-packages/airflow/example_dags/example_xcomargs.py took 0.069 seconds
[2024-02-26T15:51:07.562+0000] {processor.py:161} INFO - Started process (PID=1481) to work on /home/airflow/.local/lib/python3.11/site-packages/airflow/example_dags/example_xcomargs.py
[2024-02-26T15:51:07.564+0000] {processor.py:830} INFO - Processing file /home/airflow/.local/lib/python3.11/site-packages/airflow/example_dags/example_xcomargs.py for tasks to queue
[2024-02-26T15:51:07.566+0000] {logging_mixin.py:188} INFO - [2024-02-26T15:51:07.565+0000] {dagbag.py:540} INFO - Filling up the DagBag from /home/airflow/.local/lib/python3.11/site-packages/airflow/example_dags/example_xcomargs.py
[2024-02-26T15:51:07.573+0000] {processor.py:840} INFO - DAG(s) 'example_xcom_args', 'example_xcom_args_with_operators' retrieved from /home/airflow/.local/lib/python3.11/site-packages/airflow/example_dags/example_xcomargs.py
[2024-02-26T15:51:07.593+0000] {logging_mixin.py:188} INFO - [2024-02-26T15:51:07.593+0000] {dag.py:3047} INFO - Sync 2 DAGs
[2024-02-26T15:51:07.602+0000] {logging_mixin.py:188} INFO - [2024-02-26T15:51:07.602+0000] {dag.py:3834} INFO - Setting next_dagrun for example_xcom_args to None, run_after=None
[2024-02-26T15:51:07.606+0000] {logging_mixin.py:188} INFO - [2024-02-26T15:51:07.605+0000] {dag.py:3834} INFO - Setting next_dagrun for example_xcom_args_with_operators to None, run_after=None
[2024-02-26T15:51:07.617+0000] {processor.py:183} INFO - Processing /home/airflow/.local/lib/python3.11/site-packages/airflow/example_dags/example_xcomargs.py took 0.057 seconds
[2024-02-26T15:51:38.343+0000] {processor.py:161} INFO - Started process (PID=1726) to work on /home/airflow/.local/lib/python3.11/site-packages/airflow/example_dags/example_xcomargs.py
[2024-02-26T15:51:38.345+0000] {processor.py:830} INFO - Processing file /home/airflow/.local/lib/python3.11/site-packages/airflow/example_dags/example_xcomargs.py for tasks to queue
[2024-02-26T15:51:38.347+0000] {logging_mixin.py:188} INFO - [2024-02-26T15:51:38.347+0000] {dagbag.py:540} INFO - Filling up the DagBag from /home/airflow/.local/lib/python3.11/site-packages/airflow/example_dags/example_xcomargs.py
[2024-02-26T15:51:38.358+0000] {processor.py:840} INFO - DAG(s) 'example_xcom_args_with_operators', 'example_xcom_args' retrieved from /home/airflow/.local/lib/python3.11/site-packages/airflow/example_dags/example_xcomargs.py
[2024-02-26T15:51:38.378+0000] {logging_mixin.py:188} INFO - [2024-02-26T15:51:38.378+0000] {dag.py:3047} INFO - Sync 2 DAGs
[2024-02-26T15:51:38.387+0000] {logging_mixin.py:188} INFO - [2024-02-26T15:51:38.387+0000] {dag.py:3834} INFO - Setting next_dagrun for example_xcom_args to None, run_after=None
[2024-02-26T15:51:38.391+0000] {logging_mixin.py:188} INFO - [2024-02-26T15:51:38.390+0000] {dag.py:3834} INFO - Setting next_dagrun for example_xcom_args_with_operators to None, run_after=None
[2024-02-26T15:51:38.402+0000] {processor.py:183} INFO - Processing /home/airflow/.local/lib/python3.11/site-packages/airflow/example_dags/example_xcomargs.py took 0.062 seconds
[2024-02-26T15:52:09.113+0000] {processor.py:161} INFO - Started process (PID=2021) to work on /home/airflow/.local/lib/python3.11/site-packages/airflow/example_dags/example_xcomargs.py
[2024-02-26T15:52:09.115+0000] {processor.py:830} INFO - Processing file /home/airflow/.local/lib/python3.11/site-packages/airflow/example_dags/example_xcomargs.py for tasks to queue
[2024-02-26T15:52:09.116+0000] {logging_mixin.py:188} INFO - [2024-02-26T15:52:09.116+0000] {dagbag.py:540} INFO - Filling up the DagBag from /home/airflow/.local/lib/python3.11/site-packages/airflow/example_dags/example_xcomargs.py
[2024-02-26T15:52:09.125+0000] {processor.py:840} INFO - DAG(s) 'example_xcom_args', 'example_xcom_args_with_operators' retrieved from /home/airflow/.local/lib/python3.11/site-packages/airflow/example_dags/example_xcomargs.py
[2024-02-26T15:52:09.147+0000] {logging_mixin.py:188} INFO - [2024-02-26T15:52:09.147+0000] {dag.py:3047} INFO - Sync 2 DAGs
[2024-02-26T15:52:09.158+0000] {logging_mixin.py:188} INFO - [2024-02-26T15:52:09.158+0000] {dag.py:3834} INFO - Setting next_dagrun for example_xcom_args to None, run_after=None
[2024-02-26T15:52:09.162+0000] {logging_mixin.py:188} INFO - [2024-02-26T15:52:09.162+0000] {dag.py:3834} INFO - Setting next_dagrun for example_xcom_args_with_operators to None, run_after=None
[2024-02-26T15:52:09.173+0000] {processor.py:183} INFO - Processing /home/airflow/.local/lib/python3.11/site-packages/airflow/example_dags/example_xcomargs.py took 0.063 seconds
[2024-02-26T15:52:39.653+0000] {processor.py:161} INFO - Started process (PID=2292) to work on /home/airflow/.local/lib/python3.11/site-packages/airflow/example_dags/example_xcomargs.py
[2024-02-26T15:52:39.655+0000] {processor.py:830} INFO - Processing file /home/airflow/.local/lib/python3.11/site-packages/airflow/example_dags/example_xcomargs.py for tasks to queue
[2024-02-26T15:52:39.659+0000] {logging_mixin.py:188} INFO - [2024-02-26T15:52:39.659+0000] {dagbag.py:540} INFO - Filling up the DagBag from /home/airflow/.local/lib/python3.11/site-packages/airflow/example_dags/example_xcomargs.py
[2024-02-26T15:52:39.666+0000] {processor.py:840} INFO - DAG(s) 'example_xcom_args', 'example_xcom_args_with_operators' retrieved from /home/airflow/.local/lib/python3.11/site-packages/airflow/example_dags/example_xcomargs.py
[2024-02-26T15:52:39.688+0000] {logging_mixin.py:188} INFO - [2024-02-26T15:52:39.688+0000] {dag.py:3047} INFO - Sync 2 DAGs
[2024-02-26T15:52:39.697+0000] {logging_mixin.py:188} INFO - [2024-02-26T15:52:39.697+0000] {dag.py:3834} INFO - Setting next_dagrun for example_xcom_args to None, run_after=None
[2024-02-26T15:52:39.701+0000] {logging_mixin.py:188} INFO - [2024-02-26T15:52:39.700+0000] {dag.py:3834} INFO - Setting next_dagrun for example_xcom_args_with_operators to None, run_after=None
[2024-02-26T15:52:39.711+0000] {processor.py:183} INFO - Processing /home/airflow/.local/lib/python3.11/site-packages/airflow/example_dags/example_xcomargs.py took 0.061 seconds
[2024-02-26T15:53:10.470+0000] {processor.py:161} INFO - Started process (PID=2539) to work on /home/airflow/.local/lib/python3.11/site-packages/airflow/example_dags/example_xcomargs.py
[2024-02-26T15:53:10.473+0000] {processor.py:830} INFO - Processing file /home/airflow/.local/lib/python3.11/site-packages/airflow/example_dags/example_xcomargs.py for tasks to queue
[2024-02-26T15:53:10.474+0000] {logging_mixin.py:188} INFO - [2024-02-26T15:53:10.474+0000] {dagbag.py:540} INFO - Filling up the DagBag from /home/airflow/.local/lib/python3.11/site-packages/airflow/example_dags/example_xcomargs.py
[2024-02-26T15:53:10.483+0000] {processor.py:840} INFO - DAG(s) 'example_xcom_args_with_operators', 'example_xcom_args' retrieved from /home/airflow/.local/lib/python3.11/site-packages/airflow/example_dags/example_xcomargs.py
[2024-02-26T15:53:10.506+0000] {logging_mixin.py:188} INFO - [2024-02-26T15:53:10.505+0000] {dag.py:3047} INFO - Sync 2 DAGs
[2024-02-26T15:53:10.514+0000] {logging_mixin.py:188} INFO - [2024-02-26T15:53:10.514+0000] {dag.py:3834} INFO - Setting next_dagrun for example_xcom_args to None, run_after=None
[2024-02-26T15:53:10.518+0000] {logging_mixin.py:188} INFO - [2024-02-26T15:53:10.517+0000] {dag.py:3834} INFO - Setting next_dagrun for example_xcom_args_with_operators to None, run_after=None
[2024-02-26T15:53:10.528+0000] {processor.py:183} INFO - Processing /home/airflow/.local/lib/python3.11/site-packages/airflow/example_dags/example_xcomargs.py took 0.062 seconds
[2024-02-26T15:53:41.284+0000] {processor.py:161} INFO - Started process (PID=2786) to work on /home/airflow/.local/lib/python3.11/site-packages/airflow/example_dags/example_xcomargs.py
[2024-02-26T15:53:41.285+0000] {processor.py:830} INFO - Processing file /home/airflow/.local/lib/python3.11/site-packages/airflow/example_dags/example_xcomargs.py for tasks to queue
[2024-02-26T15:53:41.286+0000] {logging_mixin.py:188} INFO - [2024-02-26T15:53:41.286+0000] {dagbag.py:540} INFO - Filling up the DagBag from /home/airflow/.local/lib/python3.11/site-packages/airflow/example_dags/example_xcomargs.py
[2024-02-26T15:53:41.294+0000] {processor.py:840} INFO - DAG(s) 'example_xcom_args', 'example_xcom_args_with_operators' retrieved from /home/airflow/.local/lib/python3.11/site-packages/airflow/example_dags/example_xcomargs.py
[2024-02-26T15:53:41.316+0000] {logging_mixin.py:188} INFO - [2024-02-26T15:53:41.315+0000] {dag.py:3047} INFO - Sync 2 DAGs
[2024-02-26T15:53:41.326+0000] {logging_mixin.py:188} INFO - [2024-02-26T15:53:41.325+0000] {dag.py:3834} INFO - Setting next_dagrun for example_xcom_args to None, run_after=None
[2024-02-26T15:53:41.329+0000] {logging_mixin.py:188} INFO - [2024-02-26T15:53:41.329+0000] {dag.py:3834} INFO - Setting next_dagrun for example_xcom_args_with_operators to None, run_after=None
[2024-02-26T15:53:41.340+0000] {processor.py:183} INFO - Processing /home/airflow/.local/lib/python3.11/site-packages/airflow/example_dags/example_xcomargs.py took 0.059 seconds
[2024-02-26T15:54:12.049+0000] {processor.py:161} INFO - Started process (PID=3033) to work on /home/airflow/.local/lib/python3.11/site-packages/airflow/example_dags/example_xcomargs.py
[2024-02-26T15:54:12.051+0000] {processor.py:830} INFO - Processing file /home/airflow/.local/lib/python3.11/site-packages/airflow/example_dags/example_xcomargs.py for tasks to queue
[2024-02-26T15:54:12.052+0000] {logging_mixin.py:188} INFO - [2024-02-26T15:54:12.052+0000] {dagbag.py:540} INFO - Filling up the DagBag from /home/airflow/.local/lib/python3.11/site-packages/airflow/example_dags/example_xcomargs.py
[2024-02-26T15:54:12.059+0000] {processor.py:840} INFO - DAG(s) 'example_xcom_args', 'example_xcom_args_with_operators' retrieved from /home/airflow/.local/lib/python3.11/site-packages/airflow/example_dags/example_xcomargs.py
[2024-02-26T15:54:12.081+0000] {logging_mixin.py:188} INFO - [2024-02-26T15:54:12.081+0000] {dag.py:3047} INFO - Sync 2 DAGs
[2024-02-26T15:54:12.090+0000] {logging_mixin.py:188} INFO - [2024-02-26T15:54:12.090+0000] {dag.py:3834} INFO - Setting next_dagrun for example_xcom_args to None, run_after=None
[2024-02-26T15:54:12.093+0000] {logging_mixin.py:188} INFO - [2024-02-26T15:54:12.093+0000] {dag.py:3834} INFO - Setting next_dagrun for example_xcom_args_with_operators to None, run_after=None
[2024-02-26T15:54:12.105+0000] {processor.py:183} INFO - Processing /home/airflow/.local/lib/python3.11/site-packages/airflow/example_dags/example_xcomargs.py took 0.059 seconds
[2024-02-26T15:54:42.912+0000] {processor.py:161} INFO - Started process (PID=3282) to work on /home/airflow/.local/lib/python3.11/site-packages/airflow/example_dags/example_xcomargs.py
[2024-02-26T15:54:42.915+0000] {processor.py:830} INFO - Processing file /home/airflow/.local/lib/python3.11/site-packages/airflow/example_dags/example_xcomargs.py for tasks to queue
[2024-02-26T15:54:42.917+0000] {logging_mixin.py:188} INFO - [2024-02-26T15:54:42.916+0000] {dagbag.py:540} INFO - Filling up the DagBag from /home/airflow/.local/lib/python3.11/site-packages/airflow/example_dags/example_xcomargs.py
[2024-02-26T15:54:42.924+0000] {processor.py:840} INFO - DAG(s) 'example_xcom_args_with_operators', 'example_xcom_args' retrieved from /home/airflow/.local/lib/python3.11/site-packages/airflow/example_dags/example_xcomargs.py
[2024-02-26T15:54:42.944+0000] {logging_mixin.py:188} INFO - [2024-02-26T15:54:42.944+0000] {dag.py:3047} INFO - Sync 2 DAGs
[2024-02-26T15:54:42.954+0000] {logging_mixin.py:188} INFO - [2024-02-26T15:54:42.954+0000] {dag.py:3834} INFO - Setting next_dagrun for example_xcom_args to None, run_after=None
[2024-02-26T15:54:42.958+0000] {logging_mixin.py:188} INFO - [2024-02-26T15:54:42.957+0000] {dag.py:3834} INFO - Setting next_dagrun for example_xcom_args_with_operators to None, run_after=None
[2024-02-26T15:54:42.968+0000] {processor.py:183} INFO - Processing /home/airflow/.local/lib/python3.11/site-packages/airflow/example_dags/example_xcomargs.py took 0.061 seconds
[2024-02-26T15:55:13.765+0000] {processor.py:161} INFO - Started process (PID=3526) to work on /home/airflow/.local/lib/python3.11/site-packages/airflow/example_dags/example_xcomargs.py
[2024-02-26T15:55:13.767+0000] {processor.py:830} INFO - Processing file /home/airflow/.local/lib/python3.11/site-packages/airflow/example_dags/example_xcomargs.py for tasks to queue
[2024-02-26T15:55:13.769+0000] {logging_mixin.py:188} INFO - [2024-02-26T15:55:13.769+0000] {dagbag.py:540} INFO - Filling up the DagBag from /home/airflow/.local/lib/python3.11/site-packages/airflow/example_dags/example_xcomargs.py
[2024-02-26T15:55:13.781+0000] {processor.py:840} INFO - DAG(s) 'example_xcom_args', 'example_xcom_args_with_operators' retrieved from /home/airflow/.local/lib/python3.11/site-packages/airflow/example_dags/example_xcomargs.py
[2024-02-26T15:55:13.802+0000] {logging_mixin.py:188} INFO - [2024-02-26T15:55:13.802+0000] {dag.py:3047} INFO - Sync 2 DAGs
[2024-02-26T15:55:13.816+0000] {logging_mixin.py:188} INFO - [2024-02-26T15:55:13.815+0000] {dag.py:3834} INFO - Setting next_dagrun for example_xcom_args to None, run_after=None
[2024-02-26T15:55:13.819+0000] {logging_mixin.py:188} INFO - [2024-02-26T15:55:13.818+0000] {dag.py:3834} INFO - Setting next_dagrun for example_xcom_args_with_operators to None, run_after=None
[2024-02-26T15:55:13.828+0000] {processor.py:183} INFO - Processing /home/airflow/.local/lib/python3.11/site-packages/airflow/example_dags/example_xcomargs.py took 0.066 seconds
[2024-02-26T15:55:44.829+0000] {processor.py:161} INFO - Started process (PID=3773) to work on /home/airflow/.local/lib/python3.11/site-packages/airflow/example_dags/example_xcomargs.py
[2024-02-26T15:55:44.831+0000] {processor.py:830} INFO - Processing file /home/airflow/.local/lib/python3.11/site-packages/airflow/example_dags/example_xcomargs.py for tasks to queue
[2024-02-26T15:55:44.832+0000] {logging_mixin.py:188} INFO - [2024-02-26T15:55:44.832+0000] {dagbag.py:540} INFO - Filling up the DagBag from /home/airflow/.local/lib/python3.11/site-packages/airflow/example_dags/example_xcomargs.py
[2024-02-26T15:55:44.840+0000] {processor.py:840} INFO - DAG(s) 'example_xcom_args', 'example_xcom_args_with_operators' retrieved from /home/airflow/.local/lib/python3.11/site-packages/airflow/example_dags/example_xcomargs.py
[2024-02-26T15:55:44.861+0000] {logging_mixin.py:188} INFO - [2024-02-26T15:55:44.861+0000] {dag.py:3047} INFO - Sync 2 DAGs
[2024-02-26T15:55:44.869+0000] {logging_mixin.py:188} INFO - [2024-02-26T15:55:44.869+0000] {dag.py:3834} INFO - Setting next_dagrun for example_xcom_args to None, run_after=None
[2024-02-26T15:55:44.872+0000] {logging_mixin.py:188} INFO - [2024-02-26T15:55:44.872+0000] {dag.py:3834} INFO - Setting next_dagrun for example_xcom_args_with_operators to None, run_after=None
[2024-02-26T15:55:44.883+0000] {processor.py:183} INFO - Processing /home/airflow/.local/lib/python3.11/site-packages/airflow/example_dags/example_xcomargs.py took 0.057 seconds
[2024-02-26T15:56:15.132+0000] {processor.py:161} INFO - Started process (PID=4020) to work on /home/airflow/.local/lib/python3.11/site-packages/airflow/example_dags/example_xcomargs.py
[2024-02-26T15:56:15.134+0000] {processor.py:830} INFO - Processing file /home/airflow/.local/lib/python3.11/site-packages/airflow/example_dags/example_xcomargs.py for tasks to queue
[2024-02-26T15:56:15.139+0000] {logging_mixin.py:188} INFO - [2024-02-26T15:56:15.138+0000] {dagbag.py:540} INFO - Filling up the DagBag from /home/airflow/.local/lib/python3.11/site-packages/airflow/example_dags/example_xcomargs.py
[2024-02-26T15:56:15.146+0000] {processor.py:840} INFO - DAG(s) 'example_xcom_args', 'example_xcom_args_with_operators' retrieved from /home/airflow/.local/lib/python3.11/site-packages/airflow/example_dags/example_xcomargs.py
[2024-02-26T15:56:15.169+0000] {logging_mixin.py:188} INFO - [2024-02-26T15:56:15.169+0000] {dag.py:3047} INFO - Sync 2 DAGs
[2024-02-26T15:56:15.179+0000] {logging_mixin.py:188} INFO - [2024-02-26T15:56:15.178+0000] {dag.py:3834} INFO - Setting next_dagrun for example_xcom_args to None, run_after=None
[2024-02-26T15:56:15.182+0000] {logging_mixin.py:188} INFO - [2024-02-26T15:56:15.182+0000] {dag.py:3834} INFO - Setting next_dagrun for example_xcom_args_with_operators to None, run_after=None
[2024-02-26T15:56:15.192+0000] {processor.py:183} INFO - Processing /home/airflow/.local/lib/python3.11/site-packages/airflow/example_dags/example_xcomargs.py took 0.063 seconds
[2024-02-26T15:56:45.530+0000] {processor.py:161} INFO - Started process (PID=4270) to work on /home/airflow/.local/lib/python3.11/site-packages/airflow/example_dags/example_xcomargs.py
[2024-02-26T15:56:45.536+0000] {processor.py:830} INFO - Processing file /home/airflow/.local/lib/python3.11/site-packages/airflow/example_dags/example_xcomargs.py for tasks to queue
[2024-02-26T15:56:45.539+0000] {logging_mixin.py:188} INFO - [2024-02-26T15:56:45.539+0000] {dagbag.py:540} INFO - Filling up the DagBag from /home/airflow/.local/lib/python3.11/site-packages/airflow/example_dags/example_xcomargs.py
[2024-02-26T15:56:45.549+0000] {processor.py:840} INFO - DAG(s) 'example_xcom_args_with_operators', 'example_xcom_args' retrieved from /home/airflow/.local/lib/python3.11/site-packages/airflow/example_dags/example_xcomargs.py
[2024-02-26T15:56:45.576+0000] {logging_mixin.py:188} INFO - [2024-02-26T15:56:45.576+0000] {dag.py:3047} INFO - Sync 2 DAGs
[2024-02-26T15:56:45.587+0000] {logging_mixin.py:188} INFO - [2024-02-26T15:56:45.586+0000] {dag.py:3834} INFO - Setting next_dagrun for example_xcom_args to None, run_after=None
[2024-02-26T15:56:45.590+0000] {logging_mixin.py:188} INFO - [2024-02-26T15:56:45.590+0000] {dag.py:3834} INFO - Setting next_dagrun for example_xcom_args_with_operators to None, run_after=None
[2024-02-26T15:56:45.602+0000] {processor.py:183} INFO - Processing /home/airflow/.local/lib/python3.11/site-packages/airflow/example_dags/example_xcomargs.py took 0.076 seconds
[2024-02-26T15:57:15.869+0000] {processor.py:161} INFO - Started process (PID=4517) to work on /home/airflow/.local/lib/python3.11/site-packages/airflow/example_dags/example_xcomargs.py
[2024-02-26T15:57:15.872+0000] {processor.py:830} INFO - Processing file /home/airflow/.local/lib/python3.11/site-packages/airflow/example_dags/example_xcomargs.py for tasks to queue
[2024-02-26T15:57:15.873+0000] {logging_mixin.py:188} INFO - [2024-02-26T15:57:15.873+0000] {dagbag.py:540} INFO - Filling up the DagBag from /home/airflow/.local/lib/python3.11/site-packages/airflow/example_dags/example_xcomargs.py
[2024-02-26T15:57:15.880+0000] {processor.py:840} INFO - DAG(s) 'example_xcom_args', 'example_xcom_args_with_operators' retrieved from /home/airflow/.local/lib/python3.11/site-packages/airflow/example_dags/example_xcomargs.py
[2024-02-26T15:57:15.905+0000] {logging_mixin.py:188} INFO - [2024-02-26T15:57:15.905+0000] {dag.py:3047} INFO - Sync 2 DAGs
[2024-02-26T15:57:15.914+0000] {logging_mixin.py:188} INFO - [2024-02-26T15:57:15.914+0000] {dag.py:3834} INFO - Setting next_dagrun for example_xcom_args to None, run_after=None
[2024-02-26T15:57:15.918+0000] {logging_mixin.py:188} INFO - [2024-02-26T15:57:15.918+0000] {dag.py:3834} INFO - Setting next_dagrun for example_xcom_args_with_operators to None, run_after=None
[2024-02-26T15:57:15.931+0000] {processor.py:183} INFO - Processing /home/airflow/.local/lib/python3.11/site-packages/airflow/example_dags/example_xcomargs.py took 0.064 seconds
[2024-02-26T15:57:46.137+0000] {processor.py:161} INFO - Started process (PID=4764) to work on /home/airflow/.local/lib/python3.11/site-packages/airflow/example_dags/example_xcomargs.py
[2024-02-26T15:57:46.140+0000] {processor.py:830} INFO - Processing file /home/airflow/.local/lib/python3.11/site-packages/airflow/example_dags/example_xcomargs.py for tasks to queue
[2024-02-26T15:57:46.142+0000] {logging_mixin.py:188} INFO - [2024-02-26T15:57:46.142+0000] {dagbag.py:540} INFO - Filling up the DagBag from /home/airflow/.local/lib/python3.11/site-packages/airflow/example_dags/example_xcomargs.py
[2024-02-26T15:57:46.153+0000] {processor.py:840} INFO - DAG(s) 'example_xcom_args', 'example_xcom_args_with_operators' retrieved from /home/airflow/.local/lib/python3.11/site-packages/airflow/example_dags/example_xcomargs.py
[2024-02-26T15:57:46.176+0000] {logging_mixin.py:188} INFO - [2024-02-26T15:57:46.176+0000] {dag.py:3047} INFO - Sync 2 DAGs
[2024-02-26T15:57:46.187+0000] {logging_mixin.py:188} INFO - [2024-02-26T15:57:46.187+0000] {dag.py:3834} INFO - Setting next_dagrun for example_xcom_args to None, run_after=None
[2024-02-26T15:57:46.191+0000] {logging_mixin.py:188} INFO - [2024-02-26T15:57:46.191+0000] {dag.py:3834} INFO - Setting next_dagrun for example_xcom_args_with_operators to None, run_after=None
[2024-02-26T15:57:46.202+0000] {processor.py:183} INFO - Processing /home/airflow/.local/lib/python3.11/site-packages/airflow/example_dags/example_xcomargs.py took 0.069 seconds
[2024-02-26T15:58:16.304+0000] {processor.py:161} INFO - Started process (PID=5009) to work on /home/airflow/.local/lib/python3.11/site-packages/airflow/example_dags/example_xcomargs.py
[2024-02-26T15:58:16.308+0000] {processor.py:830} INFO - Processing file /home/airflow/.local/lib/python3.11/site-packages/airflow/example_dags/example_xcomargs.py for tasks to queue
[2024-02-26T15:58:16.312+0000] {logging_mixin.py:188} INFO - [2024-02-26T15:58:16.312+0000] {dagbag.py:540} INFO - Filling up the DagBag from /home/airflow/.local/lib/python3.11/site-packages/airflow/example_dags/example_xcomargs.py
[2024-02-26T15:58:16.320+0000] {processor.py:840} INFO - DAG(s) 'example_xcom_args_with_operators', 'example_xcom_args' retrieved from /home/airflow/.local/lib/python3.11/site-packages/airflow/example_dags/example_xcomargs.py
[2024-02-26T15:58:16.343+0000] {logging_mixin.py:188} INFO - [2024-02-26T15:58:16.343+0000] {dag.py:3047} INFO - Sync 2 DAGs
[2024-02-26T15:58:16.358+0000] {logging_mixin.py:188} INFO - [2024-02-26T15:58:16.358+0000] {dag.py:3834} INFO - Setting next_dagrun for example_xcom_args to None, run_after=None
[2024-02-26T15:58:16.362+0000] {logging_mixin.py:188} INFO - [2024-02-26T15:58:16.362+0000] {dag.py:3834} INFO - Setting next_dagrun for example_xcom_args_with_operators to None, run_after=None
[2024-02-26T15:58:16.381+0000] {processor.py:183} INFO - Processing /home/airflow/.local/lib/python3.11/site-packages/airflow/example_dags/example_xcomargs.py took 0.080 seconds
[2024-02-26T15:58:46.733+0000] {processor.py:161} INFO - Started process (PID=5259) to work on /home/airflow/.local/lib/python3.11/site-packages/airflow/example_dags/example_xcomargs.py
[2024-02-26T15:58:46.735+0000] {processor.py:830} INFO - Processing file /home/airflow/.local/lib/python3.11/site-packages/airflow/example_dags/example_xcomargs.py for tasks to queue
[2024-02-26T15:58:46.737+0000] {logging_mixin.py:188} INFO - [2024-02-26T15:58:46.736+0000] {dagbag.py:540} INFO - Filling up the DagBag from /home/airflow/.local/lib/python3.11/site-packages/airflow/example_dags/example_xcomargs.py
[2024-02-26T15:58:46.744+0000] {processor.py:840} INFO - DAG(s) 'example_xcom_args', 'example_xcom_args_with_operators' retrieved from /home/airflow/.local/lib/python3.11/site-packages/airflow/example_dags/example_xcomargs.py
[2024-02-26T15:58:46.765+0000] {logging_mixin.py:188} INFO - [2024-02-26T15:58:46.765+0000] {dag.py:3047} INFO - Sync 2 DAGs
[2024-02-26T15:58:46.774+0000] {logging_mixin.py:188} INFO - [2024-02-26T15:58:46.774+0000] {dag.py:3834} INFO - Setting next_dagrun for example_xcom_args to None, run_after=None
[2024-02-26T15:58:46.778+0000] {logging_mixin.py:188} INFO - [2024-02-26T15:58:46.778+0000] {dag.py:3834} INFO - Setting next_dagrun for example_xcom_args_with_operators to None, run_after=None
[2024-02-26T15:58:46.789+0000] {processor.py:183} INFO - Processing /home/airflow/.local/lib/python3.11/site-packages/airflow/example_dags/example_xcomargs.py took 0.059 seconds
[2024-02-26T15:59:16.883+0000] {processor.py:161} INFO - Started process (PID=5507) to work on /home/airflow/.local/lib/python3.11/site-packages/airflow/example_dags/example_xcomargs.py
[2024-02-26T15:59:16.884+0000] {processor.py:830} INFO - Processing file /home/airflow/.local/lib/python3.11/site-packages/airflow/example_dags/example_xcomargs.py for tasks to queue
[2024-02-26T15:59:16.886+0000] {logging_mixin.py:188} INFO - [2024-02-26T15:59:16.885+0000] {dagbag.py:540} INFO - Filling up the DagBag from /home/airflow/.local/lib/python3.11/site-packages/airflow/example_dags/example_xcomargs.py
[2024-02-26T15:59:16.892+0000] {processor.py:840} INFO - DAG(s) 'example_xcom_args_with_operators', 'example_xcom_args' retrieved from /home/airflow/.local/lib/python3.11/site-packages/airflow/example_dags/example_xcomargs.py
[2024-02-26T15:59:16.914+0000] {logging_mixin.py:188} INFO - [2024-02-26T15:59:16.914+0000] {dag.py:3047} INFO - Sync 2 DAGs
[2024-02-26T15:59:16.923+0000] {logging_mixin.py:188} INFO - [2024-02-26T15:59:16.923+0000] {dag.py:3834} INFO - Setting next_dagrun for example_xcom_args to None, run_after=None
[2024-02-26T15:59:16.926+0000] {logging_mixin.py:188} INFO - [2024-02-26T15:59:16.926+0000] {dag.py:3834} INFO - Setting next_dagrun for example_xcom_args_with_operators to None, run_after=None
[2024-02-26T15:59:16.936+0000] {processor.py:183} INFO - Processing /home/airflow/.local/lib/python3.11/site-packages/airflow/example_dags/example_xcomargs.py took 0.057 seconds
[2024-02-26T15:59:47.007+0000] {processor.py:161} INFO - Started process (PID=5752) to work on /home/airflow/.local/lib/python3.11/site-packages/airflow/example_dags/example_xcomargs.py
[2024-02-26T15:59:47.008+0000] {processor.py:830} INFO - Processing file /home/airflow/.local/lib/python3.11/site-packages/airflow/example_dags/example_xcomargs.py for tasks to queue
[2024-02-26T15:59:47.010+0000] {logging_mixin.py:188} INFO - [2024-02-26T15:59:47.009+0000] {dagbag.py:540} INFO - Filling up the DagBag from /home/airflow/.local/lib/python3.11/site-packages/airflow/example_dags/example_xcomargs.py
[2024-02-26T15:59:47.017+0000] {processor.py:840} INFO - DAG(s) 'example_xcom_args', 'example_xcom_args_with_operators' retrieved from /home/airflow/.local/lib/python3.11/site-packages/airflow/example_dags/example_xcomargs.py
[2024-02-26T15:59:47.036+0000] {logging_mixin.py:188} INFO - [2024-02-26T15:59:47.036+0000] {dag.py:3047} INFO - Sync 2 DAGs
[2024-02-26T15:59:47.045+0000] {logging_mixin.py:188} INFO - [2024-02-26T15:59:47.044+0000] {dag.py:3834} INFO - Setting next_dagrun for example_xcom_args to None, run_after=None
[2024-02-26T15:59:47.047+0000] {logging_mixin.py:188} INFO - [2024-02-26T15:59:47.047+0000] {dag.py:3834} INFO - Setting next_dagrun for example_xcom_args_with_operators to None, run_after=None
[2024-02-26T15:59:47.057+0000] {processor.py:183} INFO - Processing /home/airflow/.local/lib/python3.11/site-packages/airflow/example_dags/example_xcomargs.py took 0.053 seconds
[2024-02-26T16:00:17.927+0000] {processor.py:161} INFO - Started process (PID=6001) to work on /home/airflow/.local/lib/python3.11/site-packages/airflow/example_dags/example_xcomargs.py
[2024-02-26T16:00:17.928+0000] {processor.py:830} INFO - Processing file /home/airflow/.local/lib/python3.11/site-packages/airflow/example_dags/example_xcomargs.py for tasks to queue
[2024-02-26T16:00:17.930+0000] {logging_mixin.py:188} INFO - [2024-02-26T16:00:17.929+0000] {dagbag.py:540} INFO - Filling up the DagBag from /home/airflow/.local/lib/python3.11/site-packages/airflow/example_dags/example_xcomargs.py
[2024-02-26T16:00:17.939+0000] {processor.py:840} INFO - DAG(s) 'example_xcom_args', 'example_xcom_args_with_operators' retrieved from /home/airflow/.local/lib/python3.11/site-packages/airflow/example_dags/example_xcomargs.py
[2024-02-26T16:00:17.961+0000] {logging_mixin.py:188} INFO - [2024-02-26T16:00:17.961+0000] {dag.py:3047} INFO - Sync 2 DAGs
[2024-02-26T16:00:17.970+0000] {logging_mixin.py:188} INFO - [2024-02-26T16:00:17.969+0000] {dag.py:3834} INFO - Setting next_dagrun for example_xcom_args to None, run_after=None
[2024-02-26T16:00:17.973+0000] {logging_mixin.py:188} INFO - [2024-02-26T16:00:17.973+0000] {dag.py:3834} INFO - Setting next_dagrun for example_xcom_args_with_operators to None, run_after=None
[2024-02-26T16:00:17.983+0000] {processor.py:183} INFO - Processing /home/airflow/.local/lib/python3.11/site-packages/airflow/example_dags/example_xcomargs.py took 0.059 seconds
[2024-02-26T16:00:48.773+0000] {processor.py:161} INFO - Started process (PID=6247) to work on /home/airflow/.local/lib/python3.11/site-packages/airflow/example_dags/example_xcomargs.py
[2024-02-26T16:00:48.777+0000] {processor.py:830} INFO - Processing file /home/airflow/.local/lib/python3.11/site-packages/airflow/example_dags/example_xcomargs.py for tasks to queue
[2024-02-26T16:00:48.779+0000] {logging_mixin.py:188} INFO - [2024-02-26T16:00:48.778+0000] {dagbag.py:540} INFO - Filling up the DagBag from /home/airflow/.local/lib/python3.11/site-packages/airflow/example_dags/example_xcomargs.py
[2024-02-26T16:00:48.786+0000] {processor.py:840} INFO - DAG(s) 'example_xcom_args', 'example_xcom_args_with_operators' retrieved from /home/airflow/.local/lib/python3.11/site-packages/airflow/example_dags/example_xcomargs.py
[2024-02-26T16:00:48.807+0000] {logging_mixin.py:188} INFO - [2024-02-26T16:00:48.807+0000] {dag.py:3047} INFO - Sync 2 DAGs
[2024-02-26T16:00:48.816+0000] {logging_mixin.py:188} INFO - [2024-02-26T16:00:48.816+0000] {dag.py:3834} INFO - Setting next_dagrun for example_xcom_args to None, run_after=None
[2024-02-26T16:00:48.819+0000] {logging_mixin.py:188} INFO - [2024-02-26T16:00:48.819+0000] {dag.py:3834} INFO - Setting next_dagrun for example_xcom_args_with_operators to None, run_after=None
[2024-02-26T16:00:48.829+0000] {processor.py:183} INFO - Processing /home/airflow/.local/lib/python3.11/site-packages/airflow/example_dags/example_xcomargs.py took 0.059 seconds
[2024-02-26T16:01:19.484+0000] {processor.py:161} INFO - Started process (PID=6492) to work on /home/airflow/.local/lib/python3.11/site-packages/airflow/example_dags/example_xcomargs.py
[2024-02-26T16:01:19.486+0000] {processor.py:830} INFO - Processing file /home/airflow/.local/lib/python3.11/site-packages/airflow/example_dags/example_xcomargs.py for tasks to queue
[2024-02-26T16:01:19.488+0000] {logging_mixin.py:188} INFO - [2024-02-26T16:01:19.487+0000] {dagbag.py:540} INFO - Filling up the DagBag from /home/airflow/.local/lib/python3.11/site-packages/airflow/example_dags/example_xcomargs.py
[2024-02-26T16:01:19.495+0000] {processor.py:840} INFO - DAG(s) 'example_xcom_args', 'example_xcom_args_with_operators' retrieved from /home/airflow/.local/lib/python3.11/site-packages/airflow/example_dags/example_xcomargs.py
[2024-02-26T16:01:19.519+0000] {logging_mixin.py:188} INFO - [2024-02-26T16:01:19.518+0000] {dag.py:3047} INFO - Sync 2 DAGs
[2024-02-26T16:01:19.529+0000] {logging_mixin.py:188} INFO - [2024-02-26T16:01:19.529+0000] {dag.py:3834} INFO - Setting next_dagrun for example_xcom_args to None, run_after=None
[2024-02-26T16:01:19.534+0000] {logging_mixin.py:188} INFO - [2024-02-26T16:01:19.534+0000] {dag.py:3834} INFO - Setting next_dagrun for example_xcom_args_with_operators to None, run_after=None
[2024-02-26T16:01:19.545+0000] {processor.py:183} INFO - Processing /home/airflow/.local/lib/python3.11/site-packages/airflow/example_dags/example_xcomargs.py took 0.064 seconds
[2024-02-26T16:01:49.716+0000] {processor.py:161} INFO - Started process (PID=6741) to work on /home/airflow/.local/lib/python3.11/site-packages/airflow/example_dags/example_xcomargs.py
[2024-02-26T16:01:49.718+0000] {processor.py:830} INFO - Processing file /home/airflow/.local/lib/python3.11/site-packages/airflow/example_dags/example_xcomargs.py for tasks to queue
[2024-02-26T16:01:49.719+0000] {logging_mixin.py:188} INFO - [2024-02-26T16:01:49.719+0000] {dagbag.py:540} INFO - Filling up the DagBag from /home/airflow/.local/lib/python3.11/site-packages/airflow/example_dags/example_xcomargs.py
[2024-02-26T16:01:49.727+0000] {processor.py:840} INFO - DAG(s) 'example_xcom_args', 'example_xcom_args_with_operators' retrieved from /home/airflow/.local/lib/python3.11/site-packages/airflow/example_dags/example_xcomargs.py
[2024-02-26T16:01:49.748+0000] {logging_mixin.py:188} INFO - [2024-02-26T16:01:49.747+0000] {dag.py:3047} INFO - Sync 2 DAGs
[2024-02-26T16:01:49.756+0000] {logging_mixin.py:188} INFO - [2024-02-26T16:01:49.756+0000] {dag.py:3834} INFO - Setting next_dagrun for example_xcom_args to None, run_after=None
[2024-02-26T16:01:49.760+0000] {logging_mixin.py:188} INFO - [2024-02-26T16:01:49.759+0000] {dag.py:3834} INFO - Setting next_dagrun for example_xcom_args_with_operators to None, run_after=None
[2024-02-26T16:01:49.769+0000] {processor.py:183} INFO - Processing /home/airflow/.local/lib/python3.11/site-packages/airflow/example_dags/example_xcomargs.py took 0.056 seconds
[2024-02-26T16:02:20.829+0000] {processor.py:161} INFO - Started process (PID=6988) to work on /home/airflow/.local/lib/python3.11/site-packages/airflow/example_dags/example_xcomargs.py
[2024-02-26T16:02:20.831+0000] {processor.py:830} INFO - Processing file /home/airflow/.local/lib/python3.11/site-packages/airflow/example_dags/example_xcomargs.py for tasks to queue
[2024-02-26T16:02:20.834+0000] {logging_mixin.py:188} INFO - [2024-02-26T16:02:20.833+0000] {dagbag.py:540} INFO - Filling up the DagBag from /home/airflow/.local/lib/python3.11/site-packages/airflow/example_dags/example_xcomargs.py
[2024-02-26T16:02:20.845+0000] {processor.py:840} INFO - DAG(s) 'example_xcom_args_with_operators', 'example_xcom_args' retrieved from /home/airflow/.local/lib/python3.11/site-packages/airflow/example_dags/example_xcomargs.py
[2024-02-26T16:02:20.868+0000] {logging_mixin.py:188} INFO - [2024-02-26T16:02:20.868+0000] {dag.py:3047} INFO - Sync 2 DAGs
[2024-02-26T16:02:20.878+0000] {logging_mixin.py:188} INFO - [2024-02-26T16:02:20.878+0000] {dag.py:3834} INFO - Setting next_dagrun for example_xcom_args to None, run_after=None
[2024-02-26T16:02:20.882+0000] {logging_mixin.py:188} INFO - [2024-02-26T16:02:20.882+0000] {dag.py:3834} INFO - Setting next_dagrun for example_xcom_args_with_operators to None, run_after=None
[2024-02-26T16:02:20.893+0000] {processor.py:183} INFO - Processing /home/airflow/.local/lib/python3.11/site-packages/airflow/example_dags/example_xcomargs.py took 0.067 seconds
[2024-02-26T16:02:51.031+0000] {processor.py:161} INFO - Started process (PID=7235) to work on /home/airflow/.local/lib/python3.11/site-packages/airflow/example_dags/example_xcomargs.py
[2024-02-26T16:02:51.033+0000] {processor.py:830} INFO - Processing file /home/airflow/.local/lib/python3.11/site-packages/airflow/example_dags/example_xcomargs.py for tasks to queue
[2024-02-26T16:02:51.035+0000] {logging_mixin.py:188} INFO - [2024-02-26T16:02:51.035+0000] {dagbag.py:540} INFO - Filling up the DagBag from /home/airflow/.local/lib/python3.11/site-packages/airflow/example_dags/example_xcomargs.py
[2024-02-26T16:02:51.045+0000] {processor.py:840} INFO - DAG(s) 'example_xcom_args_with_operators', 'example_xcom_args' retrieved from /home/airflow/.local/lib/python3.11/site-packages/airflow/example_dags/example_xcomargs.py
[2024-02-26T16:02:51.071+0000] {logging_mixin.py:188} INFO - [2024-02-26T16:02:51.071+0000] {dag.py:3047} INFO - Sync 2 DAGs
[2024-02-26T16:02:51.083+0000] {logging_mixin.py:188} INFO - [2024-02-26T16:02:51.083+0000] {dag.py:3834} INFO - Setting next_dagrun for example_xcom_args to None, run_after=None
[2024-02-26T16:02:51.086+0000] {logging_mixin.py:188} INFO - [2024-02-26T16:02:51.086+0000] {dag.py:3834} INFO - Setting next_dagrun for example_xcom_args_with_operators to None, run_after=None
[2024-02-26T16:02:51.098+0000] {processor.py:183} INFO - Processing /home/airflow/.local/lib/python3.11/site-packages/airflow/example_dags/example_xcomargs.py took 0.070 seconds
[2024-02-26T16:03:21.193+0000] {processor.py:161} INFO - Started process (PID=7480) to work on /home/airflow/.local/lib/python3.11/site-packages/airflow/example_dags/example_xcomargs.py
[2024-02-26T16:03:21.196+0000] {processor.py:830} INFO - Processing file /home/airflow/.local/lib/python3.11/site-packages/airflow/example_dags/example_xcomargs.py for tasks to queue
[2024-02-26T16:03:21.197+0000] {logging_mixin.py:188} INFO - [2024-02-26T16:03:21.197+0000] {dagbag.py:540} INFO - Filling up the DagBag from /home/airflow/.local/lib/python3.11/site-packages/airflow/example_dags/example_xcomargs.py
[2024-02-26T16:03:21.207+0000] {processor.py:840} INFO - DAG(s) 'example_xcom_args', 'example_xcom_args_with_operators' retrieved from /home/airflow/.local/lib/python3.11/site-packages/airflow/example_dags/example_xcomargs.py
[2024-02-26T16:03:21.231+0000] {logging_mixin.py:188} INFO - [2024-02-26T16:03:21.230+0000] {dag.py:3047} INFO - Sync 2 DAGs
[2024-02-26T16:03:21.242+0000] {logging_mixin.py:188} INFO - [2024-02-26T16:03:21.242+0000] {dag.py:3834} INFO - Setting next_dagrun for example_xcom_args to None, run_after=None
[2024-02-26T16:03:21.245+0000] {logging_mixin.py:188} INFO - [2024-02-26T16:03:21.245+0000] {dag.py:3834} INFO - Setting next_dagrun for example_xcom_args_with_operators to None, run_after=None
[2024-02-26T16:03:21.256+0000] {processor.py:183} INFO - Processing /home/airflow/.local/lib/python3.11/site-packages/airflow/example_dags/example_xcomargs.py took 0.066 seconds
[2024-02-26T16:03:51.337+0000] {processor.py:161} INFO - Started process (PID=7728) to work on /home/airflow/.local/lib/python3.11/site-packages/airflow/example_dags/example_xcomargs.py
[2024-02-26T16:03:51.339+0000] {processor.py:830} INFO - Processing file /home/airflow/.local/lib/python3.11/site-packages/airflow/example_dags/example_xcomargs.py for tasks to queue
[2024-02-26T16:03:51.341+0000] {logging_mixin.py:188} INFO - [2024-02-26T16:03:51.340+0000] {dagbag.py:540} INFO - Filling up the DagBag from /home/airflow/.local/lib/python3.11/site-packages/airflow/example_dags/example_xcomargs.py
[2024-02-26T16:03:51.348+0000] {processor.py:840} INFO - DAG(s) 'example_xcom_args', 'example_xcom_args_with_operators' retrieved from /home/airflow/.local/lib/python3.11/site-packages/airflow/example_dags/example_xcomargs.py
[2024-02-26T16:03:51.373+0000] {logging_mixin.py:188} INFO - [2024-02-26T16:03:51.373+0000] {dag.py:3047} INFO - Sync 2 DAGs
[2024-02-26T16:03:51.382+0000] {logging_mixin.py:188} INFO - [2024-02-26T16:03:51.382+0000] {dag.py:3834} INFO - Setting next_dagrun for example_xcom_args to None, run_after=None
[2024-02-26T16:03:51.389+0000] {logging_mixin.py:188} INFO - [2024-02-26T16:03:51.389+0000] {dag.py:3834} INFO - Setting next_dagrun for example_xcom_args_with_operators to None, run_after=None
[2024-02-26T16:03:51.401+0000] {processor.py:183} INFO - Processing /home/airflow/.local/lib/python3.11/site-packages/airflow/example_dags/example_xcomargs.py took 0.067 seconds
[2024-02-26T16:04:22.060+0000] {processor.py:161} INFO - Started process (PID=7975) to work on /home/airflow/.local/lib/python3.11/site-packages/airflow/example_dags/example_xcomargs.py
[2024-02-26T16:04:22.062+0000] {processor.py:830} INFO - Processing file /home/airflow/.local/lib/python3.11/site-packages/airflow/example_dags/example_xcomargs.py for tasks to queue
[2024-02-26T16:04:22.063+0000] {logging_mixin.py:188} INFO - [2024-02-26T16:04:22.063+0000] {dagbag.py:540} INFO - Filling up the DagBag from /home/airflow/.local/lib/python3.11/site-packages/airflow/example_dags/example_xcomargs.py
[2024-02-26T16:04:22.071+0000] {processor.py:840} INFO - DAG(s) 'example_xcom_args_with_operators', 'example_xcom_args' retrieved from /home/airflow/.local/lib/python3.11/site-packages/airflow/example_dags/example_xcomargs.py
[2024-02-26T16:04:22.096+0000] {logging_mixin.py:188} INFO - [2024-02-26T16:04:22.096+0000] {dag.py:3047} INFO - Sync 2 DAGs
[2024-02-26T16:04:22.106+0000] {logging_mixin.py:188} INFO - [2024-02-26T16:04:22.106+0000] {dag.py:3834} INFO - Setting next_dagrun for example_xcom_args to None, run_after=None
[2024-02-26T16:04:22.109+0000] {logging_mixin.py:188} INFO - [2024-02-26T16:04:22.109+0000] {dag.py:3834} INFO - Setting next_dagrun for example_xcom_args_with_operators to None, run_after=None
[2024-02-26T16:04:22.121+0000] {processor.py:183} INFO - Processing /home/airflow/.local/lib/python3.11/site-packages/airflow/example_dags/example_xcomargs.py took 0.064 seconds
[2024-02-26T16:04:52.928+0000] {processor.py:161} INFO - Started process (PID=8222) to work on /home/airflow/.local/lib/python3.11/site-packages/airflow/example_dags/example_xcomargs.py
[2024-02-26T16:04:52.930+0000] {processor.py:830} INFO - Processing file /home/airflow/.local/lib/python3.11/site-packages/airflow/example_dags/example_xcomargs.py for tasks to queue
[2024-02-26T16:04:52.932+0000] {logging_mixin.py:188} INFO - [2024-02-26T16:04:52.931+0000] {dagbag.py:540} INFO - Filling up the DagBag from /home/airflow/.local/lib/python3.11/site-packages/airflow/example_dags/example_xcomargs.py
[2024-02-26T16:04:52.939+0000] {processor.py:840} INFO - DAG(s) 'example_xcom_args', 'example_xcom_args_with_operators' retrieved from /home/airflow/.local/lib/python3.11/site-packages/airflow/example_dags/example_xcomargs.py
[2024-02-26T16:04:52.964+0000] {logging_mixin.py:188} INFO - [2024-02-26T16:04:52.964+0000] {dag.py:3047} INFO - Sync 2 DAGs
[2024-02-26T16:04:52.973+0000] {logging_mixin.py:188} INFO - [2024-02-26T16:04:52.973+0000] {dag.py:3834} INFO - Setting next_dagrun for example_xcom_args to None, run_after=None
[2024-02-26T16:04:52.977+0000] {logging_mixin.py:188} INFO - [2024-02-26T16:04:52.977+0000] {dag.py:3834} INFO - Setting next_dagrun for example_xcom_args_with_operators to None, run_after=None
[2024-02-26T16:04:52.987+0000] {processor.py:183} INFO - Processing /home/airflow/.local/lib/python3.11/site-packages/airflow/example_dags/example_xcomargs.py took 0.062 seconds
[2024-02-26T16:05:23.652+0000] {processor.py:161} INFO - Started process (PID=8469) to work on /home/airflow/.local/lib/python3.11/site-packages/airflow/example_dags/example_xcomargs.py
[2024-02-26T16:05:23.654+0000] {processor.py:830} INFO - Processing file /home/airflow/.local/lib/python3.11/site-packages/airflow/example_dags/example_xcomargs.py for tasks to queue
[2024-02-26T16:05:23.655+0000] {logging_mixin.py:188} INFO - [2024-02-26T16:05:23.655+0000] {dagbag.py:540} INFO - Filling up the DagBag from /home/airflow/.local/lib/python3.11/site-packages/airflow/example_dags/example_xcomargs.py
[2024-02-26T16:05:23.666+0000] {processor.py:840} INFO - DAG(s) 'example_xcom_args_with_operators', 'example_xcom_args' retrieved from /home/airflow/.local/lib/python3.11/site-packages/airflow/example_dags/example_xcomargs.py
[2024-02-26T16:05:23.688+0000] {logging_mixin.py:188} INFO - [2024-02-26T16:05:23.687+0000] {dag.py:3047} INFO - Sync 2 DAGs
[2024-02-26T16:05:23.697+0000] {logging_mixin.py:188} INFO - [2024-02-26T16:05:23.696+0000] {dag.py:3834} INFO - Setting next_dagrun for example_xcom_args to None, run_after=None
[2024-02-26T16:05:23.701+0000] {logging_mixin.py:188} INFO - [2024-02-26T16:05:23.700+0000] {dag.py:3834} INFO - Setting next_dagrun for example_xcom_args_with_operators to None, run_after=None
[2024-02-26T16:05:23.713+0000] {processor.py:183} INFO - Processing /home/airflow/.local/lib/python3.11/site-packages/airflow/example_dags/example_xcomargs.py took 0.064 seconds
[2024-02-26T16:05:54.379+0000] {processor.py:161} INFO - Started process (PID=8716) to work on /home/airflow/.local/lib/python3.11/site-packages/airflow/example_dags/example_xcomargs.py
[2024-02-26T16:05:54.380+0000] {processor.py:830} INFO - Processing file /home/airflow/.local/lib/python3.11/site-packages/airflow/example_dags/example_xcomargs.py for tasks to queue
[2024-02-26T16:05:54.382+0000] {logging_mixin.py:188} INFO - [2024-02-26T16:05:54.382+0000] {dagbag.py:540} INFO - Filling up the DagBag from /home/airflow/.local/lib/python3.11/site-packages/airflow/example_dags/example_xcomargs.py
[2024-02-26T16:05:54.390+0000] {processor.py:840} INFO - DAG(s) 'example_xcom_args_with_operators', 'example_xcom_args' retrieved from /home/airflow/.local/lib/python3.11/site-packages/airflow/example_dags/example_xcomargs.py
[2024-02-26T16:05:54.413+0000] {logging_mixin.py:188} INFO - [2024-02-26T16:05:54.413+0000] {dag.py:3047} INFO - Sync 2 DAGs
[2024-02-26T16:05:54.424+0000] {logging_mixin.py:188} INFO - [2024-02-26T16:05:54.424+0000] {dag.py:3834} INFO - Setting next_dagrun for example_xcom_args to None, run_after=None
[2024-02-26T16:05:54.428+0000] {logging_mixin.py:188} INFO - [2024-02-26T16:05:54.428+0000] {dag.py:3834} INFO - Setting next_dagrun for example_xcom_args_with_operators to None, run_after=None
[2024-02-26T16:05:54.438+0000] {processor.py:183} INFO - Processing /home/airflow/.local/lib/python3.11/site-packages/airflow/example_dags/example_xcomargs.py took 0.062 seconds
[2024-02-26T16:06:25.252+0000] {processor.py:161} INFO - Started process (PID=8963) to work on /home/airflow/.local/lib/python3.11/site-packages/airflow/example_dags/example_xcomargs.py
[2024-02-26T16:06:25.254+0000] {processor.py:830} INFO - Processing file /home/airflow/.local/lib/python3.11/site-packages/airflow/example_dags/example_xcomargs.py for tasks to queue
[2024-02-26T16:06:25.255+0000] {logging_mixin.py:188} INFO - [2024-02-26T16:06:25.255+0000] {dagbag.py:540} INFO - Filling up the DagBag from /home/airflow/.local/lib/python3.11/site-packages/airflow/example_dags/example_xcomargs.py
[2024-02-26T16:06:25.264+0000] {processor.py:840} INFO - DAG(s) 'example_xcom_args', 'example_xcom_args_with_operators' retrieved from /home/airflow/.local/lib/python3.11/site-packages/airflow/example_dags/example_xcomargs.py
[2024-02-26T16:06:25.287+0000] {logging_mixin.py:188} INFO - [2024-02-26T16:06:25.287+0000] {dag.py:3047} INFO - Sync 2 DAGs
[2024-02-26T16:06:25.297+0000] {logging_mixin.py:188} INFO - [2024-02-26T16:06:25.297+0000] {dag.py:3834} INFO - Setting next_dagrun for example_xcom_args to None, run_after=None
[2024-02-26T16:06:25.301+0000] {logging_mixin.py:188} INFO - [2024-02-26T16:06:25.301+0000] {dag.py:3834} INFO - Setting next_dagrun for example_xcom_args_with_operators to None, run_after=None
[2024-02-26T16:06:25.313+0000] {processor.py:183} INFO - Processing /home/airflow/.local/lib/python3.11/site-packages/airflow/example_dags/example_xcomargs.py took 0.064 seconds
[2024-02-26T16:06:56.092+0000] {processor.py:161} INFO - Started process (PID=9210) to work on /home/airflow/.local/lib/python3.11/site-packages/airflow/example_dags/example_xcomargs.py
[2024-02-26T16:06:56.094+0000] {processor.py:830} INFO - Processing file /home/airflow/.local/lib/python3.11/site-packages/airflow/example_dags/example_xcomargs.py for tasks to queue
[2024-02-26T16:06:56.096+0000] {logging_mixin.py:188} INFO - [2024-02-26T16:06:56.096+0000] {dagbag.py:540} INFO - Filling up the DagBag from /home/airflow/.local/lib/python3.11/site-packages/airflow/example_dags/example_xcomargs.py
[2024-02-26T16:06:56.106+0000] {processor.py:840} INFO - DAG(s) 'example_xcom_args_with_operators', 'example_xcom_args' retrieved from /home/airflow/.local/lib/python3.11/site-packages/airflow/example_dags/example_xcomargs.py
[2024-02-26T16:06:56.133+0000] {logging_mixin.py:188} INFO - [2024-02-26T16:06:56.133+0000] {dag.py:3047} INFO - Sync 2 DAGs
[2024-02-26T16:06:56.143+0000] {logging_mixin.py:188} INFO - [2024-02-26T16:06:56.142+0000] {dag.py:3834} INFO - Setting next_dagrun for example_xcom_args to None, run_after=None
[2024-02-26T16:06:56.147+0000] {logging_mixin.py:188} INFO - [2024-02-26T16:06:56.147+0000] {dag.py:3834} INFO - Setting next_dagrun for example_xcom_args_with_operators to None, run_after=None
[2024-02-26T16:06:56.160+0000] {processor.py:183} INFO - Processing /home/airflow/.local/lib/python3.11/site-packages/airflow/example_dags/example_xcomargs.py took 0.071 seconds
[2024-02-26T16:07:26.202+0000] {processor.py:161} INFO - Started process (PID=9457) to work on /home/airflow/.local/lib/python3.11/site-packages/airflow/example_dags/example_xcomargs.py
[2024-02-26T16:07:26.203+0000] {processor.py:830} INFO - Processing file /home/airflow/.local/lib/python3.11/site-packages/airflow/example_dags/example_xcomargs.py for tasks to queue
[2024-02-26T16:07:26.205+0000] {logging_mixin.py:188} INFO - [2024-02-26T16:07:26.204+0000] {dagbag.py:540} INFO - Filling up the DagBag from /home/airflow/.local/lib/python3.11/site-packages/airflow/example_dags/example_xcomargs.py
[2024-02-26T16:07:26.212+0000] {processor.py:840} INFO - DAG(s) 'example_xcom_args', 'example_xcom_args_with_operators' retrieved from /home/airflow/.local/lib/python3.11/site-packages/airflow/example_dags/example_xcomargs.py
[2024-02-26T16:07:26.230+0000] {logging_mixin.py:188} INFO - [2024-02-26T16:07:26.230+0000] {dag.py:3047} INFO - Sync 2 DAGs
[2024-02-26T16:07:26.240+0000] {logging_mixin.py:188} INFO - [2024-02-26T16:07:26.240+0000] {dag.py:3834} INFO - Setting next_dagrun for example_xcom_args to None, run_after=None
[2024-02-26T16:07:26.244+0000] {logging_mixin.py:188} INFO - [2024-02-26T16:07:26.243+0000] {dag.py:3834} INFO - Setting next_dagrun for example_xcom_args_with_operators to None, run_after=None
[2024-02-26T16:07:26.254+0000] {processor.py:183} INFO - Processing /home/airflow/.local/lib/python3.11/site-packages/airflow/example_dags/example_xcomargs.py took 0.056 seconds
[2024-02-26T16:07:56.395+0000] {processor.py:161} INFO - Started process (PID=9704) to work on /home/airflow/.local/lib/python3.11/site-packages/airflow/example_dags/example_xcomargs.py
[2024-02-26T16:07:56.398+0000] {processor.py:830} INFO - Processing file /home/airflow/.local/lib/python3.11/site-packages/airflow/example_dags/example_xcomargs.py for tasks to queue
[2024-02-26T16:07:56.400+0000] {logging_mixin.py:188} INFO - [2024-02-26T16:07:56.400+0000] {dagbag.py:540} INFO - Filling up the DagBag from /home/airflow/.local/lib/python3.11/site-packages/airflow/example_dags/example_xcomargs.py
[2024-02-26T16:07:56.409+0000] {processor.py:840} INFO - DAG(s) 'example_xcom_args_with_operators', 'example_xcom_args' retrieved from /home/airflow/.local/lib/python3.11/site-packages/airflow/example_dags/example_xcomargs.py
[2024-02-26T16:07:56.431+0000] {logging_mixin.py:188} INFO - [2024-02-26T16:07:56.431+0000] {dag.py:3047} INFO - Sync 2 DAGs
[2024-02-26T16:07:56.443+0000] {logging_mixin.py:188} INFO - [2024-02-26T16:07:56.442+0000] {dag.py:3834} INFO - Setting next_dagrun for example_xcom_args to None, run_after=None
[2024-02-26T16:07:56.446+0000] {logging_mixin.py:188} INFO - [2024-02-26T16:07:56.446+0000] {dag.py:3834} INFO - Setting next_dagrun for example_xcom_args_with_operators to None, run_after=None
[2024-02-26T16:07:56.455+0000] {processor.py:183} INFO - Processing /home/airflow/.local/lib/python3.11/site-packages/airflow/example_dags/example_xcomargs.py took 0.064 seconds
[2024-02-26T16:08:26.567+0000] {processor.py:161} INFO - Started process (PID=9951) to work on /home/airflow/.local/lib/python3.11/site-packages/airflow/example_dags/example_xcomargs.py
[2024-02-26T16:08:26.569+0000] {processor.py:830} INFO - Processing file /home/airflow/.local/lib/python3.11/site-packages/airflow/example_dags/example_xcomargs.py for tasks to queue
[2024-02-26T16:08:26.571+0000] {logging_mixin.py:188} INFO - [2024-02-26T16:08:26.571+0000] {dagbag.py:540} INFO - Filling up the DagBag from /home/airflow/.local/lib/python3.11/site-packages/airflow/example_dags/example_xcomargs.py
[2024-02-26T16:08:26.579+0000] {processor.py:840} INFO - DAG(s) 'example_xcom_args', 'example_xcom_args_with_operators' retrieved from /home/airflow/.local/lib/python3.11/site-packages/airflow/example_dags/example_xcomargs.py
[2024-02-26T16:08:26.601+0000] {logging_mixin.py:188} INFO - [2024-02-26T16:08:26.601+0000] {dag.py:3047} INFO - Sync 2 DAGs
[2024-02-26T16:08:26.610+0000] {logging_mixin.py:188} INFO - [2024-02-26T16:08:26.609+0000] {dag.py:3834} INFO - Setting next_dagrun for example_xcom_args to None, run_after=None
[2024-02-26T16:08:26.613+0000] {logging_mixin.py:188} INFO - [2024-02-26T16:08:26.613+0000] {dag.py:3834} INFO - Setting next_dagrun for example_xcom_args_with_operators to None, run_after=None
[2024-02-26T16:08:26.625+0000] {processor.py:183} INFO - Processing /home/airflow/.local/lib/python3.11/site-packages/airflow/example_dags/example_xcomargs.py took 0.061 seconds
[2024-02-26T16:08:56.975+0000] {processor.py:161} INFO - Started process (PID=10199) to work on /home/airflow/.local/lib/python3.11/site-packages/airflow/example_dags/example_xcomargs.py
[2024-02-26T16:08:56.977+0000] {processor.py:830} INFO - Processing file /home/airflow/.local/lib/python3.11/site-packages/airflow/example_dags/example_xcomargs.py for tasks to queue
[2024-02-26T16:08:56.979+0000] {logging_mixin.py:188} INFO - [2024-02-26T16:08:56.978+0000] {dagbag.py:540} INFO - Filling up the DagBag from /home/airflow/.local/lib/python3.11/site-packages/airflow/example_dags/example_xcomargs.py
[2024-02-26T16:08:56.987+0000] {processor.py:840} INFO - DAG(s) 'example_xcom_args', 'example_xcom_args_with_operators' retrieved from /home/airflow/.local/lib/python3.11/site-packages/airflow/example_dags/example_xcomargs.py
[2024-02-26T16:08:57.016+0000] {logging_mixin.py:188} INFO - [2024-02-26T16:08:57.016+0000] {dag.py:3047} INFO - Sync 2 DAGs
[2024-02-26T16:08:57.027+0000] {logging_mixin.py:188} INFO - [2024-02-26T16:08:57.027+0000] {dag.py:3834} INFO - Setting next_dagrun for example_xcom_args to None, run_after=None
[2024-02-26T16:08:57.032+0000] {logging_mixin.py:188} INFO - [2024-02-26T16:08:57.032+0000] {dag.py:3834} INFO - Setting next_dagrun for example_xcom_args_with_operators to None, run_after=None
[2024-02-26T16:08:57.046+0000] {processor.py:183} INFO - Processing /home/airflow/.local/lib/python3.11/site-packages/airflow/example_dags/example_xcomargs.py took 0.075 seconds
[2024-02-26T16:09:27.106+0000] {processor.py:161} INFO - Started process (PID=10445) to work on /home/airflow/.local/lib/python3.11/site-packages/airflow/example_dags/example_xcomargs.py
[2024-02-26T16:09:27.108+0000] {processor.py:830} INFO - Processing file /home/airflow/.local/lib/python3.11/site-packages/airflow/example_dags/example_xcomargs.py for tasks to queue
[2024-02-26T16:09:27.112+0000] {logging_mixin.py:188} INFO - [2024-02-26T16:09:27.111+0000] {dagbag.py:540} INFO - Filling up the DagBag from /home/airflow/.local/lib/python3.11/site-packages/airflow/example_dags/example_xcomargs.py
[2024-02-26T16:09:27.119+0000] {processor.py:840} INFO - DAG(s) 'example_xcom_args_with_operators', 'example_xcom_args' retrieved from /home/airflow/.local/lib/python3.11/site-packages/airflow/example_dags/example_xcomargs.py
[2024-02-26T16:09:27.144+0000] {logging_mixin.py:188} INFO - [2024-02-26T16:09:27.144+0000] {dag.py:3047} INFO - Sync 2 DAGs
[2024-02-26T16:09:27.153+0000] {logging_mixin.py:188} INFO - [2024-02-26T16:09:27.153+0000] {dag.py:3834} INFO - Setting next_dagrun for example_xcom_args to None, run_after=None
[2024-02-26T16:09:27.161+0000] {logging_mixin.py:188} INFO - [2024-02-26T16:09:27.161+0000] {dag.py:3834} INFO - Setting next_dagrun for example_xcom_args_with_operators to None, run_after=None
[2024-02-26T16:09:27.173+0000] {processor.py:183} INFO - Processing /home/airflow/.local/lib/python3.11/site-packages/airflow/example_dags/example_xcomargs.py took 0.070 seconds
[2024-02-26T16:09:57.293+0000] {processor.py:161} INFO - Started process (PID=10694) to work on /home/airflow/.local/lib/python3.11/site-packages/airflow/example_dags/example_xcomargs.py
[2024-02-26T16:09:57.295+0000] {processor.py:830} INFO - Processing file /home/airflow/.local/lib/python3.11/site-packages/airflow/example_dags/example_xcomargs.py for tasks to queue
[2024-02-26T16:09:57.296+0000] {logging_mixin.py:188} INFO - [2024-02-26T16:09:57.296+0000] {dagbag.py:540} INFO - Filling up the DagBag from /home/airflow/.local/lib/python3.11/site-packages/airflow/example_dags/example_xcomargs.py
[2024-02-26T16:09:57.309+0000] {processor.py:840} INFO - DAG(s) 'example_xcom_args', 'example_xcom_args_with_operators' retrieved from /home/airflow/.local/lib/python3.11/site-packages/airflow/example_dags/example_xcomargs.py
[2024-02-26T16:09:57.332+0000] {logging_mixin.py:188} INFO - [2024-02-26T16:09:57.331+0000] {dag.py:3047} INFO - Sync 2 DAGs
[2024-02-26T16:09:57.342+0000] {logging_mixin.py:188} INFO - [2024-02-26T16:09:57.342+0000] {dag.py:3834} INFO - Setting next_dagrun for example_xcom_args to None, run_after=None
[2024-02-26T16:09:57.346+0000] {logging_mixin.py:188} INFO - [2024-02-26T16:09:57.346+0000] {dag.py:3834} INFO - Setting next_dagrun for example_xcom_args_with_operators to None, run_after=None
[2024-02-26T16:09:57.357+0000] {processor.py:183} INFO - Processing /home/airflow/.local/lib/python3.11/site-packages/airflow/example_dags/example_xcomargs.py took 0.066 seconds
[2024-02-26T16:10:27.546+0000] {processor.py:161} INFO - Started process (PID=10941) to work on /home/airflow/.local/lib/python3.11/site-packages/airflow/example_dags/example_xcomargs.py
[2024-02-26T16:10:27.549+0000] {processor.py:830} INFO - Processing file /home/airflow/.local/lib/python3.11/site-packages/airflow/example_dags/example_xcomargs.py for tasks to queue
[2024-02-26T16:10:27.550+0000] {logging_mixin.py:188} INFO - [2024-02-26T16:10:27.550+0000] {dagbag.py:540} INFO - Filling up the DagBag from /home/airflow/.local/lib/python3.11/site-packages/airflow/example_dags/example_xcomargs.py
[2024-02-26T16:10:27.558+0000] {processor.py:840} INFO - DAG(s) 'example_xcom_args', 'example_xcom_args_with_operators' retrieved from /home/airflow/.local/lib/python3.11/site-packages/airflow/example_dags/example_xcomargs.py
[2024-02-26T16:10:27.584+0000] {logging_mixin.py:188} INFO - [2024-02-26T16:10:27.584+0000] {dag.py:3047} INFO - Sync 2 DAGs
[2024-02-26T16:10:27.596+0000] {logging_mixin.py:188} INFO - [2024-02-26T16:10:27.595+0000] {dag.py:3834} INFO - Setting next_dagrun for example_xcom_args to None, run_after=None
[2024-02-26T16:10:27.599+0000] {logging_mixin.py:188} INFO - [2024-02-26T16:10:27.599+0000] {dag.py:3834} INFO - Setting next_dagrun for example_xcom_args_with_operators to None, run_after=None
[2024-02-26T16:10:27.610+0000] {processor.py:183} INFO - Processing /home/airflow/.local/lib/python3.11/site-packages/airflow/example_dags/example_xcomargs.py took 0.067 seconds
[2024-02-26T16:10:57.739+0000] {processor.py:161} INFO - Started process (PID=11188) to work on /home/airflow/.local/lib/python3.11/site-packages/airflow/example_dags/example_xcomargs.py
[2024-02-26T16:10:57.743+0000] {processor.py:830} INFO - Processing file /home/airflow/.local/lib/python3.11/site-packages/airflow/example_dags/example_xcomargs.py for tasks to queue
[2024-02-26T16:10:57.745+0000] {logging_mixin.py:188} INFO - [2024-02-26T16:10:57.745+0000] {dagbag.py:540} INFO - Filling up the DagBag from /home/airflow/.local/lib/python3.11/site-packages/airflow/example_dags/example_xcomargs.py
[2024-02-26T16:10:57.753+0000] {processor.py:840} INFO - DAG(s) 'example_xcom_args', 'example_xcom_args_with_operators' retrieved from /home/airflow/.local/lib/python3.11/site-packages/airflow/example_dags/example_xcomargs.py
[2024-02-26T16:10:57.774+0000] {logging_mixin.py:188} INFO - [2024-02-26T16:10:57.774+0000] {dag.py:3047} INFO - Sync 2 DAGs
[2024-02-26T16:10:57.783+0000] {logging_mixin.py:188} INFO - [2024-02-26T16:10:57.783+0000] {dag.py:3834} INFO - Setting next_dagrun for example_xcom_args to None, run_after=None
[2024-02-26T16:10:57.788+0000] {logging_mixin.py:188} INFO - [2024-02-26T16:10:57.788+0000] {dag.py:3834} INFO - Setting next_dagrun for example_xcom_args_with_operators to None, run_after=None
[2024-02-26T16:10:57.798+0000] {processor.py:183} INFO - Processing /home/airflow/.local/lib/python3.11/site-packages/airflow/example_dags/example_xcomargs.py took 0.065 seconds
[2024-02-26T16:11:28.041+0000] {processor.py:161} INFO - Started process (PID=11433) to work on /home/airflow/.local/lib/python3.11/site-packages/airflow/example_dags/example_xcomargs.py
[2024-02-26T16:11:28.043+0000] {processor.py:830} INFO - Processing file /home/airflow/.local/lib/python3.11/site-packages/airflow/example_dags/example_xcomargs.py for tasks to queue
[2024-02-26T16:11:28.044+0000] {logging_mixin.py:188} INFO - [2024-02-26T16:11:28.043+0000] {dagbag.py:540} INFO - Filling up the DagBag from /home/airflow/.local/lib/python3.11/site-packages/airflow/example_dags/example_xcomargs.py
[2024-02-26T16:11:28.051+0000] {processor.py:840} INFO - DAG(s) 'example_xcom_args_with_operators', 'example_xcom_args' retrieved from /home/airflow/.local/lib/python3.11/site-packages/airflow/example_dags/example_xcomargs.py
[2024-02-26T16:11:28.071+0000] {logging_mixin.py:188} INFO - [2024-02-26T16:11:28.071+0000] {dag.py:3047} INFO - Sync 2 DAGs
[2024-02-26T16:11:28.080+0000] {logging_mixin.py:188} INFO - [2024-02-26T16:11:28.080+0000] {dag.py:3834} INFO - Setting next_dagrun for example_xcom_args to None, run_after=None
[2024-02-26T16:11:28.084+0000] {logging_mixin.py:188} INFO - [2024-02-26T16:11:28.084+0000] {dag.py:3834} INFO - Setting next_dagrun for example_xcom_args_with_operators to None, run_after=None
[2024-02-26T16:11:28.095+0000] {processor.py:183} INFO - Processing /home/airflow/.local/lib/python3.11/site-packages/airflow/example_dags/example_xcomargs.py took 0.057 seconds
[2024-02-26T16:11:58.261+0000] {processor.py:161} INFO - Started process (PID=11680) to work on /home/airflow/.local/lib/python3.11/site-packages/airflow/example_dags/example_xcomargs.py
[2024-02-26T16:11:58.263+0000] {processor.py:830} INFO - Processing file /home/airflow/.local/lib/python3.11/site-packages/airflow/example_dags/example_xcomargs.py for tasks to queue
[2024-02-26T16:11:58.264+0000] {logging_mixin.py:188} INFO - [2024-02-26T16:11:58.264+0000] {dagbag.py:540} INFO - Filling up the DagBag from /home/airflow/.local/lib/python3.11/site-packages/airflow/example_dags/example_xcomargs.py
[2024-02-26T16:11:58.272+0000] {processor.py:840} INFO - DAG(s) 'example_xcom_args_with_operators', 'example_xcom_args' retrieved from /home/airflow/.local/lib/python3.11/site-packages/airflow/example_dags/example_xcomargs.py
[2024-02-26T16:11:58.295+0000] {logging_mixin.py:188} INFO - [2024-02-26T16:11:58.295+0000] {dag.py:3047} INFO - Sync 2 DAGs
[2024-02-26T16:11:58.304+0000] {logging_mixin.py:188} INFO - [2024-02-26T16:11:58.304+0000] {dag.py:3834} INFO - Setting next_dagrun for example_xcom_args to None, run_after=None
[2024-02-26T16:11:58.308+0000] {logging_mixin.py:188} INFO - [2024-02-26T16:11:58.308+0000] {dag.py:3834} INFO - Setting next_dagrun for example_xcom_args_with_operators to None, run_after=None
[2024-02-26T16:11:58.317+0000] {processor.py:183} INFO - Processing /home/airflow/.local/lib/python3.11/site-packages/airflow/example_dags/example_xcomargs.py took 0.059 seconds
[2024-02-26T16:12:28.405+0000] {processor.py:161} INFO - Started process (PID=11929) to work on /home/airflow/.local/lib/python3.11/site-packages/airflow/example_dags/example_xcomargs.py
[2024-02-26T16:12:28.407+0000] {processor.py:830} INFO - Processing file /home/airflow/.local/lib/python3.11/site-packages/airflow/example_dags/example_xcomargs.py for tasks to queue
[2024-02-26T16:12:28.409+0000] {logging_mixin.py:188} INFO - [2024-02-26T16:12:28.408+0000] {dagbag.py:540} INFO - Filling up the DagBag from /home/airflow/.local/lib/python3.11/site-packages/airflow/example_dags/example_xcomargs.py
[2024-02-26T16:12:28.416+0000] {processor.py:840} INFO - DAG(s) 'example_xcom_args_with_operators', 'example_xcom_args' retrieved from /home/airflow/.local/lib/python3.11/site-packages/airflow/example_dags/example_xcomargs.py
[2024-02-26T16:12:28.436+0000] {logging_mixin.py:188} INFO - [2024-02-26T16:12:28.436+0000] {dag.py:3047} INFO - Sync 2 DAGs
[2024-02-26T16:12:28.445+0000] {logging_mixin.py:188} INFO - [2024-02-26T16:12:28.445+0000] {dag.py:3834} INFO - Setting next_dagrun for example_xcom_args to None, run_after=None
[2024-02-26T16:12:28.448+0000] {logging_mixin.py:188} INFO - [2024-02-26T16:12:28.448+0000] {dag.py:3834} INFO - Setting next_dagrun for example_xcom_args_with_operators to None, run_after=None
[2024-02-26T16:12:28.458+0000] {processor.py:183} INFO - Processing /home/airflow/.local/lib/python3.11/site-packages/airflow/example_dags/example_xcomargs.py took 0.055 seconds
[2024-02-26T16:12:58.581+0000] {processor.py:161} INFO - Started process (PID=12175) to work on /home/airflow/.local/lib/python3.11/site-packages/airflow/example_dags/example_xcomargs.py
[2024-02-26T16:12:58.583+0000] {processor.py:830} INFO - Processing file /home/airflow/.local/lib/python3.11/site-packages/airflow/example_dags/example_xcomargs.py for tasks to queue
[2024-02-26T16:12:58.585+0000] {logging_mixin.py:188} INFO - [2024-02-26T16:12:58.584+0000] {dagbag.py:540} INFO - Filling up the DagBag from /home/airflow/.local/lib/python3.11/site-packages/airflow/example_dags/example_xcomargs.py
[2024-02-26T16:12:58.593+0000] {processor.py:840} INFO - DAG(s) 'example_xcom_args_with_operators', 'example_xcom_args' retrieved from /home/airflow/.local/lib/python3.11/site-packages/airflow/example_dags/example_xcomargs.py
[2024-02-26T16:12:58.617+0000] {logging_mixin.py:188} INFO - [2024-02-26T16:12:58.617+0000] {dag.py:3047} INFO - Sync 2 DAGs
[2024-02-26T16:12:58.626+0000] {logging_mixin.py:188} INFO - [2024-02-26T16:12:58.626+0000] {dag.py:3834} INFO - Setting next_dagrun for example_xcom_args to None, run_after=None
[2024-02-26T16:12:58.629+0000] {logging_mixin.py:188} INFO - [2024-02-26T16:12:58.629+0000] {dag.py:3834} INFO - Setting next_dagrun for example_xcom_args_with_operators to None, run_after=None
[2024-02-26T16:12:58.640+0000] {processor.py:183} INFO - Processing /home/airflow/.local/lib/python3.11/site-packages/airflow/example_dags/example_xcomargs.py took 0.061 seconds
[2024-02-26T16:13:28.766+0000] {processor.py:161} INFO - Started process (PID=12422) to work on /home/airflow/.local/lib/python3.11/site-packages/airflow/example_dags/example_xcomargs.py
[2024-02-26T16:13:28.771+0000] {processor.py:830} INFO - Processing file /home/airflow/.local/lib/python3.11/site-packages/airflow/example_dags/example_xcomargs.py for tasks to queue
[2024-02-26T16:13:28.774+0000] {logging_mixin.py:188} INFO - [2024-02-26T16:13:28.774+0000] {dagbag.py:540} INFO - Filling up the DagBag from /home/airflow/.local/lib/python3.11/site-packages/airflow/example_dags/example_xcomargs.py
[2024-02-26T16:13:28.784+0000] {processor.py:840} INFO - DAG(s) 'example_xcom_args', 'example_xcom_args_with_operators' retrieved from /home/airflow/.local/lib/python3.11/site-packages/airflow/example_dags/example_xcomargs.py
[2024-02-26T16:13:28.809+0000] {logging_mixin.py:188} INFO - [2024-02-26T16:13:28.809+0000] {dag.py:3047} INFO - Sync 2 DAGs
[2024-02-26T16:13:28.821+0000] {logging_mixin.py:188} INFO - [2024-02-26T16:13:28.821+0000] {dag.py:3834} INFO - Setting next_dagrun for example_xcom_args to None, run_after=None
[2024-02-26T16:13:28.824+0000] {logging_mixin.py:188} INFO - [2024-02-26T16:13:28.824+0000] {dag.py:3834} INFO - Setting next_dagrun for example_xcom_args_with_operators to None, run_after=None
[2024-02-26T16:13:28.835+0000] {processor.py:183} INFO - Processing /home/airflow/.local/lib/python3.11/site-packages/airflow/example_dags/example_xcomargs.py took 0.072 seconds
[2024-02-26T16:13:59.161+0000] {processor.py:161} INFO - Started process (PID=12677) to work on /home/airflow/.local/lib/python3.11/site-packages/airflow/example_dags/example_xcomargs.py
[2024-02-26T16:13:59.163+0000] {processor.py:830} INFO - Processing file /home/airflow/.local/lib/python3.11/site-packages/airflow/example_dags/example_xcomargs.py for tasks to queue
[2024-02-26T16:13:59.165+0000] {logging_mixin.py:188} INFO - [2024-02-26T16:13:59.165+0000] {dagbag.py:540} INFO - Filling up the DagBag from /home/airflow/.local/lib/python3.11/site-packages/airflow/example_dags/example_xcomargs.py
[2024-02-26T16:13:59.173+0000] {processor.py:840} INFO - DAG(s) 'example_xcom_args', 'example_xcom_args_with_operators' retrieved from /home/airflow/.local/lib/python3.11/site-packages/airflow/example_dags/example_xcomargs.py
[2024-02-26T16:13:59.198+0000] {logging_mixin.py:188} INFO - [2024-02-26T16:13:59.198+0000] {dag.py:3047} INFO - Sync 2 DAGs
[2024-02-26T16:13:59.206+0000] {logging_mixin.py:188} INFO - [2024-02-26T16:13:59.206+0000] {dag.py:3834} INFO - Setting next_dagrun for example_xcom_args to None, run_after=None
[2024-02-26T16:13:59.210+0000] {logging_mixin.py:188} INFO - [2024-02-26T16:13:59.210+0000] {dag.py:3834} INFO - Setting next_dagrun for example_xcom_args_with_operators to None, run_after=None
[2024-02-26T16:13:59.225+0000] {processor.py:183} INFO - Processing /home/airflow/.local/lib/python3.11/site-packages/airflow/example_dags/example_xcomargs.py took 0.069 seconds
[2024-02-26T16:14:29.425+0000] {processor.py:161} INFO - Started process (PID=12924) to work on /home/airflow/.local/lib/python3.11/site-packages/airflow/example_dags/example_xcomargs.py
[2024-02-26T16:14:29.427+0000] {processor.py:830} INFO - Processing file /home/airflow/.local/lib/python3.11/site-packages/airflow/example_dags/example_xcomargs.py for tasks to queue
[2024-02-26T16:14:29.430+0000] {logging_mixin.py:188} INFO - [2024-02-26T16:14:29.430+0000] {dagbag.py:540} INFO - Filling up the DagBag from /home/airflow/.local/lib/python3.11/site-packages/airflow/example_dags/example_xcomargs.py
[2024-02-26T16:14:29.437+0000] {processor.py:840} INFO - DAG(s) 'example_xcom_args', 'example_xcom_args_with_operators' retrieved from /home/airflow/.local/lib/python3.11/site-packages/airflow/example_dags/example_xcomargs.py
[2024-02-26T16:14:29.457+0000] {logging_mixin.py:188} INFO - [2024-02-26T16:14:29.457+0000] {dag.py:3047} INFO - Sync 2 DAGs
[2024-02-26T16:14:29.466+0000] {logging_mixin.py:188} INFO - [2024-02-26T16:14:29.466+0000] {dag.py:3834} INFO - Setting next_dagrun for example_xcom_args to None, run_after=None
[2024-02-26T16:14:29.470+0000] {logging_mixin.py:188} INFO - [2024-02-26T16:14:29.470+0000] {dag.py:3834} INFO - Setting next_dagrun for example_xcom_args_with_operators to None, run_after=None
[2024-02-26T16:14:29.481+0000] {processor.py:183} INFO - Processing /home/airflow/.local/lib/python3.11/site-packages/airflow/example_dags/example_xcomargs.py took 0.059 seconds
