[2024-02-26T15:48:33.429+0000] {processor.py:161} INFO - Started process (PID=234) to work on /home/airflow/.local/lib/python3.11/site-packages/airflow/example_dags/example_short_circuit_operator.py
[2024-02-26T15:48:33.432+0000] {processor.py:830} INFO - Processing file /home/airflow/.local/lib/python3.11/site-packages/airflow/example_dags/example_short_circuit_operator.py for tasks to queue
[2024-02-26T15:48:33.435+0000] {logging_mixin.py:188} INFO - [2024-02-26T15:48:33.435+0000] {dagbag.py:540} INFO - Filling up the DagBag from /home/airflow/.local/lib/python3.11/site-packages/airflow/example_dags/example_short_circuit_operator.py
[2024-02-26T15:48:33.444+0000] {processor.py:840} INFO - DAG(s) 'example_short_circuit_operator' retrieved from /home/airflow/.local/lib/python3.11/site-packages/airflow/example_dags/example_short_circuit_operator.py
[2024-02-26T15:48:33.460+0000] {logging_mixin.py:188} INFO - [2024-02-26T15:48:33.460+0000] {dag.py:3047} INFO - Sync 1 DAGs
[2024-02-26T15:48:33.485+0000] {logging_mixin.py:188} INFO - [2024-02-26T15:48:33.485+0000] {dag.py:3834} INFO - Setting next_dagrun for example_short_circuit_operator to 2024-02-25 00:00:00+00:00, run_after=2024-02-26 00:00:00+00:00
[2024-02-26T15:48:33.675+0000] {processor.py:183} INFO - Processing /home/airflow/.local/lib/python3.11/site-packages/airflow/example_dags/example_short_circuit_operator.py took 0.249 seconds
[2024-02-26T15:49:04.020+0000] {processor.py:161} INFO - Started process (PID=488) to work on /home/airflow/.local/lib/python3.11/site-packages/airflow/example_dags/example_short_circuit_operator.py
[2024-02-26T15:49:04.021+0000] {processor.py:830} INFO - Processing file /home/airflow/.local/lib/python3.11/site-packages/airflow/example_dags/example_short_circuit_operator.py for tasks to queue
[2024-02-26T15:49:04.023+0000] {logging_mixin.py:188} INFO - [2024-02-26T15:49:04.023+0000] {dagbag.py:540} INFO - Filling up the DagBag from /home/airflow/.local/lib/python3.11/site-packages/airflow/example_dags/example_short_circuit_operator.py
[2024-02-26T15:49:04.032+0000] {processor.py:840} INFO - DAG(s) 'example_short_circuit_operator' retrieved from /home/airflow/.local/lib/python3.11/site-packages/airflow/example_dags/example_short_circuit_operator.py
[2024-02-26T15:49:04.105+0000] {logging_mixin.py:188} INFO - [2024-02-26T15:49:04.105+0000] {dag.py:3047} INFO - Sync 1 DAGs
[2024-02-26T15:49:04.117+0000] {logging_mixin.py:188} INFO - [2024-02-26T15:49:04.116+0000] {dag.py:3834} INFO - Setting next_dagrun for example_short_circuit_operator to 2024-02-25 00:00:00+00:00, run_after=2024-02-26 00:00:00+00:00
[2024-02-26T15:49:04.131+0000] {processor.py:183} INFO - Processing /home/airflow/.local/lib/python3.11/site-packages/airflow/example_dags/example_short_circuit_operator.py took 0.114 seconds
[2024-02-26T15:49:34.520+0000] {processor.py:161} INFO - Started process (PID=728) to work on /home/airflow/.local/lib/python3.11/site-packages/airflow/example_dags/example_short_circuit_operator.py
[2024-02-26T15:49:34.522+0000] {processor.py:830} INFO - Processing file /home/airflow/.local/lib/python3.11/site-packages/airflow/example_dags/example_short_circuit_operator.py for tasks to queue
[2024-02-26T15:49:34.523+0000] {logging_mixin.py:188} INFO - [2024-02-26T15:49:34.523+0000] {dagbag.py:540} INFO - Filling up the DagBag from /home/airflow/.local/lib/python3.11/site-packages/airflow/example_dags/example_short_circuit_operator.py
[2024-02-26T15:49:34.531+0000] {processor.py:840} INFO - DAG(s) 'example_short_circuit_operator' retrieved from /home/airflow/.local/lib/python3.11/site-packages/airflow/example_dags/example_short_circuit_operator.py
[2024-02-26T15:49:34.549+0000] {logging_mixin.py:188} INFO - [2024-02-26T15:49:34.549+0000] {dag.py:3047} INFO - Sync 1 DAGs
[2024-02-26T15:49:34.563+0000] {logging_mixin.py:188} INFO - [2024-02-26T15:49:34.563+0000] {dag.py:3834} INFO - Setting next_dagrun for example_short_circuit_operator to 2024-02-25 00:00:00+00:00, run_after=2024-02-26 00:00:00+00:00
[2024-02-26T15:49:34.575+0000] {processor.py:183} INFO - Processing /home/airflow/.local/lib/python3.11/site-packages/airflow/example_dags/example_short_circuit_operator.py took 0.057 seconds
[2024-02-26T15:50:05.325+0000] {processor.py:161} INFO - Started process (PID=978) to work on /home/airflow/.local/lib/python3.11/site-packages/airflow/example_dags/example_short_circuit_operator.py
[2024-02-26T15:50:05.327+0000] {processor.py:830} INFO - Processing file /home/airflow/.local/lib/python3.11/site-packages/airflow/example_dags/example_short_circuit_operator.py for tasks to queue
[2024-02-26T15:50:05.329+0000] {logging_mixin.py:188} INFO - [2024-02-26T15:50:05.328+0000] {dagbag.py:540} INFO - Filling up the DagBag from /home/airflow/.local/lib/python3.11/site-packages/airflow/example_dags/example_short_circuit_operator.py
[2024-02-26T15:50:05.336+0000] {processor.py:840} INFO - DAG(s) 'example_short_circuit_operator' retrieved from /home/airflow/.local/lib/python3.11/site-packages/airflow/example_dags/example_short_circuit_operator.py
[2024-02-26T15:50:05.355+0000] {logging_mixin.py:188} INFO - [2024-02-26T15:50:05.355+0000] {dag.py:3047} INFO - Sync 1 DAGs
[2024-02-26T15:50:05.370+0000] {logging_mixin.py:188} INFO - [2024-02-26T15:50:05.370+0000] {dag.py:3834} INFO - Setting next_dagrun for example_short_circuit_operator to 2024-02-25 00:00:00+00:00, run_after=2024-02-26 00:00:00+00:00
[2024-02-26T15:50:05.382+0000] {processor.py:183} INFO - Processing /home/airflow/.local/lib/python3.11/site-packages/airflow/example_dags/example_short_circuit_operator.py took 0.060 seconds
[2024-02-26T15:50:36.435+0000] {processor.py:161} INFO - Started process (PID=1222) to work on /home/airflow/.local/lib/python3.11/site-packages/airflow/example_dags/example_short_circuit_operator.py
[2024-02-26T15:50:36.437+0000] {processor.py:830} INFO - Processing file /home/airflow/.local/lib/python3.11/site-packages/airflow/example_dags/example_short_circuit_operator.py for tasks to queue
[2024-02-26T15:50:36.440+0000] {logging_mixin.py:188} INFO - [2024-02-26T15:50:36.440+0000] {dagbag.py:540} INFO - Filling up the DagBag from /home/airflow/.local/lib/python3.11/site-packages/airflow/example_dags/example_short_circuit_operator.py
[2024-02-26T15:50:36.450+0000] {processor.py:840} INFO - DAG(s) 'example_short_circuit_operator' retrieved from /home/airflow/.local/lib/python3.11/site-packages/airflow/example_dags/example_short_circuit_operator.py
[2024-02-26T15:50:36.472+0000] {logging_mixin.py:188} INFO - [2024-02-26T15:50:36.472+0000] {dag.py:3047} INFO - Sync 1 DAGs
[2024-02-26T15:50:36.490+0000] {logging_mixin.py:188} INFO - [2024-02-26T15:50:36.489+0000] {dag.py:3834} INFO - Setting next_dagrun for example_short_circuit_operator to 2024-02-25 00:00:00+00:00, run_after=2024-02-26 00:00:00+00:00
[2024-02-26T15:50:36.504+0000] {processor.py:183} INFO - Processing /home/airflow/.local/lib/python3.11/site-packages/airflow/example_dags/example_short_circuit_operator.py took 0.073 seconds
[2024-02-26T15:51:07.383+0000] {processor.py:161} INFO - Started process (PID=1469) to work on /home/airflow/.local/lib/python3.11/site-packages/airflow/example_dags/example_short_circuit_operator.py
[2024-02-26T15:51:07.385+0000] {processor.py:830} INFO - Processing file /home/airflow/.local/lib/python3.11/site-packages/airflow/example_dags/example_short_circuit_operator.py for tasks to queue
[2024-02-26T15:51:07.387+0000] {logging_mixin.py:188} INFO - [2024-02-26T15:51:07.386+0000] {dagbag.py:540} INFO - Filling up the DagBag from /home/airflow/.local/lib/python3.11/site-packages/airflow/example_dags/example_short_circuit_operator.py
[2024-02-26T15:51:07.394+0000] {processor.py:840} INFO - DAG(s) 'example_short_circuit_operator' retrieved from /home/airflow/.local/lib/python3.11/site-packages/airflow/example_dags/example_short_circuit_operator.py
[2024-02-26T15:51:07.414+0000] {logging_mixin.py:188} INFO - [2024-02-26T15:51:07.414+0000] {dag.py:3047} INFO - Sync 1 DAGs
[2024-02-26T15:51:07.431+0000] {logging_mixin.py:188} INFO - [2024-02-26T15:51:07.431+0000] {dag.py:3834} INFO - Setting next_dagrun for example_short_circuit_operator to 2024-02-25 00:00:00+00:00, run_after=2024-02-26 00:00:00+00:00
[2024-02-26T15:51:07.443+0000] {processor.py:183} INFO - Processing /home/airflow/.local/lib/python3.11/site-packages/airflow/example_dags/example_short_circuit_operator.py took 0.063 seconds
[2024-02-26T15:51:38.245+0000] {processor.py:161} INFO - Started process (PID=1718) to work on /home/airflow/.local/lib/python3.11/site-packages/airflow/example_dags/example_short_circuit_operator.py
[2024-02-26T15:51:38.247+0000] {processor.py:830} INFO - Processing file /home/airflow/.local/lib/python3.11/site-packages/airflow/example_dags/example_short_circuit_operator.py for tasks to queue
[2024-02-26T15:51:38.251+0000] {logging_mixin.py:188} INFO - [2024-02-26T15:51:38.250+0000] {dagbag.py:540} INFO - Filling up the DagBag from /home/airflow/.local/lib/python3.11/site-packages/airflow/example_dags/example_short_circuit_operator.py
[2024-02-26T15:51:38.260+0000] {processor.py:840} INFO - DAG(s) 'example_short_circuit_operator' retrieved from /home/airflow/.local/lib/python3.11/site-packages/airflow/example_dags/example_short_circuit_operator.py
[2024-02-26T15:51:38.281+0000] {logging_mixin.py:188} INFO - [2024-02-26T15:51:38.281+0000] {dag.py:3047} INFO - Sync 1 DAGs
[2024-02-26T15:51:38.295+0000] {logging_mixin.py:188} INFO - [2024-02-26T15:51:38.295+0000] {dag.py:3834} INFO - Setting next_dagrun for example_short_circuit_operator to 2024-02-25 00:00:00+00:00, run_after=2024-02-26 00:00:00+00:00
[2024-02-26T15:51:38.307+0000] {processor.py:183} INFO - Processing /home/airflow/.local/lib/python3.11/site-packages/airflow/example_dags/example_short_circuit_operator.py took 0.066 seconds
[2024-02-26T15:52:09.017+0000] {processor.py:161} INFO - Started process (PID=2011) to work on /home/airflow/.local/lib/python3.11/site-packages/airflow/example_dags/example_short_circuit_operator.py
[2024-02-26T15:52:09.019+0000] {processor.py:830} INFO - Processing file /home/airflow/.local/lib/python3.11/site-packages/airflow/example_dags/example_short_circuit_operator.py for tasks to queue
[2024-02-26T15:52:09.021+0000] {logging_mixin.py:188} INFO - [2024-02-26T15:52:09.020+0000] {dagbag.py:540} INFO - Filling up the DagBag from /home/airflow/.local/lib/python3.11/site-packages/airflow/example_dags/example_short_circuit_operator.py
[2024-02-26T15:52:09.029+0000] {processor.py:840} INFO - DAG(s) 'example_short_circuit_operator' retrieved from /home/airflow/.local/lib/python3.11/site-packages/airflow/example_dags/example_short_circuit_operator.py
[2024-02-26T15:52:09.052+0000] {logging_mixin.py:188} INFO - [2024-02-26T15:52:09.052+0000] {dag.py:3047} INFO - Sync 1 DAGs
[2024-02-26T15:52:09.067+0000] {logging_mixin.py:188} INFO - [2024-02-26T15:52:09.067+0000] {dag.py:3834} INFO - Setting next_dagrun for example_short_circuit_operator to 2024-02-25 00:00:00+00:00, run_after=2024-02-26 00:00:00+00:00
[2024-02-26T15:52:09.078+0000] {processor.py:183} INFO - Processing /home/airflow/.local/lib/python3.11/site-packages/airflow/example_dags/example_short_circuit_operator.py took 0.064 seconds
[2024-02-26T15:52:39.555+0000] {processor.py:161} INFO - Started process (PID=2282) to work on /home/airflow/.local/lib/python3.11/site-packages/airflow/example_dags/example_short_circuit_operator.py
[2024-02-26T15:52:39.557+0000] {processor.py:830} INFO - Processing file /home/airflow/.local/lib/python3.11/site-packages/airflow/example_dags/example_short_circuit_operator.py for tasks to queue
[2024-02-26T15:52:39.559+0000] {logging_mixin.py:188} INFO - [2024-02-26T15:52:39.558+0000] {dagbag.py:540} INFO - Filling up the DagBag from /home/airflow/.local/lib/python3.11/site-packages/airflow/example_dags/example_short_circuit_operator.py
[2024-02-26T15:52:39.565+0000] {processor.py:840} INFO - DAG(s) 'example_short_circuit_operator' retrieved from /home/airflow/.local/lib/python3.11/site-packages/airflow/example_dags/example_short_circuit_operator.py
[2024-02-26T15:52:39.586+0000] {logging_mixin.py:188} INFO - [2024-02-26T15:52:39.586+0000] {dag.py:3047} INFO - Sync 1 DAGs
[2024-02-26T15:52:39.604+0000] {logging_mixin.py:188} INFO - [2024-02-26T15:52:39.603+0000] {dag.py:3834} INFO - Setting next_dagrun for example_short_circuit_operator to 2024-02-25 00:00:00+00:00, run_after=2024-02-26 00:00:00+00:00
[2024-02-26T15:52:39.620+0000] {processor.py:183} INFO - Processing /home/airflow/.local/lib/python3.11/site-packages/airflow/example_dags/example_short_circuit_operator.py took 0.068 seconds
[2024-02-26T15:53:10.364+0000] {processor.py:161} INFO - Started process (PID=2531) to work on /home/airflow/.local/lib/python3.11/site-packages/airflow/example_dags/example_short_circuit_operator.py
[2024-02-26T15:53:10.365+0000] {processor.py:830} INFO - Processing file /home/airflow/.local/lib/python3.11/site-packages/airflow/example_dags/example_short_circuit_operator.py for tasks to queue
[2024-02-26T15:53:10.368+0000] {logging_mixin.py:188} INFO - [2024-02-26T15:53:10.368+0000] {dagbag.py:540} INFO - Filling up the DagBag from /home/airflow/.local/lib/python3.11/site-packages/airflow/example_dags/example_short_circuit_operator.py
[2024-02-26T15:53:10.376+0000] {processor.py:840} INFO - DAG(s) 'example_short_circuit_operator' retrieved from /home/airflow/.local/lib/python3.11/site-packages/airflow/example_dags/example_short_circuit_operator.py
[2024-02-26T15:53:10.396+0000] {logging_mixin.py:188} INFO - [2024-02-26T15:53:10.396+0000] {dag.py:3047} INFO - Sync 1 DAGs
[2024-02-26T15:53:10.411+0000] {logging_mixin.py:188} INFO - [2024-02-26T15:53:10.411+0000] {dag.py:3834} INFO - Setting next_dagrun for example_short_circuit_operator to 2024-02-25 00:00:00+00:00, run_after=2024-02-26 00:00:00+00:00
[2024-02-26T15:53:10.422+0000] {processor.py:183} INFO - Processing /home/airflow/.local/lib/python3.11/site-packages/airflow/example_dags/example_short_circuit_operator.py took 0.061 seconds
[2024-02-26T15:53:41.190+0000] {processor.py:161} INFO - Started process (PID=2776) to work on /home/airflow/.local/lib/python3.11/site-packages/airflow/example_dags/example_short_circuit_operator.py
[2024-02-26T15:53:41.192+0000] {processor.py:830} INFO - Processing file /home/airflow/.local/lib/python3.11/site-packages/airflow/example_dags/example_short_circuit_operator.py for tasks to queue
[2024-02-26T15:53:41.193+0000] {logging_mixin.py:188} INFO - [2024-02-26T15:53:41.193+0000] {dagbag.py:540} INFO - Filling up the DagBag from /home/airflow/.local/lib/python3.11/site-packages/airflow/example_dags/example_short_circuit_operator.py
[2024-02-26T15:53:41.201+0000] {processor.py:840} INFO - DAG(s) 'example_short_circuit_operator' retrieved from /home/airflow/.local/lib/python3.11/site-packages/airflow/example_dags/example_short_circuit_operator.py
[2024-02-26T15:53:41.222+0000] {logging_mixin.py:188} INFO - [2024-02-26T15:53:41.222+0000] {dag.py:3047} INFO - Sync 1 DAGs
[2024-02-26T15:53:41.238+0000] {logging_mixin.py:188} INFO - [2024-02-26T15:53:41.238+0000] {dag.py:3834} INFO - Setting next_dagrun for example_short_circuit_operator to 2024-02-25 00:00:00+00:00, run_after=2024-02-26 00:00:00+00:00
[2024-02-26T15:53:41.250+0000] {processor.py:183} INFO - Processing /home/airflow/.local/lib/python3.11/site-packages/airflow/example_dags/example_short_circuit_operator.py took 0.063 seconds
[2024-02-26T15:54:11.960+0000] {processor.py:161} INFO - Started process (PID=3023) to work on /home/airflow/.local/lib/python3.11/site-packages/airflow/example_dags/example_short_circuit_operator.py
[2024-02-26T15:54:11.961+0000] {processor.py:830} INFO - Processing file /home/airflow/.local/lib/python3.11/site-packages/airflow/example_dags/example_short_circuit_operator.py for tasks to queue
[2024-02-26T15:54:11.963+0000] {logging_mixin.py:188} INFO - [2024-02-26T15:54:11.962+0000] {dagbag.py:540} INFO - Filling up the DagBag from /home/airflow/.local/lib/python3.11/site-packages/airflow/example_dags/example_short_circuit_operator.py
[2024-02-26T15:54:11.971+0000] {processor.py:840} INFO - DAG(s) 'example_short_circuit_operator' retrieved from /home/airflow/.local/lib/python3.11/site-packages/airflow/example_dags/example_short_circuit_operator.py
[2024-02-26T15:54:11.991+0000] {logging_mixin.py:188} INFO - [2024-02-26T15:54:11.991+0000] {dag.py:3047} INFO - Sync 1 DAGs
[2024-02-26T15:54:12.007+0000] {logging_mixin.py:188} INFO - [2024-02-26T15:54:12.007+0000] {dag.py:3834} INFO - Setting next_dagrun for example_short_circuit_operator to 2024-02-25 00:00:00+00:00, run_after=2024-02-26 00:00:00+00:00
[2024-02-26T15:54:12.018+0000] {processor.py:183} INFO - Processing /home/airflow/.local/lib/python3.11/site-packages/airflow/example_dags/example_short_circuit_operator.py took 0.061 seconds
[2024-02-26T15:54:42.731+0000] {processor.py:161} INFO - Started process (PID=3270) to work on /home/airflow/.local/lib/python3.11/site-packages/airflow/example_dags/example_short_circuit_operator.py
[2024-02-26T15:54:42.733+0000] {processor.py:830} INFO - Processing file /home/airflow/.local/lib/python3.11/site-packages/airflow/example_dags/example_short_circuit_operator.py for tasks to queue
[2024-02-26T15:54:42.734+0000] {logging_mixin.py:188} INFO - [2024-02-26T15:54:42.734+0000] {dagbag.py:540} INFO - Filling up the DagBag from /home/airflow/.local/lib/python3.11/site-packages/airflow/example_dags/example_short_circuit_operator.py
[2024-02-26T15:54:42.743+0000] {processor.py:840} INFO - DAG(s) 'example_short_circuit_operator' retrieved from /home/airflow/.local/lib/python3.11/site-packages/airflow/example_dags/example_short_circuit_operator.py
[2024-02-26T15:54:42.761+0000] {logging_mixin.py:188} INFO - [2024-02-26T15:54:42.761+0000] {dag.py:3047} INFO - Sync 1 DAGs
[2024-02-26T15:54:42.776+0000] {logging_mixin.py:188} INFO - [2024-02-26T15:54:42.776+0000] {dag.py:3834} INFO - Setting next_dagrun for example_short_circuit_operator to 2024-02-25 00:00:00+00:00, run_after=2024-02-26 00:00:00+00:00
[2024-02-26T15:54:42.788+0000] {processor.py:183} INFO - Processing /home/airflow/.local/lib/python3.11/site-packages/airflow/example_dags/example_short_circuit_operator.py took 0.060 seconds
[2024-02-26T15:55:13.658+0000] {processor.py:161} INFO - Started process (PID=3516) to work on /home/airflow/.local/lib/python3.11/site-packages/airflow/example_dags/example_short_circuit_operator.py
[2024-02-26T15:55:13.660+0000] {processor.py:830} INFO - Processing file /home/airflow/.local/lib/python3.11/site-packages/airflow/example_dags/example_short_circuit_operator.py for tasks to queue
[2024-02-26T15:55:13.662+0000] {logging_mixin.py:188} INFO - [2024-02-26T15:55:13.661+0000] {dagbag.py:540} INFO - Filling up the DagBag from /home/airflow/.local/lib/python3.11/site-packages/airflow/example_dags/example_short_circuit_operator.py
[2024-02-26T15:55:13.669+0000] {processor.py:840} INFO - DAG(s) 'example_short_circuit_operator' retrieved from /home/airflow/.local/lib/python3.11/site-packages/airflow/example_dags/example_short_circuit_operator.py
[2024-02-26T15:55:13.691+0000] {logging_mixin.py:188} INFO - [2024-02-26T15:55:13.690+0000] {dag.py:3047} INFO - Sync 1 DAGs
[2024-02-26T15:55:13.708+0000] {logging_mixin.py:188} INFO - [2024-02-26T15:55:13.708+0000] {dag.py:3834} INFO - Setting next_dagrun for example_short_circuit_operator to 2024-02-25 00:00:00+00:00, run_after=2024-02-26 00:00:00+00:00
[2024-02-26T15:55:13.722+0000] {processor.py:183} INFO - Processing /home/airflow/.local/lib/python3.11/site-packages/airflow/example_dags/example_short_circuit_operator.py took 0.067 seconds
[2024-02-26T15:55:44.732+0000] {processor.py:161} INFO - Started process (PID=3763) to work on /home/airflow/.local/lib/python3.11/site-packages/airflow/example_dags/example_short_circuit_operator.py
[2024-02-26T15:55:44.734+0000] {processor.py:830} INFO - Processing file /home/airflow/.local/lib/python3.11/site-packages/airflow/example_dags/example_short_circuit_operator.py for tasks to queue
[2024-02-26T15:55:44.735+0000] {logging_mixin.py:188} INFO - [2024-02-26T15:55:44.735+0000] {dagbag.py:540} INFO - Filling up the DagBag from /home/airflow/.local/lib/python3.11/site-packages/airflow/example_dags/example_short_circuit_operator.py
[2024-02-26T15:55:44.743+0000] {processor.py:840} INFO - DAG(s) 'example_short_circuit_operator' retrieved from /home/airflow/.local/lib/python3.11/site-packages/airflow/example_dags/example_short_circuit_operator.py
[2024-02-26T15:55:44.763+0000] {logging_mixin.py:188} INFO - [2024-02-26T15:55:44.763+0000] {dag.py:3047} INFO - Sync 1 DAGs
[2024-02-26T15:55:44.777+0000] {logging_mixin.py:188} INFO - [2024-02-26T15:55:44.777+0000] {dag.py:3834} INFO - Setting next_dagrun for example_short_circuit_operator to 2024-02-25 00:00:00+00:00, run_after=2024-02-26 00:00:00+00:00
[2024-02-26T15:55:44.790+0000] {processor.py:183} INFO - Processing /home/airflow/.local/lib/python3.11/site-packages/airflow/example_dags/example_short_circuit_operator.py took 0.061 seconds
[2024-02-26T15:56:15.033+0000] {processor.py:161} INFO - Started process (PID=4010) to work on /home/airflow/.local/lib/python3.11/site-packages/airflow/example_dags/example_short_circuit_operator.py
[2024-02-26T15:56:15.035+0000] {processor.py:830} INFO - Processing file /home/airflow/.local/lib/python3.11/site-packages/airflow/example_dags/example_short_circuit_operator.py for tasks to queue
[2024-02-26T15:56:15.037+0000] {logging_mixin.py:188} INFO - [2024-02-26T15:56:15.036+0000] {dagbag.py:540} INFO - Filling up the DagBag from /home/airflow/.local/lib/python3.11/site-packages/airflow/example_dags/example_short_circuit_operator.py
[2024-02-26T15:56:15.045+0000] {processor.py:840} INFO - DAG(s) 'example_short_circuit_operator' retrieved from /home/airflow/.local/lib/python3.11/site-packages/airflow/example_dags/example_short_circuit_operator.py
[2024-02-26T15:56:15.066+0000] {logging_mixin.py:188} INFO - [2024-02-26T15:56:15.066+0000] {dag.py:3047} INFO - Sync 1 DAGs
[2024-02-26T15:56:15.082+0000] {logging_mixin.py:188} INFO - [2024-02-26T15:56:15.082+0000] {dag.py:3834} INFO - Setting next_dagrun for example_short_circuit_operator to 2024-02-25 00:00:00+00:00, run_after=2024-02-26 00:00:00+00:00
[2024-02-26T15:56:15.095+0000] {processor.py:183} INFO - Processing /home/airflow/.local/lib/python3.11/site-packages/airflow/example_dags/example_short_circuit_operator.py took 0.065 seconds
[2024-02-26T15:56:45.270+0000] {processor.py:161} INFO - Started process (PID=4258) to work on /home/airflow/.local/lib/python3.11/site-packages/airflow/example_dags/example_short_circuit_operator.py
[2024-02-26T15:56:45.274+0000] {processor.py:830} INFO - Processing file /home/airflow/.local/lib/python3.11/site-packages/airflow/example_dags/example_short_circuit_operator.py for tasks to queue
[2024-02-26T15:56:45.277+0000] {logging_mixin.py:188} INFO - [2024-02-26T15:56:45.276+0000] {dagbag.py:540} INFO - Filling up the DagBag from /home/airflow/.local/lib/python3.11/site-packages/airflow/example_dags/example_short_circuit_operator.py
[2024-02-26T15:56:45.285+0000] {processor.py:840} INFO - DAG(s) 'example_short_circuit_operator' retrieved from /home/airflow/.local/lib/python3.11/site-packages/airflow/example_dags/example_short_circuit_operator.py
[2024-02-26T15:56:45.317+0000] {logging_mixin.py:188} INFO - [2024-02-26T15:56:45.316+0000] {dag.py:3047} INFO - Sync 1 DAGs
[2024-02-26T15:56:45.334+0000] {logging_mixin.py:188} INFO - [2024-02-26T15:56:45.334+0000] {dag.py:3834} INFO - Setting next_dagrun for example_short_circuit_operator to 2024-02-25 00:00:00+00:00, run_after=2024-02-26 00:00:00+00:00
[2024-02-26T15:56:45.355+0000] {processor.py:183} INFO - Processing /home/airflow/.local/lib/python3.11/site-packages/airflow/example_dags/example_short_circuit_operator.py took 0.089 seconds
[2024-02-26T15:57:15.761+0000] {processor.py:161} INFO - Started process (PID=4507) to work on /home/airflow/.local/lib/python3.11/site-packages/airflow/example_dags/example_short_circuit_operator.py
[2024-02-26T15:57:15.765+0000] {processor.py:830} INFO - Processing file /home/airflow/.local/lib/python3.11/site-packages/airflow/example_dags/example_short_circuit_operator.py for tasks to queue
[2024-02-26T15:57:15.767+0000] {logging_mixin.py:188} INFO - [2024-02-26T15:57:15.767+0000] {dagbag.py:540} INFO - Filling up the DagBag from /home/airflow/.local/lib/python3.11/site-packages/airflow/example_dags/example_short_circuit_operator.py
[2024-02-26T15:57:15.777+0000] {processor.py:840} INFO - DAG(s) 'example_short_circuit_operator' retrieved from /home/airflow/.local/lib/python3.11/site-packages/airflow/example_dags/example_short_circuit_operator.py
[2024-02-26T15:57:15.799+0000] {logging_mixin.py:188} INFO - [2024-02-26T15:57:15.799+0000] {dag.py:3047} INFO - Sync 1 DAGs
[2024-02-26T15:57:15.814+0000] {logging_mixin.py:188} INFO - [2024-02-26T15:57:15.814+0000] {dag.py:3834} INFO - Setting next_dagrun for example_short_circuit_operator to 2024-02-25 00:00:00+00:00, run_after=2024-02-26 00:00:00+00:00
[2024-02-26T15:57:15.827+0000] {processor.py:183} INFO - Processing /home/airflow/.local/lib/python3.11/site-packages/airflow/example_dags/example_short_circuit_operator.py took 0.070 seconds
[2024-02-26T15:57:45.926+0000] {processor.py:161} INFO - Started process (PID=4752) to work on /home/airflow/.local/lib/python3.11/site-packages/airflow/example_dags/example_short_circuit_operator.py
[2024-02-26T15:57:45.929+0000] {processor.py:830} INFO - Processing file /home/airflow/.local/lib/python3.11/site-packages/airflow/example_dags/example_short_circuit_operator.py for tasks to queue
[2024-02-26T15:57:45.931+0000] {logging_mixin.py:188} INFO - [2024-02-26T15:57:45.930+0000] {dagbag.py:540} INFO - Filling up the DagBag from /home/airflow/.local/lib/python3.11/site-packages/airflow/example_dags/example_short_circuit_operator.py
[2024-02-26T15:57:45.938+0000] {processor.py:840} INFO - DAG(s) 'example_short_circuit_operator' retrieved from /home/airflow/.local/lib/python3.11/site-packages/airflow/example_dags/example_short_circuit_operator.py
[2024-02-26T15:57:45.960+0000] {logging_mixin.py:188} INFO - [2024-02-26T15:57:45.960+0000] {dag.py:3047} INFO - Sync 1 DAGs
[2024-02-26T15:57:45.978+0000] {logging_mixin.py:188} INFO - [2024-02-26T15:57:45.977+0000] {dag.py:3834} INFO - Setting next_dagrun for example_short_circuit_operator to 2024-02-25 00:00:00+00:00, run_after=2024-02-26 00:00:00+00:00
[2024-02-26T15:57:45.991+0000] {processor.py:183} INFO - Processing /home/airflow/.local/lib/python3.11/site-packages/airflow/example_dags/example_short_circuit_operator.py took 0.068 seconds
[2024-02-26T15:58:16.198+0000] {processor.py:161} INFO - Started process (PID=5001) to work on /home/airflow/.local/lib/python3.11/site-packages/airflow/example_dags/example_short_circuit_operator.py
[2024-02-26T15:58:16.200+0000] {processor.py:830} INFO - Processing file /home/airflow/.local/lib/python3.11/site-packages/airflow/example_dags/example_short_circuit_operator.py for tasks to queue
[2024-02-26T15:58:16.201+0000] {logging_mixin.py:188} INFO - [2024-02-26T15:58:16.201+0000] {dagbag.py:540} INFO - Filling up the DagBag from /home/airflow/.local/lib/python3.11/site-packages/airflow/example_dags/example_short_circuit_operator.py
[2024-02-26T15:58:16.210+0000] {processor.py:840} INFO - DAG(s) 'example_short_circuit_operator' retrieved from /home/airflow/.local/lib/python3.11/site-packages/airflow/example_dags/example_short_circuit_operator.py
[2024-02-26T15:58:16.230+0000] {logging_mixin.py:188} INFO - [2024-02-26T15:58:16.230+0000] {dag.py:3047} INFO - Sync 1 DAGs
[2024-02-26T15:58:16.246+0000] {logging_mixin.py:188} INFO - [2024-02-26T15:58:16.246+0000] {dag.py:3834} INFO - Setting next_dagrun for example_short_circuit_operator to 2024-02-25 00:00:00+00:00, run_after=2024-02-26 00:00:00+00:00
[2024-02-26T15:58:16.261+0000] {processor.py:183} INFO - Processing /home/airflow/.local/lib/python3.11/site-packages/airflow/example_dags/example_short_circuit_operator.py took 0.066 seconds
[2024-02-26T15:58:46.440+0000] {processor.py:161} INFO - Started process (PID=5247) to work on /home/airflow/.local/lib/python3.11/site-packages/airflow/example_dags/example_short_circuit_operator.py
[2024-02-26T15:58:46.443+0000] {processor.py:830} INFO - Processing file /home/airflow/.local/lib/python3.11/site-packages/airflow/example_dags/example_short_circuit_operator.py for tasks to queue
[2024-02-26T15:58:46.446+0000] {logging_mixin.py:188} INFO - [2024-02-26T15:58:46.446+0000] {dagbag.py:540} INFO - Filling up the DagBag from /home/airflow/.local/lib/python3.11/site-packages/airflow/example_dags/example_short_circuit_operator.py
[2024-02-26T15:58:46.456+0000] {processor.py:840} INFO - DAG(s) 'example_short_circuit_operator' retrieved from /home/airflow/.local/lib/python3.11/site-packages/airflow/example_dags/example_short_circuit_operator.py
[2024-02-26T15:58:46.478+0000] {logging_mixin.py:188} INFO - [2024-02-26T15:58:46.478+0000] {dag.py:3047} INFO - Sync 1 DAGs
[2024-02-26T15:58:46.494+0000] {logging_mixin.py:188} INFO - [2024-02-26T15:58:46.494+0000] {dag.py:3834} INFO - Setting next_dagrun for example_short_circuit_operator to 2024-02-25 00:00:00+00:00, run_after=2024-02-26 00:00:00+00:00
[2024-02-26T15:58:46.504+0000] {processor.py:183} INFO - Processing /home/airflow/.local/lib/python3.11/site-packages/airflow/example_dags/example_short_circuit_operator.py took 0.068 seconds
[2024-02-26T15:59:16.697+0000] {processor.py:161} INFO - Started process (PID=5497) to work on /home/airflow/.local/lib/python3.11/site-packages/airflow/example_dags/example_short_circuit_operator.py
[2024-02-26T15:59:16.699+0000] {processor.py:830} INFO - Processing file /home/airflow/.local/lib/python3.11/site-packages/airflow/example_dags/example_short_circuit_operator.py for tasks to queue
[2024-02-26T15:59:16.700+0000] {logging_mixin.py:188} INFO - [2024-02-26T15:59:16.700+0000] {dagbag.py:540} INFO - Filling up the DagBag from /home/airflow/.local/lib/python3.11/site-packages/airflow/example_dags/example_short_circuit_operator.py
[2024-02-26T15:59:16.707+0000] {processor.py:840} INFO - DAG(s) 'example_short_circuit_operator' retrieved from /home/airflow/.local/lib/python3.11/site-packages/airflow/example_dags/example_short_circuit_operator.py
[2024-02-26T15:59:16.729+0000] {logging_mixin.py:188} INFO - [2024-02-26T15:59:16.729+0000] {dag.py:3047} INFO - Sync 1 DAGs
[2024-02-26T15:59:16.742+0000] {logging_mixin.py:188} INFO - [2024-02-26T15:59:16.742+0000] {dag.py:3834} INFO - Setting next_dagrun for example_short_circuit_operator to 2024-02-25 00:00:00+00:00, run_after=2024-02-26 00:00:00+00:00
[2024-02-26T15:59:16.752+0000] {processor.py:183} INFO - Processing /home/airflow/.local/lib/python3.11/site-packages/airflow/example_dags/example_short_circuit_operator.py took 0.058 seconds
[2024-02-26T15:59:46.917+0000] {processor.py:161} INFO - Started process (PID=5742) to work on /home/airflow/.local/lib/python3.11/site-packages/airflow/example_dags/example_short_circuit_operator.py
[2024-02-26T15:59:46.919+0000] {processor.py:830} INFO - Processing file /home/airflow/.local/lib/python3.11/site-packages/airflow/example_dags/example_short_circuit_operator.py for tasks to queue
[2024-02-26T15:59:46.920+0000] {logging_mixin.py:188} INFO - [2024-02-26T15:59:46.920+0000] {dagbag.py:540} INFO - Filling up the DagBag from /home/airflow/.local/lib/python3.11/site-packages/airflow/example_dags/example_short_circuit_operator.py
[2024-02-26T15:59:46.927+0000] {processor.py:840} INFO - DAG(s) 'example_short_circuit_operator' retrieved from /home/airflow/.local/lib/python3.11/site-packages/airflow/example_dags/example_short_circuit_operator.py
[2024-02-26T15:59:46.946+0000] {logging_mixin.py:188} INFO - [2024-02-26T15:59:46.946+0000] {dag.py:3047} INFO - Sync 1 DAGs
[2024-02-26T15:59:46.960+0000] {logging_mixin.py:188} INFO - [2024-02-26T15:59:46.960+0000] {dag.py:3834} INFO - Setting next_dagrun for example_short_circuit_operator to 2024-02-25 00:00:00+00:00, run_after=2024-02-26 00:00:00+00:00
[2024-02-26T15:59:46.972+0000] {processor.py:183} INFO - Processing /home/airflow/.local/lib/python3.11/site-packages/airflow/example_dags/example_short_circuit_operator.py took 0.058 seconds
[2024-02-26T16:00:17.835+0000] {processor.py:161} INFO - Started process (PID=5991) to work on /home/airflow/.local/lib/python3.11/site-packages/airflow/example_dags/example_short_circuit_operator.py
[2024-02-26T16:00:17.837+0000] {processor.py:830} INFO - Processing file /home/airflow/.local/lib/python3.11/site-packages/airflow/example_dags/example_short_circuit_operator.py for tasks to queue
[2024-02-26T16:00:17.840+0000] {logging_mixin.py:188} INFO - [2024-02-26T16:00:17.839+0000] {dagbag.py:540} INFO - Filling up the DagBag from /home/airflow/.local/lib/python3.11/site-packages/airflow/example_dags/example_short_circuit_operator.py
[2024-02-26T16:00:17.847+0000] {processor.py:840} INFO - DAG(s) 'example_short_circuit_operator' retrieved from /home/airflow/.local/lib/python3.11/site-packages/airflow/example_dags/example_short_circuit_operator.py
[2024-02-26T16:00:17.867+0000] {logging_mixin.py:188} INFO - [2024-02-26T16:00:17.867+0000] {dag.py:3047} INFO - Sync 1 DAGs
[2024-02-26T16:00:17.881+0000] {logging_mixin.py:188} INFO - [2024-02-26T16:00:17.881+0000] {dag.py:3834} INFO - Setting next_dagrun for example_short_circuit_operator to 2024-02-25 00:00:00+00:00, run_after=2024-02-26 00:00:00+00:00
[2024-02-26T16:00:17.893+0000] {processor.py:183} INFO - Processing /home/airflow/.local/lib/python3.11/site-packages/airflow/example_dags/example_short_circuit_operator.py took 0.061 seconds
[2024-02-26T16:00:48.681+0000] {processor.py:161} INFO - Started process (PID=6237) to work on /home/airflow/.local/lib/python3.11/site-packages/airflow/example_dags/example_short_circuit_operator.py
[2024-02-26T16:00:48.682+0000] {processor.py:830} INFO - Processing file /home/airflow/.local/lib/python3.11/site-packages/airflow/example_dags/example_short_circuit_operator.py for tasks to queue
[2024-02-26T16:00:48.684+0000] {logging_mixin.py:188} INFO - [2024-02-26T16:00:48.684+0000] {dagbag.py:540} INFO - Filling up the DagBag from /home/airflow/.local/lib/python3.11/site-packages/airflow/example_dags/example_short_circuit_operator.py
[2024-02-26T16:00:48.694+0000] {processor.py:840} INFO - DAG(s) 'example_short_circuit_operator' retrieved from /home/airflow/.local/lib/python3.11/site-packages/airflow/example_dags/example_short_circuit_operator.py
[2024-02-26T16:00:48.714+0000] {logging_mixin.py:188} INFO - [2024-02-26T16:00:48.714+0000] {dag.py:3047} INFO - Sync 1 DAGs
[2024-02-26T16:00:48.728+0000] {logging_mixin.py:188} INFO - [2024-02-26T16:00:48.728+0000] {dag.py:3834} INFO - Setting next_dagrun for example_short_circuit_operator to 2024-02-25 00:00:00+00:00, run_after=2024-02-26 00:00:00+00:00
[2024-02-26T16:00:48.740+0000] {processor.py:183} INFO - Processing /home/airflow/.local/lib/python3.11/site-packages/airflow/example_dags/example_short_circuit_operator.py took 0.062 seconds
[2024-02-26T16:01:19.393+0000] {processor.py:161} INFO - Started process (PID=6482) to work on /home/airflow/.local/lib/python3.11/site-packages/airflow/example_dags/example_short_circuit_operator.py
[2024-02-26T16:01:19.395+0000] {processor.py:830} INFO - Processing file /home/airflow/.local/lib/python3.11/site-packages/airflow/example_dags/example_short_circuit_operator.py for tasks to queue
[2024-02-26T16:01:19.396+0000] {logging_mixin.py:188} INFO - [2024-02-26T16:01:19.396+0000] {dagbag.py:540} INFO - Filling up the DagBag from /home/airflow/.local/lib/python3.11/site-packages/airflow/example_dags/example_short_circuit_operator.py
[2024-02-26T16:01:19.404+0000] {processor.py:840} INFO - DAG(s) 'example_short_circuit_operator' retrieved from /home/airflow/.local/lib/python3.11/site-packages/airflow/example_dags/example_short_circuit_operator.py
[2024-02-26T16:01:19.425+0000] {logging_mixin.py:188} INFO - [2024-02-26T16:01:19.425+0000] {dag.py:3047} INFO - Sync 1 DAGs
[2024-02-26T16:01:19.441+0000] {logging_mixin.py:188} INFO - [2024-02-26T16:01:19.441+0000] {dag.py:3834} INFO - Setting next_dagrun for example_short_circuit_operator to 2024-02-25 00:00:00+00:00, run_after=2024-02-26 00:00:00+00:00
[2024-02-26T16:01:19.453+0000] {processor.py:183} INFO - Processing /home/airflow/.local/lib/python3.11/site-packages/airflow/example_dags/example_short_circuit_operator.py took 0.063 seconds
[2024-02-26T16:01:49.538+0000] {processor.py:161} INFO - Started process (PID=6729) to work on /home/airflow/.local/lib/python3.11/site-packages/airflow/example_dags/example_short_circuit_operator.py
[2024-02-26T16:01:49.540+0000] {processor.py:830} INFO - Processing file /home/airflow/.local/lib/python3.11/site-packages/airflow/example_dags/example_short_circuit_operator.py for tasks to queue
[2024-02-26T16:01:49.542+0000] {logging_mixin.py:188} INFO - [2024-02-26T16:01:49.541+0000] {dagbag.py:540} INFO - Filling up the DagBag from /home/airflow/.local/lib/python3.11/site-packages/airflow/example_dags/example_short_circuit_operator.py
[2024-02-26T16:01:49.549+0000] {processor.py:840} INFO - DAG(s) 'example_short_circuit_operator' retrieved from /home/airflow/.local/lib/python3.11/site-packages/airflow/example_dags/example_short_circuit_operator.py
[2024-02-26T16:01:49.568+0000] {logging_mixin.py:188} INFO - [2024-02-26T16:01:49.568+0000] {dag.py:3047} INFO - Sync 1 DAGs
[2024-02-26T16:01:49.582+0000] {logging_mixin.py:188} INFO - [2024-02-26T16:01:49.582+0000] {dag.py:3834} INFO - Setting next_dagrun for example_short_circuit_operator to 2024-02-25 00:00:00+00:00, run_after=2024-02-26 00:00:00+00:00
[2024-02-26T16:01:49.593+0000] {processor.py:183} INFO - Processing /home/airflow/.local/lib/python3.11/site-packages/airflow/example_dags/example_short_circuit_operator.py took 0.058 seconds
[2024-02-26T16:02:20.612+0000] {processor.py:161} INFO - Started process (PID=6976) to work on /home/airflow/.local/lib/python3.11/site-packages/airflow/example_dags/example_short_circuit_operator.py
[2024-02-26T16:02:20.615+0000] {processor.py:830} INFO - Processing file /home/airflow/.local/lib/python3.11/site-packages/airflow/example_dags/example_short_circuit_operator.py for tasks to queue
[2024-02-26T16:02:20.617+0000] {logging_mixin.py:188} INFO - [2024-02-26T16:02:20.616+0000] {dagbag.py:540} INFO - Filling up the DagBag from /home/airflow/.local/lib/python3.11/site-packages/airflow/example_dags/example_short_circuit_operator.py
[2024-02-26T16:02:20.627+0000] {processor.py:840} INFO - DAG(s) 'example_short_circuit_operator' retrieved from /home/airflow/.local/lib/python3.11/site-packages/airflow/example_dags/example_short_circuit_operator.py
[2024-02-26T16:02:20.657+0000] {logging_mixin.py:188} INFO - [2024-02-26T16:02:20.657+0000] {dag.py:3047} INFO - Sync 1 DAGs
[2024-02-26T16:02:20.675+0000] {logging_mixin.py:188} INFO - [2024-02-26T16:02:20.675+0000] {dag.py:3834} INFO - Setting next_dagrun for example_short_circuit_operator to 2024-02-25 00:00:00+00:00, run_after=2024-02-26 00:00:00+00:00
[2024-02-26T16:02:20.692+0000] {processor.py:183} INFO - Processing /home/airflow/.local/lib/python3.11/site-packages/airflow/example_dags/example_short_circuit_operator.py took 0.083 seconds
[2024-02-26T16:02:50.923+0000] {processor.py:161} INFO - Started process (PID=7225) to work on /home/airflow/.local/lib/python3.11/site-packages/airflow/example_dags/example_short_circuit_operator.py
[2024-02-26T16:02:50.925+0000] {processor.py:830} INFO - Processing file /home/airflow/.local/lib/python3.11/site-packages/airflow/example_dags/example_short_circuit_operator.py for tasks to queue
[2024-02-26T16:02:50.927+0000] {logging_mixin.py:188} INFO - [2024-02-26T16:02:50.927+0000] {dagbag.py:540} INFO - Filling up the DagBag from /home/airflow/.local/lib/python3.11/site-packages/airflow/example_dags/example_short_circuit_operator.py
[2024-02-26T16:02:50.934+0000] {processor.py:840} INFO - DAG(s) 'example_short_circuit_operator' retrieved from /home/airflow/.local/lib/python3.11/site-packages/airflow/example_dags/example_short_circuit_operator.py
[2024-02-26T16:02:50.955+0000] {logging_mixin.py:188} INFO - [2024-02-26T16:02:50.955+0000] {dag.py:3047} INFO - Sync 1 DAGs
[2024-02-26T16:02:50.970+0000] {logging_mixin.py:188} INFO - [2024-02-26T16:02:50.970+0000] {dag.py:3834} INFO - Setting next_dagrun for example_short_circuit_operator to 2024-02-25 00:00:00+00:00, run_after=2024-02-26 00:00:00+00:00
[2024-02-26T16:02:50.989+0000] {processor.py:183} INFO - Processing /home/airflow/.local/lib/python3.11/site-packages/airflow/example_dags/example_short_circuit_operator.py took 0.069 seconds
[2024-02-26T16:03:21.045+0000] {processor.py:161} INFO - Started process (PID=7472) to work on /home/airflow/.local/lib/python3.11/site-packages/airflow/example_dags/example_short_circuit_operator.py
[2024-02-26T16:03:21.048+0000] {processor.py:830} INFO - Processing file /home/airflow/.local/lib/python3.11/site-packages/airflow/example_dags/example_short_circuit_operator.py for tasks to queue
[2024-02-26T16:03:21.050+0000] {logging_mixin.py:188} INFO - [2024-02-26T16:03:21.049+0000] {dagbag.py:540} INFO - Filling up the DagBag from /home/airflow/.local/lib/python3.11/site-packages/airflow/example_dags/example_short_circuit_operator.py
[2024-02-26T16:03:21.058+0000] {processor.py:840} INFO - DAG(s) 'example_short_circuit_operator' retrieved from /home/airflow/.local/lib/python3.11/site-packages/airflow/example_dags/example_short_circuit_operator.py
[2024-02-26T16:03:21.116+0000] {logging_mixin.py:188} INFO - [2024-02-26T16:03:21.115+0000] {dag.py:3047} INFO - Sync 1 DAGs
[2024-02-26T16:03:21.134+0000] {logging_mixin.py:188} INFO - [2024-02-26T16:03:21.134+0000] {dag.py:3834} INFO - Setting next_dagrun for example_short_circuit_operator to 2024-02-25 00:00:00+00:00, run_after=2024-02-26 00:00:00+00:00
[2024-02-26T16:03:21.150+0000] {processor.py:183} INFO - Processing /home/airflow/.local/lib/python3.11/site-packages/airflow/example_dags/example_short_circuit_operator.py took 0.110 seconds
[2024-02-26T16:03:51.241+0000] {processor.py:161} INFO - Started process (PID=7718) to work on /home/airflow/.local/lib/python3.11/site-packages/airflow/example_dags/example_short_circuit_operator.py
[2024-02-26T16:03:51.243+0000] {processor.py:830} INFO - Processing file /home/airflow/.local/lib/python3.11/site-packages/airflow/example_dags/example_short_circuit_operator.py for tasks to queue
[2024-02-26T16:03:51.244+0000] {logging_mixin.py:188} INFO - [2024-02-26T16:03:51.244+0000] {dagbag.py:540} INFO - Filling up the DagBag from /home/airflow/.local/lib/python3.11/site-packages/airflow/example_dags/example_short_circuit_operator.py
[2024-02-26T16:03:51.252+0000] {processor.py:840} INFO - DAG(s) 'example_short_circuit_operator' retrieved from /home/airflow/.local/lib/python3.11/site-packages/airflow/example_dags/example_short_circuit_operator.py
[2024-02-26T16:03:51.276+0000] {logging_mixin.py:188} INFO - [2024-02-26T16:03:51.275+0000] {dag.py:3047} INFO - Sync 1 DAGs
[2024-02-26T16:03:51.291+0000] {logging_mixin.py:188} INFO - [2024-02-26T16:03:51.291+0000] {dag.py:3834} INFO - Setting next_dagrun for example_short_circuit_operator to 2024-02-25 00:00:00+00:00, run_after=2024-02-26 00:00:00+00:00
[2024-02-26T16:03:51.302+0000] {processor.py:183} INFO - Processing /home/airflow/.local/lib/python3.11/site-packages/airflow/example_dags/example_short_circuit_operator.py took 0.064 seconds
[2024-02-26T16:04:21.957+0000] {processor.py:161} INFO - Started process (PID=7965) to work on /home/airflow/.local/lib/python3.11/site-packages/airflow/example_dags/example_short_circuit_operator.py
[2024-02-26T16:04:21.960+0000] {processor.py:830} INFO - Processing file /home/airflow/.local/lib/python3.11/site-packages/airflow/example_dags/example_short_circuit_operator.py for tasks to queue
[2024-02-26T16:04:21.962+0000] {logging_mixin.py:188} INFO - [2024-02-26T16:04:21.961+0000] {dagbag.py:540} INFO - Filling up the DagBag from /home/airflow/.local/lib/python3.11/site-packages/airflow/example_dags/example_short_circuit_operator.py
[2024-02-26T16:04:21.970+0000] {processor.py:840} INFO - DAG(s) 'example_short_circuit_operator' retrieved from /home/airflow/.local/lib/python3.11/site-packages/airflow/example_dags/example_short_circuit_operator.py
[2024-02-26T16:04:21.994+0000] {logging_mixin.py:188} INFO - [2024-02-26T16:04:21.994+0000] {dag.py:3047} INFO - Sync 1 DAGs
[2024-02-26T16:04:22.013+0000] {logging_mixin.py:188} INFO - [2024-02-26T16:04:22.013+0000] {dag.py:3834} INFO - Setting next_dagrun for example_short_circuit_operator to 2024-02-25 00:00:00+00:00, run_after=2024-02-26 00:00:00+00:00
[2024-02-26T16:04:22.025+0000] {processor.py:183} INFO - Processing /home/airflow/.local/lib/python3.11/site-packages/airflow/example_dags/example_short_circuit_operator.py took 0.071 seconds
[2024-02-26T16:04:52.835+0000] {processor.py:161} INFO - Started process (PID=8214) to work on /home/airflow/.local/lib/python3.11/site-packages/airflow/example_dags/example_short_circuit_operator.py
[2024-02-26T16:04:52.837+0000] {processor.py:830} INFO - Processing file /home/airflow/.local/lib/python3.11/site-packages/airflow/example_dags/example_short_circuit_operator.py for tasks to queue
[2024-02-26T16:04:52.839+0000] {logging_mixin.py:188} INFO - [2024-02-26T16:04:52.838+0000] {dagbag.py:540} INFO - Filling up the DagBag from /home/airflow/.local/lib/python3.11/site-packages/airflow/example_dags/example_short_circuit_operator.py
[2024-02-26T16:04:52.847+0000] {processor.py:840} INFO - DAG(s) 'example_short_circuit_operator' retrieved from /home/airflow/.local/lib/python3.11/site-packages/airflow/example_dags/example_short_circuit_operator.py
[2024-02-26T16:04:52.867+0000] {logging_mixin.py:188} INFO - [2024-02-26T16:04:52.866+0000] {dag.py:3047} INFO - Sync 1 DAGs
[2024-02-26T16:04:52.881+0000] {logging_mixin.py:188} INFO - [2024-02-26T16:04:52.880+0000] {dag.py:3834} INFO - Setting next_dagrun for example_short_circuit_operator to 2024-02-25 00:00:00+00:00, run_after=2024-02-26 00:00:00+00:00
[2024-02-26T16:04:52.891+0000] {processor.py:183} INFO - Processing /home/airflow/.local/lib/python3.11/site-packages/airflow/example_dags/example_short_circuit_operator.py took 0.060 seconds
[2024-02-26T16:05:23.553+0000] {processor.py:161} INFO - Started process (PID=8459) to work on /home/airflow/.local/lib/python3.11/site-packages/airflow/example_dags/example_short_circuit_operator.py
[2024-02-26T16:05:23.554+0000] {processor.py:830} INFO - Processing file /home/airflow/.local/lib/python3.11/site-packages/airflow/example_dags/example_short_circuit_operator.py for tasks to queue
[2024-02-26T16:05:23.556+0000] {logging_mixin.py:188} INFO - [2024-02-26T16:05:23.555+0000] {dagbag.py:540} INFO - Filling up the DagBag from /home/airflow/.local/lib/python3.11/site-packages/airflow/example_dags/example_short_circuit_operator.py
[2024-02-26T16:05:23.564+0000] {processor.py:840} INFO - DAG(s) 'example_short_circuit_operator' retrieved from /home/airflow/.local/lib/python3.11/site-packages/airflow/example_dags/example_short_circuit_operator.py
[2024-02-26T16:05:23.586+0000] {logging_mixin.py:188} INFO - [2024-02-26T16:05:23.585+0000] {dag.py:3047} INFO - Sync 1 DAGs
[2024-02-26T16:05:23.604+0000] {logging_mixin.py:188} INFO - [2024-02-26T16:05:23.604+0000] {dag.py:3834} INFO - Setting next_dagrun for example_short_circuit_operator to 2024-02-25 00:00:00+00:00, run_after=2024-02-26 00:00:00+00:00
[2024-02-26T16:05:23.619+0000] {processor.py:183} INFO - Processing /home/airflow/.local/lib/python3.11/site-packages/airflow/example_dags/example_short_circuit_operator.py took 0.070 seconds
[2024-02-26T16:05:54.286+0000] {processor.py:161} INFO - Started process (PID=8707) to work on /home/airflow/.local/lib/python3.11/site-packages/airflow/example_dags/example_short_circuit_operator.py
[2024-02-26T16:05:54.288+0000] {processor.py:830} INFO - Processing file /home/airflow/.local/lib/python3.11/site-packages/airflow/example_dags/example_short_circuit_operator.py for tasks to queue
[2024-02-26T16:05:54.289+0000] {logging_mixin.py:188} INFO - [2024-02-26T16:05:54.289+0000] {dagbag.py:540} INFO - Filling up the DagBag from /home/airflow/.local/lib/python3.11/site-packages/airflow/example_dags/example_short_circuit_operator.py
[2024-02-26T16:05:54.298+0000] {processor.py:840} INFO - DAG(s) 'example_short_circuit_operator' retrieved from /home/airflow/.local/lib/python3.11/site-packages/airflow/example_dags/example_short_circuit_operator.py
[2024-02-26T16:05:54.318+0000] {logging_mixin.py:188} INFO - [2024-02-26T16:05:54.318+0000] {dag.py:3047} INFO - Sync 1 DAGs
[2024-02-26T16:05:54.334+0000] {logging_mixin.py:188} INFO - [2024-02-26T16:05:54.333+0000] {dag.py:3834} INFO - Setting next_dagrun for example_short_circuit_operator to 2024-02-25 00:00:00+00:00, run_after=2024-02-26 00:00:00+00:00
[2024-02-26T16:05:54.346+0000] {processor.py:183} INFO - Processing /home/airflow/.local/lib/python3.11/site-packages/airflow/example_dags/example_short_circuit_operator.py took 0.062 seconds
[2024-02-26T16:06:25.157+0000] {processor.py:161} INFO - Started process (PID=8953) to work on /home/airflow/.local/lib/python3.11/site-packages/airflow/example_dags/example_short_circuit_operator.py
[2024-02-26T16:06:25.159+0000] {processor.py:830} INFO - Processing file /home/airflow/.local/lib/python3.11/site-packages/airflow/example_dags/example_short_circuit_operator.py for tasks to queue
[2024-02-26T16:06:25.161+0000] {logging_mixin.py:188} INFO - [2024-02-26T16:06:25.160+0000] {dagbag.py:540} INFO - Filling up the DagBag from /home/airflow/.local/lib/python3.11/site-packages/airflow/example_dags/example_short_circuit_operator.py
[2024-02-26T16:06:25.168+0000] {processor.py:840} INFO - DAG(s) 'example_short_circuit_operator' retrieved from /home/airflow/.local/lib/python3.11/site-packages/airflow/example_dags/example_short_circuit_operator.py
[2024-02-26T16:06:25.189+0000] {logging_mixin.py:188} INFO - [2024-02-26T16:06:25.189+0000] {dag.py:3047} INFO - Sync 1 DAGs
[2024-02-26T16:06:25.206+0000] {logging_mixin.py:188} INFO - [2024-02-26T16:06:25.206+0000] {dag.py:3834} INFO - Setting next_dagrun for example_short_circuit_operator to 2024-02-25 00:00:00+00:00, run_after=2024-02-26 00:00:00+00:00
[2024-02-26T16:06:25.218+0000] {processor.py:183} INFO - Processing /home/airflow/.local/lib/python3.11/site-packages/airflow/example_dags/example_short_circuit_operator.py took 0.065 seconds
[2024-02-26T16:06:55.931+0000] {processor.py:161} INFO - Started process (PID=9200) to work on /home/airflow/.local/lib/python3.11/site-packages/airflow/example_dags/example_short_circuit_operator.py
[2024-02-26T16:06:55.933+0000] {processor.py:830} INFO - Processing file /home/airflow/.local/lib/python3.11/site-packages/airflow/example_dags/example_short_circuit_operator.py for tasks to queue
[2024-02-26T16:06:55.934+0000] {logging_mixin.py:188} INFO - [2024-02-26T16:06:55.934+0000] {dagbag.py:540} INFO - Filling up the DagBag from /home/airflow/.local/lib/python3.11/site-packages/airflow/example_dags/example_short_circuit_operator.py
[2024-02-26T16:06:55.942+0000] {processor.py:840} INFO - DAG(s) 'example_short_circuit_operator' retrieved from /home/airflow/.local/lib/python3.11/site-packages/airflow/example_dags/example_short_circuit_operator.py
[2024-02-26T16:06:55.964+0000] {logging_mixin.py:188} INFO - [2024-02-26T16:06:55.964+0000] {dag.py:3047} INFO - Sync 1 DAGs
[2024-02-26T16:06:55.978+0000] {logging_mixin.py:188} INFO - [2024-02-26T16:06:55.978+0000] {dag.py:3834} INFO - Setting next_dagrun for example_short_circuit_operator to 2024-02-25 00:00:00+00:00, run_after=2024-02-26 00:00:00+00:00
[2024-02-26T16:06:56.044+0000] {processor.py:183} INFO - Processing /home/airflow/.local/lib/python3.11/site-packages/airflow/example_dags/example_short_circuit_operator.py took 0.117 seconds
[2024-02-26T16:07:26.104+0000] {processor.py:161} INFO - Started process (PID=9449) to work on /home/airflow/.local/lib/python3.11/site-packages/airflow/example_dags/example_short_circuit_operator.py
[2024-02-26T16:07:26.106+0000] {processor.py:830} INFO - Processing file /home/airflow/.local/lib/python3.11/site-packages/airflow/example_dags/example_short_circuit_operator.py for tasks to queue
[2024-02-26T16:07:26.108+0000] {logging_mixin.py:188} INFO - [2024-02-26T16:07:26.108+0000] {dagbag.py:540} INFO - Filling up the DagBag from /home/airflow/.local/lib/python3.11/site-packages/airflow/example_dags/example_short_circuit_operator.py
[2024-02-26T16:07:26.115+0000] {processor.py:840} INFO - DAG(s) 'example_short_circuit_operator' retrieved from /home/airflow/.local/lib/python3.11/site-packages/airflow/example_dags/example_short_circuit_operator.py
[2024-02-26T16:07:26.134+0000] {logging_mixin.py:188} INFO - [2024-02-26T16:07:26.134+0000] {dag.py:3047} INFO - Sync 1 DAGs
[2024-02-26T16:07:26.148+0000] {logging_mixin.py:188} INFO - [2024-02-26T16:07:26.147+0000] {dag.py:3834} INFO - Setting next_dagrun for example_short_circuit_operator to 2024-02-25 00:00:00+00:00, run_after=2024-02-26 00:00:00+00:00
[2024-02-26T16:07:26.159+0000] {processor.py:183} INFO - Processing /home/airflow/.local/lib/python3.11/site-packages/airflow/example_dags/example_short_circuit_operator.py took 0.058 seconds
[2024-02-26T16:07:56.291+0000] {processor.py:161} INFO - Started process (PID=9694) to work on /home/airflow/.local/lib/python3.11/site-packages/airflow/example_dags/example_short_circuit_operator.py
[2024-02-26T16:07:56.293+0000] {processor.py:830} INFO - Processing file /home/airflow/.local/lib/python3.11/site-packages/airflow/example_dags/example_short_circuit_operator.py for tasks to queue
[2024-02-26T16:07:56.294+0000] {logging_mixin.py:188} INFO - [2024-02-26T16:07:56.294+0000] {dagbag.py:540} INFO - Filling up the DagBag from /home/airflow/.local/lib/python3.11/site-packages/airflow/example_dags/example_short_circuit_operator.py
[2024-02-26T16:07:56.306+0000] {processor.py:840} INFO - DAG(s) 'example_short_circuit_operator' retrieved from /home/airflow/.local/lib/python3.11/site-packages/airflow/example_dags/example_short_circuit_operator.py
[2024-02-26T16:07:56.329+0000] {logging_mixin.py:188} INFO - [2024-02-26T16:07:56.329+0000] {dag.py:3047} INFO - Sync 1 DAGs
[2024-02-26T16:07:56.347+0000] {logging_mixin.py:188} INFO - [2024-02-26T16:07:56.347+0000] {dag.py:3834} INFO - Setting next_dagrun for example_short_circuit_operator to 2024-02-25 00:00:00+00:00, run_after=2024-02-26 00:00:00+00:00
[2024-02-26T16:07:56.360+0000] {processor.py:183} INFO - Processing /home/airflow/.local/lib/python3.11/site-packages/airflow/example_dags/example_short_circuit_operator.py took 0.072 seconds
[2024-02-26T16:08:26.467+0000] {processor.py:161} INFO - Started process (PID=9941) to work on /home/airflow/.local/lib/python3.11/site-packages/airflow/example_dags/example_short_circuit_operator.py
[2024-02-26T16:08:26.469+0000] {processor.py:830} INFO - Processing file /home/airflow/.local/lib/python3.11/site-packages/airflow/example_dags/example_short_circuit_operator.py for tasks to queue
[2024-02-26T16:08:26.471+0000] {logging_mixin.py:188} INFO - [2024-02-26T16:08:26.471+0000] {dagbag.py:540} INFO - Filling up the DagBag from /home/airflow/.local/lib/python3.11/site-packages/airflow/example_dags/example_short_circuit_operator.py
[2024-02-26T16:08:26.479+0000] {processor.py:840} INFO - DAG(s) 'example_short_circuit_operator' retrieved from /home/airflow/.local/lib/python3.11/site-packages/airflow/example_dags/example_short_circuit_operator.py
[2024-02-26T16:08:26.500+0000] {logging_mixin.py:188} INFO - [2024-02-26T16:08:26.500+0000] {dag.py:3047} INFO - Sync 1 DAGs
[2024-02-26T16:08:26.514+0000] {logging_mixin.py:188} INFO - [2024-02-26T16:08:26.513+0000] {dag.py:3834} INFO - Setting next_dagrun for example_short_circuit_operator to 2024-02-25 00:00:00+00:00, run_after=2024-02-26 00:00:00+00:00
[2024-02-26T16:08:26.529+0000] {processor.py:183} INFO - Processing /home/airflow/.local/lib/python3.11/site-packages/airflow/example_dags/example_short_circuit_operator.py took 0.064 seconds
[2024-02-26T16:08:56.862+0000] {processor.py:161} INFO - Started process (PID=10190) to work on /home/airflow/.local/lib/python3.11/site-packages/airflow/example_dags/example_short_circuit_operator.py
[2024-02-26T16:08:56.864+0000] {processor.py:830} INFO - Processing file /home/airflow/.local/lib/python3.11/site-packages/airflow/example_dags/example_short_circuit_operator.py for tasks to queue
[2024-02-26T16:08:56.866+0000] {logging_mixin.py:188} INFO - [2024-02-26T16:08:56.865+0000] {dagbag.py:540} INFO - Filling up the DagBag from /home/airflow/.local/lib/python3.11/site-packages/airflow/example_dags/example_short_circuit_operator.py
[2024-02-26T16:08:56.877+0000] {processor.py:840} INFO - DAG(s) 'example_short_circuit_operator' retrieved from /home/airflow/.local/lib/python3.11/site-packages/airflow/example_dags/example_short_circuit_operator.py
[2024-02-26T16:08:56.900+0000] {logging_mixin.py:188} INFO - [2024-02-26T16:08:56.900+0000] {dag.py:3047} INFO - Sync 1 DAGs
[2024-02-26T16:08:56.919+0000] {logging_mixin.py:188} INFO - [2024-02-26T16:08:56.919+0000] {dag.py:3834} INFO - Setting next_dagrun for example_short_circuit_operator to 2024-02-25 00:00:00+00:00, run_after=2024-02-26 00:00:00+00:00
[2024-02-26T16:08:56.933+0000] {processor.py:183} INFO - Processing /home/airflow/.local/lib/python3.11/site-packages/airflow/example_dags/example_short_circuit_operator.py took 0.074 seconds
[2024-02-26T16:09:27.017+0000] {processor.py:161} INFO - Started process (PID=10437) to work on /home/airflow/.local/lib/python3.11/site-packages/airflow/example_dags/example_short_circuit_operator.py
[2024-02-26T16:09:27.019+0000] {processor.py:830} INFO - Processing file /home/airflow/.local/lib/python3.11/site-packages/airflow/example_dags/example_short_circuit_operator.py for tasks to queue
[2024-02-26T16:09:27.021+0000] {logging_mixin.py:188} INFO - [2024-02-26T16:09:27.020+0000] {dagbag.py:540} INFO - Filling up the DagBag from /home/airflow/.local/lib/python3.11/site-packages/airflow/example_dags/example_short_circuit_operator.py
[2024-02-26T16:09:27.028+0000] {processor.py:840} INFO - DAG(s) 'example_short_circuit_operator' retrieved from /home/airflow/.local/lib/python3.11/site-packages/airflow/example_dags/example_short_circuit_operator.py
[2024-02-26T16:09:27.047+0000] {logging_mixin.py:188} INFO - [2024-02-26T16:09:27.047+0000] {dag.py:3047} INFO - Sync 1 DAGs
[2024-02-26T16:09:27.061+0000] {logging_mixin.py:188} INFO - [2024-02-26T16:09:27.061+0000] {dag.py:3834} INFO - Setting next_dagrun for example_short_circuit_operator to 2024-02-25 00:00:00+00:00, run_after=2024-02-26 00:00:00+00:00
[2024-02-26T16:09:27.073+0000] {processor.py:183} INFO - Processing /home/airflow/.local/lib/python3.11/site-packages/airflow/example_dags/example_short_circuit_operator.py took 0.059 seconds
[2024-02-26T16:09:57.185+0000] {processor.py:161} INFO - Started process (PID=10684) to work on /home/airflow/.local/lib/python3.11/site-packages/airflow/example_dags/example_short_circuit_operator.py
[2024-02-26T16:09:57.187+0000] {processor.py:830} INFO - Processing file /home/airflow/.local/lib/python3.11/site-packages/airflow/example_dags/example_short_circuit_operator.py for tasks to queue
[2024-02-26T16:09:57.189+0000] {logging_mixin.py:188} INFO - [2024-02-26T16:09:57.189+0000] {dagbag.py:540} INFO - Filling up the DagBag from /home/airflow/.local/lib/python3.11/site-packages/airflow/example_dags/example_short_circuit_operator.py
[2024-02-26T16:09:57.198+0000] {processor.py:840} INFO - DAG(s) 'example_short_circuit_operator' retrieved from /home/airflow/.local/lib/python3.11/site-packages/airflow/example_dags/example_short_circuit_operator.py
[2024-02-26T16:09:57.225+0000] {logging_mixin.py:188} INFO - [2024-02-26T16:09:57.225+0000] {dag.py:3047} INFO - Sync 1 DAGs
[2024-02-26T16:09:57.240+0000] {logging_mixin.py:188} INFO - [2024-02-26T16:09:57.240+0000] {dag.py:3834} INFO - Setting next_dagrun for example_short_circuit_operator to 2024-02-25 00:00:00+00:00, run_after=2024-02-26 00:00:00+00:00
[2024-02-26T16:09:57.252+0000] {processor.py:183} INFO - Processing /home/airflow/.local/lib/python3.11/site-packages/airflow/example_dags/example_short_circuit_operator.py took 0.070 seconds
[2024-02-26T16:10:27.445+0000] {processor.py:161} INFO - Started process (PID=10931) to work on /home/airflow/.local/lib/python3.11/site-packages/airflow/example_dags/example_short_circuit_operator.py
[2024-02-26T16:10:27.447+0000] {processor.py:830} INFO - Processing file /home/airflow/.local/lib/python3.11/site-packages/airflow/example_dags/example_short_circuit_operator.py for tasks to queue
[2024-02-26T16:10:27.452+0000] {logging_mixin.py:188} INFO - [2024-02-26T16:10:27.452+0000] {dagbag.py:540} INFO - Filling up the DagBag from /home/airflow/.local/lib/python3.11/site-packages/airflow/example_dags/example_short_circuit_operator.py
[2024-02-26T16:10:27.459+0000] {processor.py:840} INFO - DAG(s) 'example_short_circuit_operator' retrieved from /home/airflow/.local/lib/python3.11/site-packages/airflow/example_dags/example_short_circuit_operator.py
[2024-02-26T16:10:27.482+0000] {logging_mixin.py:188} INFO - [2024-02-26T16:10:27.482+0000] {dag.py:3047} INFO - Sync 1 DAGs
[2024-02-26T16:10:27.498+0000] {logging_mixin.py:188} INFO - [2024-02-26T16:10:27.497+0000] {dag.py:3834} INFO - Setting next_dagrun for example_short_circuit_operator to 2024-02-25 00:00:00+00:00, run_after=2024-02-26 00:00:00+00:00
[2024-02-26T16:10:27.511+0000] {processor.py:183} INFO - Processing /home/airflow/.local/lib/python3.11/site-packages/airflow/example_dags/example_short_circuit_operator.py took 0.069 seconds
[2024-02-26T16:10:57.554+0000] {processor.py:161} INFO - Started process (PID=11176) to work on /home/airflow/.local/lib/python3.11/site-packages/airflow/example_dags/example_short_circuit_operator.py
[2024-02-26T16:10:57.556+0000] {processor.py:830} INFO - Processing file /home/airflow/.local/lib/python3.11/site-packages/airflow/example_dags/example_short_circuit_operator.py for tasks to queue
[2024-02-26T16:10:57.558+0000] {logging_mixin.py:188} INFO - [2024-02-26T16:10:57.557+0000] {dagbag.py:540} INFO - Filling up the DagBag from /home/airflow/.local/lib/python3.11/site-packages/airflow/example_dags/example_short_circuit_operator.py
[2024-02-26T16:10:57.565+0000] {processor.py:840} INFO - DAG(s) 'example_short_circuit_operator' retrieved from /home/airflow/.local/lib/python3.11/site-packages/airflow/example_dags/example_short_circuit_operator.py
[2024-02-26T16:10:57.585+0000] {logging_mixin.py:188} INFO - [2024-02-26T16:10:57.585+0000] {dag.py:3047} INFO - Sync 1 DAGs
[2024-02-26T16:10:57.600+0000] {logging_mixin.py:188} INFO - [2024-02-26T16:10:57.599+0000] {dag.py:3834} INFO - Setting next_dagrun for example_short_circuit_operator to 2024-02-25 00:00:00+00:00, run_after=2024-02-26 00:00:00+00:00
[2024-02-26T16:10:57.611+0000] {processor.py:183} INFO - Processing /home/airflow/.local/lib/python3.11/site-packages/airflow/example_dags/example_short_circuit_operator.py took 0.061 seconds
[2024-02-26T16:11:27.948+0000] {processor.py:161} INFO - Started process (PID=11425) to work on /home/airflow/.local/lib/python3.11/site-packages/airflow/example_dags/example_short_circuit_operator.py
[2024-02-26T16:11:27.950+0000] {processor.py:830} INFO - Processing file /home/airflow/.local/lib/python3.11/site-packages/airflow/example_dags/example_short_circuit_operator.py for tasks to queue
[2024-02-26T16:11:27.951+0000] {logging_mixin.py:188} INFO - [2024-02-26T16:11:27.951+0000] {dagbag.py:540} INFO - Filling up the DagBag from /home/airflow/.local/lib/python3.11/site-packages/airflow/example_dags/example_short_circuit_operator.py
[2024-02-26T16:11:27.958+0000] {processor.py:840} INFO - DAG(s) 'example_short_circuit_operator' retrieved from /home/airflow/.local/lib/python3.11/site-packages/airflow/example_dags/example_short_circuit_operator.py
[2024-02-26T16:11:27.977+0000] {logging_mixin.py:188} INFO - [2024-02-26T16:11:27.977+0000] {dag.py:3047} INFO - Sync 1 DAGs
[2024-02-26T16:11:27.991+0000] {logging_mixin.py:188} INFO - [2024-02-26T16:11:27.991+0000] {dag.py:3834} INFO - Setting next_dagrun for example_short_circuit_operator to 2024-02-25 00:00:00+00:00, run_after=2024-02-26 00:00:00+00:00
[2024-02-26T16:11:28.002+0000] {processor.py:183} INFO - Processing /home/airflow/.local/lib/python3.11/site-packages/airflow/example_dags/example_short_circuit_operator.py took 0.057 seconds
[2024-02-26T16:11:58.166+0000] {processor.py:161} INFO - Started process (PID=11672) to work on /home/airflow/.local/lib/python3.11/site-packages/airflow/example_dags/example_short_circuit_operator.py
[2024-02-26T16:11:58.168+0000] {processor.py:830} INFO - Processing file /home/airflow/.local/lib/python3.11/site-packages/airflow/example_dags/example_short_circuit_operator.py for tasks to queue
[2024-02-26T16:11:58.169+0000] {logging_mixin.py:188} INFO - [2024-02-26T16:11:58.169+0000] {dagbag.py:540} INFO - Filling up the DagBag from /home/airflow/.local/lib/python3.11/site-packages/airflow/example_dags/example_short_circuit_operator.py
[2024-02-26T16:11:58.181+0000] {processor.py:840} INFO - DAG(s) 'example_short_circuit_operator' retrieved from /home/airflow/.local/lib/python3.11/site-packages/airflow/example_dags/example_short_circuit_operator.py
[2024-02-26T16:11:58.202+0000] {logging_mixin.py:188} INFO - [2024-02-26T16:11:58.202+0000] {dag.py:3047} INFO - Sync 1 DAGs
[2024-02-26T16:11:58.216+0000] {logging_mixin.py:188} INFO - [2024-02-26T16:11:58.216+0000] {dag.py:3834} INFO - Setting next_dagrun for example_short_circuit_operator to 2024-02-25 00:00:00+00:00, run_after=2024-02-26 00:00:00+00:00
[2024-02-26T16:11:58.229+0000] {processor.py:183} INFO - Processing /home/airflow/.local/lib/python3.11/site-packages/airflow/example_dags/example_short_circuit_operator.py took 0.065 seconds
[2024-02-26T16:12:28.313+0000] {processor.py:161} INFO - Started process (PID=11919) to work on /home/airflow/.local/lib/python3.11/site-packages/airflow/example_dags/example_short_circuit_operator.py
[2024-02-26T16:12:28.315+0000] {processor.py:830} INFO - Processing file /home/airflow/.local/lib/python3.11/site-packages/airflow/example_dags/example_short_circuit_operator.py for tasks to queue
[2024-02-26T16:12:28.316+0000] {logging_mixin.py:188} INFO - [2024-02-26T16:12:28.316+0000] {dagbag.py:540} INFO - Filling up the DagBag from /home/airflow/.local/lib/python3.11/site-packages/airflow/example_dags/example_short_circuit_operator.py
[2024-02-26T16:12:28.323+0000] {processor.py:840} INFO - DAG(s) 'example_short_circuit_operator' retrieved from /home/airflow/.local/lib/python3.11/site-packages/airflow/example_dags/example_short_circuit_operator.py
[2024-02-26T16:12:28.343+0000] {logging_mixin.py:188} INFO - [2024-02-26T16:12:28.343+0000] {dag.py:3047} INFO - Sync 1 DAGs
[2024-02-26T16:12:28.358+0000] {logging_mixin.py:188} INFO - [2024-02-26T16:12:28.357+0000] {dag.py:3834} INFO - Setting next_dagrun for example_short_circuit_operator to 2024-02-25 00:00:00+00:00, run_after=2024-02-26 00:00:00+00:00
[2024-02-26T16:12:28.370+0000] {processor.py:183} INFO - Processing /home/airflow/.local/lib/python3.11/site-packages/airflow/example_dags/example_short_circuit_operator.py took 0.060 seconds
[2024-02-26T16:12:58.491+0000] {processor.py:161} INFO - Started process (PID=12165) to work on /home/airflow/.local/lib/python3.11/site-packages/airflow/example_dags/example_short_circuit_operator.py
[2024-02-26T16:12:58.492+0000] {processor.py:830} INFO - Processing file /home/airflow/.local/lib/python3.11/site-packages/airflow/example_dags/example_short_circuit_operator.py for tasks to queue
[2024-02-26T16:12:58.494+0000] {logging_mixin.py:188} INFO - [2024-02-26T16:12:58.493+0000] {dagbag.py:540} INFO - Filling up the DagBag from /home/airflow/.local/lib/python3.11/site-packages/airflow/example_dags/example_short_circuit_operator.py
[2024-02-26T16:12:58.501+0000] {processor.py:840} INFO - DAG(s) 'example_short_circuit_operator' retrieved from /home/airflow/.local/lib/python3.11/site-packages/airflow/example_dags/example_short_circuit_operator.py
[2024-02-26T16:12:58.523+0000] {logging_mixin.py:188} INFO - [2024-02-26T16:12:58.523+0000] {dag.py:3047} INFO - Sync 1 DAGs
[2024-02-26T16:12:58.538+0000] {logging_mixin.py:188} INFO - [2024-02-26T16:12:58.538+0000] {dag.py:3834} INFO - Setting next_dagrun for example_short_circuit_operator to 2024-02-25 00:00:00+00:00, run_after=2024-02-26 00:00:00+00:00
[2024-02-26T16:12:58.550+0000] {processor.py:183} INFO - Processing /home/airflow/.local/lib/python3.11/site-packages/airflow/example_dags/example_short_circuit_operator.py took 0.062 seconds
[2024-02-26T16:13:28.662+0000] {processor.py:161} INFO - Started process (PID=12413) to work on /home/airflow/.local/lib/python3.11/site-packages/airflow/example_dags/example_short_circuit_operator.py
[2024-02-26T16:13:28.664+0000] {processor.py:830} INFO - Processing file /home/airflow/.local/lib/python3.11/site-packages/airflow/example_dags/example_short_circuit_operator.py for tasks to queue
[2024-02-26T16:13:28.665+0000] {logging_mixin.py:188} INFO - [2024-02-26T16:13:28.665+0000] {dagbag.py:540} INFO - Filling up the DagBag from /home/airflow/.local/lib/python3.11/site-packages/airflow/example_dags/example_short_circuit_operator.py
[2024-02-26T16:13:28.675+0000] {processor.py:840} INFO - DAG(s) 'example_short_circuit_operator' retrieved from /home/airflow/.local/lib/python3.11/site-packages/airflow/example_dags/example_short_circuit_operator.py
[2024-02-26T16:13:28.695+0000] {logging_mixin.py:188} INFO - [2024-02-26T16:13:28.695+0000] {dag.py:3047} INFO - Sync 1 DAGs
[2024-02-26T16:13:28.709+0000] {logging_mixin.py:188} INFO - [2024-02-26T16:13:28.709+0000] {dag.py:3834} INFO - Setting next_dagrun for example_short_circuit_operator to 2024-02-25 00:00:00+00:00, run_after=2024-02-26 00:00:00+00:00
[2024-02-26T16:13:28.721+0000] {processor.py:183} INFO - Processing /home/airflow/.local/lib/python3.11/site-packages/airflow/example_dags/example_short_circuit_operator.py took 0.061 seconds
[2024-02-26T16:13:58.947+0000] {processor.py:161} INFO - Started process (PID=12665) to work on /home/airflow/.local/lib/python3.11/site-packages/airflow/example_dags/example_short_circuit_operator.py
[2024-02-26T16:13:58.949+0000] {processor.py:830} INFO - Processing file /home/airflow/.local/lib/python3.11/site-packages/airflow/example_dags/example_short_circuit_operator.py for tasks to queue
[2024-02-26T16:13:58.955+0000] {logging_mixin.py:188} INFO - [2024-02-26T16:13:58.954+0000] {dagbag.py:540} INFO - Filling up the DagBag from /home/airflow/.local/lib/python3.11/site-packages/airflow/example_dags/example_short_circuit_operator.py
[2024-02-26T16:13:58.963+0000] {processor.py:840} INFO - DAG(s) 'example_short_circuit_operator' retrieved from /home/airflow/.local/lib/python3.11/site-packages/airflow/example_dags/example_short_circuit_operator.py
[2024-02-26T16:13:58.992+0000] {logging_mixin.py:188} INFO - [2024-02-26T16:13:58.992+0000] {dag.py:3047} INFO - Sync 1 DAGs
[2024-02-26T16:13:59.008+0000] {logging_mixin.py:188} INFO - [2024-02-26T16:13:59.008+0000] {dag.py:3834} INFO - Setting next_dagrun for example_short_circuit_operator to 2024-02-25 00:00:00+00:00, run_after=2024-02-26 00:00:00+00:00
[2024-02-26T16:13:59.022+0000] {processor.py:183} INFO - Processing /home/airflow/.local/lib/python3.11/site-packages/airflow/example_dags/example_short_circuit_operator.py took 0.079 seconds
[2024-02-26T16:14:29.243+0000] {processor.py:161} INFO - Started process (PID=12912) to work on /home/airflow/.local/lib/python3.11/site-packages/airflow/example_dags/example_short_circuit_operator.py
[2024-02-26T16:14:29.244+0000] {processor.py:830} INFO - Processing file /home/airflow/.local/lib/python3.11/site-packages/airflow/example_dags/example_short_circuit_operator.py for tasks to queue
[2024-02-26T16:14:29.246+0000] {logging_mixin.py:188} INFO - [2024-02-26T16:14:29.246+0000] {dagbag.py:540} INFO - Filling up the DagBag from /home/airflow/.local/lib/python3.11/site-packages/airflow/example_dags/example_short_circuit_operator.py
[2024-02-26T16:14:29.253+0000] {processor.py:840} INFO - DAG(s) 'example_short_circuit_operator' retrieved from /home/airflow/.local/lib/python3.11/site-packages/airflow/example_dags/example_short_circuit_operator.py
[2024-02-26T16:14:29.273+0000] {logging_mixin.py:188} INFO - [2024-02-26T16:14:29.272+0000] {dag.py:3047} INFO - Sync 1 DAGs
[2024-02-26T16:14:29.285+0000] {logging_mixin.py:188} INFO - [2024-02-26T16:14:29.285+0000] {dag.py:3834} INFO - Setting next_dagrun for example_short_circuit_operator to 2024-02-25 00:00:00+00:00, run_after=2024-02-26 00:00:00+00:00
[2024-02-26T16:14:29.301+0000] {processor.py:183} INFO - Processing /home/airflow/.local/lib/python3.11/site-packages/airflow/example_dags/example_short_circuit_operator.py took 0.063 seconds
