[2024-02-26T15:48:35.993+0000] {processor.py:161} INFO - Started process (PID=346) to work on /home/airflow/.local/lib/python3.11/site-packages/airflow/example_dags/example_bash_operator.py
[2024-02-26T15:48:35.995+0000] {processor.py:830} INFO - Processing file /home/airflow/.local/lib/python3.11/site-packages/airflow/example_dags/example_bash_operator.py for tasks to queue
[2024-02-26T15:48:35.997+0000] {logging_mixin.py:188} INFO - [2024-02-26T15:48:35.996+0000] {dagbag.py:540} INFO - Filling up the DagBag from /home/airflow/.local/lib/python3.11/site-packages/airflow/example_dags/example_bash_operator.py
[2024-02-26T15:48:36.008+0000] {processor.py:840} INFO - DAG(s) 'example_bash_operator' retrieved from /home/airflow/.local/lib/python3.11/site-packages/airflow/example_dags/example_bash_operator.py
[2024-02-26T15:48:36.021+0000] {logging_mixin.py:188} INFO - [2024-02-26T15:48:36.021+0000] {dag.py:3047} INFO - Sync 1 DAGs
[2024-02-26T15:48:36.037+0000] {logging_mixin.py:188} INFO - [2024-02-26T15:48:36.037+0000] {dag.py:3834} INFO - Setting next_dagrun for example_bash_operator to 2024-02-25 00:00:00+00:00, run_after=2024-02-26 00:00:00+00:00
[2024-02-26T15:48:36.049+0000] {processor.py:183} INFO - Processing /home/airflow/.local/lib/python3.11/site-packages/airflow/example_dags/example_bash_operator.py took 0.059 seconds
[2024-02-26T15:49:06.887+0000] {processor.py:161} INFO - Started process (PID=593) to work on /home/airflow/.local/lib/python3.11/site-packages/airflow/example_dags/example_bash_operator.py
[2024-02-26T15:49:06.889+0000] {processor.py:830} INFO - Processing file /home/airflow/.local/lib/python3.11/site-packages/airflow/example_dags/example_bash_operator.py for tasks to queue
[2024-02-26T15:49:06.890+0000] {logging_mixin.py:188} INFO - [2024-02-26T15:49:06.890+0000] {dagbag.py:540} INFO - Filling up the DagBag from /home/airflow/.local/lib/python3.11/site-packages/airflow/example_dags/example_bash_operator.py
[2024-02-26T15:49:06.903+0000] {processor.py:840} INFO - DAG(s) 'example_bash_operator' retrieved from /home/airflow/.local/lib/python3.11/site-packages/airflow/example_dags/example_bash_operator.py
[2024-02-26T15:49:06.970+0000] {logging_mixin.py:188} INFO - [2024-02-26T15:49:06.970+0000] {dag.py:3047} INFO - Sync 1 DAGs
[2024-02-26T15:49:06.982+0000] {logging_mixin.py:188} INFO - [2024-02-26T15:49:06.982+0000] {dag.py:3834} INFO - Setting next_dagrun for example_bash_operator to 2024-02-25 00:00:00+00:00, run_after=2024-02-26 00:00:00+00:00
[2024-02-26T15:49:06.995+0000] {processor.py:183} INFO - Processing /home/airflow/.local/lib/python3.11/site-packages/airflow/example_dags/example_bash_operator.py took 0.111 seconds
[2024-02-26T15:49:37.683+0000] {processor.py:161} INFO - Started process (PID=839) to work on /home/airflow/.local/lib/python3.11/site-packages/airflow/example_dags/example_bash_operator.py
[2024-02-26T15:49:37.685+0000] {processor.py:830} INFO - Processing file /home/airflow/.local/lib/python3.11/site-packages/airflow/example_dags/example_bash_operator.py for tasks to queue
[2024-02-26T15:49:37.686+0000] {logging_mixin.py:188} INFO - [2024-02-26T15:49:37.686+0000] {dagbag.py:540} INFO - Filling up the DagBag from /home/airflow/.local/lib/python3.11/site-packages/airflow/example_dags/example_bash_operator.py
[2024-02-26T15:49:37.695+0000] {processor.py:840} INFO - DAG(s) 'example_bash_operator' retrieved from /home/airflow/.local/lib/python3.11/site-packages/airflow/example_dags/example_bash_operator.py
[2024-02-26T15:49:37.719+0000] {logging_mixin.py:188} INFO - [2024-02-26T15:49:37.719+0000] {dag.py:3047} INFO - Sync 1 DAGs
[2024-02-26T15:49:37.733+0000] {logging_mixin.py:188} INFO - [2024-02-26T15:49:37.733+0000] {dag.py:3834} INFO - Setting next_dagrun for example_bash_operator to 2024-02-25 00:00:00+00:00, run_after=2024-02-26 00:00:00+00:00
[2024-02-26T15:49:37.744+0000] {processor.py:183} INFO - Processing /home/airflow/.local/lib/python3.11/site-packages/airflow/example_dags/example_bash_operator.py took 0.064 seconds
[2024-02-26T15:50:08.468+0000] {processor.py:161} INFO - Started process (PID=1088) to work on /home/airflow/.local/lib/python3.11/site-packages/airflow/example_dags/example_bash_operator.py
[2024-02-26T15:50:08.471+0000] {processor.py:830} INFO - Processing file /home/airflow/.local/lib/python3.11/site-packages/airflow/example_dags/example_bash_operator.py for tasks to queue
[2024-02-26T15:50:08.472+0000] {logging_mixin.py:188} INFO - [2024-02-26T15:50:08.472+0000] {dagbag.py:540} INFO - Filling up the DagBag from /home/airflow/.local/lib/python3.11/site-packages/airflow/example_dags/example_bash_operator.py
[2024-02-26T15:50:08.480+0000] {processor.py:840} INFO - DAG(s) 'example_bash_operator' retrieved from /home/airflow/.local/lib/python3.11/site-packages/airflow/example_dags/example_bash_operator.py
[2024-02-26T15:50:08.502+0000] {logging_mixin.py:188} INFO - [2024-02-26T15:50:08.502+0000] {dag.py:3047} INFO - Sync 1 DAGs
[2024-02-26T15:50:08.519+0000] {logging_mixin.py:188} INFO - [2024-02-26T15:50:08.519+0000] {dag.py:3834} INFO - Setting next_dagrun for example_bash_operator to 2024-02-25 00:00:00+00:00, run_after=2024-02-26 00:00:00+00:00
[2024-02-26T15:50:08.532+0000] {processor.py:183} INFO - Processing /home/airflow/.local/lib/python3.11/site-packages/airflow/example_dags/example_bash_operator.py took 0.066 seconds
[2024-02-26T15:50:38.814+0000] {processor.py:161} INFO - Started process (PID=1334) to work on /home/airflow/.local/lib/python3.11/site-packages/airflow/example_dags/example_bash_operator.py
[2024-02-26T15:50:38.816+0000] {processor.py:830} INFO - Processing file /home/airflow/.local/lib/python3.11/site-packages/airflow/example_dags/example_bash_operator.py for tasks to queue
[2024-02-26T15:50:38.817+0000] {logging_mixin.py:188} INFO - [2024-02-26T15:50:38.817+0000] {dagbag.py:540} INFO - Filling up the DagBag from /home/airflow/.local/lib/python3.11/site-packages/airflow/example_dags/example_bash_operator.py
[2024-02-26T15:50:38.827+0000] {processor.py:840} INFO - DAG(s) 'example_bash_operator' retrieved from /home/airflow/.local/lib/python3.11/site-packages/airflow/example_dags/example_bash_operator.py
[2024-02-26T15:50:38.848+0000] {logging_mixin.py:188} INFO - [2024-02-26T15:50:38.848+0000] {dag.py:3047} INFO - Sync 1 DAGs
[2024-02-26T15:50:38.862+0000] {logging_mixin.py:188} INFO - [2024-02-26T15:50:38.862+0000] {dag.py:3834} INFO - Setting next_dagrun for example_bash_operator to 2024-02-25 00:00:00+00:00, run_after=2024-02-26 00:00:00+00:00
[2024-02-26T15:50:38.873+0000] {processor.py:183} INFO - Processing /home/airflow/.local/lib/python3.11/site-packages/airflow/example_dags/example_bash_operator.py took 0.062 seconds
[2024-02-26T15:51:09.522+0000] {processor.py:161} INFO - Started process (PID=1581) to work on /home/airflow/.local/lib/python3.11/site-packages/airflow/example_dags/example_bash_operator.py
[2024-02-26T15:51:09.524+0000] {processor.py:830} INFO - Processing file /home/airflow/.local/lib/python3.11/site-packages/airflow/example_dags/example_bash_operator.py for tasks to queue
[2024-02-26T15:51:09.526+0000] {logging_mixin.py:188} INFO - [2024-02-26T15:51:09.526+0000] {dagbag.py:540} INFO - Filling up the DagBag from /home/airflow/.local/lib/python3.11/site-packages/airflow/example_dags/example_bash_operator.py
[2024-02-26T15:51:09.538+0000] {processor.py:840} INFO - DAG(s) 'example_bash_operator' retrieved from /home/airflow/.local/lib/python3.11/site-packages/airflow/example_dags/example_bash_operator.py
[2024-02-26T15:51:09.561+0000] {logging_mixin.py:188} INFO - [2024-02-26T15:51:09.560+0000] {dag.py:3047} INFO - Sync 1 DAGs
[2024-02-26T15:51:09.578+0000] {logging_mixin.py:188} INFO - [2024-02-26T15:51:09.578+0000] {dag.py:3834} INFO - Setting next_dagrun for example_bash_operator to 2024-02-25 00:00:00+00:00, run_after=2024-02-26 00:00:00+00:00
[2024-02-26T15:51:09.596+0000] {processor.py:183} INFO - Processing /home/airflow/.local/lib/python3.11/site-packages/airflow/example_dags/example_bash_operator.py took 0.077 seconds
[2024-02-26T15:51:40.420+0000] {processor.py:161} INFO - Started process (PID=1828) to work on /home/airflow/.local/lib/python3.11/site-packages/airflow/example_dags/example_bash_operator.py
[2024-02-26T15:51:40.422+0000] {processor.py:830} INFO - Processing file /home/airflow/.local/lib/python3.11/site-packages/airflow/example_dags/example_bash_operator.py for tasks to queue
[2024-02-26T15:51:40.424+0000] {logging_mixin.py:188} INFO - [2024-02-26T15:51:40.423+0000] {dagbag.py:540} INFO - Filling up the DagBag from /home/airflow/.local/lib/python3.11/site-packages/airflow/example_dags/example_bash_operator.py
[2024-02-26T15:51:40.433+0000] {processor.py:840} INFO - DAG(s) 'example_bash_operator' retrieved from /home/airflow/.local/lib/python3.11/site-packages/airflow/example_dags/example_bash_operator.py
[2024-02-26T15:51:40.454+0000] {logging_mixin.py:188} INFO - [2024-02-26T15:51:40.454+0000] {dag.py:3047} INFO - Sync 1 DAGs
[2024-02-26T15:51:40.468+0000] {logging_mixin.py:188} INFO - [2024-02-26T15:51:40.468+0000] {dag.py:3834} INFO - Setting next_dagrun for example_bash_operator to 2024-02-25 00:00:00+00:00, run_after=2024-02-26 00:00:00+00:00
[2024-02-26T15:51:40.479+0000] {processor.py:183} INFO - Processing /home/airflow/.local/lib/python3.11/site-packages/airflow/example_dags/example_bash_operator.py took 0.062 seconds
[2024-02-26T15:52:11.371+0000] {processor.py:161} INFO - Started process (PID=2123) to work on /home/airflow/.local/lib/python3.11/site-packages/airflow/example_dags/example_bash_operator.py
[2024-02-26T15:52:11.373+0000] {processor.py:830} INFO - Processing file /home/airflow/.local/lib/python3.11/site-packages/airflow/example_dags/example_bash_operator.py for tasks to queue
[2024-02-26T15:52:11.375+0000] {logging_mixin.py:188} INFO - [2024-02-26T15:52:11.374+0000] {dagbag.py:540} INFO - Filling up the DagBag from /home/airflow/.local/lib/python3.11/site-packages/airflow/example_dags/example_bash_operator.py
[2024-02-26T15:52:11.401+0000] {processor.py:840} INFO - DAG(s) 'example_bash_operator' retrieved from /home/airflow/.local/lib/python3.11/site-packages/airflow/example_dags/example_bash_operator.py
[2024-02-26T15:52:11.426+0000] {logging_mixin.py:188} INFO - [2024-02-26T15:52:11.426+0000] {dag.py:3047} INFO - Sync 1 DAGs
[2024-02-26T15:52:11.444+0000] {logging_mixin.py:188} INFO - [2024-02-26T15:52:11.443+0000] {dag.py:3834} INFO - Setting next_dagrun for example_bash_operator to 2024-02-26 00:00:00+00:00, run_after=2024-02-27 00:00:00+00:00
[2024-02-26T15:52:11.456+0000] {processor.py:183} INFO - Processing /home/airflow/.local/lib/python3.11/site-packages/airflow/example_dags/example_bash_operator.py took 0.088 seconds
[2024-02-26T15:52:41.694+0000] {processor.py:161} INFO - Started process (PID=2394) to work on /home/airflow/.local/lib/python3.11/site-packages/airflow/example_dags/example_bash_operator.py
[2024-02-26T15:52:41.696+0000] {processor.py:830} INFO - Processing file /home/airflow/.local/lib/python3.11/site-packages/airflow/example_dags/example_bash_operator.py for tasks to queue
[2024-02-26T15:52:41.697+0000] {logging_mixin.py:188} INFO - [2024-02-26T15:52:41.697+0000] {dagbag.py:540} INFO - Filling up the DagBag from /home/airflow/.local/lib/python3.11/site-packages/airflow/example_dags/example_bash_operator.py
[2024-02-26T15:52:41.706+0000] {processor.py:840} INFO - DAG(s) 'example_bash_operator' retrieved from /home/airflow/.local/lib/python3.11/site-packages/airflow/example_dags/example_bash_operator.py
[2024-02-26T15:52:41.729+0000] {logging_mixin.py:188} INFO - [2024-02-26T15:52:41.728+0000] {dag.py:3047} INFO - Sync 1 DAGs
[2024-02-26T15:52:41.743+0000] {logging_mixin.py:188} INFO - [2024-02-26T15:52:41.743+0000] {dag.py:3834} INFO - Setting next_dagrun for example_bash_operator to 2024-02-26 00:00:00+00:00, run_after=2024-02-27 00:00:00+00:00
[2024-02-26T15:52:41.754+0000] {processor.py:183} INFO - Processing /home/airflow/.local/lib/python3.11/site-packages/airflow/example_dags/example_bash_operator.py took 0.063 seconds
[2024-02-26T15:53:12.460+0000] {processor.py:161} INFO - Started process (PID=2639) to work on /home/airflow/.local/lib/python3.11/site-packages/airflow/example_dags/example_bash_operator.py
[2024-02-26T15:53:12.463+0000] {processor.py:830} INFO - Processing file /home/airflow/.local/lib/python3.11/site-packages/airflow/example_dags/example_bash_operator.py for tasks to queue
[2024-02-26T15:53:12.465+0000] {logging_mixin.py:188} INFO - [2024-02-26T15:53:12.464+0000] {dagbag.py:540} INFO - Filling up the DagBag from /home/airflow/.local/lib/python3.11/site-packages/airflow/example_dags/example_bash_operator.py
[2024-02-26T15:53:12.474+0000] {processor.py:840} INFO - DAG(s) 'example_bash_operator' retrieved from /home/airflow/.local/lib/python3.11/site-packages/airflow/example_dags/example_bash_operator.py
[2024-02-26T15:53:12.498+0000] {logging_mixin.py:188} INFO - [2024-02-26T15:53:12.498+0000] {dag.py:3047} INFO - Sync 1 DAGs
[2024-02-26T15:53:12.516+0000] {logging_mixin.py:188} INFO - [2024-02-26T15:53:12.515+0000] {dag.py:3834} INFO - Setting next_dagrun for example_bash_operator to 2024-02-26 00:00:00+00:00, run_after=2024-02-27 00:00:00+00:00
[2024-02-26T15:53:12.531+0000] {processor.py:183} INFO - Processing /home/airflow/.local/lib/python3.11/site-packages/airflow/example_dags/example_bash_operator.py took 0.074 seconds
[2024-02-26T15:53:43.276+0000] {processor.py:161} INFO - Started process (PID=2888) to work on /home/airflow/.local/lib/python3.11/site-packages/airflow/example_dags/example_bash_operator.py
[2024-02-26T15:53:43.277+0000] {processor.py:830} INFO - Processing file /home/airflow/.local/lib/python3.11/site-packages/airflow/example_dags/example_bash_operator.py for tasks to queue
[2024-02-26T15:53:43.279+0000] {logging_mixin.py:188} INFO - [2024-02-26T15:53:43.278+0000] {dagbag.py:540} INFO - Filling up the DagBag from /home/airflow/.local/lib/python3.11/site-packages/airflow/example_dags/example_bash_operator.py
[2024-02-26T15:53:43.288+0000] {processor.py:840} INFO - DAG(s) 'example_bash_operator' retrieved from /home/airflow/.local/lib/python3.11/site-packages/airflow/example_dags/example_bash_operator.py
[2024-02-26T15:53:43.309+0000] {logging_mixin.py:188} INFO - [2024-02-26T15:53:43.309+0000] {dag.py:3047} INFO - Sync 1 DAGs
[2024-02-26T15:53:43.324+0000] {logging_mixin.py:188} INFO - [2024-02-26T15:53:43.323+0000] {dag.py:3834} INFO - Setting next_dagrun for example_bash_operator to 2024-02-26 00:00:00+00:00, run_after=2024-02-27 00:00:00+00:00
[2024-02-26T15:53:43.335+0000] {processor.py:183} INFO - Processing /home/airflow/.local/lib/python3.11/site-packages/airflow/example_dags/example_bash_operator.py took 0.062 seconds
[2024-02-26T15:54:14.056+0000] {processor.py:161} INFO - Started process (PID=3135) to work on /home/airflow/.local/lib/python3.11/site-packages/airflow/example_dags/example_bash_operator.py
[2024-02-26T15:54:14.057+0000] {processor.py:830} INFO - Processing file /home/airflow/.local/lib/python3.11/site-packages/airflow/example_dags/example_bash_operator.py for tasks to queue
[2024-02-26T15:54:14.059+0000] {logging_mixin.py:188} INFO - [2024-02-26T15:54:14.058+0000] {dagbag.py:540} INFO - Filling up the DagBag from /home/airflow/.local/lib/python3.11/site-packages/airflow/example_dags/example_bash_operator.py
[2024-02-26T15:54:14.070+0000] {processor.py:840} INFO - DAG(s) 'example_bash_operator' retrieved from /home/airflow/.local/lib/python3.11/site-packages/airflow/example_dags/example_bash_operator.py
[2024-02-26T15:54:14.091+0000] {logging_mixin.py:188} INFO - [2024-02-26T15:54:14.091+0000] {dag.py:3047} INFO - Sync 1 DAGs
[2024-02-26T15:54:14.106+0000] {logging_mixin.py:188} INFO - [2024-02-26T15:54:14.106+0000] {dag.py:3834} INFO - Setting next_dagrun for example_bash_operator to 2024-02-26 00:00:00+00:00, run_after=2024-02-27 00:00:00+00:00
[2024-02-26T15:54:14.119+0000] {processor.py:183} INFO - Processing /home/airflow/.local/lib/python3.11/site-packages/airflow/example_dags/example_bash_operator.py took 0.066 seconds
[2024-02-26T15:54:45.008+0000] {processor.py:161} INFO - Started process (PID=3382) to work on /home/airflow/.local/lib/python3.11/site-packages/airflow/example_dags/example_bash_operator.py
[2024-02-26T15:54:45.010+0000] {processor.py:830} INFO - Processing file /home/airflow/.local/lib/python3.11/site-packages/airflow/example_dags/example_bash_operator.py for tasks to queue
[2024-02-26T15:54:45.013+0000] {logging_mixin.py:188} INFO - [2024-02-26T15:54:45.013+0000] {dagbag.py:540} INFO - Filling up the DagBag from /home/airflow/.local/lib/python3.11/site-packages/airflow/example_dags/example_bash_operator.py
[2024-02-26T15:54:45.023+0000] {processor.py:840} INFO - DAG(s) 'example_bash_operator' retrieved from /home/airflow/.local/lib/python3.11/site-packages/airflow/example_dags/example_bash_operator.py
[2024-02-26T15:54:45.044+0000] {logging_mixin.py:188} INFO - [2024-02-26T15:54:45.044+0000] {dag.py:3047} INFO - Sync 1 DAGs
[2024-02-26T15:54:45.059+0000] {logging_mixin.py:188} INFO - [2024-02-26T15:54:45.059+0000] {dag.py:3834} INFO - Setting next_dagrun for example_bash_operator to 2024-02-26 00:00:00+00:00, run_after=2024-02-27 00:00:00+00:00
[2024-02-26T15:54:45.071+0000] {processor.py:183} INFO - Processing /home/airflow/.local/lib/python3.11/site-packages/airflow/example_dags/example_bash_operator.py took 0.065 seconds
[2024-02-26T15:55:15.944+0000] {processor.py:161} INFO - Started process (PID=3626) to work on /home/airflow/.local/lib/python3.11/site-packages/airflow/example_dags/example_bash_operator.py
[2024-02-26T15:55:15.948+0000] {processor.py:830} INFO - Processing file /home/airflow/.local/lib/python3.11/site-packages/airflow/example_dags/example_bash_operator.py for tasks to queue
[2024-02-26T15:55:15.950+0000] {logging_mixin.py:188} INFO - [2024-02-26T15:55:15.949+0000] {dagbag.py:540} INFO - Filling up the DagBag from /home/airflow/.local/lib/python3.11/site-packages/airflow/example_dags/example_bash_operator.py
[2024-02-26T15:55:15.959+0000] {processor.py:840} INFO - DAG(s) 'example_bash_operator' retrieved from /home/airflow/.local/lib/python3.11/site-packages/airflow/example_dags/example_bash_operator.py
[2024-02-26T15:55:15.981+0000] {logging_mixin.py:188} INFO - [2024-02-26T15:55:15.981+0000] {dag.py:3047} INFO - Sync 1 DAGs
[2024-02-26T15:55:15.997+0000] {logging_mixin.py:188} INFO - [2024-02-26T15:55:15.997+0000] {dag.py:3834} INFO - Setting next_dagrun for example_bash_operator to 2024-02-26 00:00:00+00:00, run_after=2024-02-27 00:00:00+00:00
[2024-02-26T15:55:16.008+0000] {processor.py:183} INFO - Processing /home/airflow/.local/lib/python3.11/site-packages/airflow/example_dags/example_bash_operator.py took 0.068 seconds
[2024-02-26T15:55:46.085+0000] {processor.py:161} INFO - Started process (PID=3873) to work on /home/airflow/.local/lib/python3.11/site-packages/airflow/example_dags/example_bash_operator.py
[2024-02-26T15:55:46.090+0000] {processor.py:830} INFO - Processing file /home/airflow/.local/lib/python3.11/site-packages/airflow/example_dags/example_bash_operator.py for tasks to queue
[2024-02-26T15:55:46.095+0000] {logging_mixin.py:188} INFO - [2024-02-26T15:55:46.094+0000] {dagbag.py:540} INFO - Filling up the DagBag from /home/airflow/.local/lib/python3.11/site-packages/airflow/example_dags/example_bash_operator.py
[2024-02-26T15:55:46.108+0000] {processor.py:840} INFO - DAG(s) 'example_bash_operator' retrieved from /home/airflow/.local/lib/python3.11/site-packages/airflow/example_dags/example_bash_operator.py
[2024-02-26T15:55:46.135+0000] {logging_mixin.py:188} INFO - [2024-02-26T15:55:46.135+0000] {dag.py:3047} INFO - Sync 1 DAGs
[2024-02-26T15:55:46.161+0000] {logging_mixin.py:188} INFO - [2024-02-26T15:55:46.161+0000] {dag.py:3834} INFO - Setting next_dagrun for example_bash_operator to 2024-02-26 00:00:00+00:00, run_after=2024-02-27 00:00:00+00:00
[2024-02-26T15:55:46.177+0000] {processor.py:183} INFO - Processing /home/airflow/.local/lib/python3.11/site-packages/airflow/example_dags/example_bash_operator.py took 0.096 seconds
[2024-02-26T15:56:16.222+0000] {processor.py:161} INFO - Started process (PID=4120) to work on /home/airflow/.local/lib/python3.11/site-packages/airflow/example_dags/example_bash_operator.py
[2024-02-26T15:56:16.226+0000] {processor.py:830} INFO - Processing file /home/airflow/.local/lib/python3.11/site-packages/airflow/example_dags/example_bash_operator.py for tasks to queue
[2024-02-26T15:56:16.233+0000] {logging_mixin.py:188} INFO - [2024-02-26T15:56:16.232+0000] {dagbag.py:540} INFO - Filling up the DagBag from /home/airflow/.local/lib/python3.11/site-packages/airflow/example_dags/example_bash_operator.py
[2024-02-26T15:56:16.245+0000] {processor.py:840} INFO - DAG(s) 'example_bash_operator' retrieved from /home/airflow/.local/lib/python3.11/site-packages/airflow/example_dags/example_bash_operator.py
[2024-02-26T15:56:16.266+0000] {logging_mixin.py:188} INFO - [2024-02-26T15:56:16.266+0000] {dag.py:3047} INFO - Sync 1 DAGs
[2024-02-26T15:56:16.281+0000] {logging_mixin.py:188} INFO - [2024-02-26T15:56:16.280+0000] {dag.py:3834} INFO - Setting next_dagrun for example_bash_operator to 2024-02-26 00:00:00+00:00, run_after=2024-02-27 00:00:00+00:00
[2024-02-26T15:56:16.292+0000] {processor.py:183} INFO - Processing /home/airflow/.local/lib/python3.11/site-packages/airflow/example_dags/example_bash_operator.py took 0.073 seconds
[2024-02-26T15:56:46.725+0000] {processor.py:161} INFO - Started process (PID=4368) to work on /home/airflow/.local/lib/python3.11/site-packages/airflow/example_dags/example_bash_operator.py
[2024-02-26T15:56:46.728+0000] {processor.py:830} INFO - Processing file /home/airflow/.local/lib/python3.11/site-packages/airflow/example_dags/example_bash_operator.py for tasks to queue
[2024-02-26T15:56:46.730+0000] {logging_mixin.py:188} INFO - [2024-02-26T15:56:46.730+0000] {dagbag.py:540} INFO - Filling up the DagBag from /home/airflow/.local/lib/python3.11/site-packages/airflow/example_dags/example_bash_operator.py
[2024-02-26T15:56:46.747+0000] {processor.py:840} INFO - DAG(s) 'example_bash_operator' retrieved from /home/airflow/.local/lib/python3.11/site-packages/airflow/example_dags/example_bash_operator.py
[2024-02-26T15:56:46.776+0000] {logging_mixin.py:188} INFO - [2024-02-26T15:56:46.776+0000] {dag.py:3047} INFO - Sync 1 DAGs
[2024-02-26T15:56:46.792+0000] {logging_mixin.py:188} INFO - [2024-02-26T15:56:46.792+0000] {dag.py:3834} INFO - Setting next_dagrun for example_bash_operator to 2024-02-26 00:00:00+00:00, run_after=2024-02-27 00:00:00+00:00
[2024-02-26T15:56:46.809+0000] {processor.py:183} INFO - Processing /home/airflow/.local/lib/python3.11/site-packages/airflow/example_dags/example_bash_operator.py took 0.088 seconds
[2024-02-26T15:57:17.047+0000] {processor.py:161} INFO - Started process (PID=4615) to work on /home/airflow/.local/lib/python3.11/site-packages/airflow/example_dags/example_bash_operator.py
[2024-02-26T15:57:17.049+0000] {processor.py:830} INFO - Processing file /home/airflow/.local/lib/python3.11/site-packages/airflow/example_dags/example_bash_operator.py for tasks to queue
[2024-02-26T15:57:17.051+0000] {logging_mixin.py:188} INFO - [2024-02-26T15:57:17.051+0000] {dagbag.py:540} INFO - Filling up the DagBag from /home/airflow/.local/lib/python3.11/site-packages/airflow/example_dags/example_bash_operator.py
[2024-02-26T15:57:17.062+0000] {processor.py:840} INFO - DAG(s) 'example_bash_operator' retrieved from /home/airflow/.local/lib/python3.11/site-packages/airflow/example_dags/example_bash_operator.py
[2024-02-26T15:57:17.087+0000] {logging_mixin.py:188} INFO - [2024-02-26T15:57:17.087+0000] {dag.py:3047} INFO - Sync 1 DAGs
[2024-02-26T15:57:17.106+0000] {logging_mixin.py:188} INFO - [2024-02-26T15:57:17.106+0000] {dag.py:3834} INFO - Setting next_dagrun for example_bash_operator to 2024-02-26 00:00:00+00:00, run_after=2024-02-27 00:00:00+00:00
[2024-02-26T15:57:17.121+0000] {processor.py:183} INFO - Processing /home/airflow/.local/lib/python3.11/site-packages/airflow/example_dags/example_bash_operator.py took 0.078 seconds
[2024-02-26T15:57:47.297+0000] {processor.py:161} INFO - Started process (PID=4862) to work on /home/airflow/.local/lib/python3.11/site-packages/airflow/example_dags/example_bash_operator.py
[2024-02-26T15:57:47.300+0000] {processor.py:830} INFO - Processing file /home/airflow/.local/lib/python3.11/site-packages/airflow/example_dags/example_bash_operator.py for tasks to queue
[2024-02-26T15:57:47.302+0000] {logging_mixin.py:188} INFO - [2024-02-26T15:57:47.301+0000] {dagbag.py:540} INFO - Filling up the DagBag from /home/airflow/.local/lib/python3.11/site-packages/airflow/example_dags/example_bash_operator.py
[2024-02-26T15:57:47.316+0000] {processor.py:840} INFO - DAG(s) 'example_bash_operator' retrieved from /home/airflow/.local/lib/python3.11/site-packages/airflow/example_dags/example_bash_operator.py
[2024-02-26T15:57:47.345+0000] {logging_mixin.py:188} INFO - [2024-02-26T15:57:47.345+0000] {dag.py:3047} INFO - Sync 1 DAGs
[2024-02-26T15:57:47.362+0000] {logging_mixin.py:188} INFO - [2024-02-26T15:57:47.362+0000] {dag.py:3834} INFO - Setting next_dagrun for example_bash_operator to 2024-02-26 00:00:00+00:00, run_after=2024-02-27 00:00:00+00:00
[2024-02-26T15:57:47.377+0000] {processor.py:183} INFO - Processing /home/airflow/.local/lib/python3.11/site-packages/airflow/example_dags/example_bash_operator.py took 0.083 seconds
[2024-02-26T15:58:17.587+0000] {processor.py:161} INFO - Started process (PID=5109) to work on /home/airflow/.local/lib/python3.11/site-packages/airflow/example_dags/example_bash_operator.py
[2024-02-26T15:58:17.590+0000] {processor.py:830} INFO - Processing file /home/airflow/.local/lib/python3.11/site-packages/airflow/example_dags/example_bash_operator.py for tasks to queue
[2024-02-26T15:58:17.591+0000] {logging_mixin.py:188} INFO - [2024-02-26T15:58:17.591+0000] {dagbag.py:540} INFO - Filling up the DagBag from /home/airflow/.local/lib/python3.11/site-packages/airflow/example_dags/example_bash_operator.py
[2024-02-26T15:58:17.601+0000] {processor.py:840} INFO - DAG(s) 'example_bash_operator' retrieved from /home/airflow/.local/lib/python3.11/site-packages/airflow/example_dags/example_bash_operator.py
[2024-02-26T15:58:17.625+0000] {logging_mixin.py:188} INFO - [2024-02-26T15:58:17.625+0000] {dag.py:3047} INFO - Sync 1 DAGs
[2024-02-26T15:58:17.643+0000] {logging_mixin.py:188} INFO - [2024-02-26T15:58:17.643+0000] {dag.py:3834} INFO - Setting next_dagrun for example_bash_operator to 2024-02-26 00:00:00+00:00, run_after=2024-02-27 00:00:00+00:00
[2024-02-26T15:58:17.658+0000] {processor.py:183} INFO - Processing /home/airflow/.local/lib/python3.11/site-packages/airflow/example_dags/example_bash_operator.py took 0.073 seconds
[2024-02-26T15:58:47.920+0000] {processor.py:161} INFO - Started process (PID=5357) to work on /home/airflow/.local/lib/python3.11/site-packages/airflow/example_dags/example_bash_operator.py
[2024-02-26T15:58:47.922+0000] {processor.py:830} INFO - Processing file /home/airflow/.local/lib/python3.11/site-packages/airflow/example_dags/example_bash_operator.py for tasks to queue
[2024-02-26T15:58:47.924+0000] {logging_mixin.py:188} INFO - [2024-02-26T15:58:47.923+0000] {dagbag.py:540} INFO - Filling up the DagBag from /home/airflow/.local/lib/python3.11/site-packages/airflow/example_dags/example_bash_operator.py
[2024-02-26T15:58:47.934+0000] {processor.py:840} INFO - DAG(s) 'example_bash_operator' retrieved from /home/airflow/.local/lib/python3.11/site-packages/airflow/example_dags/example_bash_operator.py
[2024-02-26T15:58:47.964+0000] {logging_mixin.py:188} INFO - [2024-02-26T15:58:47.964+0000] {dag.py:3047} INFO - Sync 1 DAGs
[2024-02-26T15:58:47.987+0000] {logging_mixin.py:188} INFO - [2024-02-26T15:58:47.987+0000] {dag.py:3834} INFO - Setting next_dagrun for example_bash_operator to 2024-02-26 00:00:00+00:00, run_after=2024-02-27 00:00:00+00:00
[2024-02-26T15:58:48.001+0000] {processor.py:183} INFO - Processing /home/airflow/.local/lib/python3.11/site-packages/airflow/example_dags/example_bash_operator.py took 0.084 seconds
[2024-02-26T15:59:18.048+0000] {processor.py:161} INFO - Started process (PID=5605) to work on /home/airflow/.local/lib/python3.11/site-packages/airflow/example_dags/example_bash_operator.py
[2024-02-26T15:59:18.050+0000] {processor.py:830} INFO - Processing file /home/airflow/.local/lib/python3.11/site-packages/airflow/example_dags/example_bash_operator.py for tasks to queue
[2024-02-26T15:59:18.052+0000] {logging_mixin.py:188} INFO - [2024-02-26T15:59:18.052+0000] {dagbag.py:540} INFO - Filling up the DagBag from /home/airflow/.local/lib/python3.11/site-packages/airflow/example_dags/example_bash_operator.py
[2024-02-26T15:59:18.062+0000] {processor.py:840} INFO - DAG(s) 'example_bash_operator' retrieved from /home/airflow/.local/lib/python3.11/site-packages/airflow/example_dags/example_bash_operator.py
[2024-02-26T15:59:18.085+0000] {logging_mixin.py:188} INFO - [2024-02-26T15:59:18.084+0000] {dag.py:3047} INFO - Sync 1 DAGs
[2024-02-26T15:59:18.103+0000] {logging_mixin.py:188} INFO - [2024-02-26T15:59:18.103+0000] {dag.py:3834} INFO - Setting next_dagrun for example_bash_operator to 2024-02-26 00:00:00+00:00, run_after=2024-02-27 00:00:00+00:00
[2024-02-26T15:59:18.117+0000] {processor.py:183} INFO - Processing /home/airflow/.local/lib/python3.11/site-packages/airflow/example_dags/example_bash_operator.py took 0.072 seconds
[2024-02-26T15:59:49.068+0000] {processor.py:161} INFO - Started process (PID=5852) to work on /home/airflow/.local/lib/python3.11/site-packages/airflow/example_dags/example_bash_operator.py
[2024-02-26T15:59:49.069+0000] {processor.py:830} INFO - Processing file /home/airflow/.local/lib/python3.11/site-packages/airflow/example_dags/example_bash_operator.py for tasks to queue
[2024-02-26T15:59:49.071+0000] {logging_mixin.py:188} INFO - [2024-02-26T15:59:49.070+0000] {dagbag.py:540} INFO - Filling up the DagBag from /home/airflow/.local/lib/python3.11/site-packages/airflow/example_dags/example_bash_operator.py
[2024-02-26T15:59:49.080+0000] {processor.py:840} INFO - DAG(s) 'example_bash_operator' retrieved from /home/airflow/.local/lib/python3.11/site-packages/airflow/example_dags/example_bash_operator.py
[2024-02-26T15:59:49.100+0000] {logging_mixin.py:188} INFO - [2024-02-26T15:59:49.100+0000] {dag.py:3047} INFO - Sync 1 DAGs
[2024-02-26T15:59:49.117+0000] {logging_mixin.py:188} INFO - [2024-02-26T15:59:49.116+0000] {dag.py:3834} INFO - Setting next_dagrun for example_bash_operator to 2024-02-26 00:00:00+00:00, run_after=2024-02-27 00:00:00+00:00
[2024-02-26T15:59:49.130+0000] {processor.py:183} INFO - Processing /home/airflow/.local/lib/python3.11/site-packages/airflow/example_dags/example_bash_operator.py took 0.065 seconds
[2024-02-26T16:00:19.916+0000] {processor.py:161} INFO - Started process (PID=6099) to work on /home/airflow/.local/lib/python3.11/site-packages/airflow/example_dags/example_bash_operator.py
[2024-02-26T16:00:19.918+0000] {processor.py:830} INFO - Processing file /home/airflow/.local/lib/python3.11/site-packages/airflow/example_dags/example_bash_operator.py for tasks to queue
[2024-02-26T16:00:19.919+0000] {logging_mixin.py:188} INFO - [2024-02-26T16:00:19.919+0000] {dagbag.py:540} INFO - Filling up the DagBag from /home/airflow/.local/lib/python3.11/site-packages/airflow/example_dags/example_bash_operator.py
[2024-02-26T16:00:19.930+0000] {processor.py:840} INFO - DAG(s) 'example_bash_operator' retrieved from /home/airflow/.local/lib/python3.11/site-packages/airflow/example_dags/example_bash_operator.py
[2024-02-26T16:00:19.954+0000] {logging_mixin.py:188} INFO - [2024-02-26T16:00:19.954+0000] {dag.py:3047} INFO - Sync 1 DAGs
[2024-02-26T16:00:19.971+0000] {logging_mixin.py:188} INFO - [2024-02-26T16:00:19.971+0000] {dag.py:3834} INFO - Setting next_dagrun for example_bash_operator to 2024-02-26 00:00:00+00:00, run_after=2024-02-27 00:00:00+00:00
[2024-02-26T16:00:19.983+0000] {processor.py:183} INFO - Processing /home/airflow/.local/lib/python3.11/site-packages/airflow/example_dags/example_bash_operator.py took 0.070 seconds
[2024-02-26T16:00:50.772+0000] {processor.py:161} INFO - Started process (PID=6345) to work on /home/airflow/.local/lib/python3.11/site-packages/airflow/example_dags/example_bash_operator.py
[2024-02-26T16:00:50.773+0000] {processor.py:830} INFO - Processing file /home/airflow/.local/lib/python3.11/site-packages/airflow/example_dags/example_bash_operator.py for tasks to queue
[2024-02-26T16:00:50.775+0000] {logging_mixin.py:188} INFO - [2024-02-26T16:00:50.774+0000] {dagbag.py:540} INFO - Filling up the DagBag from /home/airflow/.local/lib/python3.11/site-packages/airflow/example_dags/example_bash_operator.py
[2024-02-26T16:00:50.785+0000] {processor.py:840} INFO - DAG(s) 'example_bash_operator' retrieved from /home/airflow/.local/lib/python3.11/site-packages/airflow/example_dags/example_bash_operator.py
[2024-02-26T16:00:50.807+0000] {logging_mixin.py:188} INFO - [2024-02-26T16:00:50.807+0000] {dag.py:3047} INFO - Sync 1 DAGs
[2024-02-26T16:00:50.823+0000] {logging_mixin.py:188} INFO - [2024-02-26T16:00:50.823+0000] {dag.py:3834} INFO - Setting next_dagrun for example_bash_operator to 2024-02-26 00:00:00+00:00, run_after=2024-02-27 00:00:00+00:00
[2024-02-26T16:00:50.837+0000] {processor.py:183} INFO - Processing /home/airflow/.local/lib/python3.11/site-packages/airflow/example_dags/example_bash_operator.py took 0.068 seconds
[2024-02-26T16:01:21.675+0000] {processor.py:161} INFO - Started process (PID=6594) to work on /home/airflow/.local/lib/python3.11/site-packages/airflow/example_dags/example_bash_operator.py
[2024-02-26T16:01:21.676+0000] {processor.py:830} INFO - Processing file /home/airflow/.local/lib/python3.11/site-packages/airflow/example_dags/example_bash_operator.py for tasks to queue
[2024-02-26T16:01:21.678+0000] {logging_mixin.py:188} INFO - [2024-02-26T16:01:21.677+0000] {dagbag.py:540} INFO - Filling up the DagBag from /home/airflow/.local/lib/python3.11/site-packages/airflow/example_dags/example_bash_operator.py
[2024-02-26T16:01:21.687+0000] {processor.py:840} INFO - DAG(s) 'example_bash_operator' retrieved from /home/airflow/.local/lib/python3.11/site-packages/airflow/example_dags/example_bash_operator.py
[2024-02-26T16:01:21.708+0000] {logging_mixin.py:188} INFO - [2024-02-26T16:01:21.707+0000] {dag.py:3047} INFO - Sync 1 DAGs
[2024-02-26T16:01:21.724+0000] {logging_mixin.py:188} INFO - [2024-02-26T16:01:21.724+0000] {dag.py:3834} INFO - Setting next_dagrun for example_bash_operator to 2024-02-26 00:00:00+00:00, run_after=2024-02-27 00:00:00+00:00
[2024-02-26T16:01:21.736+0000] {processor.py:183} INFO - Processing /home/airflow/.local/lib/python3.11/site-packages/airflow/example_dags/example_bash_operator.py took 0.064 seconds
[2024-02-26T16:01:51.833+0000] {processor.py:161} INFO - Started process (PID=6841) to work on /home/airflow/.local/lib/python3.11/site-packages/airflow/example_dags/example_bash_operator.py
[2024-02-26T16:01:51.835+0000] {processor.py:830} INFO - Processing file /home/airflow/.local/lib/python3.11/site-packages/airflow/example_dags/example_bash_operator.py for tasks to queue
[2024-02-26T16:01:51.837+0000] {logging_mixin.py:188} INFO - [2024-02-26T16:01:51.837+0000] {dagbag.py:540} INFO - Filling up the DagBag from /home/airflow/.local/lib/python3.11/site-packages/airflow/example_dags/example_bash_operator.py
[2024-02-26T16:01:51.851+0000] {processor.py:840} INFO - DAG(s) 'example_bash_operator' retrieved from /home/airflow/.local/lib/python3.11/site-packages/airflow/example_dags/example_bash_operator.py
[2024-02-26T16:01:51.873+0000] {logging_mixin.py:188} INFO - [2024-02-26T16:01:51.873+0000] {dag.py:3047} INFO - Sync 1 DAGs
[2024-02-26T16:01:51.887+0000] {logging_mixin.py:188} INFO - [2024-02-26T16:01:51.886+0000] {dag.py:3834} INFO - Setting next_dagrun for example_bash_operator to 2024-02-26 00:00:00+00:00, run_after=2024-02-27 00:00:00+00:00
[2024-02-26T16:01:51.897+0000] {processor.py:183} INFO - Processing /home/airflow/.local/lib/python3.11/site-packages/airflow/example_dags/example_bash_operator.py took 0.066 seconds
[2024-02-26T16:02:22.125+0000] {processor.py:161} INFO - Started process (PID=7086) to work on /home/airflow/.local/lib/python3.11/site-packages/airflow/example_dags/example_bash_operator.py
[2024-02-26T16:02:22.127+0000] {processor.py:830} INFO - Processing file /home/airflow/.local/lib/python3.11/site-packages/airflow/example_dags/example_bash_operator.py for tasks to queue
[2024-02-26T16:02:22.129+0000] {logging_mixin.py:188} INFO - [2024-02-26T16:02:22.128+0000] {dagbag.py:540} INFO - Filling up the DagBag from /home/airflow/.local/lib/python3.11/site-packages/airflow/example_dags/example_bash_operator.py
[2024-02-26T16:02:22.141+0000] {processor.py:840} INFO - DAG(s) 'example_bash_operator' retrieved from /home/airflow/.local/lib/python3.11/site-packages/airflow/example_dags/example_bash_operator.py
[2024-02-26T16:02:22.166+0000] {logging_mixin.py:188} INFO - [2024-02-26T16:02:22.166+0000] {dag.py:3047} INFO - Sync 1 DAGs
[2024-02-26T16:02:22.182+0000] {logging_mixin.py:188} INFO - [2024-02-26T16:02:22.182+0000] {dag.py:3834} INFO - Setting next_dagrun for example_bash_operator to 2024-02-26 00:00:00+00:00, run_after=2024-02-27 00:00:00+00:00
[2024-02-26T16:02:22.196+0000] {processor.py:183} INFO - Processing /home/airflow/.local/lib/python3.11/site-packages/airflow/example_dags/example_bash_operator.py took 0.074 seconds
[2024-02-26T16:02:53.148+0000] {processor.py:161} INFO - Started process (PID=7333) to work on /home/airflow/.local/lib/python3.11/site-packages/airflow/example_dags/example_bash_operator.py
[2024-02-26T16:02:53.150+0000] {processor.py:830} INFO - Processing file /home/airflow/.local/lib/python3.11/site-packages/airflow/example_dags/example_bash_operator.py for tasks to queue
[2024-02-26T16:02:53.152+0000] {logging_mixin.py:188} INFO - [2024-02-26T16:02:53.152+0000] {dagbag.py:540} INFO - Filling up the DagBag from /home/airflow/.local/lib/python3.11/site-packages/airflow/example_dags/example_bash_operator.py
[2024-02-26T16:02:53.162+0000] {processor.py:840} INFO - DAG(s) 'example_bash_operator' retrieved from /home/airflow/.local/lib/python3.11/site-packages/airflow/example_dags/example_bash_operator.py
[2024-02-26T16:02:53.186+0000] {logging_mixin.py:188} INFO - [2024-02-26T16:02:53.186+0000] {dag.py:3047} INFO - Sync 1 DAGs
[2024-02-26T16:02:53.202+0000] {logging_mixin.py:188} INFO - [2024-02-26T16:02:53.202+0000] {dag.py:3834} INFO - Setting next_dagrun for example_bash_operator to 2024-02-26 00:00:00+00:00, run_after=2024-02-27 00:00:00+00:00
[2024-02-26T16:02:53.214+0000] {processor.py:183} INFO - Processing /home/airflow/.local/lib/python3.11/site-packages/airflow/example_dags/example_bash_operator.py took 0.069 seconds
[2024-02-26T16:03:23.335+0000] {processor.py:161} INFO - Started process (PID=7582) to work on /home/airflow/.local/lib/python3.11/site-packages/airflow/example_dags/example_bash_operator.py
[2024-02-26T16:03:23.344+0000] {processor.py:830} INFO - Processing file /home/airflow/.local/lib/python3.11/site-packages/airflow/example_dags/example_bash_operator.py for tasks to queue
[2024-02-26T16:03:23.352+0000] {logging_mixin.py:188} INFO - [2024-02-26T16:03:23.351+0000] {dagbag.py:540} INFO - Filling up the DagBag from /home/airflow/.local/lib/python3.11/site-packages/airflow/example_dags/example_bash_operator.py
[2024-02-26T16:03:23.368+0000] {processor.py:840} INFO - DAG(s) 'example_bash_operator' retrieved from /home/airflow/.local/lib/python3.11/site-packages/airflow/example_dags/example_bash_operator.py
[2024-02-26T16:03:23.409+0000] {logging_mixin.py:188} INFO - [2024-02-26T16:03:23.409+0000] {dag.py:3047} INFO - Sync 1 DAGs
[2024-02-26T16:03:23.429+0000] {logging_mixin.py:188} INFO - [2024-02-26T16:03:23.429+0000] {dag.py:3834} INFO - Setting next_dagrun for example_bash_operator to 2024-02-26 00:00:00+00:00, run_after=2024-02-27 00:00:00+00:00
[2024-02-26T16:03:23.450+0000] {processor.py:183} INFO - Processing /home/airflow/.local/lib/python3.11/site-packages/airflow/example_dags/example_bash_operator.py took 0.122 seconds
[2024-02-26T16:03:54.435+0000] {processor.py:161} INFO - Started process (PID=7830) to work on /home/airflow/.local/lib/python3.11/site-packages/airflow/example_dags/example_bash_operator.py
[2024-02-26T16:03:54.438+0000] {processor.py:830} INFO - Processing file /home/airflow/.local/lib/python3.11/site-packages/airflow/example_dags/example_bash_operator.py for tasks to queue
[2024-02-26T16:03:54.440+0000] {logging_mixin.py:188} INFO - [2024-02-26T16:03:54.440+0000] {dagbag.py:540} INFO - Filling up the DagBag from /home/airflow/.local/lib/python3.11/site-packages/airflow/example_dags/example_bash_operator.py
[2024-02-26T16:03:54.455+0000] {processor.py:840} INFO - DAG(s) 'example_bash_operator' retrieved from /home/airflow/.local/lib/python3.11/site-packages/airflow/example_dags/example_bash_operator.py
[2024-02-26T16:03:54.477+0000] {logging_mixin.py:188} INFO - [2024-02-26T16:03:54.477+0000] {dag.py:3047} INFO - Sync 1 DAGs
[2024-02-26T16:03:54.491+0000] {logging_mixin.py:188} INFO - [2024-02-26T16:03:54.491+0000] {dag.py:3834} INFO - Setting next_dagrun for example_bash_operator to 2024-02-26 00:00:00+00:00, run_after=2024-02-27 00:00:00+00:00
[2024-02-26T16:03:54.500+0000] {processor.py:183} INFO - Processing /home/airflow/.local/lib/python3.11/site-packages/airflow/example_dags/example_bash_operator.py took 0.071 seconds
[2024-02-26T16:04:25.106+0000] {processor.py:161} INFO - Started process (PID=8077) to work on /home/airflow/.local/lib/python3.11/site-packages/airflow/example_dags/example_bash_operator.py
[2024-02-26T16:04:25.109+0000] {processor.py:830} INFO - Processing file /home/airflow/.local/lib/python3.11/site-packages/airflow/example_dags/example_bash_operator.py for tasks to queue
[2024-02-26T16:04:25.115+0000] {logging_mixin.py:188} INFO - [2024-02-26T16:04:25.114+0000] {dagbag.py:540} INFO - Filling up the DagBag from /home/airflow/.local/lib/python3.11/site-packages/airflow/example_dags/example_bash_operator.py
[2024-02-26T16:04:25.126+0000] {processor.py:840} INFO - DAG(s) 'example_bash_operator' retrieved from /home/airflow/.local/lib/python3.11/site-packages/airflow/example_dags/example_bash_operator.py
[2024-02-26T16:04:25.146+0000] {logging_mixin.py:188} INFO - [2024-02-26T16:04:25.146+0000] {dag.py:3047} INFO - Sync 1 DAGs
[2024-02-26T16:04:25.160+0000] {logging_mixin.py:188} INFO - [2024-02-26T16:04:25.160+0000] {dag.py:3834} INFO - Setting next_dagrun for example_bash_operator to 2024-02-26 00:00:00+00:00, run_after=2024-02-27 00:00:00+00:00
[2024-02-26T16:04:25.172+0000] {processor.py:183} INFO - Processing /home/airflow/.local/lib/python3.11/site-packages/airflow/example_dags/example_bash_operator.py took 0.074 seconds
[2024-02-26T16:04:55.911+0000] {processor.py:161} INFO - Started process (PID=8324) to work on /home/airflow/.local/lib/python3.11/site-packages/airflow/example_dags/example_bash_operator.py
[2024-02-26T16:04:55.913+0000] {processor.py:830} INFO - Processing file /home/airflow/.local/lib/python3.11/site-packages/airflow/example_dags/example_bash_operator.py for tasks to queue
[2024-02-26T16:04:55.915+0000] {logging_mixin.py:188} INFO - [2024-02-26T16:04:55.914+0000] {dagbag.py:540} INFO - Filling up the DagBag from /home/airflow/.local/lib/python3.11/site-packages/airflow/example_dags/example_bash_operator.py
[2024-02-26T16:04:55.924+0000] {processor.py:840} INFO - DAG(s) 'example_bash_operator' retrieved from /home/airflow/.local/lib/python3.11/site-packages/airflow/example_dags/example_bash_operator.py
[2024-02-26T16:04:55.946+0000] {logging_mixin.py:188} INFO - [2024-02-26T16:04:55.946+0000] {dag.py:3047} INFO - Sync 1 DAGs
[2024-02-26T16:04:55.961+0000] {logging_mixin.py:188} INFO - [2024-02-26T16:04:55.961+0000] {dag.py:3834} INFO - Setting next_dagrun for example_bash_operator to 2024-02-26 00:00:00+00:00, run_after=2024-02-27 00:00:00+00:00
[2024-02-26T16:04:55.973+0000] {processor.py:183} INFO - Processing /home/airflow/.local/lib/python3.11/site-packages/airflow/example_dags/example_bash_operator.py took 0.067 seconds
[2024-02-26T16:05:26.710+0000] {processor.py:161} INFO - Started process (PID=8571) to work on /home/airflow/.local/lib/python3.11/site-packages/airflow/example_dags/example_bash_operator.py
[2024-02-26T16:05:26.713+0000] {processor.py:830} INFO - Processing file /home/airflow/.local/lib/python3.11/site-packages/airflow/example_dags/example_bash_operator.py for tasks to queue
[2024-02-26T16:05:26.719+0000] {logging_mixin.py:188} INFO - [2024-02-26T16:05:26.719+0000] {dagbag.py:540} INFO - Filling up the DagBag from /home/airflow/.local/lib/python3.11/site-packages/airflow/example_dags/example_bash_operator.py
[2024-02-26T16:05:26.733+0000] {processor.py:840} INFO - DAG(s) 'example_bash_operator' retrieved from /home/airflow/.local/lib/python3.11/site-packages/airflow/example_dags/example_bash_operator.py
[2024-02-26T16:05:26.756+0000] {logging_mixin.py:188} INFO - [2024-02-26T16:05:26.756+0000] {dag.py:3047} INFO - Sync 1 DAGs
[2024-02-26T16:05:26.771+0000] {logging_mixin.py:188} INFO - [2024-02-26T16:05:26.771+0000] {dag.py:3834} INFO - Setting next_dagrun for example_bash_operator to 2024-02-26 00:00:00+00:00, run_after=2024-02-27 00:00:00+00:00
[2024-02-26T16:05:26.781+0000] {processor.py:183} INFO - Processing /home/airflow/.local/lib/python3.11/site-packages/airflow/example_dags/example_bash_operator.py took 0.077 seconds
[2024-02-26T16:05:57.422+0000] {processor.py:161} INFO - Started process (PID=8818) to work on /home/airflow/.local/lib/python3.11/site-packages/airflow/example_dags/example_bash_operator.py
[2024-02-26T16:05:57.424+0000] {processor.py:830} INFO - Processing file /home/airflow/.local/lib/python3.11/site-packages/airflow/example_dags/example_bash_operator.py for tasks to queue
[2024-02-26T16:05:57.428+0000] {logging_mixin.py:188} INFO - [2024-02-26T16:05:57.427+0000] {dagbag.py:540} INFO - Filling up the DagBag from /home/airflow/.local/lib/python3.11/site-packages/airflow/example_dags/example_bash_operator.py
[2024-02-26T16:05:57.440+0000] {processor.py:840} INFO - DAG(s) 'example_bash_operator' retrieved from /home/airflow/.local/lib/python3.11/site-packages/airflow/example_dags/example_bash_operator.py
[2024-02-26T16:05:57.462+0000] {logging_mixin.py:188} INFO - [2024-02-26T16:05:57.462+0000] {dag.py:3047} INFO - Sync 1 DAGs
[2024-02-26T16:05:57.476+0000] {logging_mixin.py:188} INFO - [2024-02-26T16:05:57.476+0000] {dag.py:3834} INFO - Setting next_dagrun for example_bash_operator to 2024-02-26 00:00:00+00:00, run_after=2024-02-27 00:00:00+00:00
[2024-02-26T16:05:57.487+0000] {processor.py:183} INFO - Processing /home/airflow/.local/lib/python3.11/site-packages/airflow/example_dags/example_bash_operator.py took 0.070 seconds
[2024-02-26T16:06:28.314+0000] {processor.py:161} INFO - Started process (PID=9071) to work on /home/airflow/.local/lib/python3.11/site-packages/airflow/example_dags/example_bash_operator.py
[2024-02-26T16:06:28.319+0000] {processor.py:830} INFO - Processing file /home/airflow/.local/lib/python3.11/site-packages/airflow/example_dags/example_bash_operator.py for tasks to queue
[2024-02-26T16:06:28.321+0000] {logging_mixin.py:188} INFO - [2024-02-26T16:06:28.321+0000] {dagbag.py:540} INFO - Filling up the DagBag from /home/airflow/.local/lib/python3.11/site-packages/airflow/example_dags/example_bash_operator.py
[2024-02-26T16:06:28.335+0000] {processor.py:840} INFO - DAG(s) 'example_bash_operator' retrieved from /home/airflow/.local/lib/python3.11/site-packages/airflow/example_dags/example_bash_operator.py
[2024-02-26T16:06:28.359+0000] {logging_mixin.py:188} INFO - [2024-02-26T16:06:28.359+0000] {dag.py:3047} INFO - Sync 1 DAGs
[2024-02-26T16:06:28.376+0000] {logging_mixin.py:188} INFO - [2024-02-26T16:06:28.376+0000] {dag.py:3834} INFO - Setting next_dagrun for example_bash_operator to 2024-02-26 00:00:00+00:00, run_after=2024-02-27 00:00:00+00:00
[2024-02-26T16:06:28.388+0000] {processor.py:183} INFO - Processing /home/airflow/.local/lib/python3.11/site-packages/airflow/example_dags/example_bash_operator.py took 0.080 seconds
[2024-02-26T16:06:59.191+0000] {processor.py:161} INFO - Started process (PID=9318) to work on /home/airflow/.local/lib/python3.11/site-packages/airflow/example_dags/example_bash_operator.py
[2024-02-26T16:06:59.197+0000] {processor.py:830} INFO - Processing file /home/airflow/.local/lib/python3.11/site-packages/airflow/example_dags/example_bash_operator.py for tasks to queue
[2024-02-26T16:06:59.199+0000] {logging_mixin.py:188} INFO - [2024-02-26T16:06:59.199+0000] {dagbag.py:540} INFO - Filling up the DagBag from /home/airflow/.local/lib/python3.11/site-packages/airflow/example_dags/example_bash_operator.py
[2024-02-26T16:06:59.213+0000] {processor.py:840} INFO - DAG(s) 'example_bash_operator' retrieved from /home/airflow/.local/lib/python3.11/site-packages/airflow/example_dags/example_bash_operator.py
[2024-02-26T16:06:59.235+0000] {logging_mixin.py:188} INFO - [2024-02-26T16:06:59.235+0000] {dag.py:3047} INFO - Sync 1 DAGs
[2024-02-26T16:06:59.249+0000] {logging_mixin.py:188} INFO - [2024-02-26T16:06:59.249+0000] {dag.py:3834} INFO - Setting next_dagrun for example_bash_operator to 2024-02-26 00:00:00+00:00, run_after=2024-02-27 00:00:00+00:00
[2024-02-26T16:06:59.259+0000] {processor.py:183} INFO - Processing /home/airflow/.local/lib/python3.11/site-packages/airflow/example_dags/example_bash_operator.py took 0.074 seconds
[2024-02-26T16:07:29.425+0000] {processor.py:161} INFO - Started process (PID=9565) to work on /home/airflow/.local/lib/python3.11/site-packages/airflow/example_dags/example_bash_operator.py
[2024-02-26T16:07:29.427+0000] {processor.py:830} INFO - Processing file /home/airflow/.local/lib/python3.11/site-packages/airflow/example_dags/example_bash_operator.py for tasks to queue
[2024-02-26T16:07:29.428+0000] {logging_mixin.py:188} INFO - [2024-02-26T16:07:29.428+0000] {dagbag.py:540} INFO - Filling up the DagBag from /home/airflow/.local/lib/python3.11/site-packages/airflow/example_dags/example_bash_operator.py
[2024-02-26T16:07:29.438+0000] {processor.py:840} INFO - DAG(s) 'example_bash_operator' retrieved from /home/airflow/.local/lib/python3.11/site-packages/airflow/example_dags/example_bash_operator.py
[2024-02-26T16:07:29.462+0000] {logging_mixin.py:188} INFO - [2024-02-26T16:07:29.462+0000] {dag.py:3047} INFO - Sync 1 DAGs
[2024-02-26T16:07:29.478+0000] {logging_mixin.py:188} INFO - [2024-02-26T16:07:29.478+0000] {dag.py:3834} INFO - Setting next_dagrun for example_bash_operator to 2024-02-26 00:00:00+00:00, run_after=2024-02-27 00:00:00+00:00
[2024-02-26T16:07:29.491+0000] {processor.py:183} INFO - Processing /home/airflow/.local/lib/python3.11/site-packages/airflow/example_dags/example_bash_operator.py took 0.070 seconds
[2024-02-26T16:07:59.659+0000] {processor.py:161} INFO - Started process (PID=9812) to work on /home/airflow/.local/lib/python3.11/site-packages/airflow/example_dags/example_bash_operator.py
[2024-02-26T16:07:59.661+0000] {processor.py:830} INFO - Processing file /home/airflow/.local/lib/python3.11/site-packages/airflow/example_dags/example_bash_operator.py for tasks to queue
[2024-02-26T16:07:59.666+0000] {logging_mixin.py:188} INFO - [2024-02-26T16:07:59.665+0000] {dagbag.py:540} INFO - Filling up the DagBag from /home/airflow/.local/lib/python3.11/site-packages/airflow/example_dags/example_bash_operator.py
[2024-02-26T16:07:59.676+0000] {processor.py:840} INFO - DAG(s) 'example_bash_operator' retrieved from /home/airflow/.local/lib/python3.11/site-packages/airflow/example_dags/example_bash_operator.py
[2024-02-26T16:07:59.698+0000] {logging_mixin.py:188} INFO - [2024-02-26T16:07:59.698+0000] {dag.py:3047} INFO - Sync 1 DAGs
[2024-02-26T16:07:59.711+0000] {logging_mixin.py:188} INFO - [2024-02-26T16:07:59.711+0000] {dag.py:3834} INFO - Setting next_dagrun for example_bash_operator to 2024-02-26 00:00:00+00:00, run_after=2024-02-27 00:00:00+00:00
[2024-02-26T16:07:59.722+0000] {processor.py:183} INFO - Processing /home/airflow/.local/lib/python3.11/site-packages/airflow/example_dags/example_bash_operator.py took 0.070 seconds
[2024-02-26T16:08:29.803+0000] {processor.py:161} INFO - Started process (PID=10059) to work on /home/airflow/.local/lib/python3.11/site-packages/airflow/example_dags/example_bash_operator.py
[2024-02-26T16:08:29.804+0000] {processor.py:830} INFO - Processing file /home/airflow/.local/lib/python3.11/site-packages/airflow/example_dags/example_bash_operator.py for tasks to queue
[2024-02-26T16:08:29.806+0000] {logging_mixin.py:188} INFO - [2024-02-26T16:08:29.805+0000] {dagbag.py:540} INFO - Filling up the DagBag from /home/airflow/.local/lib/python3.11/site-packages/airflow/example_dags/example_bash_operator.py
[2024-02-26T16:08:29.816+0000] {processor.py:840} INFO - DAG(s) 'example_bash_operator' retrieved from /home/airflow/.local/lib/python3.11/site-packages/airflow/example_dags/example_bash_operator.py
[2024-02-26T16:08:29.838+0000] {logging_mixin.py:188} INFO - [2024-02-26T16:08:29.838+0000] {dag.py:3047} INFO - Sync 1 DAGs
[2024-02-26T16:08:29.852+0000] {logging_mixin.py:188} INFO - [2024-02-26T16:08:29.852+0000] {dag.py:3834} INFO - Setting next_dagrun for example_bash_operator to 2024-02-26 00:00:00+00:00, run_after=2024-02-27 00:00:00+00:00
[2024-02-26T16:08:29.864+0000] {processor.py:183} INFO - Processing /home/airflow/.local/lib/python3.11/site-packages/airflow/example_dags/example_bash_operator.py took 0.067 seconds
[2024-02-26T16:09:00.264+0000] {processor.py:161} INFO - Started process (PID=10306) to work on /home/airflow/.local/lib/python3.11/site-packages/airflow/example_dags/example_bash_operator.py
[2024-02-26T16:09:00.267+0000] {processor.py:830} INFO - Processing file /home/airflow/.local/lib/python3.11/site-packages/airflow/example_dags/example_bash_operator.py for tasks to queue
[2024-02-26T16:09:00.272+0000] {logging_mixin.py:188} INFO - [2024-02-26T16:09:00.272+0000] {dagbag.py:540} INFO - Filling up the DagBag from /home/airflow/.local/lib/python3.11/site-packages/airflow/example_dags/example_bash_operator.py
[2024-02-26T16:09:00.281+0000] {processor.py:840} INFO - DAG(s) 'example_bash_operator' retrieved from /home/airflow/.local/lib/python3.11/site-packages/airflow/example_dags/example_bash_operator.py
[2024-02-26T16:09:00.302+0000] {logging_mixin.py:188} INFO - [2024-02-26T16:09:00.302+0000] {dag.py:3047} INFO - Sync 1 DAGs
[2024-02-26T16:09:00.315+0000] {logging_mixin.py:188} INFO - [2024-02-26T16:09:00.315+0000] {dag.py:3834} INFO - Setting next_dagrun for example_bash_operator to 2024-02-26 00:00:00+00:00, run_after=2024-02-27 00:00:00+00:00
[2024-02-26T16:09:00.325+0000] {processor.py:183} INFO - Processing /home/airflow/.local/lib/python3.11/site-packages/airflow/example_dags/example_bash_operator.py took 0.064 seconds
[2024-02-26T16:09:30.412+0000] {processor.py:161} INFO - Started process (PID=10551) to work on /home/airflow/.local/lib/python3.11/site-packages/airflow/example_dags/example_bash_operator.py
[2024-02-26T16:09:30.414+0000] {processor.py:830} INFO - Processing file /home/airflow/.local/lib/python3.11/site-packages/airflow/example_dags/example_bash_operator.py for tasks to queue
[2024-02-26T16:09:30.415+0000] {logging_mixin.py:188} INFO - [2024-02-26T16:09:30.415+0000] {dagbag.py:540} INFO - Filling up the DagBag from /home/airflow/.local/lib/python3.11/site-packages/airflow/example_dags/example_bash_operator.py
[2024-02-26T16:09:30.426+0000] {processor.py:840} INFO - DAG(s) 'example_bash_operator' retrieved from /home/airflow/.local/lib/python3.11/site-packages/airflow/example_dags/example_bash_operator.py
[2024-02-26T16:09:30.451+0000] {logging_mixin.py:188} INFO - [2024-02-26T16:09:30.450+0000] {dag.py:3047} INFO - Sync 1 DAGs
[2024-02-26T16:09:30.466+0000] {logging_mixin.py:188} INFO - [2024-02-26T16:09:30.466+0000] {dag.py:3834} INFO - Setting next_dagrun for example_bash_operator to 2024-02-26 00:00:00+00:00, run_after=2024-02-27 00:00:00+00:00
[2024-02-26T16:09:30.478+0000] {processor.py:183} INFO - Processing /home/airflow/.local/lib/python3.11/site-packages/airflow/example_dags/example_bash_operator.py took 0.070 seconds
[2024-02-26T16:10:00.529+0000] {processor.py:161} INFO - Started process (PID=10798) to work on /home/airflow/.local/lib/python3.11/site-packages/airflow/example_dags/example_bash_operator.py
[2024-02-26T16:10:00.531+0000] {processor.py:830} INFO - Processing file /home/airflow/.local/lib/python3.11/site-packages/airflow/example_dags/example_bash_operator.py for tasks to queue
[2024-02-26T16:10:00.533+0000] {logging_mixin.py:188} INFO - [2024-02-26T16:10:00.533+0000] {dagbag.py:540} INFO - Filling up the DagBag from /home/airflow/.local/lib/python3.11/site-packages/airflow/example_dags/example_bash_operator.py
[2024-02-26T16:10:00.544+0000] {processor.py:840} INFO - DAG(s) 'example_bash_operator' retrieved from /home/airflow/.local/lib/python3.11/site-packages/airflow/example_dags/example_bash_operator.py
[2024-02-26T16:10:00.571+0000] {logging_mixin.py:188} INFO - [2024-02-26T16:10:00.570+0000] {dag.py:3047} INFO - Sync 1 DAGs
[2024-02-26T16:10:00.586+0000] {logging_mixin.py:188} INFO - [2024-02-26T16:10:00.586+0000] {dag.py:3834} INFO - Setting next_dagrun for example_bash_operator to 2024-02-26 00:00:00+00:00, run_after=2024-02-27 00:00:00+00:00
[2024-02-26T16:10:00.598+0000] {processor.py:183} INFO - Processing /home/airflow/.local/lib/python3.11/site-packages/airflow/example_dags/example_bash_operator.py took 0.073 seconds
[2024-02-26T16:10:30.774+0000] {processor.py:161} INFO - Started process (PID=11047) to work on /home/airflow/.local/lib/python3.11/site-packages/airflow/example_dags/example_bash_operator.py
[2024-02-26T16:10:30.776+0000] {processor.py:830} INFO - Processing file /home/airflow/.local/lib/python3.11/site-packages/airflow/example_dags/example_bash_operator.py for tasks to queue
[2024-02-26T16:10:30.778+0000] {logging_mixin.py:188} INFO - [2024-02-26T16:10:30.777+0000] {dagbag.py:540} INFO - Filling up the DagBag from /home/airflow/.local/lib/python3.11/site-packages/airflow/example_dags/example_bash_operator.py
[2024-02-26T16:10:30.789+0000] {processor.py:840} INFO - DAG(s) 'example_bash_operator' retrieved from /home/airflow/.local/lib/python3.11/site-packages/airflow/example_dags/example_bash_operator.py
[2024-02-26T16:10:30.812+0000] {logging_mixin.py:188} INFO - [2024-02-26T16:10:30.812+0000] {dag.py:3047} INFO - Sync 1 DAGs
[2024-02-26T16:10:30.828+0000] {logging_mixin.py:188} INFO - [2024-02-26T16:10:30.828+0000] {dag.py:3834} INFO - Setting next_dagrun for example_bash_operator to 2024-02-26 00:00:00+00:00, run_after=2024-02-27 00:00:00+00:00
[2024-02-26T16:10:30.841+0000] {processor.py:183} INFO - Processing /home/airflow/.local/lib/python3.11/site-packages/airflow/example_dags/example_bash_operator.py took 0.069 seconds
[2024-02-26T16:11:01.194+0000] {processor.py:161} INFO - Started process (PID=11294) to work on /home/airflow/.local/lib/python3.11/site-packages/airflow/example_dags/example_bash_operator.py
[2024-02-26T16:11:01.197+0000] {processor.py:830} INFO - Processing file /home/airflow/.local/lib/python3.11/site-packages/airflow/example_dags/example_bash_operator.py for tasks to queue
[2024-02-26T16:11:01.199+0000] {logging_mixin.py:188} INFO - [2024-02-26T16:11:01.198+0000] {dagbag.py:540} INFO - Filling up the DagBag from /home/airflow/.local/lib/python3.11/site-packages/airflow/example_dags/example_bash_operator.py
[2024-02-26T16:11:01.209+0000] {processor.py:840} INFO - DAG(s) 'example_bash_operator' retrieved from /home/airflow/.local/lib/python3.11/site-packages/airflow/example_dags/example_bash_operator.py
[2024-02-26T16:11:01.232+0000] {logging_mixin.py:188} INFO - [2024-02-26T16:11:01.232+0000] {dag.py:3047} INFO - Sync 1 DAGs
[2024-02-26T16:11:01.250+0000] {logging_mixin.py:188} INFO - [2024-02-26T16:11:01.250+0000] {dag.py:3834} INFO - Setting next_dagrun for example_bash_operator to 2024-02-26 00:00:00+00:00, run_after=2024-02-27 00:00:00+00:00
[2024-02-26T16:11:01.262+0000] {processor.py:183} INFO - Processing /home/airflow/.local/lib/python3.11/site-packages/airflow/example_dags/example_bash_operator.py took 0.070 seconds
[2024-02-26T16:11:31.314+0000] {processor.py:161} INFO - Started process (PID=11539) to work on /home/airflow/.local/lib/python3.11/site-packages/airflow/example_dags/example_bash_operator.py
[2024-02-26T16:11:31.316+0000] {processor.py:830} INFO - Processing file /home/airflow/.local/lib/python3.11/site-packages/airflow/example_dags/example_bash_operator.py for tasks to queue
[2024-02-26T16:11:31.319+0000] {logging_mixin.py:188} INFO - [2024-02-26T16:11:31.318+0000] {dagbag.py:540} INFO - Filling up the DagBag from /home/airflow/.local/lib/python3.11/site-packages/airflow/example_dags/example_bash_operator.py
[2024-02-26T16:11:31.330+0000] {processor.py:840} INFO - DAG(s) 'example_bash_operator' retrieved from /home/airflow/.local/lib/python3.11/site-packages/airflow/example_dags/example_bash_operator.py
[2024-02-26T16:11:31.354+0000] {logging_mixin.py:188} INFO - [2024-02-26T16:11:31.354+0000] {dag.py:3047} INFO - Sync 1 DAGs
[2024-02-26T16:11:31.371+0000] {logging_mixin.py:188} INFO - [2024-02-26T16:11:31.371+0000] {dag.py:3834} INFO - Setting next_dagrun for example_bash_operator to 2024-02-26 00:00:00+00:00, run_after=2024-02-27 00:00:00+00:00
[2024-02-26T16:11:31.383+0000] {processor.py:183} INFO - Processing /home/airflow/.local/lib/python3.11/site-packages/airflow/example_dags/example_bash_operator.py took 0.073 seconds
[2024-02-26T16:12:01.459+0000] {processor.py:161} INFO - Started process (PID=11786) to work on /home/airflow/.local/lib/python3.11/site-packages/airflow/example_dags/example_bash_operator.py
[2024-02-26T16:12:01.461+0000] {processor.py:830} INFO - Processing file /home/airflow/.local/lib/python3.11/site-packages/airflow/example_dags/example_bash_operator.py for tasks to queue
[2024-02-26T16:12:01.463+0000] {logging_mixin.py:188} INFO - [2024-02-26T16:12:01.462+0000] {dagbag.py:540} INFO - Filling up the DagBag from /home/airflow/.local/lib/python3.11/site-packages/airflow/example_dags/example_bash_operator.py
[2024-02-26T16:12:01.472+0000] {processor.py:840} INFO - DAG(s) 'example_bash_operator' retrieved from /home/airflow/.local/lib/python3.11/site-packages/airflow/example_dags/example_bash_operator.py
[2024-02-26T16:12:01.494+0000] {logging_mixin.py:188} INFO - [2024-02-26T16:12:01.493+0000] {dag.py:3047} INFO - Sync 1 DAGs
[2024-02-26T16:12:01.509+0000] {logging_mixin.py:188} INFO - [2024-02-26T16:12:01.509+0000] {dag.py:3834} INFO - Setting next_dagrun for example_bash_operator to 2024-02-26 00:00:00+00:00, run_after=2024-02-27 00:00:00+00:00
[2024-02-26T16:12:01.520+0000] {processor.py:183} INFO - Processing /home/airflow/.local/lib/python3.11/site-packages/airflow/example_dags/example_bash_operator.py took 0.064 seconds
[2024-02-26T16:12:31.650+0000] {processor.py:161} INFO - Started process (PID=12036) to work on /home/airflow/.local/lib/python3.11/site-packages/airflow/example_dags/example_bash_operator.py
[2024-02-26T16:12:31.652+0000] {processor.py:830} INFO - Processing file /home/airflow/.local/lib/python3.11/site-packages/airflow/example_dags/example_bash_operator.py for tasks to queue
[2024-02-26T16:12:31.654+0000] {logging_mixin.py:188} INFO - [2024-02-26T16:12:31.653+0000] {dagbag.py:540} INFO - Filling up the DagBag from /home/airflow/.local/lib/python3.11/site-packages/airflow/example_dags/example_bash_operator.py
[2024-02-26T16:12:31.663+0000] {processor.py:840} INFO - DAG(s) 'example_bash_operator' retrieved from /home/airflow/.local/lib/python3.11/site-packages/airflow/example_dags/example_bash_operator.py
[2024-02-26T16:12:31.685+0000] {logging_mixin.py:188} INFO - [2024-02-26T16:12:31.685+0000] {dag.py:3047} INFO - Sync 1 DAGs
[2024-02-26T16:12:31.701+0000] {logging_mixin.py:188} INFO - [2024-02-26T16:12:31.700+0000] {dag.py:3834} INFO - Setting next_dagrun for example_bash_operator to 2024-02-26 00:00:00+00:00, run_after=2024-02-27 00:00:00+00:00
[2024-02-26T16:12:31.711+0000] {processor.py:183} INFO - Processing /home/airflow/.local/lib/python3.11/site-packages/airflow/example_dags/example_bash_operator.py took 0.064 seconds
[2024-02-26T16:13:01.786+0000] {processor.py:161} INFO - Started process (PID=12281) to work on /home/airflow/.local/lib/python3.11/site-packages/airflow/example_dags/example_bash_operator.py
[2024-02-26T16:13:01.788+0000] {processor.py:830} INFO - Processing file /home/airflow/.local/lib/python3.11/site-packages/airflow/example_dags/example_bash_operator.py for tasks to queue
[2024-02-26T16:13:01.790+0000] {logging_mixin.py:188} INFO - [2024-02-26T16:13:01.789+0000] {dagbag.py:540} INFO - Filling up the DagBag from /home/airflow/.local/lib/python3.11/site-packages/airflow/example_dags/example_bash_operator.py
[2024-02-26T16:13:01.800+0000] {processor.py:840} INFO - DAG(s) 'example_bash_operator' retrieved from /home/airflow/.local/lib/python3.11/site-packages/airflow/example_dags/example_bash_operator.py
[2024-02-26T16:13:01.822+0000] {logging_mixin.py:188} INFO - [2024-02-26T16:13:01.822+0000] {dag.py:3047} INFO - Sync 1 DAGs
[2024-02-26T16:13:01.835+0000] {logging_mixin.py:188} INFO - [2024-02-26T16:13:01.835+0000] {dag.py:3834} INFO - Setting next_dagrun for example_bash_operator to 2024-02-26 00:00:00+00:00, run_after=2024-02-27 00:00:00+00:00
[2024-02-26T16:13:01.846+0000] {processor.py:183} INFO - Processing /home/airflow/.local/lib/python3.11/site-packages/airflow/example_dags/example_bash_operator.py took 0.062 seconds
[2024-02-26T16:13:31.970+0000] {processor.py:161} INFO - Started process (PID=12531) to work on /home/airflow/.local/lib/python3.11/site-packages/airflow/example_dags/example_bash_operator.py
[2024-02-26T16:13:31.972+0000] {processor.py:830} INFO - Processing file /home/airflow/.local/lib/python3.11/site-packages/airflow/example_dags/example_bash_operator.py for tasks to queue
[2024-02-26T16:13:31.973+0000] {logging_mixin.py:188} INFO - [2024-02-26T16:13:31.973+0000] {dagbag.py:540} INFO - Filling up the DagBag from /home/airflow/.local/lib/python3.11/site-packages/airflow/example_dags/example_bash_operator.py
[2024-02-26T16:13:31.982+0000] {processor.py:840} INFO - DAG(s) 'example_bash_operator' retrieved from /home/airflow/.local/lib/python3.11/site-packages/airflow/example_dags/example_bash_operator.py
[2024-02-26T16:13:32.002+0000] {logging_mixin.py:188} INFO - [2024-02-26T16:13:32.002+0000] {dag.py:3047} INFO - Sync 1 DAGs
[2024-02-26T16:13:32.017+0000] {logging_mixin.py:188} INFO - [2024-02-26T16:13:32.017+0000] {dag.py:3834} INFO - Setting next_dagrun for example_bash_operator to 2024-02-26 00:00:00+00:00, run_after=2024-02-27 00:00:00+00:00
[2024-02-26T16:13:32.027+0000] {processor.py:183} INFO - Processing /home/airflow/.local/lib/python3.11/site-packages/airflow/example_dags/example_bash_operator.py took 0.060 seconds
[2024-02-26T16:14:02.448+0000] {processor.py:161} INFO - Started process (PID=12777) to work on /home/airflow/.local/lib/python3.11/site-packages/airflow/example_dags/example_bash_operator.py
[2024-02-26T16:14:02.450+0000] {processor.py:830} INFO - Processing file /home/airflow/.local/lib/python3.11/site-packages/airflow/example_dags/example_bash_operator.py for tasks to queue
[2024-02-26T16:14:02.453+0000] {logging_mixin.py:188} INFO - [2024-02-26T16:14:02.452+0000] {dagbag.py:540} INFO - Filling up the DagBag from /home/airflow/.local/lib/python3.11/site-packages/airflow/example_dags/example_bash_operator.py
[2024-02-26T16:14:02.468+0000] {processor.py:840} INFO - DAG(s) 'example_bash_operator' retrieved from /home/airflow/.local/lib/python3.11/site-packages/airflow/example_dags/example_bash_operator.py
[2024-02-26T16:14:02.489+0000] {logging_mixin.py:188} INFO - [2024-02-26T16:14:02.489+0000] {dag.py:3047} INFO - Sync 1 DAGs
[2024-02-26T16:14:02.506+0000] {logging_mixin.py:188} INFO - [2024-02-26T16:14:02.506+0000] {dag.py:3834} INFO - Setting next_dagrun for example_bash_operator to 2024-02-26 00:00:00+00:00, run_after=2024-02-27 00:00:00+00:00
[2024-02-26T16:14:02.518+0000] {processor.py:183} INFO - Processing /home/airflow/.local/lib/python3.11/site-packages/airflow/example_dags/example_bash_operator.py took 0.072 seconds
[2024-02-26T16:14:32.674+0000] {processor.py:161} INFO - Started process (PID=13022) to work on /home/airflow/.local/lib/python3.11/site-packages/airflow/example_dags/example_bash_operator.py
[2024-02-26T16:14:32.675+0000] {processor.py:830} INFO - Processing file /home/airflow/.local/lib/python3.11/site-packages/airflow/example_dags/example_bash_operator.py for tasks to queue
[2024-02-26T16:14:32.676+0000] {logging_mixin.py:188} INFO - [2024-02-26T16:14:32.676+0000] {dagbag.py:540} INFO - Filling up the DagBag from /home/airflow/.local/lib/python3.11/site-packages/airflow/example_dags/example_bash_operator.py
[2024-02-26T16:14:32.685+0000] {processor.py:840} INFO - DAG(s) 'example_bash_operator' retrieved from /home/airflow/.local/lib/python3.11/site-packages/airflow/example_dags/example_bash_operator.py
[2024-02-26T16:14:32.706+0000] {logging_mixin.py:188} INFO - [2024-02-26T16:14:32.705+0000] {dag.py:3047} INFO - Sync 1 DAGs
[2024-02-26T16:14:32.721+0000] {logging_mixin.py:188} INFO - [2024-02-26T16:14:32.720+0000] {dag.py:3834} INFO - Setting next_dagrun for example_bash_operator to 2024-02-26 00:00:00+00:00, run_after=2024-02-27 00:00:00+00:00
[2024-02-26T16:14:32.737+0000] {processor.py:183} INFO - Processing /home/airflow/.local/lib/python3.11/site-packages/airflow/example_dags/example_bash_operator.py took 0.066 seconds
