[2024-02-26T15:48:33.732+0000] {processor.py:161} INFO - Started process (PID=251) to work on /home/airflow/.local/lib/python3.11/site-packages/airflow/example_dags/example_task_group_decorator.py
[2024-02-26T15:48:33.734+0000] {processor.py:830} INFO - Processing file /home/airflow/.local/lib/python3.11/site-packages/airflow/example_dags/example_task_group_decorator.py for tasks to queue
[2024-02-26T15:48:33.737+0000] {logging_mixin.py:188} INFO - [2024-02-26T15:48:33.736+0000] {dagbag.py:540} INFO - Filling up the DagBag from /home/airflow/.local/lib/python3.11/site-packages/airflow/example_dags/example_task_group_decorator.py
[2024-02-26T15:48:33.749+0000] {processor.py:840} INFO - DAG(s) 'example_task_group_decorator' retrieved from /home/airflow/.local/lib/python3.11/site-packages/airflow/example_dags/example_task_group_decorator.py
[2024-02-26T15:48:33.764+0000] {logging_mixin.py:188} INFO - [2024-02-26T15:48:33.764+0000] {dag.py:3047} INFO - Sync 1 DAGs
[2024-02-26T15:48:33.787+0000] {logging_mixin.py:188} INFO - [2024-02-26T15:48:33.786+0000] {dag.py:3834} INFO - Setting next_dagrun for example_task_group_decorator to 2024-02-25 00:00:00+00:00, run_after=2024-02-26 00:00:00+00:00
[2024-02-26T15:48:33.942+0000] {processor.py:183} INFO - Processing /home/airflow/.local/lib/python3.11/site-packages/airflow/example_dags/example_task_group_decorator.py took 0.213 seconds
[2024-02-26T15:49:04.177+0000] {processor.py:161} INFO - Started process (PID=498) to work on /home/airflow/.local/lib/python3.11/site-packages/airflow/example_dags/example_task_group_decorator.py
[2024-02-26T15:49:04.179+0000] {processor.py:830} INFO - Processing file /home/airflow/.local/lib/python3.11/site-packages/airflow/example_dags/example_task_group_decorator.py for tasks to queue
[2024-02-26T15:49:04.181+0000] {logging_mixin.py:188} INFO - [2024-02-26T15:49:04.180+0000] {dagbag.py:540} INFO - Filling up the DagBag from /home/airflow/.local/lib/python3.11/site-packages/airflow/example_dags/example_task_group_decorator.py
[2024-02-26T15:49:04.194+0000] {processor.py:840} INFO - DAG(s) 'example_task_group_decorator' retrieved from /home/airflow/.local/lib/python3.11/site-packages/airflow/example_dags/example_task_group_decorator.py
[2024-02-26T15:49:04.267+0000] {logging_mixin.py:188} INFO - [2024-02-26T15:49:04.267+0000] {dag.py:3047} INFO - Sync 1 DAGs
[2024-02-26T15:49:04.280+0000] {logging_mixin.py:188} INFO - [2024-02-26T15:49:04.280+0000] {dag.py:3834} INFO - Setting next_dagrun for example_task_group_decorator to 2024-02-25 00:00:00+00:00, run_after=2024-02-26 00:00:00+00:00
[2024-02-26T15:49:04.293+0000] {processor.py:183} INFO - Processing /home/airflow/.local/lib/python3.11/site-packages/airflow/example_dags/example_task_group_decorator.py took 0.119 seconds
[2024-02-26T15:49:34.700+0000] {processor.py:161} INFO - Started process (PID=743) to work on /home/airflow/.local/lib/python3.11/site-packages/airflow/example_dags/example_task_group_decorator.py
[2024-02-26T15:49:34.702+0000] {processor.py:830} INFO - Processing file /home/airflow/.local/lib/python3.11/site-packages/airflow/example_dags/example_task_group_decorator.py for tasks to queue
[2024-02-26T15:49:34.703+0000] {logging_mixin.py:188} INFO - [2024-02-26T15:49:34.703+0000] {dagbag.py:540} INFO - Filling up the DagBag from /home/airflow/.local/lib/python3.11/site-packages/airflow/example_dags/example_task_group_decorator.py
[2024-02-26T15:49:34.714+0000] {processor.py:840} INFO - DAG(s) 'example_task_group_decorator' retrieved from /home/airflow/.local/lib/python3.11/site-packages/airflow/example_dags/example_task_group_decorator.py
[2024-02-26T15:49:34.738+0000] {logging_mixin.py:188} INFO - [2024-02-26T15:49:34.738+0000] {dag.py:3047} INFO - Sync 1 DAGs
[2024-02-26T15:49:34.752+0000] {logging_mixin.py:188} INFO - [2024-02-26T15:49:34.752+0000] {dag.py:3834} INFO - Setting next_dagrun for example_task_group_decorator to 2024-02-25 00:00:00+00:00, run_after=2024-02-26 00:00:00+00:00
[2024-02-26T15:49:34.765+0000] {processor.py:183} INFO - Processing /home/airflow/.local/lib/python3.11/site-packages/airflow/example_dags/example_task_group_decorator.py took 0.068 seconds
[2024-02-26T15:50:05.435+0000] {processor.py:161} INFO - Started process (PID=991) to work on /home/airflow/.local/lib/python3.11/site-packages/airflow/example_dags/example_task_group_decorator.py
[2024-02-26T15:50:05.436+0000] {processor.py:830} INFO - Processing file /home/airflow/.local/lib/python3.11/site-packages/airflow/example_dags/example_task_group_decorator.py for tasks to queue
[2024-02-26T15:50:05.438+0000] {logging_mixin.py:188} INFO - [2024-02-26T15:50:05.438+0000] {dagbag.py:540} INFO - Filling up the DagBag from /home/airflow/.local/lib/python3.11/site-packages/airflow/example_dags/example_task_group_decorator.py
[2024-02-26T15:50:05.449+0000] {processor.py:840} INFO - DAG(s) 'example_task_group_decorator' retrieved from /home/airflow/.local/lib/python3.11/site-packages/airflow/example_dags/example_task_group_decorator.py
[2024-02-26T15:50:05.470+0000] {logging_mixin.py:188} INFO - [2024-02-26T15:50:05.470+0000] {dag.py:3047} INFO - Sync 1 DAGs
[2024-02-26T15:50:05.488+0000] {logging_mixin.py:188} INFO - [2024-02-26T15:50:05.488+0000] {dag.py:3834} INFO - Setting next_dagrun for example_task_group_decorator to 2024-02-25 00:00:00+00:00, run_after=2024-02-26 00:00:00+00:00
[2024-02-26T15:50:05.503+0000] {processor.py:183} INFO - Processing /home/airflow/.local/lib/python3.11/site-packages/airflow/example_dags/example_task_group_decorator.py took 0.071 seconds
[2024-02-26T15:50:36.662+0000] {processor.py:161} INFO - Started process (PID=1237) to work on /home/airflow/.local/lib/python3.11/site-packages/airflow/example_dags/example_task_group_decorator.py
[2024-02-26T15:50:36.666+0000] {processor.py:830} INFO - Processing file /home/airflow/.local/lib/python3.11/site-packages/airflow/example_dags/example_task_group_decorator.py for tasks to queue
[2024-02-26T15:50:36.668+0000] {logging_mixin.py:188} INFO - [2024-02-26T15:50:36.667+0000] {dagbag.py:540} INFO - Filling up the DagBag from /home/airflow/.local/lib/python3.11/site-packages/airflow/example_dags/example_task_group_decorator.py
[2024-02-26T15:50:36.682+0000] {processor.py:840} INFO - DAG(s) 'example_task_group_decorator' retrieved from /home/airflow/.local/lib/python3.11/site-packages/airflow/example_dags/example_task_group_decorator.py
[2024-02-26T15:50:36.705+0000] {logging_mixin.py:188} INFO - [2024-02-26T15:50:36.704+0000] {dag.py:3047} INFO - Sync 1 DAGs
[2024-02-26T15:50:36.721+0000] {logging_mixin.py:188} INFO - [2024-02-26T15:50:36.721+0000] {dag.py:3834} INFO - Setting next_dagrun for example_task_group_decorator to 2024-02-25 00:00:00+00:00, run_after=2024-02-26 00:00:00+00:00
[2024-02-26T15:50:36.738+0000] {processor.py:183} INFO - Processing /home/airflow/.local/lib/python3.11/site-packages/airflow/example_dags/example_task_group_decorator.py took 0.079 seconds
[2024-02-26T15:51:07.569+0000] {processor.py:161} INFO - Started process (PID=1484) to work on /home/airflow/.local/lib/python3.11/site-packages/airflow/example_dags/example_task_group_decorator.py
[2024-02-26T15:51:07.571+0000] {processor.py:830} INFO - Processing file /home/airflow/.local/lib/python3.11/site-packages/airflow/example_dags/example_task_group_decorator.py for tasks to queue
[2024-02-26T15:51:07.572+0000] {logging_mixin.py:188} INFO - [2024-02-26T15:51:07.572+0000] {dagbag.py:540} INFO - Filling up the DagBag from /home/airflow/.local/lib/python3.11/site-packages/airflow/example_dags/example_task_group_decorator.py
[2024-02-26T15:51:07.584+0000] {processor.py:840} INFO - DAG(s) 'example_task_group_decorator' retrieved from /home/airflow/.local/lib/python3.11/site-packages/airflow/example_dags/example_task_group_decorator.py
[2024-02-26T15:51:07.605+0000] {logging_mixin.py:188} INFO - [2024-02-26T15:51:07.605+0000] {dag.py:3047} INFO - Sync 1 DAGs
[2024-02-26T15:51:07.619+0000] {logging_mixin.py:188} INFO - [2024-02-26T15:51:07.619+0000] {dag.py:3834} INFO - Setting next_dagrun for example_task_group_decorator to 2024-02-25 00:00:00+00:00, run_after=2024-02-26 00:00:00+00:00
[2024-02-26T15:51:07.632+0000] {processor.py:183} INFO - Processing /home/airflow/.local/lib/python3.11/site-packages/airflow/example_dags/example_task_group_decorator.py took 0.067 seconds
[2024-02-26T15:51:38.360+0000] {processor.py:161} INFO - Started process (PID=1731) to work on /home/airflow/.local/lib/python3.11/site-packages/airflow/example_dags/example_task_group_decorator.py
[2024-02-26T15:51:38.362+0000] {processor.py:830} INFO - Processing file /home/airflow/.local/lib/python3.11/site-packages/airflow/example_dags/example_task_group_decorator.py for tasks to queue
[2024-02-26T15:51:38.363+0000] {logging_mixin.py:188} INFO - [2024-02-26T15:51:38.363+0000] {dagbag.py:540} INFO - Filling up the DagBag from /home/airflow/.local/lib/python3.11/site-packages/airflow/example_dags/example_task_group_decorator.py
[2024-02-26T15:51:38.374+0000] {processor.py:840} INFO - DAG(s) 'example_task_group_decorator' retrieved from /home/airflow/.local/lib/python3.11/site-packages/airflow/example_dags/example_task_group_decorator.py
[2024-02-26T15:51:38.394+0000] {logging_mixin.py:188} INFO - [2024-02-26T15:51:38.394+0000] {dag.py:3047} INFO - Sync 1 DAGs
[2024-02-26T15:51:38.420+0000] {logging_mixin.py:188} INFO - [2024-02-26T15:51:38.419+0000] {dag.py:3834} INFO - Setting next_dagrun for example_task_group_decorator to 2024-02-25 00:00:00+00:00, run_after=2024-02-26 00:00:00+00:00
[2024-02-26T15:51:38.438+0000] {processor.py:183} INFO - Processing /home/airflow/.local/lib/python3.11/site-packages/airflow/example_dags/example_task_group_decorator.py took 0.081 seconds
[2024-02-26T15:52:09.150+0000] {processor.py:161} INFO - Started process (PID=2026) to work on /home/airflow/.local/lib/python3.11/site-packages/airflow/example_dags/example_task_group_decorator.py
[2024-02-26T15:52:09.152+0000] {processor.py:830} INFO - Processing file /home/airflow/.local/lib/python3.11/site-packages/airflow/example_dags/example_task_group_decorator.py for tasks to queue
[2024-02-26T15:52:09.154+0000] {logging_mixin.py:188} INFO - [2024-02-26T15:52:09.153+0000] {dagbag.py:540} INFO - Filling up the DagBag from /home/airflow/.local/lib/python3.11/site-packages/airflow/example_dags/example_task_group_decorator.py
[2024-02-26T15:52:09.165+0000] {processor.py:840} INFO - DAG(s) 'example_task_group_decorator' retrieved from /home/airflow/.local/lib/python3.11/site-packages/airflow/example_dags/example_task_group_decorator.py
[2024-02-26T15:52:09.188+0000] {logging_mixin.py:188} INFO - [2024-02-26T15:52:09.188+0000] {dag.py:3047} INFO - Sync 1 DAGs
[2024-02-26T15:52:09.203+0000] {logging_mixin.py:188} INFO - [2024-02-26T15:52:09.203+0000] {dag.py:3834} INFO - Setting next_dagrun for example_task_group_decorator to 2024-02-25 00:00:00+00:00, run_after=2024-02-26 00:00:00+00:00
[2024-02-26T15:52:09.215+0000] {processor.py:183} INFO - Processing /home/airflow/.local/lib/python3.11/site-packages/airflow/example_dags/example_task_group_decorator.py took 0.067 seconds
[2024-02-26T15:52:39.720+0000] {processor.py:161} INFO - Started process (PID=2297) to work on /home/airflow/.local/lib/python3.11/site-packages/airflow/example_dags/example_task_group_decorator.py
[2024-02-26T15:52:39.722+0000] {processor.py:830} INFO - Processing file /home/airflow/.local/lib/python3.11/site-packages/airflow/example_dags/example_task_group_decorator.py for tasks to queue
[2024-02-26T15:52:39.724+0000] {logging_mixin.py:188} INFO - [2024-02-26T15:52:39.724+0000] {dagbag.py:540} INFO - Filling up the DagBag from /home/airflow/.local/lib/python3.11/site-packages/airflow/example_dags/example_task_group_decorator.py
[2024-02-26T15:52:39.735+0000] {processor.py:840} INFO - DAG(s) 'example_task_group_decorator' retrieved from /home/airflow/.local/lib/python3.11/site-packages/airflow/example_dags/example_task_group_decorator.py
[2024-02-26T15:52:39.757+0000] {logging_mixin.py:188} INFO - [2024-02-26T15:52:39.757+0000] {dag.py:3047} INFO - Sync 1 DAGs
[2024-02-26T15:52:39.771+0000] {logging_mixin.py:188} INFO - [2024-02-26T15:52:39.771+0000] {dag.py:3834} INFO - Setting next_dagrun for example_task_group_decorator to 2024-02-25 00:00:00+00:00, run_after=2024-02-26 00:00:00+00:00
[2024-02-26T15:52:39.783+0000] {processor.py:183} INFO - Processing /home/airflow/.local/lib/python3.11/site-packages/airflow/example_dags/example_task_group_decorator.py took 0.067 seconds
[2024-02-26T15:53:10.498+0000] {processor.py:161} INFO - Started process (PID=2544) to work on /home/airflow/.local/lib/python3.11/site-packages/airflow/example_dags/example_task_group_decorator.py
[2024-02-26T15:53:10.500+0000] {processor.py:830} INFO - Processing file /home/airflow/.local/lib/python3.11/site-packages/airflow/example_dags/example_task_group_decorator.py for tasks to queue
[2024-02-26T15:53:10.503+0000] {logging_mixin.py:188} INFO - [2024-02-26T15:53:10.502+0000] {dagbag.py:540} INFO - Filling up the DagBag from /home/airflow/.local/lib/python3.11/site-packages/airflow/example_dags/example_task_group_decorator.py
[2024-02-26T15:53:10.513+0000] {processor.py:840} INFO - DAG(s) 'example_task_group_decorator' retrieved from /home/airflow/.local/lib/python3.11/site-packages/airflow/example_dags/example_task_group_decorator.py
[2024-02-26T15:53:10.535+0000] {logging_mixin.py:188} INFO - [2024-02-26T15:53:10.535+0000] {dag.py:3047} INFO - Sync 1 DAGs
[2024-02-26T15:53:10.552+0000] {logging_mixin.py:188} INFO - [2024-02-26T15:53:10.552+0000] {dag.py:3834} INFO - Setting next_dagrun for example_task_group_decorator to 2024-02-25 00:00:00+00:00, run_after=2024-02-26 00:00:00+00:00
[2024-02-26T15:53:10.565+0000] {processor.py:183} INFO - Processing /home/airflow/.local/lib/python3.11/site-packages/airflow/example_dags/example_task_group_decorator.py took 0.071 seconds
[2024-02-26T15:53:41.329+0000] {processor.py:161} INFO - Started process (PID=2791) to work on /home/airflow/.local/lib/python3.11/site-packages/airflow/example_dags/example_task_group_decorator.py
[2024-02-26T15:53:41.330+0000] {processor.py:830} INFO - Processing file /home/airflow/.local/lib/python3.11/site-packages/airflow/example_dags/example_task_group_decorator.py for tasks to queue
[2024-02-26T15:53:41.333+0000] {logging_mixin.py:188} INFO - [2024-02-26T15:53:41.333+0000] {dagbag.py:540} INFO - Filling up the DagBag from /home/airflow/.local/lib/python3.11/site-packages/airflow/example_dags/example_task_group_decorator.py
[2024-02-26T15:53:41.344+0000] {processor.py:840} INFO - DAG(s) 'example_task_group_decorator' retrieved from /home/airflow/.local/lib/python3.11/site-packages/airflow/example_dags/example_task_group_decorator.py
[2024-02-26T15:53:41.365+0000] {logging_mixin.py:188} INFO - [2024-02-26T15:53:41.365+0000] {dag.py:3047} INFO - Sync 1 DAGs
[2024-02-26T15:53:41.380+0000] {logging_mixin.py:188} INFO - [2024-02-26T15:53:41.380+0000] {dag.py:3834} INFO - Setting next_dagrun for example_task_group_decorator to 2024-02-25 00:00:00+00:00, run_after=2024-02-26 00:00:00+00:00
[2024-02-26T15:53:41.391+0000] {processor.py:183} INFO - Processing /home/airflow/.local/lib/python3.11/site-packages/airflow/example_dags/example_task_group_decorator.py took 0.066 seconds
[2024-02-26T15:54:12.099+0000] {processor.py:161} INFO - Started process (PID=3038) to work on /home/airflow/.local/lib/python3.11/site-packages/airflow/example_dags/example_task_group_decorator.py
[2024-02-26T15:54:12.101+0000] {processor.py:830} INFO - Processing file /home/airflow/.local/lib/python3.11/site-packages/airflow/example_dags/example_task_group_decorator.py for tasks to queue
[2024-02-26T15:54:12.102+0000] {logging_mixin.py:188} INFO - [2024-02-26T15:54:12.102+0000] {dagbag.py:540} INFO - Filling up the DagBag from /home/airflow/.local/lib/python3.11/site-packages/airflow/example_dags/example_task_group_decorator.py
[2024-02-26T15:54:12.113+0000] {processor.py:840} INFO - DAG(s) 'example_task_group_decorator' retrieved from /home/airflow/.local/lib/python3.11/site-packages/airflow/example_dags/example_task_group_decorator.py
[2024-02-26T15:54:12.135+0000] {logging_mixin.py:188} INFO - [2024-02-26T15:54:12.134+0000] {dag.py:3047} INFO - Sync 1 DAGs
[2024-02-26T15:54:12.149+0000] {logging_mixin.py:188} INFO - [2024-02-26T15:54:12.149+0000] {dag.py:3834} INFO - Setting next_dagrun for example_task_group_decorator to 2024-02-25 00:00:00+00:00, run_after=2024-02-26 00:00:00+00:00
[2024-02-26T15:54:12.160+0000] {processor.py:183} INFO - Processing /home/airflow/.local/lib/python3.11/site-packages/airflow/example_dags/example_task_group_decorator.py took 0.064 seconds
[2024-02-26T15:54:42.916+0000] {processor.py:161} INFO - Started process (PID=3285) to work on /home/airflow/.local/lib/python3.11/site-packages/airflow/example_dags/example_task_group_decorator.py
[2024-02-26T15:54:42.917+0000] {processor.py:830} INFO - Processing file /home/airflow/.local/lib/python3.11/site-packages/airflow/example_dags/example_task_group_decorator.py for tasks to queue
[2024-02-26T15:54:42.919+0000] {logging_mixin.py:188} INFO - [2024-02-26T15:54:42.918+0000] {dagbag.py:540} INFO - Filling up the DagBag from /home/airflow/.local/lib/python3.11/site-packages/airflow/example_dags/example_task_group_decorator.py
[2024-02-26T15:54:42.929+0000] {processor.py:840} INFO - DAG(s) 'example_task_group_decorator' retrieved from /home/airflow/.local/lib/python3.11/site-packages/airflow/example_dags/example_task_group_decorator.py
[2024-02-26T15:54:42.948+0000] {logging_mixin.py:188} INFO - [2024-02-26T15:54:42.948+0000] {dag.py:3047} INFO - Sync 1 DAGs
[2024-02-26T15:54:42.962+0000] {logging_mixin.py:188} INFO - [2024-02-26T15:54:42.962+0000] {dag.py:3834} INFO - Setting next_dagrun for example_task_group_decorator to 2024-02-25 00:00:00+00:00, run_after=2024-02-26 00:00:00+00:00
[2024-02-26T15:54:42.975+0000] {processor.py:183} INFO - Processing /home/airflow/.local/lib/python3.11/site-packages/airflow/example_dags/example_task_group_decorator.py took 0.062 seconds
[2024-02-26T15:55:13.862+0000] {processor.py:161} INFO - Started process (PID=3533) to work on /home/airflow/.local/lib/python3.11/site-packages/airflow/example_dags/example_task_group_decorator.py
[2024-02-26T15:55:13.864+0000] {processor.py:830} INFO - Processing file /home/airflow/.local/lib/python3.11/site-packages/airflow/example_dags/example_task_group_decorator.py for tasks to queue
[2024-02-26T15:55:13.865+0000] {logging_mixin.py:188} INFO - [2024-02-26T15:55:13.865+0000] {dagbag.py:540} INFO - Filling up the DagBag from /home/airflow/.local/lib/python3.11/site-packages/airflow/example_dags/example_task_group_decorator.py
[2024-02-26T15:55:13.875+0000] {processor.py:840} INFO - DAG(s) 'example_task_group_decorator' retrieved from /home/airflow/.local/lib/python3.11/site-packages/airflow/example_dags/example_task_group_decorator.py
[2024-02-26T15:55:13.896+0000] {logging_mixin.py:188} INFO - [2024-02-26T15:55:13.895+0000] {dag.py:3047} INFO - Sync 1 DAGs
[2024-02-26T15:55:13.909+0000] {logging_mixin.py:188} INFO - [2024-02-26T15:55:13.908+0000] {dag.py:3834} INFO - Setting next_dagrun for example_task_group_decorator to 2024-02-25 00:00:00+00:00, run_after=2024-02-26 00:00:00+00:00
[2024-02-26T15:55:13.919+0000] {processor.py:183} INFO - Processing /home/airflow/.local/lib/python3.11/site-packages/airflow/example_dags/example_task_group_decorator.py took 0.060 seconds
[2024-02-26T15:55:44.918+0000] {processor.py:161} INFO - Started process (PID=3780) to work on /home/airflow/.local/lib/python3.11/site-packages/airflow/example_dags/example_task_group_decorator.py
[2024-02-26T15:55:44.923+0000] {processor.py:830} INFO - Processing file /home/airflow/.local/lib/python3.11/site-packages/airflow/example_dags/example_task_group_decorator.py for tasks to queue
[2024-02-26T15:55:44.925+0000] {logging_mixin.py:188} INFO - [2024-02-26T15:55:44.925+0000] {dagbag.py:540} INFO - Filling up the DagBag from /home/airflow/.local/lib/python3.11/site-packages/airflow/example_dags/example_task_group_decorator.py
[2024-02-26T15:55:44.938+0000] {processor.py:840} INFO - DAG(s) 'example_task_group_decorator' retrieved from /home/airflow/.local/lib/python3.11/site-packages/airflow/example_dags/example_task_group_decorator.py
[2024-02-26T15:55:44.962+0000] {logging_mixin.py:188} INFO - [2024-02-26T15:55:44.962+0000] {dag.py:3047} INFO - Sync 1 DAGs
[2024-02-26T15:55:44.978+0000] {logging_mixin.py:188} INFO - [2024-02-26T15:55:44.977+0000] {dag.py:3834} INFO - Setting next_dagrun for example_task_group_decorator to 2024-02-25 00:00:00+00:00, run_after=2024-02-26 00:00:00+00:00
[2024-02-26T15:55:44.991+0000] {processor.py:183} INFO - Processing /home/airflow/.local/lib/python3.11/site-packages/airflow/example_dags/example_task_group_decorator.py took 0.076 seconds
[2024-02-26T15:56:15.178+0000] {processor.py:161} INFO - Started process (PID=4025) to work on /home/airflow/.local/lib/python3.11/site-packages/airflow/example_dags/example_task_group_decorator.py
[2024-02-26T15:56:15.180+0000] {processor.py:830} INFO - Processing file /home/airflow/.local/lib/python3.11/site-packages/airflow/example_dags/example_task_group_decorator.py for tasks to queue
[2024-02-26T15:56:15.182+0000] {logging_mixin.py:188} INFO - [2024-02-26T15:56:15.182+0000] {dagbag.py:540} INFO - Filling up the DagBag from /home/airflow/.local/lib/python3.11/site-packages/airflow/example_dags/example_task_group_decorator.py
[2024-02-26T15:56:15.193+0000] {processor.py:840} INFO - DAG(s) 'example_task_group_decorator' retrieved from /home/airflow/.local/lib/python3.11/site-packages/airflow/example_dags/example_task_group_decorator.py
[2024-02-26T15:56:15.216+0000] {logging_mixin.py:188} INFO - [2024-02-26T15:56:15.216+0000] {dag.py:3047} INFO - Sync 1 DAGs
[2024-02-26T15:56:15.232+0000] {logging_mixin.py:188} INFO - [2024-02-26T15:56:15.231+0000] {dag.py:3834} INFO - Setting next_dagrun for example_task_group_decorator to 2024-02-25 00:00:00+00:00, run_after=2024-02-26 00:00:00+00:00
[2024-02-26T15:56:15.243+0000] {processor.py:183} INFO - Processing /home/airflow/.local/lib/python3.11/site-packages/airflow/example_dags/example_task_group_decorator.py took 0.068 seconds
[2024-02-26T15:56:45.542+0000] {processor.py:161} INFO - Started process (PID=4273) to work on /home/airflow/.local/lib/python3.11/site-packages/airflow/example_dags/example_task_group_decorator.py
[2024-02-26T15:56:45.543+0000] {processor.py:830} INFO - Processing file /home/airflow/.local/lib/python3.11/site-packages/airflow/example_dags/example_task_group_decorator.py for tasks to queue
[2024-02-26T15:56:45.545+0000] {logging_mixin.py:188} INFO - [2024-02-26T15:56:45.544+0000] {dagbag.py:540} INFO - Filling up the DagBag from /home/airflow/.local/lib/python3.11/site-packages/airflow/example_dags/example_task_group_decorator.py
[2024-02-26T15:56:45.558+0000] {processor.py:840} INFO - DAG(s) 'example_task_group_decorator' retrieved from /home/airflow/.local/lib/python3.11/site-packages/airflow/example_dags/example_task_group_decorator.py
[2024-02-26T15:56:45.579+0000] {logging_mixin.py:188} INFO - [2024-02-26T15:56:45.579+0000] {dag.py:3047} INFO - Sync 1 DAGs
[2024-02-26T15:56:45.595+0000] {logging_mixin.py:188} INFO - [2024-02-26T15:56:45.595+0000] {dag.py:3834} INFO - Setting next_dagrun for example_task_group_decorator to 2024-02-25 00:00:00+00:00, run_after=2024-02-26 00:00:00+00:00
[2024-02-26T15:56:45.608+0000] {processor.py:183} INFO - Processing /home/airflow/.local/lib/python3.11/site-packages/airflow/example_dags/example_task_group_decorator.py took 0.077 seconds
[2024-02-26T15:57:15.886+0000] {processor.py:161} INFO - Started process (PID=4520) to work on /home/airflow/.local/lib/python3.11/site-packages/airflow/example_dags/example_task_group_decorator.py
[2024-02-26T15:57:15.888+0000] {processor.py:830} INFO - Processing file /home/airflow/.local/lib/python3.11/site-packages/airflow/example_dags/example_task_group_decorator.py for tasks to queue
[2024-02-26T15:57:15.890+0000] {logging_mixin.py:188} INFO - [2024-02-26T15:57:15.889+0000] {dagbag.py:540} INFO - Filling up the DagBag from /home/airflow/.local/lib/python3.11/site-packages/airflow/example_dags/example_task_group_decorator.py
[2024-02-26T15:57:15.901+0000] {processor.py:840} INFO - DAG(s) 'example_task_group_decorator' retrieved from /home/airflow/.local/lib/python3.11/site-packages/airflow/example_dags/example_task_group_decorator.py
[2024-02-26T15:57:15.925+0000] {logging_mixin.py:188} INFO - [2024-02-26T15:57:15.924+0000] {dag.py:3047} INFO - Sync 1 DAGs
[2024-02-26T15:57:15.941+0000] {logging_mixin.py:188} INFO - [2024-02-26T15:57:15.941+0000] {dag.py:3834} INFO - Setting next_dagrun for example_task_group_decorator to 2024-02-25 00:00:00+00:00, run_after=2024-02-26 00:00:00+00:00
[2024-02-26T15:57:15.956+0000] {processor.py:183} INFO - Processing /home/airflow/.local/lib/python3.11/site-packages/airflow/example_dags/example_task_group_decorator.py took 0.074 seconds
[2024-02-26T15:57:46.146+0000] {processor.py:161} INFO - Started process (PID=4767) to work on /home/airflow/.local/lib/python3.11/site-packages/airflow/example_dags/example_task_group_decorator.py
[2024-02-26T15:57:46.151+0000] {processor.py:830} INFO - Processing file /home/airflow/.local/lib/python3.11/site-packages/airflow/example_dags/example_task_group_decorator.py for tasks to queue
[2024-02-26T15:57:46.155+0000] {logging_mixin.py:188} INFO - [2024-02-26T15:57:46.154+0000] {dagbag.py:540} INFO - Filling up the DagBag from /home/airflow/.local/lib/python3.11/site-packages/airflow/example_dags/example_task_group_decorator.py
[2024-02-26T15:57:46.167+0000] {processor.py:840} INFO - DAG(s) 'example_task_group_decorator' retrieved from /home/airflow/.local/lib/python3.11/site-packages/airflow/example_dags/example_task_group_decorator.py
[2024-02-26T15:57:46.192+0000] {logging_mixin.py:188} INFO - [2024-02-26T15:57:46.192+0000] {dag.py:3047} INFO - Sync 1 DAGs
[2024-02-26T15:57:46.212+0000] {logging_mixin.py:188} INFO - [2024-02-26T15:57:46.212+0000] {dag.py:3834} INFO - Setting next_dagrun for example_task_group_decorator to 2024-02-25 00:00:00+00:00, run_after=2024-02-26 00:00:00+00:00
[2024-02-26T15:57:46.226+0000] {processor.py:183} INFO - Processing /home/airflow/.local/lib/python3.11/site-packages/airflow/example_dags/example_task_group_decorator.py took 0.086 seconds
[2024-02-26T15:58:16.419+0000] {processor.py:161} INFO - Started process (PID=5016) to work on /home/airflow/.local/lib/python3.11/site-packages/airflow/example_dags/example_task_group_decorator.py
[2024-02-26T15:58:16.421+0000] {processor.py:830} INFO - Processing file /home/airflow/.local/lib/python3.11/site-packages/airflow/example_dags/example_task_group_decorator.py for tasks to queue
[2024-02-26T15:58:16.425+0000] {logging_mixin.py:188} INFO - [2024-02-26T15:58:16.424+0000] {dagbag.py:540} INFO - Filling up the DagBag from /home/airflow/.local/lib/python3.11/site-packages/airflow/example_dags/example_task_group_decorator.py
[2024-02-26T15:58:16.434+0000] {processor.py:840} INFO - DAG(s) 'example_task_group_decorator' retrieved from /home/airflow/.local/lib/python3.11/site-packages/airflow/example_dags/example_task_group_decorator.py
[2024-02-26T15:58:16.455+0000] {logging_mixin.py:188} INFO - [2024-02-26T15:58:16.455+0000] {dag.py:3047} INFO - Sync 1 DAGs
[2024-02-26T15:58:16.469+0000] {logging_mixin.py:188} INFO - [2024-02-26T15:58:16.469+0000] {dag.py:3834} INFO - Setting next_dagrun for example_task_group_decorator to 2024-02-25 00:00:00+00:00, run_after=2024-02-26 00:00:00+00:00
[2024-02-26T15:58:16.485+0000] {processor.py:183} INFO - Processing /home/airflow/.local/lib/python3.11/site-packages/airflow/example_dags/example_task_group_decorator.py took 0.070 seconds
[2024-02-26T15:58:46.827+0000] {processor.py:161} INFO - Started process (PID=5264) to work on /home/airflow/.local/lib/python3.11/site-packages/airflow/example_dags/example_task_group_decorator.py
[2024-02-26T15:58:46.828+0000] {processor.py:830} INFO - Processing file /home/airflow/.local/lib/python3.11/site-packages/airflow/example_dags/example_task_group_decorator.py for tasks to queue
[2024-02-26T15:58:46.830+0000] {logging_mixin.py:188} INFO - [2024-02-26T15:58:46.829+0000] {dagbag.py:540} INFO - Filling up the DagBag from /home/airflow/.local/lib/python3.11/site-packages/airflow/example_dags/example_task_group_decorator.py
[2024-02-26T15:58:46.844+0000] {processor.py:840} INFO - DAG(s) 'example_task_group_decorator' retrieved from /home/airflow/.local/lib/python3.11/site-packages/airflow/example_dags/example_task_group_decorator.py
[2024-02-26T15:58:46.865+0000] {logging_mixin.py:188} INFO - [2024-02-26T15:58:46.865+0000] {dag.py:3047} INFO - Sync 1 DAGs
[2024-02-26T15:58:46.881+0000] {logging_mixin.py:188} INFO - [2024-02-26T15:58:46.881+0000] {dag.py:3834} INFO - Setting next_dagrun for example_task_group_decorator to 2024-02-25 00:00:00+00:00, run_after=2024-02-26 00:00:00+00:00
[2024-02-26T15:58:46.894+0000] {processor.py:183} INFO - Processing /home/airflow/.local/lib/python3.11/site-packages/airflow/example_dags/example_task_group_decorator.py took 0.070 seconds
[2024-02-26T15:59:16.971+0000] {processor.py:161} INFO - Started process (PID=5512) to work on /home/airflow/.local/lib/python3.11/site-packages/airflow/example_dags/example_task_group_decorator.py
[2024-02-26T15:59:16.972+0000] {processor.py:830} INFO - Processing file /home/airflow/.local/lib/python3.11/site-packages/airflow/example_dags/example_task_group_decorator.py for tasks to queue
[2024-02-26T15:59:16.974+0000] {logging_mixin.py:188} INFO - [2024-02-26T15:59:16.973+0000] {dagbag.py:540} INFO - Filling up the DagBag from /home/airflow/.local/lib/python3.11/site-packages/airflow/example_dags/example_task_group_decorator.py
[2024-02-26T15:59:16.985+0000] {processor.py:840} INFO - DAG(s) 'example_task_group_decorator' retrieved from /home/airflow/.local/lib/python3.11/site-packages/airflow/example_dags/example_task_group_decorator.py
[2024-02-26T15:59:17.005+0000] {logging_mixin.py:188} INFO - [2024-02-26T15:59:17.005+0000] {dag.py:3047} INFO - Sync 1 DAGs
[2024-02-26T15:59:17.020+0000] {logging_mixin.py:188} INFO - [2024-02-26T15:59:17.020+0000] {dag.py:3834} INFO - Setting next_dagrun for example_task_group_decorator to 2024-02-25 00:00:00+00:00, run_after=2024-02-26 00:00:00+00:00
[2024-02-26T15:59:17.031+0000] {processor.py:183} INFO - Processing /home/airflow/.local/lib/python3.11/site-packages/airflow/example_dags/example_task_group_decorator.py took 0.063 seconds
[2024-02-26T15:59:47.090+0000] {processor.py:161} INFO - Started process (PID=5759) to work on /home/airflow/.local/lib/python3.11/site-packages/airflow/example_dags/example_task_group_decorator.py
[2024-02-26T15:59:47.091+0000] {processor.py:830} INFO - Processing file /home/airflow/.local/lib/python3.11/site-packages/airflow/example_dags/example_task_group_decorator.py for tasks to queue
[2024-02-26T15:59:47.093+0000] {logging_mixin.py:188} INFO - [2024-02-26T15:59:47.093+0000] {dagbag.py:540} INFO - Filling up the DagBag from /home/airflow/.local/lib/python3.11/site-packages/airflow/example_dags/example_task_group_decorator.py
[2024-02-26T15:59:47.105+0000] {processor.py:840} INFO - DAG(s) 'example_task_group_decorator' retrieved from /home/airflow/.local/lib/python3.11/site-packages/airflow/example_dags/example_task_group_decorator.py
[2024-02-26T15:59:47.128+0000] {logging_mixin.py:188} INFO - [2024-02-26T15:59:47.128+0000] {dag.py:3047} INFO - Sync 1 DAGs
[2024-02-26T15:59:47.143+0000] {logging_mixin.py:188} INFO - [2024-02-26T15:59:47.143+0000] {dag.py:3834} INFO - Setting next_dagrun for example_task_group_decorator to 2024-02-25 00:00:00+00:00, run_after=2024-02-26 00:00:00+00:00
[2024-02-26T15:59:47.153+0000] {processor.py:183} INFO - Processing /home/airflow/.local/lib/python3.11/site-packages/airflow/example_dags/example_task_group_decorator.py took 0.066 seconds
[2024-02-26T16:00:17.938+0000] {processor.py:161} INFO - Started process (PID=6004) to work on /home/airflow/.local/lib/python3.11/site-packages/airflow/example_dags/example_task_group_decorator.py
[2024-02-26T16:00:17.940+0000] {processor.py:830} INFO - Processing file /home/airflow/.local/lib/python3.11/site-packages/airflow/example_dags/example_task_group_decorator.py for tasks to queue
[2024-02-26T16:00:17.942+0000] {logging_mixin.py:188} INFO - [2024-02-26T16:00:17.941+0000] {dagbag.py:540} INFO - Filling up the DagBag from /home/airflow/.local/lib/python3.11/site-packages/airflow/example_dags/example_task_group_decorator.py
[2024-02-26T16:00:17.956+0000] {processor.py:840} INFO - DAG(s) 'example_task_group_decorator' retrieved from /home/airflow/.local/lib/python3.11/site-packages/airflow/example_dags/example_task_group_decorator.py
[2024-02-26T16:00:17.977+0000] {logging_mixin.py:188} INFO - [2024-02-26T16:00:17.977+0000] {dag.py:3047} INFO - Sync 1 DAGs
[2024-02-26T16:00:17.992+0000] {logging_mixin.py:188} INFO - [2024-02-26T16:00:17.992+0000] {dag.py:3834} INFO - Setting next_dagrun for example_task_group_decorator to 2024-02-25 00:00:00+00:00, run_after=2024-02-26 00:00:00+00:00
[2024-02-26T16:00:18.004+0000] {processor.py:183} INFO - Processing /home/airflow/.local/lib/python3.11/site-packages/airflow/example_dags/example_task_group_decorator.py took 0.069 seconds
[2024-02-26T16:00:48.792+0000] {processor.py:161} INFO - Started process (PID=6250) to work on /home/airflow/.local/lib/python3.11/site-packages/airflow/example_dags/example_task_group_decorator.py
[2024-02-26T16:00:48.794+0000] {processor.py:830} INFO - Processing file /home/airflow/.local/lib/python3.11/site-packages/airflow/example_dags/example_task_group_decorator.py for tasks to queue
[2024-02-26T16:00:48.795+0000] {logging_mixin.py:188} INFO - [2024-02-26T16:00:48.795+0000] {dagbag.py:540} INFO - Filling up the DagBag from /home/airflow/.local/lib/python3.11/site-packages/airflow/example_dags/example_task_group_decorator.py
[2024-02-26T16:00:48.806+0000] {processor.py:840} INFO - DAG(s) 'example_task_group_decorator' retrieved from /home/airflow/.local/lib/python3.11/site-packages/airflow/example_dags/example_task_group_decorator.py
[2024-02-26T16:00:48.826+0000] {logging_mixin.py:188} INFO - [2024-02-26T16:00:48.826+0000] {dag.py:3047} INFO - Sync 1 DAGs
[2024-02-26T16:00:48.842+0000] {logging_mixin.py:188} INFO - [2024-02-26T16:00:48.842+0000] {dag.py:3834} INFO - Setting next_dagrun for example_task_group_decorator to 2024-02-25 00:00:00+00:00, run_after=2024-02-26 00:00:00+00:00
[2024-02-26T16:00:48.852+0000] {processor.py:183} INFO - Processing /home/airflow/.local/lib/python3.11/site-packages/airflow/example_dags/example_task_group_decorator.py took 0.063 seconds
[2024-02-26T16:01:19.529+0000] {processor.py:161} INFO - Started process (PID=6497) to work on /home/airflow/.local/lib/python3.11/site-packages/airflow/example_dags/example_task_group_decorator.py
[2024-02-26T16:01:19.531+0000] {processor.py:830} INFO - Processing file /home/airflow/.local/lib/python3.11/site-packages/airflow/example_dags/example_task_group_decorator.py for tasks to queue
[2024-02-26T16:01:19.532+0000] {logging_mixin.py:188} INFO - [2024-02-26T16:01:19.532+0000] {dagbag.py:540} INFO - Filling up the DagBag from /home/airflow/.local/lib/python3.11/site-packages/airflow/example_dags/example_task_group_decorator.py
[2024-02-26T16:01:19.542+0000] {processor.py:840} INFO - DAG(s) 'example_task_group_decorator' retrieved from /home/airflow/.local/lib/python3.11/site-packages/airflow/example_dags/example_task_group_decorator.py
[2024-02-26T16:01:19.565+0000] {logging_mixin.py:188} INFO - [2024-02-26T16:01:19.564+0000] {dag.py:3047} INFO - Sync 1 DAGs
[2024-02-26T16:01:19.584+0000] {logging_mixin.py:188} INFO - [2024-02-26T16:01:19.584+0000] {dag.py:3834} INFO - Setting next_dagrun for example_task_group_decorator to 2024-02-25 00:00:00+00:00, run_after=2024-02-26 00:00:00+00:00
[2024-02-26T16:01:19.596+0000] {processor.py:183} INFO - Processing /home/airflow/.local/lib/python3.11/site-packages/airflow/example_dags/example_task_group_decorator.py took 0.070 seconds
[2024-02-26T16:01:49.721+0000] {processor.py:161} INFO - Started process (PID=6744) to work on /home/airflow/.local/lib/python3.11/site-packages/airflow/example_dags/example_task_group_decorator.py
[2024-02-26T16:01:49.723+0000] {processor.py:830} INFO - Processing file /home/airflow/.local/lib/python3.11/site-packages/airflow/example_dags/example_task_group_decorator.py for tasks to queue
[2024-02-26T16:01:49.724+0000] {logging_mixin.py:188} INFO - [2024-02-26T16:01:49.724+0000] {dagbag.py:540} INFO - Filling up the DagBag from /home/airflow/.local/lib/python3.11/site-packages/airflow/example_dags/example_task_group_decorator.py
[2024-02-26T16:01:49.736+0000] {processor.py:840} INFO - DAG(s) 'example_task_group_decorator' retrieved from /home/airflow/.local/lib/python3.11/site-packages/airflow/example_dags/example_task_group_decorator.py
[2024-02-26T16:01:49.756+0000] {logging_mixin.py:188} INFO - [2024-02-26T16:01:49.756+0000] {dag.py:3047} INFO - Sync 1 DAGs
[2024-02-26T16:01:49.771+0000] {logging_mixin.py:188} INFO - [2024-02-26T16:01:49.771+0000] {dag.py:3834} INFO - Setting next_dagrun for example_task_group_decorator to 2024-02-25 00:00:00+00:00, run_after=2024-02-26 00:00:00+00:00
[2024-02-26T16:01:49.786+0000] {processor.py:183} INFO - Processing /home/airflow/.local/lib/python3.11/site-packages/airflow/example_dags/example_task_group_decorator.py took 0.069 seconds
[2024-02-26T16:02:20.835+0000] {processor.py:161} INFO - Started process (PID=6991) to work on /home/airflow/.local/lib/python3.11/site-packages/airflow/example_dags/example_task_group_decorator.py
[2024-02-26T16:02:20.838+0000] {processor.py:830} INFO - Processing file /home/airflow/.local/lib/python3.11/site-packages/airflow/example_dags/example_task_group_decorator.py for tasks to queue
[2024-02-26T16:02:20.840+0000] {logging_mixin.py:188} INFO - [2024-02-26T16:02:20.839+0000] {dagbag.py:540} INFO - Filling up the DagBag from /home/airflow/.local/lib/python3.11/site-packages/airflow/example_dags/example_task_group_decorator.py
[2024-02-26T16:02:20.851+0000] {processor.py:840} INFO - DAG(s) 'example_task_group_decorator' retrieved from /home/airflow/.local/lib/python3.11/site-packages/airflow/example_dags/example_task_group_decorator.py
[2024-02-26T16:02:20.875+0000] {logging_mixin.py:188} INFO - [2024-02-26T16:02:20.874+0000] {dag.py:3047} INFO - Sync 1 DAGs
[2024-02-26T16:02:20.890+0000] {logging_mixin.py:188} INFO - [2024-02-26T16:02:20.890+0000] {dag.py:3834} INFO - Setting next_dagrun for example_task_group_decorator to 2024-02-25 00:00:00+00:00, run_after=2024-02-26 00:00:00+00:00
[2024-02-26T16:02:20.905+0000] {processor.py:183} INFO - Processing /home/airflow/.local/lib/python3.11/site-packages/airflow/example_dags/example_task_group_decorator.py took 0.073 seconds
[2024-02-26T16:02:51.053+0000] {processor.py:161} INFO - Started process (PID=7238) to work on /home/airflow/.local/lib/python3.11/site-packages/airflow/example_dags/example_task_group_decorator.py
[2024-02-26T16:02:51.056+0000] {processor.py:830} INFO - Processing file /home/airflow/.local/lib/python3.11/site-packages/airflow/example_dags/example_task_group_decorator.py for tasks to queue
[2024-02-26T16:02:51.058+0000] {logging_mixin.py:188} INFO - [2024-02-26T16:02:51.058+0000] {dagbag.py:540} INFO - Filling up the DagBag from /home/airflow/.local/lib/python3.11/site-packages/airflow/example_dags/example_task_group_decorator.py
[2024-02-26T16:02:51.070+0000] {processor.py:840} INFO - DAG(s) 'example_task_group_decorator' retrieved from /home/airflow/.local/lib/python3.11/site-packages/airflow/example_dags/example_task_group_decorator.py
[2024-02-26T16:02:51.093+0000] {logging_mixin.py:188} INFO - [2024-02-26T16:02:51.093+0000] {dag.py:3047} INFO - Sync 1 DAGs
[2024-02-26T16:02:51.111+0000] {logging_mixin.py:188} INFO - [2024-02-26T16:02:51.111+0000] {dag.py:3834} INFO - Setting next_dagrun for example_task_group_decorator to 2024-02-25 00:00:00+00:00, run_after=2024-02-26 00:00:00+00:00
[2024-02-26T16:02:51.123+0000] {processor.py:183} INFO - Processing /home/airflow/.local/lib/python3.11/site-packages/airflow/example_dags/example_task_group_decorator.py took 0.075 seconds
[2024-02-26T16:03:21.219+0000] {processor.py:161} INFO - Started process (PID=7485) to work on /home/airflow/.local/lib/python3.11/site-packages/airflow/example_dags/example_task_group_decorator.py
[2024-02-26T16:03:21.221+0000] {processor.py:830} INFO - Processing file /home/airflow/.local/lib/python3.11/site-packages/airflow/example_dags/example_task_group_decorator.py for tasks to queue
[2024-02-26T16:03:21.222+0000] {logging_mixin.py:188} INFO - [2024-02-26T16:03:21.222+0000] {dagbag.py:540} INFO - Filling up the DagBag from /home/airflow/.local/lib/python3.11/site-packages/airflow/example_dags/example_task_group_decorator.py
[2024-02-26T16:03:21.237+0000] {processor.py:840} INFO - DAG(s) 'example_task_group_decorator' retrieved from /home/airflow/.local/lib/python3.11/site-packages/airflow/example_dags/example_task_group_decorator.py
[2024-02-26T16:03:21.259+0000] {logging_mixin.py:188} INFO - [2024-02-26T16:03:21.259+0000] {dag.py:3047} INFO - Sync 1 DAGs
[2024-02-26T16:03:21.276+0000] {logging_mixin.py:188} INFO - [2024-02-26T16:03:21.276+0000] {dag.py:3834} INFO - Setting next_dagrun for example_task_group_decorator to 2024-02-25 00:00:00+00:00, run_after=2024-02-26 00:00:00+00:00
[2024-02-26T16:03:21.291+0000] {processor.py:183} INFO - Processing /home/airflow/.local/lib/python3.11/site-packages/airflow/example_dags/example_task_group_decorator.py took 0.076 seconds
[2024-02-26T16:03:51.393+0000] {processor.py:161} INFO - Started process (PID=7733) to work on /home/airflow/.local/lib/python3.11/site-packages/airflow/example_dags/example_task_group_decorator.py
[2024-02-26T16:03:51.395+0000] {processor.py:830} INFO - Processing file /home/airflow/.local/lib/python3.11/site-packages/airflow/example_dags/example_task_group_decorator.py for tasks to queue
[2024-02-26T16:03:51.396+0000] {logging_mixin.py:188} INFO - [2024-02-26T16:03:51.396+0000] {dagbag.py:540} INFO - Filling up the DagBag from /home/airflow/.local/lib/python3.11/site-packages/airflow/example_dags/example_task_group_decorator.py
[2024-02-26T16:03:51.408+0000] {processor.py:840} INFO - DAG(s) 'example_task_group_decorator' retrieved from /home/airflow/.local/lib/python3.11/site-packages/airflow/example_dags/example_task_group_decorator.py
[2024-02-26T16:03:51.430+0000] {logging_mixin.py:188} INFO - [2024-02-26T16:03:51.430+0000] {dag.py:3047} INFO - Sync 1 DAGs
[2024-02-26T16:03:51.445+0000] {logging_mixin.py:188} INFO - [2024-02-26T16:03:51.445+0000] {dag.py:3834} INFO - Setting next_dagrun for example_task_group_decorator to 2024-02-25 00:00:00+00:00, run_after=2024-02-26 00:00:00+00:00
[2024-02-26T16:03:51.456+0000] {processor.py:183} INFO - Processing /home/airflow/.local/lib/python3.11/site-packages/airflow/example_dags/example_task_group_decorator.py took 0.067 seconds
[2024-02-26T16:04:22.111+0000] {processor.py:161} INFO - Started process (PID=7980) to work on /home/airflow/.local/lib/python3.11/site-packages/airflow/example_dags/example_task_group_decorator.py
[2024-02-26T16:04:22.113+0000] {processor.py:830} INFO - Processing file /home/airflow/.local/lib/python3.11/site-packages/airflow/example_dags/example_task_group_decorator.py for tasks to queue
[2024-02-26T16:04:22.114+0000] {logging_mixin.py:188} INFO - [2024-02-26T16:04:22.114+0000] {dagbag.py:540} INFO - Filling up the DagBag from /home/airflow/.local/lib/python3.11/site-packages/airflow/example_dags/example_task_group_decorator.py
[2024-02-26T16:04:22.130+0000] {processor.py:840} INFO - DAG(s) 'example_task_group_decorator' retrieved from /home/airflow/.local/lib/python3.11/site-packages/airflow/example_dags/example_task_group_decorator.py
[2024-02-26T16:04:22.154+0000] {logging_mixin.py:188} INFO - [2024-02-26T16:04:22.153+0000] {dag.py:3047} INFO - Sync 1 DAGs
[2024-02-26T16:04:22.172+0000] {logging_mixin.py:188} INFO - [2024-02-26T16:04:22.172+0000] {dag.py:3834} INFO - Setting next_dagrun for example_task_group_decorator to 2024-02-25 00:00:00+00:00, run_after=2024-02-26 00:00:00+00:00
[2024-02-26T16:04:22.184+0000] {processor.py:183} INFO - Processing /home/airflow/.local/lib/python3.11/site-packages/airflow/example_dags/example_task_group_decorator.py took 0.077 seconds
[2024-02-26T16:04:52.959+0000] {processor.py:161} INFO - Started process (PID=8227) to work on /home/airflow/.local/lib/python3.11/site-packages/airflow/example_dags/example_task_group_decorator.py
[2024-02-26T16:04:52.961+0000] {processor.py:830} INFO - Processing file /home/airflow/.local/lib/python3.11/site-packages/airflow/example_dags/example_task_group_decorator.py for tasks to queue
[2024-02-26T16:04:52.963+0000] {logging_mixin.py:188} INFO - [2024-02-26T16:04:52.963+0000] {dagbag.py:540} INFO - Filling up the DagBag from /home/airflow/.local/lib/python3.11/site-packages/airflow/example_dags/example_task_group_decorator.py
[2024-02-26T16:04:52.974+0000] {processor.py:840} INFO - DAG(s) 'example_task_group_decorator' retrieved from /home/airflow/.local/lib/python3.11/site-packages/airflow/example_dags/example_task_group_decorator.py
[2024-02-26T16:04:52.995+0000] {logging_mixin.py:188} INFO - [2024-02-26T16:04:52.994+0000] {dag.py:3047} INFO - Sync 1 DAGs
[2024-02-26T16:04:53.011+0000] {logging_mixin.py:188} INFO - [2024-02-26T16:04:53.011+0000] {dag.py:3834} INFO - Setting next_dagrun for example_task_group_decorator to 2024-02-25 00:00:00+00:00, run_after=2024-02-26 00:00:00+00:00
[2024-02-26T16:04:53.026+0000] {processor.py:183} INFO - Processing /home/airflow/.local/lib/python3.11/site-packages/airflow/example_dags/example_task_group_decorator.py took 0.070 seconds
[2024-02-26T16:05:23.708+0000] {processor.py:161} INFO - Started process (PID=8474) to work on /home/airflow/.local/lib/python3.11/site-packages/airflow/example_dags/example_task_group_decorator.py
[2024-02-26T16:05:23.711+0000] {processor.py:830} INFO - Processing file /home/airflow/.local/lib/python3.11/site-packages/airflow/example_dags/example_task_group_decorator.py for tasks to queue
[2024-02-26T16:05:23.712+0000] {logging_mixin.py:188} INFO - [2024-02-26T16:05:23.712+0000] {dagbag.py:540} INFO - Filling up the DagBag from /home/airflow/.local/lib/python3.11/site-packages/airflow/example_dags/example_task_group_decorator.py
[2024-02-26T16:05:23.725+0000] {processor.py:840} INFO - DAG(s) 'example_task_group_decorator' retrieved from /home/airflow/.local/lib/python3.11/site-packages/airflow/example_dags/example_task_group_decorator.py
[2024-02-26T16:05:23.747+0000] {logging_mixin.py:188} INFO - [2024-02-26T16:05:23.747+0000] {dag.py:3047} INFO - Sync 1 DAGs
[2024-02-26T16:05:23.765+0000] {logging_mixin.py:188} INFO - [2024-02-26T16:05:23.765+0000] {dag.py:3834} INFO - Setting next_dagrun for example_task_group_decorator to 2024-02-25 00:00:00+00:00, run_after=2024-02-26 00:00:00+00:00
[2024-02-26T16:05:23.777+0000] {processor.py:183} INFO - Processing /home/airflow/.local/lib/python3.11/site-packages/airflow/example_dags/example_task_group_decorator.py took 0.071 seconds
[2024-02-26T16:05:54.416+0000] {processor.py:161} INFO - Started process (PID=8721) to work on /home/airflow/.local/lib/python3.11/site-packages/airflow/example_dags/example_task_group_decorator.py
[2024-02-26T16:05:54.418+0000] {processor.py:830} INFO - Processing file /home/airflow/.local/lib/python3.11/site-packages/airflow/example_dags/example_task_group_decorator.py for tasks to queue
[2024-02-26T16:05:54.419+0000] {logging_mixin.py:188} INFO - [2024-02-26T16:05:54.418+0000] {dagbag.py:540} INFO - Filling up the DagBag from /home/airflow/.local/lib/python3.11/site-packages/airflow/example_dags/example_task_group_decorator.py
[2024-02-26T16:05:54.429+0000] {processor.py:840} INFO - DAG(s) 'example_task_group_decorator' retrieved from /home/airflow/.local/lib/python3.11/site-packages/airflow/example_dags/example_task_group_decorator.py
[2024-02-26T16:05:54.450+0000] {logging_mixin.py:188} INFO - [2024-02-26T16:05:54.450+0000] {dag.py:3047} INFO - Sync 1 DAGs
[2024-02-26T16:05:54.469+0000] {logging_mixin.py:188} INFO - [2024-02-26T16:05:54.469+0000] {dag.py:3834} INFO - Setting next_dagrun for example_task_group_decorator to 2024-02-25 00:00:00+00:00, run_after=2024-02-26 00:00:00+00:00
[2024-02-26T16:05:54.480+0000] {processor.py:183} INFO - Processing /home/airflow/.local/lib/python3.11/site-packages/airflow/example_dags/example_task_group_decorator.py took 0.068 seconds
[2024-02-26T16:06:25.310+0000] {processor.py:161} INFO - Started process (PID=8968) to work on /home/airflow/.local/lib/python3.11/site-packages/airflow/example_dags/example_task_group_decorator.py
[2024-02-26T16:06:25.311+0000] {processor.py:830} INFO - Processing file /home/airflow/.local/lib/python3.11/site-packages/airflow/example_dags/example_task_group_decorator.py for tasks to queue
[2024-02-26T16:06:25.313+0000] {logging_mixin.py:188} INFO - [2024-02-26T16:06:25.313+0000] {dagbag.py:540} INFO - Filling up the DagBag from /home/airflow/.local/lib/python3.11/site-packages/airflow/example_dags/example_task_group_decorator.py
[2024-02-26T16:06:25.325+0000] {processor.py:840} INFO - DAG(s) 'example_task_group_decorator' retrieved from /home/airflow/.local/lib/python3.11/site-packages/airflow/example_dags/example_task_group_decorator.py
[2024-02-26T16:06:25.346+0000] {logging_mixin.py:188} INFO - [2024-02-26T16:06:25.345+0000] {dag.py:3047} INFO - Sync 1 DAGs
[2024-02-26T16:06:25.360+0000] {logging_mixin.py:188} INFO - [2024-02-26T16:06:25.360+0000] {dag.py:3834} INFO - Setting next_dagrun for example_task_group_decorator to 2024-02-25 00:00:00+00:00, run_after=2024-02-26 00:00:00+00:00
[2024-02-26T16:06:25.371+0000] {processor.py:183} INFO - Processing /home/airflow/.local/lib/python3.11/site-packages/airflow/example_dags/example_task_group_decorator.py took 0.064 seconds
[2024-02-26T16:06:56.138+0000] {processor.py:161} INFO - Started process (PID=9215) to work on /home/airflow/.local/lib/python3.11/site-packages/airflow/example_dags/example_task_group_decorator.py
[2024-02-26T16:06:56.141+0000] {processor.py:830} INFO - Processing file /home/airflow/.local/lib/python3.11/site-packages/airflow/example_dags/example_task_group_decorator.py for tasks to queue
[2024-02-26T16:06:56.143+0000] {logging_mixin.py:188} INFO - [2024-02-26T16:06:56.143+0000] {dagbag.py:540} INFO - Filling up the DagBag from /home/airflow/.local/lib/python3.11/site-packages/airflow/example_dags/example_task_group_decorator.py
[2024-02-26T16:06:56.156+0000] {processor.py:840} INFO - DAG(s) 'example_task_group_decorator' retrieved from /home/airflow/.local/lib/python3.11/site-packages/airflow/example_dags/example_task_group_decorator.py
[2024-02-26T16:06:56.185+0000] {logging_mixin.py:188} INFO - [2024-02-26T16:06:56.185+0000] {dag.py:3047} INFO - Sync 1 DAGs
[2024-02-26T16:06:56.202+0000] {logging_mixin.py:188} INFO - [2024-02-26T16:06:56.202+0000] {dag.py:3834} INFO - Setting next_dagrun for example_task_group_decorator to 2024-02-25 00:00:00+00:00, run_after=2024-02-26 00:00:00+00:00
[2024-02-26T16:06:56.216+0000] {processor.py:183} INFO - Processing /home/airflow/.local/lib/python3.11/site-packages/airflow/example_dags/example_task_group_decorator.py took 0.081 seconds
[2024-02-26T16:07:26.288+0000] {processor.py:161} INFO - Started process (PID=9464) to work on /home/airflow/.local/lib/python3.11/site-packages/airflow/example_dags/example_task_group_decorator.py
[2024-02-26T16:07:26.289+0000] {processor.py:830} INFO - Processing file /home/airflow/.local/lib/python3.11/site-packages/airflow/example_dags/example_task_group_decorator.py for tasks to queue
[2024-02-26T16:07:26.290+0000] {logging_mixin.py:188} INFO - [2024-02-26T16:07:26.290+0000] {dagbag.py:540} INFO - Filling up the DagBag from /home/airflow/.local/lib/python3.11/site-packages/airflow/example_dags/example_task_group_decorator.py
[2024-02-26T16:07:26.300+0000] {processor.py:840} INFO - DAG(s) 'example_task_group_decorator' retrieved from /home/airflow/.local/lib/python3.11/site-packages/airflow/example_dags/example_task_group_decorator.py
[2024-02-26T16:07:26.320+0000] {logging_mixin.py:188} INFO - [2024-02-26T16:07:26.320+0000] {dag.py:3047} INFO - Sync 1 DAGs
[2024-02-26T16:07:26.334+0000] {logging_mixin.py:188} INFO - [2024-02-26T16:07:26.333+0000] {dag.py:3834} INFO - Setting next_dagrun for example_task_group_decorator to 2024-02-25 00:00:00+00:00, run_after=2024-02-26 00:00:00+00:00
[2024-02-26T16:07:26.344+0000] {processor.py:183} INFO - Processing /home/airflow/.local/lib/python3.11/site-packages/airflow/example_dags/example_task_group_decorator.py took 0.059 seconds
[2024-02-26T16:07:56.443+0000] {processor.py:161} INFO - Started process (PID=9709) to work on /home/airflow/.local/lib/python3.11/site-packages/airflow/example_dags/example_task_group_decorator.py
[2024-02-26T16:07:56.445+0000] {processor.py:830} INFO - Processing file /home/airflow/.local/lib/python3.11/site-packages/airflow/example_dags/example_task_group_decorator.py for tasks to queue
[2024-02-26T16:07:56.447+0000] {logging_mixin.py:188} INFO - [2024-02-26T16:07:56.446+0000] {dagbag.py:540} INFO - Filling up the DagBag from /home/airflow/.local/lib/python3.11/site-packages/airflow/example_dags/example_task_group_decorator.py
[2024-02-26T16:07:56.457+0000] {processor.py:840} INFO - DAG(s) 'example_task_group_decorator' retrieved from /home/airflow/.local/lib/python3.11/site-packages/airflow/example_dags/example_task_group_decorator.py
[2024-02-26T16:07:56.480+0000] {logging_mixin.py:188} INFO - [2024-02-26T16:07:56.480+0000] {dag.py:3047} INFO - Sync 1 DAGs
[2024-02-26T16:07:56.497+0000] {logging_mixin.py:188} INFO - [2024-02-26T16:07:56.497+0000] {dag.py:3834} INFO - Setting next_dagrun for example_task_group_decorator to 2024-02-25 00:00:00+00:00, run_after=2024-02-26 00:00:00+00:00
[2024-02-26T16:07:56.511+0000] {processor.py:183} INFO - Processing /home/airflow/.local/lib/python3.11/site-packages/airflow/example_dags/example_task_group_decorator.py took 0.071 seconds
[2024-02-26T16:08:26.656+0000] {processor.py:161} INFO - Started process (PID=9958) to work on /home/airflow/.local/lib/python3.11/site-packages/airflow/example_dags/example_task_group_decorator.py
[2024-02-26T16:08:26.658+0000] {processor.py:830} INFO - Processing file /home/airflow/.local/lib/python3.11/site-packages/airflow/example_dags/example_task_group_decorator.py for tasks to queue
[2024-02-26T16:08:26.660+0000] {logging_mixin.py:188} INFO - [2024-02-26T16:08:26.659+0000] {dagbag.py:540} INFO - Filling up the DagBag from /home/airflow/.local/lib/python3.11/site-packages/airflow/example_dags/example_task_group_decorator.py
[2024-02-26T16:08:26.670+0000] {processor.py:840} INFO - DAG(s) 'example_task_group_decorator' retrieved from /home/airflow/.local/lib/python3.11/site-packages/airflow/example_dags/example_task_group_decorator.py
[2024-02-26T16:08:26.690+0000] {logging_mixin.py:188} INFO - [2024-02-26T16:08:26.690+0000] {dag.py:3047} INFO - Sync 1 DAGs
[2024-02-26T16:08:26.704+0000] {logging_mixin.py:188} INFO - [2024-02-26T16:08:26.704+0000] {dag.py:3834} INFO - Setting next_dagrun for example_task_group_decorator to 2024-02-25 00:00:00+00:00, run_after=2024-02-26 00:00:00+00:00
[2024-02-26T16:08:26.714+0000] {processor.py:183} INFO - Processing /home/airflow/.local/lib/python3.11/site-packages/airflow/example_dags/example_task_group_decorator.py took 0.061 seconds
[2024-02-26T16:08:57.003+0000] {processor.py:161} INFO - Started process (PID=10203) to work on /home/airflow/.local/lib/python3.11/site-packages/airflow/example_dags/example_task_group_decorator.py
[2024-02-26T16:08:57.005+0000] {processor.py:830} INFO - Processing file /home/airflow/.local/lib/python3.11/site-packages/airflow/example_dags/example_task_group_decorator.py for tasks to queue
[2024-02-26T16:08:57.007+0000] {logging_mixin.py:188} INFO - [2024-02-26T16:08:57.006+0000] {dagbag.py:540} INFO - Filling up the DagBag from /home/airflow/.local/lib/python3.11/site-packages/airflow/example_dags/example_task_group_decorator.py
[2024-02-26T16:08:57.018+0000] {processor.py:840} INFO - DAG(s) 'example_task_group_decorator' retrieved from /home/airflow/.local/lib/python3.11/site-packages/airflow/example_dags/example_task_group_decorator.py
[2024-02-26T16:08:57.043+0000] {logging_mixin.py:188} INFO - [2024-02-26T16:08:57.042+0000] {dag.py:3047} INFO - Sync 1 DAGs
[2024-02-26T16:08:57.060+0000] {logging_mixin.py:188} INFO - [2024-02-26T16:08:57.060+0000] {dag.py:3834} INFO - Setting next_dagrun for example_task_group_decorator to 2024-02-25 00:00:00+00:00, run_after=2024-02-26 00:00:00+00:00
[2024-02-26T16:08:57.074+0000] {processor.py:183} INFO - Processing /home/airflow/.local/lib/python3.11/site-packages/airflow/example_dags/example_task_group_decorator.py took 0.075 seconds
[2024-02-26T16:09:27.135+0000] {processor.py:161} INFO - Started process (PID=10450) to work on /home/airflow/.local/lib/python3.11/site-packages/airflow/example_dags/example_task_group_decorator.py
[2024-02-26T16:09:27.138+0000] {processor.py:830} INFO - Processing file /home/airflow/.local/lib/python3.11/site-packages/airflow/example_dags/example_task_group_decorator.py for tasks to queue
[2024-02-26T16:09:27.139+0000] {logging_mixin.py:188} INFO - [2024-02-26T16:09:27.139+0000] {dagbag.py:540} INFO - Filling up the DagBag from /home/airflow/.local/lib/python3.11/site-packages/airflow/example_dags/example_task_group_decorator.py
[2024-02-26T16:09:27.150+0000] {processor.py:840} INFO - DAG(s) 'example_task_group_decorator' retrieved from /home/airflow/.local/lib/python3.11/site-packages/airflow/example_dags/example_task_group_decorator.py
[2024-02-26T16:09:27.173+0000] {logging_mixin.py:188} INFO - [2024-02-26T16:09:27.172+0000] {dag.py:3047} INFO - Sync 1 DAGs
[2024-02-26T16:09:27.189+0000] {logging_mixin.py:188} INFO - [2024-02-26T16:09:27.189+0000] {dag.py:3834} INFO - Setting next_dagrun for example_task_group_decorator to 2024-02-25 00:00:00+00:00, run_after=2024-02-26 00:00:00+00:00
[2024-02-26T16:09:27.206+0000] {processor.py:183} INFO - Processing /home/airflow/.local/lib/python3.11/site-packages/airflow/example_dags/example_task_group_decorator.py took 0.074 seconds
[2024-02-26T16:09:57.313+0000] {processor.py:161} INFO - Started process (PID=10697) to work on /home/airflow/.local/lib/python3.11/site-packages/airflow/example_dags/example_task_group_decorator.py
[2024-02-26T16:09:57.315+0000] {processor.py:830} INFO - Processing file /home/airflow/.local/lib/python3.11/site-packages/airflow/example_dags/example_task_group_decorator.py for tasks to queue
[2024-02-26T16:09:57.316+0000] {logging_mixin.py:188} INFO - [2024-02-26T16:09:57.316+0000] {dagbag.py:540} INFO - Filling up the DagBag from /home/airflow/.local/lib/python3.11/site-packages/airflow/example_dags/example_task_group_decorator.py
[2024-02-26T16:09:57.327+0000] {processor.py:840} INFO - DAG(s) 'example_task_group_decorator' retrieved from /home/airflow/.local/lib/python3.11/site-packages/airflow/example_dags/example_task_group_decorator.py
[2024-02-26T16:09:57.350+0000] {logging_mixin.py:188} INFO - [2024-02-26T16:09:57.349+0000] {dag.py:3047} INFO - Sync 1 DAGs
[2024-02-26T16:09:57.365+0000] {logging_mixin.py:188} INFO - [2024-02-26T16:09:57.365+0000] {dag.py:3834} INFO - Setting next_dagrun for example_task_group_decorator to 2024-02-25 00:00:00+00:00, run_after=2024-02-26 00:00:00+00:00
[2024-02-26T16:09:57.382+0000] {processor.py:183} INFO - Processing /home/airflow/.local/lib/python3.11/site-packages/airflow/example_dags/example_task_group_decorator.py took 0.073 seconds
[2024-02-26T16:10:27.568+0000] {processor.py:161} INFO - Started process (PID=10944) to work on /home/airflow/.local/lib/python3.11/site-packages/airflow/example_dags/example_task_group_decorator.py
[2024-02-26T16:10:27.570+0000] {processor.py:830} INFO - Processing file /home/airflow/.local/lib/python3.11/site-packages/airflow/example_dags/example_task_group_decorator.py for tasks to queue
[2024-02-26T16:10:27.572+0000] {logging_mixin.py:188} INFO - [2024-02-26T16:10:27.571+0000] {dagbag.py:540} INFO - Filling up the DagBag from /home/airflow/.local/lib/python3.11/site-packages/airflow/example_dags/example_task_group_decorator.py
[2024-02-26T16:10:27.584+0000] {processor.py:840} INFO - DAG(s) 'example_task_group_decorator' retrieved from /home/airflow/.local/lib/python3.11/site-packages/airflow/example_dags/example_task_group_decorator.py
[2024-02-26T16:10:27.608+0000] {logging_mixin.py:188} INFO - [2024-02-26T16:10:27.608+0000] {dag.py:3047} INFO - Sync 1 DAGs
[2024-02-26T16:10:27.625+0000] {logging_mixin.py:188} INFO - [2024-02-26T16:10:27.625+0000] {dag.py:3834} INFO - Setting next_dagrun for example_task_group_decorator to 2024-02-25 00:00:00+00:00, run_after=2024-02-26 00:00:00+00:00
[2024-02-26T16:10:27.639+0000] {processor.py:183} INFO - Processing /home/airflow/.local/lib/python3.11/site-packages/airflow/example_dags/example_task_group_decorator.py took 0.075 seconds
[2024-02-26T16:10:57.742+0000] {processor.py:161} INFO - Started process (PID=11191) to work on /home/airflow/.local/lib/python3.11/site-packages/airflow/example_dags/example_task_group_decorator.py
[2024-02-26T16:10:57.743+0000] {processor.py:830} INFO - Processing file /home/airflow/.local/lib/python3.11/site-packages/airflow/example_dags/example_task_group_decorator.py for tasks to queue
[2024-02-26T16:10:57.745+0000] {logging_mixin.py:188} INFO - [2024-02-26T16:10:57.744+0000] {dagbag.py:540} INFO - Filling up the DagBag from /home/airflow/.local/lib/python3.11/site-packages/airflow/example_dags/example_task_group_decorator.py
[2024-02-26T16:10:57.755+0000] {processor.py:840} INFO - DAG(s) 'example_task_group_decorator' retrieved from /home/airflow/.local/lib/python3.11/site-packages/airflow/example_dags/example_task_group_decorator.py
[2024-02-26T16:10:57.774+0000] {logging_mixin.py:188} INFO - [2024-02-26T16:10:57.774+0000] {dag.py:3047} INFO - Sync 1 DAGs
[2024-02-26T16:10:57.788+0000] {logging_mixin.py:188} INFO - [2024-02-26T16:10:57.788+0000] {dag.py:3834} INFO - Setting next_dagrun for example_task_group_decorator to 2024-02-25 00:00:00+00:00, run_after=2024-02-26 00:00:00+00:00
[2024-02-26T16:10:57.798+0000] {processor.py:183} INFO - Processing /home/airflow/.local/lib/python3.11/site-packages/airflow/example_dags/example_task_group_decorator.py took 0.060 seconds
[2024-02-26T16:11:28.129+0000] {processor.py:161} INFO - Started process (PID=11440) to work on /home/airflow/.local/lib/python3.11/site-packages/airflow/example_dags/example_task_group_decorator.py
[2024-02-26T16:11:28.131+0000] {processor.py:830} INFO - Processing file /home/airflow/.local/lib/python3.11/site-packages/airflow/example_dags/example_task_group_decorator.py for tasks to queue
[2024-02-26T16:11:28.132+0000] {logging_mixin.py:188} INFO - [2024-02-26T16:11:28.132+0000] {dagbag.py:540} INFO - Filling up the DagBag from /home/airflow/.local/lib/python3.11/site-packages/airflow/example_dags/example_task_group_decorator.py
[2024-02-26T16:11:28.142+0000] {processor.py:840} INFO - DAG(s) 'example_task_group_decorator' retrieved from /home/airflow/.local/lib/python3.11/site-packages/airflow/example_dags/example_task_group_decorator.py
[2024-02-26T16:11:28.161+0000] {logging_mixin.py:188} INFO - [2024-02-26T16:11:28.161+0000] {dag.py:3047} INFO - Sync 1 DAGs
[2024-02-26T16:11:28.175+0000] {logging_mixin.py:188} INFO - [2024-02-26T16:11:28.174+0000] {dag.py:3834} INFO - Setting next_dagrun for example_task_group_decorator to 2024-02-25 00:00:00+00:00, run_after=2024-02-26 00:00:00+00:00
[2024-02-26T16:11:28.185+0000] {processor.py:183} INFO - Processing /home/airflow/.local/lib/python3.11/site-packages/airflow/example_dags/example_task_group_decorator.py took 0.059 seconds
[2024-02-26T16:11:58.287+0000] {processor.py:161} INFO - Started process (PID=11685) to work on /home/airflow/.local/lib/python3.11/site-packages/airflow/example_dags/example_task_group_decorator.py
[2024-02-26T16:11:58.289+0000] {processor.py:830} INFO - Processing file /home/airflow/.local/lib/python3.11/site-packages/airflow/example_dags/example_task_group_decorator.py for tasks to queue
[2024-02-26T16:11:58.290+0000] {logging_mixin.py:188} INFO - [2024-02-26T16:11:58.290+0000] {dagbag.py:540} INFO - Filling up the DagBag from /home/airflow/.local/lib/python3.11/site-packages/airflow/example_dags/example_task_group_decorator.py
[2024-02-26T16:11:58.301+0000] {processor.py:840} INFO - DAG(s) 'example_task_group_decorator' retrieved from /home/airflow/.local/lib/python3.11/site-packages/airflow/example_dags/example_task_group_decorator.py
[2024-02-26T16:11:58.324+0000] {logging_mixin.py:188} INFO - [2024-02-26T16:11:58.324+0000] {dag.py:3047} INFO - Sync 1 DAGs
[2024-02-26T16:11:58.340+0000] {logging_mixin.py:188} INFO - [2024-02-26T16:11:58.340+0000] {dag.py:3834} INFO - Setting next_dagrun for example_task_group_decorator to 2024-02-25 00:00:00+00:00, run_after=2024-02-26 00:00:00+00:00
[2024-02-26T16:11:58.353+0000] {processor.py:183} INFO - Processing /home/airflow/.local/lib/python3.11/site-packages/airflow/example_dags/example_task_group_decorator.py took 0.070 seconds
[2024-02-26T16:12:28.422+0000] {processor.py:161} INFO - Started process (PID=11932) to work on /home/airflow/.local/lib/python3.11/site-packages/airflow/example_dags/example_task_group_decorator.py
[2024-02-26T16:12:28.424+0000] {processor.py:830} INFO - Processing file /home/airflow/.local/lib/python3.11/site-packages/airflow/example_dags/example_task_group_decorator.py for tasks to queue
[2024-02-26T16:12:28.425+0000] {logging_mixin.py:188} INFO - [2024-02-26T16:12:28.425+0000] {dagbag.py:540} INFO - Filling up the DagBag from /home/airflow/.local/lib/python3.11/site-packages/airflow/example_dags/example_task_group_decorator.py
[2024-02-26T16:12:28.436+0000] {processor.py:840} INFO - DAG(s) 'example_task_group_decorator' retrieved from /home/airflow/.local/lib/python3.11/site-packages/airflow/example_dags/example_task_group_decorator.py
[2024-02-26T16:12:28.457+0000] {logging_mixin.py:188} INFO - [2024-02-26T16:12:28.457+0000] {dag.py:3047} INFO - Sync 1 DAGs
[2024-02-26T16:12:28.474+0000] {logging_mixin.py:188} INFO - [2024-02-26T16:12:28.474+0000] {dag.py:3834} INFO - Setting next_dagrun for example_task_group_decorator to 2024-02-25 00:00:00+00:00, run_after=2024-02-26 00:00:00+00:00
[2024-02-26T16:12:28.487+0000] {processor.py:183} INFO - Processing /home/airflow/.local/lib/python3.11/site-packages/airflow/example_dags/example_task_group_decorator.py took 0.068 seconds
[2024-02-26T16:12:58.617+0000] {processor.py:161} INFO - Started process (PID=12180) to work on /home/airflow/.local/lib/python3.11/site-packages/airflow/example_dags/example_task_group_decorator.py
[2024-02-26T16:12:58.619+0000] {processor.py:830} INFO - Processing file /home/airflow/.local/lib/python3.11/site-packages/airflow/example_dags/example_task_group_decorator.py for tasks to queue
[2024-02-26T16:12:58.623+0000] {logging_mixin.py:188} INFO - [2024-02-26T16:12:58.622+0000] {dagbag.py:540} INFO - Filling up the DagBag from /home/airflow/.local/lib/python3.11/site-packages/airflow/example_dags/example_task_group_decorator.py
[2024-02-26T16:12:58.635+0000] {processor.py:840} INFO - DAG(s) 'example_task_group_decorator' retrieved from /home/airflow/.local/lib/python3.11/site-packages/airflow/example_dags/example_task_group_decorator.py
[2024-02-26T16:12:58.658+0000] {logging_mixin.py:188} INFO - [2024-02-26T16:12:58.658+0000] {dag.py:3047} INFO - Sync 1 DAGs
[2024-02-26T16:12:58.686+0000] {logging_mixin.py:188} INFO - [2024-02-26T16:12:58.686+0000] {dag.py:3834} INFO - Setting next_dagrun for example_task_group_decorator to 2024-02-25 00:00:00+00:00, run_after=2024-02-26 00:00:00+00:00
[2024-02-26T16:12:58.701+0000] {processor.py:183} INFO - Processing /home/airflow/.local/lib/python3.11/site-packages/airflow/example_dags/example_task_group_decorator.py took 0.087 seconds
[2024-02-26T16:13:28.815+0000] {processor.py:161} INFO - Started process (PID=12434) to work on /home/airflow/.local/lib/python3.11/site-packages/airflow/example_dags/example_task_group_decorator.py
[2024-02-26T16:13:28.817+0000] {processor.py:830} INFO - Processing file /home/airflow/.local/lib/python3.11/site-packages/airflow/example_dags/example_task_group_decorator.py for tasks to queue
[2024-02-26T16:13:28.818+0000] {logging_mixin.py:188} INFO - [2024-02-26T16:13:28.818+0000] {dagbag.py:540} INFO - Filling up the DagBag from /home/airflow/.local/lib/python3.11/site-packages/airflow/example_dags/example_task_group_decorator.py
[2024-02-26T16:13:28.829+0000] {processor.py:840} INFO - DAG(s) 'example_task_group_decorator' retrieved from /home/airflow/.local/lib/python3.11/site-packages/airflow/example_dags/example_task_group_decorator.py
[2024-02-26T16:13:28.850+0000] {logging_mixin.py:188} INFO - [2024-02-26T16:13:28.850+0000] {dag.py:3047} INFO - Sync 1 DAGs
[2024-02-26T16:13:28.866+0000] {logging_mixin.py:188} INFO - [2024-02-26T16:13:28.866+0000] {dag.py:3834} INFO - Setting next_dagrun for example_task_group_decorator to 2024-02-25 00:00:00+00:00, run_after=2024-02-26 00:00:00+00:00
[2024-02-26T16:13:28.880+0000] {processor.py:183} INFO - Processing /home/airflow/.local/lib/python3.11/site-packages/airflow/example_dags/example_task_group_decorator.py took 0.068 seconds
[2024-02-26T16:13:59.163+0000] {processor.py:161} INFO - Started process (PID=12680) to work on /home/airflow/.local/lib/python3.11/site-packages/airflow/example_dags/example_task_group_decorator.py
[2024-02-26T16:13:59.165+0000] {processor.py:830} INFO - Processing file /home/airflow/.local/lib/python3.11/site-packages/airflow/example_dags/example_task_group_decorator.py for tasks to queue
[2024-02-26T16:13:59.167+0000] {logging_mixin.py:188} INFO - [2024-02-26T16:13:59.166+0000] {dagbag.py:540} INFO - Filling up the DagBag from /home/airflow/.local/lib/python3.11/site-packages/airflow/example_dags/example_task_group_decorator.py
[2024-02-26T16:13:59.177+0000] {processor.py:840} INFO - DAG(s) 'example_task_group_decorator' retrieved from /home/airflow/.local/lib/python3.11/site-packages/airflow/example_dags/example_task_group_decorator.py
[2024-02-26T16:13:59.197+0000] {logging_mixin.py:188} INFO - [2024-02-26T16:13:59.197+0000] {dag.py:3047} INFO - Sync 1 DAGs
[2024-02-26T16:13:59.213+0000] {logging_mixin.py:188} INFO - [2024-02-26T16:13:59.213+0000] {dag.py:3834} INFO - Setting next_dagrun for example_task_group_decorator to 2024-02-25 00:00:00+00:00, run_after=2024-02-26 00:00:00+00:00
[2024-02-26T16:13:59.231+0000] {processor.py:183} INFO - Processing /home/airflow/.local/lib/python3.11/site-packages/airflow/example_dags/example_task_group_decorator.py took 0.072 seconds
[2024-02-26T16:14:29.425+0000] {processor.py:161} INFO - Started process (PID=12927) to work on /home/airflow/.local/lib/python3.11/site-packages/airflow/example_dags/example_task_group_decorator.py
[2024-02-26T16:14:29.427+0000] {processor.py:830} INFO - Processing file /home/airflow/.local/lib/python3.11/site-packages/airflow/example_dags/example_task_group_decorator.py for tasks to queue
[2024-02-26T16:14:29.430+0000] {logging_mixin.py:188} INFO - [2024-02-26T16:14:29.430+0000] {dagbag.py:540} INFO - Filling up the DagBag from /home/airflow/.local/lib/python3.11/site-packages/airflow/example_dags/example_task_group_decorator.py
[2024-02-26T16:14:29.440+0000] {processor.py:840} INFO - DAG(s) 'example_task_group_decorator' retrieved from /home/airflow/.local/lib/python3.11/site-packages/airflow/example_dags/example_task_group_decorator.py
[2024-02-26T16:14:29.459+0000] {logging_mixin.py:188} INFO - [2024-02-26T16:14:29.459+0000] {dag.py:3047} INFO - Sync 1 DAGs
[2024-02-26T16:14:29.473+0000] {logging_mixin.py:188} INFO - [2024-02-26T16:14:29.473+0000] {dag.py:3834} INFO - Setting next_dagrun for example_task_group_decorator to 2024-02-25 00:00:00+00:00, run_after=2024-02-26 00:00:00+00:00
[2024-02-26T16:14:29.484+0000] {processor.py:183} INFO - Processing /home/airflow/.local/lib/python3.11/site-packages/airflow/example_dags/example_task_group_decorator.py took 0.063 seconds
