[2024-02-26T15:48:33.258+0000] {processor.py:161} INFO - Started process (PID=219) to work on /home/airflow/.local/lib/python3.11/site-packages/airflow/example_dags/example_local_kubernetes_executor.py
[2024-02-26T15:48:33.260+0000] {processor.py:830} INFO - Processing file /home/airflow/.local/lib/python3.11/site-packages/airflow/example_dags/example_local_kubernetes_executor.py for tasks to queue
[2024-02-26T15:48:33.264+0000] {logging_mixin.py:188} INFO - [2024-02-26T15:48:33.264+0000] {dagbag.py:540} INFO - Filling up the DagBag from /home/airflow/.local/lib/python3.11/site-packages/airflow/example_dags/example_local_kubernetes_executor.py
[2024-02-26T15:48:33.273+0000] {processor.py:840} INFO - DAG(s) 'example_local_kubernetes_executor' retrieved from /home/airflow/.local/lib/python3.11/site-packages/airflow/example_dags/example_local_kubernetes_executor.py
[2024-02-26T15:48:33.286+0000] {logging_mixin.py:188} INFO - [2024-02-26T15:48:33.286+0000] {dag.py:3047} INFO - Sync 1 DAGs
[2024-02-26T15:48:33.300+0000] {logging_mixin.py:188} INFO - [2024-02-26T15:48:33.299+0000] {dag.py:3834} INFO - Setting next_dagrun for example_local_kubernetes_executor to None, run_after=None
[2024-02-26T15:48:33.318+0000] {processor.py:183} INFO - Processing /home/airflow/.local/lib/python3.11/site-packages/airflow/example_dags/example_local_kubernetes_executor.py took 0.064 seconds
[2024-02-26T15:49:03.702+0000] {processor.py:161} INFO - Started process (PID=466) to work on /home/airflow/.local/lib/python3.11/site-packages/airflow/example_dags/example_local_kubernetes_executor.py
[2024-02-26T15:49:03.706+0000] {processor.py:830} INFO - Processing file /home/airflow/.local/lib/python3.11/site-packages/airflow/example_dags/example_local_kubernetes_executor.py for tasks to queue
[2024-02-26T15:49:03.708+0000] {logging_mixin.py:188} INFO - [2024-02-26T15:49:03.708+0000] {dagbag.py:540} INFO - Filling up the DagBag from /home/airflow/.local/lib/python3.11/site-packages/airflow/example_dags/example_local_kubernetes_executor.py
[2024-02-26T15:49:03.716+0000] {processor.py:840} INFO - DAG(s) 'example_local_kubernetes_executor' retrieved from /home/airflow/.local/lib/python3.11/site-packages/airflow/example_dags/example_local_kubernetes_executor.py
[2024-02-26T15:49:03.791+0000] {logging_mixin.py:188} INFO - [2024-02-26T15:49:03.791+0000] {dag.py:3047} INFO - Sync 1 DAGs
[2024-02-26T15:49:03.798+0000] {logging_mixin.py:188} INFO - [2024-02-26T15:49:03.798+0000] {dag.py:3834} INFO - Setting next_dagrun for example_local_kubernetes_executor to None, run_after=None
[2024-02-26T15:49:03.811+0000] {processor.py:183} INFO - Processing /home/airflow/.local/lib/python3.11/site-packages/airflow/example_dags/example_local_kubernetes_executor.py took 0.112 seconds
[2024-02-26T15:49:34.415+0000] {processor.py:161} INFO - Started process (PID=713) to work on /home/airflow/.local/lib/python3.11/site-packages/airflow/example_dags/example_local_kubernetes_executor.py
[2024-02-26T15:49:34.417+0000] {processor.py:830} INFO - Processing file /home/airflow/.local/lib/python3.11/site-packages/airflow/example_dags/example_local_kubernetes_executor.py for tasks to queue
[2024-02-26T15:49:34.419+0000] {logging_mixin.py:188} INFO - [2024-02-26T15:49:34.418+0000] {dagbag.py:540} INFO - Filling up the DagBag from /home/airflow/.local/lib/python3.11/site-packages/airflow/example_dags/example_local_kubernetes_executor.py
[2024-02-26T15:49:34.425+0000] {processor.py:840} INFO - DAG(s) 'example_local_kubernetes_executor' retrieved from /home/airflow/.local/lib/python3.11/site-packages/airflow/example_dags/example_local_kubernetes_executor.py
[2024-02-26T15:49:34.454+0000] {logging_mixin.py:188} INFO - [2024-02-26T15:49:34.454+0000] {dag.py:3047} INFO - Sync 1 DAGs
[2024-02-26T15:49:34.463+0000] {logging_mixin.py:188} INFO - [2024-02-26T15:49:34.462+0000] {dag.py:3834} INFO - Setting next_dagrun for example_local_kubernetes_executor to None, run_after=None
[2024-02-26T15:49:34.473+0000] {processor.py:183} INFO - Processing /home/airflow/.local/lib/python3.11/site-packages/airflow/example_dags/example_local_kubernetes_executor.py took 0.062 seconds
[2024-02-26T15:50:05.146+0000] {processor.py:161} INFO - Started process (PID=963) to work on /home/airflow/.local/lib/python3.11/site-packages/airflow/example_dags/example_local_kubernetes_executor.py
[2024-02-26T15:50:05.148+0000] {processor.py:830} INFO - Processing file /home/airflow/.local/lib/python3.11/site-packages/airflow/example_dags/example_local_kubernetes_executor.py for tasks to queue
[2024-02-26T15:50:05.150+0000] {logging_mixin.py:188} INFO - [2024-02-26T15:50:05.149+0000] {dagbag.py:540} INFO - Filling up the DagBag from /home/airflow/.local/lib/python3.11/site-packages/airflow/example_dags/example_local_kubernetes_executor.py
[2024-02-26T15:50:05.156+0000] {processor.py:840} INFO - DAG(s) 'example_local_kubernetes_executor' retrieved from /home/airflow/.local/lib/python3.11/site-packages/airflow/example_dags/example_local_kubernetes_executor.py
[2024-02-26T15:50:05.185+0000] {logging_mixin.py:188} INFO - [2024-02-26T15:50:05.184+0000] {dag.py:3047} INFO - Sync 1 DAGs
[2024-02-26T15:50:05.193+0000] {logging_mixin.py:188} INFO - [2024-02-26T15:50:05.193+0000] {dag.py:3834} INFO - Setting next_dagrun for example_local_kubernetes_executor to None, run_after=None
[2024-02-26T15:50:05.206+0000] {processor.py:183} INFO - Processing /home/airflow/.local/lib/python3.11/site-packages/airflow/example_dags/example_local_kubernetes_executor.py took 0.063 seconds
[2024-02-26T15:50:36.225+0000] {processor.py:161} INFO - Started process (PID=1209) to work on /home/airflow/.local/lib/python3.11/site-packages/airflow/example_dags/example_local_kubernetes_executor.py
[2024-02-26T15:50:36.230+0000] {processor.py:830} INFO - Processing file /home/airflow/.local/lib/python3.11/site-packages/airflow/example_dags/example_local_kubernetes_executor.py for tasks to queue
[2024-02-26T15:50:36.234+0000] {logging_mixin.py:188} INFO - [2024-02-26T15:50:36.233+0000] {dagbag.py:540} INFO - Filling up the DagBag from /home/airflow/.local/lib/python3.11/site-packages/airflow/example_dags/example_local_kubernetes_executor.py
[2024-02-26T15:50:36.255+0000] {processor.py:840} INFO - DAG(s) 'example_local_kubernetes_executor' retrieved from /home/airflow/.local/lib/python3.11/site-packages/airflow/example_dags/example_local_kubernetes_executor.py
[2024-02-26T15:50:36.329+0000] {logging_mixin.py:188} INFO - [2024-02-26T15:50:36.329+0000] {dag.py:3047} INFO - Sync 1 DAGs
[2024-02-26T15:50:36.345+0000] {logging_mixin.py:188} INFO - [2024-02-26T15:50:36.345+0000] {dag.py:3834} INFO - Setting next_dagrun for example_local_kubernetes_executor to None, run_after=None
[2024-02-26T15:50:36.381+0000] {processor.py:183} INFO - Processing /home/airflow/.local/lib/python3.11/site-packages/airflow/example_dags/example_local_kubernetes_executor.py took 0.161 seconds
[2024-02-26T15:51:07.186+0000] {processor.py:161} INFO - Started process (PID=1454) to work on /home/airflow/.local/lib/python3.11/site-packages/airflow/example_dags/example_local_kubernetes_executor.py
[2024-02-26T15:51:07.188+0000] {processor.py:830} INFO - Processing file /home/airflow/.local/lib/python3.11/site-packages/airflow/example_dags/example_local_kubernetes_executor.py for tasks to queue
[2024-02-26T15:51:07.190+0000] {logging_mixin.py:188} INFO - [2024-02-26T15:51:07.189+0000] {dagbag.py:540} INFO - Filling up the DagBag from /home/airflow/.local/lib/python3.11/site-packages/airflow/example_dags/example_local_kubernetes_executor.py
[2024-02-26T15:51:07.197+0000] {processor.py:840} INFO - DAG(s) 'example_local_kubernetes_executor' retrieved from /home/airflow/.local/lib/python3.11/site-packages/airflow/example_dags/example_local_kubernetes_executor.py
[2024-02-26T15:51:07.227+0000] {logging_mixin.py:188} INFO - [2024-02-26T15:51:07.227+0000] {dag.py:3047} INFO - Sync 1 DAGs
[2024-02-26T15:51:07.238+0000] {logging_mixin.py:188} INFO - [2024-02-26T15:51:07.238+0000] {dag.py:3834} INFO - Setting next_dagrun for example_local_kubernetes_executor to None, run_after=None
[2024-02-26T15:51:07.253+0000] {processor.py:183} INFO - Processing /home/airflow/.local/lib/python3.11/site-packages/airflow/example_dags/example_local_kubernetes_executor.py took 0.070 seconds
[2024-02-26T15:51:38.047+0000] {processor.py:161} INFO - Started process (PID=1703) to work on /home/airflow/.local/lib/python3.11/site-packages/airflow/example_dags/example_local_kubernetes_executor.py
[2024-02-26T15:51:38.051+0000] {processor.py:830} INFO - Processing file /home/airflow/.local/lib/python3.11/site-packages/airflow/example_dags/example_local_kubernetes_executor.py for tasks to queue
[2024-02-26T15:51:38.052+0000] {logging_mixin.py:188} INFO - [2024-02-26T15:51:38.052+0000] {dagbag.py:540} INFO - Filling up the DagBag from /home/airflow/.local/lib/python3.11/site-packages/airflow/example_dags/example_local_kubernetes_executor.py
[2024-02-26T15:51:38.059+0000] {processor.py:840} INFO - DAG(s) 'example_local_kubernetes_executor' retrieved from /home/airflow/.local/lib/python3.11/site-packages/airflow/example_dags/example_local_kubernetes_executor.py
[2024-02-26T15:51:38.090+0000] {logging_mixin.py:188} INFO - [2024-02-26T15:51:38.090+0000] {dag.py:3047} INFO - Sync 1 DAGs
[2024-02-26T15:51:38.098+0000] {logging_mixin.py:188} INFO - [2024-02-26T15:51:38.098+0000] {dag.py:3834} INFO - Setting next_dagrun for example_local_kubernetes_executor to None, run_after=None
[2024-02-26T15:51:38.113+0000] {processor.py:183} INFO - Processing /home/airflow/.local/lib/python3.11/site-packages/airflow/example_dags/example_local_kubernetes_executor.py took 0.070 seconds
[2024-02-26T15:52:08.841+0000] {processor.py:161} INFO - Started process (PID=1996) to work on /home/airflow/.local/lib/python3.11/site-packages/airflow/example_dags/example_local_kubernetes_executor.py
[2024-02-26T15:52:08.843+0000] {processor.py:830} INFO - Processing file /home/airflow/.local/lib/python3.11/site-packages/airflow/example_dags/example_local_kubernetes_executor.py for tasks to queue
[2024-02-26T15:52:08.845+0000] {logging_mixin.py:188} INFO - [2024-02-26T15:52:08.844+0000] {dagbag.py:540} INFO - Filling up the DagBag from /home/airflow/.local/lib/python3.11/site-packages/airflow/example_dags/example_local_kubernetes_executor.py
[2024-02-26T15:52:08.852+0000] {processor.py:840} INFO - DAG(s) 'example_local_kubernetes_executor' retrieved from /home/airflow/.local/lib/python3.11/site-packages/airflow/example_dags/example_local_kubernetes_executor.py
[2024-02-26T15:52:08.883+0000] {logging_mixin.py:188} INFO - [2024-02-26T15:52:08.883+0000] {dag.py:3047} INFO - Sync 1 DAGs
[2024-02-26T15:52:08.892+0000] {logging_mixin.py:188} INFO - [2024-02-26T15:52:08.892+0000] {dag.py:3834} INFO - Setting next_dagrun for example_local_kubernetes_executor to None, run_after=None
[2024-02-26T15:52:08.906+0000] {processor.py:183} INFO - Processing /home/airflow/.local/lib/python3.11/site-packages/airflow/example_dags/example_local_kubernetes_executor.py took 0.068 seconds
[2024-02-26T15:52:39.408+0000] {processor.py:161} INFO - Started process (PID=2267) to work on /home/airflow/.local/lib/python3.11/site-packages/airflow/example_dags/example_local_kubernetes_executor.py
[2024-02-26T15:52:39.410+0000] {processor.py:830} INFO - Processing file /home/airflow/.local/lib/python3.11/site-packages/airflow/example_dags/example_local_kubernetes_executor.py for tasks to queue
[2024-02-26T15:52:39.411+0000] {logging_mixin.py:188} INFO - [2024-02-26T15:52:39.411+0000] {dagbag.py:540} INFO - Filling up the DagBag from /home/airflow/.local/lib/python3.11/site-packages/airflow/example_dags/example_local_kubernetes_executor.py
[2024-02-26T15:52:39.418+0000] {processor.py:840} INFO - DAG(s) 'example_local_kubernetes_executor' retrieved from /home/airflow/.local/lib/python3.11/site-packages/airflow/example_dags/example_local_kubernetes_executor.py
[2024-02-26T15:52:39.455+0000] {logging_mixin.py:188} INFO - [2024-02-26T15:52:39.455+0000] {dag.py:3047} INFO - Sync 1 DAGs
[2024-02-26T15:52:39.470+0000] {logging_mixin.py:188} INFO - [2024-02-26T15:52:39.469+0000] {dag.py:3834} INFO - Setting next_dagrun for example_local_kubernetes_executor to None, run_after=None
[2024-02-26T15:52:39.486+0000] {processor.py:183} INFO - Processing /home/airflow/.local/lib/python3.11/site-packages/airflow/example_dags/example_local_kubernetes_executor.py took 0.081 seconds
[2024-02-26T15:53:10.186+0000] {processor.py:161} INFO - Started process (PID=2516) to work on /home/airflow/.local/lib/python3.11/site-packages/airflow/example_dags/example_local_kubernetes_executor.py
[2024-02-26T15:53:10.188+0000] {processor.py:830} INFO - Processing file /home/airflow/.local/lib/python3.11/site-packages/airflow/example_dags/example_local_kubernetes_executor.py for tasks to queue
[2024-02-26T15:53:10.189+0000] {logging_mixin.py:188} INFO - [2024-02-26T15:53:10.189+0000] {dagbag.py:540} INFO - Filling up the DagBag from /home/airflow/.local/lib/python3.11/site-packages/airflow/example_dags/example_local_kubernetes_executor.py
[2024-02-26T15:53:10.195+0000] {processor.py:840} INFO - DAG(s) 'example_local_kubernetes_executor' retrieved from /home/airflow/.local/lib/python3.11/site-packages/airflow/example_dags/example_local_kubernetes_executor.py
[2024-02-26T15:53:10.223+0000] {logging_mixin.py:188} INFO - [2024-02-26T15:53:10.223+0000] {dag.py:3047} INFO - Sync 1 DAGs
[2024-02-26T15:53:10.231+0000] {logging_mixin.py:188} INFO - [2024-02-26T15:53:10.231+0000] {dag.py:3834} INFO - Setting next_dagrun for example_local_kubernetes_executor to None, run_after=None
[2024-02-26T15:53:10.240+0000] {processor.py:183} INFO - Processing /home/airflow/.local/lib/python3.11/site-packages/airflow/example_dags/example_local_kubernetes_executor.py took 0.057 seconds
[2024-02-26T15:53:41.021+0000] {processor.py:161} INFO - Started process (PID=2761) to work on /home/airflow/.local/lib/python3.11/site-packages/airflow/example_dags/example_local_kubernetes_executor.py
[2024-02-26T15:53:41.023+0000] {processor.py:830} INFO - Processing file /home/airflow/.local/lib/python3.11/site-packages/airflow/example_dags/example_local_kubernetes_executor.py for tasks to queue
[2024-02-26T15:53:41.024+0000] {logging_mixin.py:188} INFO - [2024-02-26T15:53:41.024+0000] {dagbag.py:540} INFO - Filling up the DagBag from /home/airflow/.local/lib/python3.11/site-packages/airflow/example_dags/example_local_kubernetes_executor.py
[2024-02-26T15:53:41.031+0000] {processor.py:840} INFO - DAG(s) 'example_local_kubernetes_executor' retrieved from /home/airflow/.local/lib/python3.11/site-packages/airflow/example_dags/example_local_kubernetes_executor.py
[2024-02-26T15:53:41.062+0000] {logging_mixin.py:188} INFO - [2024-02-26T15:53:41.062+0000] {dag.py:3047} INFO - Sync 1 DAGs
[2024-02-26T15:53:41.071+0000] {logging_mixin.py:188} INFO - [2024-02-26T15:53:41.071+0000] {dag.py:3834} INFO - Setting next_dagrun for example_local_kubernetes_executor to None, run_after=None
[2024-02-26T15:53:41.084+0000] {processor.py:183} INFO - Processing /home/airflow/.local/lib/python3.11/site-packages/airflow/example_dags/example_local_kubernetes_executor.py took 0.066 seconds
[2024-02-26T15:54:11.791+0000] {processor.py:161} INFO - Started process (PID=3008) to work on /home/airflow/.local/lib/python3.11/site-packages/airflow/example_dags/example_local_kubernetes_executor.py
[2024-02-26T15:54:11.793+0000] {processor.py:830} INFO - Processing file /home/airflow/.local/lib/python3.11/site-packages/airflow/example_dags/example_local_kubernetes_executor.py for tasks to queue
[2024-02-26T15:54:11.795+0000] {logging_mixin.py:188} INFO - [2024-02-26T15:54:11.794+0000] {dagbag.py:540} INFO - Filling up the DagBag from /home/airflow/.local/lib/python3.11/site-packages/airflow/example_dags/example_local_kubernetes_executor.py
[2024-02-26T15:54:11.803+0000] {processor.py:840} INFO - DAG(s) 'example_local_kubernetes_executor' retrieved from /home/airflow/.local/lib/python3.11/site-packages/airflow/example_dags/example_local_kubernetes_executor.py
[2024-02-26T15:54:11.833+0000] {logging_mixin.py:188} INFO - [2024-02-26T15:54:11.833+0000] {dag.py:3047} INFO - Sync 1 DAGs
[2024-02-26T15:54:11.842+0000] {logging_mixin.py:188} INFO - [2024-02-26T15:54:11.842+0000] {dag.py:3834} INFO - Setting next_dagrun for example_local_kubernetes_executor to None, run_after=None
[2024-02-26T15:54:11.854+0000] {processor.py:183} INFO - Processing /home/airflow/.local/lib/python3.11/site-packages/airflow/example_dags/example_local_kubernetes_executor.py took 0.066 seconds
[2024-02-26T15:54:42.557+0000] {processor.py:161} INFO - Started process (PID=3255) to work on /home/airflow/.local/lib/python3.11/site-packages/airflow/example_dags/example_local_kubernetes_executor.py
[2024-02-26T15:54:42.559+0000] {processor.py:830} INFO - Processing file /home/airflow/.local/lib/python3.11/site-packages/airflow/example_dags/example_local_kubernetes_executor.py for tasks to queue
[2024-02-26T15:54:42.560+0000] {logging_mixin.py:188} INFO - [2024-02-26T15:54:42.560+0000] {dagbag.py:540} INFO - Filling up the DagBag from /home/airflow/.local/lib/python3.11/site-packages/airflow/example_dags/example_local_kubernetes_executor.py
[2024-02-26T15:54:42.569+0000] {processor.py:840} INFO - DAG(s) 'example_local_kubernetes_executor' retrieved from /home/airflow/.local/lib/python3.11/site-packages/airflow/example_dags/example_local_kubernetes_executor.py
[2024-02-26T15:54:42.599+0000] {logging_mixin.py:188} INFO - [2024-02-26T15:54:42.598+0000] {dag.py:3047} INFO - Sync 1 DAGs
[2024-02-26T15:54:42.606+0000] {logging_mixin.py:188} INFO - [2024-02-26T15:54:42.606+0000] {dag.py:3834} INFO - Setting next_dagrun for example_local_kubernetes_executor to None, run_after=None
[2024-02-26T15:54:42.617+0000] {processor.py:183} INFO - Processing /home/airflow/.local/lib/python3.11/site-packages/airflow/example_dags/example_local_kubernetes_executor.py took 0.063 seconds
[2024-02-26T15:55:13.528+0000] {processor.py:161} INFO - Started process (PID=3501) to work on /home/airflow/.local/lib/python3.11/site-packages/airflow/example_dags/example_local_kubernetes_executor.py
[2024-02-26T15:55:13.531+0000] {processor.py:830} INFO - Processing file /home/airflow/.local/lib/python3.11/site-packages/airflow/example_dags/example_local_kubernetes_executor.py for tasks to queue
[2024-02-26T15:55:13.534+0000] {logging_mixin.py:188} INFO - [2024-02-26T15:55:13.533+0000] {dagbag.py:540} INFO - Filling up the DagBag from /home/airflow/.local/lib/python3.11/site-packages/airflow/example_dags/example_local_kubernetes_executor.py
[2024-02-26T15:55:13.542+0000] {processor.py:840} INFO - DAG(s) 'example_local_kubernetes_executor' retrieved from /home/airflow/.local/lib/python3.11/site-packages/airflow/example_dags/example_local_kubernetes_executor.py
[2024-02-26T15:55:13.577+0000] {logging_mixin.py:188} INFO - [2024-02-26T15:55:13.576+0000] {dag.py:3047} INFO - Sync 1 DAGs
[2024-02-26T15:55:13.587+0000] {logging_mixin.py:188} INFO - [2024-02-26T15:55:13.586+0000] {dag.py:3834} INFO - Setting next_dagrun for example_local_kubernetes_executor to None, run_after=None
[2024-02-26T15:55:13.598+0000] {processor.py:183} INFO - Processing /home/airflow/.local/lib/python3.11/site-packages/airflow/example_dags/example_local_kubernetes_executor.py took 0.073 seconds
[2024-02-26T15:55:44.559+0000] {processor.py:161} INFO - Started process (PID=3748) to work on /home/airflow/.local/lib/python3.11/site-packages/airflow/example_dags/example_local_kubernetes_executor.py
[2024-02-26T15:55:44.561+0000] {processor.py:830} INFO - Processing file /home/airflow/.local/lib/python3.11/site-packages/airflow/example_dags/example_local_kubernetes_executor.py for tasks to queue
[2024-02-26T15:55:44.562+0000] {logging_mixin.py:188} INFO - [2024-02-26T15:55:44.562+0000] {dagbag.py:540} INFO - Filling up the DagBag from /home/airflow/.local/lib/python3.11/site-packages/airflow/example_dags/example_local_kubernetes_executor.py
[2024-02-26T15:55:44.570+0000] {processor.py:840} INFO - DAG(s) 'example_local_kubernetes_executor' retrieved from /home/airflow/.local/lib/python3.11/site-packages/airflow/example_dags/example_local_kubernetes_executor.py
[2024-02-26T15:55:44.613+0000] {logging_mixin.py:188} INFO - [2024-02-26T15:55:44.613+0000] {dag.py:3047} INFO - Sync 1 DAGs
[2024-02-26T15:55:44.623+0000] {logging_mixin.py:188} INFO - [2024-02-26T15:55:44.623+0000] {dag.py:3834} INFO - Setting next_dagrun for example_local_kubernetes_executor to None, run_after=None
[2024-02-26T15:55:44.637+0000] {processor.py:183} INFO - Processing /home/airflow/.local/lib/python3.11/site-packages/airflow/example_dags/example_local_kubernetes_executor.py took 0.082 seconds
[2024-02-26T15:56:14.832+0000] {processor.py:161} INFO - Started process (PID=3995) to work on /home/airflow/.local/lib/python3.11/site-packages/airflow/example_dags/example_local_kubernetes_executor.py
[2024-02-26T15:56:14.838+0000] {processor.py:830} INFO - Processing file /home/airflow/.local/lib/python3.11/site-packages/airflow/example_dags/example_local_kubernetes_executor.py for tasks to queue
[2024-02-26T15:56:14.843+0000] {logging_mixin.py:188} INFO - [2024-02-26T15:56:14.842+0000] {dagbag.py:540} INFO - Filling up the DagBag from /home/airflow/.local/lib/python3.11/site-packages/airflow/example_dags/example_local_kubernetes_executor.py
[2024-02-26T15:56:14.850+0000] {processor.py:840} INFO - DAG(s) 'example_local_kubernetes_executor' retrieved from /home/airflow/.local/lib/python3.11/site-packages/airflow/example_dags/example_local_kubernetes_executor.py
[2024-02-26T15:56:14.885+0000] {logging_mixin.py:188} INFO - [2024-02-26T15:56:14.885+0000] {dag.py:3047} INFO - Sync 1 DAGs
[2024-02-26T15:56:14.894+0000] {logging_mixin.py:188} INFO - [2024-02-26T15:56:14.894+0000] {dag.py:3834} INFO - Setting next_dagrun for example_local_kubernetes_executor to None, run_after=None
[2024-02-26T15:56:14.910+0000] {processor.py:183} INFO - Processing /home/airflow/.local/lib/python3.11/site-packages/airflow/example_dags/example_local_kubernetes_executor.py took 0.084 seconds
[2024-02-26T15:56:45.131+0000] {processor.py:161} INFO - Started process (PID=4243) to work on /home/airflow/.local/lib/python3.11/site-packages/airflow/example_dags/example_local_kubernetes_executor.py
[2024-02-26T15:56:45.136+0000] {processor.py:830} INFO - Processing file /home/airflow/.local/lib/python3.11/site-packages/airflow/example_dags/example_local_kubernetes_executor.py for tasks to queue
[2024-02-26T15:56:45.139+0000] {logging_mixin.py:188} INFO - [2024-02-26T15:56:45.138+0000] {dagbag.py:540} INFO - Filling up the DagBag from /home/airflow/.local/lib/python3.11/site-packages/airflow/example_dags/example_local_kubernetes_executor.py
[2024-02-26T15:56:45.146+0000] {processor.py:840} INFO - DAG(s) 'example_local_kubernetes_executor' retrieved from /home/airflow/.local/lib/python3.11/site-packages/airflow/example_dags/example_local_kubernetes_executor.py
[2024-02-26T15:56:45.181+0000] {logging_mixin.py:188} INFO - [2024-02-26T15:56:45.181+0000] {dag.py:3047} INFO - Sync 1 DAGs
[2024-02-26T15:56:45.191+0000] {logging_mixin.py:188} INFO - [2024-02-26T15:56:45.191+0000] {dag.py:3834} INFO - Setting next_dagrun for example_local_kubernetes_executor to None, run_after=None
[2024-02-26T15:56:45.205+0000] {processor.py:183} INFO - Processing /home/airflow/.local/lib/python3.11/site-packages/airflow/example_dags/example_local_kubernetes_executor.py took 0.082 seconds
[2024-02-26T15:57:15.564+0000] {processor.py:161} INFO - Started process (PID=4492) to work on /home/airflow/.local/lib/python3.11/site-packages/airflow/example_dags/example_local_kubernetes_executor.py
[2024-02-26T15:57:15.566+0000] {processor.py:830} INFO - Processing file /home/airflow/.local/lib/python3.11/site-packages/airflow/example_dags/example_local_kubernetes_executor.py for tasks to queue
[2024-02-26T15:57:15.568+0000] {logging_mixin.py:188} INFO - [2024-02-26T15:57:15.567+0000] {dagbag.py:540} INFO - Filling up the DagBag from /home/airflow/.local/lib/python3.11/site-packages/airflow/example_dags/example_local_kubernetes_executor.py
[2024-02-26T15:57:15.575+0000] {processor.py:840} INFO - DAG(s) 'example_local_kubernetes_executor' retrieved from /home/airflow/.local/lib/python3.11/site-packages/airflow/example_dags/example_local_kubernetes_executor.py
[2024-02-26T15:57:15.607+0000] {logging_mixin.py:188} INFO - [2024-02-26T15:57:15.607+0000] {dag.py:3047} INFO - Sync 1 DAGs
[2024-02-26T15:57:15.616+0000] {logging_mixin.py:188} INFO - [2024-02-26T15:57:15.616+0000] {dag.py:3834} INFO - Setting next_dagrun for example_local_kubernetes_executor to None, run_after=None
[2024-02-26T15:57:15.627+0000] {processor.py:183} INFO - Processing /home/airflow/.local/lib/python3.11/site-packages/airflow/example_dags/example_local_kubernetes_executor.py took 0.066 seconds
[2024-02-26T15:57:45.801+0000] {processor.py:161} INFO - Started process (PID=4739) to work on /home/airflow/.local/lib/python3.11/site-packages/airflow/example_dags/example_local_kubernetes_executor.py
[2024-02-26T15:57:45.803+0000] {processor.py:830} INFO - Processing file /home/airflow/.local/lib/python3.11/site-packages/airflow/example_dags/example_local_kubernetes_executor.py for tasks to queue
[2024-02-26T15:57:45.805+0000] {logging_mixin.py:188} INFO - [2024-02-26T15:57:45.805+0000] {dagbag.py:540} INFO - Filling up the DagBag from /home/airflow/.local/lib/python3.11/site-packages/airflow/example_dags/example_local_kubernetes_executor.py
[2024-02-26T15:57:45.813+0000] {processor.py:840} INFO - DAG(s) 'example_local_kubernetes_executor' retrieved from /home/airflow/.local/lib/python3.11/site-packages/airflow/example_dags/example_local_kubernetes_executor.py
[2024-02-26T15:57:45.847+0000] {logging_mixin.py:188} INFO - [2024-02-26T15:57:45.847+0000] {dag.py:3047} INFO - Sync 1 DAGs
[2024-02-26T15:57:45.857+0000] {logging_mixin.py:188} INFO - [2024-02-26T15:57:45.857+0000] {dag.py:3834} INFO - Setting next_dagrun for example_local_kubernetes_executor to None, run_after=None
[2024-02-26T15:57:45.869+0000] {processor.py:183} INFO - Processing /home/airflow/.local/lib/python3.11/site-packages/airflow/example_dags/example_local_kubernetes_executor.py took 0.071 seconds
[2024-02-26T15:58:15.995+0000] {processor.py:161} INFO - Started process (PID=4986) to work on /home/airflow/.local/lib/python3.11/site-packages/airflow/example_dags/example_local_kubernetes_executor.py
[2024-02-26T15:58:15.997+0000] {processor.py:830} INFO - Processing file /home/airflow/.local/lib/python3.11/site-packages/airflow/example_dags/example_local_kubernetes_executor.py for tasks to queue
[2024-02-26T15:58:15.999+0000] {logging_mixin.py:188} INFO - [2024-02-26T15:58:15.999+0000] {dagbag.py:540} INFO - Filling up the DagBag from /home/airflow/.local/lib/python3.11/site-packages/airflow/example_dags/example_local_kubernetes_executor.py
[2024-02-26T15:58:16.010+0000] {processor.py:840} INFO - DAG(s) 'example_local_kubernetes_executor' retrieved from /home/airflow/.local/lib/python3.11/site-packages/airflow/example_dags/example_local_kubernetes_executor.py
[2024-02-26T15:58:16.043+0000] {logging_mixin.py:188} INFO - [2024-02-26T15:58:16.043+0000] {dag.py:3047} INFO - Sync 1 DAGs
[2024-02-26T15:58:16.052+0000] {logging_mixin.py:188} INFO - [2024-02-26T15:58:16.052+0000] {dag.py:3834} INFO - Setting next_dagrun for example_local_kubernetes_executor to None, run_after=None
[2024-02-26T15:58:16.063+0000] {processor.py:183} INFO - Processing /home/airflow/.local/lib/python3.11/site-packages/airflow/example_dags/example_local_kubernetes_executor.py took 0.073 seconds
[2024-02-26T15:58:46.313+0000] {processor.py:161} INFO - Started process (PID=5234) to work on /home/airflow/.local/lib/python3.11/site-packages/airflow/example_dags/example_local_kubernetes_executor.py
[2024-02-26T15:58:46.315+0000] {processor.py:830} INFO - Processing file /home/airflow/.local/lib/python3.11/site-packages/airflow/example_dags/example_local_kubernetes_executor.py for tasks to queue
[2024-02-26T15:58:46.317+0000] {logging_mixin.py:188} INFO - [2024-02-26T15:58:46.316+0000] {dagbag.py:540} INFO - Filling up the DagBag from /home/airflow/.local/lib/python3.11/site-packages/airflow/example_dags/example_local_kubernetes_executor.py
[2024-02-26T15:58:46.324+0000] {processor.py:840} INFO - DAG(s) 'example_local_kubernetes_executor' retrieved from /home/airflow/.local/lib/python3.11/site-packages/airflow/example_dags/example_local_kubernetes_executor.py
[2024-02-26T15:58:46.363+0000] {logging_mixin.py:188} INFO - [2024-02-26T15:58:46.362+0000] {dag.py:3047} INFO - Sync 1 DAGs
[2024-02-26T15:58:46.372+0000] {logging_mixin.py:188} INFO - [2024-02-26T15:58:46.372+0000] {dag.py:3834} INFO - Setting next_dagrun for example_local_kubernetes_executor to None, run_after=None
[2024-02-26T15:58:46.385+0000] {processor.py:183} INFO - Processing /home/airflow/.local/lib/python3.11/site-packages/airflow/example_dags/example_local_kubernetes_executor.py took 0.075 seconds
[2024-02-26T15:59:16.497+0000] {processor.py:161} INFO - Started process (PID=5482) to work on /home/airflow/.local/lib/python3.11/site-packages/airflow/example_dags/example_local_kubernetes_executor.py
[2024-02-26T15:59:16.501+0000] {processor.py:830} INFO - Processing file /home/airflow/.local/lib/python3.11/site-packages/airflow/example_dags/example_local_kubernetes_executor.py for tasks to queue
[2024-02-26T15:59:16.506+0000] {logging_mixin.py:188} INFO - [2024-02-26T15:59:16.506+0000] {dagbag.py:540} INFO - Filling up the DagBag from /home/airflow/.local/lib/python3.11/site-packages/airflow/example_dags/example_local_kubernetes_executor.py
[2024-02-26T15:59:16.516+0000] {processor.py:840} INFO - DAG(s) 'example_local_kubernetes_executor' retrieved from /home/airflow/.local/lib/python3.11/site-packages/airflow/example_dags/example_local_kubernetes_executor.py
[2024-02-26T15:59:16.547+0000] {logging_mixin.py:188} INFO - [2024-02-26T15:59:16.547+0000] {dag.py:3047} INFO - Sync 1 DAGs
[2024-02-26T15:59:16.556+0000] {logging_mixin.py:188} INFO - [2024-02-26T15:59:16.556+0000] {dag.py:3834} INFO - Setting next_dagrun for example_local_kubernetes_executor to None, run_after=None
[2024-02-26T15:59:16.568+0000] {processor.py:183} INFO - Processing /home/airflow/.local/lib/python3.11/site-packages/airflow/example_dags/example_local_kubernetes_executor.py took 0.074 seconds
[2024-02-26T15:59:46.803+0000] {processor.py:161} INFO - Started process (PID=5729) to work on /home/airflow/.local/lib/python3.11/site-packages/airflow/example_dags/example_local_kubernetes_executor.py
[2024-02-26T15:59:46.804+0000] {processor.py:830} INFO - Processing file /home/airflow/.local/lib/python3.11/site-packages/airflow/example_dags/example_local_kubernetes_executor.py for tasks to queue
[2024-02-26T15:59:46.806+0000] {logging_mixin.py:188} INFO - [2024-02-26T15:59:46.805+0000] {dagbag.py:540} INFO - Filling up the DagBag from /home/airflow/.local/lib/python3.11/site-packages/airflow/example_dags/example_local_kubernetes_executor.py
[2024-02-26T15:59:46.812+0000] {processor.py:840} INFO - DAG(s) 'example_local_kubernetes_executor' retrieved from /home/airflow/.local/lib/python3.11/site-packages/airflow/example_dags/example_local_kubernetes_executor.py
[2024-02-26T15:59:46.843+0000] {logging_mixin.py:188} INFO - [2024-02-26T15:59:46.843+0000] {dag.py:3047} INFO - Sync 1 DAGs
[2024-02-26T15:59:46.851+0000] {logging_mixin.py:188} INFO - [2024-02-26T15:59:46.851+0000] {dag.py:3834} INFO - Setting next_dagrun for example_local_kubernetes_executor to None, run_after=None
[2024-02-26T15:59:46.861+0000] {processor.py:183} INFO - Processing /home/airflow/.local/lib/python3.11/site-packages/airflow/example_dags/example_local_kubernetes_executor.py took 0.061 seconds
[2024-02-26T16:00:17.648+0000] {processor.py:161} INFO - Started process (PID=5976) to work on /home/airflow/.local/lib/python3.11/site-packages/airflow/example_dags/example_local_kubernetes_executor.py
[2024-02-26T16:00:17.650+0000] {processor.py:830} INFO - Processing file /home/airflow/.local/lib/python3.11/site-packages/airflow/example_dags/example_local_kubernetes_executor.py for tasks to queue
[2024-02-26T16:00:17.652+0000] {logging_mixin.py:188} INFO - [2024-02-26T16:00:17.652+0000] {dagbag.py:540} INFO - Filling up the DagBag from /home/airflow/.local/lib/python3.11/site-packages/airflow/example_dags/example_local_kubernetes_executor.py
[2024-02-26T16:00:17.659+0000] {processor.py:840} INFO - DAG(s) 'example_local_kubernetes_executor' retrieved from /home/airflow/.local/lib/python3.11/site-packages/airflow/example_dags/example_local_kubernetes_executor.py
[2024-02-26T16:00:17.690+0000] {logging_mixin.py:188} INFO - [2024-02-26T16:00:17.690+0000] {dag.py:3047} INFO - Sync 1 DAGs
[2024-02-26T16:00:17.698+0000] {logging_mixin.py:188} INFO - [2024-02-26T16:00:17.698+0000] {dag.py:3834} INFO - Setting next_dagrun for example_local_kubernetes_executor to None, run_after=None
[2024-02-26T16:00:17.710+0000] {processor.py:183} INFO - Processing /home/airflow/.local/lib/python3.11/site-packages/airflow/example_dags/example_local_kubernetes_executor.py took 0.066 seconds
[2024-02-26T16:00:48.497+0000] {processor.py:161} INFO - Started process (PID=6222) to work on /home/airflow/.local/lib/python3.11/site-packages/airflow/example_dags/example_local_kubernetes_executor.py
[2024-02-26T16:00:48.499+0000] {processor.py:830} INFO - Processing file /home/airflow/.local/lib/python3.11/site-packages/airflow/example_dags/example_local_kubernetes_executor.py for tasks to queue
[2024-02-26T16:00:48.500+0000] {logging_mixin.py:188} INFO - [2024-02-26T16:00:48.500+0000] {dagbag.py:540} INFO - Filling up the DagBag from /home/airflow/.local/lib/python3.11/site-packages/airflow/example_dags/example_local_kubernetes_executor.py
[2024-02-26T16:00:48.507+0000] {processor.py:840} INFO - DAG(s) 'example_local_kubernetes_executor' retrieved from /home/airflow/.local/lib/python3.11/site-packages/airflow/example_dags/example_local_kubernetes_executor.py
[2024-02-26T16:00:48.537+0000] {logging_mixin.py:188} INFO - [2024-02-26T16:00:48.537+0000] {dag.py:3047} INFO - Sync 1 DAGs
[2024-02-26T16:00:48.544+0000] {logging_mixin.py:188} INFO - [2024-02-26T16:00:48.544+0000] {dag.py:3834} INFO - Setting next_dagrun for example_local_kubernetes_executor to None, run_after=None
[2024-02-26T16:00:48.556+0000] {processor.py:183} INFO - Processing /home/airflow/.local/lib/python3.11/site-packages/airflow/example_dags/example_local_kubernetes_executor.py took 0.065 seconds
[2024-02-26T16:01:19.216+0000] {processor.py:161} INFO - Started process (PID=6467) to work on /home/airflow/.local/lib/python3.11/site-packages/airflow/example_dags/example_local_kubernetes_executor.py
[2024-02-26T16:01:19.218+0000] {processor.py:830} INFO - Processing file /home/airflow/.local/lib/python3.11/site-packages/airflow/example_dags/example_local_kubernetes_executor.py for tasks to queue
[2024-02-26T16:01:19.220+0000] {logging_mixin.py:188} INFO - [2024-02-26T16:01:19.219+0000] {dagbag.py:540} INFO - Filling up the DagBag from /home/airflow/.local/lib/python3.11/site-packages/airflow/example_dags/example_local_kubernetes_executor.py
[2024-02-26T16:01:19.227+0000] {processor.py:840} INFO - DAG(s) 'example_local_kubernetes_executor' retrieved from /home/airflow/.local/lib/python3.11/site-packages/airflow/example_dags/example_local_kubernetes_executor.py
[2024-02-26T16:01:19.257+0000] {logging_mixin.py:188} INFO - [2024-02-26T16:01:19.257+0000] {dag.py:3047} INFO - Sync 1 DAGs
[2024-02-26T16:01:19.265+0000] {logging_mixin.py:188} INFO - [2024-02-26T16:01:19.265+0000] {dag.py:3834} INFO - Setting next_dagrun for example_local_kubernetes_executor to None, run_after=None
[2024-02-26T16:01:19.279+0000] {processor.py:183} INFO - Processing /home/airflow/.local/lib/python3.11/site-packages/airflow/example_dags/example_local_kubernetes_executor.py took 0.066 seconds
[2024-02-26T16:01:49.426+0000] {processor.py:161} INFO - Started process (PID=6716) to work on /home/airflow/.local/lib/python3.11/site-packages/airflow/example_dags/example_local_kubernetes_executor.py
[2024-02-26T16:01:49.427+0000] {processor.py:830} INFO - Processing file /home/airflow/.local/lib/python3.11/site-packages/airflow/example_dags/example_local_kubernetes_executor.py for tasks to queue
[2024-02-26T16:01:49.429+0000] {logging_mixin.py:188} INFO - [2024-02-26T16:01:49.429+0000] {dagbag.py:540} INFO - Filling up the DagBag from /home/airflow/.local/lib/python3.11/site-packages/airflow/example_dags/example_local_kubernetes_executor.py
[2024-02-26T16:01:49.435+0000] {processor.py:840} INFO - DAG(s) 'example_local_kubernetes_executor' retrieved from /home/airflow/.local/lib/python3.11/site-packages/airflow/example_dags/example_local_kubernetes_executor.py
[2024-02-26T16:01:49.470+0000] {logging_mixin.py:188} INFO - [2024-02-26T16:01:49.470+0000] {dag.py:3047} INFO - Sync 1 DAGs
[2024-02-26T16:01:49.478+0000] {logging_mixin.py:188} INFO - [2024-02-26T16:01:49.478+0000] {dag.py:3834} INFO - Setting next_dagrun for example_local_kubernetes_executor to None, run_after=None
[2024-02-26T16:01:49.490+0000] {processor.py:183} INFO - Processing /home/airflow/.local/lib/python3.11/site-packages/airflow/example_dags/example_local_kubernetes_executor.py took 0.066 seconds
[2024-02-26T16:02:20.499+0000] {processor.py:161} INFO - Started process (PID=6963) to work on /home/airflow/.local/lib/python3.11/site-packages/airflow/example_dags/example_local_kubernetes_executor.py
[2024-02-26T16:02:20.502+0000] {processor.py:830} INFO - Processing file /home/airflow/.local/lib/python3.11/site-packages/airflow/example_dags/example_local_kubernetes_executor.py for tasks to queue
[2024-02-26T16:02:20.504+0000] {logging_mixin.py:188} INFO - [2024-02-26T16:02:20.504+0000] {dagbag.py:540} INFO - Filling up the DagBag from /home/airflow/.local/lib/python3.11/site-packages/airflow/example_dags/example_local_kubernetes_executor.py
[2024-02-26T16:02:20.511+0000] {processor.py:840} INFO - DAG(s) 'example_local_kubernetes_executor' retrieved from /home/airflow/.local/lib/python3.11/site-packages/airflow/example_dags/example_local_kubernetes_executor.py
[2024-02-26T16:02:20.542+0000] {logging_mixin.py:188} INFO - [2024-02-26T16:02:20.542+0000] {dag.py:3047} INFO - Sync 1 DAGs
[2024-02-26T16:02:20.551+0000] {logging_mixin.py:188} INFO - [2024-02-26T16:02:20.551+0000] {dag.py:3834} INFO - Setting next_dagrun for example_local_kubernetes_executor to None, run_after=None
[2024-02-26T16:02:20.566+0000] {processor.py:183} INFO - Processing /home/airflow/.local/lib/python3.11/site-packages/airflow/example_dags/example_local_kubernetes_executor.py took 0.070 seconds
[2024-02-26T16:02:50.724+0000] {processor.py:161} INFO - Started process (PID=7210) to work on /home/airflow/.local/lib/python3.11/site-packages/airflow/example_dags/example_local_kubernetes_executor.py
[2024-02-26T16:02:50.726+0000] {processor.py:830} INFO - Processing file /home/airflow/.local/lib/python3.11/site-packages/airflow/example_dags/example_local_kubernetes_executor.py for tasks to queue
[2024-02-26T16:02:50.728+0000] {logging_mixin.py:188} INFO - [2024-02-26T16:02:50.727+0000] {dagbag.py:540} INFO - Filling up the DagBag from /home/airflow/.local/lib/python3.11/site-packages/airflow/example_dags/example_local_kubernetes_executor.py
[2024-02-26T16:02:50.735+0000] {processor.py:840} INFO - DAG(s) 'example_local_kubernetes_executor' retrieved from /home/airflow/.local/lib/python3.11/site-packages/airflow/example_dags/example_local_kubernetes_executor.py
[2024-02-26T16:02:50.767+0000] {logging_mixin.py:188} INFO - [2024-02-26T16:02:50.766+0000] {dag.py:3047} INFO - Sync 1 DAGs
[2024-02-26T16:02:50.776+0000] {logging_mixin.py:188} INFO - [2024-02-26T16:02:50.776+0000] {dag.py:3834} INFO - Setting next_dagrun for example_local_kubernetes_executor to None, run_after=None
[2024-02-26T16:02:50.788+0000] {processor.py:183} INFO - Processing /home/airflow/.local/lib/python3.11/site-packages/airflow/example_dags/example_local_kubernetes_executor.py took 0.066 seconds
[2024-02-26T16:03:20.846+0000] {processor.py:161} INFO - Started process (PID=7457) to work on /home/airflow/.local/lib/python3.11/site-packages/airflow/example_dags/example_local_kubernetes_executor.py
[2024-02-26T16:03:20.848+0000] {processor.py:830} INFO - Processing file /home/airflow/.local/lib/python3.11/site-packages/airflow/example_dags/example_local_kubernetes_executor.py for tasks to queue
[2024-02-26T16:03:20.849+0000] {logging_mixin.py:188} INFO - [2024-02-26T16:03:20.849+0000] {dagbag.py:540} INFO - Filling up the DagBag from /home/airflow/.local/lib/python3.11/site-packages/airflow/example_dags/example_local_kubernetes_executor.py
[2024-02-26T16:03:20.857+0000] {processor.py:840} INFO - DAG(s) 'example_local_kubernetes_executor' retrieved from /home/airflow/.local/lib/python3.11/site-packages/airflow/example_dags/example_local_kubernetes_executor.py
[2024-02-26T16:03:20.889+0000] {logging_mixin.py:188} INFO - [2024-02-26T16:03:20.888+0000] {dag.py:3047} INFO - Sync 1 DAGs
[2024-02-26T16:03:20.899+0000] {logging_mixin.py:188} INFO - [2024-02-26T16:03:20.899+0000] {dag.py:3834} INFO - Setting next_dagrun for example_local_kubernetes_executor to None, run_after=None
[2024-02-26T16:03:20.910+0000] {processor.py:183} INFO - Processing /home/airflow/.local/lib/python3.11/site-packages/airflow/example_dags/example_local_kubernetes_executor.py took 0.069 seconds
[2024-02-26T16:03:51.077+0000] {processor.py:161} INFO - Started process (PID=7703) to work on /home/airflow/.local/lib/python3.11/site-packages/airflow/example_dags/example_local_kubernetes_executor.py
[2024-02-26T16:03:51.079+0000] {processor.py:830} INFO - Processing file /home/airflow/.local/lib/python3.11/site-packages/airflow/example_dags/example_local_kubernetes_executor.py for tasks to queue
[2024-02-26T16:03:51.082+0000] {logging_mixin.py:188} INFO - [2024-02-26T16:03:51.082+0000] {dagbag.py:540} INFO - Filling up the DagBag from /home/airflow/.local/lib/python3.11/site-packages/airflow/example_dags/example_local_kubernetes_executor.py
[2024-02-26T16:03:51.090+0000] {processor.py:840} INFO - DAG(s) 'example_local_kubernetes_executor' retrieved from /home/airflow/.local/lib/python3.11/site-packages/airflow/example_dags/example_local_kubernetes_executor.py
[2024-02-26T16:03:51.121+0000] {logging_mixin.py:188} INFO - [2024-02-26T16:03:51.121+0000] {dag.py:3047} INFO - Sync 1 DAGs
[2024-02-26T16:03:51.130+0000] {logging_mixin.py:188} INFO - [2024-02-26T16:03:51.130+0000] {dag.py:3834} INFO - Setting next_dagrun for example_local_kubernetes_executor to None, run_after=None
[2024-02-26T16:03:51.143+0000] {processor.py:183} INFO - Processing /home/airflow/.local/lib/python3.11/site-packages/airflow/example_dags/example_local_kubernetes_executor.py took 0.070 seconds
[2024-02-26T16:04:21.760+0000] {processor.py:161} INFO - Started process (PID=7950) to work on /home/airflow/.local/lib/python3.11/site-packages/airflow/example_dags/example_local_kubernetes_executor.py
[2024-02-26T16:04:21.762+0000] {processor.py:830} INFO - Processing file /home/airflow/.local/lib/python3.11/site-packages/airflow/example_dags/example_local_kubernetes_executor.py for tasks to queue
[2024-02-26T16:04:21.763+0000] {logging_mixin.py:188} INFO - [2024-02-26T16:04:21.763+0000] {dagbag.py:540} INFO - Filling up the DagBag from /home/airflow/.local/lib/python3.11/site-packages/airflow/example_dags/example_local_kubernetes_executor.py
[2024-02-26T16:04:21.771+0000] {processor.py:840} INFO - DAG(s) 'example_local_kubernetes_executor' retrieved from /home/airflow/.local/lib/python3.11/site-packages/airflow/example_dags/example_local_kubernetes_executor.py
[2024-02-26T16:04:21.803+0000] {logging_mixin.py:188} INFO - [2024-02-26T16:04:21.803+0000] {dag.py:3047} INFO - Sync 1 DAGs
[2024-02-26T16:04:21.813+0000] {logging_mixin.py:188} INFO - [2024-02-26T16:04:21.813+0000] {dag.py:3834} INFO - Setting next_dagrun for example_local_kubernetes_executor to None, run_after=None
[2024-02-26T16:04:21.827+0000] {processor.py:183} INFO - Processing /home/airflow/.local/lib/python3.11/site-packages/airflow/example_dags/example_local_kubernetes_executor.py took 0.070 seconds
[2024-02-26T16:04:52.639+0000] {processor.py:161} INFO - Started process (PID=8199) to work on /home/airflow/.local/lib/python3.11/site-packages/airflow/example_dags/example_local_kubernetes_executor.py
[2024-02-26T16:04:52.641+0000] {processor.py:830} INFO - Processing file /home/airflow/.local/lib/python3.11/site-packages/airflow/example_dags/example_local_kubernetes_executor.py for tasks to queue
[2024-02-26T16:04:52.642+0000] {logging_mixin.py:188} INFO - [2024-02-26T16:04:52.642+0000] {dagbag.py:540} INFO - Filling up the DagBag from /home/airflow/.local/lib/python3.11/site-packages/airflow/example_dags/example_local_kubernetes_executor.py
[2024-02-26T16:04:52.650+0000] {processor.py:840} INFO - DAG(s) 'example_local_kubernetes_executor' retrieved from /home/airflow/.local/lib/python3.11/site-packages/airflow/example_dags/example_local_kubernetes_executor.py
[2024-02-26T16:04:52.683+0000] {logging_mixin.py:188} INFO - [2024-02-26T16:04:52.683+0000] {dag.py:3047} INFO - Sync 1 DAGs
[2024-02-26T16:04:52.692+0000] {logging_mixin.py:188} INFO - [2024-02-26T16:04:52.692+0000] {dag.py:3834} INFO - Setting next_dagrun for example_local_kubernetes_executor to None, run_after=None
[2024-02-26T16:04:52.703+0000] {processor.py:183} INFO - Processing /home/airflow/.local/lib/python3.11/site-packages/airflow/example_dags/example_local_kubernetes_executor.py took 0.068 seconds
[2024-02-26T16:05:23.383+0000] {processor.py:161} INFO - Started process (PID=8444) to work on /home/airflow/.local/lib/python3.11/site-packages/airflow/example_dags/example_local_kubernetes_executor.py
[2024-02-26T16:05:23.385+0000] {processor.py:830} INFO - Processing file /home/airflow/.local/lib/python3.11/site-packages/airflow/example_dags/example_local_kubernetes_executor.py for tasks to queue
[2024-02-26T16:05:23.387+0000] {logging_mixin.py:188} INFO - [2024-02-26T16:05:23.386+0000] {dagbag.py:540} INFO - Filling up the DagBag from /home/airflow/.local/lib/python3.11/site-packages/airflow/example_dags/example_local_kubernetes_executor.py
[2024-02-26T16:05:23.393+0000] {processor.py:840} INFO - DAG(s) 'example_local_kubernetes_executor' retrieved from /home/airflow/.local/lib/python3.11/site-packages/airflow/example_dags/example_local_kubernetes_executor.py
[2024-02-26T16:05:23.424+0000] {logging_mixin.py:188} INFO - [2024-02-26T16:05:23.424+0000] {dag.py:3047} INFO - Sync 1 DAGs
[2024-02-26T16:05:23.433+0000] {logging_mixin.py:188} INFO - [2024-02-26T16:05:23.433+0000] {dag.py:3834} INFO - Setting next_dagrun for example_local_kubernetes_executor to None, run_after=None
[2024-02-26T16:05:23.447+0000] {processor.py:183} INFO - Processing /home/airflow/.local/lib/python3.11/site-packages/airflow/example_dags/example_local_kubernetes_executor.py took 0.067 seconds
[2024-02-26T16:05:54.099+0000] {processor.py:161} INFO - Started process (PID=8691) to work on /home/airflow/.local/lib/python3.11/site-packages/airflow/example_dags/example_local_kubernetes_executor.py
[2024-02-26T16:05:54.101+0000] {processor.py:830} INFO - Processing file /home/airflow/.local/lib/python3.11/site-packages/airflow/example_dags/example_local_kubernetes_executor.py for tasks to queue
[2024-02-26T16:05:54.102+0000] {logging_mixin.py:188} INFO - [2024-02-26T16:05:54.102+0000] {dagbag.py:540} INFO - Filling up the DagBag from /home/airflow/.local/lib/python3.11/site-packages/airflow/example_dags/example_local_kubernetes_executor.py
[2024-02-26T16:05:54.108+0000] {processor.py:840} INFO - DAG(s) 'example_local_kubernetes_executor' retrieved from /home/airflow/.local/lib/python3.11/site-packages/airflow/example_dags/example_local_kubernetes_executor.py
[2024-02-26T16:05:54.139+0000] {logging_mixin.py:188} INFO - [2024-02-26T16:05:54.139+0000] {dag.py:3047} INFO - Sync 1 DAGs
[2024-02-26T16:05:54.148+0000] {logging_mixin.py:188} INFO - [2024-02-26T16:05:54.148+0000] {dag.py:3834} INFO - Setting next_dagrun for example_local_kubernetes_executor to None, run_after=None
[2024-02-26T16:05:54.160+0000] {processor.py:183} INFO - Processing /home/airflow/.local/lib/python3.11/site-packages/airflow/example_dags/example_local_kubernetes_executor.py took 0.063 seconds
[2024-02-26T16:06:24.982+0000] {processor.py:161} INFO - Started process (PID=8938) to work on /home/airflow/.local/lib/python3.11/site-packages/airflow/example_dags/example_local_kubernetes_executor.py
[2024-02-26T16:06:24.988+0000] {processor.py:830} INFO - Processing file /home/airflow/.local/lib/python3.11/site-packages/airflow/example_dags/example_local_kubernetes_executor.py for tasks to queue
[2024-02-26T16:06:24.989+0000] {logging_mixin.py:188} INFO - [2024-02-26T16:06:24.989+0000] {dagbag.py:540} INFO - Filling up the DagBag from /home/airflow/.local/lib/python3.11/site-packages/airflow/example_dags/example_local_kubernetes_executor.py
[2024-02-26T16:06:24.999+0000] {processor.py:840} INFO - DAG(s) 'example_local_kubernetes_executor' retrieved from /home/airflow/.local/lib/python3.11/site-packages/airflow/example_dags/example_local_kubernetes_executor.py
[2024-02-26T16:06:25.032+0000] {logging_mixin.py:188} INFO - [2024-02-26T16:06:25.031+0000] {dag.py:3047} INFO - Sync 1 DAGs
[2024-02-26T16:06:25.042+0000] {logging_mixin.py:188} INFO - [2024-02-26T16:06:25.041+0000] {dag.py:3834} INFO - Setting next_dagrun for example_local_kubernetes_executor to None, run_after=None
[2024-02-26T16:06:25.055+0000] {processor.py:183} INFO - Processing /home/airflow/.local/lib/python3.11/site-packages/airflow/example_dags/example_local_kubernetes_executor.py took 0.077 seconds
[2024-02-26T16:06:55.754+0000] {processor.py:161} INFO - Started process (PID=9185) to work on /home/airflow/.local/lib/python3.11/site-packages/airflow/example_dags/example_local_kubernetes_executor.py
[2024-02-26T16:06:55.756+0000] {processor.py:830} INFO - Processing file /home/airflow/.local/lib/python3.11/site-packages/airflow/example_dags/example_local_kubernetes_executor.py for tasks to queue
[2024-02-26T16:06:55.757+0000] {logging_mixin.py:188} INFO - [2024-02-26T16:06:55.757+0000] {dagbag.py:540} INFO - Filling up the DagBag from /home/airflow/.local/lib/python3.11/site-packages/airflow/example_dags/example_local_kubernetes_executor.py
[2024-02-26T16:06:55.764+0000] {processor.py:840} INFO - DAG(s) 'example_local_kubernetes_executor' retrieved from /home/airflow/.local/lib/python3.11/site-packages/airflow/example_dags/example_local_kubernetes_executor.py
[2024-02-26T16:06:55.796+0000] {logging_mixin.py:188} INFO - [2024-02-26T16:06:55.796+0000] {dag.py:3047} INFO - Sync 1 DAGs
[2024-02-26T16:06:55.805+0000] {logging_mixin.py:188} INFO - [2024-02-26T16:06:55.805+0000] {dag.py:3834} INFO - Setting next_dagrun for example_local_kubernetes_executor to None, run_after=None
[2024-02-26T16:06:55.820+0000] {processor.py:183} INFO - Processing /home/airflow/.local/lib/python3.11/site-packages/airflow/example_dags/example_local_kubernetes_executor.py took 0.069 seconds
[2024-02-26T16:07:25.906+0000] {processor.py:161} INFO - Started process (PID=9432) to work on /home/airflow/.local/lib/python3.11/site-packages/airflow/example_dags/example_local_kubernetes_executor.py
[2024-02-26T16:07:25.910+0000] {processor.py:830} INFO - Processing file /home/airflow/.local/lib/python3.11/site-packages/airflow/example_dags/example_local_kubernetes_executor.py for tasks to queue
[2024-02-26T16:07:25.911+0000] {logging_mixin.py:188} INFO - [2024-02-26T16:07:25.911+0000] {dagbag.py:540} INFO - Filling up the DagBag from /home/airflow/.local/lib/python3.11/site-packages/airflow/example_dags/example_local_kubernetes_executor.py
[2024-02-26T16:07:25.918+0000] {processor.py:840} INFO - DAG(s) 'example_local_kubernetes_executor' retrieved from /home/airflow/.local/lib/python3.11/site-packages/airflow/example_dags/example_local_kubernetes_executor.py
[2024-02-26T16:07:25.949+0000] {logging_mixin.py:188} INFO - [2024-02-26T16:07:25.949+0000] {dag.py:3047} INFO - Sync 1 DAGs
[2024-02-26T16:07:25.959+0000] {logging_mixin.py:188} INFO - [2024-02-26T16:07:25.959+0000] {dag.py:3834} INFO - Setting next_dagrun for example_local_kubernetes_executor to None, run_after=None
[2024-02-26T16:07:25.972+0000] {processor.py:183} INFO - Processing /home/airflow/.local/lib/python3.11/site-packages/airflow/example_dags/example_local_kubernetes_executor.py took 0.069 seconds
[2024-02-26T16:07:56.105+0000] {processor.py:161} INFO - Started process (PID=9679) to work on /home/airflow/.local/lib/python3.11/site-packages/airflow/example_dags/example_local_kubernetes_executor.py
[2024-02-26T16:07:56.108+0000] {processor.py:830} INFO - Processing file /home/airflow/.local/lib/python3.11/site-packages/airflow/example_dags/example_local_kubernetes_executor.py for tasks to queue
[2024-02-26T16:07:56.110+0000] {logging_mixin.py:188} INFO - [2024-02-26T16:07:56.110+0000] {dagbag.py:540} INFO - Filling up the DagBag from /home/airflow/.local/lib/python3.11/site-packages/airflow/example_dags/example_local_kubernetes_executor.py
[2024-02-26T16:07:56.118+0000] {processor.py:840} INFO - DAG(s) 'example_local_kubernetes_executor' retrieved from /home/airflow/.local/lib/python3.11/site-packages/airflow/example_dags/example_local_kubernetes_executor.py
[2024-02-26T16:07:56.151+0000] {logging_mixin.py:188} INFO - [2024-02-26T16:07:56.150+0000] {dag.py:3047} INFO - Sync 1 DAGs
[2024-02-26T16:07:56.162+0000] {logging_mixin.py:188} INFO - [2024-02-26T16:07:56.162+0000] {dag.py:3834} INFO - Setting next_dagrun for example_local_kubernetes_executor to None, run_after=None
[2024-02-26T16:07:56.177+0000] {processor.py:183} INFO - Processing /home/airflow/.local/lib/python3.11/site-packages/airflow/example_dags/example_local_kubernetes_executor.py took 0.075 seconds
[2024-02-26T16:08:26.336+0000] {processor.py:161} INFO - Started process (PID=9926) to work on /home/airflow/.local/lib/python3.11/site-packages/airflow/example_dags/example_local_kubernetes_executor.py
[2024-02-26T16:08:26.339+0000] {processor.py:830} INFO - Processing file /home/airflow/.local/lib/python3.11/site-packages/airflow/example_dags/example_local_kubernetes_executor.py for tasks to queue
[2024-02-26T16:08:26.341+0000] {logging_mixin.py:188} INFO - [2024-02-26T16:08:26.340+0000] {dagbag.py:540} INFO - Filling up the DagBag from /home/airflow/.local/lib/python3.11/site-packages/airflow/example_dags/example_local_kubernetes_executor.py
[2024-02-26T16:08:26.348+0000] {processor.py:840} INFO - DAG(s) 'example_local_kubernetes_executor' retrieved from /home/airflow/.local/lib/python3.11/site-packages/airflow/example_dags/example_local_kubernetes_executor.py
[2024-02-26T16:08:26.380+0000] {logging_mixin.py:188} INFO - [2024-02-26T16:08:26.380+0000] {dag.py:3047} INFO - Sync 1 DAGs
[2024-02-26T16:08:26.389+0000] {logging_mixin.py:188} INFO - [2024-02-26T16:08:26.389+0000] {dag.py:3834} INFO - Setting next_dagrun for example_local_kubernetes_executor to None, run_after=None
[2024-02-26T16:08:26.402+0000] {processor.py:183} INFO - Processing /home/airflow/.local/lib/python3.11/site-packages/airflow/example_dags/example_local_kubernetes_executor.py took 0.068 seconds
[2024-02-26T16:08:56.645+0000] {processor.py:161} INFO - Started process (PID=10175) to work on /home/airflow/.local/lib/python3.11/site-packages/airflow/example_dags/example_local_kubernetes_executor.py
[2024-02-26T16:08:56.647+0000] {processor.py:830} INFO - Processing file /home/airflow/.local/lib/python3.11/site-packages/airflow/example_dags/example_local_kubernetes_executor.py for tasks to queue
[2024-02-26T16:08:56.650+0000] {logging_mixin.py:188} INFO - [2024-02-26T16:08:56.649+0000] {dagbag.py:540} INFO - Filling up the DagBag from /home/airflow/.local/lib/python3.11/site-packages/airflow/example_dags/example_local_kubernetes_executor.py
[2024-02-26T16:08:56.659+0000] {processor.py:840} INFO - DAG(s) 'example_local_kubernetes_executor' retrieved from /home/airflow/.local/lib/python3.11/site-packages/airflow/example_dags/example_local_kubernetes_executor.py
[2024-02-26T16:08:56.695+0000] {logging_mixin.py:188} INFO - [2024-02-26T16:08:56.695+0000] {dag.py:3047} INFO - Sync 1 DAGs
[2024-02-26T16:08:56.703+0000] {logging_mixin.py:188} INFO - [2024-02-26T16:08:56.703+0000] {dag.py:3834} INFO - Setting next_dagrun for example_local_kubernetes_executor to None, run_after=None
[2024-02-26T16:08:56.716+0000] {processor.py:183} INFO - Processing /home/airflow/.local/lib/python3.11/site-packages/airflow/example_dags/example_local_kubernetes_executor.py took 0.074 seconds
[2024-02-26T16:09:26.829+0000] {processor.py:161} INFO - Started process (PID=10422) to work on /home/airflow/.local/lib/python3.11/site-packages/airflow/example_dags/example_local_kubernetes_executor.py
[2024-02-26T16:09:26.831+0000] {processor.py:830} INFO - Processing file /home/airflow/.local/lib/python3.11/site-packages/airflow/example_dags/example_local_kubernetes_executor.py for tasks to queue
[2024-02-26T16:09:26.833+0000] {logging_mixin.py:188} INFO - [2024-02-26T16:09:26.832+0000] {dagbag.py:540} INFO - Filling up the DagBag from /home/airflow/.local/lib/python3.11/site-packages/airflow/example_dags/example_local_kubernetes_executor.py
[2024-02-26T16:09:26.840+0000] {processor.py:840} INFO - DAG(s) 'example_local_kubernetes_executor' retrieved from /home/airflow/.local/lib/python3.11/site-packages/airflow/example_dags/example_local_kubernetes_executor.py
[2024-02-26T16:09:26.870+0000] {logging_mixin.py:188} INFO - [2024-02-26T16:09:26.869+0000] {dag.py:3047} INFO - Sync 1 DAGs
[2024-02-26T16:09:26.878+0000] {logging_mixin.py:188} INFO - [2024-02-26T16:09:26.878+0000] {dag.py:3834} INFO - Setting next_dagrun for example_local_kubernetes_executor to None, run_after=None
[2024-02-26T16:09:26.889+0000] {processor.py:183} INFO - Processing /home/airflow/.local/lib/python3.11/site-packages/airflow/example_dags/example_local_kubernetes_executor.py took 0.063 seconds
[2024-02-26T16:09:56.972+0000] {processor.py:161} INFO - Started process (PID=10669) to work on /home/airflow/.local/lib/python3.11/site-packages/airflow/example_dags/example_local_kubernetes_executor.py
[2024-02-26T16:09:56.974+0000] {processor.py:830} INFO - Processing file /home/airflow/.local/lib/python3.11/site-packages/airflow/example_dags/example_local_kubernetes_executor.py for tasks to queue
[2024-02-26T16:09:56.975+0000] {logging_mixin.py:188} INFO - [2024-02-26T16:09:56.975+0000] {dagbag.py:540} INFO - Filling up the DagBag from /home/airflow/.local/lib/python3.11/site-packages/airflow/example_dags/example_local_kubernetes_executor.py
[2024-02-26T16:09:56.983+0000] {processor.py:840} INFO - DAG(s) 'example_local_kubernetes_executor' retrieved from /home/airflow/.local/lib/python3.11/site-packages/airflow/example_dags/example_local_kubernetes_executor.py
[2024-02-26T16:09:57.016+0000] {logging_mixin.py:188} INFO - [2024-02-26T16:09:57.016+0000] {dag.py:3047} INFO - Sync 1 DAGs
[2024-02-26T16:09:57.025+0000] {logging_mixin.py:188} INFO - [2024-02-26T16:09:57.025+0000] {dag.py:3834} INFO - Setting next_dagrun for example_local_kubernetes_executor to None, run_after=None
[2024-02-26T16:09:57.040+0000] {processor.py:183} INFO - Processing /home/airflow/.local/lib/python3.11/site-packages/airflow/example_dags/example_local_kubernetes_executor.py took 0.072 seconds
[2024-02-26T16:10:27.243+0000] {processor.py:161} INFO - Started process (PID=10916) to work on /home/airflow/.local/lib/python3.11/site-packages/airflow/example_dags/example_local_kubernetes_executor.py
[2024-02-26T16:10:27.244+0000] {processor.py:830} INFO - Processing file /home/airflow/.local/lib/python3.11/site-packages/airflow/example_dags/example_local_kubernetes_executor.py for tasks to queue
[2024-02-26T16:10:27.247+0000] {logging_mixin.py:188} INFO - [2024-02-26T16:10:27.247+0000] {dagbag.py:540} INFO - Filling up the DagBag from /home/airflow/.local/lib/python3.11/site-packages/airflow/example_dags/example_local_kubernetes_executor.py
[2024-02-26T16:10:27.254+0000] {processor.py:840} INFO - DAG(s) 'example_local_kubernetes_executor' retrieved from /home/airflow/.local/lib/python3.11/site-packages/airflow/example_dags/example_local_kubernetes_executor.py
[2024-02-26T16:10:27.288+0000] {logging_mixin.py:188} INFO - [2024-02-26T16:10:27.287+0000] {dag.py:3047} INFO - Sync 1 DAGs
[2024-02-26T16:10:27.295+0000] {logging_mixin.py:188} INFO - [2024-02-26T16:10:27.295+0000] {dag.py:3834} INFO - Setting next_dagrun for example_local_kubernetes_executor to None, run_after=None
[2024-02-26T16:10:27.307+0000] {processor.py:183} INFO - Processing /home/airflow/.local/lib/python3.11/site-packages/airflow/example_dags/example_local_kubernetes_executor.py took 0.067 seconds
[2024-02-26T16:10:57.434+0000] {processor.py:161} INFO - Started process (PID=11163) to work on /home/airflow/.local/lib/python3.11/site-packages/airflow/example_dags/example_local_kubernetes_executor.py
[2024-02-26T16:10:57.436+0000] {processor.py:830} INFO - Processing file /home/airflow/.local/lib/python3.11/site-packages/airflow/example_dags/example_local_kubernetes_executor.py for tasks to queue
[2024-02-26T16:10:57.438+0000] {logging_mixin.py:188} INFO - [2024-02-26T16:10:57.438+0000] {dagbag.py:540} INFO - Filling up the DagBag from /home/airflow/.local/lib/python3.11/site-packages/airflow/example_dags/example_local_kubernetes_executor.py
[2024-02-26T16:10:57.445+0000] {processor.py:840} INFO - DAG(s) 'example_local_kubernetes_executor' retrieved from /home/airflow/.local/lib/python3.11/site-packages/airflow/example_dags/example_local_kubernetes_executor.py
[2024-02-26T16:10:57.478+0000] {logging_mixin.py:188} INFO - [2024-02-26T16:10:57.478+0000] {dag.py:3047} INFO - Sync 1 DAGs
[2024-02-26T16:10:57.488+0000] {logging_mixin.py:188} INFO - [2024-02-26T16:10:57.488+0000] {dag.py:3834} INFO - Setting next_dagrun for example_local_kubernetes_executor to None, run_after=None
[2024-02-26T16:10:57.499+0000] {processor.py:183} INFO - Processing /home/airflow/.local/lib/python3.11/site-packages/airflow/example_dags/example_local_kubernetes_executor.py took 0.068 seconds
[2024-02-26T16:11:27.751+0000] {processor.py:161} INFO - Started process (PID=11410) to work on /home/airflow/.local/lib/python3.11/site-packages/airflow/example_dags/example_local_kubernetes_executor.py
[2024-02-26T16:11:27.753+0000] {processor.py:830} INFO - Processing file /home/airflow/.local/lib/python3.11/site-packages/airflow/example_dags/example_local_kubernetes_executor.py for tasks to queue
[2024-02-26T16:11:27.756+0000] {logging_mixin.py:188} INFO - [2024-02-26T16:11:27.755+0000] {dagbag.py:540} INFO - Filling up the DagBag from /home/airflow/.local/lib/python3.11/site-packages/airflow/example_dags/example_local_kubernetes_executor.py
[2024-02-26T16:11:27.766+0000] {processor.py:840} INFO - DAG(s) 'example_local_kubernetes_executor' retrieved from /home/airflow/.local/lib/python3.11/site-packages/airflow/example_dags/example_local_kubernetes_executor.py
[2024-02-26T16:11:27.798+0000] {logging_mixin.py:188} INFO - [2024-02-26T16:11:27.797+0000] {dag.py:3047} INFO - Sync 1 DAGs
[2024-02-26T16:11:27.806+0000] {logging_mixin.py:188} INFO - [2024-02-26T16:11:27.806+0000] {dag.py:3834} INFO - Setting next_dagrun for example_local_kubernetes_executor to None, run_after=None
[2024-02-26T16:11:27.817+0000] {processor.py:183} INFO - Processing /home/airflow/.local/lib/python3.11/site-packages/airflow/example_dags/example_local_kubernetes_executor.py took 0.068 seconds
[2024-02-26T16:11:57.983+0000] {processor.py:161} INFO - Started process (PID=11657) to work on /home/airflow/.local/lib/python3.11/site-packages/airflow/example_dags/example_local_kubernetes_executor.py
[2024-02-26T16:11:57.985+0000] {processor.py:830} INFO - Processing file /home/airflow/.local/lib/python3.11/site-packages/airflow/example_dags/example_local_kubernetes_executor.py for tasks to queue
[2024-02-26T16:11:57.986+0000] {logging_mixin.py:188} INFO - [2024-02-26T16:11:57.986+0000] {dagbag.py:540} INFO - Filling up the DagBag from /home/airflow/.local/lib/python3.11/site-packages/airflow/example_dags/example_local_kubernetes_executor.py
[2024-02-26T16:11:57.994+0000] {processor.py:840} INFO - DAG(s) 'example_local_kubernetes_executor' retrieved from /home/airflow/.local/lib/python3.11/site-packages/airflow/example_dags/example_local_kubernetes_executor.py
[2024-02-26T16:11:58.025+0000] {logging_mixin.py:188} INFO - [2024-02-26T16:11:58.025+0000] {dag.py:3047} INFO - Sync 1 DAGs
[2024-02-26T16:11:58.033+0000] {logging_mixin.py:188} INFO - [2024-02-26T16:11:58.033+0000] {dag.py:3834} INFO - Setting next_dagrun for example_local_kubernetes_executor to None, run_after=None
[2024-02-26T16:11:58.045+0000] {processor.py:183} INFO - Processing /home/airflow/.local/lib/python3.11/site-packages/airflow/example_dags/example_local_kubernetes_executor.py took 0.065 seconds
[2024-02-26T16:12:28.124+0000] {processor.py:161} INFO - Started process (PID=11904) to work on /home/airflow/.local/lib/python3.11/site-packages/airflow/example_dags/example_local_kubernetes_executor.py
[2024-02-26T16:12:28.127+0000] {processor.py:830} INFO - Processing file /home/airflow/.local/lib/python3.11/site-packages/airflow/example_dags/example_local_kubernetes_executor.py for tasks to queue
[2024-02-26T16:12:28.128+0000] {logging_mixin.py:188} INFO - [2024-02-26T16:12:28.128+0000] {dagbag.py:540} INFO - Filling up the DagBag from /home/airflow/.local/lib/python3.11/site-packages/airflow/example_dags/example_local_kubernetes_executor.py
[2024-02-26T16:12:28.135+0000] {processor.py:840} INFO - DAG(s) 'example_local_kubernetes_executor' retrieved from /home/airflow/.local/lib/python3.11/site-packages/airflow/example_dags/example_local_kubernetes_executor.py
[2024-02-26T16:12:28.167+0000] {logging_mixin.py:188} INFO - [2024-02-26T16:12:28.166+0000] {dag.py:3047} INFO - Sync 1 DAGs
[2024-02-26T16:12:28.176+0000] {logging_mixin.py:188} INFO - [2024-02-26T16:12:28.176+0000] {dag.py:3834} INFO - Setting next_dagrun for example_local_kubernetes_executor to None, run_after=None
[2024-02-26T16:12:28.187+0000] {processor.py:183} INFO - Processing /home/airflow/.local/lib/python3.11/site-packages/airflow/example_dags/example_local_kubernetes_executor.py took 0.067 seconds
[2024-02-26T16:12:58.308+0000] {processor.py:161} INFO - Started process (PID=12150) to work on /home/airflow/.local/lib/python3.11/site-packages/airflow/example_dags/example_local_kubernetes_executor.py
[2024-02-26T16:12:58.310+0000] {processor.py:830} INFO - Processing file /home/airflow/.local/lib/python3.11/site-packages/airflow/example_dags/example_local_kubernetes_executor.py for tasks to queue
[2024-02-26T16:12:58.311+0000] {logging_mixin.py:188} INFO - [2024-02-26T16:12:58.311+0000] {dagbag.py:540} INFO - Filling up the DagBag from /home/airflow/.local/lib/python3.11/site-packages/airflow/example_dags/example_local_kubernetes_executor.py
[2024-02-26T16:12:58.318+0000] {processor.py:840} INFO - DAG(s) 'example_local_kubernetes_executor' retrieved from /home/airflow/.local/lib/python3.11/site-packages/airflow/example_dags/example_local_kubernetes_executor.py
[2024-02-26T16:12:58.348+0000] {logging_mixin.py:188} INFO - [2024-02-26T16:12:58.348+0000] {dag.py:3047} INFO - Sync 1 DAGs
[2024-02-26T16:12:58.356+0000] {logging_mixin.py:188} INFO - [2024-02-26T16:12:58.356+0000] {dag.py:3834} INFO - Setting next_dagrun for example_local_kubernetes_executor to None, run_after=None
[2024-02-26T16:12:58.368+0000] {processor.py:183} INFO - Processing /home/airflow/.local/lib/python3.11/site-packages/airflow/example_dags/example_local_kubernetes_executor.py took 0.063 seconds
[2024-02-26T16:13:28.457+0000] {processor.py:161} INFO - Started process (PID=12397) to work on /home/airflow/.local/lib/python3.11/site-packages/airflow/example_dags/example_local_kubernetes_executor.py
[2024-02-26T16:13:28.460+0000] {processor.py:830} INFO - Processing file /home/airflow/.local/lib/python3.11/site-packages/airflow/example_dags/example_local_kubernetes_executor.py for tasks to queue
[2024-02-26T16:13:28.461+0000] {logging_mixin.py:188} INFO - [2024-02-26T16:13:28.461+0000] {dagbag.py:540} INFO - Filling up the DagBag from /home/airflow/.local/lib/python3.11/site-packages/airflow/example_dags/example_local_kubernetes_executor.py
[2024-02-26T16:13:28.471+0000] {processor.py:840} INFO - DAG(s) 'example_local_kubernetes_executor' retrieved from /home/airflow/.local/lib/python3.11/site-packages/airflow/example_dags/example_local_kubernetes_executor.py
[2024-02-26T16:13:28.502+0000] {logging_mixin.py:188} INFO - [2024-02-26T16:13:28.502+0000] {dag.py:3047} INFO - Sync 1 DAGs
[2024-02-26T16:13:28.518+0000] {logging_mixin.py:188} INFO - [2024-02-26T16:13:28.518+0000] {dag.py:3834} INFO - Setting next_dagrun for example_local_kubernetes_executor to None, run_after=None
[2024-02-26T16:13:28.534+0000] {processor.py:183} INFO - Processing /home/airflow/.local/lib/python3.11/site-packages/airflow/example_dags/example_local_kubernetes_executor.py took 0.080 seconds
[2024-02-26T16:13:58.702+0000] {processor.py:161} INFO - Started process (PID=12645) to work on /home/airflow/.local/lib/python3.11/site-packages/airflow/example_dags/example_local_kubernetes_executor.py
[2024-02-26T16:13:58.706+0000] {processor.py:830} INFO - Processing file /home/airflow/.local/lib/python3.11/site-packages/airflow/example_dags/example_local_kubernetes_executor.py for tasks to queue
[2024-02-26T16:13:58.708+0000] {logging_mixin.py:188} INFO - [2024-02-26T16:13:58.707+0000] {dagbag.py:540} INFO - Filling up the DagBag from /home/airflow/.local/lib/python3.11/site-packages/airflow/example_dags/example_local_kubernetes_executor.py
[2024-02-26T16:13:58.717+0000] {processor.py:840} INFO - DAG(s) 'example_local_kubernetes_executor' retrieved from /home/airflow/.local/lib/python3.11/site-packages/airflow/example_dags/example_local_kubernetes_executor.py
[2024-02-26T16:13:58.749+0000] {logging_mixin.py:188} INFO - [2024-02-26T16:13:58.749+0000] {dag.py:3047} INFO - Sync 1 DAGs
[2024-02-26T16:13:58.761+0000] {logging_mixin.py:188} INFO - [2024-02-26T16:13:58.761+0000] {dag.py:3834} INFO - Setting next_dagrun for example_local_kubernetes_executor to None, run_after=None
[2024-02-26T16:13:58.775+0000] {processor.py:183} INFO - Processing /home/airflow/.local/lib/python3.11/site-packages/airflow/example_dags/example_local_kubernetes_executor.py took 0.077 seconds
[2024-02-26T16:14:29.060+0000] {processor.py:161} INFO - Started process (PID=12899) to work on /home/airflow/.local/lib/python3.11/site-packages/airflow/example_dags/example_local_kubernetes_executor.py
[2024-02-26T16:14:29.063+0000] {processor.py:830} INFO - Processing file /home/airflow/.local/lib/python3.11/site-packages/airflow/example_dags/example_local_kubernetes_executor.py for tasks to queue
[2024-02-26T16:14:29.064+0000] {logging_mixin.py:188} INFO - [2024-02-26T16:14:29.064+0000] {dagbag.py:540} INFO - Filling up the DagBag from /home/airflow/.local/lib/python3.11/site-packages/airflow/example_dags/example_local_kubernetes_executor.py
[2024-02-26T16:14:29.070+0000] {processor.py:840} INFO - DAG(s) 'example_local_kubernetes_executor' retrieved from /home/airflow/.local/lib/python3.11/site-packages/airflow/example_dags/example_local_kubernetes_executor.py
[2024-02-26T16:14:29.099+0000] {logging_mixin.py:188} INFO - [2024-02-26T16:14:29.099+0000] {dag.py:3047} INFO - Sync 1 DAGs
[2024-02-26T16:14:29.110+0000] {logging_mixin.py:188} INFO - [2024-02-26T16:14:29.110+0000] {dag.py:3834} INFO - Setting next_dagrun for example_local_kubernetes_executor to None, run_after=None
[2024-02-26T16:14:29.121+0000] {processor.py:183} INFO - Processing /home/airflow/.local/lib/python3.11/site-packages/airflow/example_dags/example_local_kubernetes_executor.py took 0.064 seconds
