[2024-02-26T15:48:33.151+0000] {processor.py:161} INFO - Started process (PID=209) to work on /home/airflow/.local/lib/python3.11/site-packages/airflow/example_dags/tutorial_taskflow_api_virtualenv.py
[2024-02-26T15:48:33.153+0000] {processor.py:830} INFO - Processing file /home/airflow/.local/lib/python3.11/site-packages/airflow/example_dags/tutorial_taskflow_api_virtualenv.py for tasks to queue
[2024-02-26T15:48:33.156+0000] {logging_mixin.py:188} INFO - [2024-02-26T15:48:33.156+0000] {dagbag.py:540} INFO - Filling up the DagBag from /home/airflow/.local/lib/python3.11/site-packages/airflow/example_dags/tutorial_taskflow_api_virtualenv.py
[2024-02-26T15:48:33.166+0000] {processor.py:840} INFO - DAG(s) 'tutorial_taskflow_api_virtualenv' retrieved from /home/airflow/.local/lib/python3.11/site-packages/airflow/example_dags/tutorial_taskflow_api_virtualenv.py
[2024-02-26T15:48:33.185+0000] {logging_mixin.py:188} INFO - [2024-02-26T15:48:33.185+0000] {dag.py:3047} INFO - Sync 1 DAGs
[2024-02-26T15:48:33.195+0000] {logging_mixin.py:188} INFO - [2024-02-26T15:48:33.195+0000] {dag.py:3834} INFO - Setting next_dagrun for tutorial_taskflow_api_virtualenv to None, run_after=None
[2024-02-26T15:48:33.213+0000] {processor.py:183} INFO - Processing /home/airflow/.local/lib/python3.11/site-packages/airflow/example_dags/tutorial_taskflow_api_virtualenv.py took 0.065 seconds
[2024-02-26T15:49:03.566+0000] {processor.py:161} INFO - Started process (PID=456) to work on /home/airflow/.local/lib/python3.11/site-packages/airflow/example_dags/tutorial_taskflow_api_virtualenv.py
[2024-02-26T15:49:03.569+0000] {processor.py:830} INFO - Processing file /home/airflow/.local/lib/python3.11/site-packages/airflow/example_dags/tutorial_taskflow_api_virtualenv.py for tasks to queue
[2024-02-26T15:49:03.572+0000] {logging_mixin.py:188} INFO - [2024-02-26T15:49:03.572+0000] {dagbag.py:540} INFO - Filling up the DagBag from /home/airflow/.local/lib/python3.11/site-packages/airflow/example_dags/tutorial_taskflow_api_virtualenv.py
[2024-02-26T15:49:03.583+0000] {processor.py:840} INFO - DAG(s) 'tutorial_taskflow_api_virtualenv' retrieved from /home/airflow/.local/lib/python3.11/site-packages/airflow/example_dags/tutorial_taskflow_api_virtualenv.py
[2024-02-26T15:49:03.648+0000] {logging_mixin.py:188} INFO - [2024-02-26T15:49:03.648+0000] {dag.py:3047} INFO - Sync 1 DAGs
[2024-02-26T15:49:03.655+0000] {logging_mixin.py:188} INFO - [2024-02-26T15:49:03.655+0000] {dag.py:3834} INFO - Setting next_dagrun for tutorial_taskflow_api_virtualenv to None, run_after=None
[2024-02-26T15:49:03.667+0000] {processor.py:183} INFO - Processing /home/airflow/.local/lib/python3.11/site-packages/airflow/example_dags/tutorial_taskflow_api_virtualenv.py took 0.104 seconds
[2024-02-26T15:49:34.330+0000] {processor.py:161} INFO - Started process (PID=705) to work on /home/airflow/.local/lib/python3.11/site-packages/airflow/example_dags/tutorial_taskflow_api_virtualenv.py
[2024-02-26T15:49:34.332+0000] {processor.py:830} INFO - Processing file /home/airflow/.local/lib/python3.11/site-packages/airflow/example_dags/tutorial_taskflow_api_virtualenv.py for tasks to queue
[2024-02-26T15:49:34.333+0000] {logging_mixin.py:188} INFO - [2024-02-26T15:49:34.332+0000] {dagbag.py:540} INFO - Filling up the DagBag from /home/airflow/.local/lib/python3.11/site-packages/airflow/example_dags/tutorial_taskflow_api_virtualenv.py
[2024-02-26T15:49:34.342+0000] {processor.py:840} INFO - DAG(s) 'tutorial_taskflow_api_virtualenv' retrieved from /home/airflow/.local/lib/python3.11/site-packages/airflow/example_dags/tutorial_taskflow_api_virtualenv.py
[2024-02-26T15:49:34.361+0000] {logging_mixin.py:188} INFO - [2024-02-26T15:49:34.361+0000] {dag.py:3047} INFO - Sync 1 DAGs
[2024-02-26T15:49:34.370+0000] {logging_mixin.py:188} INFO - [2024-02-26T15:49:34.370+0000] {dag.py:3834} INFO - Setting next_dagrun for tutorial_taskflow_api_virtualenv to None, run_after=None
[2024-02-26T15:49:34.382+0000] {processor.py:183} INFO - Processing /home/airflow/.local/lib/python3.11/site-packages/airflow/example_dags/tutorial_taskflow_api_virtualenv.py took 0.055 seconds
[2024-02-26T15:50:04.975+0000] {processor.py:161} INFO - Started process (PID=953) to work on /home/airflow/.local/lib/python3.11/site-packages/airflow/example_dags/tutorial_taskflow_api_virtualenv.py
[2024-02-26T15:50:04.977+0000] {processor.py:830} INFO - Processing file /home/airflow/.local/lib/python3.11/site-packages/airflow/example_dags/tutorial_taskflow_api_virtualenv.py for tasks to queue
[2024-02-26T15:50:04.978+0000] {logging_mixin.py:188} INFO - [2024-02-26T15:50:04.978+0000] {dagbag.py:540} INFO - Filling up the DagBag from /home/airflow/.local/lib/python3.11/site-packages/airflow/example_dags/tutorial_taskflow_api_virtualenv.py
[2024-02-26T15:50:04.986+0000] {processor.py:840} INFO - DAG(s) 'tutorial_taskflow_api_virtualenv' retrieved from /home/airflow/.local/lib/python3.11/site-packages/airflow/example_dags/tutorial_taskflow_api_virtualenv.py
[2024-02-26T15:50:05.005+0000] {logging_mixin.py:188} INFO - [2024-02-26T15:50:05.005+0000] {dag.py:3047} INFO - Sync 1 DAGs
[2024-02-26T15:50:05.014+0000] {logging_mixin.py:188} INFO - [2024-02-26T15:50:05.014+0000] {dag.py:3834} INFO - Setting next_dagrun for tutorial_taskflow_api_virtualenv to None, run_after=None
[2024-02-26T15:50:05.029+0000] {processor.py:183} INFO - Processing /home/airflow/.local/lib/python3.11/site-packages/airflow/example_dags/tutorial_taskflow_api_virtualenv.py took 0.057 seconds
[2024-02-26T15:50:36.101+0000] {processor.py:161} INFO - Started process (PID=1199) to work on /home/airflow/.local/lib/python3.11/site-packages/airflow/example_dags/tutorial_taskflow_api_virtualenv.py
[2024-02-26T15:50:36.104+0000] {processor.py:830} INFO - Processing file /home/airflow/.local/lib/python3.11/site-packages/airflow/example_dags/tutorial_taskflow_api_virtualenv.py for tasks to queue
[2024-02-26T15:50:36.106+0000] {logging_mixin.py:188} INFO - [2024-02-26T15:50:36.106+0000] {dagbag.py:540} INFO - Filling up the DagBag from /home/airflow/.local/lib/python3.11/site-packages/airflow/example_dags/tutorial_taskflow_api_virtualenv.py
[2024-02-26T15:50:36.117+0000] {processor.py:840} INFO - DAG(s) 'tutorial_taskflow_api_virtualenv' retrieved from /home/airflow/.local/lib/python3.11/site-packages/airflow/example_dags/tutorial_taskflow_api_virtualenv.py
[2024-02-26T15:50:36.139+0000] {logging_mixin.py:188} INFO - [2024-02-26T15:50:36.139+0000] {dag.py:3047} INFO - Sync 1 DAGs
[2024-02-26T15:50:36.154+0000] {logging_mixin.py:188} INFO - [2024-02-26T15:50:36.154+0000] {dag.py:3834} INFO - Setting next_dagrun for tutorial_taskflow_api_virtualenv to None, run_after=None
[2024-02-26T15:50:36.171+0000] {processor.py:183} INFO - Processing /home/airflow/.local/lib/python3.11/site-packages/airflow/example_dags/tutorial_taskflow_api_virtualenv.py took 0.076 seconds
[2024-02-26T15:51:07.097+0000] {processor.py:161} INFO - Started process (PID=1446) to work on /home/airflow/.local/lib/python3.11/site-packages/airflow/example_dags/tutorial_taskflow_api_virtualenv.py
[2024-02-26T15:51:07.099+0000] {processor.py:830} INFO - Processing file /home/airflow/.local/lib/python3.11/site-packages/airflow/example_dags/tutorial_taskflow_api_virtualenv.py for tasks to queue
[2024-02-26T15:51:07.101+0000] {logging_mixin.py:188} INFO - [2024-02-26T15:51:07.100+0000] {dagbag.py:540} INFO - Filling up the DagBag from /home/airflow/.local/lib/python3.11/site-packages/airflow/example_dags/tutorial_taskflow_api_virtualenv.py
[2024-02-26T15:51:07.109+0000] {processor.py:840} INFO - DAG(s) 'tutorial_taskflow_api_virtualenv' retrieved from /home/airflow/.local/lib/python3.11/site-packages/airflow/example_dags/tutorial_taskflow_api_virtualenv.py
[2024-02-26T15:51:07.128+0000] {logging_mixin.py:188} INFO - [2024-02-26T15:51:07.128+0000] {dag.py:3047} INFO - Sync 1 DAGs
[2024-02-26T15:51:07.136+0000] {logging_mixin.py:188} INFO - [2024-02-26T15:51:07.136+0000] {dag.py:3834} INFO - Setting next_dagrun for tutorial_taskflow_api_virtualenv to None, run_after=None
[2024-02-26T15:51:07.146+0000] {processor.py:183} INFO - Processing /home/airflow/.local/lib/python3.11/site-packages/airflow/example_dags/tutorial_taskflow_api_virtualenv.py took 0.052 seconds
[2024-02-26T15:51:37.859+0000] {processor.py:161} INFO - Started process (PID=1691) to work on /home/airflow/.local/lib/python3.11/site-packages/airflow/example_dags/tutorial_taskflow_api_virtualenv.py
[2024-02-26T15:51:37.861+0000] {processor.py:830} INFO - Processing file /home/airflow/.local/lib/python3.11/site-packages/airflow/example_dags/tutorial_taskflow_api_virtualenv.py for tasks to queue
[2024-02-26T15:51:37.863+0000] {logging_mixin.py:188} INFO - [2024-02-26T15:51:37.862+0000] {dagbag.py:540} INFO - Filling up the DagBag from /home/airflow/.local/lib/python3.11/site-packages/airflow/example_dags/tutorial_taskflow_api_virtualenv.py
[2024-02-26T15:51:37.872+0000] {processor.py:840} INFO - DAG(s) 'tutorial_taskflow_api_virtualenv' retrieved from /home/airflow/.local/lib/python3.11/site-packages/airflow/example_dags/tutorial_taskflow_api_virtualenv.py
[2024-02-26T15:51:37.893+0000] {logging_mixin.py:188} INFO - [2024-02-26T15:51:37.893+0000] {dag.py:3047} INFO - Sync 1 DAGs
[2024-02-26T15:51:37.901+0000] {logging_mixin.py:188} INFO - [2024-02-26T15:51:37.901+0000] {dag.py:3834} INFO - Setting next_dagrun for tutorial_taskflow_api_virtualenv to None, run_after=None
[2024-02-26T15:51:37.913+0000] {processor.py:183} INFO - Processing /home/airflow/.local/lib/python3.11/site-packages/airflow/example_dags/tutorial_taskflow_api_virtualenv.py took 0.057 seconds
[2024-02-26T15:52:08.748+0000] {processor.py:161} INFO - Started process (PID=1986) to work on /home/airflow/.local/lib/python3.11/site-packages/airflow/example_dags/tutorial_taskflow_api_virtualenv.py
[2024-02-26T15:52:08.750+0000] {processor.py:830} INFO - Processing file /home/airflow/.local/lib/python3.11/site-packages/airflow/example_dags/tutorial_taskflow_api_virtualenv.py for tasks to queue
[2024-02-26T15:52:08.751+0000] {logging_mixin.py:188} INFO - [2024-02-26T15:52:08.750+0000] {dagbag.py:540} INFO - Filling up the DagBag from /home/airflow/.local/lib/python3.11/site-packages/airflow/example_dags/tutorial_taskflow_api_virtualenv.py
[2024-02-26T15:52:08.761+0000] {processor.py:840} INFO - DAG(s) 'tutorial_taskflow_api_virtualenv' retrieved from /home/airflow/.local/lib/python3.11/site-packages/airflow/example_dags/tutorial_taskflow_api_virtualenv.py
[2024-02-26T15:52:08.782+0000] {logging_mixin.py:188} INFO - [2024-02-26T15:52:08.782+0000] {dag.py:3047} INFO - Sync 1 DAGs
[2024-02-26T15:52:08.792+0000] {logging_mixin.py:188} INFO - [2024-02-26T15:52:08.792+0000] {dag.py:3834} INFO - Setting next_dagrun for tutorial_taskflow_api_virtualenv to None, run_after=None
[2024-02-26T15:52:08.805+0000] {processor.py:183} INFO - Processing /home/airflow/.local/lib/python3.11/site-packages/airflow/example_dags/tutorial_taskflow_api_virtualenv.py took 0.060 seconds
[2024-02-26T15:52:39.323+0000] {processor.py:161} INFO - Started process (PID=2259) to work on /home/airflow/.local/lib/python3.11/site-packages/airflow/example_dags/tutorial_taskflow_api_virtualenv.py
[2024-02-26T15:52:39.325+0000] {processor.py:830} INFO - Processing file /home/airflow/.local/lib/python3.11/site-packages/airflow/example_dags/tutorial_taskflow_api_virtualenv.py for tasks to queue
[2024-02-26T15:52:39.327+0000] {logging_mixin.py:188} INFO - [2024-02-26T15:52:39.326+0000] {dagbag.py:540} INFO - Filling up the DagBag from /home/airflow/.local/lib/python3.11/site-packages/airflow/example_dags/tutorial_taskflow_api_virtualenv.py
[2024-02-26T15:52:39.336+0000] {processor.py:840} INFO - DAG(s) 'tutorial_taskflow_api_virtualenv' retrieved from /home/airflow/.local/lib/python3.11/site-packages/airflow/example_dags/tutorial_taskflow_api_virtualenv.py
[2024-02-26T15:52:39.354+0000] {logging_mixin.py:188} INFO - [2024-02-26T15:52:39.354+0000] {dag.py:3047} INFO - Sync 1 DAGs
[2024-02-26T15:52:39.363+0000] {logging_mixin.py:188} INFO - [2024-02-26T15:52:39.363+0000] {dag.py:3834} INFO - Setting next_dagrun for tutorial_taskflow_api_virtualenv to None, run_after=None
[2024-02-26T15:52:39.375+0000] {processor.py:183} INFO - Processing /home/airflow/.local/lib/python3.11/site-packages/airflow/example_dags/tutorial_taskflow_api_virtualenv.py took 0.054 seconds
[2024-02-26T15:53:10.098+0000] {processor.py:161} INFO - Started process (PID=2506) to work on /home/airflow/.local/lib/python3.11/site-packages/airflow/example_dags/tutorial_taskflow_api_virtualenv.py
[2024-02-26T15:53:10.101+0000] {processor.py:830} INFO - Processing file /home/airflow/.local/lib/python3.11/site-packages/airflow/example_dags/tutorial_taskflow_api_virtualenv.py for tasks to queue
[2024-02-26T15:53:10.104+0000] {logging_mixin.py:188} INFO - [2024-02-26T15:53:10.103+0000] {dagbag.py:540} INFO - Filling up the DagBag from /home/airflow/.local/lib/python3.11/site-packages/airflow/example_dags/tutorial_taskflow_api_virtualenv.py
[2024-02-26T15:53:10.115+0000] {processor.py:840} INFO - DAG(s) 'tutorial_taskflow_api_virtualenv' retrieved from /home/airflow/.local/lib/python3.11/site-packages/airflow/example_dags/tutorial_taskflow_api_virtualenv.py
[2024-02-26T15:53:10.132+0000] {logging_mixin.py:188} INFO - [2024-02-26T15:53:10.132+0000] {dag.py:3047} INFO - Sync 1 DAGs
[2024-02-26T15:53:10.141+0000] {logging_mixin.py:188} INFO - [2024-02-26T15:53:10.140+0000] {dag.py:3834} INFO - Setting next_dagrun for tutorial_taskflow_api_virtualenv to None, run_after=None
[2024-02-26T15:53:10.153+0000] {processor.py:183} INFO - Processing /home/airflow/.local/lib/python3.11/site-packages/airflow/example_dags/tutorial_taskflow_api_virtualenv.py took 0.059 seconds
[2024-02-26T15:53:40.932+0000] {processor.py:161} INFO - Started process (PID=2751) to work on /home/airflow/.local/lib/python3.11/site-packages/airflow/example_dags/tutorial_taskflow_api_virtualenv.py
[2024-02-26T15:53:40.934+0000] {processor.py:830} INFO - Processing file /home/airflow/.local/lib/python3.11/site-packages/airflow/example_dags/tutorial_taskflow_api_virtualenv.py for tasks to queue
[2024-02-26T15:53:40.935+0000] {logging_mixin.py:188} INFO - [2024-02-26T15:53:40.935+0000] {dagbag.py:540} INFO - Filling up the DagBag from /home/airflow/.local/lib/python3.11/site-packages/airflow/example_dags/tutorial_taskflow_api_virtualenv.py
[2024-02-26T15:53:40.944+0000] {processor.py:840} INFO - DAG(s) 'tutorial_taskflow_api_virtualenv' retrieved from /home/airflow/.local/lib/python3.11/site-packages/airflow/example_dags/tutorial_taskflow_api_virtualenv.py
[2024-02-26T15:53:40.963+0000] {logging_mixin.py:188} INFO - [2024-02-26T15:53:40.963+0000] {dag.py:3047} INFO - Sync 1 DAGs
[2024-02-26T15:53:40.972+0000] {logging_mixin.py:188} INFO - [2024-02-26T15:53:40.972+0000] {dag.py:3834} INFO - Setting next_dagrun for tutorial_taskflow_api_virtualenv to None, run_after=None
[2024-02-26T15:53:40.984+0000] {processor.py:183} INFO - Processing /home/airflow/.local/lib/python3.11/site-packages/airflow/example_dags/tutorial_taskflow_api_virtualenv.py took 0.056 seconds
[2024-02-26T15:54:11.699+0000] {processor.py:161} INFO - Started process (PID=2998) to work on /home/airflow/.local/lib/python3.11/site-packages/airflow/example_dags/tutorial_taskflow_api_virtualenv.py
[2024-02-26T15:54:11.701+0000] {processor.py:830} INFO - Processing file /home/airflow/.local/lib/python3.11/site-packages/airflow/example_dags/tutorial_taskflow_api_virtualenv.py for tasks to queue
[2024-02-26T15:54:11.702+0000] {logging_mixin.py:188} INFO - [2024-02-26T15:54:11.701+0000] {dagbag.py:540} INFO - Filling up the DagBag from /home/airflow/.local/lib/python3.11/site-packages/airflow/example_dags/tutorial_taskflow_api_virtualenv.py
[2024-02-26T15:54:11.712+0000] {processor.py:840} INFO - DAG(s) 'tutorial_taskflow_api_virtualenv' retrieved from /home/airflow/.local/lib/python3.11/site-packages/airflow/example_dags/tutorial_taskflow_api_virtualenv.py
[2024-02-26T15:54:11.732+0000] {logging_mixin.py:188} INFO - [2024-02-26T15:54:11.732+0000] {dag.py:3047} INFO - Sync 1 DAGs
[2024-02-26T15:54:11.740+0000] {logging_mixin.py:188} INFO - [2024-02-26T15:54:11.740+0000] {dag.py:3834} INFO - Setting next_dagrun for tutorial_taskflow_api_virtualenv to None, run_after=None
[2024-02-26T15:54:11.754+0000] {processor.py:183} INFO - Processing /home/airflow/.local/lib/python3.11/site-packages/airflow/example_dags/tutorial_taskflow_api_virtualenv.py took 0.058 seconds
[2024-02-26T15:54:42.472+0000] {processor.py:161} INFO - Started process (PID=3247) to work on /home/airflow/.local/lib/python3.11/site-packages/airflow/example_dags/tutorial_taskflow_api_virtualenv.py
[2024-02-26T15:54:42.474+0000] {processor.py:830} INFO - Processing file /home/airflow/.local/lib/python3.11/site-packages/airflow/example_dags/tutorial_taskflow_api_virtualenv.py for tasks to queue
[2024-02-26T15:54:42.476+0000] {logging_mixin.py:188} INFO - [2024-02-26T15:54:42.476+0000] {dagbag.py:540} INFO - Filling up the DagBag from /home/airflow/.local/lib/python3.11/site-packages/airflow/example_dags/tutorial_taskflow_api_virtualenv.py
[2024-02-26T15:54:42.484+0000] {processor.py:840} INFO - DAG(s) 'tutorial_taskflow_api_virtualenv' retrieved from /home/airflow/.local/lib/python3.11/site-packages/airflow/example_dags/tutorial_taskflow_api_virtualenv.py
[2024-02-26T15:54:42.503+0000] {logging_mixin.py:188} INFO - [2024-02-26T15:54:42.503+0000] {dag.py:3047} INFO - Sync 1 DAGs
[2024-02-26T15:54:42.511+0000] {logging_mixin.py:188} INFO - [2024-02-26T15:54:42.511+0000] {dag.py:3834} INFO - Setting next_dagrun for tutorial_taskflow_api_virtualenv to None, run_after=None
[2024-02-26T15:54:42.521+0000] {processor.py:183} INFO - Processing /home/airflow/.local/lib/python3.11/site-packages/airflow/example_dags/tutorial_taskflow_api_virtualenv.py took 0.052 seconds
[2024-02-26T15:55:13.389+0000] {processor.py:161} INFO - Started process (PID=3492) to work on /home/airflow/.local/lib/python3.11/site-packages/airflow/example_dags/tutorial_taskflow_api_virtualenv.py
[2024-02-26T15:55:13.393+0000] {processor.py:830} INFO - Processing file /home/airflow/.local/lib/python3.11/site-packages/airflow/example_dags/tutorial_taskflow_api_virtualenv.py for tasks to queue
[2024-02-26T15:55:13.395+0000] {logging_mixin.py:188} INFO - [2024-02-26T15:55:13.394+0000] {dagbag.py:540} INFO - Filling up the DagBag from /home/airflow/.local/lib/python3.11/site-packages/airflow/example_dags/tutorial_taskflow_api_virtualenv.py
[2024-02-26T15:55:13.405+0000] {processor.py:840} INFO - DAG(s) 'tutorial_taskflow_api_virtualenv' retrieved from /home/airflow/.local/lib/python3.11/site-packages/airflow/example_dags/tutorial_taskflow_api_virtualenv.py
[2024-02-26T15:55:13.426+0000] {logging_mixin.py:188} INFO - [2024-02-26T15:55:13.426+0000] {dag.py:3047} INFO - Sync 1 DAGs
[2024-02-26T15:55:13.435+0000] {logging_mixin.py:188} INFO - [2024-02-26T15:55:13.435+0000] {dag.py:3834} INFO - Setting next_dagrun for tutorial_taskflow_api_virtualenv to None, run_after=None
[2024-02-26T15:55:13.482+0000] {processor.py:183} INFO - Processing /home/airflow/.local/lib/python3.11/site-packages/airflow/example_dags/tutorial_taskflow_api_virtualenv.py took 0.097 seconds
[2024-02-26T15:55:44.472+0000] {processor.py:161} INFO - Started process (PID=3739) to work on /home/airflow/.local/lib/python3.11/site-packages/airflow/example_dags/tutorial_taskflow_api_virtualenv.py
[2024-02-26T15:55:44.474+0000] {processor.py:830} INFO - Processing file /home/airflow/.local/lib/python3.11/site-packages/airflow/example_dags/tutorial_taskflow_api_virtualenv.py for tasks to queue
[2024-02-26T15:55:44.475+0000] {logging_mixin.py:188} INFO - [2024-02-26T15:55:44.475+0000] {dagbag.py:540} INFO - Filling up the DagBag from /home/airflow/.local/lib/python3.11/site-packages/airflow/example_dags/tutorial_taskflow_api_virtualenv.py
[2024-02-26T15:55:44.485+0000] {processor.py:840} INFO - DAG(s) 'tutorial_taskflow_api_virtualenv' retrieved from /home/airflow/.local/lib/python3.11/site-packages/airflow/example_dags/tutorial_taskflow_api_virtualenv.py
[2024-02-26T15:55:44.505+0000] {logging_mixin.py:188} INFO - [2024-02-26T15:55:44.505+0000] {dag.py:3047} INFO - Sync 1 DAGs
[2024-02-26T15:55:44.513+0000] {logging_mixin.py:188} INFO - [2024-02-26T15:55:44.513+0000] {dag.py:3834} INFO - Setting next_dagrun for tutorial_taskflow_api_virtualenv to None, run_after=None
[2024-02-26T15:55:44.526+0000] {processor.py:183} INFO - Processing /home/airflow/.local/lib/python3.11/site-packages/airflow/example_dags/tutorial_taskflow_api_virtualenv.py took 0.057 seconds
[2024-02-26T15:56:14.717+0000] {processor.py:161} INFO - Started process (PID=3987) to work on /home/airflow/.local/lib/python3.11/site-packages/airflow/example_dags/tutorial_taskflow_api_virtualenv.py
[2024-02-26T15:56:14.719+0000] {processor.py:830} INFO - Processing file /home/airflow/.local/lib/python3.11/site-packages/airflow/example_dags/tutorial_taskflow_api_virtualenv.py for tasks to queue
[2024-02-26T15:56:14.721+0000] {logging_mixin.py:188} INFO - [2024-02-26T15:56:14.720+0000] {dagbag.py:540} INFO - Filling up the DagBag from /home/airflow/.local/lib/python3.11/site-packages/airflow/example_dags/tutorial_taskflow_api_virtualenv.py
[2024-02-26T15:56:14.734+0000] {processor.py:840} INFO - DAG(s) 'tutorial_taskflow_api_virtualenv' retrieved from /home/airflow/.local/lib/python3.11/site-packages/airflow/example_dags/tutorial_taskflow_api_virtualenv.py
[2024-02-26T15:56:14.757+0000] {logging_mixin.py:188} INFO - [2024-02-26T15:56:14.757+0000] {dag.py:3047} INFO - Sync 1 DAGs
[2024-02-26T15:56:14.768+0000] {logging_mixin.py:188} INFO - [2024-02-26T15:56:14.767+0000] {dag.py:3834} INFO - Setting next_dagrun for tutorial_taskflow_api_virtualenv to None, run_after=None
[2024-02-26T15:56:14.781+0000] {processor.py:183} INFO - Processing /home/airflow/.local/lib/python3.11/site-packages/airflow/example_dags/tutorial_taskflow_api_virtualenv.py took 0.068 seconds
[2024-02-26T15:56:44.999+0000] {processor.py:161} INFO - Started process (PID=4235) to work on /home/airflow/.local/lib/python3.11/site-packages/airflow/example_dags/tutorial_taskflow_api_virtualenv.py
[2024-02-26T15:56:45.001+0000] {processor.py:830} INFO - Processing file /home/airflow/.local/lib/python3.11/site-packages/airflow/example_dags/tutorial_taskflow_api_virtualenv.py for tasks to queue
[2024-02-26T15:56:45.003+0000] {logging_mixin.py:188} INFO - [2024-02-26T15:56:45.002+0000] {dagbag.py:540} INFO - Filling up the DagBag from /home/airflow/.local/lib/python3.11/site-packages/airflow/example_dags/tutorial_taskflow_api_virtualenv.py
[2024-02-26T15:56:45.015+0000] {processor.py:840} INFO - DAG(s) 'tutorial_taskflow_api_virtualenv' retrieved from /home/airflow/.local/lib/python3.11/site-packages/airflow/example_dags/tutorial_taskflow_api_virtualenv.py
[2024-02-26T15:56:45.035+0000] {logging_mixin.py:188} INFO - [2024-02-26T15:56:45.035+0000] {dag.py:3047} INFO - Sync 1 DAGs
[2024-02-26T15:56:45.044+0000] {logging_mixin.py:188} INFO - [2024-02-26T15:56:45.044+0000] {dag.py:3834} INFO - Setting next_dagrun for tutorial_taskflow_api_virtualenv to None, run_after=None
[2024-02-26T15:56:45.058+0000] {processor.py:183} INFO - Processing /home/airflow/.local/lib/python3.11/site-packages/airflow/example_dags/tutorial_taskflow_api_virtualenv.py took 0.061 seconds
[2024-02-26T15:57:15.405+0000] {processor.py:161} INFO - Started process (PID=4480) to work on /home/airflow/.local/lib/python3.11/site-packages/airflow/example_dags/tutorial_taskflow_api_virtualenv.py
[2024-02-26T15:57:15.406+0000] {processor.py:830} INFO - Processing file /home/airflow/.local/lib/python3.11/site-packages/airflow/example_dags/tutorial_taskflow_api_virtualenv.py for tasks to queue
[2024-02-26T15:57:15.408+0000] {logging_mixin.py:188} INFO - [2024-02-26T15:57:15.407+0000] {dagbag.py:540} INFO - Filling up the DagBag from /home/airflow/.local/lib/python3.11/site-packages/airflow/example_dags/tutorial_taskflow_api_virtualenv.py
[2024-02-26T15:57:15.417+0000] {processor.py:840} INFO - DAG(s) 'tutorial_taskflow_api_virtualenv' retrieved from /home/airflow/.local/lib/python3.11/site-packages/airflow/example_dags/tutorial_taskflow_api_virtualenv.py
[2024-02-26T15:57:15.436+0000] {logging_mixin.py:188} INFO - [2024-02-26T15:57:15.436+0000] {dag.py:3047} INFO - Sync 1 DAGs
[2024-02-26T15:57:15.446+0000] {logging_mixin.py:188} INFO - [2024-02-26T15:57:15.446+0000] {dag.py:3834} INFO - Setting next_dagrun for tutorial_taskflow_api_virtualenv to None, run_after=None
[2024-02-26T15:57:15.459+0000] {processor.py:183} INFO - Processing /home/airflow/.local/lib/python3.11/site-packages/airflow/example_dags/tutorial_taskflow_api_virtualenv.py took 0.057 seconds
[2024-02-26T15:57:45.697+0000] {processor.py:161} INFO - Started process (PID=4729) to work on /home/airflow/.local/lib/python3.11/site-packages/airflow/example_dags/tutorial_taskflow_api_virtualenv.py
[2024-02-26T15:57:45.702+0000] {processor.py:830} INFO - Processing file /home/airflow/.local/lib/python3.11/site-packages/airflow/example_dags/tutorial_taskflow_api_virtualenv.py for tasks to queue
[2024-02-26T15:57:45.703+0000] {logging_mixin.py:188} INFO - [2024-02-26T15:57:45.703+0000] {dagbag.py:540} INFO - Filling up the DagBag from /home/airflow/.local/lib/python3.11/site-packages/airflow/example_dags/tutorial_taskflow_api_virtualenv.py
[2024-02-26T15:57:45.714+0000] {processor.py:840} INFO - DAG(s) 'tutorial_taskflow_api_virtualenv' retrieved from /home/airflow/.local/lib/python3.11/site-packages/airflow/example_dags/tutorial_taskflow_api_virtualenv.py
[2024-02-26T15:57:45.737+0000] {logging_mixin.py:188} INFO - [2024-02-26T15:57:45.737+0000] {dag.py:3047} INFO - Sync 1 DAGs
[2024-02-26T15:57:45.749+0000] {logging_mixin.py:188} INFO - [2024-02-26T15:57:45.749+0000] {dag.py:3834} INFO - Setting next_dagrun for tutorial_taskflow_api_virtualenv to None, run_after=None
[2024-02-26T15:57:45.762+0000] {processor.py:183} INFO - Processing /home/airflow/.local/lib/python3.11/site-packages/airflow/example_dags/tutorial_taskflow_api_virtualenv.py took 0.068 seconds
[2024-02-26T15:58:15.811+0000] {processor.py:161} INFO - Started process (PID=4976) to work on /home/airflow/.local/lib/python3.11/site-packages/airflow/example_dags/tutorial_taskflow_api_virtualenv.py
[2024-02-26T15:58:15.813+0000] {processor.py:830} INFO - Processing file /home/airflow/.local/lib/python3.11/site-packages/airflow/example_dags/tutorial_taskflow_api_virtualenv.py for tasks to queue
[2024-02-26T15:58:15.814+0000] {logging_mixin.py:188} INFO - [2024-02-26T15:58:15.814+0000] {dagbag.py:540} INFO - Filling up the DagBag from /home/airflow/.local/lib/python3.11/site-packages/airflow/example_dags/tutorial_taskflow_api_virtualenv.py
[2024-02-26T15:58:15.823+0000] {processor.py:840} INFO - DAG(s) 'tutorial_taskflow_api_virtualenv' retrieved from /home/airflow/.local/lib/python3.11/site-packages/airflow/example_dags/tutorial_taskflow_api_virtualenv.py
[2024-02-26T15:58:15.844+0000] {logging_mixin.py:188} INFO - [2024-02-26T15:58:15.844+0000] {dag.py:3047} INFO - Sync 1 DAGs
[2024-02-26T15:58:15.853+0000] {logging_mixin.py:188} INFO - [2024-02-26T15:58:15.853+0000] {dag.py:3834} INFO - Setting next_dagrun for tutorial_taskflow_api_virtualenv to None, run_after=None
[2024-02-26T15:58:15.864+0000] {processor.py:183} INFO - Processing /home/airflow/.local/lib/python3.11/site-packages/airflow/example_dags/tutorial_taskflow_api_virtualenv.py took 0.057 seconds
[2024-02-26T15:58:46.208+0000] {processor.py:161} INFO - Started process (PID=5224) to work on /home/airflow/.local/lib/python3.11/site-packages/airflow/example_dags/tutorial_taskflow_api_virtualenv.py
[2024-02-26T15:58:46.210+0000] {processor.py:830} INFO - Processing file /home/airflow/.local/lib/python3.11/site-packages/airflow/example_dags/tutorial_taskflow_api_virtualenv.py for tasks to queue
[2024-02-26T15:58:46.212+0000] {logging_mixin.py:188} INFO - [2024-02-26T15:58:46.212+0000] {dagbag.py:540} INFO - Filling up the DagBag from /home/airflow/.local/lib/python3.11/site-packages/airflow/example_dags/tutorial_taskflow_api_virtualenv.py
[2024-02-26T15:58:46.223+0000] {processor.py:840} INFO - DAG(s) 'tutorial_taskflow_api_virtualenv' retrieved from /home/airflow/.local/lib/python3.11/site-packages/airflow/example_dags/tutorial_taskflow_api_virtualenv.py
[2024-02-26T15:58:46.249+0000] {logging_mixin.py:188} INFO - [2024-02-26T15:58:46.249+0000] {dag.py:3047} INFO - Sync 1 DAGs
[2024-02-26T15:58:46.261+0000] {logging_mixin.py:188} INFO - [2024-02-26T15:58:46.261+0000] {dag.py:3834} INFO - Setting next_dagrun for tutorial_taskflow_api_virtualenv to None, run_after=None
[2024-02-26T15:58:46.274+0000] {processor.py:183} INFO - Processing /home/airflow/.local/lib/python3.11/site-packages/airflow/example_dags/tutorial_taskflow_api_virtualenv.py took 0.069 seconds
[2024-02-26T15:59:16.320+0000] {processor.py:161} INFO - Started process (PID=5470) to work on /home/airflow/.local/lib/python3.11/site-packages/airflow/example_dags/tutorial_taskflow_api_virtualenv.py
[2024-02-26T15:59:16.321+0000] {processor.py:830} INFO - Processing file /home/airflow/.local/lib/python3.11/site-packages/airflow/example_dags/tutorial_taskflow_api_virtualenv.py for tasks to queue
[2024-02-26T15:59:16.323+0000] {logging_mixin.py:188} INFO - [2024-02-26T15:59:16.322+0000] {dagbag.py:540} INFO - Filling up the DagBag from /home/airflow/.local/lib/python3.11/site-packages/airflow/example_dags/tutorial_taskflow_api_virtualenv.py
[2024-02-26T15:59:16.332+0000] {processor.py:840} INFO - DAG(s) 'tutorial_taskflow_api_virtualenv' retrieved from /home/airflow/.local/lib/python3.11/site-packages/airflow/example_dags/tutorial_taskflow_api_virtualenv.py
[2024-02-26T15:59:16.353+0000] {logging_mixin.py:188} INFO - [2024-02-26T15:59:16.353+0000] {dag.py:3047} INFO - Sync 1 DAGs
[2024-02-26T15:59:16.364+0000] {logging_mixin.py:188} INFO - [2024-02-26T15:59:16.364+0000] {dag.py:3834} INFO - Setting next_dagrun for tutorial_taskflow_api_virtualenv to None, run_after=None
[2024-02-26T15:59:16.377+0000] {processor.py:183} INFO - Processing /home/airflow/.local/lib/python3.11/site-packages/airflow/example_dags/tutorial_taskflow_api_virtualenv.py took 0.061 seconds
[2024-02-26T15:59:46.717+0000] {processor.py:161} INFO - Started process (PID=5719) to work on /home/airflow/.local/lib/python3.11/site-packages/airflow/example_dags/tutorial_taskflow_api_virtualenv.py
[2024-02-26T15:59:46.719+0000] {processor.py:830} INFO - Processing file /home/airflow/.local/lib/python3.11/site-packages/airflow/example_dags/tutorial_taskflow_api_virtualenv.py for tasks to queue
[2024-02-26T15:59:46.721+0000] {logging_mixin.py:188} INFO - [2024-02-26T15:59:46.720+0000] {dagbag.py:540} INFO - Filling up the DagBag from /home/airflow/.local/lib/python3.11/site-packages/airflow/example_dags/tutorial_taskflow_api_virtualenv.py
[2024-02-26T15:59:46.730+0000] {processor.py:840} INFO - DAG(s) 'tutorial_taskflow_api_virtualenv' retrieved from /home/airflow/.local/lib/python3.11/site-packages/airflow/example_dags/tutorial_taskflow_api_virtualenv.py
[2024-02-26T15:59:46.748+0000] {logging_mixin.py:188} INFO - [2024-02-26T15:59:46.748+0000] {dag.py:3047} INFO - Sync 1 DAGs
[2024-02-26T15:59:46.757+0000] {logging_mixin.py:188} INFO - [2024-02-26T15:59:46.756+0000] {dag.py:3834} INFO - Setting next_dagrun for tutorial_taskflow_api_virtualenv to None, run_after=None
[2024-02-26T15:59:46.768+0000] {processor.py:183} INFO - Processing /home/airflow/.local/lib/python3.11/site-packages/airflow/example_dags/tutorial_taskflow_api_virtualenv.py took 0.054 seconds
[2024-02-26T16:00:17.483+0000] {processor.py:161} INFO - Started process (PID=5964) to work on /home/airflow/.local/lib/python3.11/site-packages/airflow/example_dags/tutorial_taskflow_api_virtualenv.py
[2024-02-26T16:00:17.485+0000] {processor.py:830} INFO - Processing file /home/airflow/.local/lib/python3.11/site-packages/airflow/example_dags/tutorial_taskflow_api_virtualenv.py for tasks to queue
[2024-02-26T16:00:17.487+0000] {logging_mixin.py:188} INFO - [2024-02-26T16:00:17.486+0000] {dagbag.py:540} INFO - Filling up the DagBag from /home/airflow/.local/lib/python3.11/site-packages/airflow/example_dags/tutorial_taskflow_api_virtualenv.py
[2024-02-26T16:00:17.496+0000] {processor.py:840} INFO - DAG(s) 'tutorial_taskflow_api_virtualenv' retrieved from /home/airflow/.local/lib/python3.11/site-packages/airflow/example_dags/tutorial_taskflow_api_virtualenv.py
[2024-02-26T16:00:17.515+0000] {logging_mixin.py:188} INFO - [2024-02-26T16:00:17.514+0000] {dag.py:3047} INFO - Sync 1 DAGs
[2024-02-26T16:00:17.524+0000] {logging_mixin.py:188} INFO - [2024-02-26T16:00:17.524+0000] {dag.py:3834} INFO - Setting next_dagrun for tutorial_taskflow_api_virtualenv to None, run_after=None
[2024-02-26T16:00:17.535+0000] {processor.py:183} INFO - Processing /home/airflow/.local/lib/python3.11/site-packages/airflow/example_dags/tutorial_taskflow_api_virtualenv.py took 0.055 seconds
[2024-02-26T16:00:48.327+0000] {processor.py:161} INFO - Started process (PID=6210) to work on /home/airflow/.local/lib/python3.11/site-packages/airflow/example_dags/tutorial_taskflow_api_virtualenv.py
[2024-02-26T16:00:48.329+0000] {processor.py:830} INFO - Processing file /home/airflow/.local/lib/python3.11/site-packages/airflow/example_dags/tutorial_taskflow_api_virtualenv.py for tasks to queue
[2024-02-26T16:00:48.330+0000] {logging_mixin.py:188} INFO - [2024-02-26T16:00:48.330+0000] {dagbag.py:540} INFO - Filling up the DagBag from /home/airflow/.local/lib/python3.11/site-packages/airflow/example_dags/tutorial_taskflow_api_virtualenv.py
[2024-02-26T16:00:48.341+0000] {processor.py:840} INFO - DAG(s) 'tutorial_taskflow_api_virtualenv' retrieved from /home/airflow/.local/lib/python3.11/site-packages/airflow/example_dags/tutorial_taskflow_api_virtualenv.py
[2024-02-26T16:00:48.361+0000] {logging_mixin.py:188} INFO - [2024-02-26T16:00:48.361+0000] {dag.py:3047} INFO - Sync 1 DAGs
[2024-02-26T16:00:48.370+0000] {logging_mixin.py:188} INFO - [2024-02-26T16:00:48.370+0000] {dag.py:3834} INFO - Setting next_dagrun for tutorial_taskflow_api_virtualenv to None, run_after=None
[2024-02-26T16:00:48.382+0000] {processor.py:183} INFO - Processing /home/airflow/.local/lib/python3.11/site-packages/airflow/example_dags/tutorial_taskflow_api_virtualenv.py took 0.059 seconds
[2024-02-26T16:01:19.127+0000] {processor.py:161} INFO - Started process (PID=6459) to work on /home/airflow/.local/lib/python3.11/site-packages/airflow/example_dags/tutorial_taskflow_api_virtualenv.py
[2024-02-26T16:01:19.128+0000] {processor.py:830} INFO - Processing file /home/airflow/.local/lib/python3.11/site-packages/airflow/example_dags/tutorial_taskflow_api_virtualenv.py for tasks to queue
[2024-02-26T16:01:19.130+0000] {logging_mixin.py:188} INFO - [2024-02-26T16:01:19.129+0000] {dagbag.py:540} INFO - Filling up the DagBag from /home/airflow/.local/lib/python3.11/site-packages/airflow/example_dags/tutorial_taskflow_api_virtualenv.py
[2024-02-26T16:01:19.138+0000] {processor.py:840} INFO - DAG(s) 'tutorial_taskflow_api_virtualenv' retrieved from /home/airflow/.local/lib/python3.11/site-packages/airflow/example_dags/tutorial_taskflow_api_virtualenv.py
[2024-02-26T16:01:19.157+0000] {logging_mixin.py:188} INFO - [2024-02-26T16:01:19.157+0000] {dag.py:3047} INFO - Sync 1 DAGs
[2024-02-26T16:01:19.165+0000] {logging_mixin.py:188} INFO - [2024-02-26T16:01:19.165+0000] {dag.py:3834} INFO - Setting next_dagrun for tutorial_taskflow_api_virtualenv to None, run_after=None
[2024-02-26T16:01:19.176+0000] {processor.py:183} INFO - Processing /home/airflow/.local/lib/python3.11/site-packages/airflow/example_dags/tutorial_taskflow_api_virtualenv.py took 0.052 seconds
[2024-02-26T16:01:49.341+0000] {processor.py:161} INFO - Started process (PID=6706) to work on /home/airflow/.local/lib/python3.11/site-packages/airflow/example_dags/tutorial_taskflow_api_virtualenv.py
[2024-02-26T16:01:49.342+0000] {processor.py:830} INFO - Processing file /home/airflow/.local/lib/python3.11/site-packages/airflow/example_dags/tutorial_taskflow_api_virtualenv.py for tasks to queue
[2024-02-26T16:01:49.344+0000] {logging_mixin.py:188} INFO - [2024-02-26T16:01:49.343+0000] {dagbag.py:540} INFO - Filling up the DagBag from /home/airflow/.local/lib/python3.11/site-packages/airflow/example_dags/tutorial_taskflow_api_virtualenv.py
[2024-02-26T16:01:49.353+0000] {processor.py:840} INFO - DAG(s) 'tutorial_taskflow_api_virtualenv' retrieved from /home/airflow/.local/lib/python3.11/site-packages/airflow/example_dags/tutorial_taskflow_api_virtualenv.py
[2024-02-26T16:01:49.371+0000] {logging_mixin.py:188} INFO - [2024-02-26T16:01:49.371+0000] {dag.py:3047} INFO - Sync 1 DAGs
[2024-02-26T16:01:49.382+0000] {logging_mixin.py:188} INFO - [2024-02-26T16:01:49.382+0000] {dag.py:3834} INFO - Setting next_dagrun for tutorial_taskflow_api_virtualenv to None, run_after=None
[2024-02-26T16:01:49.393+0000] {processor.py:183} INFO - Processing /home/airflow/.local/lib/python3.11/site-packages/airflow/example_dags/tutorial_taskflow_api_virtualenv.py took 0.056 seconds
[2024-02-26T16:02:20.289+0000] {processor.py:161} INFO - Started process (PID=6951) to work on /home/airflow/.local/lib/python3.11/site-packages/airflow/example_dags/tutorial_taskflow_api_virtualenv.py
[2024-02-26T16:02:20.292+0000] {processor.py:830} INFO - Processing file /home/airflow/.local/lib/python3.11/site-packages/airflow/example_dags/tutorial_taskflow_api_virtualenv.py for tasks to queue
[2024-02-26T16:02:20.294+0000] {logging_mixin.py:188} INFO - [2024-02-26T16:02:20.293+0000] {dagbag.py:540} INFO - Filling up the DagBag from /home/airflow/.local/lib/python3.11/site-packages/airflow/example_dags/tutorial_taskflow_api_virtualenv.py
[2024-02-26T16:02:20.306+0000] {processor.py:840} INFO - DAG(s) 'tutorial_taskflow_api_virtualenv' retrieved from /home/airflow/.local/lib/python3.11/site-packages/airflow/example_dags/tutorial_taskflow_api_virtualenv.py
[2024-02-26T16:02:20.328+0000] {logging_mixin.py:188} INFO - [2024-02-26T16:02:20.328+0000] {dag.py:3047} INFO - Sync 1 DAGs
[2024-02-26T16:02:20.339+0000] {logging_mixin.py:188} INFO - [2024-02-26T16:02:20.339+0000] {dag.py:3834} INFO - Setting next_dagrun for tutorial_taskflow_api_virtualenv to None, run_after=None
[2024-02-26T16:02:20.353+0000] {processor.py:183} INFO - Processing /home/airflow/.local/lib/python3.11/site-packages/airflow/example_dags/tutorial_taskflow_api_virtualenv.py took 0.068 seconds
[2024-02-26T16:02:50.550+0000] {processor.py:161} INFO - Started process (PID=7198) to work on /home/airflow/.local/lib/python3.11/site-packages/airflow/example_dags/tutorial_taskflow_api_virtualenv.py
[2024-02-26T16:02:50.552+0000] {processor.py:830} INFO - Processing file /home/airflow/.local/lib/python3.11/site-packages/airflow/example_dags/tutorial_taskflow_api_virtualenv.py for tasks to queue
[2024-02-26T16:02:50.554+0000] {logging_mixin.py:188} INFO - [2024-02-26T16:02:50.553+0000] {dagbag.py:540} INFO - Filling up the DagBag from /home/airflow/.local/lib/python3.11/site-packages/airflow/example_dags/tutorial_taskflow_api_virtualenv.py
[2024-02-26T16:02:50.564+0000] {processor.py:840} INFO - DAG(s) 'tutorial_taskflow_api_virtualenv' retrieved from /home/airflow/.local/lib/python3.11/site-packages/airflow/example_dags/tutorial_taskflow_api_virtualenv.py
[2024-02-26T16:02:50.584+0000] {logging_mixin.py:188} INFO - [2024-02-26T16:02:50.584+0000] {dag.py:3047} INFO - Sync 1 DAGs
[2024-02-26T16:02:50.593+0000] {logging_mixin.py:188} INFO - [2024-02-26T16:02:50.593+0000] {dag.py:3834} INFO - Setting next_dagrun for tutorial_taskflow_api_virtualenv to None, run_after=None
[2024-02-26T16:02:50.605+0000] {processor.py:183} INFO - Processing /home/airflow/.local/lib/python3.11/site-packages/airflow/example_dags/tutorial_taskflow_api_virtualenv.py took 0.058 seconds
[2024-02-26T16:03:20.728+0000] {processor.py:161} INFO - Started process (PID=7447) to work on /home/airflow/.local/lib/python3.11/site-packages/airflow/example_dags/tutorial_taskflow_api_virtualenv.py
[2024-02-26T16:03:20.730+0000] {processor.py:830} INFO - Processing file /home/airflow/.local/lib/python3.11/site-packages/airflow/example_dags/tutorial_taskflow_api_virtualenv.py for tasks to queue
[2024-02-26T16:03:20.732+0000] {logging_mixin.py:188} INFO - [2024-02-26T16:03:20.731+0000] {dagbag.py:540} INFO - Filling up the DagBag from /home/airflow/.local/lib/python3.11/site-packages/airflow/example_dags/tutorial_taskflow_api_virtualenv.py
[2024-02-26T16:03:20.744+0000] {processor.py:840} INFO - DAG(s) 'tutorial_taskflow_api_virtualenv' retrieved from /home/airflow/.local/lib/python3.11/site-packages/airflow/example_dags/tutorial_taskflow_api_virtualenv.py
[2024-02-26T16:03:20.762+0000] {logging_mixin.py:188} INFO - [2024-02-26T16:03:20.762+0000] {dag.py:3047} INFO - Sync 1 DAGs
[2024-02-26T16:03:20.771+0000] {logging_mixin.py:188} INFO - [2024-02-26T16:03:20.771+0000] {dag.py:3834} INFO - Setting next_dagrun for tutorial_taskflow_api_virtualenv to None, run_after=None
[2024-02-26T16:03:20.783+0000] {processor.py:183} INFO - Processing /home/airflow/.local/lib/python3.11/site-packages/airflow/example_dags/tutorial_taskflow_api_virtualenv.py took 0.058 seconds
[2024-02-26T16:03:50.962+0000] {processor.py:161} INFO - Started process (PID=7693) to work on /home/airflow/.local/lib/python3.11/site-packages/airflow/example_dags/tutorial_taskflow_api_virtualenv.py
[2024-02-26T16:03:50.964+0000] {processor.py:830} INFO - Processing file /home/airflow/.local/lib/python3.11/site-packages/airflow/example_dags/tutorial_taskflow_api_virtualenv.py for tasks to queue
[2024-02-26T16:03:50.965+0000] {logging_mixin.py:188} INFO - [2024-02-26T16:03:50.965+0000] {dagbag.py:540} INFO - Filling up the DagBag from /home/airflow/.local/lib/python3.11/site-packages/airflow/example_dags/tutorial_taskflow_api_virtualenv.py
[2024-02-26T16:03:50.974+0000] {processor.py:840} INFO - DAG(s) 'tutorial_taskflow_api_virtualenv' retrieved from /home/airflow/.local/lib/python3.11/site-packages/airflow/example_dags/tutorial_taskflow_api_virtualenv.py
[2024-02-26T16:03:50.994+0000] {logging_mixin.py:188} INFO - [2024-02-26T16:03:50.994+0000] {dag.py:3047} INFO - Sync 1 DAGs
[2024-02-26T16:03:51.003+0000] {logging_mixin.py:188} INFO - [2024-02-26T16:03:51.003+0000] {dag.py:3834} INFO - Setting next_dagrun for tutorial_taskflow_api_virtualenv to None, run_after=None
[2024-02-26T16:03:51.016+0000] {processor.py:183} INFO - Processing /home/airflow/.local/lib/python3.11/site-packages/airflow/example_dags/tutorial_taskflow_api_virtualenv.py took 0.058 seconds
[2024-02-26T16:04:21.668+0000] {processor.py:161} INFO - Started process (PID=7940) to work on /home/airflow/.local/lib/python3.11/site-packages/airflow/example_dags/tutorial_taskflow_api_virtualenv.py
[2024-02-26T16:04:21.670+0000] {processor.py:830} INFO - Processing file /home/airflow/.local/lib/python3.11/site-packages/airflow/example_dags/tutorial_taskflow_api_virtualenv.py for tasks to queue
[2024-02-26T16:04:21.671+0000] {logging_mixin.py:188} INFO - [2024-02-26T16:04:21.671+0000] {dagbag.py:540} INFO - Filling up the DagBag from /home/airflow/.local/lib/python3.11/site-packages/airflow/example_dags/tutorial_taskflow_api_virtualenv.py
[2024-02-26T16:04:21.681+0000] {processor.py:840} INFO - DAG(s) 'tutorial_taskflow_api_virtualenv' retrieved from /home/airflow/.local/lib/python3.11/site-packages/airflow/example_dags/tutorial_taskflow_api_virtualenv.py
[2024-02-26T16:04:21.700+0000] {logging_mixin.py:188} INFO - [2024-02-26T16:04:21.700+0000] {dag.py:3047} INFO - Sync 1 DAGs
[2024-02-26T16:04:21.709+0000] {logging_mixin.py:188} INFO - [2024-02-26T16:04:21.709+0000] {dag.py:3834} INFO - Setting next_dagrun for tutorial_taskflow_api_virtualenv to None, run_after=None
[2024-02-26T16:04:21.722+0000] {processor.py:183} INFO - Processing /home/airflow/.local/lib/python3.11/site-packages/airflow/example_dags/tutorial_taskflow_api_virtualenv.py took 0.057 seconds
[2024-02-26T16:04:52.469+0000] {processor.py:161} INFO - Started process (PID=8187) to work on /home/airflow/.local/lib/python3.11/site-packages/airflow/example_dags/tutorial_taskflow_api_virtualenv.py
[2024-02-26T16:04:52.470+0000] {processor.py:830} INFO - Processing file /home/airflow/.local/lib/python3.11/site-packages/airflow/example_dags/tutorial_taskflow_api_virtualenv.py for tasks to queue
[2024-02-26T16:04:52.472+0000] {logging_mixin.py:188} INFO - [2024-02-26T16:04:52.472+0000] {dagbag.py:540} INFO - Filling up the DagBag from /home/airflow/.local/lib/python3.11/site-packages/airflow/example_dags/tutorial_taskflow_api_virtualenv.py
[2024-02-26T16:04:52.481+0000] {processor.py:840} INFO - DAG(s) 'tutorial_taskflow_api_virtualenv' retrieved from /home/airflow/.local/lib/python3.11/site-packages/airflow/example_dags/tutorial_taskflow_api_virtualenv.py
[2024-02-26T16:04:52.502+0000] {logging_mixin.py:188} INFO - [2024-02-26T16:04:52.502+0000] {dag.py:3047} INFO - Sync 1 DAGs
[2024-02-26T16:04:52.512+0000] {logging_mixin.py:188} INFO - [2024-02-26T16:04:52.512+0000] {dag.py:3834} INFO - Setting next_dagrun for tutorial_taskflow_api_virtualenv to None, run_after=None
[2024-02-26T16:04:52.525+0000] {processor.py:183} INFO - Processing /home/airflow/.local/lib/python3.11/site-packages/airflow/example_dags/tutorial_taskflow_api_virtualenv.py took 0.059 seconds
[2024-02-26T16:05:23.287+0000] {processor.py:161} INFO - Started process (PID=8434) to work on /home/airflow/.local/lib/python3.11/site-packages/airflow/example_dags/tutorial_taskflow_api_virtualenv.py
[2024-02-26T16:05:23.289+0000] {processor.py:830} INFO - Processing file /home/airflow/.local/lib/python3.11/site-packages/airflow/example_dags/tutorial_taskflow_api_virtualenv.py for tasks to queue
[2024-02-26T16:05:23.290+0000] {logging_mixin.py:188} INFO - [2024-02-26T16:05:23.290+0000] {dagbag.py:540} INFO - Filling up the DagBag from /home/airflow/.local/lib/python3.11/site-packages/airflow/example_dags/tutorial_taskflow_api_virtualenv.py
[2024-02-26T16:05:23.299+0000] {processor.py:840} INFO - DAG(s) 'tutorial_taskflow_api_virtualenv' retrieved from /home/airflow/.local/lib/python3.11/site-packages/airflow/example_dags/tutorial_taskflow_api_virtualenv.py
[2024-02-26T16:05:23.322+0000] {logging_mixin.py:188} INFO - [2024-02-26T16:05:23.322+0000] {dag.py:3047} INFO - Sync 1 DAGs
[2024-02-26T16:05:23.331+0000] {logging_mixin.py:188} INFO - [2024-02-26T16:05:23.331+0000] {dag.py:3834} INFO - Setting next_dagrun for tutorial_taskflow_api_virtualenv to None, run_after=None
[2024-02-26T16:05:23.343+0000] {processor.py:183} INFO - Processing /home/airflow/.local/lib/python3.11/site-packages/airflow/example_dags/tutorial_taskflow_api_virtualenv.py took 0.059 seconds
[2024-02-26T16:05:54.012+0000] {processor.py:161} INFO - Started process (PID=8683) to work on /home/airflow/.local/lib/python3.11/site-packages/airflow/example_dags/tutorial_taskflow_api_virtualenv.py
[2024-02-26T16:05:54.014+0000] {processor.py:830} INFO - Processing file /home/airflow/.local/lib/python3.11/site-packages/airflow/example_dags/tutorial_taskflow_api_virtualenv.py for tasks to queue
[2024-02-26T16:05:54.015+0000] {logging_mixin.py:188} INFO - [2024-02-26T16:05:54.015+0000] {dagbag.py:540} INFO - Filling up the DagBag from /home/airflow/.local/lib/python3.11/site-packages/airflow/example_dags/tutorial_taskflow_api_virtualenv.py
[2024-02-26T16:05:54.023+0000] {processor.py:840} INFO - DAG(s) 'tutorial_taskflow_api_virtualenv' retrieved from /home/airflow/.local/lib/python3.11/site-packages/airflow/example_dags/tutorial_taskflow_api_virtualenv.py
[2024-02-26T16:05:54.042+0000] {logging_mixin.py:188} INFO - [2024-02-26T16:05:54.042+0000] {dag.py:3047} INFO - Sync 1 DAGs
[2024-02-26T16:05:54.051+0000] {logging_mixin.py:188} INFO - [2024-02-26T16:05:54.051+0000] {dag.py:3834} INFO - Setting next_dagrun for tutorial_taskflow_api_virtualenv to None, run_after=None
[2024-02-26T16:05:54.062+0000] {processor.py:183} INFO - Processing /home/airflow/.local/lib/python3.11/site-packages/airflow/example_dags/tutorial_taskflow_api_virtualenv.py took 0.052 seconds
[2024-02-26T16:06:24.878+0000] {processor.py:161} INFO - Started process (PID=8928) to work on /home/airflow/.local/lib/python3.11/site-packages/airflow/example_dags/tutorial_taskflow_api_virtualenv.py
[2024-02-26T16:06:24.880+0000] {processor.py:830} INFO - Processing file /home/airflow/.local/lib/python3.11/site-packages/airflow/example_dags/tutorial_taskflow_api_virtualenv.py for tasks to queue
[2024-02-26T16:06:24.881+0000] {logging_mixin.py:188} INFO - [2024-02-26T16:06:24.881+0000] {dagbag.py:540} INFO - Filling up the DagBag from /home/airflow/.local/lib/python3.11/site-packages/airflow/example_dags/tutorial_taskflow_api_virtualenv.py
[2024-02-26T16:06:24.890+0000] {processor.py:840} INFO - DAG(s) 'tutorial_taskflow_api_virtualenv' retrieved from /home/airflow/.local/lib/python3.11/site-packages/airflow/example_dags/tutorial_taskflow_api_virtualenv.py
[2024-02-26T16:06:24.911+0000] {logging_mixin.py:188} INFO - [2024-02-26T16:06:24.911+0000] {dag.py:3047} INFO - Sync 1 DAGs
[2024-02-26T16:06:24.922+0000] {logging_mixin.py:188} INFO - [2024-02-26T16:06:24.922+0000] {dag.py:3834} INFO - Setting next_dagrun for tutorial_taskflow_api_virtualenv to None, run_after=None
[2024-02-26T16:06:24.938+0000] {processor.py:183} INFO - Processing /home/airflow/.local/lib/python3.11/site-packages/airflow/example_dags/tutorial_taskflow_api_virtualenv.py took 0.063 seconds
[2024-02-26T16:06:55.660+0000] {processor.py:161} INFO - Started process (PID=9175) to work on /home/airflow/.local/lib/python3.11/site-packages/airflow/example_dags/tutorial_taskflow_api_virtualenv.py
[2024-02-26T16:06:55.663+0000] {processor.py:830} INFO - Processing file /home/airflow/.local/lib/python3.11/site-packages/airflow/example_dags/tutorial_taskflow_api_virtualenv.py for tasks to queue
[2024-02-26T16:06:55.664+0000] {logging_mixin.py:188} INFO - [2024-02-26T16:06:55.664+0000] {dagbag.py:540} INFO - Filling up the DagBag from /home/airflow/.local/lib/python3.11/site-packages/airflow/example_dags/tutorial_taskflow_api_virtualenv.py
[2024-02-26T16:06:55.674+0000] {processor.py:840} INFO - DAG(s) 'tutorial_taskflow_api_virtualenv' retrieved from /home/airflow/.local/lib/python3.11/site-packages/airflow/example_dags/tutorial_taskflow_api_virtualenv.py
[2024-02-26T16:06:55.695+0000] {logging_mixin.py:188} INFO - [2024-02-26T16:06:55.695+0000] {dag.py:3047} INFO - Sync 1 DAGs
[2024-02-26T16:06:55.704+0000] {logging_mixin.py:188} INFO - [2024-02-26T16:06:55.704+0000] {dag.py:3834} INFO - Setting next_dagrun for tutorial_taskflow_api_virtualenv to None, run_after=None
[2024-02-26T16:06:55.717+0000] {processor.py:183} INFO - Processing /home/airflow/.local/lib/python3.11/site-packages/airflow/example_dags/tutorial_taskflow_api_virtualenv.py took 0.060 seconds
[2024-02-26T16:07:25.812+0000] {processor.py:161} INFO - Started process (PID=9422) to work on /home/airflow/.local/lib/python3.11/site-packages/airflow/example_dags/tutorial_taskflow_api_virtualenv.py
[2024-02-26T16:07:25.813+0000] {processor.py:830} INFO - Processing file /home/airflow/.local/lib/python3.11/site-packages/airflow/example_dags/tutorial_taskflow_api_virtualenv.py for tasks to queue
[2024-02-26T16:07:25.815+0000] {logging_mixin.py:188} INFO - [2024-02-26T16:07:25.814+0000] {dagbag.py:540} INFO - Filling up the DagBag from /home/airflow/.local/lib/python3.11/site-packages/airflow/example_dags/tutorial_taskflow_api_virtualenv.py
[2024-02-26T16:07:25.827+0000] {processor.py:840} INFO - DAG(s) 'tutorial_taskflow_api_virtualenv' retrieved from /home/airflow/.local/lib/python3.11/site-packages/airflow/example_dags/tutorial_taskflow_api_virtualenv.py
[2024-02-26T16:07:25.847+0000] {logging_mixin.py:188} INFO - [2024-02-26T16:07:25.847+0000] {dag.py:3047} INFO - Sync 1 DAGs
[2024-02-26T16:07:25.856+0000] {logging_mixin.py:188} INFO - [2024-02-26T16:07:25.856+0000] {dag.py:3834} INFO - Setting next_dagrun for tutorial_taskflow_api_virtualenv to None, run_after=None
[2024-02-26T16:07:25.869+0000] {processor.py:183} INFO - Processing /home/airflow/.local/lib/python3.11/site-packages/airflow/example_dags/tutorial_taskflow_api_virtualenv.py took 0.060 seconds
[2024-02-26T16:07:55.979+0000] {processor.py:161} INFO - Started process (PID=9669) to work on /home/airflow/.local/lib/python3.11/site-packages/airflow/example_dags/tutorial_taskflow_api_virtualenv.py
[2024-02-26T16:07:55.981+0000] {processor.py:830} INFO - Processing file /home/airflow/.local/lib/python3.11/site-packages/airflow/example_dags/tutorial_taskflow_api_virtualenv.py for tasks to queue
[2024-02-26T16:07:55.984+0000] {logging_mixin.py:188} INFO - [2024-02-26T16:07:55.983+0000] {dagbag.py:540} INFO - Filling up the DagBag from /home/airflow/.local/lib/python3.11/site-packages/airflow/example_dags/tutorial_taskflow_api_virtualenv.py
[2024-02-26T16:07:56.001+0000] {processor.py:840} INFO - DAG(s) 'tutorial_taskflow_api_virtualenv' retrieved from /home/airflow/.local/lib/python3.11/site-packages/airflow/example_dags/tutorial_taskflow_api_virtualenv.py
[2024-02-26T16:07:56.035+0000] {logging_mixin.py:188} INFO - [2024-02-26T16:07:56.035+0000] {dag.py:3047} INFO - Sync 1 DAGs
[2024-02-26T16:07:56.047+0000] {logging_mixin.py:188} INFO - [2024-02-26T16:07:56.047+0000] {dag.py:3834} INFO - Setting next_dagrun for tutorial_taskflow_api_virtualenv to None, run_after=None
[2024-02-26T16:07:56.061+0000] {processor.py:183} INFO - Processing /home/airflow/.local/lib/python3.11/site-packages/airflow/example_dags/tutorial_taskflow_api_virtualenv.py took 0.086 seconds
[2024-02-26T16:08:26.242+0000] {processor.py:161} INFO - Started process (PID=9918) to work on /home/airflow/.local/lib/python3.11/site-packages/airflow/example_dags/tutorial_taskflow_api_virtualenv.py
[2024-02-26T16:08:26.244+0000] {processor.py:830} INFO - Processing file /home/airflow/.local/lib/python3.11/site-packages/airflow/example_dags/tutorial_taskflow_api_virtualenv.py for tasks to queue
[2024-02-26T16:08:26.248+0000] {logging_mixin.py:188} INFO - [2024-02-26T16:08:26.247+0000] {dagbag.py:540} INFO - Filling up the DagBag from /home/airflow/.local/lib/python3.11/site-packages/airflow/example_dags/tutorial_taskflow_api_virtualenv.py
[2024-02-26T16:08:26.259+0000] {processor.py:840} INFO - DAG(s) 'tutorial_taskflow_api_virtualenv' retrieved from /home/airflow/.local/lib/python3.11/site-packages/airflow/example_dags/tutorial_taskflow_api_virtualenv.py
[2024-02-26T16:08:26.279+0000] {logging_mixin.py:188} INFO - [2024-02-26T16:08:26.279+0000] {dag.py:3047} INFO - Sync 1 DAGs
[2024-02-26T16:08:26.288+0000] {logging_mixin.py:188} INFO - [2024-02-26T16:08:26.288+0000] {dag.py:3834} INFO - Setting next_dagrun for tutorial_taskflow_api_virtualenv to None, run_after=None
[2024-02-26T16:08:26.300+0000] {processor.py:183} INFO - Processing /home/airflow/.local/lib/python3.11/site-packages/airflow/example_dags/tutorial_taskflow_api_virtualenv.py took 0.061 seconds
[2024-02-26T16:08:56.524+0000] {processor.py:161} INFO - Started process (PID=10165) to work on /home/airflow/.local/lib/python3.11/site-packages/airflow/example_dags/tutorial_taskflow_api_virtualenv.py
[2024-02-26T16:08:56.527+0000] {processor.py:830} INFO - Processing file /home/airflow/.local/lib/python3.11/site-packages/airflow/example_dags/tutorial_taskflow_api_virtualenv.py for tasks to queue
[2024-02-26T16:08:56.528+0000] {logging_mixin.py:188} INFO - [2024-02-26T16:08:56.528+0000] {dagbag.py:540} INFO - Filling up the DagBag from /home/airflow/.local/lib/python3.11/site-packages/airflow/example_dags/tutorial_taskflow_api_virtualenv.py
[2024-02-26T16:08:56.539+0000] {processor.py:840} INFO - DAG(s) 'tutorial_taskflow_api_virtualenv' retrieved from /home/airflow/.local/lib/python3.11/site-packages/airflow/example_dags/tutorial_taskflow_api_virtualenv.py
[2024-02-26T16:08:56.568+0000] {logging_mixin.py:188} INFO - [2024-02-26T16:08:56.568+0000] {dag.py:3047} INFO - Sync 1 DAGs
[2024-02-26T16:08:56.583+0000] {logging_mixin.py:188} INFO - [2024-02-26T16:08:56.583+0000] {dag.py:3834} INFO - Setting next_dagrun for tutorial_taskflow_api_virtualenv to None, run_after=None
[2024-02-26T16:08:56.598+0000] {processor.py:183} INFO - Processing /home/airflow/.local/lib/python3.11/site-packages/airflow/example_dags/tutorial_taskflow_api_virtualenv.py took 0.077 seconds
[2024-02-26T16:09:26.662+0000] {processor.py:161} INFO - Started process (PID=10412) to work on /home/airflow/.local/lib/python3.11/site-packages/airflow/example_dags/tutorial_taskflow_api_virtualenv.py
[2024-02-26T16:09:26.664+0000] {processor.py:830} INFO - Processing file /home/airflow/.local/lib/python3.11/site-packages/airflow/example_dags/tutorial_taskflow_api_virtualenv.py for tasks to queue
[2024-02-26T16:09:26.666+0000] {logging_mixin.py:188} INFO - [2024-02-26T16:09:26.665+0000] {dagbag.py:540} INFO - Filling up the DagBag from /home/airflow/.local/lib/python3.11/site-packages/airflow/example_dags/tutorial_taskflow_api_virtualenv.py
[2024-02-26T16:09:26.674+0000] {processor.py:840} INFO - DAG(s) 'tutorial_taskflow_api_virtualenv' retrieved from /home/airflow/.local/lib/python3.11/site-packages/airflow/example_dags/tutorial_taskflow_api_virtualenv.py
[2024-02-26T16:09:26.692+0000] {logging_mixin.py:188} INFO - [2024-02-26T16:09:26.692+0000] {dag.py:3047} INFO - Sync 1 DAGs
[2024-02-26T16:09:26.700+0000] {logging_mixin.py:188} INFO - [2024-02-26T16:09:26.700+0000] {dag.py:3834} INFO - Setting next_dagrun for tutorial_taskflow_api_virtualenv to None, run_after=None
[2024-02-26T16:09:26.710+0000] {processor.py:183} INFO - Processing /home/airflow/.local/lib/python3.11/site-packages/airflow/example_dags/tutorial_taskflow_api_virtualenv.py took 0.052 seconds
[2024-02-26T16:09:56.861+0000] {processor.py:161} INFO - Started process (PID=10659) to work on /home/airflow/.local/lib/python3.11/site-packages/airflow/example_dags/tutorial_taskflow_api_virtualenv.py
[2024-02-26T16:09:56.863+0000] {processor.py:830} INFO - Processing file /home/airflow/.local/lib/python3.11/site-packages/airflow/example_dags/tutorial_taskflow_api_virtualenv.py for tasks to queue
[2024-02-26T16:09:56.866+0000] {logging_mixin.py:188} INFO - [2024-02-26T16:09:56.866+0000] {dagbag.py:540} INFO - Filling up the DagBag from /home/airflow/.local/lib/python3.11/site-packages/airflow/example_dags/tutorial_taskflow_api_virtualenv.py
[2024-02-26T16:09:56.877+0000] {processor.py:840} INFO - DAG(s) 'tutorial_taskflow_api_virtualenv' retrieved from /home/airflow/.local/lib/python3.11/site-packages/airflow/example_dags/tutorial_taskflow_api_virtualenv.py
[2024-02-26T16:09:56.899+0000] {logging_mixin.py:188} INFO - [2024-02-26T16:09:56.899+0000] {dag.py:3047} INFO - Sync 1 DAGs
[2024-02-26T16:09:56.909+0000] {logging_mixin.py:188} INFO - [2024-02-26T16:09:56.909+0000] {dag.py:3834} INFO - Setting next_dagrun for tutorial_taskflow_api_virtualenv to None, run_after=None
[2024-02-26T16:09:56.921+0000] {processor.py:183} INFO - Processing /home/airflow/.local/lib/python3.11/site-packages/airflow/example_dags/tutorial_taskflow_api_virtualenv.py took 0.063 seconds
[2024-02-26T16:10:27.147+0000] {processor.py:161} INFO - Started process (PID=10906) to work on /home/airflow/.local/lib/python3.11/site-packages/airflow/example_dags/tutorial_taskflow_api_virtualenv.py
[2024-02-26T16:10:27.149+0000] {processor.py:830} INFO - Processing file /home/airflow/.local/lib/python3.11/site-packages/airflow/example_dags/tutorial_taskflow_api_virtualenv.py for tasks to queue
[2024-02-26T16:10:27.151+0000] {logging_mixin.py:188} INFO - [2024-02-26T16:10:27.150+0000] {dagbag.py:540} INFO - Filling up the DagBag from /home/airflow/.local/lib/python3.11/site-packages/airflow/example_dags/tutorial_taskflow_api_virtualenv.py
[2024-02-26T16:10:27.163+0000] {processor.py:840} INFO - DAG(s) 'tutorial_taskflow_api_virtualenv' retrieved from /home/airflow/.local/lib/python3.11/site-packages/airflow/example_dags/tutorial_taskflow_api_virtualenv.py
[2024-02-26T16:10:27.184+0000] {logging_mixin.py:188} INFO - [2024-02-26T16:10:27.183+0000] {dag.py:3047} INFO - Sync 1 DAGs
[2024-02-26T16:10:27.192+0000] {logging_mixin.py:188} INFO - [2024-02-26T16:10:27.192+0000] {dag.py:3834} INFO - Setting next_dagrun for tutorial_taskflow_api_virtualenv to None, run_after=None
[2024-02-26T16:10:27.205+0000] {processor.py:183} INFO - Processing /home/airflow/.local/lib/python3.11/site-packages/airflow/example_dags/tutorial_taskflow_api_virtualenv.py took 0.061 seconds
[2024-02-26T16:10:57.343+0000] {processor.py:161} INFO - Started process (PID=11153) to work on /home/airflow/.local/lib/python3.11/site-packages/airflow/example_dags/tutorial_taskflow_api_virtualenv.py
[2024-02-26T16:10:57.344+0000] {processor.py:830} INFO - Processing file /home/airflow/.local/lib/python3.11/site-packages/airflow/example_dags/tutorial_taskflow_api_virtualenv.py for tasks to queue
[2024-02-26T16:10:57.346+0000] {logging_mixin.py:188} INFO - [2024-02-26T16:10:57.346+0000] {dagbag.py:540} INFO - Filling up the DagBag from /home/airflow/.local/lib/python3.11/site-packages/airflow/example_dags/tutorial_taskflow_api_virtualenv.py
[2024-02-26T16:10:57.357+0000] {processor.py:840} INFO - DAG(s) 'tutorial_taskflow_api_virtualenv' retrieved from /home/airflow/.local/lib/python3.11/site-packages/airflow/example_dags/tutorial_taskflow_api_virtualenv.py
[2024-02-26T16:10:57.379+0000] {logging_mixin.py:188} INFO - [2024-02-26T16:10:57.379+0000] {dag.py:3047} INFO - Sync 1 DAGs
[2024-02-26T16:10:57.388+0000] {logging_mixin.py:188} INFO - [2024-02-26T16:10:57.387+0000] {dag.py:3834} INFO - Setting next_dagrun for tutorial_taskflow_api_virtualenv to None, run_after=None
[2024-02-26T16:10:57.400+0000] {processor.py:183} INFO - Processing /home/airflow/.local/lib/python3.11/site-packages/airflow/example_dags/tutorial_taskflow_api_virtualenv.py took 0.060 seconds
[2024-02-26T16:11:27.661+0000] {processor.py:161} INFO - Started process (PID=11400) to work on /home/airflow/.local/lib/python3.11/site-packages/airflow/example_dags/tutorial_taskflow_api_virtualenv.py
[2024-02-26T16:11:27.663+0000] {processor.py:830} INFO - Processing file /home/airflow/.local/lib/python3.11/site-packages/airflow/example_dags/tutorial_taskflow_api_virtualenv.py for tasks to queue
[2024-02-26T16:11:27.664+0000] {logging_mixin.py:188} INFO - [2024-02-26T16:11:27.664+0000] {dagbag.py:540} INFO - Filling up the DagBag from /home/airflow/.local/lib/python3.11/site-packages/airflow/example_dags/tutorial_taskflow_api_virtualenv.py
[2024-02-26T16:11:27.673+0000] {processor.py:840} INFO - DAG(s) 'tutorial_taskflow_api_virtualenv' retrieved from /home/airflow/.local/lib/python3.11/site-packages/airflow/example_dags/tutorial_taskflow_api_virtualenv.py
[2024-02-26T16:11:27.694+0000] {logging_mixin.py:188} INFO - [2024-02-26T16:11:27.693+0000] {dag.py:3047} INFO - Sync 1 DAGs
[2024-02-26T16:11:27.702+0000] {logging_mixin.py:188} INFO - [2024-02-26T16:11:27.702+0000] {dag.py:3834} INFO - Setting next_dagrun for tutorial_taskflow_api_virtualenv to None, run_after=None
[2024-02-26T16:11:27.714+0000] {processor.py:183} INFO - Processing /home/airflow/.local/lib/python3.11/site-packages/airflow/example_dags/tutorial_taskflow_api_virtualenv.py took 0.056 seconds
[2024-02-26T16:11:57.819+0000] {processor.py:161} INFO - Started process (PID=11647) to work on /home/airflow/.local/lib/python3.11/site-packages/airflow/example_dags/tutorial_taskflow_api_virtualenv.py
[2024-02-26T16:11:57.821+0000] {processor.py:830} INFO - Processing file /home/airflow/.local/lib/python3.11/site-packages/airflow/example_dags/tutorial_taskflow_api_virtualenv.py for tasks to queue
[2024-02-26T16:11:57.822+0000] {logging_mixin.py:188} INFO - [2024-02-26T16:11:57.822+0000] {dagbag.py:540} INFO - Filling up the DagBag from /home/airflow/.local/lib/python3.11/site-packages/airflow/example_dags/tutorial_taskflow_api_virtualenv.py
[2024-02-26T16:11:57.831+0000] {processor.py:840} INFO - DAG(s) 'tutorial_taskflow_api_virtualenv' retrieved from /home/airflow/.local/lib/python3.11/site-packages/airflow/example_dags/tutorial_taskflow_api_virtualenv.py
[2024-02-26T16:11:57.849+0000] {logging_mixin.py:188} INFO - [2024-02-26T16:11:57.849+0000] {dag.py:3047} INFO - Sync 1 DAGs
[2024-02-26T16:11:57.857+0000] {logging_mixin.py:188} INFO - [2024-02-26T16:11:57.857+0000] {dag.py:3834} INFO - Setting next_dagrun for tutorial_taskflow_api_virtualenv to None, run_after=None
[2024-02-26T16:11:57.869+0000] {processor.py:183} INFO - Processing /home/airflow/.local/lib/python3.11/site-packages/airflow/example_dags/tutorial_taskflow_api_virtualenv.py took 0.053 seconds
[2024-02-26T16:12:28.030+0000] {processor.py:161} INFO - Started process (PID=11894) to work on /home/airflow/.local/lib/python3.11/site-packages/airflow/example_dags/tutorial_taskflow_api_virtualenv.py
[2024-02-26T16:12:28.032+0000] {processor.py:830} INFO - Processing file /home/airflow/.local/lib/python3.11/site-packages/airflow/example_dags/tutorial_taskflow_api_virtualenv.py for tasks to queue
[2024-02-26T16:12:28.034+0000] {logging_mixin.py:188} INFO - [2024-02-26T16:12:28.033+0000] {dagbag.py:540} INFO - Filling up the DagBag from /home/airflow/.local/lib/python3.11/site-packages/airflow/example_dags/tutorial_taskflow_api_virtualenv.py
[2024-02-26T16:12:28.045+0000] {processor.py:840} INFO - DAG(s) 'tutorial_taskflow_api_virtualenv' retrieved from /home/airflow/.local/lib/python3.11/site-packages/airflow/example_dags/tutorial_taskflow_api_virtualenv.py
[2024-02-26T16:12:28.065+0000] {logging_mixin.py:188} INFO - [2024-02-26T16:12:28.065+0000] {dag.py:3047} INFO - Sync 1 DAGs
[2024-02-26T16:12:28.073+0000] {logging_mixin.py:188} INFO - [2024-02-26T16:12:28.073+0000] {dag.py:3834} INFO - Setting next_dagrun for tutorial_taskflow_api_virtualenv to None, run_after=None
[2024-02-26T16:12:28.089+0000] {processor.py:183} INFO - Processing /home/airflow/.local/lib/python3.11/site-packages/airflow/example_dags/tutorial_taskflow_api_virtualenv.py took 0.062 seconds
[2024-02-26T16:12:58.218+0000] {processor.py:161} INFO - Started process (PID=12142) to work on /home/airflow/.local/lib/python3.11/site-packages/airflow/example_dags/tutorial_taskflow_api_virtualenv.py
[2024-02-26T16:12:58.223+0000] {processor.py:830} INFO - Processing file /home/airflow/.local/lib/python3.11/site-packages/airflow/example_dags/tutorial_taskflow_api_virtualenv.py for tasks to queue
[2024-02-26T16:12:58.225+0000] {logging_mixin.py:188} INFO - [2024-02-26T16:12:58.224+0000] {dagbag.py:540} INFO - Filling up the DagBag from /home/airflow/.local/lib/python3.11/site-packages/airflow/example_dags/tutorial_taskflow_api_virtualenv.py
[2024-02-26T16:12:58.232+0000] {processor.py:840} INFO - DAG(s) 'tutorial_taskflow_api_virtualenv' retrieved from /home/airflow/.local/lib/python3.11/site-packages/airflow/example_dags/tutorial_taskflow_api_virtualenv.py
[2024-02-26T16:12:58.251+0000] {logging_mixin.py:188} INFO - [2024-02-26T16:12:58.251+0000] {dag.py:3047} INFO - Sync 1 DAGs
[2024-02-26T16:12:58.260+0000] {logging_mixin.py:188} INFO - [2024-02-26T16:12:58.260+0000] {dag.py:3834} INFO - Setting next_dagrun for tutorial_taskflow_api_virtualenv to None, run_after=None
[2024-02-26T16:12:58.270+0000] {processor.py:183} INFO - Processing /home/airflow/.local/lib/python3.11/site-packages/airflow/example_dags/tutorial_taskflow_api_virtualenv.py took 0.054 seconds
[2024-02-26T16:13:28.357+0000] {processor.py:161} INFO - Started process (PID=12389) to work on /home/airflow/.local/lib/python3.11/site-packages/airflow/example_dags/tutorial_taskflow_api_virtualenv.py
[2024-02-26T16:13:28.358+0000] {processor.py:830} INFO - Processing file /home/airflow/.local/lib/python3.11/site-packages/airflow/example_dags/tutorial_taskflow_api_virtualenv.py for tasks to queue
[2024-02-26T16:13:28.361+0000] {logging_mixin.py:188} INFO - [2024-02-26T16:13:28.361+0000] {dagbag.py:540} INFO - Filling up the DagBag from /home/airflow/.local/lib/python3.11/site-packages/airflow/example_dags/tutorial_taskflow_api_virtualenv.py
[2024-02-26T16:13:28.369+0000] {processor.py:840} INFO - DAG(s) 'tutorial_taskflow_api_virtualenv' retrieved from /home/airflow/.local/lib/python3.11/site-packages/airflow/example_dags/tutorial_taskflow_api_virtualenv.py
[2024-02-26T16:13:28.388+0000] {logging_mixin.py:188} INFO - [2024-02-26T16:13:28.388+0000] {dag.py:3047} INFO - Sync 1 DAGs
[2024-02-26T16:13:28.398+0000] {logging_mixin.py:188} INFO - [2024-02-26T16:13:28.398+0000] {dag.py:3834} INFO - Setting next_dagrun for tutorial_taskflow_api_virtualenv to None, run_after=None
[2024-02-26T16:13:28.411+0000] {processor.py:183} INFO - Processing /home/airflow/.local/lib/python3.11/site-packages/airflow/example_dags/tutorial_taskflow_api_virtualenv.py took 0.057 seconds
[2024-02-26T16:13:58.603+0000] {processor.py:161} INFO - Started process (PID=12637) to work on /home/airflow/.local/lib/python3.11/site-packages/airflow/example_dags/tutorial_taskflow_api_virtualenv.py
[2024-02-26T16:13:58.606+0000] {processor.py:830} INFO - Processing file /home/airflow/.local/lib/python3.11/site-packages/airflow/example_dags/tutorial_taskflow_api_virtualenv.py for tasks to queue
[2024-02-26T16:13:58.609+0000] {logging_mixin.py:188} INFO - [2024-02-26T16:13:58.608+0000] {dagbag.py:540} INFO - Filling up the DagBag from /home/airflow/.local/lib/python3.11/site-packages/airflow/example_dags/tutorial_taskflow_api_virtualenv.py
[2024-02-26T16:13:58.619+0000] {processor.py:840} INFO - DAG(s) 'tutorial_taskflow_api_virtualenv' retrieved from /home/airflow/.local/lib/python3.11/site-packages/airflow/example_dags/tutorial_taskflow_api_virtualenv.py
[2024-02-26T16:13:58.638+0000] {logging_mixin.py:188} INFO - [2024-02-26T16:13:58.637+0000] {dag.py:3047} INFO - Sync 1 DAGs
[2024-02-26T16:13:58.647+0000] {logging_mixin.py:188} INFO - [2024-02-26T16:13:58.646+0000] {dag.py:3834} INFO - Setting next_dagrun for tutorial_taskflow_api_virtualenv to None, run_after=None
[2024-02-26T16:13:58.660+0000] {processor.py:183} INFO - Processing /home/airflow/.local/lib/python3.11/site-packages/airflow/example_dags/tutorial_taskflow_api_virtualenv.py took 0.059 seconds
[2024-02-26T16:14:28.964+0000] {processor.py:161} INFO - Started process (PID=12889) to work on /home/airflow/.local/lib/python3.11/site-packages/airflow/example_dags/tutorial_taskflow_api_virtualenv.py
[2024-02-26T16:14:28.966+0000] {processor.py:830} INFO - Processing file /home/airflow/.local/lib/python3.11/site-packages/airflow/example_dags/tutorial_taskflow_api_virtualenv.py for tasks to queue
[2024-02-26T16:14:28.968+0000] {logging_mixin.py:188} INFO - [2024-02-26T16:14:28.968+0000] {dagbag.py:540} INFO - Filling up the DagBag from /home/airflow/.local/lib/python3.11/site-packages/airflow/example_dags/tutorial_taskflow_api_virtualenv.py
[2024-02-26T16:14:28.979+0000] {processor.py:840} INFO - DAG(s) 'tutorial_taskflow_api_virtualenv' retrieved from /home/airflow/.local/lib/python3.11/site-packages/airflow/example_dags/tutorial_taskflow_api_virtualenv.py
[2024-02-26T16:14:29.000+0000] {logging_mixin.py:188} INFO - [2024-02-26T16:14:29.000+0000] {dag.py:3047} INFO - Sync 1 DAGs
[2024-02-26T16:14:29.009+0000] {logging_mixin.py:188} INFO - [2024-02-26T16:14:29.009+0000] {dag.py:3834} INFO - Setting next_dagrun for tutorial_taskflow_api_virtualenv to None, run_after=None
[2024-02-26T16:14:29.023+0000] {processor.py:183} INFO - Processing /home/airflow/.local/lib/python3.11/site-packages/airflow/example_dags/tutorial_taskflow_api_virtualenv.py took 0.062 seconds
