[2024-02-26T15:48:35.861+0000] {processor.py:161} INFO - Started process (PID=336) to work on /home/airflow/.local/lib/python3.11/site-packages/airflow/example_dags/tutorial_objectstorage.py
[2024-02-26T15:48:35.864+0000] {processor.py:830} INFO - Processing file /home/airflow/.local/lib/python3.11/site-packages/airflow/example_dags/tutorial_objectstorage.py for tasks to queue
[2024-02-26T15:48:35.866+0000] {logging_mixin.py:188} INFO - [2024-02-26T15:48:35.865+0000] {dagbag.py:540} INFO - Filling up the DagBag from /home/airflow/.local/lib/python3.11/site-packages/airflow/example_dags/tutorial_objectstorage.py
[2024-02-26T15:48:35.882+0000] {processor.py:840} INFO - DAG(s) 'tutorial_objectstorage' retrieved from /home/airflow/.local/lib/python3.11/site-packages/airflow/example_dags/tutorial_objectstorage.py
[2024-02-26T15:48:35.898+0000] {logging_mixin.py:188} INFO - [2024-02-26T15:48:35.897+0000] {dag.py:3047} INFO - Sync 1 DAGs
[2024-02-26T15:48:35.907+0000] {logging_mixin.py:188} INFO - [2024-02-26T15:48:35.907+0000] {dag.py:3834} INFO - Setting next_dagrun for tutorial_objectstorage to None, run_after=None
[2024-02-26T15:48:35.945+0000] {processor.py:183} INFO - Processing /home/airflow/.local/lib/python3.11/site-packages/airflow/example_dags/tutorial_objectstorage.py took 0.091 seconds
[2024-02-26T15:49:06.750+0000] {processor.py:161} INFO - Started process (PID=583) to work on /home/airflow/.local/lib/python3.11/site-packages/airflow/example_dags/tutorial_objectstorage.py
[2024-02-26T15:49:06.752+0000] {processor.py:830} INFO - Processing file /home/airflow/.local/lib/python3.11/site-packages/airflow/example_dags/tutorial_objectstorage.py for tasks to queue
[2024-02-26T15:49:06.755+0000] {logging_mixin.py:188} INFO - [2024-02-26T15:49:06.754+0000] {dagbag.py:540} INFO - Filling up the DagBag from /home/airflow/.local/lib/python3.11/site-packages/airflow/example_dags/tutorial_objectstorage.py
[2024-02-26T15:49:06.765+0000] {processor.py:840} INFO - DAG(s) 'tutorial_objectstorage' retrieved from /home/airflow/.local/lib/python3.11/site-packages/airflow/example_dags/tutorial_objectstorage.py
[2024-02-26T15:49:06.833+0000] {logging_mixin.py:188} INFO - [2024-02-26T15:49:06.832+0000] {dag.py:3047} INFO - Sync 1 DAGs
[2024-02-26T15:49:06.839+0000] {logging_mixin.py:188} INFO - [2024-02-26T15:49:06.839+0000] {dag.py:3834} INFO - Setting next_dagrun for tutorial_objectstorage to None, run_after=None
[2024-02-26T15:49:06.851+0000] {processor.py:183} INFO - Processing /home/airflow/.local/lib/python3.11/site-packages/airflow/example_dags/tutorial_objectstorage.py took 0.107 seconds
[2024-02-26T15:49:37.599+0000] {processor.py:161} INFO - Started process (PID=830) to work on /home/airflow/.local/lib/python3.11/site-packages/airflow/example_dags/tutorial_objectstorage.py
[2024-02-26T15:49:37.603+0000] {processor.py:830} INFO - Processing file /home/airflow/.local/lib/python3.11/site-packages/airflow/example_dags/tutorial_objectstorage.py for tasks to queue
[2024-02-26T15:49:37.605+0000] {logging_mixin.py:188} INFO - [2024-02-26T15:49:37.604+0000] {dagbag.py:540} INFO - Filling up the DagBag from /home/airflow/.local/lib/python3.11/site-packages/airflow/example_dags/tutorial_objectstorage.py
[2024-02-26T15:49:37.615+0000] {processor.py:840} INFO - DAG(s) 'tutorial_objectstorage' retrieved from /home/airflow/.local/lib/python3.11/site-packages/airflow/example_dags/tutorial_objectstorage.py
[2024-02-26T15:49:37.635+0000] {logging_mixin.py:188} INFO - [2024-02-26T15:49:37.635+0000] {dag.py:3047} INFO - Sync 1 DAGs
[2024-02-26T15:49:37.644+0000] {logging_mixin.py:188} INFO - [2024-02-26T15:49:37.644+0000] {dag.py:3834} INFO - Setting next_dagrun for tutorial_objectstorage to None, run_after=None
[2024-02-26T15:49:37.655+0000] {processor.py:183} INFO - Processing /home/airflow/.local/lib/python3.11/site-packages/airflow/example_dags/tutorial_objectstorage.py took 0.061 seconds
[2024-02-26T15:50:08.383+0000] {processor.py:161} INFO - Started process (PID=1078) to work on /home/airflow/.local/lib/python3.11/site-packages/airflow/example_dags/tutorial_objectstorage.py
[2024-02-26T15:50:08.386+0000] {processor.py:830} INFO - Processing file /home/airflow/.local/lib/python3.11/site-packages/airflow/example_dags/tutorial_objectstorage.py for tasks to queue
[2024-02-26T15:50:08.389+0000] {logging_mixin.py:188} INFO - [2024-02-26T15:50:08.389+0000] {dagbag.py:540} INFO - Filling up the DagBag from /home/airflow/.local/lib/python3.11/site-packages/airflow/example_dags/tutorial_objectstorage.py
[2024-02-26T15:50:08.397+0000] {processor.py:840} INFO - DAG(s) 'tutorial_objectstorage' retrieved from /home/airflow/.local/lib/python3.11/site-packages/airflow/example_dags/tutorial_objectstorage.py
[2024-02-26T15:50:08.416+0000] {logging_mixin.py:188} INFO - [2024-02-26T15:50:08.416+0000] {dag.py:3047} INFO - Sync 1 DAGs
[2024-02-26T15:50:08.425+0000] {logging_mixin.py:188} INFO - [2024-02-26T15:50:08.425+0000] {dag.py:3834} INFO - Setting next_dagrun for tutorial_objectstorage to None, run_after=None
[2024-02-26T15:50:08.437+0000] {processor.py:183} INFO - Processing /home/airflow/.local/lib/python3.11/site-packages/airflow/example_dags/tutorial_objectstorage.py took 0.060 seconds
[2024-02-26T15:50:38.704+0000] {processor.py:161} INFO - Started process (PID=1324) to work on /home/airflow/.local/lib/python3.11/site-packages/airflow/example_dags/tutorial_objectstorage.py
[2024-02-26T15:50:38.707+0000] {processor.py:830} INFO - Processing file /home/airflow/.local/lib/python3.11/site-packages/airflow/example_dags/tutorial_objectstorage.py for tasks to queue
[2024-02-26T15:50:38.711+0000] {logging_mixin.py:188} INFO - [2024-02-26T15:50:38.711+0000] {dagbag.py:540} INFO - Filling up the DagBag from /home/airflow/.local/lib/python3.11/site-packages/airflow/example_dags/tutorial_objectstorage.py
[2024-02-26T15:50:38.726+0000] {processor.py:840} INFO - DAG(s) 'tutorial_objectstorage' retrieved from /home/airflow/.local/lib/python3.11/site-packages/airflow/example_dags/tutorial_objectstorage.py
[2024-02-26T15:50:38.762+0000] {logging_mixin.py:188} INFO - [2024-02-26T15:50:38.762+0000] {dag.py:3047} INFO - Sync 1 DAGs
[2024-02-26T15:50:38.771+0000] {logging_mixin.py:188} INFO - [2024-02-26T15:50:38.771+0000] {dag.py:3834} INFO - Setting next_dagrun for tutorial_objectstorage to None, run_after=None
[2024-02-26T15:50:38.782+0000] {processor.py:183} INFO - Processing /home/airflow/.local/lib/python3.11/site-packages/airflow/example_dags/tutorial_objectstorage.py took 0.085 seconds
[2024-02-26T15:51:09.412+0000] {processor.py:161} INFO - Started process (PID=1571) to work on /home/airflow/.local/lib/python3.11/site-packages/airflow/example_dags/tutorial_objectstorage.py
[2024-02-26T15:51:09.415+0000] {processor.py:830} INFO - Processing file /home/airflow/.local/lib/python3.11/site-packages/airflow/example_dags/tutorial_objectstorage.py for tasks to queue
[2024-02-26T15:51:09.416+0000] {logging_mixin.py:188} INFO - [2024-02-26T15:51:09.416+0000] {dagbag.py:540} INFO - Filling up the DagBag from /home/airflow/.local/lib/python3.11/site-packages/airflow/example_dags/tutorial_objectstorage.py
[2024-02-26T15:51:09.428+0000] {processor.py:840} INFO - DAG(s) 'tutorial_objectstorage' retrieved from /home/airflow/.local/lib/python3.11/site-packages/airflow/example_dags/tutorial_objectstorage.py
[2024-02-26T15:51:09.450+0000] {logging_mixin.py:188} INFO - [2024-02-26T15:51:09.450+0000] {dag.py:3047} INFO - Sync 1 DAGs
[2024-02-26T15:51:09.461+0000] {logging_mixin.py:188} INFO - [2024-02-26T15:51:09.461+0000] {dag.py:3834} INFO - Setting next_dagrun for tutorial_objectstorage to None, run_after=None
[2024-02-26T15:51:09.479+0000] {processor.py:183} INFO - Processing /home/airflow/.local/lib/python3.11/site-packages/airflow/example_dags/tutorial_objectstorage.py took 0.070 seconds
[2024-02-26T15:51:40.329+0000] {processor.py:161} INFO - Started process (PID=1818) to work on /home/airflow/.local/lib/python3.11/site-packages/airflow/example_dags/tutorial_objectstorage.py
[2024-02-26T15:51:40.333+0000] {processor.py:830} INFO - Processing file /home/airflow/.local/lib/python3.11/site-packages/airflow/example_dags/tutorial_objectstorage.py for tasks to queue
[2024-02-26T15:51:40.336+0000] {logging_mixin.py:188} INFO - [2024-02-26T15:51:40.336+0000] {dagbag.py:540} INFO - Filling up the DagBag from /home/airflow/.local/lib/python3.11/site-packages/airflow/example_dags/tutorial_objectstorage.py
[2024-02-26T15:51:40.346+0000] {processor.py:840} INFO - DAG(s) 'tutorial_objectstorage' retrieved from /home/airflow/.local/lib/python3.11/site-packages/airflow/example_dags/tutorial_objectstorage.py
[2024-02-26T15:51:40.368+0000] {logging_mixin.py:188} INFO - [2024-02-26T15:51:40.368+0000] {dag.py:3047} INFO - Sync 1 DAGs
[2024-02-26T15:51:40.378+0000] {logging_mixin.py:188} INFO - [2024-02-26T15:51:40.378+0000] {dag.py:3834} INFO - Setting next_dagrun for tutorial_objectstorage to None, run_after=None
[2024-02-26T15:51:40.391+0000] {processor.py:183} INFO - Processing /home/airflow/.local/lib/python3.11/site-packages/airflow/example_dags/tutorial_objectstorage.py took 0.067 seconds
[2024-02-26T15:52:11.207+0000] {processor.py:161} INFO - Started process (PID=2113) to work on /home/airflow/.local/lib/python3.11/site-packages/airflow/example_dags/tutorial_objectstorage.py
[2024-02-26T15:52:11.215+0000] {processor.py:830} INFO - Processing file /home/airflow/.local/lib/python3.11/site-packages/airflow/example_dags/tutorial_objectstorage.py for tasks to queue
[2024-02-26T15:52:11.219+0000] {logging_mixin.py:188} INFO - [2024-02-26T15:52:11.218+0000] {dagbag.py:540} INFO - Filling up the DagBag from /home/airflow/.local/lib/python3.11/site-packages/airflow/example_dags/tutorial_objectstorage.py
[2024-02-26T15:52:11.237+0000] {processor.py:840} INFO - DAG(s) 'tutorial_objectstorage' retrieved from /home/airflow/.local/lib/python3.11/site-packages/airflow/example_dags/tutorial_objectstorage.py
[2024-02-26T15:52:11.270+0000] {logging_mixin.py:188} INFO - [2024-02-26T15:52:11.270+0000] {dag.py:3047} INFO - Sync 1 DAGs
[2024-02-26T15:52:11.285+0000] {logging_mixin.py:188} INFO - [2024-02-26T15:52:11.284+0000] {dag.py:3834} INFO - Setting next_dagrun for tutorial_objectstorage to None, run_after=None
[2024-02-26T15:52:11.313+0000] {processor.py:183} INFO - Processing /home/airflow/.local/lib/python3.11/site-packages/airflow/example_dags/tutorial_objectstorage.py took 0.116 seconds
[2024-02-26T15:52:41.607+0000] {processor.py:161} INFO - Started process (PID=2384) to work on /home/airflow/.local/lib/python3.11/site-packages/airflow/example_dags/tutorial_objectstorage.py
[2024-02-26T15:52:41.610+0000] {processor.py:830} INFO - Processing file /home/airflow/.local/lib/python3.11/site-packages/airflow/example_dags/tutorial_objectstorage.py for tasks to queue
[2024-02-26T15:52:41.612+0000] {logging_mixin.py:188} INFO - [2024-02-26T15:52:41.611+0000] {dagbag.py:540} INFO - Filling up the DagBag from /home/airflow/.local/lib/python3.11/site-packages/airflow/example_dags/tutorial_objectstorage.py
[2024-02-26T15:52:41.621+0000] {processor.py:840} INFO - DAG(s) 'tutorial_objectstorage' retrieved from /home/airflow/.local/lib/python3.11/site-packages/airflow/example_dags/tutorial_objectstorage.py
[2024-02-26T15:52:41.642+0000] {logging_mixin.py:188} INFO - [2024-02-26T15:52:41.642+0000] {dag.py:3047} INFO - Sync 1 DAGs
[2024-02-26T15:52:41.651+0000] {logging_mixin.py:188} INFO - [2024-02-26T15:52:41.651+0000] {dag.py:3834} INFO - Setting next_dagrun for tutorial_objectstorage to None, run_after=None
[2024-02-26T15:52:41.662+0000] {processor.py:183} INFO - Processing /home/airflow/.local/lib/python3.11/site-packages/airflow/example_dags/tutorial_objectstorage.py took 0.060 seconds
[2024-02-26T15:53:12.363+0000] {processor.py:161} INFO - Started process (PID=2631) to work on /home/airflow/.local/lib/python3.11/site-packages/airflow/example_dags/tutorial_objectstorage.py
[2024-02-26T15:53:12.367+0000] {processor.py:830} INFO - Processing file /home/airflow/.local/lib/python3.11/site-packages/airflow/example_dags/tutorial_objectstorage.py for tasks to queue
[2024-02-26T15:53:12.370+0000] {logging_mixin.py:188} INFO - [2024-02-26T15:53:12.369+0000] {dagbag.py:540} INFO - Filling up the DagBag from /home/airflow/.local/lib/python3.11/site-packages/airflow/example_dags/tutorial_objectstorage.py
[2024-02-26T15:53:12.383+0000] {processor.py:840} INFO - DAG(s) 'tutorial_objectstorage' retrieved from /home/airflow/.local/lib/python3.11/site-packages/airflow/example_dags/tutorial_objectstorage.py
[2024-02-26T15:53:12.406+0000] {logging_mixin.py:188} INFO - [2024-02-26T15:53:12.406+0000] {dag.py:3047} INFO - Sync 1 DAGs
[2024-02-26T15:53:12.416+0000] {logging_mixin.py:188} INFO - [2024-02-26T15:53:12.416+0000] {dag.py:3834} INFO - Setting next_dagrun for tutorial_objectstorage to None, run_after=None
[2024-02-26T15:53:12.429+0000] {processor.py:183} INFO - Processing /home/airflow/.local/lib/python3.11/site-packages/airflow/example_dags/tutorial_objectstorage.py took 0.072 seconds
[2024-02-26T15:53:43.185+0000] {processor.py:161} INFO - Started process (PID=2878) to work on /home/airflow/.local/lib/python3.11/site-packages/airflow/example_dags/tutorial_objectstorage.py
[2024-02-26T15:53:43.188+0000] {processor.py:830} INFO - Processing file /home/airflow/.local/lib/python3.11/site-packages/airflow/example_dags/tutorial_objectstorage.py for tasks to queue
[2024-02-26T15:53:43.191+0000] {logging_mixin.py:188} INFO - [2024-02-26T15:53:43.191+0000] {dagbag.py:540} INFO - Filling up the DagBag from /home/airflow/.local/lib/python3.11/site-packages/airflow/example_dags/tutorial_objectstorage.py
[2024-02-26T15:53:43.202+0000] {processor.py:840} INFO - DAG(s) 'tutorial_objectstorage' retrieved from /home/airflow/.local/lib/python3.11/site-packages/airflow/example_dags/tutorial_objectstorage.py
[2024-02-26T15:53:43.223+0000] {logging_mixin.py:188} INFO - [2024-02-26T15:53:43.222+0000] {dag.py:3047} INFO - Sync 1 DAGs
[2024-02-26T15:53:43.232+0000] {logging_mixin.py:188} INFO - [2024-02-26T15:53:43.232+0000] {dag.py:3834} INFO - Setting next_dagrun for tutorial_objectstorage to None, run_after=None
[2024-02-26T15:53:43.244+0000] {processor.py:183} INFO - Processing /home/airflow/.local/lib/python3.11/site-packages/airflow/example_dags/tutorial_objectstorage.py took 0.066 seconds
[2024-02-26T15:54:13.963+0000] {processor.py:161} INFO - Started process (PID=3125) to work on /home/airflow/.local/lib/python3.11/site-packages/airflow/example_dags/tutorial_objectstorage.py
[2024-02-26T15:54:13.966+0000] {processor.py:830} INFO - Processing file /home/airflow/.local/lib/python3.11/site-packages/airflow/example_dags/tutorial_objectstorage.py for tasks to queue
[2024-02-26T15:54:13.968+0000] {logging_mixin.py:188} INFO - [2024-02-26T15:54:13.968+0000] {dagbag.py:540} INFO - Filling up the DagBag from /home/airflow/.local/lib/python3.11/site-packages/airflow/example_dags/tutorial_objectstorage.py
[2024-02-26T15:54:13.979+0000] {processor.py:840} INFO - DAG(s) 'tutorial_objectstorage' retrieved from /home/airflow/.local/lib/python3.11/site-packages/airflow/example_dags/tutorial_objectstorage.py
[2024-02-26T15:54:14.004+0000] {logging_mixin.py:188} INFO - [2024-02-26T15:54:14.004+0000] {dag.py:3047} INFO - Sync 1 DAGs
[2024-02-26T15:54:14.013+0000] {logging_mixin.py:188} INFO - [2024-02-26T15:54:14.012+0000] {dag.py:3834} INFO - Setting next_dagrun for tutorial_objectstorage to None, run_after=None
[2024-02-26T15:54:14.024+0000] {processor.py:183} INFO - Processing /home/airflow/.local/lib/python3.11/site-packages/airflow/example_dags/tutorial_objectstorage.py took 0.069 seconds
[2024-02-26T15:54:44.917+0000] {processor.py:161} INFO - Started process (PID=3372) to work on /home/airflow/.local/lib/python3.11/site-packages/airflow/example_dags/tutorial_objectstorage.py
[2024-02-26T15:54:44.920+0000] {processor.py:830} INFO - Processing file /home/airflow/.local/lib/python3.11/site-packages/airflow/example_dags/tutorial_objectstorage.py for tasks to queue
[2024-02-26T15:54:44.923+0000] {logging_mixin.py:188} INFO - [2024-02-26T15:54:44.922+0000] {dagbag.py:540} INFO - Filling up the DagBag from /home/airflow/.local/lib/python3.11/site-packages/airflow/example_dags/tutorial_objectstorage.py
[2024-02-26T15:54:44.937+0000] {processor.py:840} INFO - DAG(s) 'tutorial_objectstorage' retrieved from /home/airflow/.local/lib/python3.11/site-packages/airflow/example_dags/tutorial_objectstorage.py
[2024-02-26T15:54:44.955+0000] {logging_mixin.py:188} INFO - [2024-02-26T15:54:44.955+0000] {dag.py:3047} INFO - Sync 1 DAGs
[2024-02-26T15:54:44.964+0000] {logging_mixin.py:188} INFO - [2024-02-26T15:54:44.964+0000] {dag.py:3834} INFO - Setting next_dagrun for tutorial_objectstorage to None, run_after=None
[2024-02-26T15:54:44.975+0000] {processor.py:183} INFO - Processing /home/airflow/.local/lib/python3.11/site-packages/airflow/example_dags/tutorial_objectstorage.py took 0.067 seconds
[2024-02-26T15:55:15.851+0000] {processor.py:161} INFO - Started process (PID=3618) to work on /home/airflow/.local/lib/python3.11/site-packages/airflow/example_dags/tutorial_objectstorage.py
[2024-02-26T15:55:15.854+0000] {processor.py:830} INFO - Processing file /home/airflow/.local/lib/python3.11/site-packages/airflow/example_dags/tutorial_objectstorage.py for tasks to queue
[2024-02-26T15:55:15.857+0000] {logging_mixin.py:188} INFO - [2024-02-26T15:55:15.857+0000] {dagbag.py:540} INFO - Filling up the DagBag from /home/airflow/.local/lib/python3.11/site-packages/airflow/example_dags/tutorial_objectstorage.py
[2024-02-26T15:55:15.868+0000] {processor.py:840} INFO - DAG(s) 'tutorial_objectstorage' retrieved from /home/airflow/.local/lib/python3.11/site-packages/airflow/example_dags/tutorial_objectstorage.py
[2024-02-26T15:55:15.891+0000] {logging_mixin.py:188} INFO - [2024-02-26T15:55:15.891+0000] {dag.py:3047} INFO - Sync 1 DAGs
[2024-02-26T15:55:15.900+0000] {logging_mixin.py:188} INFO - [2024-02-26T15:55:15.900+0000] {dag.py:3834} INFO - Setting next_dagrun for tutorial_objectstorage to None, run_after=None
[2024-02-26T15:55:15.911+0000] {processor.py:183} INFO - Processing /home/airflow/.local/lib/python3.11/site-packages/airflow/example_dags/tutorial_objectstorage.py took 0.066 seconds
[2024-02-26T15:55:45.959+0000] {processor.py:161} INFO - Started process (PID=3863) to work on /home/airflow/.local/lib/python3.11/site-packages/airflow/example_dags/tutorial_objectstorage.py
[2024-02-26T15:55:45.962+0000] {processor.py:830} INFO - Processing file /home/airflow/.local/lib/python3.11/site-packages/airflow/example_dags/tutorial_objectstorage.py for tasks to queue
[2024-02-26T15:55:45.964+0000] {logging_mixin.py:188} INFO - [2024-02-26T15:55:45.963+0000] {dagbag.py:540} INFO - Filling up the DagBag from /home/airflow/.local/lib/python3.11/site-packages/airflow/example_dags/tutorial_objectstorage.py
[2024-02-26T15:55:45.974+0000] {processor.py:840} INFO - DAG(s) 'tutorial_objectstorage' retrieved from /home/airflow/.local/lib/python3.11/site-packages/airflow/example_dags/tutorial_objectstorage.py
[2024-02-26T15:55:45.999+0000] {logging_mixin.py:188} INFO - [2024-02-26T15:55:45.998+0000] {dag.py:3047} INFO - Sync 1 DAGs
[2024-02-26T15:55:46.014+0000] {logging_mixin.py:188} INFO - [2024-02-26T15:55:46.013+0000] {dag.py:3834} INFO - Setting next_dagrun for tutorial_objectstorage to None, run_after=None
[2024-02-26T15:55:46.035+0000] {processor.py:183} INFO - Processing /home/airflow/.local/lib/python3.11/site-packages/airflow/example_dags/tutorial_objectstorage.py took 0.080 seconds
[2024-02-26T15:56:16.138+0000] {processor.py:161} INFO - Started process (PID=4112) to work on /home/airflow/.local/lib/python3.11/site-packages/airflow/example_dags/tutorial_objectstorage.py
[2024-02-26T15:56:16.140+0000] {processor.py:830} INFO - Processing file /home/airflow/.local/lib/python3.11/site-packages/airflow/example_dags/tutorial_objectstorage.py for tasks to queue
[2024-02-26T15:56:16.141+0000] {logging_mixin.py:188} INFO - [2024-02-26T15:56:16.140+0000] {dagbag.py:540} INFO - Filling up the DagBag from /home/airflow/.local/lib/python3.11/site-packages/airflow/example_dags/tutorial_objectstorage.py
[2024-02-26T15:56:16.150+0000] {processor.py:840} INFO - DAG(s) 'tutorial_objectstorage' retrieved from /home/airflow/.local/lib/python3.11/site-packages/airflow/example_dags/tutorial_objectstorage.py
[2024-02-26T15:56:16.167+0000] {logging_mixin.py:188} INFO - [2024-02-26T15:56:16.167+0000] {dag.py:3047} INFO - Sync 1 DAGs
[2024-02-26T15:56:16.175+0000] {logging_mixin.py:188} INFO - [2024-02-26T15:56:16.175+0000] {dag.py:3834} INFO - Setting next_dagrun for tutorial_objectstorage to None, run_after=None
[2024-02-26T15:56:16.185+0000] {processor.py:183} INFO - Processing /home/airflow/.local/lib/python3.11/site-packages/airflow/example_dags/tutorial_objectstorage.py took 0.050 seconds
[2024-02-26T15:56:46.617+0000] {processor.py:161} INFO - Started process (PID=4358) to work on /home/airflow/.local/lib/python3.11/site-packages/airflow/example_dags/tutorial_objectstorage.py
[2024-02-26T15:56:46.619+0000] {processor.py:830} INFO - Processing file /home/airflow/.local/lib/python3.11/site-packages/airflow/example_dags/tutorial_objectstorage.py for tasks to queue
[2024-02-26T15:56:46.622+0000] {logging_mixin.py:188} INFO - [2024-02-26T15:56:46.621+0000] {dagbag.py:540} INFO - Filling up the DagBag from /home/airflow/.local/lib/python3.11/site-packages/airflow/example_dags/tutorial_objectstorage.py
[2024-02-26T15:56:46.630+0000] {processor.py:840} INFO - DAG(s) 'tutorial_objectstorage' retrieved from /home/airflow/.local/lib/python3.11/site-packages/airflow/example_dags/tutorial_objectstorage.py
[2024-02-26T15:56:46.651+0000] {logging_mixin.py:188} INFO - [2024-02-26T15:56:46.651+0000] {dag.py:3047} INFO - Sync 1 DAGs
[2024-02-26T15:56:46.663+0000] {logging_mixin.py:188} INFO - [2024-02-26T15:56:46.663+0000] {dag.py:3834} INFO - Setting next_dagrun for tutorial_objectstorage to None, run_after=None
[2024-02-26T15:56:46.678+0000] {processor.py:183} INFO - Processing /home/airflow/.local/lib/python3.11/site-packages/airflow/example_dags/tutorial_objectstorage.py took 0.064 seconds
[2024-02-26T15:57:16.941+0000] {processor.py:161} INFO - Started process (PID=4605) to work on /home/airflow/.local/lib/python3.11/site-packages/airflow/example_dags/tutorial_objectstorage.py
[2024-02-26T15:57:16.944+0000] {processor.py:830} INFO - Processing file /home/airflow/.local/lib/python3.11/site-packages/airflow/example_dags/tutorial_objectstorage.py for tasks to queue
[2024-02-26T15:57:16.946+0000] {logging_mixin.py:188} INFO - [2024-02-26T15:57:16.946+0000] {dagbag.py:540} INFO - Filling up the DagBag from /home/airflow/.local/lib/python3.11/site-packages/airflow/example_dags/tutorial_objectstorage.py
[2024-02-26T15:57:16.957+0000] {processor.py:840} INFO - DAG(s) 'tutorial_objectstorage' retrieved from /home/airflow/.local/lib/python3.11/site-packages/airflow/example_dags/tutorial_objectstorage.py
[2024-02-26T15:57:16.982+0000] {logging_mixin.py:188} INFO - [2024-02-26T15:57:16.981+0000] {dag.py:3047} INFO - Sync 1 DAGs
[2024-02-26T15:57:16.992+0000] {logging_mixin.py:188} INFO - [2024-02-26T15:57:16.992+0000] {dag.py:3834} INFO - Setting next_dagrun for tutorial_objectstorage to None, run_after=None
[2024-02-26T15:57:17.007+0000] {processor.py:183} INFO - Processing /home/airflow/.local/lib/python3.11/site-packages/airflow/example_dags/tutorial_objectstorage.py took 0.070 seconds
[2024-02-26T15:57:47.188+0000] {processor.py:161} INFO - Started process (PID=4852) to work on /home/airflow/.local/lib/python3.11/site-packages/airflow/example_dags/tutorial_objectstorage.py
[2024-02-26T15:57:47.190+0000] {processor.py:830} INFO - Processing file /home/airflow/.local/lib/python3.11/site-packages/airflow/example_dags/tutorial_objectstorage.py for tasks to queue
[2024-02-26T15:57:47.192+0000] {logging_mixin.py:188} INFO - [2024-02-26T15:57:47.192+0000] {dagbag.py:540} INFO - Filling up the DagBag from /home/airflow/.local/lib/python3.11/site-packages/airflow/example_dags/tutorial_objectstorage.py
[2024-02-26T15:57:47.200+0000] {processor.py:840} INFO - DAG(s) 'tutorial_objectstorage' retrieved from /home/airflow/.local/lib/python3.11/site-packages/airflow/example_dags/tutorial_objectstorage.py
[2024-02-26T15:57:47.223+0000] {logging_mixin.py:188} INFO - [2024-02-26T15:57:47.223+0000] {dag.py:3047} INFO - Sync 1 DAGs
[2024-02-26T15:57:47.235+0000] {logging_mixin.py:188} INFO - [2024-02-26T15:57:47.234+0000] {dag.py:3834} INFO - Setting next_dagrun for tutorial_objectstorage to None, run_after=None
[2024-02-26T15:57:47.254+0000] {processor.py:183} INFO - Processing /home/airflow/.local/lib/python3.11/site-packages/airflow/example_dags/tutorial_objectstorage.py took 0.069 seconds
[2024-02-26T15:58:17.485+0000] {processor.py:161} INFO - Started process (PID=5099) to work on /home/airflow/.local/lib/python3.11/site-packages/airflow/example_dags/tutorial_objectstorage.py
[2024-02-26T15:58:17.488+0000] {processor.py:830} INFO - Processing file /home/airflow/.local/lib/python3.11/site-packages/airflow/example_dags/tutorial_objectstorage.py for tasks to queue
[2024-02-26T15:58:17.490+0000] {logging_mixin.py:188} INFO - [2024-02-26T15:58:17.490+0000] {dagbag.py:540} INFO - Filling up the DagBag from /home/airflow/.local/lib/python3.11/site-packages/airflow/example_dags/tutorial_objectstorage.py
[2024-02-26T15:58:17.498+0000] {processor.py:840} INFO - DAG(s) 'tutorial_objectstorage' retrieved from /home/airflow/.local/lib/python3.11/site-packages/airflow/example_dags/tutorial_objectstorage.py
[2024-02-26T15:58:17.522+0000] {logging_mixin.py:188} INFO - [2024-02-26T15:58:17.522+0000] {dag.py:3047} INFO - Sync 1 DAGs
[2024-02-26T15:58:17.533+0000] {logging_mixin.py:188} INFO - [2024-02-26T15:58:17.533+0000] {dag.py:3834} INFO - Setting next_dagrun for tutorial_objectstorage to None, run_after=None
[2024-02-26T15:58:17.548+0000] {processor.py:183} INFO - Processing /home/airflow/.local/lib/python3.11/site-packages/airflow/example_dags/tutorial_objectstorage.py took 0.066 seconds
[2024-02-26T15:58:47.819+0000] {processor.py:161} INFO - Started process (PID=5347) to work on /home/airflow/.local/lib/python3.11/site-packages/airflow/example_dags/tutorial_objectstorage.py
[2024-02-26T15:58:47.821+0000] {processor.py:830} INFO - Processing file /home/airflow/.local/lib/python3.11/site-packages/airflow/example_dags/tutorial_objectstorage.py for tasks to queue
[2024-02-26T15:58:47.822+0000] {logging_mixin.py:188} INFO - [2024-02-26T15:58:47.822+0000] {dagbag.py:540} INFO - Filling up the DagBag from /home/airflow/.local/lib/python3.11/site-packages/airflow/example_dags/tutorial_objectstorage.py
[2024-02-26T15:58:47.830+0000] {processor.py:840} INFO - DAG(s) 'tutorial_objectstorage' retrieved from /home/airflow/.local/lib/python3.11/site-packages/airflow/example_dags/tutorial_objectstorage.py
[2024-02-26T15:58:47.854+0000] {logging_mixin.py:188} INFO - [2024-02-26T15:58:47.854+0000] {dag.py:3047} INFO - Sync 1 DAGs
[2024-02-26T15:58:47.864+0000] {logging_mixin.py:188} INFO - [2024-02-26T15:58:47.864+0000] {dag.py:3834} INFO - Setting next_dagrun for tutorial_objectstorage to None, run_after=None
[2024-02-26T15:58:47.878+0000] {processor.py:183} INFO - Processing /home/airflow/.local/lib/python3.11/site-packages/airflow/example_dags/tutorial_objectstorage.py took 0.063 seconds
[2024-02-26T15:59:17.956+0000] {processor.py:161} INFO - Started process (PID=5595) to work on /home/airflow/.local/lib/python3.11/site-packages/airflow/example_dags/tutorial_objectstorage.py
[2024-02-26T15:59:17.958+0000] {processor.py:830} INFO - Processing file /home/airflow/.local/lib/python3.11/site-packages/airflow/example_dags/tutorial_objectstorage.py for tasks to queue
[2024-02-26T15:59:17.960+0000] {logging_mixin.py:188} INFO - [2024-02-26T15:59:17.959+0000] {dagbag.py:540} INFO - Filling up the DagBag from /home/airflow/.local/lib/python3.11/site-packages/airflow/example_dags/tutorial_objectstorage.py
[2024-02-26T15:59:17.970+0000] {processor.py:840} INFO - DAG(s) 'tutorial_objectstorage' retrieved from /home/airflow/.local/lib/python3.11/site-packages/airflow/example_dags/tutorial_objectstorage.py
[2024-02-26T15:59:17.989+0000] {logging_mixin.py:188} INFO - [2024-02-26T15:59:17.988+0000] {dag.py:3047} INFO - Sync 1 DAGs
[2024-02-26T15:59:17.997+0000] {logging_mixin.py:188} INFO - [2024-02-26T15:59:17.997+0000] {dag.py:3834} INFO - Setting next_dagrun for tutorial_objectstorage to None, run_after=None
[2024-02-26T15:59:18.011+0000] {processor.py:183} INFO - Processing /home/airflow/.local/lib/python3.11/site-packages/airflow/example_dags/tutorial_objectstorage.py took 0.058 seconds
[2024-02-26T15:59:48.975+0000] {processor.py:161} INFO - Started process (PID=5842) to work on /home/airflow/.local/lib/python3.11/site-packages/airflow/example_dags/tutorial_objectstorage.py
[2024-02-26T15:59:48.977+0000] {processor.py:830} INFO - Processing file /home/airflow/.local/lib/python3.11/site-packages/airflow/example_dags/tutorial_objectstorage.py for tasks to queue
[2024-02-26T15:59:48.978+0000] {logging_mixin.py:188} INFO - [2024-02-26T15:59:48.978+0000] {dagbag.py:540} INFO - Filling up the DagBag from /home/airflow/.local/lib/python3.11/site-packages/airflow/example_dags/tutorial_objectstorage.py
[2024-02-26T15:59:48.986+0000] {processor.py:840} INFO - DAG(s) 'tutorial_objectstorage' retrieved from /home/airflow/.local/lib/python3.11/site-packages/airflow/example_dags/tutorial_objectstorage.py
[2024-02-26T15:59:49.005+0000] {logging_mixin.py:188} INFO - [2024-02-26T15:59:49.004+0000] {dag.py:3047} INFO - Sync 1 DAGs
[2024-02-26T15:59:49.014+0000] {logging_mixin.py:188} INFO - [2024-02-26T15:59:49.014+0000] {dag.py:3834} INFO - Setting next_dagrun for tutorial_objectstorage to None, run_after=None
[2024-02-26T15:59:49.027+0000] {processor.py:183} INFO - Processing /home/airflow/.local/lib/python3.11/site-packages/airflow/example_dags/tutorial_objectstorage.py took 0.055 seconds
[2024-02-26T16:00:19.825+0000] {processor.py:161} INFO - Started process (PID=6089) to work on /home/airflow/.local/lib/python3.11/site-packages/airflow/example_dags/tutorial_objectstorage.py
[2024-02-26T16:00:19.827+0000] {processor.py:830} INFO - Processing file /home/airflow/.local/lib/python3.11/site-packages/airflow/example_dags/tutorial_objectstorage.py for tasks to queue
[2024-02-26T16:00:19.829+0000] {logging_mixin.py:188} INFO - [2024-02-26T16:00:19.828+0000] {dagbag.py:540} INFO - Filling up the DagBag from /home/airflow/.local/lib/python3.11/site-packages/airflow/example_dags/tutorial_objectstorage.py
[2024-02-26T16:00:19.836+0000] {processor.py:840} INFO - DAG(s) 'tutorial_objectstorage' retrieved from /home/airflow/.local/lib/python3.11/site-packages/airflow/example_dags/tutorial_objectstorage.py
[2024-02-26T16:00:19.855+0000] {logging_mixin.py:188} INFO - [2024-02-26T16:00:19.855+0000] {dag.py:3047} INFO - Sync 1 DAGs
[2024-02-26T16:00:19.863+0000] {logging_mixin.py:188} INFO - [2024-02-26T16:00:19.863+0000] {dag.py:3834} INFO - Setting next_dagrun for tutorial_objectstorage to None, run_after=None
[2024-02-26T16:00:19.877+0000] {processor.py:183} INFO - Processing /home/airflow/.local/lib/python3.11/site-packages/airflow/example_dags/tutorial_objectstorage.py took 0.055 seconds
[2024-02-26T16:00:50.679+0000] {processor.py:161} INFO - Started process (PID=6335) to work on /home/airflow/.local/lib/python3.11/site-packages/airflow/example_dags/tutorial_objectstorage.py
[2024-02-26T16:00:50.681+0000] {processor.py:830} INFO - Processing file /home/airflow/.local/lib/python3.11/site-packages/airflow/example_dags/tutorial_objectstorage.py for tasks to queue
[2024-02-26T16:00:50.683+0000] {logging_mixin.py:188} INFO - [2024-02-26T16:00:50.683+0000] {dagbag.py:540} INFO - Filling up the DagBag from /home/airflow/.local/lib/python3.11/site-packages/airflow/example_dags/tutorial_objectstorage.py
[2024-02-26T16:00:50.690+0000] {processor.py:840} INFO - DAG(s) 'tutorial_objectstorage' retrieved from /home/airflow/.local/lib/python3.11/site-packages/airflow/example_dags/tutorial_objectstorage.py
[2024-02-26T16:00:50.712+0000] {logging_mixin.py:188} INFO - [2024-02-26T16:00:50.712+0000] {dag.py:3047} INFO - Sync 1 DAGs
[2024-02-26T16:00:50.724+0000] {logging_mixin.py:188} INFO - [2024-02-26T16:00:50.724+0000] {dag.py:3834} INFO - Setting next_dagrun for tutorial_objectstorage to None, run_after=None
[2024-02-26T16:00:50.735+0000] {processor.py:183} INFO - Processing /home/airflow/.local/lib/python3.11/site-packages/airflow/example_dags/tutorial_objectstorage.py took 0.059 seconds
[2024-02-26T16:01:21.568+0000] {processor.py:161} INFO - Started process (PID=6584) to work on /home/airflow/.local/lib/python3.11/site-packages/airflow/example_dags/tutorial_objectstorage.py
[2024-02-26T16:01:21.574+0000] {processor.py:830} INFO - Processing file /home/airflow/.local/lib/python3.11/site-packages/airflow/example_dags/tutorial_objectstorage.py for tasks to queue
[2024-02-26T16:01:21.581+0000] {logging_mixin.py:188} INFO - [2024-02-26T16:01:21.580+0000] {dagbag.py:540} INFO - Filling up the DagBag from /home/airflow/.local/lib/python3.11/site-packages/airflow/example_dags/tutorial_objectstorage.py
[2024-02-26T16:01:21.592+0000] {processor.py:840} INFO - DAG(s) 'tutorial_objectstorage' retrieved from /home/airflow/.local/lib/python3.11/site-packages/airflow/example_dags/tutorial_objectstorage.py
[2024-02-26T16:01:21.615+0000] {logging_mixin.py:188} INFO - [2024-02-26T16:01:21.614+0000] {dag.py:3047} INFO - Sync 1 DAGs
[2024-02-26T16:01:21.625+0000] {logging_mixin.py:188} INFO - [2024-02-26T16:01:21.625+0000] {dag.py:3834} INFO - Setting next_dagrun for tutorial_objectstorage to None, run_after=None
[2024-02-26T16:01:21.640+0000] {processor.py:183} INFO - Processing /home/airflow/.local/lib/python3.11/site-packages/airflow/example_dags/tutorial_objectstorage.py took 0.076 seconds
[2024-02-26T16:01:51.670+0000] {processor.py:161} INFO - Started process (PID=6831) to work on /home/airflow/.local/lib/python3.11/site-packages/airflow/example_dags/tutorial_objectstorage.py
[2024-02-26T16:01:51.672+0000] {processor.py:830} INFO - Processing file /home/airflow/.local/lib/python3.11/site-packages/airflow/example_dags/tutorial_objectstorage.py for tasks to queue
[2024-02-26T16:01:51.673+0000] {logging_mixin.py:188} INFO - [2024-02-26T16:01:51.672+0000] {dagbag.py:540} INFO - Filling up the DagBag from /home/airflow/.local/lib/python3.11/site-packages/airflow/example_dags/tutorial_objectstorage.py
[2024-02-26T16:01:51.679+0000] {processor.py:840} INFO - DAG(s) 'tutorial_objectstorage' retrieved from /home/airflow/.local/lib/python3.11/site-packages/airflow/example_dags/tutorial_objectstorage.py
[2024-02-26T16:01:51.696+0000] {logging_mixin.py:188} INFO - [2024-02-26T16:01:51.696+0000] {dag.py:3047} INFO - Sync 1 DAGs
[2024-02-26T16:01:51.705+0000] {logging_mixin.py:188} INFO - [2024-02-26T16:01:51.705+0000] {dag.py:3834} INFO - Setting next_dagrun for tutorial_objectstorage to None, run_after=None
[2024-02-26T16:01:51.715+0000] {processor.py:183} INFO - Processing /home/airflow/.local/lib/python3.11/site-packages/airflow/example_dags/tutorial_objectstorage.py took 0.048 seconds
[2024-02-26T16:02:22.019+0000] {processor.py:161} INFO - Started process (PID=7076) to work on /home/airflow/.local/lib/python3.11/site-packages/airflow/example_dags/tutorial_objectstorage.py
[2024-02-26T16:02:22.022+0000] {processor.py:830} INFO - Processing file /home/airflow/.local/lib/python3.11/site-packages/airflow/example_dags/tutorial_objectstorage.py for tasks to queue
[2024-02-26T16:02:22.023+0000] {logging_mixin.py:188} INFO - [2024-02-26T16:02:22.023+0000] {dagbag.py:540} INFO - Filling up the DagBag from /home/airflow/.local/lib/python3.11/site-packages/airflow/example_dags/tutorial_objectstorage.py
[2024-02-26T16:02:22.031+0000] {processor.py:840} INFO - DAG(s) 'tutorial_objectstorage' retrieved from /home/airflow/.local/lib/python3.11/site-packages/airflow/example_dags/tutorial_objectstorage.py
[2024-02-26T16:02:22.052+0000] {logging_mixin.py:188} INFO - [2024-02-26T16:02:22.052+0000] {dag.py:3047} INFO - Sync 1 DAGs
[2024-02-26T16:02:22.063+0000] {logging_mixin.py:188} INFO - [2024-02-26T16:02:22.063+0000] {dag.py:3834} INFO - Setting next_dagrun for tutorial_objectstorage to None, run_after=None
[2024-02-26T16:02:22.083+0000] {processor.py:183} INFO - Processing /home/airflow/.local/lib/python3.11/site-packages/airflow/example_dags/tutorial_objectstorage.py took 0.067 seconds
[2024-02-26T16:02:53.046+0000] {processor.py:161} INFO - Started process (PID=7325) to work on /home/airflow/.local/lib/python3.11/site-packages/airflow/example_dags/tutorial_objectstorage.py
[2024-02-26T16:02:53.048+0000] {processor.py:830} INFO - Processing file /home/airflow/.local/lib/python3.11/site-packages/airflow/example_dags/tutorial_objectstorage.py for tasks to queue
[2024-02-26T16:02:53.050+0000] {logging_mixin.py:188} INFO - [2024-02-26T16:02:53.050+0000] {dagbag.py:540} INFO - Filling up the DagBag from /home/airflow/.local/lib/python3.11/site-packages/airflow/example_dags/tutorial_objectstorage.py
[2024-02-26T16:02:53.058+0000] {processor.py:840} INFO - DAG(s) 'tutorial_objectstorage' retrieved from /home/airflow/.local/lib/python3.11/site-packages/airflow/example_dags/tutorial_objectstorage.py
[2024-02-26T16:02:53.078+0000] {logging_mixin.py:188} INFO - [2024-02-26T16:02:53.078+0000] {dag.py:3047} INFO - Sync 1 DAGs
[2024-02-26T16:02:53.089+0000] {logging_mixin.py:188} INFO - [2024-02-26T16:02:53.088+0000] {dag.py:3834} INFO - Setting next_dagrun for tutorial_objectstorage to None, run_after=None
[2024-02-26T16:02:53.102+0000] {processor.py:183} INFO - Processing /home/airflow/.local/lib/python3.11/site-packages/airflow/example_dags/tutorial_objectstorage.py took 0.058 seconds
[2024-02-26T16:03:23.158+0000] {processor.py:161} INFO - Started process (PID=7572) to work on /home/airflow/.local/lib/python3.11/site-packages/airflow/example_dags/tutorial_objectstorage.py
[2024-02-26T16:03:23.159+0000] {processor.py:830} INFO - Processing file /home/airflow/.local/lib/python3.11/site-packages/airflow/example_dags/tutorial_objectstorage.py for tasks to queue
[2024-02-26T16:03:23.161+0000] {logging_mixin.py:188} INFO - [2024-02-26T16:03:23.160+0000] {dagbag.py:540} INFO - Filling up the DagBag from /home/airflow/.local/lib/python3.11/site-packages/airflow/example_dags/tutorial_objectstorage.py
[2024-02-26T16:03:23.168+0000] {processor.py:840} INFO - DAG(s) 'tutorial_objectstorage' retrieved from /home/airflow/.local/lib/python3.11/site-packages/airflow/example_dags/tutorial_objectstorage.py
[2024-02-26T16:03:23.185+0000] {logging_mixin.py:188} INFO - [2024-02-26T16:03:23.185+0000] {dag.py:3047} INFO - Sync 1 DAGs
[2024-02-26T16:03:23.193+0000] {logging_mixin.py:188} INFO - [2024-02-26T16:03:23.193+0000] {dag.py:3834} INFO - Setting next_dagrun for tutorial_objectstorage to None, run_after=None
[2024-02-26T16:03:23.203+0000] {processor.py:183} INFO - Processing /home/airflow/.local/lib/python3.11/site-packages/airflow/example_dags/tutorial_objectstorage.py took 0.047 seconds
[2024-02-26T16:03:53.320+0000] {processor.py:161} INFO - Started process (PID=7818) to work on /home/airflow/.local/lib/python3.11/site-packages/airflow/example_dags/tutorial_objectstorage.py
[2024-02-26T16:03:53.322+0000] {processor.py:830} INFO - Processing file /home/airflow/.local/lib/python3.11/site-packages/airflow/example_dags/tutorial_objectstorage.py for tasks to queue
[2024-02-26T16:03:53.323+0000] {logging_mixin.py:188} INFO - [2024-02-26T16:03:53.323+0000] {dagbag.py:540} INFO - Filling up the DagBag from /home/airflow/.local/lib/python3.11/site-packages/airflow/example_dags/tutorial_objectstorage.py
[2024-02-26T16:03:53.334+0000] {processor.py:840} INFO - DAG(s) 'tutorial_objectstorage' retrieved from /home/airflow/.local/lib/python3.11/site-packages/airflow/example_dags/tutorial_objectstorage.py
[2024-02-26T16:03:53.353+0000] {logging_mixin.py:188} INFO - [2024-02-26T16:03:53.353+0000] {dag.py:3047} INFO - Sync 1 DAGs
[2024-02-26T16:03:53.362+0000] {logging_mixin.py:188} INFO - [2024-02-26T16:03:53.362+0000] {dag.py:3834} INFO - Setting next_dagrun for tutorial_objectstorage to None, run_after=None
[2024-02-26T16:03:53.375+0000] {processor.py:183} INFO - Processing /home/airflow/.local/lib/python3.11/site-packages/airflow/example_dags/tutorial_objectstorage.py took 0.059 seconds
[2024-02-26T16:04:23.986+0000] {processor.py:161} INFO - Started process (PID=8065) to work on /home/airflow/.local/lib/python3.11/site-packages/airflow/example_dags/tutorial_objectstorage.py
[2024-02-26T16:04:23.988+0000] {processor.py:830} INFO - Processing file /home/airflow/.local/lib/python3.11/site-packages/airflow/example_dags/tutorial_objectstorage.py for tasks to queue
[2024-02-26T16:04:23.992+0000] {logging_mixin.py:188} INFO - [2024-02-26T16:04:23.992+0000] {dagbag.py:540} INFO - Filling up the DagBag from /home/airflow/.local/lib/python3.11/site-packages/airflow/example_dags/tutorial_objectstorage.py
[2024-02-26T16:04:24.000+0000] {processor.py:840} INFO - DAG(s) 'tutorial_objectstorage' retrieved from /home/airflow/.local/lib/python3.11/site-packages/airflow/example_dags/tutorial_objectstorage.py
[2024-02-26T16:04:24.019+0000] {logging_mixin.py:188} INFO - [2024-02-26T16:04:24.019+0000] {dag.py:3047} INFO - Sync 1 DAGs
[2024-02-26T16:04:24.030+0000] {logging_mixin.py:188} INFO - [2024-02-26T16:04:24.030+0000] {dag.py:3834} INFO - Setting next_dagrun for tutorial_objectstorage to None, run_after=None
[2024-02-26T16:04:24.043+0000] {processor.py:183} INFO - Processing /home/airflow/.local/lib/python3.11/site-packages/airflow/example_dags/tutorial_objectstorage.py took 0.061 seconds
[2024-02-26T16:04:54.812+0000] {processor.py:161} INFO - Started process (PID=8312) to work on /home/airflow/.local/lib/python3.11/site-packages/airflow/example_dags/tutorial_objectstorage.py
[2024-02-26T16:04:54.813+0000] {processor.py:830} INFO - Processing file /home/airflow/.local/lib/python3.11/site-packages/airflow/example_dags/tutorial_objectstorage.py for tasks to queue
[2024-02-26T16:04:54.815+0000] {logging_mixin.py:188} INFO - [2024-02-26T16:04:54.814+0000] {dagbag.py:540} INFO - Filling up the DagBag from /home/airflow/.local/lib/python3.11/site-packages/airflow/example_dags/tutorial_objectstorage.py
[2024-02-26T16:04:54.823+0000] {processor.py:840} INFO - DAG(s) 'tutorial_objectstorage' retrieved from /home/airflow/.local/lib/python3.11/site-packages/airflow/example_dags/tutorial_objectstorage.py
[2024-02-26T16:04:54.844+0000] {logging_mixin.py:188} INFO - [2024-02-26T16:04:54.843+0000] {dag.py:3047} INFO - Sync 1 DAGs
[2024-02-26T16:04:54.854+0000] {logging_mixin.py:188} INFO - [2024-02-26T16:04:54.853+0000] {dag.py:3834} INFO - Setting next_dagrun for tutorial_objectstorage to None, run_after=None
[2024-02-26T16:04:54.868+0000] {processor.py:183} INFO - Processing /home/airflow/.local/lib/python3.11/site-packages/airflow/example_dags/tutorial_objectstorage.py took 0.059 seconds
[2024-02-26T16:05:25.579+0000] {processor.py:161} INFO - Started process (PID=8559) to work on /home/airflow/.local/lib/python3.11/site-packages/airflow/example_dags/tutorial_objectstorage.py
[2024-02-26T16:05:25.581+0000] {processor.py:830} INFO - Processing file /home/airflow/.local/lib/python3.11/site-packages/airflow/example_dags/tutorial_objectstorage.py for tasks to queue
[2024-02-26T16:05:25.582+0000] {logging_mixin.py:188} INFO - [2024-02-26T16:05:25.582+0000] {dagbag.py:540} INFO - Filling up the DagBag from /home/airflow/.local/lib/python3.11/site-packages/airflow/example_dags/tutorial_objectstorage.py
[2024-02-26T16:05:25.591+0000] {processor.py:840} INFO - DAG(s) 'tutorial_objectstorage' retrieved from /home/airflow/.local/lib/python3.11/site-packages/airflow/example_dags/tutorial_objectstorage.py
[2024-02-26T16:05:25.610+0000] {logging_mixin.py:188} INFO - [2024-02-26T16:05:25.610+0000] {dag.py:3047} INFO - Sync 1 DAGs
[2024-02-26T16:05:25.619+0000] {logging_mixin.py:188} INFO - [2024-02-26T16:05:25.619+0000] {dag.py:3834} INFO - Setting next_dagrun for tutorial_objectstorage to None, run_after=None
[2024-02-26T16:05:25.631+0000] {processor.py:183} INFO - Processing /home/airflow/.local/lib/python3.11/site-packages/airflow/example_dags/tutorial_objectstorage.py took 0.056 seconds
[2024-02-26T16:05:56.292+0000] {processor.py:161} INFO - Started process (PID=8806) to work on /home/airflow/.local/lib/python3.11/site-packages/airflow/example_dags/tutorial_objectstorage.py
[2024-02-26T16:05:56.294+0000] {processor.py:830} INFO - Processing file /home/airflow/.local/lib/python3.11/site-packages/airflow/example_dags/tutorial_objectstorage.py for tasks to queue
[2024-02-26T16:05:56.295+0000] {logging_mixin.py:188} INFO - [2024-02-26T16:05:56.295+0000] {dagbag.py:540} INFO - Filling up the DagBag from /home/airflow/.local/lib/python3.11/site-packages/airflow/example_dags/tutorial_objectstorage.py
[2024-02-26T16:05:56.303+0000] {processor.py:840} INFO - DAG(s) 'tutorial_objectstorage' retrieved from /home/airflow/.local/lib/python3.11/site-packages/airflow/example_dags/tutorial_objectstorage.py
[2024-02-26T16:05:56.321+0000] {logging_mixin.py:188} INFO - [2024-02-26T16:05:56.321+0000] {dag.py:3047} INFO - Sync 1 DAGs
[2024-02-26T16:05:56.329+0000] {logging_mixin.py:188} INFO - [2024-02-26T16:05:56.329+0000] {dag.py:3834} INFO - Setting next_dagrun for tutorial_objectstorage to None, run_after=None
[2024-02-26T16:05:56.341+0000] {processor.py:183} INFO - Processing /home/airflow/.local/lib/python3.11/site-packages/airflow/example_dags/tutorial_objectstorage.py took 0.053 seconds
[2024-02-26T16:06:27.193+0000] {processor.py:161} INFO - Started process (PID=9053) to work on /home/airflow/.local/lib/python3.11/site-packages/airflow/example_dags/tutorial_objectstorage.py
[2024-02-26T16:06:27.195+0000] {processor.py:830} INFO - Processing file /home/airflow/.local/lib/python3.11/site-packages/airflow/example_dags/tutorial_objectstorage.py for tasks to queue
[2024-02-26T16:06:27.197+0000] {logging_mixin.py:188} INFO - [2024-02-26T16:06:27.197+0000] {dagbag.py:540} INFO - Filling up the DagBag from /home/airflow/.local/lib/python3.11/site-packages/airflow/example_dags/tutorial_objectstorage.py
[2024-02-26T16:06:27.204+0000] {processor.py:840} INFO - DAG(s) 'tutorial_objectstorage' retrieved from /home/airflow/.local/lib/python3.11/site-packages/airflow/example_dags/tutorial_objectstorage.py
[2024-02-26T16:06:27.222+0000] {logging_mixin.py:188} INFO - [2024-02-26T16:06:27.222+0000] {dag.py:3047} INFO - Sync 1 DAGs
[2024-02-26T16:06:27.232+0000] {logging_mixin.py:188} INFO - [2024-02-26T16:06:27.232+0000] {dag.py:3834} INFO - Setting next_dagrun for tutorial_objectstorage to None, run_after=None
[2024-02-26T16:06:27.244+0000] {processor.py:183} INFO - Processing /home/airflow/.local/lib/python3.11/site-packages/airflow/example_dags/tutorial_objectstorage.py took 0.054 seconds
[2024-02-26T16:06:58.068+0000] {processor.py:161} INFO - Started process (PID=9306) to work on /home/airflow/.local/lib/python3.11/site-packages/airflow/example_dags/tutorial_objectstorage.py
[2024-02-26T16:06:58.069+0000] {processor.py:830} INFO - Processing file /home/airflow/.local/lib/python3.11/site-packages/airflow/example_dags/tutorial_objectstorage.py for tasks to queue
[2024-02-26T16:06:58.071+0000] {logging_mixin.py:188} INFO - [2024-02-26T16:06:58.071+0000] {dagbag.py:540} INFO - Filling up the DagBag from /home/airflow/.local/lib/python3.11/site-packages/airflow/example_dags/tutorial_objectstorage.py
[2024-02-26T16:06:58.079+0000] {processor.py:840} INFO - DAG(s) 'tutorial_objectstorage' retrieved from /home/airflow/.local/lib/python3.11/site-packages/airflow/example_dags/tutorial_objectstorage.py
[2024-02-26T16:06:58.097+0000] {logging_mixin.py:188} INFO - [2024-02-26T16:06:58.096+0000] {dag.py:3047} INFO - Sync 1 DAGs
[2024-02-26T16:06:58.106+0000] {logging_mixin.py:188} INFO - [2024-02-26T16:06:58.106+0000] {dag.py:3834} INFO - Setting next_dagrun for tutorial_objectstorage to None, run_after=None
[2024-02-26T16:06:58.120+0000] {processor.py:183} INFO - Processing /home/airflow/.local/lib/python3.11/site-packages/airflow/example_dags/tutorial_objectstorage.py took 0.055 seconds
[2024-02-26T16:07:28.296+0000] {processor.py:161} INFO - Started process (PID=9553) to work on /home/airflow/.local/lib/python3.11/site-packages/airflow/example_dags/tutorial_objectstorage.py
[2024-02-26T16:07:28.298+0000] {processor.py:830} INFO - Processing file /home/airflow/.local/lib/python3.11/site-packages/airflow/example_dags/tutorial_objectstorage.py for tasks to queue
[2024-02-26T16:07:28.301+0000] {logging_mixin.py:188} INFO - [2024-02-26T16:07:28.300+0000] {dagbag.py:540} INFO - Filling up the DagBag from /home/airflow/.local/lib/python3.11/site-packages/airflow/example_dags/tutorial_objectstorage.py
[2024-02-26T16:07:28.311+0000] {processor.py:840} INFO - DAG(s) 'tutorial_objectstorage' retrieved from /home/airflow/.local/lib/python3.11/site-packages/airflow/example_dags/tutorial_objectstorage.py
[2024-02-26T16:07:28.334+0000] {logging_mixin.py:188} INFO - [2024-02-26T16:07:28.333+0000] {dag.py:3047} INFO - Sync 1 DAGs
[2024-02-26T16:07:28.345+0000] {logging_mixin.py:188} INFO - [2024-02-26T16:07:28.345+0000] {dag.py:3834} INFO - Setting next_dagrun for tutorial_objectstorage to None, run_after=None
[2024-02-26T16:07:28.361+0000] {processor.py:183} INFO - Processing /home/airflow/.local/lib/python3.11/site-packages/airflow/example_dags/tutorial_objectstorage.py took 0.068 seconds
[2024-02-26T16:07:58.524+0000] {processor.py:161} INFO - Started process (PID=9800) to work on /home/airflow/.local/lib/python3.11/site-packages/airflow/example_dags/tutorial_objectstorage.py
[2024-02-26T16:07:58.526+0000] {processor.py:830} INFO - Processing file /home/airflow/.local/lib/python3.11/site-packages/airflow/example_dags/tutorial_objectstorage.py for tasks to queue
[2024-02-26T16:07:58.527+0000] {logging_mixin.py:188} INFO - [2024-02-26T16:07:58.527+0000] {dagbag.py:540} INFO - Filling up the DagBag from /home/airflow/.local/lib/python3.11/site-packages/airflow/example_dags/tutorial_objectstorage.py
[2024-02-26T16:07:58.534+0000] {processor.py:840} INFO - DAG(s) 'tutorial_objectstorage' retrieved from /home/airflow/.local/lib/python3.11/site-packages/airflow/example_dags/tutorial_objectstorage.py
[2024-02-26T16:07:58.555+0000] {logging_mixin.py:188} INFO - [2024-02-26T16:07:58.555+0000] {dag.py:3047} INFO - Sync 1 DAGs
[2024-02-26T16:07:58.564+0000] {logging_mixin.py:188} INFO - [2024-02-26T16:07:58.564+0000] {dag.py:3834} INFO - Setting next_dagrun for tutorial_objectstorage to None, run_after=None
[2024-02-26T16:07:58.576+0000] {processor.py:183} INFO - Processing /home/airflow/.local/lib/python3.11/site-packages/airflow/example_dags/tutorial_objectstorage.py took 0.055 seconds
[2024-02-26T16:08:29.634+0000] {processor.py:161} INFO - Started process (PID=10047) to work on /home/airflow/.local/lib/python3.11/site-packages/airflow/example_dags/tutorial_objectstorage.py
[2024-02-26T16:08:29.636+0000] {processor.py:830} INFO - Processing file /home/airflow/.local/lib/python3.11/site-packages/airflow/example_dags/tutorial_objectstorage.py for tasks to queue
[2024-02-26T16:08:29.638+0000] {logging_mixin.py:188} INFO - [2024-02-26T16:08:29.637+0000] {dagbag.py:540} INFO - Filling up the DagBag from /home/airflow/.local/lib/python3.11/site-packages/airflow/example_dags/tutorial_objectstorage.py
[2024-02-26T16:08:29.645+0000] {processor.py:840} INFO - DAG(s) 'tutorial_objectstorage' retrieved from /home/airflow/.local/lib/python3.11/site-packages/airflow/example_dags/tutorial_objectstorage.py
[2024-02-26T16:08:29.664+0000] {logging_mixin.py:188} INFO - [2024-02-26T16:08:29.664+0000] {dag.py:3047} INFO - Sync 1 DAGs
[2024-02-26T16:08:29.671+0000] {logging_mixin.py:188} INFO - [2024-02-26T16:08:29.671+0000] {dag.py:3834} INFO - Setting next_dagrun for tutorial_objectstorage to None, run_after=None
[2024-02-26T16:08:29.683+0000] {processor.py:183} INFO - Processing /home/airflow/.local/lib/python3.11/site-packages/airflow/example_dags/tutorial_objectstorage.py took 0.052 seconds
[2024-02-26T16:09:00.094+0000] {processor.py:161} INFO - Started process (PID=10294) to work on /home/airflow/.local/lib/python3.11/site-packages/airflow/example_dags/tutorial_objectstorage.py
[2024-02-26T16:09:00.096+0000] {processor.py:830} INFO - Processing file /home/airflow/.local/lib/python3.11/site-packages/airflow/example_dags/tutorial_objectstorage.py for tasks to queue
[2024-02-26T16:09:00.099+0000] {logging_mixin.py:188} INFO - [2024-02-26T16:09:00.099+0000] {dagbag.py:540} INFO - Filling up the DagBag from /home/airflow/.local/lib/python3.11/site-packages/airflow/example_dags/tutorial_objectstorage.py
[2024-02-26T16:09:00.107+0000] {processor.py:840} INFO - DAG(s) 'tutorial_objectstorage' retrieved from /home/airflow/.local/lib/python3.11/site-packages/airflow/example_dags/tutorial_objectstorage.py
[2024-02-26T16:09:00.126+0000] {logging_mixin.py:188} INFO - [2024-02-26T16:09:00.126+0000] {dag.py:3047} INFO - Sync 1 DAGs
[2024-02-26T16:09:00.134+0000] {logging_mixin.py:188} INFO - [2024-02-26T16:09:00.134+0000] {dag.py:3834} INFO - Setting next_dagrun for tutorial_objectstorage to None, run_after=None
[2024-02-26T16:09:00.146+0000] {processor.py:183} INFO - Processing /home/airflow/.local/lib/python3.11/site-packages/airflow/example_dags/tutorial_objectstorage.py took 0.055 seconds
[2024-02-26T16:09:30.326+0000] {processor.py:161} INFO - Started process (PID=10543) to work on /home/airflow/.local/lib/python3.11/site-packages/airflow/example_dags/tutorial_objectstorage.py
[2024-02-26T16:09:30.328+0000] {processor.py:830} INFO - Processing file /home/airflow/.local/lib/python3.11/site-packages/airflow/example_dags/tutorial_objectstorage.py for tasks to queue
[2024-02-26T16:09:30.329+0000] {logging_mixin.py:188} INFO - [2024-02-26T16:09:30.329+0000] {dagbag.py:540} INFO - Filling up the DagBag from /home/airflow/.local/lib/python3.11/site-packages/airflow/example_dags/tutorial_objectstorage.py
[2024-02-26T16:09:30.338+0000] {processor.py:840} INFO - DAG(s) 'tutorial_objectstorage' retrieved from /home/airflow/.local/lib/python3.11/site-packages/airflow/example_dags/tutorial_objectstorage.py
[2024-02-26T16:09:30.357+0000] {logging_mixin.py:188} INFO - [2024-02-26T16:09:30.356+0000] {dag.py:3047} INFO - Sync 1 DAGs
[2024-02-26T16:09:30.367+0000] {logging_mixin.py:188} INFO - [2024-02-26T16:09:30.367+0000] {dag.py:3834} INFO - Setting next_dagrun for tutorial_objectstorage to None, run_after=None
[2024-02-26T16:09:30.380+0000] {processor.py:183} INFO - Processing /home/airflow/.local/lib/python3.11/site-packages/airflow/example_dags/tutorial_objectstorage.py took 0.056 seconds
[2024-02-26T16:10:00.437+0000] {processor.py:161} INFO - Started process (PID=10790) to work on /home/airflow/.local/lib/python3.11/site-packages/airflow/example_dags/tutorial_objectstorage.py
[2024-02-26T16:10:00.439+0000] {processor.py:830} INFO - Processing file /home/airflow/.local/lib/python3.11/site-packages/airflow/example_dags/tutorial_objectstorage.py for tasks to queue
[2024-02-26T16:10:00.442+0000] {logging_mixin.py:188} INFO - [2024-02-26T16:10:00.442+0000] {dagbag.py:540} INFO - Filling up the DagBag from /home/airflow/.local/lib/python3.11/site-packages/airflow/example_dags/tutorial_objectstorage.py
[2024-02-26T16:10:00.449+0000] {processor.py:840} INFO - DAG(s) 'tutorial_objectstorage' retrieved from /home/airflow/.local/lib/python3.11/site-packages/airflow/example_dags/tutorial_objectstorage.py
[2024-02-26T16:10:00.469+0000] {logging_mixin.py:188} INFO - [2024-02-26T16:10:00.469+0000] {dag.py:3047} INFO - Sync 1 DAGs
[2024-02-26T16:10:00.479+0000] {logging_mixin.py:188} INFO - [2024-02-26T16:10:00.479+0000] {dag.py:3834} INFO - Setting next_dagrun for tutorial_objectstorage to None, run_after=None
[2024-02-26T16:10:00.491+0000] {processor.py:183} INFO - Processing /home/airflow/.local/lib/python3.11/site-packages/airflow/example_dags/tutorial_objectstorage.py took 0.057 seconds
[2024-02-26T16:10:30.675+0000] {processor.py:161} INFO - Started process (PID=11037) to work on /home/airflow/.local/lib/python3.11/site-packages/airflow/example_dags/tutorial_objectstorage.py
[2024-02-26T16:10:30.677+0000] {processor.py:830} INFO - Processing file /home/airflow/.local/lib/python3.11/site-packages/airflow/example_dags/tutorial_objectstorage.py for tasks to queue
[2024-02-26T16:10:30.679+0000] {logging_mixin.py:188} INFO - [2024-02-26T16:10:30.678+0000] {dagbag.py:540} INFO - Filling up the DagBag from /home/airflow/.local/lib/python3.11/site-packages/airflow/example_dags/tutorial_objectstorage.py
[2024-02-26T16:10:30.689+0000] {processor.py:840} INFO - DAG(s) 'tutorial_objectstorage' retrieved from /home/airflow/.local/lib/python3.11/site-packages/airflow/example_dags/tutorial_objectstorage.py
[2024-02-26T16:10:30.717+0000] {logging_mixin.py:188} INFO - [2024-02-26T16:10:30.716+0000] {dag.py:3047} INFO - Sync 1 DAGs
[2024-02-26T16:10:30.726+0000] {logging_mixin.py:188} INFO - [2024-02-26T16:10:30.726+0000] {dag.py:3834} INFO - Setting next_dagrun for tutorial_objectstorage to None, run_after=None
[2024-02-26T16:10:30.738+0000] {processor.py:183} INFO - Processing /home/airflow/.local/lib/python3.11/site-packages/airflow/example_dags/tutorial_objectstorage.py took 0.067 seconds
[2024-02-26T16:11:01.088+0000] {processor.py:161} INFO - Started process (PID=11284) to work on /home/airflow/.local/lib/python3.11/site-packages/airflow/example_dags/tutorial_objectstorage.py
[2024-02-26T16:11:01.090+0000] {processor.py:830} INFO - Processing file /home/airflow/.local/lib/python3.11/site-packages/airflow/example_dags/tutorial_objectstorage.py for tasks to queue
[2024-02-26T16:11:01.091+0000] {logging_mixin.py:188} INFO - [2024-02-26T16:11:01.090+0000] {dagbag.py:540} INFO - Filling up the DagBag from /home/airflow/.local/lib/python3.11/site-packages/airflow/example_dags/tutorial_objectstorage.py
[2024-02-26T16:11:01.100+0000] {processor.py:840} INFO - DAG(s) 'tutorial_objectstorage' retrieved from /home/airflow/.local/lib/python3.11/site-packages/airflow/example_dags/tutorial_objectstorage.py
[2024-02-26T16:11:01.120+0000] {logging_mixin.py:188} INFO - [2024-02-26T16:11:01.120+0000] {dag.py:3047} INFO - Sync 1 DAGs
[2024-02-26T16:11:01.129+0000] {logging_mixin.py:188} INFO - [2024-02-26T16:11:01.129+0000] {dag.py:3834} INFO - Setting next_dagrun for tutorial_objectstorage to None, run_after=None
[2024-02-26T16:11:01.152+0000] {processor.py:183} INFO - Processing /home/airflow/.local/lib/python3.11/site-packages/airflow/example_dags/tutorial_objectstorage.py took 0.068 seconds
[2024-02-26T16:11:31.224+0000] {processor.py:161} INFO - Started process (PID=11531) to work on /home/airflow/.local/lib/python3.11/site-packages/airflow/example_dags/tutorial_objectstorage.py
[2024-02-26T16:11:31.226+0000] {processor.py:830} INFO - Processing file /home/airflow/.local/lib/python3.11/site-packages/airflow/example_dags/tutorial_objectstorage.py for tasks to queue
[2024-02-26T16:11:31.228+0000] {logging_mixin.py:188} INFO - [2024-02-26T16:11:31.228+0000] {dagbag.py:540} INFO - Filling up the DagBag from /home/airflow/.local/lib/python3.11/site-packages/airflow/example_dags/tutorial_objectstorage.py
[2024-02-26T16:11:31.235+0000] {processor.py:840} INFO - DAG(s) 'tutorial_objectstorage' retrieved from /home/airflow/.local/lib/python3.11/site-packages/airflow/example_dags/tutorial_objectstorage.py
[2024-02-26T16:11:31.254+0000] {logging_mixin.py:188} INFO - [2024-02-26T16:11:31.254+0000] {dag.py:3047} INFO - Sync 1 DAGs
[2024-02-26T16:11:31.263+0000] {logging_mixin.py:188} INFO - [2024-02-26T16:11:31.263+0000] {dag.py:3834} INFO - Setting next_dagrun for tutorial_objectstorage to None, run_after=None
[2024-02-26T16:11:31.275+0000] {processor.py:183} INFO - Processing /home/airflow/.local/lib/python3.11/site-packages/airflow/example_dags/tutorial_objectstorage.py took 0.057 seconds
[2024-02-26T16:12:01.372+0000] {processor.py:161} INFO - Started process (PID=11778) to work on /home/airflow/.local/lib/python3.11/site-packages/airflow/example_dags/tutorial_objectstorage.py
[2024-02-26T16:12:01.374+0000] {processor.py:830} INFO - Processing file /home/airflow/.local/lib/python3.11/site-packages/airflow/example_dags/tutorial_objectstorage.py for tasks to queue
[2024-02-26T16:12:01.375+0000] {logging_mixin.py:188} INFO - [2024-02-26T16:12:01.375+0000] {dagbag.py:540} INFO - Filling up the DagBag from /home/airflow/.local/lib/python3.11/site-packages/airflow/example_dags/tutorial_objectstorage.py
[2024-02-26T16:12:01.382+0000] {processor.py:840} INFO - DAG(s) 'tutorial_objectstorage' retrieved from /home/airflow/.local/lib/python3.11/site-packages/airflow/example_dags/tutorial_objectstorage.py
[2024-02-26T16:12:01.402+0000] {logging_mixin.py:188} INFO - [2024-02-26T16:12:01.402+0000] {dag.py:3047} INFO - Sync 1 DAGs
[2024-02-26T16:12:01.412+0000] {logging_mixin.py:188} INFO - [2024-02-26T16:12:01.412+0000] {dag.py:3834} INFO - Setting next_dagrun for tutorial_objectstorage to None, run_after=None
[2024-02-26T16:12:01.424+0000] {processor.py:183} INFO - Processing /home/airflow/.local/lib/python3.11/site-packages/airflow/example_dags/tutorial_objectstorage.py took 0.056 seconds
[2024-02-26T16:12:31.488+0000] {processor.py:161} INFO - Started process (PID=12024) to work on /home/airflow/.local/lib/python3.11/site-packages/airflow/example_dags/tutorial_objectstorage.py
[2024-02-26T16:12:31.490+0000] {processor.py:830} INFO - Processing file /home/airflow/.local/lib/python3.11/site-packages/airflow/example_dags/tutorial_objectstorage.py for tasks to queue
[2024-02-26T16:12:31.491+0000] {logging_mixin.py:188} INFO - [2024-02-26T16:12:31.491+0000] {dagbag.py:540} INFO - Filling up the DagBag from /home/airflow/.local/lib/python3.11/site-packages/airflow/example_dags/tutorial_objectstorage.py
[2024-02-26T16:12:31.498+0000] {processor.py:840} INFO - DAG(s) 'tutorial_objectstorage' retrieved from /home/airflow/.local/lib/python3.11/site-packages/airflow/example_dags/tutorial_objectstorage.py
[2024-02-26T16:12:31.515+0000] {logging_mixin.py:188} INFO - [2024-02-26T16:12:31.515+0000] {dag.py:3047} INFO - Sync 1 DAGs
[2024-02-26T16:12:31.523+0000] {logging_mixin.py:188} INFO - [2024-02-26T16:12:31.523+0000] {dag.py:3834} INFO - Setting next_dagrun for tutorial_objectstorage to None, run_after=None
[2024-02-26T16:12:31.534+0000] {processor.py:183} INFO - Processing /home/airflow/.local/lib/python3.11/site-packages/airflow/example_dags/tutorial_objectstorage.py took 0.049 seconds
[2024-02-26T16:13:01.704+0000] {processor.py:161} INFO - Started process (PID=12273) to work on /home/airflow/.local/lib/python3.11/site-packages/airflow/example_dags/tutorial_objectstorage.py
[2024-02-26T16:13:01.706+0000] {processor.py:830} INFO - Processing file /home/airflow/.local/lib/python3.11/site-packages/airflow/example_dags/tutorial_objectstorage.py for tasks to queue
[2024-02-26T16:13:01.707+0000] {logging_mixin.py:188} INFO - [2024-02-26T16:13:01.707+0000] {dagbag.py:540} INFO - Filling up the DagBag from /home/airflow/.local/lib/python3.11/site-packages/airflow/example_dags/tutorial_objectstorage.py
[2024-02-26T16:13:01.714+0000] {processor.py:840} INFO - DAG(s) 'tutorial_objectstorage' retrieved from /home/airflow/.local/lib/python3.11/site-packages/airflow/example_dags/tutorial_objectstorage.py
[2024-02-26T16:13:01.731+0000] {logging_mixin.py:188} INFO - [2024-02-26T16:13:01.731+0000] {dag.py:3047} INFO - Sync 1 DAGs
[2024-02-26T16:13:01.740+0000] {logging_mixin.py:188} INFO - [2024-02-26T16:13:01.740+0000] {dag.py:3834} INFO - Setting next_dagrun for tutorial_objectstorage to None, run_after=None
[2024-02-26T16:13:01.750+0000] {processor.py:183} INFO - Processing /home/airflow/.local/lib/python3.11/site-packages/airflow/example_dags/tutorial_objectstorage.py took 0.049 seconds
[2024-02-26T16:13:31.805+0000] {processor.py:161} INFO - Started process (PID=12521) to work on /home/airflow/.local/lib/python3.11/site-packages/airflow/example_dags/tutorial_objectstorage.py
[2024-02-26T16:13:31.807+0000] {processor.py:830} INFO - Processing file /home/airflow/.local/lib/python3.11/site-packages/airflow/example_dags/tutorial_objectstorage.py for tasks to queue
[2024-02-26T16:13:31.808+0000] {logging_mixin.py:188} INFO - [2024-02-26T16:13:31.808+0000] {dagbag.py:540} INFO - Filling up the DagBag from /home/airflow/.local/lib/python3.11/site-packages/airflow/example_dags/tutorial_objectstorage.py
[2024-02-26T16:13:31.815+0000] {processor.py:840} INFO - DAG(s) 'tutorial_objectstorage' retrieved from /home/airflow/.local/lib/python3.11/site-packages/airflow/example_dags/tutorial_objectstorage.py
[2024-02-26T16:13:31.831+0000] {logging_mixin.py:188} INFO - [2024-02-26T16:13:31.831+0000] {dag.py:3047} INFO - Sync 1 DAGs
[2024-02-26T16:13:31.840+0000] {logging_mixin.py:188} INFO - [2024-02-26T16:13:31.839+0000] {dag.py:3834} INFO - Setting next_dagrun for tutorial_objectstorage to None, run_after=None
[2024-02-26T16:13:31.850+0000] {processor.py:183} INFO - Processing /home/airflow/.local/lib/python3.11/site-packages/airflow/example_dags/tutorial_objectstorage.py took 0.047 seconds
[2024-02-26T16:14:02.274+0000] {processor.py:161} INFO - Started process (PID=12765) to work on /home/airflow/.local/lib/python3.11/site-packages/airflow/example_dags/tutorial_objectstorage.py
[2024-02-26T16:14:02.276+0000] {processor.py:830} INFO - Processing file /home/airflow/.local/lib/python3.11/site-packages/airflow/example_dags/tutorial_objectstorage.py for tasks to queue
[2024-02-26T16:14:02.277+0000] {logging_mixin.py:188} INFO - [2024-02-26T16:14:02.277+0000] {dagbag.py:540} INFO - Filling up the DagBag from /home/airflow/.local/lib/python3.11/site-packages/airflow/example_dags/tutorial_objectstorage.py
[2024-02-26T16:14:02.285+0000] {processor.py:840} INFO - DAG(s) 'tutorial_objectstorage' retrieved from /home/airflow/.local/lib/python3.11/site-packages/airflow/example_dags/tutorial_objectstorage.py
[2024-02-26T16:14:02.303+0000] {logging_mixin.py:188} INFO - [2024-02-26T16:14:02.303+0000] {dag.py:3047} INFO - Sync 1 DAGs
[2024-02-26T16:14:02.313+0000] {logging_mixin.py:188} INFO - [2024-02-26T16:14:02.312+0000] {dag.py:3834} INFO - Setting next_dagrun for tutorial_objectstorage to None, run_after=None
[2024-02-26T16:14:02.324+0000] {processor.py:183} INFO - Processing /home/airflow/.local/lib/python3.11/site-packages/airflow/example_dags/tutorial_objectstorage.py took 0.054 seconds
[2024-02-26T16:14:32.592+0000] {processor.py:161} INFO - Started process (PID=13014) to work on /home/airflow/.local/lib/python3.11/site-packages/airflow/example_dags/tutorial_objectstorage.py
[2024-02-26T16:14:32.593+0000] {processor.py:830} INFO - Processing file /home/airflow/.local/lib/python3.11/site-packages/airflow/example_dags/tutorial_objectstorage.py for tasks to queue
[2024-02-26T16:14:32.595+0000] {logging_mixin.py:188} INFO - [2024-02-26T16:14:32.594+0000] {dagbag.py:540} INFO - Filling up the DagBag from /home/airflow/.local/lib/python3.11/site-packages/airflow/example_dags/tutorial_objectstorage.py
[2024-02-26T16:14:32.601+0000] {processor.py:840} INFO - DAG(s) 'tutorial_objectstorage' retrieved from /home/airflow/.local/lib/python3.11/site-packages/airflow/example_dags/tutorial_objectstorage.py
[2024-02-26T16:14:32.619+0000] {logging_mixin.py:188} INFO - [2024-02-26T16:14:32.619+0000] {dag.py:3047} INFO - Sync 1 DAGs
[2024-02-26T16:14:32.627+0000] {logging_mixin.py:188} INFO - [2024-02-26T16:14:32.627+0000] {dag.py:3834} INFO - Setting next_dagrun for tutorial_objectstorage to None, run_after=None
[2024-02-26T16:14:32.636+0000] {processor.py:183} INFO - Processing /home/airflow/.local/lib/python3.11/site-packages/airflow/example_dags/tutorial_objectstorage.py took 0.048 seconds
