[2024-02-26T15:48:34.288+0000] {processor.py:161} INFO - Started process (PID=269) to work on /home/airflow/.local/lib/python3.11/site-packages/airflow/example_dags/tutorial_dag.py
[2024-02-26T15:48:34.290+0000] {processor.py:830} INFO - Processing file /home/airflow/.local/lib/python3.11/site-packages/airflow/example_dags/tutorial_dag.py for tasks to queue
[2024-02-26T15:48:34.292+0000] {logging_mixin.py:188} INFO - [2024-02-26T15:48:34.291+0000] {dagbag.py:540} INFO - Filling up the DagBag from /home/airflow/.local/lib/python3.11/site-packages/airflow/example_dags/tutorial_dag.py
[2024-02-26T15:48:34.299+0000] {processor.py:840} INFO - DAG(s) 'tutorial_dag' retrieved from /home/airflow/.local/lib/python3.11/site-packages/airflow/example_dags/tutorial_dag.py
[2024-02-26T15:48:34.315+0000] {logging_mixin.py:188} INFO - [2024-02-26T15:48:34.315+0000] {dag.py:3047} INFO - Sync 1 DAGs
[2024-02-26T15:48:34.326+0000] {logging_mixin.py:188} INFO - [2024-02-26T15:48:34.326+0000] {dag.py:3834} INFO - Setting next_dagrun for tutorial_dag to None, run_after=None
[2024-02-26T15:48:34.341+0000] {processor.py:183} INFO - Processing /home/airflow/.local/lib/python3.11/site-packages/airflow/example_dags/tutorial_dag.py took 0.056 seconds
[2024-02-26T15:49:04.480+0000] {processor.py:161} INFO - Started process (PID=516) to work on /home/airflow/.local/lib/python3.11/site-packages/airflow/example_dags/tutorial_dag.py
[2024-02-26T15:49:04.482+0000] {processor.py:830} INFO - Processing file /home/airflow/.local/lib/python3.11/site-packages/airflow/example_dags/tutorial_dag.py for tasks to queue
[2024-02-26T15:49:04.483+0000] {logging_mixin.py:188} INFO - [2024-02-26T15:49:04.483+0000] {dagbag.py:540} INFO - Filling up the DagBag from /home/airflow/.local/lib/python3.11/site-packages/airflow/example_dags/tutorial_dag.py
[2024-02-26T15:49:04.488+0000] {processor.py:840} INFO - DAG(s) 'tutorial_dag' retrieved from /home/airflow/.local/lib/python3.11/site-packages/airflow/example_dags/tutorial_dag.py
[2024-02-26T15:49:04.567+0000] {logging_mixin.py:188} INFO - [2024-02-26T15:49:04.566+0000] {dag.py:3047} INFO - Sync 1 DAGs
[2024-02-26T15:49:04.577+0000] {logging_mixin.py:188} INFO - [2024-02-26T15:49:04.577+0000] {dag.py:3834} INFO - Setting next_dagrun for tutorial_dag to None, run_after=None
[2024-02-26T15:49:04.589+0000] {processor.py:183} INFO - Processing /home/airflow/.local/lib/python3.11/site-packages/airflow/example_dags/tutorial_dag.py took 0.112 seconds
[2024-02-26T15:49:34.956+0000] {processor.py:161} INFO - Started process (PID=763) to work on /home/airflow/.local/lib/python3.11/site-packages/airflow/example_dags/tutorial_dag.py
[2024-02-26T15:49:34.958+0000] {processor.py:830} INFO - Processing file /home/airflow/.local/lib/python3.11/site-packages/airflow/example_dags/tutorial_dag.py for tasks to queue
[2024-02-26T15:49:34.959+0000] {logging_mixin.py:188} INFO - [2024-02-26T15:49:34.959+0000] {dagbag.py:540} INFO - Filling up the DagBag from /home/airflow/.local/lib/python3.11/site-packages/airflow/example_dags/tutorial_dag.py
[2024-02-26T15:49:34.964+0000] {processor.py:840} INFO - DAG(s) 'tutorial_dag' retrieved from /home/airflow/.local/lib/python3.11/site-packages/airflow/example_dags/tutorial_dag.py
[2024-02-26T15:49:34.986+0000] {logging_mixin.py:188} INFO - [2024-02-26T15:49:34.986+0000] {dag.py:3047} INFO - Sync 1 DAGs
[2024-02-26T15:49:34.994+0000] {logging_mixin.py:188} INFO - [2024-02-26T15:49:34.994+0000] {dag.py:3834} INFO - Setting next_dagrun for tutorial_dag to None, run_after=None
[2024-02-26T15:49:35.005+0000] {processor.py:183} INFO - Processing /home/airflow/.local/lib/python3.11/site-packages/airflow/example_dags/tutorial_dag.py took 0.053 seconds
[2024-02-26T15:50:05.679+0000] {processor.py:161} INFO - Started process (PID=1011) to work on /home/airflow/.local/lib/python3.11/site-packages/airflow/example_dags/tutorial_dag.py
[2024-02-26T15:50:05.681+0000] {processor.py:830} INFO - Processing file /home/airflow/.local/lib/python3.11/site-packages/airflow/example_dags/tutorial_dag.py for tasks to queue
[2024-02-26T15:50:05.682+0000] {logging_mixin.py:188} INFO - [2024-02-26T15:50:05.682+0000] {dagbag.py:540} INFO - Filling up the DagBag from /home/airflow/.local/lib/python3.11/site-packages/airflow/example_dags/tutorial_dag.py
[2024-02-26T15:50:05.689+0000] {processor.py:840} INFO - DAG(s) 'tutorial_dag' retrieved from /home/airflow/.local/lib/python3.11/site-packages/airflow/example_dags/tutorial_dag.py
[2024-02-26T15:50:05.711+0000] {logging_mixin.py:188} INFO - [2024-02-26T15:50:05.710+0000] {dag.py:3047} INFO - Sync 1 DAGs
[2024-02-26T15:50:05.721+0000] {logging_mixin.py:188} INFO - [2024-02-26T15:50:05.721+0000] {dag.py:3834} INFO - Setting next_dagrun for tutorial_dag to None, run_after=None
[2024-02-26T15:50:05.733+0000] {processor.py:183} INFO - Processing /home/airflow/.local/lib/python3.11/site-packages/airflow/example_dags/tutorial_dag.py took 0.057 seconds
[2024-02-26T15:50:36.993+0000] {processor.py:161} INFO - Started process (PID=1259) to work on /home/airflow/.local/lib/python3.11/site-packages/airflow/example_dags/tutorial_dag.py
[2024-02-26T15:50:36.996+0000] {processor.py:830} INFO - Processing file /home/airflow/.local/lib/python3.11/site-packages/airflow/example_dags/tutorial_dag.py for tasks to queue
[2024-02-26T15:50:36.999+0000] {logging_mixin.py:188} INFO - [2024-02-26T15:50:36.998+0000] {dagbag.py:540} INFO - Filling up the DagBag from /home/airflow/.local/lib/python3.11/site-packages/airflow/example_dags/tutorial_dag.py
[2024-02-26T15:50:37.005+0000] {processor.py:840} INFO - DAG(s) 'tutorial_dag' retrieved from /home/airflow/.local/lib/python3.11/site-packages/airflow/example_dags/tutorial_dag.py
[2024-02-26T15:50:37.031+0000] {logging_mixin.py:188} INFO - [2024-02-26T15:50:37.030+0000] {dag.py:3047} INFO - Sync 1 DAGs
[2024-02-26T15:50:37.041+0000] {logging_mixin.py:188} INFO - [2024-02-26T15:50:37.041+0000] {dag.py:3834} INFO - Setting next_dagrun for tutorial_dag to None, run_after=None
[2024-02-26T15:50:37.068+0000] {processor.py:183} INFO - Processing /home/airflow/.local/lib/python3.11/site-packages/airflow/example_dags/tutorial_dag.py took 0.078 seconds
[2024-02-26T15:51:07.798+0000] {processor.py:161} INFO - Started process (PID=1504) to work on /home/airflow/.local/lib/python3.11/site-packages/airflow/example_dags/tutorial_dag.py
[2024-02-26T15:51:07.800+0000] {processor.py:830} INFO - Processing file /home/airflow/.local/lib/python3.11/site-packages/airflow/example_dags/tutorial_dag.py for tasks to queue
[2024-02-26T15:51:07.801+0000] {logging_mixin.py:188} INFO - [2024-02-26T15:51:07.801+0000] {dagbag.py:540} INFO - Filling up the DagBag from /home/airflow/.local/lib/python3.11/site-packages/airflow/example_dags/tutorial_dag.py
[2024-02-26T15:51:07.808+0000] {processor.py:840} INFO - DAG(s) 'tutorial_dag' retrieved from /home/airflow/.local/lib/python3.11/site-packages/airflow/example_dags/tutorial_dag.py
[2024-02-26T15:51:07.830+0000] {logging_mixin.py:188} INFO - [2024-02-26T15:51:07.829+0000] {dag.py:3047} INFO - Sync 1 DAGs
[2024-02-26T15:51:07.838+0000] {logging_mixin.py:188} INFO - [2024-02-26T15:51:07.838+0000] {dag.py:3834} INFO - Setting next_dagrun for tutorial_dag to None, run_after=None
[2024-02-26T15:51:07.850+0000] {processor.py:183} INFO - Processing /home/airflow/.local/lib/python3.11/site-packages/airflow/example_dags/tutorial_dag.py took 0.055 seconds
[2024-02-26T15:51:38.678+0000] {processor.py:161} INFO - Started process (PID=1753) to work on /home/airflow/.local/lib/python3.11/site-packages/airflow/example_dags/tutorial_dag.py
[2024-02-26T15:51:38.679+0000] {processor.py:830} INFO - Processing file /home/airflow/.local/lib/python3.11/site-packages/airflow/example_dags/tutorial_dag.py for tasks to queue
[2024-02-26T15:51:38.681+0000] {logging_mixin.py:188} INFO - [2024-02-26T15:51:38.680+0000] {dagbag.py:540} INFO - Filling up the DagBag from /home/airflow/.local/lib/python3.11/site-packages/airflow/example_dags/tutorial_dag.py
[2024-02-26T15:51:38.687+0000] {processor.py:840} INFO - DAG(s) 'tutorial_dag' retrieved from /home/airflow/.local/lib/python3.11/site-packages/airflow/example_dags/tutorial_dag.py
[2024-02-26T15:51:38.709+0000] {logging_mixin.py:188} INFO - [2024-02-26T15:51:38.709+0000] {dag.py:3047} INFO - Sync 1 DAGs
[2024-02-26T15:51:38.718+0000] {logging_mixin.py:188} INFO - [2024-02-26T15:51:38.717+0000] {dag.py:3834} INFO - Setting next_dagrun for tutorial_dag to None, run_after=None
[2024-02-26T15:51:38.729+0000] {processor.py:183} INFO - Processing /home/airflow/.local/lib/python3.11/site-packages/airflow/example_dags/tutorial_dag.py took 0.055 seconds
[2024-02-26T15:52:09.543+0000] {processor.py:161} INFO - Started process (PID=2046) to work on /home/airflow/.local/lib/python3.11/site-packages/airflow/example_dags/tutorial_dag.py
[2024-02-26T15:52:09.545+0000] {processor.py:830} INFO - Processing file /home/airflow/.local/lib/python3.11/site-packages/airflow/example_dags/tutorial_dag.py for tasks to queue
[2024-02-26T15:52:09.548+0000] {logging_mixin.py:188} INFO - [2024-02-26T15:52:09.548+0000] {dagbag.py:540} INFO - Filling up the DagBag from /home/airflow/.local/lib/python3.11/site-packages/airflow/example_dags/tutorial_dag.py
[2024-02-26T15:52:09.555+0000] {processor.py:840} INFO - DAG(s) 'tutorial_dag' retrieved from /home/airflow/.local/lib/python3.11/site-packages/airflow/example_dags/tutorial_dag.py
[2024-02-26T15:52:09.582+0000] {logging_mixin.py:188} INFO - [2024-02-26T15:52:09.581+0000] {dag.py:3047} INFO - Sync 1 DAGs
[2024-02-26T15:52:09.593+0000] {logging_mixin.py:188} INFO - [2024-02-26T15:52:09.593+0000] {dag.py:3834} INFO - Setting next_dagrun for tutorial_dag to None, run_after=None
[2024-02-26T15:52:09.605+0000] {processor.py:183} INFO - Processing /home/airflow/.local/lib/python3.11/site-packages/airflow/example_dags/tutorial_dag.py took 0.066 seconds
[2024-02-26T15:52:39.916+0000] {processor.py:161} INFO - Started process (PID=2317) to work on /home/airflow/.local/lib/python3.11/site-packages/airflow/example_dags/tutorial_dag.py
[2024-02-26T15:52:39.918+0000] {processor.py:830} INFO - Processing file /home/airflow/.local/lib/python3.11/site-packages/airflow/example_dags/tutorial_dag.py for tasks to queue
[2024-02-26T15:52:39.919+0000] {logging_mixin.py:188} INFO - [2024-02-26T15:52:39.919+0000] {dagbag.py:540} INFO - Filling up the DagBag from /home/airflow/.local/lib/python3.11/site-packages/airflow/example_dags/tutorial_dag.py
[2024-02-26T15:52:39.924+0000] {processor.py:840} INFO - DAG(s) 'tutorial_dag' retrieved from /home/airflow/.local/lib/python3.11/site-packages/airflow/example_dags/tutorial_dag.py
[2024-02-26T15:52:39.945+0000] {logging_mixin.py:188} INFO - [2024-02-26T15:52:39.945+0000] {dag.py:3047} INFO - Sync 1 DAGs
[2024-02-26T15:52:39.955+0000] {logging_mixin.py:188} INFO - [2024-02-26T15:52:39.954+0000] {dag.py:3834} INFO - Setting next_dagrun for tutorial_dag to None, run_after=None
[2024-02-26T15:52:39.967+0000] {processor.py:183} INFO - Processing /home/airflow/.local/lib/python3.11/site-packages/airflow/example_dags/tutorial_dag.py took 0.054 seconds
[2024-02-26T15:53:10.749+0000] {processor.py:161} INFO - Started process (PID=2564) to work on /home/airflow/.local/lib/python3.11/site-packages/airflow/example_dags/tutorial_dag.py
[2024-02-26T15:53:10.751+0000] {processor.py:830} INFO - Processing file /home/airflow/.local/lib/python3.11/site-packages/airflow/example_dags/tutorial_dag.py for tasks to queue
[2024-02-26T15:53:10.754+0000] {logging_mixin.py:188} INFO - [2024-02-26T15:53:10.754+0000] {dagbag.py:540} INFO - Filling up the DagBag from /home/airflow/.local/lib/python3.11/site-packages/airflow/example_dags/tutorial_dag.py
[2024-02-26T15:53:10.759+0000] {processor.py:840} INFO - DAG(s) 'tutorial_dag' retrieved from /home/airflow/.local/lib/python3.11/site-packages/airflow/example_dags/tutorial_dag.py
[2024-02-26T15:53:10.781+0000] {logging_mixin.py:188} INFO - [2024-02-26T15:53:10.781+0000] {dag.py:3047} INFO - Sync 1 DAGs
[2024-02-26T15:53:10.790+0000] {logging_mixin.py:188} INFO - [2024-02-26T15:53:10.790+0000] {dag.py:3834} INFO - Setting next_dagrun for tutorial_dag to None, run_after=None
[2024-02-26T15:53:10.801+0000] {processor.py:183} INFO - Processing /home/airflow/.local/lib/python3.11/site-packages/airflow/example_dags/tutorial_dag.py took 0.055 seconds
[2024-02-26T15:53:41.551+0000] {processor.py:161} INFO - Started process (PID=2811) to work on /home/airflow/.local/lib/python3.11/site-packages/airflow/example_dags/tutorial_dag.py
[2024-02-26T15:53:41.552+0000] {processor.py:830} INFO - Processing file /home/airflow/.local/lib/python3.11/site-packages/airflow/example_dags/tutorial_dag.py for tasks to queue
[2024-02-26T15:53:41.554+0000] {logging_mixin.py:188} INFO - [2024-02-26T15:53:41.553+0000] {dagbag.py:540} INFO - Filling up the DagBag from /home/airflow/.local/lib/python3.11/site-packages/airflow/example_dags/tutorial_dag.py
[2024-02-26T15:53:41.559+0000] {processor.py:840} INFO - DAG(s) 'tutorial_dag' retrieved from /home/airflow/.local/lib/python3.11/site-packages/airflow/example_dags/tutorial_dag.py
[2024-02-26T15:53:41.579+0000] {logging_mixin.py:188} INFO - [2024-02-26T15:53:41.578+0000] {dag.py:3047} INFO - Sync 1 DAGs
[2024-02-26T15:53:41.588+0000] {logging_mixin.py:188} INFO - [2024-02-26T15:53:41.588+0000] {dag.py:3834} INFO - Setting next_dagrun for tutorial_dag to None, run_after=None
[2024-02-26T15:53:41.603+0000] {processor.py:183} INFO - Processing /home/airflow/.local/lib/python3.11/site-packages/airflow/example_dags/tutorial_dag.py took 0.055 seconds
[2024-02-26T15:54:12.321+0000] {processor.py:161} INFO - Started process (PID=3058) to work on /home/airflow/.local/lib/python3.11/site-packages/airflow/example_dags/tutorial_dag.py
[2024-02-26T15:54:12.322+0000] {processor.py:830} INFO - Processing file /home/airflow/.local/lib/python3.11/site-packages/airflow/example_dags/tutorial_dag.py for tasks to queue
[2024-02-26T15:54:12.324+0000] {logging_mixin.py:188} INFO - [2024-02-26T15:54:12.323+0000] {dagbag.py:540} INFO - Filling up the DagBag from /home/airflow/.local/lib/python3.11/site-packages/airflow/example_dags/tutorial_dag.py
[2024-02-26T15:54:12.328+0000] {processor.py:840} INFO - DAG(s) 'tutorial_dag' retrieved from /home/airflow/.local/lib/python3.11/site-packages/airflow/example_dags/tutorial_dag.py
[2024-02-26T15:54:12.350+0000] {logging_mixin.py:188} INFO - [2024-02-26T15:54:12.350+0000] {dag.py:3047} INFO - Sync 1 DAGs
[2024-02-26T15:54:12.359+0000] {logging_mixin.py:188} INFO - [2024-02-26T15:54:12.359+0000] {dag.py:3834} INFO - Setting next_dagrun for tutorial_dag to None, run_after=None
[2024-02-26T15:54:12.371+0000] {processor.py:183} INFO - Processing /home/airflow/.local/lib/python3.11/site-packages/airflow/example_dags/tutorial_dag.py took 0.054 seconds
[2024-02-26T15:54:43.185+0000] {processor.py:161} INFO - Started process (PID=3305) to work on /home/airflow/.local/lib/python3.11/site-packages/airflow/example_dags/tutorial_dag.py
[2024-02-26T15:54:43.187+0000] {processor.py:830} INFO - Processing file /home/airflow/.local/lib/python3.11/site-packages/airflow/example_dags/tutorial_dag.py for tasks to queue
[2024-02-26T15:54:43.188+0000] {logging_mixin.py:188} INFO - [2024-02-26T15:54:43.188+0000] {dagbag.py:540} INFO - Filling up the DagBag from /home/airflow/.local/lib/python3.11/site-packages/airflow/example_dags/tutorial_dag.py
[2024-02-26T15:54:43.194+0000] {processor.py:840} INFO - DAG(s) 'tutorial_dag' retrieved from /home/airflow/.local/lib/python3.11/site-packages/airflow/example_dags/tutorial_dag.py
[2024-02-26T15:54:43.212+0000] {logging_mixin.py:188} INFO - [2024-02-26T15:54:43.212+0000] {dag.py:3047} INFO - Sync 1 DAGs
[2024-02-26T15:54:43.220+0000] {logging_mixin.py:188} INFO - [2024-02-26T15:54:43.220+0000] {dag.py:3834} INFO - Setting next_dagrun for tutorial_dag to None, run_after=None
[2024-02-26T15:54:43.231+0000] {processor.py:183} INFO - Processing /home/airflow/.local/lib/python3.11/site-packages/airflow/example_dags/tutorial_dag.py took 0.048 seconds
[2024-02-26T15:55:14.151+0000] {processor.py:161} INFO - Started process (PID=3551) to work on /home/airflow/.local/lib/python3.11/site-packages/airflow/example_dags/tutorial_dag.py
[2024-02-26T15:55:14.153+0000] {processor.py:830} INFO - Processing file /home/airflow/.local/lib/python3.11/site-packages/airflow/example_dags/tutorial_dag.py for tasks to queue
[2024-02-26T15:55:14.155+0000] {logging_mixin.py:188} INFO - [2024-02-26T15:55:14.155+0000] {dagbag.py:540} INFO - Filling up the DagBag from /home/airflow/.local/lib/python3.11/site-packages/airflow/example_dags/tutorial_dag.py
[2024-02-26T15:55:14.160+0000] {processor.py:840} INFO - DAG(s) 'tutorial_dag' retrieved from /home/airflow/.local/lib/python3.11/site-packages/airflow/example_dags/tutorial_dag.py
[2024-02-26T15:55:14.182+0000] {logging_mixin.py:188} INFO - [2024-02-26T15:55:14.182+0000] {dag.py:3047} INFO - Sync 1 DAGs
[2024-02-26T15:55:14.192+0000] {logging_mixin.py:188} INFO - [2024-02-26T15:55:14.191+0000] {dag.py:3834} INFO - Setting next_dagrun for tutorial_dag to None, run_after=None
[2024-02-26T15:55:14.210+0000] {processor.py:183} INFO - Processing /home/airflow/.local/lib/python3.11/site-packages/airflow/example_dags/tutorial_dag.py took 0.061 seconds
[2024-02-26T15:55:45.158+0000] {processor.py:161} INFO - Started process (PID=3798) to work on /home/airflow/.local/lib/python3.11/site-packages/airflow/example_dags/tutorial_dag.py
[2024-02-26T15:55:45.159+0000] {processor.py:830} INFO - Processing file /home/airflow/.local/lib/python3.11/site-packages/airflow/example_dags/tutorial_dag.py for tasks to queue
[2024-02-26T15:55:45.161+0000] {logging_mixin.py:188} INFO - [2024-02-26T15:55:45.160+0000] {dagbag.py:540} INFO - Filling up the DagBag from /home/airflow/.local/lib/python3.11/site-packages/airflow/example_dags/tutorial_dag.py
[2024-02-26T15:55:45.166+0000] {processor.py:840} INFO - DAG(s) 'tutorial_dag' retrieved from /home/airflow/.local/lib/python3.11/site-packages/airflow/example_dags/tutorial_dag.py
[2024-02-26T15:55:45.189+0000] {logging_mixin.py:188} INFO - [2024-02-26T15:55:45.189+0000] {dag.py:3047} INFO - Sync 1 DAGs
[2024-02-26T15:55:45.198+0000] {logging_mixin.py:188} INFO - [2024-02-26T15:55:45.198+0000] {dag.py:3834} INFO - Setting next_dagrun for tutorial_dag to None, run_after=None
[2024-02-26T15:55:45.212+0000] {processor.py:183} INFO - Processing /home/airflow/.local/lib/python3.11/site-packages/airflow/example_dags/tutorial_dag.py took 0.057 seconds
[2024-02-26T15:56:15.383+0000] {processor.py:161} INFO - Started process (PID=4045) to work on /home/airflow/.local/lib/python3.11/site-packages/airflow/example_dags/tutorial_dag.py
[2024-02-26T15:56:15.385+0000] {processor.py:830} INFO - Processing file /home/airflow/.local/lib/python3.11/site-packages/airflow/example_dags/tutorial_dag.py for tasks to queue
[2024-02-26T15:56:15.386+0000] {logging_mixin.py:188} INFO - [2024-02-26T15:56:15.386+0000] {dagbag.py:540} INFO - Filling up the DagBag from /home/airflow/.local/lib/python3.11/site-packages/airflow/example_dags/tutorial_dag.py
[2024-02-26T15:56:15.391+0000] {processor.py:840} INFO - DAG(s) 'tutorial_dag' retrieved from /home/airflow/.local/lib/python3.11/site-packages/airflow/example_dags/tutorial_dag.py
[2024-02-26T15:56:15.411+0000] {logging_mixin.py:188} INFO - [2024-02-26T15:56:15.410+0000] {dag.py:3047} INFO - Sync 1 DAGs
[2024-02-26T15:56:15.419+0000] {logging_mixin.py:188} INFO - [2024-02-26T15:56:15.419+0000] {dag.py:3834} INFO - Setting next_dagrun for tutorial_dag to None, run_after=None
[2024-02-26T15:56:15.430+0000] {processor.py:183} INFO - Processing /home/airflow/.local/lib/python3.11/site-packages/airflow/example_dags/tutorial_dag.py took 0.050 seconds
[2024-02-26T15:56:45.780+0000] {processor.py:161} INFO - Started process (PID=4293) to work on /home/airflow/.local/lib/python3.11/site-packages/airflow/example_dags/tutorial_dag.py
[2024-02-26T15:56:45.782+0000] {processor.py:830} INFO - Processing file /home/airflow/.local/lib/python3.11/site-packages/airflow/example_dags/tutorial_dag.py for tasks to queue
[2024-02-26T15:56:45.783+0000] {logging_mixin.py:188} INFO - [2024-02-26T15:56:45.783+0000] {dagbag.py:540} INFO - Filling up the DagBag from /home/airflow/.local/lib/python3.11/site-packages/airflow/example_dags/tutorial_dag.py
[2024-02-26T15:56:45.790+0000] {processor.py:840} INFO - DAG(s) 'tutorial_dag' retrieved from /home/airflow/.local/lib/python3.11/site-packages/airflow/example_dags/tutorial_dag.py
[2024-02-26T15:56:45.811+0000] {logging_mixin.py:188} INFO - [2024-02-26T15:56:45.811+0000] {dag.py:3047} INFO - Sync 1 DAGs
[2024-02-26T15:56:45.820+0000] {logging_mixin.py:188} INFO - [2024-02-26T15:56:45.819+0000] {dag.py:3834} INFO - Setting next_dagrun for tutorial_dag to None, run_after=None
[2024-02-26T15:56:45.833+0000] {processor.py:183} INFO - Processing /home/airflow/.local/lib/python3.11/site-packages/airflow/example_dags/tutorial_dag.py took 0.056 seconds
[2024-02-26T15:57:16.114+0000] {processor.py:161} INFO - Started process (PID=4540) to work on /home/airflow/.local/lib/python3.11/site-packages/airflow/example_dags/tutorial_dag.py
[2024-02-26T15:57:16.117+0000] {processor.py:830} INFO - Processing file /home/airflow/.local/lib/python3.11/site-packages/airflow/example_dags/tutorial_dag.py for tasks to queue
[2024-02-26T15:57:16.119+0000] {logging_mixin.py:188} INFO - [2024-02-26T15:57:16.119+0000] {dagbag.py:540} INFO - Filling up the DagBag from /home/airflow/.local/lib/python3.11/site-packages/airflow/example_dags/tutorial_dag.py
[2024-02-26T15:57:16.124+0000] {processor.py:840} INFO - DAG(s) 'tutorial_dag' retrieved from /home/airflow/.local/lib/python3.11/site-packages/airflow/example_dags/tutorial_dag.py
[2024-02-26T15:57:16.170+0000] {logging_mixin.py:188} INFO - [2024-02-26T15:57:16.170+0000] {dag.py:3047} INFO - Sync 1 DAGs
[2024-02-26T15:57:16.179+0000] {logging_mixin.py:188} INFO - [2024-02-26T15:57:16.179+0000] {dag.py:3834} INFO - Setting next_dagrun for tutorial_dag to None, run_after=None
[2024-02-26T15:57:16.193+0000] {processor.py:183} INFO - Processing /home/airflow/.local/lib/python3.11/site-packages/airflow/example_dags/tutorial_dag.py took 0.083 seconds
[2024-02-26T15:57:46.385+0000] {processor.py:161} INFO - Started process (PID=4787) to work on /home/airflow/.local/lib/python3.11/site-packages/airflow/example_dags/tutorial_dag.py
[2024-02-26T15:57:46.387+0000] {processor.py:830} INFO - Processing file /home/airflow/.local/lib/python3.11/site-packages/airflow/example_dags/tutorial_dag.py for tasks to queue
[2024-02-26T15:57:46.391+0000] {logging_mixin.py:188} INFO - [2024-02-26T15:57:46.391+0000] {dagbag.py:540} INFO - Filling up the DagBag from /home/airflow/.local/lib/python3.11/site-packages/airflow/example_dags/tutorial_dag.py
[2024-02-26T15:57:46.396+0000] {processor.py:840} INFO - DAG(s) 'tutorial_dag' retrieved from /home/airflow/.local/lib/python3.11/site-packages/airflow/example_dags/tutorial_dag.py
[2024-02-26T15:57:46.421+0000] {logging_mixin.py:188} INFO - [2024-02-26T15:57:46.421+0000] {dag.py:3047} INFO - Sync 1 DAGs
[2024-02-26T15:57:46.430+0000] {logging_mixin.py:188} INFO - [2024-02-26T15:57:46.430+0000] {dag.py:3834} INFO - Setting next_dagrun for tutorial_dag to None, run_after=None
[2024-02-26T15:57:46.444+0000] {processor.py:183} INFO - Processing /home/airflow/.local/lib/python3.11/site-packages/airflow/example_dags/tutorial_dag.py took 0.062 seconds
[2024-02-26T15:58:16.640+0000] {processor.py:161} INFO - Started process (PID=5031) to work on /home/airflow/.local/lib/python3.11/site-packages/airflow/example_dags/tutorial_dag.py
[2024-02-26T15:58:16.642+0000] {processor.py:830} INFO - Processing file /home/airflow/.local/lib/python3.11/site-packages/airflow/example_dags/tutorial_dag.py for tasks to queue
[2024-02-26T15:58:16.644+0000] {logging_mixin.py:188} INFO - [2024-02-26T15:58:16.644+0000] {dagbag.py:540} INFO - Filling up the DagBag from /home/airflow/.local/lib/python3.11/site-packages/airflow/example_dags/tutorial_dag.py
[2024-02-26T15:58:16.650+0000] {processor.py:840} INFO - DAG(s) 'tutorial_dag' retrieved from /home/airflow/.local/lib/python3.11/site-packages/airflow/example_dags/tutorial_dag.py
[2024-02-26T15:58:16.672+0000] {logging_mixin.py:188} INFO - [2024-02-26T15:58:16.672+0000] {dag.py:3047} INFO - Sync 1 DAGs
[2024-02-26T15:58:16.683+0000] {logging_mixin.py:188} INFO - [2024-02-26T15:58:16.683+0000] {dag.py:3834} INFO - Setting next_dagrun for tutorial_dag to None, run_after=None
[2024-02-26T15:58:16.697+0000] {processor.py:183} INFO - Processing /home/airflow/.local/lib/python3.11/site-packages/airflow/example_dags/tutorial_dag.py took 0.060 seconds
[2024-02-26T15:58:46.942+0000] {processor.py:161} INFO - Started process (PID=5277) to work on /home/airflow/.local/lib/python3.11/site-packages/airflow/example_dags/tutorial_dag.py
[2024-02-26T15:58:46.945+0000] {processor.py:830} INFO - Processing file /home/airflow/.local/lib/python3.11/site-packages/airflow/example_dags/tutorial_dag.py for tasks to queue
[2024-02-26T15:58:46.946+0000] {logging_mixin.py:188} INFO - [2024-02-26T15:58:46.946+0000] {dagbag.py:540} INFO - Filling up the DagBag from /home/airflow/.local/lib/python3.11/site-packages/airflow/example_dags/tutorial_dag.py
[2024-02-26T15:58:46.952+0000] {processor.py:840} INFO - DAG(s) 'tutorial_dag' retrieved from /home/airflow/.local/lib/python3.11/site-packages/airflow/example_dags/tutorial_dag.py
[2024-02-26T15:58:46.975+0000] {logging_mixin.py:188} INFO - [2024-02-26T15:58:46.975+0000] {dag.py:3047} INFO - Sync 1 DAGs
[2024-02-26T15:58:46.984+0000] {logging_mixin.py:188} INFO - [2024-02-26T15:58:46.984+0000] {dag.py:3834} INFO - Setting next_dagrun for tutorial_dag to None, run_after=None
[2024-02-26T15:58:46.998+0000] {processor.py:183} INFO - Processing /home/airflow/.local/lib/python3.11/site-packages/airflow/example_dags/tutorial_dag.py took 0.059 seconds
[2024-02-26T15:59:17.154+0000] {processor.py:161} INFO - Started process (PID=5527) to work on /home/airflow/.local/lib/python3.11/site-packages/airflow/example_dags/tutorial_dag.py
[2024-02-26T15:59:17.156+0000] {processor.py:830} INFO - Processing file /home/airflow/.local/lib/python3.11/site-packages/airflow/example_dags/tutorial_dag.py for tasks to queue
[2024-02-26T15:59:17.157+0000] {logging_mixin.py:188} INFO - [2024-02-26T15:59:17.157+0000] {dagbag.py:540} INFO - Filling up the DagBag from /home/airflow/.local/lib/python3.11/site-packages/airflow/example_dags/tutorial_dag.py
[2024-02-26T15:59:17.162+0000] {processor.py:840} INFO - DAG(s) 'tutorial_dag' retrieved from /home/airflow/.local/lib/python3.11/site-packages/airflow/example_dags/tutorial_dag.py
[2024-02-26T15:59:17.180+0000] {logging_mixin.py:188} INFO - [2024-02-26T15:59:17.180+0000] {dag.py:3047} INFO - Sync 1 DAGs
[2024-02-26T15:59:17.189+0000] {logging_mixin.py:188} INFO - [2024-02-26T15:59:17.189+0000] {dag.py:3834} INFO - Setting next_dagrun for tutorial_dag to None, run_after=None
[2024-02-26T15:59:17.199+0000] {processor.py:183} INFO - Processing /home/airflow/.local/lib/python3.11/site-packages/airflow/example_dags/tutorial_dag.py took 0.047 seconds
[2024-02-26T15:59:47.272+0000] {processor.py:161} INFO - Started process (PID=5774) to work on /home/airflow/.local/lib/python3.11/site-packages/airflow/example_dags/tutorial_dag.py
[2024-02-26T15:59:47.274+0000] {processor.py:830} INFO - Processing file /home/airflow/.local/lib/python3.11/site-packages/airflow/example_dags/tutorial_dag.py for tasks to queue
[2024-02-26T15:59:47.275+0000] {logging_mixin.py:188} INFO - [2024-02-26T15:59:47.275+0000] {dagbag.py:540} INFO - Filling up the DagBag from /home/airflow/.local/lib/python3.11/site-packages/airflow/example_dags/tutorial_dag.py
[2024-02-26T15:59:47.280+0000] {processor.py:840} INFO - DAG(s) 'tutorial_dag' retrieved from /home/airflow/.local/lib/python3.11/site-packages/airflow/example_dags/tutorial_dag.py
[2024-02-26T15:59:47.299+0000] {logging_mixin.py:188} INFO - [2024-02-26T15:59:47.298+0000] {dag.py:3047} INFO - Sync 1 DAGs
[2024-02-26T15:59:47.307+0000] {logging_mixin.py:188} INFO - [2024-02-26T15:59:47.306+0000] {dag.py:3834} INFO - Setting next_dagrun for tutorial_dag to None, run_after=None
[2024-02-26T15:59:47.316+0000] {processor.py:183} INFO - Processing /home/airflow/.local/lib/python3.11/site-packages/airflow/example_dags/tutorial_dag.py took 0.047 seconds
[2024-02-26T16:00:18.106+0000] {processor.py:161} INFO - Started process (PID=6019) to work on /home/airflow/.local/lib/python3.11/site-packages/airflow/example_dags/tutorial_dag.py
[2024-02-26T16:00:18.108+0000] {processor.py:830} INFO - Processing file /home/airflow/.local/lib/python3.11/site-packages/airflow/example_dags/tutorial_dag.py for tasks to queue
[2024-02-26T16:00:18.109+0000] {logging_mixin.py:188} INFO - [2024-02-26T16:00:18.109+0000] {dagbag.py:540} INFO - Filling up the DagBag from /home/airflow/.local/lib/python3.11/site-packages/airflow/example_dags/tutorial_dag.py
[2024-02-26T16:00:18.115+0000] {processor.py:840} INFO - DAG(s) 'tutorial_dag' retrieved from /home/airflow/.local/lib/python3.11/site-packages/airflow/example_dags/tutorial_dag.py
[2024-02-26T16:00:18.134+0000] {logging_mixin.py:188} INFO - [2024-02-26T16:00:18.134+0000] {dag.py:3047} INFO - Sync 1 DAGs
[2024-02-26T16:00:18.143+0000] {logging_mixin.py:188} INFO - [2024-02-26T16:00:18.142+0000] {dag.py:3834} INFO - Setting next_dagrun for tutorial_dag to None, run_after=None
[2024-02-26T16:00:18.152+0000] {processor.py:183} INFO - Processing /home/airflow/.local/lib/python3.11/site-packages/airflow/example_dags/tutorial_dag.py took 0.050 seconds
[2024-02-26T16:00:48.956+0000] {processor.py:161} INFO - Started process (PID=6265) to work on /home/airflow/.local/lib/python3.11/site-packages/airflow/example_dags/tutorial_dag.py
[2024-02-26T16:00:48.957+0000] {processor.py:830} INFO - Processing file /home/airflow/.local/lib/python3.11/site-packages/airflow/example_dags/tutorial_dag.py for tasks to queue
[2024-02-26T16:00:48.959+0000] {logging_mixin.py:188} INFO - [2024-02-26T16:00:48.959+0000] {dagbag.py:540} INFO - Filling up the DagBag from /home/airflow/.local/lib/python3.11/site-packages/airflow/example_dags/tutorial_dag.py
[2024-02-26T16:00:48.965+0000] {processor.py:840} INFO - DAG(s) 'tutorial_dag' retrieved from /home/airflow/.local/lib/python3.11/site-packages/airflow/example_dags/tutorial_dag.py
[2024-02-26T16:00:48.985+0000] {logging_mixin.py:188} INFO - [2024-02-26T16:00:48.985+0000] {dag.py:3047} INFO - Sync 1 DAGs
[2024-02-26T16:00:48.994+0000] {logging_mixin.py:188} INFO - [2024-02-26T16:00:48.994+0000] {dag.py:3834} INFO - Setting next_dagrun for tutorial_dag to None, run_after=None
[2024-02-26T16:00:49.005+0000] {processor.py:183} INFO - Processing /home/airflow/.local/lib/python3.11/site-packages/airflow/example_dags/tutorial_dag.py took 0.052 seconds
[2024-02-26T16:01:19.671+0000] {processor.py:161} INFO - Started process (PID=6512) to work on /home/airflow/.local/lib/python3.11/site-packages/airflow/example_dags/tutorial_dag.py
[2024-02-26T16:01:19.673+0000] {processor.py:830} INFO - Processing file /home/airflow/.local/lib/python3.11/site-packages/airflow/example_dags/tutorial_dag.py for tasks to queue
[2024-02-26T16:01:19.674+0000] {logging_mixin.py:188} INFO - [2024-02-26T16:01:19.674+0000] {dagbag.py:540} INFO - Filling up the DagBag from /home/airflow/.local/lib/python3.11/site-packages/airflow/example_dags/tutorial_dag.py
[2024-02-26T16:01:19.679+0000] {processor.py:840} INFO - DAG(s) 'tutorial_dag' retrieved from /home/airflow/.local/lib/python3.11/site-packages/airflow/example_dags/tutorial_dag.py
[2024-02-26T16:01:19.699+0000] {logging_mixin.py:188} INFO - [2024-02-26T16:01:19.699+0000] {dag.py:3047} INFO - Sync 1 DAGs
[2024-02-26T16:01:19.709+0000] {logging_mixin.py:188} INFO - [2024-02-26T16:01:19.709+0000] {dag.py:3834} INFO - Setting next_dagrun for tutorial_dag to None, run_after=None
[2024-02-26T16:01:19.719+0000] {processor.py:183} INFO - Processing /home/airflow/.local/lib/python3.11/site-packages/airflow/example_dags/tutorial_dag.py took 0.051 seconds
[2024-02-26T16:01:49.890+0000] {processor.py:161} INFO - Started process (PID=6759) to work on /home/airflow/.local/lib/python3.11/site-packages/airflow/example_dags/tutorial_dag.py
[2024-02-26T16:01:49.892+0000] {processor.py:830} INFO - Processing file /home/airflow/.local/lib/python3.11/site-packages/airflow/example_dags/tutorial_dag.py for tasks to queue
[2024-02-26T16:01:49.894+0000] {logging_mixin.py:188} INFO - [2024-02-26T16:01:49.894+0000] {dagbag.py:540} INFO - Filling up the DagBag from /home/airflow/.local/lib/python3.11/site-packages/airflow/example_dags/tutorial_dag.py
[2024-02-26T16:01:49.901+0000] {processor.py:840} INFO - DAG(s) 'tutorial_dag' retrieved from /home/airflow/.local/lib/python3.11/site-packages/airflow/example_dags/tutorial_dag.py
[2024-02-26T16:01:49.922+0000] {logging_mixin.py:188} INFO - [2024-02-26T16:01:49.922+0000] {dag.py:3047} INFO - Sync 1 DAGs
[2024-02-26T16:01:49.931+0000] {logging_mixin.py:188} INFO - [2024-02-26T16:01:49.930+0000] {dag.py:3834} INFO - Setting next_dagrun for tutorial_dag to None, run_after=None
[2024-02-26T16:01:49.941+0000] {processor.py:183} INFO - Processing /home/airflow/.local/lib/python3.11/site-packages/airflow/example_dags/tutorial_dag.py took 0.054 seconds
[2024-02-26T16:02:21.026+0000] {processor.py:161} INFO - Started process (PID=7006) to work on /home/airflow/.local/lib/python3.11/site-packages/airflow/example_dags/tutorial_dag.py
[2024-02-26T16:02:21.029+0000] {processor.py:830} INFO - Processing file /home/airflow/.local/lib/python3.11/site-packages/airflow/example_dags/tutorial_dag.py for tasks to queue
[2024-02-26T16:02:21.031+0000] {logging_mixin.py:188} INFO - [2024-02-26T16:02:21.030+0000] {dagbag.py:540} INFO - Filling up the DagBag from /home/airflow/.local/lib/python3.11/site-packages/airflow/example_dags/tutorial_dag.py
[2024-02-26T16:02:21.036+0000] {processor.py:840} INFO - DAG(s) 'tutorial_dag' retrieved from /home/airflow/.local/lib/python3.11/site-packages/airflow/example_dags/tutorial_dag.py
[2024-02-26T16:02:21.058+0000] {logging_mixin.py:188} INFO - [2024-02-26T16:02:21.058+0000] {dag.py:3047} INFO - Sync 1 DAGs
[2024-02-26T16:02:21.068+0000] {logging_mixin.py:188} INFO - [2024-02-26T16:02:21.068+0000] {dag.py:3834} INFO - Setting next_dagrun for tutorial_dag to None, run_after=None
[2024-02-26T16:02:21.081+0000] {processor.py:183} INFO - Processing /home/airflow/.local/lib/python3.11/site-packages/airflow/example_dags/tutorial_dag.py took 0.058 seconds
[2024-02-26T16:02:51.231+0000] {processor.py:161} INFO - Started process (PID=7253) to work on /home/airflow/.local/lib/python3.11/site-packages/airflow/example_dags/tutorial_dag.py
[2024-02-26T16:02:51.233+0000] {processor.py:830} INFO - Processing file /home/airflow/.local/lib/python3.11/site-packages/airflow/example_dags/tutorial_dag.py for tasks to queue
[2024-02-26T16:02:51.234+0000] {logging_mixin.py:188} INFO - [2024-02-26T16:02:51.234+0000] {dagbag.py:540} INFO - Filling up the DagBag from /home/airflow/.local/lib/python3.11/site-packages/airflow/example_dags/tutorial_dag.py
[2024-02-26T16:02:51.244+0000] {processor.py:840} INFO - DAG(s) 'tutorial_dag' retrieved from /home/airflow/.local/lib/python3.11/site-packages/airflow/example_dags/tutorial_dag.py
[2024-02-26T16:02:51.266+0000] {logging_mixin.py:188} INFO - [2024-02-26T16:02:51.266+0000] {dag.py:3047} INFO - Sync 1 DAGs
[2024-02-26T16:02:51.275+0000] {logging_mixin.py:188} INFO - [2024-02-26T16:02:51.275+0000] {dag.py:3834} INFO - Setting next_dagrun for tutorial_dag to None, run_after=None
[2024-02-26T16:02:51.288+0000] {processor.py:183} INFO - Processing /home/airflow/.local/lib/python3.11/site-packages/airflow/example_dags/tutorial_dag.py took 0.061 seconds
[2024-02-26T16:03:21.388+0000] {processor.py:161} INFO - Started process (PID=7500) to work on /home/airflow/.local/lib/python3.11/site-packages/airflow/example_dags/tutorial_dag.py
[2024-02-26T16:03:21.390+0000] {processor.py:830} INFO - Processing file /home/airflow/.local/lib/python3.11/site-packages/airflow/example_dags/tutorial_dag.py for tasks to queue
[2024-02-26T16:03:21.391+0000] {logging_mixin.py:188} INFO - [2024-02-26T16:03:21.391+0000] {dagbag.py:540} INFO - Filling up the DagBag from /home/airflow/.local/lib/python3.11/site-packages/airflow/example_dags/tutorial_dag.py
[2024-02-26T16:03:21.397+0000] {processor.py:840} INFO - DAG(s) 'tutorial_dag' retrieved from /home/airflow/.local/lib/python3.11/site-packages/airflow/example_dags/tutorial_dag.py
[2024-02-26T16:03:21.418+0000] {logging_mixin.py:188} INFO - [2024-02-26T16:03:21.418+0000] {dag.py:3047} INFO - Sync 1 DAGs
[2024-02-26T16:03:21.429+0000] {logging_mixin.py:188} INFO - [2024-02-26T16:03:21.428+0000] {dag.py:3834} INFO - Setting next_dagrun for tutorial_dag to None, run_after=None
[2024-02-26T16:03:21.440+0000] {processor.py:183} INFO - Processing /home/airflow/.local/lib/python3.11/site-packages/airflow/example_dags/tutorial_dag.py took 0.055 seconds
[2024-02-26T16:03:51.537+0000] {processor.py:161} INFO - Started process (PID=7748) to work on /home/airflow/.local/lib/python3.11/site-packages/airflow/example_dags/tutorial_dag.py
[2024-02-26T16:03:51.540+0000] {processor.py:830} INFO - Processing file /home/airflow/.local/lib/python3.11/site-packages/airflow/example_dags/tutorial_dag.py for tasks to queue
[2024-02-26T16:03:51.542+0000] {logging_mixin.py:188} INFO - [2024-02-26T16:03:51.541+0000] {dagbag.py:540} INFO - Filling up the DagBag from /home/airflow/.local/lib/python3.11/site-packages/airflow/example_dags/tutorial_dag.py
[2024-02-26T16:03:51.547+0000] {processor.py:840} INFO - DAG(s) 'tutorial_dag' retrieved from /home/airflow/.local/lib/python3.11/site-packages/airflow/example_dags/tutorial_dag.py
[2024-02-26T16:03:51.574+0000] {logging_mixin.py:188} INFO - [2024-02-26T16:03:51.574+0000] {dag.py:3047} INFO - Sync 1 DAGs
[2024-02-26T16:03:51.583+0000] {logging_mixin.py:188} INFO - [2024-02-26T16:03:51.583+0000] {dag.py:3834} INFO - Setting next_dagrun for tutorial_dag to None, run_after=None
[2024-02-26T16:03:51.597+0000] {processor.py:183} INFO - Processing /home/airflow/.local/lib/python3.11/site-packages/airflow/example_dags/tutorial_dag.py took 0.064 seconds
[2024-02-26T16:04:22.264+0000] {processor.py:161} INFO - Started process (PID=7995) to work on /home/airflow/.local/lib/python3.11/site-packages/airflow/example_dags/tutorial_dag.py
[2024-02-26T16:04:22.266+0000] {processor.py:830} INFO - Processing file /home/airflow/.local/lib/python3.11/site-packages/airflow/example_dags/tutorial_dag.py for tasks to queue
[2024-02-26T16:04:22.270+0000] {logging_mixin.py:188} INFO - [2024-02-26T16:04:22.270+0000] {dagbag.py:540} INFO - Filling up the DagBag from /home/airflow/.local/lib/python3.11/site-packages/airflow/example_dags/tutorial_dag.py
[2024-02-26T16:04:22.276+0000] {processor.py:840} INFO - DAG(s) 'tutorial_dag' retrieved from /home/airflow/.local/lib/python3.11/site-packages/airflow/example_dags/tutorial_dag.py
[2024-02-26T16:04:22.298+0000] {logging_mixin.py:188} INFO - [2024-02-26T16:04:22.298+0000] {dag.py:3047} INFO - Sync 1 DAGs
[2024-02-26T16:04:22.307+0000] {logging_mixin.py:188} INFO - [2024-02-26T16:04:22.307+0000] {dag.py:3834} INFO - Setting next_dagrun for tutorial_dag to None, run_after=None
[2024-02-26T16:04:22.319+0000] {processor.py:183} INFO - Processing /home/airflow/.local/lib/python3.11/site-packages/airflow/example_dags/tutorial_dag.py took 0.059 seconds
[2024-02-26T16:04:53.117+0000] {processor.py:161} INFO - Started process (PID=8242) to work on /home/airflow/.local/lib/python3.11/site-packages/airflow/example_dags/tutorial_dag.py
[2024-02-26T16:04:53.119+0000] {processor.py:830} INFO - Processing file /home/airflow/.local/lib/python3.11/site-packages/airflow/example_dags/tutorial_dag.py for tasks to queue
[2024-02-26T16:04:53.120+0000] {logging_mixin.py:188} INFO - [2024-02-26T16:04:53.120+0000] {dagbag.py:540} INFO - Filling up the DagBag from /home/airflow/.local/lib/python3.11/site-packages/airflow/example_dags/tutorial_dag.py
[2024-02-26T16:04:53.126+0000] {processor.py:840} INFO - DAG(s) 'tutorial_dag' retrieved from /home/airflow/.local/lib/python3.11/site-packages/airflow/example_dags/tutorial_dag.py
[2024-02-26T16:04:53.147+0000] {logging_mixin.py:188} INFO - [2024-02-26T16:04:53.147+0000] {dag.py:3047} INFO - Sync 1 DAGs
[2024-02-26T16:04:53.157+0000] {logging_mixin.py:188} INFO - [2024-02-26T16:04:53.157+0000] {dag.py:3834} INFO - Setting next_dagrun for tutorial_dag to None, run_after=None
[2024-02-26T16:04:53.172+0000] {processor.py:183} INFO - Processing /home/airflow/.local/lib/python3.11/site-packages/airflow/example_dags/tutorial_dag.py took 0.058 seconds
[2024-02-26T16:05:23.852+0000] {processor.py:161} INFO - Started process (PID=8489) to work on /home/airflow/.local/lib/python3.11/site-packages/airflow/example_dags/tutorial_dag.py
[2024-02-26T16:05:23.854+0000] {processor.py:830} INFO - Processing file /home/airflow/.local/lib/python3.11/site-packages/airflow/example_dags/tutorial_dag.py for tasks to queue
[2024-02-26T16:05:23.855+0000] {logging_mixin.py:188} INFO - [2024-02-26T16:05:23.855+0000] {dagbag.py:540} INFO - Filling up the DagBag from /home/airflow/.local/lib/python3.11/site-packages/airflow/example_dags/tutorial_dag.py
[2024-02-26T16:05:23.861+0000] {processor.py:840} INFO - DAG(s) 'tutorial_dag' retrieved from /home/airflow/.local/lib/python3.11/site-packages/airflow/example_dags/tutorial_dag.py
[2024-02-26T16:05:23.880+0000] {logging_mixin.py:188} INFO - [2024-02-26T16:05:23.880+0000] {dag.py:3047} INFO - Sync 1 DAGs
[2024-02-26T16:05:23.890+0000] {logging_mixin.py:188} INFO - [2024-02-26T16:05:23.890+0000] {dag.py:3834} INFO - Setting next_dagrun for tutorial_dag to None, run_after=None
[2024-02-26T16:05:23.904+0000] {processor.py:183} INFO - Processing /home/airflow/.local/lib/python3.11/site-packages/airflow/example_dags/tutorial_dag.py took 0.055 seconds
[2024-02-26T16:05:54.572+0000] {processor.py:161} INFO - Started process (PID=8736) to work on /home/airflow/.local/lib/python3.11/site-packages/airflow/example_dags/tutorial_dag.py
[2024-02-26T16:05:54.574+0000] {processor.py:830} INFO - Processing file /home/airflow/.local/lib/python3.11/site-packages/airflow/example_dags/tutorial_dag.py for tasks to queue
[2024-02-26T16:05:54.576+0000] {logging_mixin.py:188} INFO - [2024-02-26T16:05:54.575+0000] {dagbag.py:540} INFO - Filling up the DagBag from /home/airflow/.local/lib/python3.11/site-packages/airflow/example_dags/tutorial_dag.py
[2024-02-26T16:05:54.581+0000] {processor.py:840} INFO - DAG(s) 'tutorial_dag' retrieved from /home/airflow/.local/lib/python3.11/site-packages/airflow/example_dags/tutorial_dag.py
[2024-02-26T16:05:54.602+0000] {logging_mixin.py:188} INFO - [2024-02-26T16:05:54.601+0000] {dag.py:3047} INFO - Sync 1 DAGs
[2024-02-26T16:05:54.611+0000] {logging_mixin.py:188} INFO - [2024-02-26T16:05:54.611+0000] {dag.py:3834} INFO - Setting next_dagrun for tutorial_dag to None, run_after=None
[2024-02-26T16:05:54.624+0000] {processor.py:183} INFO - Processing /home/airflow/.local/lib/python3.11/site-packages/airflow/example_dags/tutorial_dag.py took 0.055 seconds
[2024-02-26T16:06:25.444+0000] {processor.py:161} INFO - Started process (PID=8983) to work on /home/airflow/.local/lib/python3.11/site-packages/airflow/example_dags/tutorial_dag.py
[2024-02-26T16:06:25.446+0000] {processor.py:830} INFO - Processing file /home/airflow/.local/lib/python3.11/site-packages/airflow/example_dags/tutorial_dag.py for tasks to queue
[2024-02-26T16:06:25.448+0000] {logging_mixin.py:188} INFO - [2024-02-26T16:06:25.447+0000] {dagbag.py:540} INFO - Filling up the DagBag from /home/airflow/.local/lib/python3.11/site-packages/airflow/example_dags/tutorial_dag.py
[2024-02-26T16:06:25.453+0000] {processor.py:840} INFO - DAG(s) 'tutorial_dag' retrieved from /home/airflow/.local/lib/python3.11/site-packages/airflow/example_dags/tutorial_dag.py
[2024-02-26T16:06:25.481+0000] {logging_mixin.py:188} INFO - [2024-02-26T16:06:25.481+0000] {dag.py:3047} INFO - Sync 1 DAGs
[2024-02-26T16:06:25.491+0000] {logging_mixin.py:188} INFO - [2024-02-26T16:06:25.491+0000] {dag.py:3834} INFO - Setting next_dagrun for tutorial_dag to None, run_after=None
[2024-02-26T16:06:25.504+0000] {processor.py:183} INFO - Processing /home/airflow/.local/lib/python3.11/site-packages/airflow/example_dags/tutorial_dag.py took 0.062 seconds
[2024-02-26T16:06:56.296+0000] {processor.py:161} INFO - Started process (PID=9230) to work on /home/airflow/.local/lib/python3.11/site-packages/airflow/example_dags/tutorial_dag.py
[2024-02-26T16:06:56.298+0000] {processor.py:830} INFO - Processing file /home/airflow/.local/lib/python3.11/site-packages/airflow/example_dags/tutorial_dag.py for tasks to queue
[2024-02-26T16:06:56.301+0000] {logging_mixin.py:188} INFO - [2024-02-26T16:06:56.300+0000] {dagbag.py:540} INFO - Filling up the DagBag from /home/airflow/.local/lib/python3.11/site-packages/airflow/example_dags/tutorial_dag.py
[2024-02-26T16:06:56.307+0000] {processor.py:840} INFO - DAG(s) 'tutorial_dag' retrieved from /home/airflow/.local/lib/python3.11/site-packages/airflow/example_dags/tutorial_dag.py
[2024-02-26T16:06:56.341+0000] {logging_mixin.py:188} INFO - [2024-02-26T16:06:56.341+0000] {dag.py:3047} INFO - Sync 1 DAGs
[2024-02-26T16:06:56.352+0000] {logging_mixin.py:188} INFO - [2024-02-26T16:06:56.352+0000] {dag.py:3834} INFO - Setting next_dagrun for tutorial_dag to None, run_after=None
[2024-02-26T16:06:56.368+0000] {processor.py:183} INFO - Processing /home/airflow/.local/lib/python3.11/site-packages/airflow/example_dags/tutorial_dag.py took 0.076 seconds
[2024-02-26T16:07:26.468+0000] {processor.py:161} INFO - Started process (PID=9477) to work on /home/airflow/.local/lib/python3.11/site-packages/airflow/example_dags/tutorial_dag.py
[2024-02-26T16:07:26.469+0000] {processor.py:830} INFO - Processing file /home/airflow/.local/lib/python3.11/site-packages/airflow/example_dags/tutorial_dag.py for tasks to queue
[2024-02-26T16:07:26.470+0000] {logging_mixin.py:188} INFO - [2024-02-26T16:07:26.470+0000] {dagbag.py:540} INFO - Filling up the DagBag from /home/airflow/.local/lib/python3.11/site-packages/airflow/example_dags/tutorial_dag.py
[2024-02-26T16:07:26.475+0000] {processor.py:840} INFO - DAG(s) 'tutorial_dag' retrieved from /home/airflow/.local/lib/python3.11/site-packages/airflow/example_dags/tutorial_dag.py
[2024-02-26T16:07:26.498+0000] {logging_mixin.py:188} INFO - [2024-02-26T16:07:26.498+0000] {dag.py:3047} INFO - Sync 1 DAGs
[2024-02-26T16:07:26.507+0000] {logging_mixin.py:188} INFO - [2024-02-26T16:07:26.507+0000] {dag.py:3834} INFO - Setting next_dagrun for tutorial_dag to None, run_after=None
[2024-02-26T16:07:26.519+0000] {processor.py:183} INFO - Processing /home/airflow/.local/lib/python3.11/site-packages/airflow/example_dags/tutorial_dag.py took 0.055 seconds
[2024-02-26T16:07:56.588+0000] {processor.py:161} INFO - Started process (PID=9724) to work on /home/airflow/.local/lib/python3.11/site-packages/airflow/example_dags/tutorial_dag.py
[2024-02-26T16:07:56.592+0000] {processor.py:830} INFO - Processing file /home/airflow/.local/lib/python3.11/site-packages/airflow/example_dags/tutorial_dag.py for tasks to queue
[2024-02-26T16:07:56.593+0000] {logging_mixin.py:188} INFO - [2024-02-26T16:07:56.593+0000] {dagbag.py:540} INFO - Filling up the DagBag from /home/airflow/.local/lib/python3.11/site-packages/airflow/example_dags/tutorial_dag.py
[2024-02-26T16:07:56.598+0000] {processor.py:840} INFO - DAG(s) 'tutorial_dag' retrieved from /home/airflow/.local/lib/python3.11/site-packages/airflow/example_dags/tutorial_dag.py
[2024-02-26T16:07:56.619+0000] {logging_mixin.py:188} INFO - [2024-02-26T16:07:56.619+0000] {dag.py:3047} INFO - Sync 1 DAGs
[2024-02-26T16:07:56.629+0000] {logging_mixin.py:188} INFO - [2024-02-26T16:07:56.628+0000] {dag.py:3834} INFO - Setting next_dagrun for tutorial_dag to None, run_after=None
[2024-02-26T16:07:56.642+0000] {processor.py:183} INFO - Processing /home/airflow/.local/lib/python3.11/site-packages/airflow/example_dags/tutorial_dag.py took 0.057 seconds
[2024-02-26T16:08:26.841+0000] {processor.py:161} INFO - Started process (PID=9973) to work on /home/airflow/.local/lib/python3.11/site-packages/airflow/example_dags/tutorial_dag.py
[2024-02-26T16:08:26.843+0000] {processor.py:830} INFO - Processing file /home/airflow/.local/lib/python3.11/site-packages/airflow/example_dags/tutorial_dag.py for tasks to queue
[2024-02-26T16:08:26.844+0000] {logging_mixin.py:188} INFO - [2024-02-26T16:08:26.844+0000] {dagbag.py:540} INFO - Filling up the DagBag from /home/airflow/.local/lib/python3.11/site-packages/airflow/example_dags/tutorial_dag.py
[2024-02-26T16:08:26.850+0000] {processor.py:840} INFO - DAG(s) 'tutorial_dag' retrieved from /home/airflow/.local/lib/python3.11/site-packages/airflow/example_dags/tutorial_dag.py
[2024-02-26T16:08:26.876+0000] {logging_mixin.py:188} INFO - [2024-02-26T16:08:26.876+0000] {dag.py:3047} INFO - Sync 1 DAGs
[2024-02-26T16:08:26.885+0000] {logging_mixin.py:188} INFO - [2024-02-26T16:08:26.884+0000] {dag.py:3834} INFO - Setting next_dagrun for tutorial_dag to None, run_after=None
[2024-02-26T16:08:26.897+0000] {processor.py:183} INFO - Processing /home/airflow/.local/lib/python3.11/site-packages/airflow/example_dags/tutorial_dag.py took 0.058 seconds
[2024-02-26T16:08:57.207+0000] {processor.py:161} INFO - Started process (PID=10218) to work on /home/airflow/.local/lib/python3.11/site-packages/airflow/example_dags/tutorial_dag.py
[2024-02-26T16:08:57.214+0000] {processor.py:830} INFO - Processing file /home/airflow/.local/lib/python3.11/site-packages/airflow/example_dags/tutorial_dag.py for tasks to queue
[2024-02-26T16:08:57.216+0000] {logging_mixin.py:188} INFO - [2024-02-26T16:08:57.215+0000] {dagbag.py:540} INFO - Filling up the DagBag from /home/airflow/.local/lib/python3.11/site-packages/airflow/example_dags/tutorial_dag.py
[2024-02-26T16:08:57.223+0000] {processor.py:840} INFO - DAG(s) 'tutorial_dag' retrieved from /home/airflow/.local/lib/python3.11/site-packages/airflow/example_dags/tutorial_dag.py
[2024-02-26T16:08:57.246+0000] {logging_mixin.py:188} INFO - [2024-02-26T16:08:57.245+0000] {dag.py:3047} INFO - Sync 1 DAGs
[2024-02-26T16:08:57.258+0000] {logging_mixin.py:188} INFO - [2024-02-26T16:08:57.258+0000] {dag.py:3834} INFO - Setting next_dagrun for tutorial_dag to None, run_after=None
[2024-02-26T16:08:57.273+0000] {processor.py:183} INFO - Processing /home/airflow/.local/lib/python3.11/site-packages/airflow/example_dags/tutorial_dag.py took 0.069 seconds
[2024-02-26T16:09:27.334+0000] {processor.py:161} INFO - Started process (PID=10467) to work on /home/airflow/.local/lib/python3.11/site-packages/airflow/example_dags/tutorial_dag.py
[2024-02-26T16:09:27.335+0000] {processor.py:830} INFO - Processing file /home/airflow/.local/lib/python3.11/site-packages/airflow/example_dags/tutorial_dag.py for tasks to queue
[2024-02-26T16:09:27.337+0000] {logging_mixin.py:188} INFO - [2024-02-26T16:09:27.336+0000] {dagbag.py:540} INFO - Filling up the DagBag from /home/airflow/.local/lib/python3.11/site-packages/airflow/example_dags/tutorial_dag.py
[2024-02-26T16:09:27.341+0000] {processor.py:840} INFO - DAG(s) 'tutorial_dag' retrieved from /home/airflow/.local/lib/python3.11/site-packages/airflow/example_dags/tutorial_dag.py
[2024-02-26T16:09:27.360+0000] {logging_mixin.py:188} INFO - [2024-02-26T16:09:27.360+0000] {dag.py:3047} INFO - Sync 1 DAGs
[2024-02-26T16:09:27.368+0000] {logging_mixin.py:188} INFO - [2024-02-26T16:09:27.368+0000] {dag.py:3834} INFO - Setting next_dagrun for tutorial_dag to None, run_after=None
[2024-02-26T16:09:27.381+0000] {processor.py:183} INFO - Processing /home/airflow/.local/lib/python3.11/site-packages/airflow/example_dags/tutorial_dag.py took 0.051 seconds
[2024-02-26T16:09:57.498+0000] {processor.py:161} INFO - Started process (PID=10712) to work on /home/airflow/.local/lib/python3.11/site-packages/airflow/example_dags/tutorial_dag.py
[2024-02-26T16:09:57.500+0000] {processor.py:830} INFO - Processing file /home/airflow/.local/lib/python3.11/site-packages/airflow/example_dags/tutorial_dag.py for tasks to queue
[2024-02-26T16:09:57.502+0000] {logging_mixin.py:188} INFO - [2024-02-26T16:09:57.502+0000] {dagbag.py:540} INFO - Filling up the DagBag from /home/airflow/.local/lib/python3.11/site-packages/airflow/example_dags/tutorial_dag.py
[2024-02-26T16:09:57.509+0000] {processor.py:840} INFO - DAG(s) 'tutorial_dag' retrieved from /home/airflow/.local/lib/python3.11/site-packages/airflow/example_dags/tutorial_dag.py
[2024-02-26T16:09:57.531+0000] {logging_mixin.py:188} INFO - [2024-02-26T16:09:57.531+0000] {dag.py:3047} INFO - Sync 1 DAGs
[2024-02-26T16:09:57.544+0000] {logging_mixin.py:188} INFO - [2024-02-26T16:09:57.544+0000] {dag.py:3834} INFO - Setting next_dagrun for tutorial_dag to None, run_after=None
[2024-02-26T16:09:57.557+0000] {processor.py:183} INFO - Processing /home/airflow/.local/lib/python3.11/site-packages/airflow/example_dags/tutorial_dag.py took 0.063 seconds
[2024-02-26T16:10:27.744+0000] {processor.py:161} INFO - Started process (PID=10959) to work on /home/airflow/.local/lib/python3.11/site-packages/airflow/example_dags/tutorial_dag.py
[2024-02-26T16:10:27.746+0000] {processor.py:830} INFO - Processing file /home/airflow/.local/lib/python3.11/site-packages/airflow/example_dags/tutorial_dag.py for tasks to queue
[2024-02-26T16:10:27.747+0000] {logging_mixin.py:188} INFO - [2024-02-26T16:10:27.746+0000] {dagbag.py:540} INFO - Filling up the DagBag from /home/airflow/.local/lib/python3.11/site-packages/airflow/example_dags/tutorial_dag.py
[2024-02-26T16:10:27.753+0000] {processor.py:840} INFO - DAG(s) 'tutorial_dag' retrieved from /home/airflow/.local/lib/python3.11/site-packages/airflow/example_dags/tutorial_dag.py
[2024-02-26T16:10:27.774+0000] {logging_mixin.py:188} INFO - [2024-02-26T16:10:27.774+0000] {dag.py:3047} INFO - Sync 1 DAGs
[2024-02-26T16:10:27.787+0000] {logging_mixin.py:188} INFO - [2024-02-26T16:10:27.787+0000] {dag.py:3834} INFO - Setting next_dagrun for tutorial_dag to None, run_after=None
[2024-02-26T16:10:27.802+0000] {processor.py:183} INFO - Processing /home/airflow/.local/lib/python3.11/site-packages/airflow/example_dags/tutorial_dag.py took 0.061 seconds
[2024-02-26T16:10:57.934+0000] {processor.py:161} INFO - Started process (PID=11208) to work on /home/airflow/.local/lib/python3.11/site-packages/airflow/example_dags/tutorial_dag.py
[2024-02-26T16:10:57.936+0000] {processor.py:830} INFO - Processing file /home/airflow/.local/lib/python3.11/site-packages/airflow/example_dags/tutorial_dag.py for tasks to queue
[2024-02-26T16:10:57.937+0000] {logging_mixin.py:188} INFO - [2024-02-26T16:10:57.937+0000] {dagbag.py:540} INFO - Filling up the DagBag from /home/airflow/.local/lib/python3.11/site-packages/airflow/example_dags/tutorial_dag.py
[2024-02-26T16:10:57.943+0000] {processor.py:840} INFO - DAG(s) 'tutorial_dag' retrieved from /home/airflow/.local/lib/python3.11/site-packages/airflow/example_dags/tutorial_dag.py
[2024-02-26T16:10:57.969+0000] {logging_mixin.py:188} INFO - [2024-02-26T16:10:57.968+0000] {dag.py:3047} INFO - Sync 1 DAGs
[2024-02-26T16:10:57.981+0000] {logging_mixin.py:188} INFO - [2024-02-26T16:10:57.981+0000] {dag.py:3834} INFO - Setting next_dagrun for tutorial_dag to None, run_after=None
[2024-02-26T16:10:57.994+0000] {processor.py:183} INFO - Processing /home/airflow/.local/lib/python3.11/site-packages/airflow/example_dags/tutorial_dag.py took 0.063 seconds
[2024-02-26T16:11:28.318+0000] {processor.py:161} INFO - Started process (PID=11455) to work on /home/airflow/.local/lib/python3.11/site-packages/airflow/example_dags/tutorial_dag.py
[2024-02-26T16:11:28.320+0000] {processor.py:830} INFO - Processing file /home/airflow/.local/lib/python3.11/site-packages/airflow/example_dags/tutorial_dag.py for tasks to queue
[2024-02-26T16:11:28.322+0000] {logging_mixin.py:188} INFO - [2024-02-26T16:11:28.322+0000] {dagbag.py:540} INFO - Filling up the DagBag from /home/airflow/.local/lib/python3.11/site-packages/airflow/example_dags/tutorial_dag.py
[2024-02-26T16:11:28.328+0000] {processor.py:840} INFO - DAG(s) 'tutorial_dag' retrieved from /home/airflow/.local/lib/python3.11/site-packages/airflow/example_dags/tutorial_dag.py
[2024-02-26T16:11:28.348+0000] {logging_mixin.py:188} INFO - [2024-02-26T16:11:28.348+0000] {dag.py:3047} INFO - Sync 1 DAGs
[2024-02-26T16:11:28.358+0000] {logging_mixin.py:188} INFO - [2024-02-26T16:11:28.358+0000] {dag.py:3834} INFO - Setting next_dagrun for tutorial_dag to None, run_after=None
[2024-02-26T16:11:28.370+0000] {processor.py:183} INFO - Processing /home/airflow/.local/lib/python3.11/site-packages/airflow/example_dags/tutorial_dag.py took 0.055 seconds
[2024-02-26T16:11:58.452+0000] {processor.py:161} INFO - Started process (PID=11700) to work on /home/airflow/.local/lib/python3.11/site-packages/airflow/example_dags/tutorial_dag.py
[2024-02-26T16:11:58.456+0000] {processor.py:830} INFO - Processing file /home/airflow/.local/lib/python3.11/site-packages/airflow/example_dags/tutorial_dag.py for tasks to queue
[2024-02-26T16:11:58.458+0000] {logging_mixin.py:188} INFO - [2024-02-26T16:11:58.457+0000] {dagbag.py:540} INFO - Filling up the DagBag from /home/airflow/.local/lib/python3.11/site-packages/airflow/example_dags/tutorial_dag.py
[2024-02-26T16:11:58.465+0000] {processor.py:840} INFO - DAG(s) 'tutorial_dag' retrieved from /home/airflow/.local/lib/python3.11/site-packages/airflow/example_dags/tutorial_dag.py
[2024-02-26T16:11:58.493+0000] {logging_mixin.py:188} INFO - [2024-02-26T16:11:58.493+0000] {dag.py:3047} INFO - Sync 1 DAGs
[2024-02-26T16:11:58.502+0000] {logging_mixin.py:188} INFO - [2024-02-26T16:11:58.502+0000] {dag.py:3834} INFO - Setting next_dagrun for tutorial_dag to None, run_after=None
[2024-02-26T16:11:58.513+0000] {processor.py:183} INFO - Processing /home/airflow/.local/lib/python3.11/site-packages/airflow/example_dags/tutorial_dag.py took 0.064 seconds
[2024-02-26T16:12:28.588+0000] {processor.py:161} INFO - Started process (PID=11947) to work on /home/airflow/.local/lib/python3.11/site-packages/airflow/example_dags/tutorial_dag.py
[2024-02-26T16:12:28.591+0000] {processor.py:830} INFO - Processing file /home/airflow/.local/lib/python3.11/site-packages/airflow/example_dags/tutorial_dag.py for tasks to queue
[2024-02-26T16:12:28.592+0000] {logging_mixin.py:188} INFO - [2024-02-26T16:12:28.592+0000] {dagbag.py:540} INFO - Filling up the DagBag from /home/airflow/.local/lib/python3.11/site-packages/airflow/example_dags/tutorial_dag.py
[2024-02-26T16:12:28.598+0000] {processor.py:840} INFO - DAG(s) 'tutorial_dag' retrieved from /home/airflow/.local/lib/python3.11/site-packages/airflow/example_dags/tutorial_dag.py
[2024-02-26T16:12:28.627+0000] {logging_mixin.py:188} INFO - [2024-02-26T16:12:28.627+0000] {dag.py:3047} INFO - Sync 1 DAGs
[2024-02-26T16:12:28.637+0000] {logging_mixin.py:188} INFO - [2024-02-26T16:12:28.637+0000] {dag.py:3834} INFO - Setting next_dagrun for tutorial_dag to None, run_after=None
[2024-02-26T16:12:28.665+0000] {processor.py:183} INFO - Processing /home/airflow/.local/lib/python3.11/site-packages/airflow/example_dags/tutorial_dag.py took 0.080 seconds
[2024-02-26T16:12:58.791+0000] {processor.py:161} INFO - Started process (PID=12201) to work on /home/airflow/.local/lib/python3.11/site-packages/airflow/example_dags/tutorial_dag.py
[2024-02-26T16:12:58.793+0000] {processor.py:830} INFO - Processing file /home/airflow/.local/lib/python3.11/site-packages/airflow/example_dags/tutorial_dag.py for tasks to queue
[2024-02-26T16:12:58.794+0000] {logging_mixin.py:188} INFO - [2024-02-26T16:12:58.794+0000] {dagbag.py:540} INFO - Filling up the DagBag from /home/airflow/.local/lib/python3.11/site-packages/airflow/example_dags/tutorial_dag.py
[2024-02-26T16:12:58.799+0000] {processor.py:840} INFO - DAG(s) 'tutorial_dag' retrieved from /home/airflow/.local/lib/python3.11/site-packages/airflow/example_dags/tutorial_dag.py
[2024-02-26T16:12:58.820+0000] {logging_mixin.py:188} INFO - [2024-02-26T16:12:58.820+0000] {dag.py:3047} INFO - Sync 1 DAGs
[2024-02-26T16:12:58.829+0000] {logging_mixin.py:188} INFO - [2024-02-26T16:12:58.829+0000] {dag.py:3834} INFO - Setting next_dagrun for tutorial_dag to None, run_after=None
[2024-02-26T16:12:58.842+0000] {processor.py:183} INFO - Processing /home/airflow/.local/lib/python3.11/site-packages/airflow/example_dags/tutorial_dag.py took 0.054 seconds
[2024-02-26T16:13:28.962+0000] {processor.py:161} INFO - Started process (PID=12449) to work on /home/airflow/.local/lib/python3.11/site-packages/airflow/example_dags/tutorial_dag.py
[2024-02-26T16:13:28.964+0000] {processor.py:830} INFO - Processing file /home/airflow/.local/lib/python3.11/site-packages/airflow/example_dags/tutorial_dag.py for tasks to queue
[2024-02-26T16:13:28.965+0000] {logging_mixin.py:188} INFO - [2024-02-26T16:13:28.965+0000] {dagbag.py:540} INFO - Filling up the DagBag from /home/airflow/.local/lib/python3.11/site-packages/airflow/example_dags/tutorial_dag.py
[2024-02-26T16:13:28.976+0000] {processor.py:840} INFO - DAG(s) 'tutorial_dag' retrieved from /home/airflow/.local/lib/python3.11/site-packages/airflow/example_dags/tutorial_dag.py
[2024-02-26T16:13:28.998+0000] {logging_mixin.py:188} INFO - [2024-02-26T16:13:28.998+0000] {dag.py:3047} INFO - Sync 1 DAGs
[2024-02-26T16:13:29.008+0000] {logging_mixin.py:188} INFO - [2024-02-26T16:13:29.008+0000] {dag.py:3834} INFO - Setting next_dagrun for tutorial_dag to None, run_after=None
[2024-02-26T16:13:29.022+0000] {processor.py:183} INFO - Processing /home/airflow/.local/lib/python3.11/site-packages/airflow/example_dags/tutorial_dag.py took 0.063 seconds
[2024-02-26T16:13:59.417+0000] {processor.py:161} INFO - Started process (PID=12695) to work on /home/airflow/.local/lib/python3.11/site-packages/airflow/example_dags/tutorial_dag.py
[2024-02-26T16:13:59.419+0000] {processor.py:830} INFO - Processing file /home/airflow/.local/lib/python3.11/site-packages/airflow/example_dags/tutorial_dag.py for tasks to queue
[2024-02-26T16:13:59.421+0000] {logging_mixin.py:188} INFO - [2024-02-26T16:13:59.421+0000] {dagbag.py:540} INFO - Filling up the DagBag from /home/airflow/.local/lib/python3.11/site-packages/airflow/example_dags/tutorial_dag.py
[2024-02-26T16:13:59.429+0000] {processor.py:840} INFO - DAG(s) 'tutorial_dag' retrieved from /home/airflow/.local/lib/python3.11/site-packages/airflow/example_dags/tutorial_dag.py
[2024-02-26T16:13:59.461+0000] {logging_mixin.py:188} INFO - [2024-02-26T16:13:59.461+0000] {dag.py:3047} INFO - Sync 1 DAGs
[2024-02-26T16:13:59.472+0000] {logging_mixin.py:188} INFO - [2024-02-26T16:13:59.472+0000] {dag.py:3834} INFO - Setting next_dagrun for tutorial_dag to None, run_after=None
[2024-02-26T16:13:59.490+0000] {processor.py:183} INFO - Processing /home/airflow/.local/lib/python3.11/site-packages/airflow/example_dags/tutorial_dag.py took 0.079 seconds
[2024-02-26T16:14:29.627+0000] {processor.py:161} INFO - Started process (PID=12942) to work on /home/airflow/.local/lib/python3.11/site-packages/airflow/example_dags/tutorial_dag.py
[2024-02-26T16:14:29.629+0000] {processor.py:830} INFO - Processing file /home/airflow/.local/lib/python3.11/site-packages/airflow/example_dags/tutorial_dag.py for tasks to queue
[2024-02-26T16:14:29.632+0000] {logging_mixin.py:188} INFO - [2024-02-26T16:14:29.631+0000] {dagbag.py:540} INFO - Filling up the DagBag from /home/airflow/.local/lib/python3.11/site-packages/airflow/example_dags/tutorial_dag.py
[2024-02-26T16:14:29.637+0000] {processor.py:840} INFO - DAG(s) 'tutorial_dag' retrieved from /home/airflow/.local/lib/python3.11/site-packages/airflow/example_dags/tutorial_dag.py
[2024-02-26T16:14:29.657+0000] {logging_mixin.py:188} INFO - [2024-02-26T16:14:29.657+0000] {dag.py:3047} INFO - Sync 1 DAGs
[2024-02-26T16:14:29.665+0000] {logging_mixin.py:188} INFO - [2024-02-26T16:14:29.665+0000] {dag.py:3834} INFO - Setting next_dagrun for tutorial_dag to None, run_after=None
[2024-02-26T16:14:29.679+0000] {processor.py:183} INFO - Processing /home/airflow/.local/lib/python3.11/site-packages/airflow/example_dags/tutorial_dag.py took 0.056 seconds
