[2024-02-26T15:48:35.246+0000] {processor.py:161} INFO - Started process (PID=319) to work on /home/airflow/.local/lib/python3.11/site-packages/airflow/example_dags/tutorial_taskflow_api.py
[2024-02-26T15:48:35.248+0000] {processor.py:830} INFO - Processing file /home/airflow/.local/lib/python3.11/site-packages/airflow/example_dags/tutorial_taskflow_api.py for tasks to queue
[2024-02-26T15:48:35.250+0000] {logging_mixin.py:188} INFO - [2024-02-26T15:48:35.250+0000] {dagbag.py:540} INFO - Filling up the DagBag from /home/airflow/.local/lib/python3.11/site-packages/airflow/example_dags/tutorial_taskflow_api.py
[2024-02-26T15:48:35.257+0000] {processor.py:840} INFO - DAG(s) 'tutorial_taskflow_api' retrieved from /home/airflow/.local/lib/python3.11/site-packages/airflow/example_dags/tutorial_taskflow_api.py
[2024-02-26T15:48:35.279+0000] {logging_mixin.py:188} INFO - [2024-02-26T15:48:35.279+0000] {dag.py:3047} INFO - Sync 1 DAGs
[2024-02-26T15:48:35.291+0000] {logging_mixin.py:188} INFO - [2024-02-26T15:48:35.291+0000] {dag.py:3834} INFO - Setting next_dagrun for tutorial_taskflow_api to None, run_after=None
[2024-02-26T15:48:35.308+0000] {processor.py:183} INFO - Processing /home/airflow/.local/lib/python3.11/site-packages/airflow/example_dags/tutorial_taskflow_api.py took 0.065 seconds
[2024-02-26T15:49:05.447+0000] {processor.py:161} INFO - Started process (PID=563) to work on /home/airflow/.local/lib/python3.11/site-packages/airflow/example_dags/tutorial_taskflow_api.py
[2024-02-26T15:49:05.449+0000] {processor.py:830} INFO - Processing file /home/airflow/.local/lib/python3.11/site-packages/airflow/example_dags/tutorial_taskflow_api.py for tasks to queue
[2024-02-26T15:49:05.450+0000] {logging_mixin.py:188} INFO - [2024-02-26T15:49:05.450+0000] {dagbag.py:540} INFO - Filling up the DagBag from /home/airflow/.local/lib/python3.11/site-packages/airflow/example_dags/tutorial_taskflow_api.py
[2024-02-26T15:49:05.456+0000] {processor.py:840} INFO - DAG(s) 'tutorial_taskflow_api' retrieved from /home/airflow/.local/lib/python3.11/site-packages/airflow/example_dags/tutorial_taskflow_api.py
[2024-02-26T15:49:05.520+0000] {logging_mixin.py:188} INFO - [2024-02-26T15:49:05.520+0000] {dag.py:3047} INFO - Sync 1 DAGs
[2024-02-26T15:49:05.526+0000] {logging_mixin.py:188} INFO - [2024-02-26T15:49:05.526+0000] {dag.py:3834} INFO - Setting next_dagrun for tutorial_taskflow_api to None, run_after=None
[2024-02-26T15:49:05.542+0000] {processor.py:183} INFO - Processing /home/airflow/.local/lib/python3.11/site-packages/airflow/example_dags/tutorial_taskflow_api.py took 0.098 seconds
[2024-02-26T15:49:36.459+0000] {processor.py:161} INFO - Started process (PID=815) to work on /home/airflow/.local/lib/python3.11/site-packages/airflow/example_dags/tutorial_taskflow_api.py
[2024-02-26T15:49:36.463+0000] {processor.py:830} INFO - Processing file /home/airflow/.local/lib/python3.11/site-packages/airflow/example_dags/tutorial_taskflow_api.py for tasks to queue
[2024-02-26T15:49:36.464+0000] {logging_mixin.py:188} INFO - [2024-02-26T15:49:36.464+0000] {dagbag.py:540} INFO - Filling up the DagBag from /home/airflow/.local/lib/python3.11/site-packages/airflow/example_dags/tutorial_taskflow_api.py
[2024-02-26T15:49:36.470+0000] {processor.py:840} INFO - DAG(s) 'tutorial_taskflow_api' retrieved from /home/airflow/.local/lib/python3.11/site-packages/airflow/example_dags/tutorial_taskflow_api.py
[2024-02-26T15:49:36.489+0000] {logging_mixin.py:188} INFO - [2024-02-26T15:49:36.489+0000] {dag.py:3047} INFO - Sync 1 DAGs
[2024-02-26T15:49:36.498+0000] {logging_mixin.py:188} INFO - [2024-02-26T15:49:36.498+0000] {dag.py:3834} INFO - Setting next_dagrun for tutorial_taskflow_api to None, run_after=None
[2024-02-26T15:49:36.509+0000] {processor.py:183} INFO - Processing /home/airflow/.local/lib/python3.11/site-packages/airflow/example_dags/tutorial_taskflow_api.py took 0.052 seconds
[2024-02-26T15:50:07.192+0000] {processor.py:161} INFO - Started process (PID=1063) to work on /home/airflow/.local/lib/python3.11/site-packages/airflow/example_dags/tutorial_taskflow_api.py
[2024-02-26T15:50:07.198+0000] {processor.py:830} INFO - Processing file /home/airflow/.local/lib/python3.11/site-packages/airflow/example_dags/tutorial_taskflow_api.py for tasks to queue
[2024-02-26T15:50:07.200+0000] {logging_mixin.py:188} INFO - [2024-02-26T15:50:07.200+0000] {dagbag.py:540} INFO - Filling up the DagBag from /home/airflow/.local/lib/python3.11/site-packages/airflow/example_dags/tutorial_taskflow_api.py
[2024-02-26T15:50:07.205+0000] {processor.py:840} INFO - DAG(s) 'tutorial_taskflow_api' retrieved from /home/airflow/.local/lib/python3.11/site-packages/airflow/example_dags/tutorial_taskflow_api.py
[2024-02-26T15:50:07.223+0000] {logging_mixin.py:188} INFO - [2024-02-26T15:50:07.223+0000] {dag.py:3047} INFO - Sync 1 DAGs
[2024-02-26T15:50:07.231+0000] {logging_mixin.py:188} INFO - [2024-02-26T15:50:07.231+0000] {dag.py:3834} INFO - Setting next_dagrun for tutorial_taskflow_api to None, run_after=None
[2024-02-26T15:50:07.241+0000] {processor.py:183} INFO - Processing /home/airflow/.local/lib/python3.11/site-packages/airflow/example_dags/tutorial_taskflow_api.py took 0.052 seconds
[2024-02-26T15:50:37.499+0000] {processor.py:161} INFO - Started process (PID=1307) to work on /home/airflow/.local/lib/python3.11/site-packages/airflow/example_dags/tutorial_taskflow_api.py
[2024-02-26T15:50:37.500+0000] {processor.py:830} INFO - Processing file /home/airflow/.local/lib/python3.11/site-packages/airflow/example_dags/tutorial_taskflow_api.py for tasks to queue
[2024-02-26T15:50:37.502+0000] {logging_mixin.py:188} INFO - [2024-02-26T15:50:37.501+0000] {dagbag.py:540} INFO - Filling up the DagBag from /home/airflow/.local/lib/python3.11/site-packages/airflow/example_dags/tutorial_taskflow_api.py
[2024-02-26T15:50:37.508+0000] {processor.py:840} INFO - DAG(s) 'tutorial_taskflow_api' retrieved from /home/airflow/.local/lib/python3.11/site-packages/airflow/example_dags/tutorial_taskflow_api.py
[2024-02-26T15:50:37.530+0000] {logging_mixin.py:188} INFO - [2024-02-26T15:50:37.530+0000] {dag.py:3047} INFO - Sync 1 DAGs
[2024-02-26T15:50:37.539+0000] {logging_mixin.py:188} INFO - [2024-02-26T15:50:37.538+0000] {dag.py:3834} INFO - Setting next_dagrun for tutorial_taskflow_api to None, run_after=None
[2024-02-26T15:50:37.550+0000] {processor.py:183} INFO - Processing /home/airflow/.local/lib/python3.11/site-packages/airflow/example_dags/tutorial_taskflow_api.py took 0.055 seconds
[2024-02-26T15:51:08.267+0000] {processor.py:161} INFO - Started process (PID=1554) to work on /home/airflow/.local/lib/python3.11/site-packages/airflow/example_dags/tutorial_taskflow_api.py
[2024-02-26T15:51:08.268+0000] {processor.py:830} INFO - Processing file /home/airflow/.local/lib/python3.11/site-packages/airflow/example_dags/tutorial_taskflow_api.py for tasks to queue
[2024-02-26T15:51:08.270+0000] {logging_mixin.py:188} INFO - [2024-02-26T15:51:08.270+0000] {dagbag.py:540} INFO - Filling up the DagBag from /home/airflow/.local/lib/python3.11/site-packages/airflow/example_dags/tutorial_taskflow_api.py
[2024-02-26T15:51:08.276+0000] {processor.py:840} INFO - DAG(s) 'tutorial_taskflow_api' retrieved from /home/airflow/.local/lib/python3.11/site-packages/airflow/example_dags/tutorial_taskflow_api.py
[2024-02-26T15:51:08.298+0000] {logging_mixin.py:188} INFO - [2024-02-26T15:51:08.298+0000] {dag.py:3047} INFO - Sync 1 DAGs
[2024-02-26T15:51:08.307+0000] {logging_mixin.py:188} INFO - [2024-02-26T15:51:08.307+0000] {dag.py:3834} INFO - Setting next_dagrun for tutorial_taskflow_api to None, run_after=None
[2024-02-26T15:51:08.319+0000] {processor.py:183} INFO - Processing /home/airflow/.local/lib/python3.11/site-packages/airflow/example_dags/tutorial_taskflow_api.py took 0.055 seconds
[2024-02-26T15:51:39.192+0000] {processor.py:161} INFO - Started process (PID=1801) to work on /home/airflow/.local/lib/python3.11/site-packages/airflow/example_dags/tutorial_taskflow_api.py
[2024-02-26T15:51:39.195+0000] {processor.py:830} INFO - Processing file /home/airflow/.local/lib/python3.11/site-packages/airflow/example_dags/tutorial_taskflow_api.py for tasks to queue
[2024-02-26T15:51:39.197+0000] {logging_mixin.py:188} INFO - [2024-02-26T15:51:39.197+0000] {dagbag.py:540} INFO - Filling up the DagBag from /home/airflow/.local/lib/python3.11/site-packages/airflow/example_dags/tutorial_taskflow_api.py
[2024-02-26T15:51:39.203+0000] {processor.py:840} INFO - DAG(s) 'tutorial_taskflow_api' retrieved from /home/airflow/.local/lib/python3.11/site-packages/airflow/example_dags/tutorial_taskflow_api.py
[2024-02-26T15:51:39.223+0000] {logging_mixin.py:188} INFO - [2024-02-26T15:51:39.223+0000] {dag.py:3047} INFO - Sync 1 DAGs
[2024-02-26T15:51:39.232+0000] {logging_mixin.py:188} INFO - [2024-02-26T15:51:39.232+0000] {dag.py:3834} INFO - Setting next_dagrun for tutorial_taskflow_api to None, run_after=None
[2024-02-26T15:51:39.244+0000] {processor.py:183} INFO - Processing /home/airflow/.local/lib/python3.11/site-packages/airflow/example_dags/tutorial_taskflow_api.py took 0.055 seconds
[2024-02-26T15:52:10.048+0000] {processor.py:161} INFO - Started process (PID=2096) to work on /home/airflow/.local/lib/python3.11/site-packages/airflow/example_dags/tutorial_taskflow_api.py
[2024-02-26T15:52:10.050+0000] {processor.py:830} INFO - Processing file /home/airflow/.local/lib/python3.11/site-packages/airflow/example_dags/tutorial_taskflow_api.py for tasks to queue
[2024-02-26T15:52:10.051+0000] {logging_mixin.py:188} INFO - [2024-02-26T15:52:10.051+0000] {dagbag.py:540} INFO - Filling up the DagBag from /home/airflow/.local/lib/python3.11/site-packages/airflow/example_dags/tutorial_taskflow_api.py
[2024-02-26T15:52:10.057+0000] {processor.py:840} INFO - DAG(s) 'tutorial_taskflow_api' retrieved from /home/airflow/.local/lib/python3.11/site-packages/airflow/example_dags/tutorial_taskflow_api.py
[2024-02-26T15:52:10.077+0000] {logging_mixin.py:188} INFO - [2024-02-26T15:52:10.077+0000] {dag.py:3047} INFO - Sync 1 DAGs
[2024-02-26T15:52:10.086+0000] {logging_mixin.py:188} INFO - [2024-02-26T15:52:10.086+0000] {dag.py:3834} INFO - Setting next_dagrun for tutorial_taskflow_api to None, run_after=None
[2024-02-26T15:52:10.097+0000] {processor.py:183} INFO - Processing /home/airflow/.local/lib/python3.11/site-packages/airflow/example_dags/tutorial_taskflow_api.py took 0.052 seconds
[2024-02-26T15:52:40.439+0000] {processor.py:161} INFO - Started process (PID=2367) to work on /home/airflow/.local/lib/python3.11/site-packages/airflow/example_dags/tutorial_taskflow_api.py
[2024-02-26T15:52:40.441+0000] {processor.py:830} INFO - Processing file /home/airflow/.local/lib/python3.11/site-packages/airflow/example_dags/tutorial_taskflow_api.py for tasks to queue
[2024-02-26T15:52:40.443+0000] {logging_mixin.py:188} INFO - [2024-02-26T15:52:40.442+0000] {dagbag.py:540} INFO - Filling up the DagBag from /home/airflow/.local/lib/python3.11/site-packages/airflow/example_dags/tutorial_taskflow_api.py
[2024-02-26T15:52:40.448+0000] {processor.py:840} INFO - DAG(s) 'tutorial_taskflow_api' retrieved from /home/airflow/.local/lib/python3.11/site-packages/airflow/example_dags/tutorial_taskflow_api.py
[2024-02-26T15:52:40.469+0000] {logging_mixin.py:188} INFO - [2024-02-26T15:52:40.469+0000] {dag.py:3047} INFO - Sync 1 DAGs
[2024-02-26T15:52:40.481+0000] {logging_mixin.py:188} INFO - [2024-02-26T15:52:40.481+0000] {dag.py:3834} INFO - Setting next_dagrun for tutorial_taskflow_api to None, run_after=None
[2024-02-26T15:52:40.493+0000] {processor.py:183} INFO - Processing /home/airflow/.local/lib/python3.11/site-packages/airflow/example_dags/tutorial_taskflow_api.py took 0.057 seconds
[2024-02-26T15:53:11.212+0000] {processor.py:161} INFO - Started process (PID=2614) to work on /home/airflow/.local/lib/python3.11/site-packages/airflow/example_dags/tutorial_taskflow_api.py
[2024-02-26T15:53:11.214+0000] {processor.py:830} INFO - Processing file /home/airflow/.local/lib/python3.11/site-packages/airflow/example_dags/tutorial_taskflow_api.py for tasks to queue
[2024-02-26T15:53:11.216+0000] {logging_mixin.py:188} INFO - [2024-02-26T15:53:11.215+0000] {dagbag.py:540} INFO - Filling up the DagBag from /home/airflow/.local/lib/python3.11/site-packages/airflow/example_dags/tutorial_taskflow_api.py
[2024-02-26T15:53:11.223+0000] {processor.py:840} INFO - DAG(s) 'tutorial_taskflow_api' retrieved from /home/airflow/.local/lib/python3.11/site-packages/airflow/example_dags/tutorial_taskflow_api.py
[2024-02-26T15:53:11.246+0000] {logging_mixin.py:188} INFO - [2024-02-26T15:53:11.246+0000] {dag.py:3047} INFO - Sync 1 DAGs
[2024-02-26T15:53:11.254+0000] {logging_mixin.py:188} INFO - [2024-02-26T15:53:11.254+0000] {dag.py:3834} INFO - Setting next_dagrun for tutorial_taskflow_api to None, run_after=None
[2024-02-26T15:53:11.266+0000] {processor.py:183} INFO - Processing /home/airflow/.local/lib/python3.11/site-packages/airflow/example_dags/tutorial_taskflow_api.py took 0.057 seconds
[2024-02-26T15:53:42.018+0000] {processor.py:161} INFO - Started process (PID=2861) to work on /home/airflow/.local/lib/python3.11/site-packages/airflow/example_dags/tutorial_taskflow_api.py
[2024-02-26T15:53:42.020+0000] {processor.py:830} INFO - Processing file /home/airflow/.local/lib/python3.11/site-packages/airflow/example_dags/tutorial_taskflow_api.py for tasks to queue
[2024-02-26T15:53:42.021+0000] {logging_mixin.py:188} INFO - [2024-02-26T15:53:42.021+0000] {dagbag.py:540} INFO - Filling up the DagBag from /home/airflow/.local/lib/python3.11/site-packages/airflow/example_dags/tutorial_taskflow_api.py
[2024-02-26T15:53:42.027+0000] {processor.py:840} INFO - DAG(s) 'tutorial_taskflow_api' retrieved from /home/airflow/.local/lib/python3.11/site-packages/airflow/example_dags/tutorial_taskflow_api.py
[2024-02-26T15:53:42.047+0000] {logging_mixin.py:188} INFO - [2024-02-26T15:53:42.047+0000] {dag.py:3047} INFO - Sync 1 DAGs
[2024-02-26T15:53:42.056+0000] {logging_mixin.py:188} INFO - [2024-02-26T15:53:42.056+0000] {dag.py:3834} INFO - Setting next_dagrun for tutorial_taskflow_api to None, run_after=None
[2024-02-26T15:53:42.069+0000] {processor.py:183} INFO - Processing /home/airflow/.local/lib/python3.11/site-packages/airflow/example_dags/tutorial_taskflow_api.py took 0.054 seconds
[2024-02-26T15:54:12.787+0000] {processor.py:161} INFO - Started process (PID=3108) to work on /home/airflow/.local/lib/python3.11/site-packages/airflow/example_dags/tutorial_taskflow_api.py
[2024-02-26T15:54:12.788+0000] {processor.py:830} INFO - Processing file /home/airflow/.local/lib/python3.11/site-packages/airflow/example_dags/tutorial_taskflow_api.py for tasks to queue
[2024-02-26T15:54:12.790+0000] {logging_mixin.py:188} INFO - [2024-02-26T15:54:12.789+0000] {dagbag.py:540} INFO - Filling up the DagBag from /home/airflow/.local/lib/python3.11/site-packages/airflow/example_dags/tutorial_taskflow_api.py
[2024-02-26T15:54:12.795+0000] {processor.py:840} INFO - DAG(s) 'tutorial_taskflow_api' retrieved from /home/airflow/.local/lib/python3.11/site-packages/airflow/example_dags/tutorial_taskflow_api.py
[2024-02-26T15:54:12.815+0000] {logging_mixin.py:188} INFO - [2024-02-26T15:54:12.815+0000] {dag.py:3047} INFO - Sync 1 DAGs
[2024-02-26T15:54:12.824+0000] {logging_mixin.py:188} INFO - [2024-02-26T15:54:12.824+0000] {dag.py:3834} INFO - Setting next_dagrun for tutorial_taskflow_api to None, run_after=None
[2024-02-26T15:54:12.836+0000] {processor.py:183} INFO - Processing /home/airflow/.local/lib/python3.11/site-packages/airflow/example_dags/tutorial_taskflow_api.py took 0.052 seconds
[2024-02-26T15:54:43.722+0000] {processor.py:161} INFO - Started process (PID=3355) to work on /home/airflow/.local/lib/python3.11/site-packages/airflow/example_dags/tutorial_taskflow_api.py
[2024-02-26T15:54:43.724+0000] {processor.py:830} INFO - Processing file /home/airflow/.local/lib/python3.11/site-packages/airflow/example_dags/tutorial_taskflow_api.py for tasks to queue
[2024-02-26T15:54:43.725+0000] {logging_mixin.py:188} INFO - [2024-02-26T15:54:43.725+0000] {dagbag.py:540} INFO - Filling up the DagBag from /home/airflow/.local/lib/python3.11/site-packages/airflow/example_dags/tutorial_taskflow_api.py
[2024-02-26T15:54:43.732+0000] {processor.py:840} INFO - DAG(s) 'tutorial_taskflow_api' retrieved from /home/airflow/.local/lib/python3.11/site-packages/airflow/example_dags/tutorial_taskflow_api.py
[2024-02-26T15:54:43.751+0000] {logging_mixin.py:188} INFO - [2024-02-26T15:54:43.751+0000] {dag.py:3047} INFO - Sync 1 DAGs
[2024-02-26T15:54:43.763+0000] {logging_mixin.py:188} INFO - [2024-02-26T15:54:43.763+0000] {dag.py:3834} INFO - Setting next_dagrun for tutorial_taskflow_api to None, run_after=None
[2024-02-26T15:54:43.776+0000] {processor.py:183} INFO - Processing /home/airflow/.local/lib/python3.11/site-packages/airflow/example_dags/tutorial_taskflow_api.py took 0.057 seconds
[2024-02-26T15:55:14.650+0000] {processor.py:161} INFO - Started process (PID=3601) to work on /home/airflow/.local/lib/python3.11/site-packages/airflow/example_dags/tutorial_taskflow_api.py
[2024-02-26T15:55:14.652+0000] {processor.py:830} INFO - Processing file /home/airflow/.local/lib/python3.11/site-packages/airflow/example_dags/tutorial_taskflow_api.py for tasks to queue
[2024-02-26T15:55:14.653+0000] {logging_mixin.py:188} INFO - [2024-02-26T15:55:14.653+0000] {dagbag.py:540} INFO - Filling up the DagBag from /home/airflow/.local/lib/python3.11/site-packages/airflow/example_dags/tutorial_taskflow_api.py
[2024-02-26T15:55:14.659+0000] {processor.py:840} INFO - DAG(s) 'tutorial_taskflow_api' retrieved from /home/airflow/.local/lib/python3.11/site-packages/airflow/example_dags/tutorial_taskflow_api.py
[2024-02-26T15:55:14.678+0000] {logging_mixin.py:188} INFO - [2024-02-26T15:55:14.678+0000] {dag.py:3047} INFO - Sync 1 DAGs
[2024-02-26T15:55:14.687+0000] {logging_mixin.py:188} INFO - [2024-02-26T15:55:14.687+0000] {dag.py:3834} INFO - Setting next_dagrun for tutorial_taskflow_api to None, run_after=None
[2024-02-26T15:55:14.698+0000] {processor.py:183} INFO - Processing /home/airflow/.local/lib/python3.11/site-packages/airflow/example_dags/tutorial_taskflow_api.py took 0.052 seconds
[2024-02-26T15:55:45.798+0000] {processor.py:161} INFO - Started process (PID=3848) to work on /home/airflow/.local/lib/python3.11/site-packages/airflow/example_dags/tutorial_taskflow_api.py
[2024-02-26T15:55:45.802+0000] {processor.py:830} INFO - Processing file /home/airflow/.local/lib/python3.11/site-packages/airflow/example_dags/tutorial_taskflow_api.py for tasks to queue
[2024-02-26T15:55:45.804+0000] {logging_mixin.py:188} INFO - [2024-02-26T15:55:45.803+0000] {dagbag.py:540} INFO - Filling up the DagBag from /home/airflow/.local/lib/python3.11/site-packages/airflow/example_dags/tutorial_taskflow_api.py
[2024-02-26T15:55:45.815+0000] {processor.py:840} INFO - DAG(s) 'tutorial_taskflow_api' retrieved from /home/airflow/.local/lib/python3.11/site-packages/airflow/example_dags/tutorial_taskflow_api.py
[2024-02-26T15:55:45.839+0000] {logging_mixin.py:188} INFO - [2024-02-26T15:55:45.839+0000] {dag.py:3047} INFO - Sync 1 DAGs
[2024-02-26T15:55:45.850+0000] {logging_mixin.py:188} INFO - [2024-02-26T15:55:45.850+0000] {dag.py:3834} INFO - Setting next_dagrun for tutorial_taskflow_api to None, run_after=None
[2024-02-26T15:55:45.866+0000] {processor.py:183} INFO - Processing /home/airflow/.local/lib/python3.11/site-packages/airflow/example_dags/tutorial_taskflow_api.py took 0.071 seconds
[2024-02-26T15:56:15.967+0000] {processor.py:161} INFO - Started process (PID=4097) to work on /home/airflow/.local/lib/python3.11/site-packages/airflow/example_dags/tutorial_taskflow_api.py
[2024-02-26T15:56:15.969+0000] {processor.py:830} INFO - Processing file /home/airflow/.local/lib/python3.11/site-packages/airflow/example_dags/tutorial_taskflow_api.py for tasks to queue
[2024-02-26T15:56:15.972+0000] {logging_mixin.py:188} INFO - [2024-02-26T15:56:15.972+0000] {dagbag.py:540} INFO - Filling up the DagBag from /home/airflow/.local/lib/python3.11/site-packages/airflow/example_dags/tutorial_taskflow_api.py
[2024-02-26T15:56:15.978+0000] {processor.py:840} INFO - DAG(s) 'tutorial_taskflow_api' retrieved from /home/airflow/.local/lib/python3.11/site-packages/airflow/example_dags/tutorial_taskflow_api.py
[2024-02-26T15:56:15.998+0000] {logging_mixin.py:188} INFO - [2024-02-26T15:56:15.997+0000] {dag.py:3047} INFO - Sync 1 DAGs
[2024-02-26T15:56:16.007+0000] {logging_mixin.py:188} INFO - [2024-02-26T15:56:16.007+0000] {dag.py:3834} INFO - Setting next_dagrun for tutorial_taskflow_api to None, run_after=None
[2024-02-26T15:56:16.019+0000] {processor.py:183} INFO - Processing /home/airflow/.local/lib/python3.11/site-packages/airflow/example_dags/tutorial_taskflow_api.py took 0.055 seconds
[2024-02-26T15:56:46.369+0000] {processor.py:161} INFO - Started process (PID=4343) to work on /home/airflow/.local/lib/python3.11/site-packages/airflow/example_dags/tutorial_taskflow_api.py
[2024-02-26T15:56:46.373+0000] {processor.py:830} INFO - Processing file /home/airflow/.local/lib/python3.11/site-packages/airflow/example_dags/tutorial_taskflow_api.py for tasks to queue
[2024-02-26T15:56:46.376+0000] {logging_mixin.py:188} INFO - [2024-02-26T15:56:46.375+0000] {dagbag.py:540} INFO - Filling up the DagBag from /home/airflow/.local/lib/python3.11/site-packages/airflow/example_dags/tutorial_taskflow_api.py
[2024-02-26T15:56:46.384+0000] {processor.py:840} INFO - DAG(s) 'tutorial_taskflow_api' retrieved from /home/airflow/.local/lib/python3.11/site-packages/airflow/example_dags/tutorial_taskflow_api.py
[2024-02-26T15:56:46.408+0000] {logging_mixin.py:188} INFO - [2024-02-26T15:56:46.408+0000] {dag.py:3047} INFO - Sync 1 DAGs
[2024-02-26T15:56:46.419+0000] {logging_mixin.py:188} INFO - [2024-02-26T15:56:46.419+0000] {dag.py:3834} INFO - Setting next_dagrun for tutorial_taskflow_api to None, run_after=None
[2024-02-26T15:56:46.437+0000] {processor.py:183} INFO - Processing /home/airflow/.local/lib/python3.11/site-packages/airflow/example_dags/tutorial_taskflow_api.py took 0.073 seconds
[2024-02-26T15:57:16.689+0000] {processor.py:161} INFO - Started process (PID=4590) to work on /home/airflow/.local/lib/python3.11/site-packages/airflow/example_dags/tutorial_taskflow_api.py
[2024-02-26T15:57:16.691+0000] {processor.py:830} INFO - Processing file /home/airflow/.local/lib/python3.11/site-packages/airflow/example_dags/tutorial_taskflow_api.py for tasks to queue
[2024-02-26T15:57:16.692+0000] {logging_mixin.py:188} INFO - [2024-02-26T15:57:16.692+0000] {dagbag.py:540} INFO - Filling up the DagBag from /home/airflow/.local/lib/python3.11/site-packages/airflow/example_dags/tutorial_taskflow_api.py
[2024-02-26T15:57:16.735+0000] {processor.py:840} INFO - DAG(s) 'tutorial_taskflow_api' retrieved from /home/airflow/.local/lib/python3.11/site-packages/airflow/example_dags/tutorial_taskflow_api.py
[2024-02-26T15:57:16.770+0000] {logging_mixin.py:188} INFO - [2024-02-26T15:57:16.770+0000] {dag.py:3047} INFO - Sync 1 DAGs
[2024-02-26T15:57:16.784+0000] {logging_mixin.py:188} INFO - [2024-02-26T15:57:16.784+0000] {dag.py:3834} INFO - Setting next_dagrun for tutorial_taskflow_api to None, run_after=None
[2024-02-26T15:57:16.799+0000] {processor.py:183} INFO - Processing /home/airflow/.local/lib/python3.11/site-packages/airflow/example_dags/tutorial_taskflow_api.py took 0.114 seconds
[2024-02-26T15:57:47.035+0000] {processor.py:161} INFO - Started process (PID=4837) to work on /home/airflow/.local/lib/python3.11/site-packages/airflow/example_dags/tutorial_taskflow_api.py
[2024-02-26T15:57:47.038+0000] {processor.py:830} INFO - Processing file /home/airflow/.local/lib/python3.11/site-packages/airflow/example_dags/tutorial_taskflow_api.py for tasks to queue
[2024-02-26T15:57:47.040+0000] {logging_mixin.py:188} INFO - [2024-02-26T15:57:47.040+0000] {dagbag.py:540} INFO - Filling up the DagBag from /home/airflow/.local/lib/python3.11/site-packages/airflow/example_dags/tutorial_taskflow_api.py
[2024-02-26T15:57:47.048+0000] {processor.py:840} INFO - DAG(s) 'tutorial_taskflow_api' retrieved from /home/airflow/.local/lib/python3.11/site-packages/airflow/example_dags/tutorial_taskflow_api.py
[2024-02-26T15:57:47.071+0000] {logging_mixin.py:188} INFO - [2024-02-26T15:57:47.070+0000] {dag.py:3047} INFO - Sync 1 DAGs
[2024-02-26T15:57:47.084+0000] {logging_mixin.py:188} INFO - [2024-02-26T15:57:47.083+0000] {dag.py:3834} INFO - Setting next_dagrun for tutorial_taskflow_api to None, run_after=None
[2024-02-26T15:57:47.102+0000] {processor.py:183} INFO - Processing /home/airflow/.local/lib/python3.11/site-packages/airflow/example_dags/tutorial_taskflow_api.py took 0.070 seconds
[2024-02-26T15:58:17.314+0000] {processor.py:161} INFO - Started process (PID=5084) to work on /home/airflow/.local/lib/python3.11/site-packages/airflow/example_dags/tutorial_taskflow_api.py
[2024-02-26T15:58:17.316+0000] {processor.py:830} INFO - Processing file /home/airflow/.local/lib/python3.11/site-packages/airflow/example_dags/tutorial_taskflow_api.py for tasks to queue
[2024-02-26T15:58:17.318+0000] {logging_mixin.py:188} INFO - [2024-02-26T15:58:17.317+0000] {dagbag.py:540} INFO - Filling up the DagBag from /home/airflow/.local/lib/python3.11/site-packages/airflow/example_dags/tutorial_taskflow_api.py
[2024-02-26T15:58:17.325+0000] {processor.py:840} INFO - DAG(s) 'tutorial_taskflow_api' retrieved from /home/airflow/.local/lib/python3.11/site-packages/airflow/example_dags/tutorial_taskflow_api.py
[2024-02-26T15:58:17.352+0000] {logging_mixin.py:188} INFO - [2024-02-26T15:58:17.351+0000] {dag.py:3047} INFO - Sync 1 DAGs
[2024-02-26T15:58:17.361+0000] {logging_mixin.py:188} INFO - [2024-02-26T15:58:17.361+0000] {dag.py:3834} INFO - Setting next_dagrun for tutorial_taskflow_api to None, run_after=None
[2024-02-26T15:58:17.381+0000] {processor.py:183} INFO - Processing /home/airflow/.local/lib/python3.11/site-packages/airflow/example_dags/tutorial_taskflow_api.py took 0.070 seconds
[2024-02-26T15:58:47.641+0000] {processor.py:161} INFO - Started process (PID=5332) to work on /home/airflow/.local/lib/python3.11/site-packages/airflow/example_dags/tutorial_taskflow_api.py
[2024-02-26T15:58:47.643+0000] {processor.py:830} INFO - Processing file /home/airflow/.local/lib/python3.11/site-packages/airflow/example_dags/tutorial_taskflow_api.py for tasks to queue
[2024-02-26T15:58:47.645+0000] {logging_mixin.py:188} INFO - [2024-02-26T15:58:47.644+0000] {dagbag.py:540} INFO - Filling up the DagBag from /home/airflow/.local/lib/python3.11/site-packages/airflow/example_dags/tutorial_taskflow_api.py
[2024-02-26T15:58:47.654+0000] {processor.py:840} INFO - DAG(s) 'tutorial_taskflow_api' retrieved from /home/airflow/.local/lib/python3.11/site-packages/airflow/example_dags/tutorial_taskflow_api.py
[2024-02-26T15:58:47.678+0000] {logging_mixin.py:188} INFO - [2024-02-26T15:58:47.678+0000] {dag.py:3047} INFO - Sync 1 DAGs
[2024-02-26T15:58:47.688+0000] {logging_mixin.py:188} INFO - [2024-02-26T15:58:47.688+0000] {dag.py:3834} INFO - Setting next_dagrun for tutorial_taskflow_api to None, run_after=None
[2024-02-26T15:58:47.703+0000] {processor.py:183} INFO - Processing /home/airflow/.local/lib/python3.11/site-packages/airflow/example_dags/tutorial_taskflow_api.py took 0.066 seconds
[2024-02-26T15:59:17.812+0000] {processor.py:161} INFO - Started process (PID=5580) to work on /home/airflow/.local/lib/python3.11/site-packages/airflow/example_dags/tutorial_taskflow_api.py
[2024-02-26T15:59:17.814+0000] {processor.py:830} INFO - Processing file /home/airflow/.local/lib/python3.11/site-packages/airflow/example_dags/tutorial_taskflow_api.py for tasks to queue
[2024-02-26T15:59:17.815+0000] {logging_mixin.py:188} INFO - [2024-02-26T15:59:17.815+0000] {dagbag.py:540} INFO - Filling up the DagBag from /home/airflow/.local/lib/python3.11/site-packages/airflow/example_dags/tutorial_taskflow_api.py
[2024-02-26T15:59:17.821+0000] {processor.py:840} INFO - DAG(s) 'tutorial_taskflow_api' retrieved from /home/airflow/.local/lib/python3.11/site-packages/airflow/example_dags/tutorial_taskflow_api.py
[2024-02-26T15:59:17.840+0000] {logging_mixin.py:188} INFO - [2024-02-26T15:59:17.840+0000] {dag.py:3047} INFO - Sync 1 DAGs
[2024-02-26T15:59:17.853+0000] {logging_mixin.py:188} INFO - [2024-02-26T15:59:17.853+0000] {dag.py:3834} INFO - Setting next_dagrun for tutorial_taskflow_api to None, run_after=None
[2024-02-26T15:59:17.867+0000] {processor.py:183} INFO - Processing /home/airflow/.local/lib/python3.11/site-packages/airflow/example_dags/tutorial_taskflow_api.py took 0.059 seconds
[2024-02-26T15:59:48.856+0000] {processor.py:161} INFO - Started process (PID=5827) to work on /home/airflow/.local/lib/python3.11/site-packages/airflow/example_dags/tutorial_taskflow_api.py
[2024-02-26T15:59:48.858+0000] {processor.py:830} INFO - Processing file /home/airflow/.local/lib/python3.11/site-packages/airflow/example_dags/tutorial_taskflow_api.py for tasks to queue
[2024-02-26T15:59:48.859+0000] {logging_mixin.py:188} INFO - [2024-02-26T15:59:48.859+0000] {dagbag.py:540} INFO - Filling up the DagBag from /home/airflow/.local/lib/python3.11/site-packages/airflow/example_dags/tutorial_taskflow_api.py
[2024-02-26T15:59:48.866+0000] {processor.py:840} INFO - DAG(s) 'tutorial_taskflow_api' retrieved from /home/airflow/.local/lib/python3.11/site-packages/airflow/example_dags/tutorial_taskflow_api.py
[2024-02-26T15:59:48.886+0000] {logging_mixin.py:188} INFO - [2024-02-26T15:59:48.886+0000] {dag.py:3047} INFO - Sync 1 DAGs
[2024-02-26T15:59:48.895+0000] {logging_mixin.py:188} INFO - [2024-02-26T15:59:48.895+0000] {dag.py:3834} INFO - Setting next_dagrun for tutorial_taskflow_api to None, run_after=None
[2024-02-26T15:59:48.906+0000] {processor.py:183} INFO - Processing /home/airflow/.local/lib/python3.11/site-packages/airflow/example_dags/tutorial_taskflow_api.py took 0.053 seconds
[2024-02-26T16:00:19.716+0000] {processor.py:161} INFO - Started process (PID=6074) to work on /home/airflow/.local/lib/python3.11/site-packages/airflow/example_dags/tutorial_taskflow_api.py
[2024-02-26T16:00:19.717+0000] {processor.py:830} INFO - Processing file /home/airflow/.local/lib/python3.11/site-packages/airflow/example_dags/tutorial_taskflow_api.py for tasks to queue
[2024-02-26T16:00:19.720+0000] {logging_mixin.py:188} INFO - [2024-02-26T16:00:19.719+0000] {dagbag.py:540} INFO - Filling up the DagBag from /home/airflow/.local/lib/python3.11/site-packages/airflow/example_dags/tutorial_taskflow_api.py
[2024-02-26T16:00:19.726+0000] {processor.py:840} INFO - DAG(s) 'tutorial_taskflow_api' retrieved from /home/airflow/.local/lib/python3.11/site-packages/airflow/example_dags/tutorial_taskflow_api.py
[2024-02-26T16:00:19.747+0000] {logging_mixin.py:188} INFO - [2024-02-26T16:00:19.747+0000] {dag.py:3047} INFO - Sync 1 DAGs
[2024-02-26T16:00:19.756+0000] {logging_mixin.py:188} INFO - [2024-02-26T16:00:19.755+0000] {dag.py:3834} INFO - Setting next_dagrun for tutorial_taskflow_api to None, run_after=None
[2024-02-26T16:00:19.767+0000] {processor.py:183} INFO - Processing /home/airflow/.local/lib/python3.11/site-packages/airflow/example_dags/tutorial_taskflow_api.py took 0.054 seconds
[2024-02-26T16:00:50.546+0000] {processor.py:161} INFO - Started process (PID=6320) to work on /home/airflow/.local/lib/python3.11/site-packages/airflow/example_dags/tutorial_taskflow_api.py
[2024-02-26T16:00:50.548+0000] {processor.py:830} INFO - Processing file /home/airflow/.local/lib/python3.11/site-packages/airflow/example_dags/tutorial_taskflow_api.py for tasks to queue
[2024-02-26T16:00:50.550+0000] {logging_mixin.py:188} INFO - [2024-02-26T16:00:50.549+0000] {dagbag.py:540} INFO - Filling up the DagBag from /home/airflow/.local/lib/python3.11/site-packages/airflow/example_dags/tutorial_taskflow_api.py
[2024-02-26T16:00:50.555+0000] {processor.py:840} INFO - DAG(s) 'tutorial_taskflow_api' retrieved from /home/airflow/.local/lib/python3.11/site-packages/airflow/example_dags/tutorial_taskflow_api.py
[2024-02-26T16:00:50.576+0000] {logging_mixin.py:188} INFO - [2024-02-26T16:00:50.576+0000] {dag.py:3047} INFO - Sync 1 DAGs
[2024-02-26T16:00:50.584+0000] {logging_mixin.py:188} INFO - [2024-02-26T16:00:50.584+0000] {dag.py:3834} INFO - Setting next_dagrun for tutorial_taskflow_api to None, run_after=None
[2024-02-26T16:00:50.596+0000] {processor.py:183} INFO - Processing /home/airflow/.local/lib/python3.11/site-packages/airflow/example_dags/tutorial_taskflow_api.py took 0.053 seconds
[2024-02-26T16:01:21.387+0000] {processor.py:161} INFO - Started process (PID=6569) to work on /home/airflow/.local/lib/python3.11/site-packages/airflow/example_dags/tutorial_taskflow_api.py
[2024-02-26T16:01:21.389+0000] {processor.py:830} INFO - Processing file /home/airflow/.local/lib/python3.11/site-packages/airflow/example_dags/tutorial_taskflow_api.py for tasks to queue
[2024-02-26T16:01:21.391+0000] {logging_mixin.py:188} INFO - [2024-02-26T16:01:21.390+0000] {dagbag.py:540} INFO - Filling up the DagBag from /home/airflow/.local/lib/python3.11/site-packages/airflow/example_dags/tutorial_taskflow_api.py
[2024-02-26T16:01:21.397+0000] {processor.py:840} INFO - DAG(s) 'tutorial_taskflow_api' retrieved from /home/airflow/.local/lib/python3.11/site-packages/airflow/example_dags/tutorial_taskflow_api.py
[2024-02-26T16:01:21.416+0000] {logging_mixin.py:188} INFO - [2024-02-26T16:01:21.416+0000] {dag.py:3047} INFO - Sync 1 DAGs
[2024-02-26T16:01:21.426+0000] {logging_mixin.py:188} INFO - [2024-02-26T16:01:21.426+0000] {dag.py:3834} INFO - Setting next_dagrun for tutorial_taskflow_api to None, run_after=None
[2024-02-26T16:01:21.438+0000] {processor.py:183} INFO - Processing /home/airflow/.local/lib/python3.11/site-packages/airflow/example_dags/tutorial_taskflow_api.py took 0.054 seconds
[2024-02-26T16:01:51.507+0000] {processor.py:161} INFO - Started process (PID=6816) to work on /home/airflow/.local/lib/python3.11/site-packages/airflow/example_dags/tutorial_taskflow_api.py
[2024-02-26T16:01:51.508+0000] {processor.py:830} INFO - Processing file /home/airflow/.local/lib/python3.11/site-packages/airflow/example_dags/tutorial_taskflow_api.py for tasks to queue
[2024-02-26T16:01:51.510+0000] {logging_mixin.py:188} INFO - [2024-02-26T16:01:51.509+0000] {dagbag.py:540} INFO - Filling up the DagBag from /home/airflow/.local/lib/python3.11/site-packages/airflow/example_dags/tutorial_taskflow_api.py
[2024-02-26T16:01:51.515+0000] {processor.py:840} INFO - DAG(s) 'tutorial_taskflow_api' retrieved from /home/airflow/.local/lib/python3.11/site-packages/airflow/example_dags/tutorial_taskflow_api.py
[2024-02-26T16:01:51.536+0000] {logging_mixin.py:188} INFO - [2024-02-26T16:01:51.536+0000] {dag.py:3047} INFO - Sync 1 DAGs
[2024-02-26T16:01:51.546+0000] {logging_mixin.py:188} INFO - [2024-02-26T16:01:51.546+0000] {dag.py:3834} INFO - Setting next_dagrun for tutorial_taskflow_api to None, run_after=None
[2024-02-26T16:01:51.557+0000] {processor.py:183} INFO - Processing /home/airflow/.local/lib/python3.11/site-packages/airflow/example_dags/tutorial_taskflow_api.py took 0.054 seconds
[2024-02-26T16:02:21.810+0000] {processor.py:161} INFO - Started process (PID=7063) to work on /home/airflow/.local/lib/python3.11/site-packages/airflow/example_dags/tutorial_taskflow_api.py
[2024-02-26T16:02:21.813+0000] {processor.py:830} INFO - Processing file /home/airflow/.local/lib/python3.11/site-packages/airflow/example_dags/tutorial_taskflow_api.py for tasks to queue
[2024-02-26T16:02:21.815+0000] {logging_mixin.py:188} INFO - [2024-02-26T16:02:21.815+0000] {dagbag.py:540} INFO - Filling up the DagBag from /home/airflow/.local/lib/python3.11/site-packages/airflow/example_dags/tutorial_taskflow_api.py
[2024-02-26T16:02:21.821+0000] {processor.py:840} INFO - DAG(s) 'tutorial_taskflow_api' retrieved from /home/airflow/.local/lib/python3.11/site-packages/airflow/example_dags/tutorial_taskflow_api.py
[2024-02-26T16:02:21.842+0000] {logging_mixin.py:188} INFO - [2024-02-26T16:02:21.842+0000] {dag.py:3047} INFO - Sync 1 DAGs
[2024-02-26T16:02:21.851+0000] {logging_mixin.py:188} INFO - [2024-02-26T16:02:21.851+0000] {dag.py:3834} INFO - Setting next_dagrun for tutorial_taskflow_api to None, run_after=None
[2024-02-26T16:02:21.862+0000] {processor.py:183} INFO - Processing /home/airflow/.local/lib/python3.11/site-packages/airflow/example_dags/tutorial_taskflow_api.py took 0.056 seconds
[2024-02-26T16:02:51.904+0000] {processor.py:161} INFO - Started process (PID=7310) to work on /home/airflow/.local/lib/python3.11/site-packages/airflow/example_dags/tutorial_taskflow_api.py
[2024-02-26T16:02:51.906+0000] {processor.py:830} INFO - Processing file /home/airflow/.local/lib/python3.11/site-packages/airflow/example_dags/tutorial_taskflow_api.py for tasks to queue
[2024-02-26T16:02:51.909+0000] {logging_mixin.py:188} INFO - [2024-02-26T16:02:51.908+0000] {dagbag.py:540} INFO - Filling up the DagBag from /home/airflow/.local/lib/python3.11/site-packages/airflow/example_dags/tutorial_taskflow_api.py
[2024-02-26T16:02:51.915+0000] {processor.py:840} INFO - DAG(s) 'tutorial_taskflow_api' retrieved from /home/airflow/.local/lib/python3.11/site-packages/airflow/example_dags/tutorial_taskflow_api.py
[2024-02-26T16:02:51.933+0000] {logging_mixin.py:188} INFO - [2024-02-26T16:02:51.933+0000] {dag.py:3047} INFO - Sync 1 DAGs
[2024-02-26T16:02:51.942+0000] {logging_mixin.py:188} INFO - [2024-02-26T16:02:51.942+0000] {dag.py:3834} INFO - Setting next_dagrun for tutorial_taskflow_api to None, run_after=None
[2024-02-26T16:02:51.953+0000] {processor.py:183} INFO - Processing /home/airflow/.local/lib/python3.11/site-packages/airflow/example_dags/tutorial_taskflow_api.py took 0.052 seconds
[2024-02-26T16:03:22.991+0000] {processor.py:161} INFO - Started process (PID=7555) to work on /home/airflow/.local/lib/python3.11/site-packages/airflow/example_dags/tutorial_taskflow_api.py
[2024-02-26T16:03:22.994+0000] {processor.py:830} INFO - Processing file /home/airflow/.local/lib/python3.11/site-packages/airflow/example_dags/tutorial_taskflow_api.py for tasks to queue
[2024-02-26T16:03:22.995+0000] {logging_mixin.py:188} INFO - [2024-02-26T16:03:22.995+0000] {dagbag.py:540} INFO - Filling up the DagBag from /home/airflow/.local/lib/python3.11/site-packages/airflow/example_dags/tutorial_taskflow_api.py
[2024-02-26T16:03:23.002+0000] {processor.py:840} INFO - DAG(s) 'tutorial_taskflow_api' retrieved from /home/airflow/.local/lib/python3.11/site-packages/airflow/example_dags/tutorial_taskflow_api.py
[2024-02-26T16:03:23.020+0000] {logging_mixin.py:188} INFO - [2024-02-26T16:03:23.020+0000] {dag.py:3047} INFO - Sync 1 DAGs
[2024-02-26T16:03:23.028+0000] {logging_mixin.py:188} INFO - [2024-02-26T16:03:23.028+0000] {dag.py:3834} INFO - Setting next_dagrun for tutorial_taskflow_api to None, run_after=None
[2024-02-26T16:03:23.038+0000] {processor.py:183} INFO - Processing /home/airflow/.local/lib/python3.11/site-packages/airflow/example_dags/tutorial_taskflow_api.py took 0.050 seconds
[2024-02-26T16:03:53.163+0000] {processor.py:161} INFO - Started process (PID=7803) to work on /home/airflow/.local/lib/python3.11/site-packages/airflow/example_dags/tutorial_taskflow_api.py
[2024-02-26T16:03:53.165+0000] {processor.py:830} INFO - Processing file /home/airflow/.local/lib/python3.11/site-packages/airflow/example_dags/tutorial_taskflow_api.py for tasks to queue
[2024-02-26T16:03:53.166+0000] {logging_mixin.py:188} INFO - [2024-02-26T16:03:53.166+0000] {dagbag.py:540} INFO - Filling up the DagBag from /home/airflow/.local/lib/python3.11/site-packages/airflow/example_dags/tutorial_taskflow_api.py
[2024-02-26T16:03:53.175+0000] {processor.py:840} INFO - DAG(s) 'tutorial_taskflow_api' retrieved from /home/airflow/.local/lib/python3.11/site-packages/airflow/example_dags/tutorial_taskflow_api.py
[2024-02-26T16:03:53.193+0000] {logging_mixin.py:188} INFO - [2024-02-26T16:03:53.193+0000] {dag.py:3047} INFO - Sync 1 DAGs
[2024-02-26T16:03:53.202+0000] {logging_mixin.py:188} INFO - [2024-02-26T16:03:53.202+0000] {dag.py:3834} INFO - Setting next_dagrun for tutorial_taskflow_api to None, run_after=None
[2024-02-26T16:03:53.214+0000] {processor.py:183} INFO - Processing /home/airflow/.local/lib/python3.11/site-packages/airflow/example_dags/tutorial_taskflow_api.py took 0.054 seconds
[2024-02-26T16:04:23.843+0000] {processor.py:161} INFO - Started process (PID=8050) to work on /home/airflow/.local/lib/python3.11/site-packages/airflow/example_dags/tutorial_taskflow_api.py
[2024-02-26T16:04:23.845+0000] {processor.py:830} INFO - Processing file /home/airflow/.local/lib/python3.11/site-packages/airflow/example_dags/tutorial_taskflow_api.py for tasks to queue
[2024-02-26T16:04:23.849+0000] {logging_mixin.py:188} INFO - [2024-02-26T16:04:23.849+0000] {dagbag.py:540} INFO - Filling up the DagBag from /home/airflow/.local/lib/python3.11/site-packages/airflow/example_dags/tutorial_taskflow_api.py
[2024-02-26T16:04:23.856+0000] {processor.py:840} INFO - DAG(s) 'tutorial_taskflow_api' retrieved from /home/airflow/.local/lib/python3.11/site-packages/airflow/example_dags/tutorial_taskflow_api.py
[2024-02-26T16:04:23.877+0000] {logging_mixin.py:188} INFO - [2024-02-26T16:04:23.877+0000] {dag.py:3047} INFO - Sync 1 DAGs
[2024-02-26T16:04:23.887+0000] {logging_mixin.py:188} INFO - [2024-02-26T16:04:23.887+0000] {dag.py:3834} INFO - Setting next_dagrun for tutorial_taskflow_api to None, run_after=None
[2024-02-26T16:04:23.900+0000] {processor.py:183} INFO - Processing /home/airflow/.local/lib/python3.11/site-packages/airflow/example_dags/tutorial_taskflow_api.py took 0.060 seconds
[2024-02-26T16:04:54.679+0000] {processor.py:161} INFO - Started process (PID=8297) to work on /home/airflow/.local/lib/python3.11/site-packages/airflow/example_dags/tutorial_taskflow_api.py
[2024-02-26T16:04:54.680+0000] {processor.py:830} INFO - Processing file /home/airflow/.local/lib/python3.11/site-packages/airflow/example_dags/tutorial_taskflow_api.py for tasks to queue
[2024-02-26T16:04:54.682+0000] {logging_mixin.py:188} INFO - [2024-02-26T16:04:54.681+0000] {dagbag.py:540} INFO - Filling up the DagBag from /home/airflow/.local/lib/python3.11/site-packages/airflow/example_dags/tutorial_taskflow_api.py
[2024-02-26T16:04:54.687+0000] {processor.py:840} INFO - DAG(s) 'tutorial_taskflow_api' retrieved from /home/airflow/.local/lib/python3.11/site-packages/airflow/example_dags/tutorial_taskflow_api.py
[2024-02-26T16:04:54.709+0000] {logging_mixin.py:188} INFO - [2024-02-26T16:04:54.709+0000] {dag.py:3047} INFO - Sync 1 DAGs
[2024-02-26T16:04:54.718+0000] {logging_mixin.py:188} INFO - [2024-02-26T16:04:54.718+0000] {dag.py:3834} INFO - Setting next_dagrun for tutorial_taskflow_api to None, run_after=None
[2024-02-26T16:04:54.731+0000] {processor.py:183} INFO - Processing /home/airflow/.local/lib/python3.11/site-packages/airflow/example_dags/tutorial_taskflow_api.py took 0.055 seconds
[2024-02-26T16:05:25.418+0000] {processor.py:161} INFO - Started process (PID=8544) to work on /home/airflow/.local/lib/python3.11/site-packages/airflow/example_dags/tutorial_taskflow_api.py
[2024-02-26T16:05:25.420+0000] {processor.py:830} INFO - Processing file /home/airflow/.local/lib/python3.11/site-packages/airflow/example_dags/tutorial_taskflow_api.py for tasks to queue
[2024-02-26T16:05:25.421+0000] {logging_mixin.py:188} INFO - [2024-02-26T16:05:25.421+0000] {dagbag.py:540} INFO - Filling up the DagBag from /home/airflow/.local/lib/python3.11/site-packages/airflow/example_dags/tutorial_taskflow_api.py
[2024-02-26T16:05:25.427+0000] {processor.py:840} INFO - DAG(s) 'tutorial_taskflow_api' retrieved from /home/airflow/.local/lib/python3.11/site-packages/airflow/example_dags/tutorial_taskflow_api.py
[2024-02-26T16:05:25.446+0000] {logging_mixin.py:188} INFO - [2024-02-26T16:05:25.446+0000] {dag.py:3047} INFO - Sync 1 DAGs
[2024-02-26T16:05:25.455+0000] {logging_mixin.py:188} INFO - [2024-02-26T16:05:25.454+0000] {dag.py:3834} INFO - Setting next_dagrun for tutorial_taskflow_api to None, run_after=None
[2024-02-26T16:05:25.467+0000] {processor.py:183} INFO - Processing /home/airflow/.local/lib/python3.11/site-packages/airflow/example_dags/tutorial_taskflow_api.py took 0.052 seconds
[2024-02-26T16:05:56.183+0000] {processor.py:161} INFO - Started process (PID=8791) to work on /home/airflow/.local/lib/python3.11/site-packages/airflow/example_dags/tutorial_taskflow_api.py
[2024-02-26T16:05:56.185+0000] {processor.py:830} INFO - Processing file /home/airflow/.local/lib/python3.11/site-packages/airflow/example_dags/tutorial_taskflow_api.py for tasks to queue
[2024-02-26T16:05:56.186+0000] {logging_mixin.py:188} INFO - [2024-02-26T16:05:56.186+0000] {dagbag.py:540} INFO - Filling up the DagBag from /home/airflow/.local/lib/python3.11/site-packages/airflow/example_dags/tutorial_taskflow_api.py
[2024-02-26T16:05:56.192+0000] {processor.py:840} INFO - DAG(s) 'tutorial_taskflow_api' retrieved from /home/airflow/.local/lib/python3.11/site-packages/airflow/example_dags/tutorial_taskflow_api.py
[2024-02-26T16:05:56.215+0000] {logging_mixin.py:188} INFO - [2024-02-26T16:05:56.214+0000] {dag.py:3047} INFO - Sync 1 DAGs
[2024-02-26T16:05:56.224+0000] {logging_mixin.py:188} INFO - [2024-02-26T16:05:56.223+0000] {dag.py:3834} INFO - Setting next_dagrun for tutorial_taskflow_api to None, run_after=None
[2024-02-26T16:05:56.236+0000] {processor.py:183} INFO - Processing /home/airflow/.local/lib/python3.11/site-packages/airflow/example_dags/tutorial_taskflow_api.py took 0.057 seconds
[2024-02-26T16:06:27.069+0000] {processor.py:161} INFO - Started process (PID=9038) to work on /home/airflow/.local/lib/python3.11/site-packages/airflow/example_dags/tutorial_taskflow_api.py
[2024-02-26T16:06:27.071+0000] {processor.py:830} INFO - Processing file /home/airflow/.local/lib/python3.11/site-packages/airflow/example_dags/tutorial_taskflow_api.py for tasks to queue
[2024-02-26T16:06:27.073+0000] {logging_mixin.py:188} INFO - [2024-02-26T16:06:27.073+0000] {dagbag.py:540} INFO - Filling up the DagBag from /home/airflow/.local/lib/python3.11/site-packages/airflow/example_dags/tutorial_taskflow_api.py
[2024-02-26T16:06:27.081+0000] {processor.py:840} INFO - DAG(s) 'tutorial_taskflow_api' retrieved from /home/airflow/.local/lib/python3.11/site-packages/airflow/example_dags/tutorial_taskflow_api.py
[2024-02-26T16:06:27.101+0000] {logging_mixin.py:188} INFO - [2024-02-26T16:06:27.101+0000] {dag.py:3047} INFO - Sync 1 DAGs
[2024-02-26T16:06:27.111+0000] {logging_mixin.py:188} INFO - [2024-02-26T16:06:27.111+0000] {dag.py:3834} INFO - Setting next_dagrun for tutorial_taskflow_api to None, run_after=None
[2024-02-26T16:06:27.122+0000] {processor.py:183} INFO - Processing /home/airflow/.local/lib/python3.11/site-packages/airflow/example_dags/tutorial_taskflow_api.py took 0.056 seconds
[2024-02-26T16:06:57.939+0000] {processor.py:161} INFO - Started process (PID=9291) to work on /home/airflow/.local/lib/python3.11/site-packages/airflow/example_dags/tutorial_taskflow_api.py
[2024-02-26T16:06:57.940+0000] {processor.py:830} INFO - Processing file /home/airflow/.local/lib/python3.11/site-packages/airflow/example_dags/tutorial_taskflow_api.py for tasks to queue
[2024-02-26T16:06:57.942+0000] {logging_mixin.py:188} INFO - [2024-02-26T16:06:57.941+0000] {dagbag.py:540} INFO - Filling up the DagBag from /home/airflow/.local/lib/python3.11/site-packages/airflow/example_dags/tutorial_taskflow_api.py
[2024-02-26T16:06:57.947+0000] {processor.py:840} INFO - DAG(s) 'tutorial_taskflow_api' retrieved from /home/airflow/.local/lib/python3.11/site-packages/airflow/example_dags/tutorial_taskflow_api.py
[2024-02-26T16:06:57.968+0000] {logging_mixin.py:188} INFO - [2024-02-26T16:06:57.967+0000] {dag.py:3047} INFO - Sync 1 DAGs
[2024-02-26T16:06:57.977+0000] {logging_mixin.py:188} INFO - [2024-02-26T16:06:57.977+0000] {dag.py:3834} INFO - Setting next_dagrun for tutorial_taskflow_api to None, run_after=None
[2024-02-26T16:06:57.993+0000] {processor.py:183} INFO - Processing /home/airflow/.local/lib/python3.11/site-packages/airflow/example_dags/tutorial_taskflow_api.py took 0.058 seconds
[2024-02-26T16:07:28.128+0000] {processor.py:161} INFO - Started process (PID=9538) to work on /home/airflow/.local/lib/python3.11/site-packages/airflow/example_dags/tutorial_taskflow_api.py
[2024-02-26T16:07:28.130+0000] {processor.py:830} INFO - Processing file /home/airflow/.local/lib/python3.11/site-packages/airflow/example_dags/tutorial_taskflow_api.py for tasks to queue
[2024-02-26T16:07:28.132+0000] {logging_mixin.py:188} INFO - [2024-02-26T16:07:28.131+0000] {dagbag.py:540} INFO - Filling up the DagBag from /home/airflow/.local/lib/python3.11/site-packages/airflow/example_dags/tutorial_taskflow_api.py
[2024-02-26T16:07:28.138+0000] {processor.py:840} INFO - DAG(s) 'tutorial_taskflow_api' retrieved from /home/airflow/.local/lib/python3.11/site-packages/airflow/example_dags/tutorial_taskflow_api.py
[2024-02-26T16:07:28.160+0000] {logging_mixin.py:188} INFO - [2024-02-26T16:07:28.159+0000] {dag.py:3047} INFO - Sync 1 DAGs
[2024-02-26T16:07:28.169+0000] {logging_mixin.py:188} INFO - [2024-02-26T16:07:28.169+0000] {dag.py:3834} INFO - Setting next_dagrun for tutorial_taskflow_api to None, run_after=None
[2024-02-26T16:07:28.189+0000] {processor.py:183} INFO - Processing /home/airflow/.local/lib/python3.11/site-packages/airflow/example_dags/tutorial_taskflow_api.py took 0.065 seconds
[2024-02-26T16:07:58.351+0000] {processor.py:161} INFO - Started process (PID=9785) to work on /home/airflow/.local/lib/python3.11/site-packages/airflow/example_dags/tutorial_taskflow_api.py
[2024-02-26T16:07:58.357+0000] {processor.py:830} INFO - Processing file /home/airflow/.local/lib/python3.11/site-packages/airflow/example_dags/tutorial_taskflow_api.py for tasks to queue
[2024-02-26T16:07:58.358+0000] {logging_mixin.py:188} INFO - [2024-02-26T16:07:58.358+0000] {dagbag.py:540} INFO - Filling up the DagBag from /home/airflow/.local/lib/python3.11/site-packages/airflow/example_dags/tutorial_taskflow_api.py
[2024-02-26T16:07:58.364+0000] {processor.py:840} INFO - DAG(s) 'tutorial_taskflow_api' retrieved from /home/airflow/.local/lib/python3.11/site-packages/airflow/example_dags/tutorial_taskflow_api.py
[2024-02-26T16:07:58.384+0000] {logging_mixin.py:188} INFO - [2024-02-26T16:07:58.384+0000] {dag.py:3047} INFO - Sync 1 DAGs
[2024-02-26T16:07:58.392+0000] {logging_mixin.py:188} INFO - [2024-02-26T16:07:58.392+0000] {dag.py:3834} INFO - Setting next_dagrun for tutorial_taskflow_api to None, run_after=None
[2024-02-26T16:07:58.405+0000] {processor.py:183} INFO - Processing /home/airflow/.local/lib/python3.11/site-packages/airflow/example_dags/tutorial_taskflow_api.py took 0.057 seconds
[2024-02-26T16:08:29.466+0000] {processor.py:161} INFO - Started process (PID=10032) to work on /home/airflow/.local/lib/python3.11/site-packages/airflow/example_dags/tutorial_taskflow_api.py
[2024-02-26T16:08:29.468+0000] {processor.py:830} INFO - Processing file /home/airflow/.local/lib/python3.11/site-packages/airflow/example_dags/tutorial_taskflow_api.py for tasks to queue
[2024-02-26T16:08:29.469+0000] {logging_mixin.py:188} INFO - [2024-02-26T16:08:29.469+0000] {dagbag.py:540} INFO - Filling up the DagBag from /home/airflow/.local/lib/python3.11/site-packages/airflow/example_dags/tutorial_taskflow_api.py
[2024-02-26T16:08:29.475+0000] {processor.py:840} INFO - DAG(s) 'tutorial_taskflow_api' retrieved from /home/airflow/.local/lib/python3.11/site-packages/airflow/example_dags/tutorial_taskflow_api.py
[2024-02-26T16:08:29.495+0000] {logging_mixin.py:188} INFO - [2024-02-26T16:08:29.495+0000] {dag.py:3047} INFO - Sync 1 DAGs
[2024-02-26T16:08:29.504+0000] {logging_mixin.py:188} INFO - [2024-02-26T16:08:29.503+0000] {dag.py:3834} INFO - Setting next_dagrun for tutorial_taskflow_api to None, run_after=None
[2024-02-26T16:08:29.515+0000] {processor.py:183} INFO - Processing /home/airflow/.local/lib/python3.11/site-packages/airflow/example_dags/tutorial_taskflow_api.py took 0.052 seconds
[2024-02-26T16:08:59.918+0000] {processor.py:161} INFO - Started process (PID=10279) to work on /home/airflow/.local/lib/python3.11/site-packages/airflow/example_dags/tutorial_taskflow_api.py
[2024-02-26T16:08:59.919+0000] {processor.py:830} INFO - Processing file /home/airflow/.local/lib/python3.11/site-packages/airflow/example_dags/tutorial_taskflow_api.py for tasks to queue
[2024-02-26T16:08:59.921+0000] {logging_mixin.py:188} INFO - [2024-02-26T16:08:59.921+0000] {dagbag.py:540} INFO - Filling up the DagBag from /home/airflow/.local/lib/python3.11/site-packages/airflow/example_dags/tutorial_taskflow_api.py
[2024-02-26T16:08:59.929+0000] {processor.py:840} INFO - DAG(s) 'tutorial_taskflow_api' retrieved from /home/airflow/.local/lib/python3.11/site-packages/airflow/example_dags/tutorial_taskflow_api.py
[2024-02-26T16:08:59.949+0000] {logging_mixin.py:188} INFO - [2024-02-26T16:08:59.949+0000] {dag.py:3047} INFO - Sync 1 DAGs
[2024-02-26T16:08:59.957+0000] {logging_mixin.py:188} INFO - [2024-02-26T16:08:59.957+0000] {dag.py:3834} INFO - Setting next_dagrun for tutorial_taskflow_api to None, run_after=None
[2024-02-26T16:08:59.969+0000] {processor.py:183} INFO - Processing /home/airflow/.local/lib/python3.11/site-packages/airflow/example_dags/tutorial_taskflow_api.py took 0.054 seconds
[2024-02-26T16:09:30.163+0000] {processor.py:161} INFO - Started process (PID=10528) to work on /home/airflow/.local/lib/python3.11/site-packages/airflow/example_dags/tutorial_taskflow_api.py
[2024-02-26T16:09:30.165+0000] {processor.py:830} INFO - Processing file /home/airflow/.local/lib/python3.11/site-packages/airflow/example_dags/tutorial_taskflow_api.py for tasks to queue
[2024-02-26T16:09:30.166+0000] {logging_mixin.py:188} INFO - [2024-02-26T16:09:30.166+0000] {dagbag.py:540} INFO - Filling up the DagBag from /home/airflow/.local/lib/python3.11/site-packages/airflow/example_dags/tutorial_taskflow_api.py
[2024-02-26T16:09:30.172+0000] {processor.py:840} INFO - DAG(s) 'tutorial_taskflow_api' retrieved from /home/airflow/.local/lib/python3.11/site-packages/airflow/example_dags/tutorial_taskflow_api.py
[2024-02-26T16:09:30.190+0000] {logging_mixin.py:188} INFO - [2024-02-26T16:09:30.190+0000] {dag.py:3047} INFO - Sync 1 DAGs
[2024-02-26T16:09:30.198+0000] {logging_mixin.py:188} INFO - [2024-02-26T16:09:30.197+0000] {dag.py:3834} INFO - Setting next_dagrun for tutorial_taskflow_api to None, run_after=None
[2024-02-26T16:09:30.207+0000] {processor.py:183} INFO - Processing /home/airflow/.local/lib/python3.11/site-packages/airflow/example_dags/tutorial_taskflow_api.py took 0.047 seconds
[2024-02-26T16:10:00.264+0000] {processor.py:161} INFO - Started process (PID=10773) to work on /home/airflow/.local/lib/python3.11/site-packages/airflow/example_dags/tutorial_taskflow_api.py
[2024-02-26T16:10:00.267+0000] {processor.py:830} INFO - Processing file /home/airflow/.local/lib/python3.11/site-packages/airflow/example_dags/tutorial_taskflow_api.py for tasks to queue
[2024-02-26T16:10:00.268+0000] {logging_mixin.py:188} INFO - [2024-02-26T16:10:00.268+0000] {dagbag.py:540} INFO - Filling up the DagBag from /home/airflow/.local/lib/python3.11/site-packages/airflow/example_dags/tutorial_taskflow_api.py
[2024-02-26T16:10:00.275+0000] {processor.py:840} INFO - DAG(s) 'tutorial_taskflow_api' retrieved from /home/airflow/.local/lib/python3.11/site-packages/airflow/example_dags/tutorial_taskflow_api.py
[2024-02-26T16:10:00.293+0000] {logging_mixin.py:188} INFO - [2024-02-26T16:10:00.293+0000] {dag.py:3047} INFO - Sync 1 DAGs
[2024-02-26T16:10:00.302+0000] {logging_mixin.py:188} INFO - [2024-02-26T16:10:00.301+0000] {dag.py:3834} INFO - Setting next_dagrun for tutorial_taskflow_api to None, run_after=None
[2024-02-26T16:10:00.313+0000] {processor.py:183} INFO - Processing /home/airflow/.local/lib/python3.11/site-packages/airflow/example_dags/tutorial_taskflow_api.py took 0.052 seconds
[2024-02-26T16:10:30.412+0000] {processor.py:161} INFO - Started process (PID=11020) to work on /home/airflow/.local/lib/python3.11/site-packages/airflow/example_dags/tutorial_taskflow_api.py
[2024-02-26T16:10:30.414+0000] {processor.py:830} INFO - Processing file /home/airflow/.local/lib/python3.11/site-packages/airflow/example_dags/tutorial_taskflow_api.py for tasks to queue
[2024-02-26T16:10:30.416+0000] {logging_mixin.py:188} INFO - [2024-02-26T16:10:30.415+0000] {dagbag.py:540} INFO - Filling up the DagBag from /home/airflow/.local/lib/python3.11/site-packages/airflow/example_dags/tutorial_taskflow_api.py
[2024-02-26T16:10:30.422+0000] {processor.py:840} INFO - DAG(s) 'tutorial_taskflow_api' retrieved from /home/airflow/.local/lib/python3.11/site-packages/airflow/example_dags/tutorial_taskflow_api.py
[2024-02-26T16:10:30.441+0000] {logging_mixin.py:188} INFO - [2024-02-26T16:10:30.441+0000] {dag.py:3047} INFO - Sync 1 DAGs
[2024-02-26T16:10:30.449+0000] {logging_mixin.py:188} INFO - [2024-02-26T16:10:30.449+0000] {dag.py:3834} INFO - Setting next_dagrun for tutorial_taskflow_api to None, run_after=None
[2024-02-26T16:10:30.461+0000] {processor.py:183} INFO - Processing /home/airflow/.local/lib/python3.11/site-packages/airflow/example_dags/tutorial_taskflow_api.py took 0.052 seconds
[2024-02-26T16:11:00.901+0000] {processor.py:161} INFO - Started process (PID=11269) to work on /home/airflow/.local/lib/python3.11/site-packages/airflow/example_dags/tutorial_taskflow_api.py
[2024-02-26T16:11:00.903+0000] {processor.py:830} INFO - Processing file /home/airflow/.local/lib/python3.11/site-packages/airflow/example_dags/tutorial_taskflow_api.py for tasks to queue
[2024-02-26T16:11:00.905+0000] {logging_mixin.py:188} INFO - [2024-02-26T16:11:00.904+0000] {dagbag.py:540} INFO - Filling up the DagBag from /home/airflow/.local/lib/python3.11/site-packages/airflow/example_dags/tutorial_taskflow_api.py
[2024-02-26T16:11:00.911+0000] {processor.py:840} INFO - DAG(s) 'tutorial_taskflow_api' retrieved from /home/airflow/.local/lib/python3.11/site-packages/airflow/example_dags/tutorial_taskflow_api.py
[2024-02-26T16:11:00.931+0000] {logging_mixin.py:188} INFO - [2024-02-26T16:11:00.930+0000] {dag.py:3047} INFO - Sync 1 DAGs
[2024-02-26T16:11:00.940+0000] {logging_mixin.py:188} INFO - [2024-02-26T16:11:00.940+0000] {dag.py:3834} INFO - Setting next_dagrun for tutorial_taskflow_api to None, run_after=None
[2024-02-26T16:11:00.954+0000] {processor.py:183} INFO - Processing /home/airflow/.local/lib/python3.11/site-packages/airflow/example_dags/tutorial_taskflow_api.py took 0.056 seconds
[2024-02-26T16:11:31.038+0000] {processor.py:161} INFO - Started process (PID=11516) to work on /home/airflow/.local/lib/python3.11/site-packages/airflow/example_dags/tutorial_taskflow_api.py
[2024-02-26T16:11:31.040+0000] {processor.py:830} INFO - Processing file /home/airflow/.local/lib/python3.11/site-packages/airflow/example_dags/tutorial_taskflow_api.py for tasks to queue
[2024-02-26T16:11:31.042+0000] {logging_mixin.py:188} INFO - [2024-02-26T16:11:31.041+0000] {dagbag.py:540} INFO - Filling up the DagBag from /home/airflow/.local/lib/python3.11/site-packages/airflow/example_dags/tutorial_taskflow_api.py
[2024-02-26T16:11:31.048+0000] {processor.py:840} INFO - DAG(s) 'tutorial_taskflow_api' retrieved from /home/airflow/.local/lib/python3.11/site-packages/airflow/example_dags/tutorial_taskflow_api.py
[2024-02-26T16:11:31.068+0000] {logging_mixin.py:188} INFO - [2024-02-26T16:11:31.068+0000] {dag.py:3047} INFO - Sync 1 DAGs
[2024-02-26T16:11:31.078+0000] {logging_mixin.py:188} INFO - [2024-02-26T16:11:31.078+0000] {dag.py:3834} INFO - Setting next_dagrun for tutorial_taskflow_api to None, run_after=None
[2024-02-26T16:11:31.090+0000] {processor.py:183} INFO - Processing /home/airflow/.local/lib/python3.11/site-packages/airflow/example_dags/tutorial_taskflow_api.py took 0.054 seconds
[2024-02-26T16:12:01.197+0000] {processor.py:161} INFO - Started process (PID=11763) to work on /home/airflow/.local/lib/python3.11/site-packages/airflow/example_dags/tutorial_taskflow_api.py
[2024-02-26T16:12:01.199+0000] {processor.py:830} INFO - Processing file /home/airflow/.local/lib/python3.11/site-packages/airflow/example_dags/tutorial_taskflow_api.py for tasks to queue
[2024-02-26T16:12:01.201+0000] {logging_mixin.py:188} INFO - [2024-02-26T16:12:01.200+0000] {dagbag.py:540} INFO - Filling up the DagBag from /home/airflow/.local/lib/python3.11/site-packages/airflow/example_dags/tutorial_taskflow_api.py
[2024-02-26T16:12:01.207+0000] {processor.py:840} INFO - DAG(s) 'tutorial_taskflow_api' retrieved from /home/airflow/.local/lib/python3.11/site-packages/airflow/example_dags/tutorial_taskflow_api.py
[2024-02-26T16:12:01.227+0000] {logging_mixin.py:188} INFO - [2024-02-26T16:12:01.227+0000] {dag.py:3047} INFO - Sync 1 DAGs
[2024-02-26T16:12:01.236+0000] {logging_mixin.py:188} INFO - [2024-02-26T16:12:01.235+0000] {dag.py:3834} INFO - Setting next_dagrun for tutorial_taskflow_api to None, run_after=None
[2024-02-26T16:12:01.247+0000] {processor.py:183} INFO - Processing /home/airflow/.local/lib/python3.11/site-packages/airflow/example_dags/tutorial_taskflow_api.py took 0.053 seconds
[2024-02-26T16:12:31.329+0000] {processor.py:161} INFO - Started process (PID=12009) to work on /home/airflow/.local/lib/python3.11/site-packages/airflow/example_dags/tutorial_taskflow_api.py
[2024-02-26T16:12:31.331+0000] {processor.py:830} INFO - Processing file /home/airflow/.local/lib/python3.11/site-packages/airflow/example_dags/tutorial_taskflow_api.py for tasks to queue
[2024-02-26T16:12:31.332+0000] {logging_mixin.py:188} INFO - [2024-02-26T16:12:31.332+0000] {dagbag.py:540} INFO - Filling up the DagBag from /home/airflow/.local/lib/python3.11/site-packages/airflow/example_dags/tutorial_taskflow_api.py
[2024-02-26T16:12:31.338+0000] {processor.py:840} INFO - DAG(s) 'tutorial_taskflow_api' retrieved from /home/airflow/.local/lib/python3.11/site-packages/airflow/example_dags/tutorial_taskflow_api.py
[2024-02-26T16:12:31.356+0000] {logging_mixin.py:188} INFO - [2024-02-26T16:12:31.356+0000] {dag.py:3047} INFO - Sync 1 DAGs
[2024-02-26T16:12:31.364+0000] {logging_mixin.py:188} INFO - [2024-02-26T16:12:31.364+0000] {dag.py:3834} INFO - Setting next_dagrun for tutorial_taskflow_api to None, run_after=None
[2024-02-26T16:12:31.375+0000] {processor.py:183} INFO - Processing /home/airflow/.local/lib/python3.11/site-packages/airflow/example_dags/tutorial_taskflow_api.py took 0.049 seconds
[2024-02-26T16:13:01.449+0000] {processor.py:161} INFO - Started process (PID=12256) to work on /home/airflow/.local/lib/python3.11/site-packages/airflow/example_dags/tutorial_taskflow_api.py
[2024-02-26T16:13:01.451+0000] {processor.py:830} INFO - Processing file /home/airflow/.local/lib/python3.11/site-packages/airflow/example_dags/tutorial_taskflow_api.py for tasks to queue
[2024-02-26T16:13:01.452+0000] {logging_mixin.py:188} INFO - [2024-02-26T16:13:01.452+0000] {dagbag.py:540} INFO - Filling up the DagBag from /home/airflow/.local/lib/python3.11/site-packages/airflow/example_dags/tutorial_taskflow_api.py
[2024-02-26T16:13:01.458+0000] {processor.py:840} INFO - DAG(s) 'tutorial_taskflow_api' retrieved from /home/airflow/.local/lib/python3.11/site-packages/airflow/example_dags/tutorial_taskflow_api.py
[2024-02-26T16:13:01.477+0000] {logging_mixin.py:188} INFO - [2024-02-26T16:13:01.477+0000] {dag.py:3047} INFO - Sync 1 DAGs
[2024-02-26T16:13:01.486+0000] {logging_mixin.py:188} INFO - [2024-02-26T16:13:01.485+0000] {dag.py:3834} INFO - Setting next_dagrun for tutorial_taskflow_api to None, run_after=None
[2024-02-26T16:13:01.498+0000] {processor.py:183} INFO - Processing /home/airflow/.local/lib/python3.11/site-packages/airflow/example_dags/tutorial_taskflow_api.py took 0.051 seconds
[2024-02-26T16:13:31.553+0000] {processor.py:161} INFO - Started process (PID=12501) to work on /home/airflow/.local/lib/python3.11/site-packages/airflow/example_dags/tutorial_taskflow_api.py
[2024-02-26T16:13:31.554+0000] {processor.py:830} INFO - Processing file /home/airflow/.local/lib/python3.11/site-packages/airflow/example_dags/tutorial_taskflow_api.py for tasks to queue
[2024-02-26T16:13:31.555+0000] {logging_mixin.py:188} INFO - [2024-02-26T16:13:31.555+0000] {dagbag.py:540} INFO - Filling up the DagBag from /home/airflow/.local/lib/python3.11/site-packages/airflow/example_dags/tutorial_taskflow_api.py
[2024-02-26T16:13:31.561+0000] {processor.py:840} INFO - DAG(s) 'tutorial_taskflow_api' retrieved from /home/airflow/.local/lib/python3.11/site-packages/airflow/example_dags/tutorial_taskflow_api.py
[2024-02-26T16:13:31.581+0000] {logging_mixin.py:188} INFO - [2024-02-26T16:13:31.581+0000] {dag.py:3047} INFO - Sync 1 DAGs
[2024-02-26T16:13:31.589+0000] {logging_mixin.py:188} INFO - [2024-02-26T16:13:31.588+0000] {dag.py:3834} INFO - Setting next_dagrun for tutorial_taskflow_api to None, run_after=None
[2024-02-26T16:13:31.598+0000] {processor.py:183} INFO - Processing /home/airflow/.local/lib/python3.11/site-packages/airflow/example_dags/tutorial_taskflow_api.py took 0.049 seconds
[2024-02-26T16:14:02.158+0000] {processor.py:161} INFO - Started process (PID=12750) to work on /home/airflow/.local/lib/python3.11/site-packages/airflow/example_dags/tutorial_taskflow_api.py
[2024-02-26T16:14:02.164+0000] {processor.py:830} INFO - Processing file /home/airflow/.local/lib/python3.11/site-packages/airflow/example_dags/tutorial_taskflow_api.py for tasks to queue
[2024-02-26T16:14:02.166+0000] {logging_mixin.py:188} INFO - [2024-02-26T16:14:02.165+0000] {dagbag.py:540} INFO - Filling up the DagBag from /home/airflow/.local/lib/python3.11/site-packages/airflow/example_dags/tutorial_taskflow_api.py
[2024-02-26T16:14:02.172+0000] {processor.py:840} INFO - DAG(s) 'tutorial_taskflow_api' retrieved from /home/airflow/.local/lib/python3.11/site-packages/airflow/example_dags/tutorial_taskflow_api.py
[2024-02-26T16:14:02.193+0000] {logging_mixin.py:188} INFO - [2024-02-26T16:14:02.193+0000] {dag.py:3047} INFO - Sync 1 DAGs
[2024-02-26T16:14:02.202+0000] {logging_mixin.py:188} INFO - [2024-02-26T16:14:02.202+0000] {dag.py:3834} INFO - Setting next_dagrun for tutorial_taskflow_api to None, run_after=None
[2024-02-26T16:14:02.215+0000] {processor.py:183} INFO - Processing /home/airflow/.local/lib/python3.11/site-packages/airflow/example_dags/tutorial_taskflow_api.py took 0.061 seconds
[2024-02-26T16:14:32.420+0000] {processor.py:161} INFO - Started process (PID=12999) to work on /home/airflow/.local/lib/python3.11/site-packages/airflow/example_dags/tutorial_taskflow_api.py
[2024-02-26T16:14:32.421+0000] {processor.py:830} INFO - Processing file /home/airflow/.local/lib/python3.11/site-packages/airflow/example_dags/tutorial_taskflow_api.py for tasks to queue
[2024-02-26T16:14:32.423+0000] {logging_mixin.py:188} INFO - [2024-02-26T16:14:32.422+0000] {dagbag.py:540} INFO - Filling up the DagBag from /home/airflow/.local/lib/python3.11/site-packages/airflow/example_dags/tutorial_taskflow_api.py
[2024-02-26T16:14:32.430+0000] {processor.py:840} INFO - DAG(s) 'tutorial_taskflow_api' retrieved from /home/airflow/.local/lib/python3.11/site-packages/airflow/example_dags/tutorial_taskflow_api.py
[2024-02-26T16:14:32.451+0000] {logging_mixin.py:188} INFO - [2024-02-26T16:14:32.451+0000] {dag.py:3047} INFO - Sync 1 DAGs
[2024-02-26T16:14:32.461+0000] {logging_mixin.py:188} INFO - [2024-02-26T16:14:32.460+0000] {dag.py:3834} INFO - Setting next_dagrun for tutorial_taskflow_api to None, run_after=None
[2024-02-26T16:14:32.471+0000] {processor.py:183} INFO - Processing /home/airflow/.local/lib/python3.11/site-packages/airflow/example_dags/tutorial_taskflow_api.py took 0.055 seconds
